Command line invocation:
    /Applications/Xcode.app/Contents/Developer/usr/bin/xcodebuild -project Nestopia/Nestopia.xcodeproj -scheme Nestopia -arch arm64 build

Build settings from command line:
    ARCHS = arm64

2026-01-27 18:56:07.891 xcodebuild[91942:1291510] [MT] IDERunDestination: Supported platforms for the buildables in the current scheme is empty.
--- xcodebuild: WARNING: Using the first of multiple matching destinations:
{ platform:macOS, arch:arm64, id:00006001-001A50163A02801E, name:My Mac }
{ platform:macOS, arch:x86_64, id:00006001-001A50163A02801E, name:My Mac }
{ platform:macOS, name:Any Mac }
ComputePackagePrebuildTargetDependencyGraph

Prepare packages

CreateBuildRequest

SendProjectDescription

CreateBuildOperation

ComputeTargetDependencyGraph
note: Building targets in dependency order
note: Target dependency graph (1 target)
    Target 'Nestopia' in project 'Nestopia' (no dependencies)

GatherProvisioningInputs

CreateBuildDescription

ClangStatCache /Applications/Xcode.app/Contents/Developer/Toolchains/XcodeDefault.xctoolchain/usr/bin/clang-stat-cache /Applications/Xcode.app/Contents/Developer/Platforms/MacOSX.platform/Developer/SDKs/MacOSX26.2.sdk /Users/barriesanders/Library/Developer/Xcode/DerivedData/SDKStatCaches.noindex/macosx26.2-25C57-3885c01c3e6b6a337905948deab2002e00fa09913b459cbbc988d1f6730289ae.sdkstatcache
    cd /Users/barriesanders/.gemini/antigravity/scratch/OpenEmu_Port/Nestopia/Nestopia.xcodeproj
    /Applications/Xcode.app/Contents/Developer/Toolchains/XcodeDefault.xctoolchain/usr/bin/clang-stat-cache /Applications/Xcode.app/Contents/Developer/Platforms/MacOSX.platform/Developer/SDKs/MacOSX26.2.sdk -o /Users/barriesanders/Library/Developer/Xcode/DerivedData/SDKStatCaches.noindex/macosx26.2-25C57-3885c01c3e6b6a337905948deab2002e00fa09913b459cbbc988d1f6730289ae.sdkstatcache

/Users/barriesanders/.gemini/antigravity/scratch/OpenEmu_Port/Nestopia/Nestopia.xcodeproj: warning: The macOS deployment target 'MACOSX_DEPLOYMENT_TARGET' is set to 10.11, but the range of supported deployment target versions is 10.13 to 26.2.99. (in target 'Nestopia' from project 'Nestopia')
CompileC /Users/barriesanders/Library/Developer/Xcode/DerivedData/Nestopia-aslfodajikwbhqggflvpsofjqglc/Build/Intermediates.noindex/Nestopia.build/Debug/Nestopia.build/Objects-normal/arm64/NstTracker.o /Users/barriesanders/.gemini/antigravity/scratch/OpenEmu_Port/Nestopia/core/NstTracker.cpp normal arm64 c++ com.apple.compilers.llvm.clang.1_0.compiler (in target 'Nestopia' from project 'Nestopia')
    cd /Users/barriesanders/.gemini/antigravity/scratch/OpenEmu_Port/Nestopia
    
    Using response file: /Users/barriesanders/Library/Developer/Xcode/DerivedData/Nestopia-aslfodajikwbhqggflvpsofjqglc/Build/Intermediates.noindex/Nestopia.build/Debug/Nestopia.build/Objects-normal/arm64/82b82416624d2658e5098eb0a28c15c5-common-args.resp
    
    /Applications/Xcode.app/Contents/Developer/Toolchains/XcodeDefault.xctoolchain/usr/bin/clang -x c++ -ivfsstatcache /Users/barriesanders/Library/Developer/Xcode/DerivedData/SDKStatCaches.noindex/macosx26.2-25C57-3885c01c3e6b6a337905948deab2002e00fa09913b459cbbc988d1f6730289ae.sdkstatcache -fmessage-length\=0 -fdiagnostics-show-note-include-stack -fmacro-backtrace-limit\=0 -fno-color-diagnostics -fmodules-prune-interval\=86400 -fmodules-prune-after\=345600 -fbuild-session-file\=/Users/barriesanders/Library/Developer/Xcode/DerivedData/ModuleCache.noindex/Session.modulevalidation -fmodules-validate-once-per-build-session -Wnon-modular-include-in-framework-module -Werror\=non-modular-include-in-framework-module -Wno-trigraphs -flto -Wno-missing-field-initializers -Wno-missing-prototypes -Wno-non-virtual-dtor -Wno-overloaded-virtual -Wno-exit-time-destructors -Wno-missing-braces -Wparentheses -Wswitch -Wno-unused-function -Wno-unused-label -Wno-unused-parameter -Wunused-variable -Wunused-value -Wno-empty-body -Wno-uninitialized -Wno-unknown-pragmas -Wno-shadow -Wno-four-char-constants -Wno-conversion -Wno-constant-conversion -Wno-int-conversion -Wno-bool-conversion -Wno-enum-conversion -Wno-float-conversion -Wno-non-literal-null-conversion -Wno-objc-literal-conversion -Wshorten-64-to-32 -Wno-newline-eof -Wno-c++11-extensions -Wno-implicit-fallthrough -fstrict-aliasing -Wdeprecated-declarations -Winvalid-offsetof -Wno-sign-conversion -Wno-infinite-recursion -Wno-move -Wno-comma -Wno-block-capture-autoreleasing -Wno-strict-prototypes -Wno-range-loop-analysis -Wno-semicolon-before-method-body -index-store-path /Users/barriesanders/Library/Developer/Xcode/DerivedData/Nestopia-aslfodajikwbhqggflvpsofjqglc/Index.noindex/DataStore -Wno-switch-enum @/Users/barriesanders/Library/Developer/Xcode/DerivedData/Nestopia-aslfodajikwbhqggflvpsofjqglc/Build/Intermediates.noindex/Nestopia.build/Debug/Nestopia.build/Objects-normal/arm64/82b82416624d2658e5098eb0a28c15c5-common-args.resp -MMD -MT dependencies -MF /Users/barriesanders/Library/Developer/Xcode/DerivedData/Nestopia-aslfodajikwbhqggflvpsofjqglc/Build/Intermediates.noindex/Nestopia.build/Debug/Nestopia.build/Objects-normal/arm64/NstTracker.d --serialize-diagnostics /Users/barriesanders/Library/Developer/Xcode/DerivedData/Nestopia-aslfodajikwbhqggflvpsofjqglc/Build/Intermediates.noindex/Nestopia.build/Debug/Nestopia.build/Objects-normal/arm64/NstTracker.dia -c /Users/barriesanders/.gemini/antigravity/scratch/OpenEmu_Port/Nestopia/core/NstTracker.cpp -o /Users/barriesanders/Library/Developer/Xcode/DerivedData/Nestopia-aslfodajikwbhqggflvpsofjqglc/Build/Intermediates.noindex/Nestopia.build/Debug/Nestopia.build/Objects-normal/arm64/NstTracker.o -index-unit-output-path /Nestopia.build/Debug/Nestopia.build/Objects-normal/arm64/NstTracker.o

CompileC /Users/barriesanders/Library/Developer/Xcode/DerivedData/Nestopia-aslfodajikwbhqggflvpsofjqglc/Build/Intermediates.noindex/Nestopia.build/Debug/Nestopia.build/Objects-normal/arm64/NstStream.o /Users/barriesanders/.gemini/antigravity/scratch/OpenEmu_Port/Nestopia/core/NstStream.cpp normal arm64 c++ com.apple.compilers.llvm.clang.1_0.compiler (in target 'Nestopia' from project 'Nestopia')
    cd /Users/barriesanders/.gemini/antigravity/scratch/OpenEmu_Port/Nestopia
    
    Using response file: /Users/barriesanders/Library/Developer/Xcode/DerivedData/Nestopia-aslfodajikwbhqggflvpsofjqglc/Build/Intermediates.noindex/Nestopia.build/Debug/Nestopia.build/Objects-normal/arm64/82b82416624d2658e5098eb0a28c15c5-common-args.resp
    
    /Applications/Xcode.app/Contents/Developer/Toolchains/XcodeDefault.xctoolchain/usr/bin/clang -x c++ -ivfsstatcache /Users/barriesanders/Library/Developer/Xcode/DerivedData/SDKStatCaches.noindex/macosx26.2-25C57-3885c01c3e6b6a337905948deab2002e00fa09913b459cbbc988d1f6730289ae.sdkstatcache -fmessage-length\=0 -fdiagnostics-show-note-include-stack -fmacro-backtrace-limit\=0 -fno-color-diagnostics -fmodules-prune-interval\=86400 -fmodules-prune-after\=345600 -fbuild-session-file\=/Users/barriesanders/Library/Developer/Xcode/DerivedData/ModuleCache.noindex/Session.modulevalidation -fmodules-validate-once-per-build-session -Wnon-modular-include-in-framework-module -Werror\=non-modular-include-in-framework-module -Wno-trigraphs -flto -Wno-missing-field-initializers -Wno-missing-prototypes -Wno-non-virtual-dtor -Wno-overloaded-virtual -Wno-exit-time-destructors -Wno-missing-braces -Wparentheses -Wswitch -Wno-unused-function -Wno-unused-label -Wno-unused-parameter -Wunused-variable -Wunused-value -Wno-empty-body -Wno-uninitialized -Wno-unknown-pragmas -Wno-shadow -Wno-four-char-constants -Wno-conversion -Wno-constant-conversion -Wno-int-conversion -Wno-bool-conversion -Wno-enum-conversion -Wno-float-conversion -Wno-non-literal-null-conversion -Wno-objc-literal-conversion -Wshorten-64-to-32 -Wno-newline-eof -Wno-c++11-extensions -Wno-implicit-fallthrough -fstrict-aliasing -Wdeprecated-declarations -Winvalid-offsetof -Wno-sign-conversion -Wno-infinite-recursion -Wno-move -Wno-comma -Wno-block-capture-autoreleasing -Wno-strict-prototypes -Wno-range-loop-analysis -Wno-semicolon-before-method-body -index-store-path /Users/barriesanders/Library/Developer/Xcode/DerivedData/Nestopia-aslfodajikwbhqggflvpsofjqglc/Index.noindex/DataStore -Wno-switch-enum @/Users/barriesanders/Library/Developer/Xcode/DerivedData/Nestopia-aslfodajikwbhqggflvpsofjqglc/Build/Intermediates.noindex/Nestopia.build/Debug/Nestopia.build/Objects-normal/arm64/82b82416624d2658e5098eb0a28c15c5-common-args.resp -MMD -MT dependencies -MF /Users/barriesanders/Library/Developer/Xcode/DerivedData/Nestopia-aslfodajikwbhqggflvpsofjqglc/Build/Intermediates.noindex/Nestopia.build/Debug/Nestopia.build/Objects-normal/arm64/NstStream.d --serialize-diagnostics /Users/barriesanders/Library/Developer/Xcode/DerivedData/Nestopia-aslfodajikwbhqggflvpsofjqglc/Build/Intermediates.noindex/Nestopia.build/Debug/Nestopia.build/Objects-normal/arm64/NstStream.dia -c /Users/barriesanders/.gemini/antigravity/scratch/OpenEmu_Port/Nestopia/core/NstStream.cpp -o /Users/barriesanders/Library/Developer/Xcode/DerivedData/Nestopia-aslfodajikwbhqggflvpsofjqglc/Build/Intermediates.noindex/Nestopia.build/Debug/Nestopia.build/Objects-normal/arm64/NstStream.o -index-unit-output-path /Nestopia.build/Debug/Nestopia.build/Objects-normal/arm64/NstStream.o

CompileC /Users/barriesanders/Library/Developer/Xcode/DerivedData/Nestopia-aslfodajikwbhqggflvpsofjqglc/Build/Intermediates.noindex/Nestopia.build/Debug/Nestopia.build/Objects-normal/arm64/NstTrackerRewinder.o /Users/barriesanders/.gemini/antigravity/scratch/OpenEmu_Port/Nestopia/core/NstTrackerRewinder.cpp normal arm64 c++ com.apple.compilers.llvm.clang.1_0.compiler (in target 'Nestopia' from project 'Nestopia')
    cd /Users/barriesanders/.gemini/antigravity/scratch/OpenEmu_Port/Nestopia
    
    Using response file: /Users/barriesanders/Library/Developer/Xcode/DerivedData/Nestopia-aslfodajikwbhqggflvpsofjqglc/Build/Intermediates.noindex/Nestopia.build/Debug/Nestopia.build/Objects-normal/arm64/82b82416624d2658e5098eb0a28c15c5-common-args.resp
    
    /Applications/Xcode.app/Contents/Developer/Toolchains/XcodeDefault.xctoolchain/usr/bin/clang -x c++ -ivfsstatcache /Users/barriesanders/Library/Developer/Xcode/DerivedData/SDKStatCaches.noindex/macosx26.2-25C57-3885c01c3e6b6a337905948deab2002e00fa09913b459cbbc988d1f6730289ae.sdkstatcache -fmessage-length\=0 -fdiagnostics-show-note-include-stack -fmacro-backtrace-limit\=0 -fno-color-diagnostics -fmodules-prune-interval\=86400 -fmodules-prune-after\=345600 -fbuild-session-file\=/Users/barriesanders/Library/Developer/Xcode/DerivedData/ModuleCache.noindex/Session.modulevalidation -fmodules-validate-once-per-build-session -Wnon-modular-include-in-framework-module -Werror\=non-modular-include-in-framework-module -Wno-trigraphs -flto -Wno-missing-field-initializers -Wno-missing-prototypes -Wno-non-virtual-dtor -Wno-overloaded-virtual -Wno-exit-time-destructors -Wno-missing-braces -Wparentheses -Wswitch -Wno-unused-function -Wno-unused-label -Wno-unused-parameter -Wunused-variable -Wunused-value -Wno-empty-body -Wno-uninitialized -Wno-unknown-pragmas -Wno-shadow -Wno-four-char-constants -Wno-conversion -Wno-constant-conversion -Wno-int-conversion -Wno-bool-conversion -Wno-enum-conversion -Wno-float-conversion -Wno-non-literal-null-conversion -Wno-objc-literal-conversion -Wshorten-64-to-32 -Wno-newline-eof -Wno-c++11-extensions -Wno-implicit-fallthrough -fstrict-aliasing -Wdeprecated-declarations -Winvalid-offsetof -Wno-sign-conversion -Wno-infinite-recursion -Wno-move -Wno-comma -Wno-block-capture-autoreleasing -Wno-strict-prototypes -Wno-range-loop-analysis -Wno-semicolon-before-method-body -index-store-path /Users/barriesanders/Library/Developer/Xcode/DerivedData/Nestopia-aslfodajikwbhqggflvpsofjqglc/Index.noindex/DataStore -Wno-switch-enum @/Users/barriesanders/Library/Developer/Xcode/DerivedData/Nestopia-aslfodajikwbhqggflvpsofjqglc/Build/Intermediates.noindex/Nestopia.build/Debug/Nestopia.build/Objects-normal/arm64/82b82416624d2658e5098eb0a28c15c5-common-args.resp -MMD -MT dependencies -MF /Users/barriesanders/Library/Developer/Xcode/DerivedData/Nestopia-aslfodajikwbhqggflvpsofjqglc/Build/Intermediates.noindex/Nestopia.build/Debug/Nestopia.build/Objects-normal/arm64/NstTrackerRewinder.d --serialize-diagnostics /Users/barriesanders/Library/Developer/Xcode/DerivedData/Nestopia-aslfodajikwbhqggflvpsofjqglc/Build/Intermediates.noindex/Nestopia.build/Debug/Nestopia.build/Objects-normal/arm64/NstTrackerRewinder.dia -c /Users/barriesanders/.gemini/antigravity/scratch/OpenEmu_Port/Nestopia/core/NstTrackerRewinder.cpp -o /Users/barriesanders/Library/Developer/Xcode/DerivedData/Nestopia-aslfodajikwbhqggflvpsofjqglc/Build/Intermediates.noindex/Nestopia.build/Debug/Nestopia.build/Objects-normal/arm64/NstTrackerRewinder.o -index-unit-output-path /Nestopia.build/Debug/Nestopia.build/Objects-normal/arm64/NstTrackerRewinder.o
/Users/barriesanders/.gemini/antigravity/scratch/OpenEmu_Port/Nestopia/core/NstTrackerRewinder.cpp:331:29: warning: implicit conversion loses integer precision: 'ulong' (aka 'unsigned long') to 'const dword' (aka 'const unsigned int') [-Wshorten-64-to-32]
  331 |                                         if (const dword size = Zlib::Compress( buffer.Begin(), buffer.Size(), tmp.Begin(), tmp.Size(), Zlib::NORMAL_COMPRESSION ))
      |                                                         ~~~~   ^~~~~~~~~~~~~~~~~~~~~~~~~~~~~~~~~~~~~~~~~~~~~~~~~~~~~~~~~~~~~~~~~~~~~~~~~~~~~~~~~~~~~~~~~~~~~~~~~~
/Users/barriesanders/.gemini/antigravity/scratch/OpenEmu_Port/Nestopia/core/NstTrackerRewinder.cpp:359:12: warning: implicit conversion loses integer precision: 'ulong' (aka 'unsigned long') to 'dword' (aka 'unsigned int') [-Wshorten-64-to-32]
  359 |                                 size = Zlib::Uncompress( buffer.Begin(), buffer.Size(), tmp.Begin(), tmp.Size() );
      |                                      ~ ^~~~~~~~~~~~~~~~~~~~~~~~~~~~~~~~~~~~~~~~~~~~~~~~~~~~~~~~~~~~~~~~~~~~~~~~~~

CompileC /Users/barriesanders/Library/Developer/Xcode/DerivedData/Nestopia-aslfodajikwbhqggflvpsofjqglc/Build/Intermediates.noindex/Nestopia.build/Debug/Nestopia.build/Objects-normal/arm64/NstNsf.o /Users/barriesanders/.gemini/antigravity/scratch/OpenEmu_Port/Nestopia/core/NstNsf.cpp normal arm64 c++ com.apple.compilers.llvm.clang.1_0.compiler (in target 'Nestopia' from project 'Nestopia')
    cd /Users/barriesanders/.gemini/antigravity/scratch/OpenEmu_Port/Nestopia
    
    Using response file: /Users/barriesanders/Library/Developer/Xcode/DerivedData/Nestopia-aslfodajikwbhqggflvpsofjqglc/Build/Intermediates.noindex/Nestopia.build/Debug/Nestopia.build/Objects-normal/arm64/82b82416624d2658e5098eb0a28c15c5-common-args.resp
    
    /Applications/Xcode.app/Contents/Developer/Toolchains/XcodeDefault.xctoolchain/usr/bin/clang -x c++ -ivfsstatcache /Users/barriesanders/Library/Developer/Xcode/DerivedData/SDKStatCaches.noindex/macosx26.2-25C57-3885c01c3e6b6a337905948deab2002e00fa09913b459cbbc988d1f6730289ae.sdkstatcache -fmessage-length\=0 -fdiagnostics-show-note-include-stack -fmacro-backtrace-limit\=0 -fno-color-diagnostics -fmodules-prune-interval\=86400 -fmodules-prune-after\=345600 -fbuild-session-file\=/Users/barriesanders/Library/Developer/Xcode/DerivedData/ModuleCache.noindex/Session.modulevalidation -fmodules-validate-once-per-build-session -Wnon-modular-include-in-framework-module -Werror\=non-modular-include-in-framework-module -Wno-trigraphs -flto -Wno-missing-field-initializers -Wno-missing-prototypes -Wno-non-virtual-dtor -Wno-overloaded-virtual -Wno-exit-time-destructors -Wno-missing-braces -Wparentheses -Wswitch -Wno-unused-function -Wno-unused-label -Wno-unused-parameter -Wunused-variable -Wunused-value -Wno-empty-body -Wno-uninitialized -Wno-unknown-pragmas -Wno-shadow -Wno-four-char-constants -Wno-conversion -Wno-constant-conversion -Wno-int-conversion -Wno-bool-conversion -Wno-enum-conversion -Wno-float-conversion -Wno-non-literal-null-conversion -Wno-objc-literal-conversion -Wshorten-64-to-32 -Wno-newline-eof -Wno-c++11-extensions -Wno-implicit-fallthrough -fstrict-aliasing -Wdeprecated-declarations -Winvalid-offsetof -Wno-sign-conversion -Wno-infinite-recursion -Wno-move -Wno-comma -Wno-block-capture-autoreleasing -Wno-strict-prototypes -Wno-range-loop-analysis -Wno-semicolon-before-method-body -index-store-path /Users/barriesanders/Library/Developer/Xcode/DerivedData/Nestopia-aslfodajikwbhqggflvpsofjqglc/Index.noindex/DataStore -Wno-switch-enum @/Users/barriesanders/Library/Developer/Xcode/DerivedData/Nestopia-aslfodajikwbhqggflvpsofjqglc/Build/Intermediates.noindex/Nestopia.build/Debug/Nestopia.build/Objects-normal/arm64/82b82416624d2658e5098eb0a28c15c5-common-args.resp -MMD -MT dependencies -MF /Users/barriesanders/Library/Developer/Xcode/DerivedData/Nestopia-aslfodajikwbhqggflvpsofjqglc/Build/Intermediates.noindex/Nestopia.build/Debug/Nestopia.build/Objects-normal/arm64/NstNsf.d --serialize-diagnostics /Users/barriesanders/Library/Developer/Xcode/DerivedData/Nestopia-aslfodajikwbhqggflvpsofjqglc/Build/Intermediates.noindex/Nestopia.build/Debug/Nestopia.build/Objects-normal/arm64/NstNsf.dia -c /Users/barriesanders/.gemini/antigravity/scratch/OpenEmu_Port/Nestopia/core/NstNsf.cpp -o /Users/barriesanders/Library/Developer/Xcode/DerivedData/Nestopia-aslfodajikwbhqggflvpsofjqglc/Build/Intermediates.noindex/Nestopia.build/Debug/Nestopia.build/Objects-normal/arm64/NstNsf.o -index-unit-output-path /Nestopia.build/Debug/Nestopia.build/Objects-normal/arm64/NstNsf.o

CompileC /Users/barriesanders/Library/Developer/Xcode/DerivedData/Nestopia-aslfodajikwbhqggflvpsofjqglc/Build/Intermediates.noindex/Nestopia.build/Debug/Nestopia.build/Objects-normal/arm64/NstMachine.o /Users/barriesanders/.gemini/antigravity/scratch/OpenEmu_Port/Nestopia/core/NstMachine.cpp normal arm64 c++ com.apple.compilers.llvm.clang.1_0.compiler (in target 'Nestopia' from project 'Nestopia')
    cd /Users/barriesanders/.gemini/antigravity/scratch/OpenEmu_Port/Nestopia
    
    Using response file: /Users/barriesanders/Library/Developer/Xcode/DerivedData/Nestopia-aslfodajikwbhqggflvpsofjqglc/Build/Intermediates.noindex/Nestopia.build/Debug/Nestopia.build/Objects-normal/arm64/82b82416624d2658e5098eb0a28c15c5-common-args.resp
    
    /Applications/Xcode.app/Contents/Developer/Toolchains/XcodeDefault.xctoolchain/usr/bin/clang -x c++ -ivfsstatcache /Users/barriesanders/Library/Developer/Xcode/DerivedData/SDKStatCaches.noindex/macosx26.2-25C57-3885c01c3e6b6a337905948deab2002e00fa09913b459cbbc988d1f6730289ae.sdkstatcache -fmessage-length\=0 -fdiagnostics-show-note-include-stack -fmacro-backtrace-limit\=0 -fno-color-diagnostics -fmodules-prune-interval\=86400 -fmodules-prune-after\=345600 -fbuild-session-file\=/Users/barriesanders/Library/Developer/Xcode/DerivedData/ModuleCache.noindex/Session.modulevalidation -fmodules-validate-once-per-build-session -Wnon-modular-include-in-framework-module -Werror\=non-modular-include-in-framework-module -Wno-trigraphs -flto -Wno-missing-field-initializers -Wno-missing-prototypes -Wno-non-virtual-dtor -Wno-overloaded-virtual -Wno-exit-time-destructors -Wno-missing-braces -Wparentheses -Wswitch -Wno-unused-function -Wno-unused-label -Wno-unused-parameter -Wunused-variable -Wunused-value -Wno-empty-body -Wno-uninitialized -Wno-unknown-pragmas -Wno-shadow -Wno-four-char-constants -Wno-conversion -Wno-constant-conversion -Wno-int-conversion -Wno-bool-conversion -Wno-enum-conversion -Wno-float-conversion -Wno-non-literal-null-conversion -Wno-objc-literal-conversion -Wshorten-64-to-32 -Wno-newline-eof -Wno-c++11-extensions -Wno-implicit-fallthrough -fstrict-aliasing -Wdeprecated-declarations -Winvalid-offsetof -Wno-sign-conversion -Wno-infinite-recursion -Wno-move -Wno-comma -Wno-block-capture-autoreleasing -Wno-strict-prototypes -Wno-range-loop-analysis -Wno-semicolon-before-method-body -index-store-path /Users/barriesanders/Library/Developer/Xcode/DerivedData/Nestopia-aslfodajikwbhqggflvpsofjqglc/Index.noindex/DataStore -Wno-switch-enum @/Users/barriesanders/Library/Developer/Xcode/DerivedData/Nestopia-aslfodajikwbhqggflvpsofjqglc/Build/Intermediates.noindex/Nestopia.build/Debug/Nestopia.build/Objects-normal/arm64/82b82416624d2658e5098eb0a28c15c5-common-args.resp -MMD -MT dependencies -MF /Users/barriesanders/Library/Developer/Xcode/DerivedData/Nestopia-aslfodajikwbhqggflvpsofjqglc/Build/Intermediates.noindex/Nestopia.build/Debug/Nestopia.build/Objects-normal/arm64/NstMachine.d --serialize-diagnostics /Users/barriesanders/Library/Developer/Xcode/DerivedData/Nestopia-aslfodajikwbhqggflvpsofjqglc/Build/Intermediates.noindex/Nestopia.build/Debug/Nestopia.build/Objects-normal/arm64/NstMachine.dia -c /Users/barriesanders/.gemini/antigravity/scratch/OpenEmu_Port/Nestopia/core/NstMachine.cpp -o /Users/barriesanders/Library/Developer/Xcode/DerivedData/Nestopia-aslfodajikwbhqggflvpsofjqglc/Build/Intermediates.noindex/Nestopia.build/Debug/Nestopia.build/Objects-normal/arm64/NstMachine.o -index-unit-output-path /Nestopia.build/Debug/Nestopia.build/Objects-normal/arm64/NstMachine.o

CompileC /Users/barriesanders/Library/Developer/Xcode/DerivedData/Nestopia-aslfodajikwbhqggflvpsofjqglc/Build/Intermediates.noindex/Nestopia.build/Debug/Nestopia.build/Objects-normal/arm64/NstLog.o /Users/barriesanders/.gemini/antigravity/scratch/OpenEmu_Port/Nestopia/core/NstLog.cpp normal arm64 c++ com.apple.compilers.llvm.clang.1_0.compiler (in target 'Nestopia' from project 'Nestopia')
    cd /Users/barriesanders/.gemini/antigravity/scratch/OpenEmu_Port/Nestopia
    
    Using response file: /Users/barriesanders/Library/Developer/Xcode/DerivedData/Nestopia-aslfodajikwbhqggflvpsofjqglc/Build/Intermediates.noindex/Nestopia.build/Debug/Nestopia.build/Objects-normal/arm64/82b82416624d2658e5098eb0a28c15c5-common-args.resp
    
    /Applications/Xcode.app/Contents/Developer/Toolchains/XcodeDefault.xctoolchain/usr/bin/clang -x c++ -ivfsstatcache /Users/barriesanders/Library/Developer/Xcode/DerivedData/SDKStatCaches.noindex/macosx26.2-25C57-3885c01c3e6b6a337905948deab2002e00fa09913b459cbbc988d1f6730289ae.sdkstatcache -fmessage-length\=0 -fdiagnostics-show-note-include-stack -fmacro-backtrace-limit\=0 -fno-color-diagnostics -fmodules-prune-interval\=86400 -fmodules-prune-after\=345600 -fbuild-session-file\=/Users/barriesanders/Library/Developer/Xcode/DerivedData/ModuleCache.noindex/Session.modulevalidation -fmodules-validate-once-per-build-session -Wnon-modular-include-in-framework-module -Werror\=non-modular-include-in-framework-module -Wno-trigraphs -flto -Wno-missing-field-initializers -Wno-missing-prototypes -Wno-non-virtual-dtor -Wno-overloaded-virtual -Wno-exit-time-destructors -Wno-missing-braces -Wparentheses -Wswitch -Wno-unused-function -Wno-unused-label -Wno-unused-parameter -Wunused-variable -Wunused-value -Wno-empty-body -Wno-uninitialized -Wno-unknown-pragmas -Wno-shadow -Wno-four-char-constants -Wno-conversion -Wno-constant-conversion -Wno-int-conversion -Wno-bool-conversion -Wno-enum-conversion -Wno-float-conversion -Wno-non-literal-null-conversion -Wno-objc-literal-conversion -Wshorten-64-to-32 -Wno-newline-eof -Wno-c++11-extensions -Wno-implicit-fallthrough -fstrict-aliasing -Wdeprecated-declarations -Winvalid-offsetof -Wno-sign-conversion -Wno-infinite-recursion -Wno-move -Wno-comma -Wno-block-capture-autoreleasing -Wno-strict-prototypes -Wno-range-loop-analysis -Wno-semicolon-before-method-body -index-store-path /Users/barriesanders/Library/Developer/Xcode/DerivedData/Nestopia-aslfodajikwbhqggflvpsofjqglc/Index.noindex/DataStore -Wno-switch-enum @/Users/barriesanders/Library/Developer/Xcode/DerivedData/Nestopia-aslfodajikwbhqggflvpsofjqglc/Build/Intermediates.noindex/Nestopia.build/Debug/Nestopia.build/Objects-normal/arm64/82b82416624d2658e5098eb0a28c15c5-common-args.resp -MMD -MT dependencies -MF /Users/barriesanders/Library/Developer/Xcode/DerivedData/Nestopia-aslfodajikwbhqggflvpsofjqglc/Build/Intermediates.noindex/Nestopia.build/Debug/Nestopia.build/Objects-normal/arm64/NstLog.d --serialize-diagnostics /Users/barriesanders/Library/Developer/Xcode/DerivedData/Nestopia-aslfodajikwbhqggflvpsofjqglc/Build/Intermediates.noindex/Nestopia.build/Debug/Nestopia.build/Objects-normal/arm64/NstLog.dia -c /Users/barriesanders/.gemini/antigravity/scratch/OpenEmu_Port/Nestopia/core/NstLog.cpp -o /Users/barriesanders/Library/Developer/Xcode/DerivedData/Nestopia-aslfodajikwbhqggflvpsofjqglc/Build/Intermediates.noindex/Nestopia.build/Debug/Nestopia.build/Objects-normal/arm64/NstLog.o -index-unit-output-path /Nestopia.build/Debug/Nestopia.build/Objects-normal/arm64/NstLog.o
/Users/barriesanders/.gemini/antigravity/scratch/OpenEmu_Port/Nestopia/core/NstLog.cpp:79:29: warning: 'sprintf' is deprecated: This function is provided for compatibility reasons only.  Due to security concerns inherent in the design of sprintf(3), it is highly recommended that you use snprintf(3) instead. [-Wdeprecated-declarations]
   79 |                                 const int length = std::sprintf( buffer, "%li", value );
      |                                                         ^
In file included from /Users/barriesanders/.gemini/antigravity/scratch/OpenEmu_Port/Nestopia/core/NstLog.cpp:25:
In file included from /Applications/Xcode.app/Contents/Developer/Platforms/MacOSX.platform/Developer/SDKs/MacOSX26.2.sdk/usr/include/c++/v1/cstdio:104:
In file included from /Applications/Xcode.app/Contents/Developer/Platforms/MacOSX.platform/Developer/SDKs/MacOSX26.2.sdk/usr/include/c++/v1/stdio.h:103:
In file included from /Applications/Xcode.app/Contents/Developer/Platforms/MacOSX.platform/Developer/SDKs/MacOSX26.2.sdk/usr/include/stdio.h:61:
/Applications/Xcode.app/Contents/Developer/Platforms/MacOSX.platform/Developer/SDKs/MacOSX26.2.sdk/usr/include/_stdio.h:278:1: note: 'sprintf' has been explicitly marked deprecated here
  278 | __deprecated_msg("This function is provided for compatibility reasons only.  Due to security concerns inherent in the design of sprintf(3), it is highly recommended that you use snprintf(3) instead.")
      | ^
In file included from /Users/barriesanders/.gemini/antigravity/scratch/OpenEmu_Port/Nestopia/core/NstLog.cpp:25:
In file included from /Applications/Xcode.app/Contents/Developer/Platforms/MacOSX.platform/Developer/SDKs/MacOSX26.2.sdk/usr/include/c++/v1/cstdio:104:
In file included from /Applications/Xcode.app/Contents/Developer/Platforms/MacOSX.platform/Developer/SDKs/MacOSX26.2.sdk/usr/include/c++/v1/stdio.h:103:
In file included from /Applications/Xcode.app/Contents/Developer/Platforms/MacOSX.platform/Developer/SDKs/MacOSX26.2.sdk/usr/include/stdio.h:61:
In file included from /Applications/Xcode.app/Contents/Developer/Platforms/MacOSX.platform/Developer/SDKs/MacOSX26.2.sdk/usr/include/_stdio.h:69:
In file included from /Applications/Xcode.app/Contents/Developer/Platforms/MacOSX.platform/Developer/SDKs/MacOSX26.2.sdk/usr/include/_bounds.h:27:
/Applications/Xcode.app/Contents/Developer/Platforms/MacOSX.platform/Developer/SDKs/MacOSX26.2.sdk/usr/include/sys/cdefs.h:227:48: note: expanded from macro '__deprecated_msg'
  227 |         #define __deprecated_msg(_msg) __attribute__((__deprecated__(_msg)))
      |                                                       ^
/Users/barriesanders/.gemini/antigravity/scratch/OpenEmu_Port/Nestopia/core/NstLog.cpp:95:29: warning: 'sprintf' is deprecated: This function is provided for compatibility reasons only.  Due to security concerns inherent in the design of sprintf(3), it is highly recommended that you use snprintf(3) instead. [-Wdeprecated-declarations]
   95 |                                 const int length = std::sprintf( buffer, "%lu", value );
      |                                                         ^
In file included from /Users/barriesanders/.gemini/antigravity/scratch/OpenEmu_Port/Nestopia/core/NstLog.cpp:25:
In file included from /Applications/Xcode.app/Contents/Developer/Platforms/MacOSX.platform/Developer/SDKs/MacOSX26.2.sdk/usr/include/c++/v1/cstdio:104:
In file included from /Applications/Xcode.app/Contents/Developer/Platforms/MacOSX.platform/Developer/SDKs/MacOSX26.2.sdk/usr/include/c++/v1/stdio.h:103:
In file included from /Applications/Xcode.app/Contents/Developer/Platforms/MacOSX.platform/Developer/SDKs/MacOSX26.2.sdk/usr/include/stdio.h:61:
/Applications/Xcode.app/Contents/Developer/Platforms/MacOSX.platform/Developer/SDKs/MacOSX26.2.sdk/usr/include/_stdio.h:278:1: note: 'sprintf' has been explicitly marked deprecated here
  278 | __deprecated_msg("This function is provided for compatibility reasons only.  Due to security concerns inherent in the design of sprintf(3), it is highly recommended that you use snprintf(3) instead.")
      | ^
In file included from /Users/barriesanders/.gemini/antigravity/scratch/OpenEmu_Port/Nestopia/core/NstLog.cpp:25:
In file included from /Applications/Xcode.app/Contents/Developer/Platforms/MacOSX.platform/Developer/SDKs/MacOSX26.2.sdk/usr/include/c++/v1/cstdio:104:
In file included from /Applications/Xcode.app/Contents/Developer/Platforms/MacOSX.platform/Developer/SDKs/MacOSX26.2.sdk/usr/include/c++/v1/stdio.h:103:
In file included from /Applications/Xcode.app/Contents/Developer/Platforms/MacOSX.platform/Developer/SDKs/MacOSX26.2.sdk/usr/include/stdio.h:61:
In file included from /Applications/Xcode.app/Contents/Developer/Platforms/MacOSX.platform/Developer/SDKs/MacOSX26.2.sdk/usr/include/_stdio.h:69:
In file included from /Applications/Xcode.app/Contents/Developer/Platforms/MacOSX.platform/Developer/SDKs/MacOSX26.2.sdk/usr/include/_bounds.h:27:
/Applications/Xcode.app/Contents/Developer/Platforms/MacOSX.platform/Developer/SDKs/MacOSX26.2.sdk/usr/include/sys/cdefs.h:227:48: note: expanded from macro '__deprecated_msg'
  227 |         #define __deprecated_msg(_msg) __attribute__((__deprecated__(_msg)))
      |                                                       ^
/Users/barriesanders/.gemini/antigravity/scratch/OpenEmu_Port/Nestopia/core/NstLog.cpp:115:29: warning: 'sprintf' is deprecated: This function is provided for compatibility reasons only.  Due to security concerns inherent in the design of sprintf(3), it is highly recommended that you use snprintf(3) instead. [-Wdeprecated-declarations]
  115 |                                 const int length = std::sprintf( buffer, "%lli", value );
      |                                                         ^
In file included from /Users/barriesanders/.gemini/antigravity/scratch/OpenEmu_Port/Nestopia/core/NstLog.cpp:25:
In file included from /Applications/Xcode.app/Contents/Developer/Platforms/MacOSX.platform/Developer/SDKs/MacOSX26.2.sdk/usr/include/c++/v1/cstdio:104:
In file included from /Applications/Xcode.app/Contents/Developer/Platforms/MacOSX.platform/Developer/SDKs/MacOSX26.2.sdk/usr/include/c++/v1/stdio.h:103:
In file included from /Applications/Xcode.app/Contents/Developer/Platforms/MacOSX.platform/Developer/SDKs/MacOSX26.2.sdk/usr/include/stdio.h:61:
/Applications/Xcode.app/Contents/Developer/Platforms/MacOSX.platform/Developer/SDKs/MacOSX26.2.sdk/usr/include/_stdio.h:278:1: note: 'sprintf' has been explicitly marked deprecated here
  278 | __deprecated_msg("This function is provided for compatibility reasons only.  Due to security concerns inherent in the design of sprintf(3), it is highly recommended that you use snprintf(3) instead.")
      | ^
In file included from /Users/barriesanders/.gemini/antigravity/scratch/OpenEmu_Port/Nestopia/core/NstLog.cpp:25:
In file included from /Applications/Xcode.app/Contents/Developer/Platforms/MacOSX.platform/Developer/SDKs/MacOSX26.2.sdk/usr/include/c++/v1/cstdio:104:
In file included from /Applications/Xcode.app/Contents/Developer/Platforms/MacOSX.platform/Developer/SDKs/MacOSX26.2.sdk/usr/include/c++/v1/stdio.h:103:
In file included from /Applications/Xcode.app/Contents/Developer/Platforms/MacOSX.platform/Developer/SDKs/MacOSX26.2.sdk/usr/include/stdio.h:61:
In file included from /Applications/Xcode.app/Contents/Developer/Platforms/MacOSX.platform/Developer/SDKs/MacOSX26.2.sdk/usr/include/_stdio.h:69:
In file included from /Applications/Xcode.app/Contents/Developer/Platforms/MacOSX.platform/Developer/SDKs/MacOSX26.2.sdk/usr/include/_bounds.h:27:
/Applications/Xcode.app/Contents/Developer/Platforms/MacOSX.platform/Developer/SDKs/MacOSX26.2.sdk/usr/include/sys/cdefs.h:227:48: note: expanded from macro '__deprecated_msg'
  227 |         #define __deprecated_msg(_msg) __attribute__((__deprecated__(_msg)))
      |                                                       ^
/Users/barriesanders/.gemini/antigravity/scratch/OpenEmu_Port/Nestopia/core/NstLog.cpp:136:29: warning: 'sprintf' is deprecated: This function is provided for compatibility reasons only.  Due to security concerns inherent in the design of sprintf(3), it is highly recommended that you use snprintf(3) instead. [-Wdeprecated-declarations]
  136 |                                 const int length = std::sprintf( buffer, "%llu", value );
      |                                                         ^
In file included from /Users/barriesanders/.gemini/antigravity/scratch/OpenEmu_Port/Nestopia/core/NstLog.cpp:25:
In file included from /Applications/Xcode.app/Contents/Developer/Platforms/MacOSX.platform/Developer/SDKs/MacOSX26.2.sdk/usr/include/c++/v1/cstdio:104:
In file included from /Applications/Xcode.app/Contents/Developer/Platforms/MacOSX.platform/Developer/SDKs/MacOSX26.2.sdk/usr/include/c++/v1/stdio.h:103:
In file included from /Applications/Xcode.app/Contents/Developer/Platforms/MacOSX.platform/Developer/SDKs/MacOSX26.2.sdk/usr/include/stdio.h:61:
/Applications/Xcode.app/Contents/Developer/Platforms/MacOSX.platform/Developer/SDKs/MacOSX26.2.sdk/usr/include/_stdio.h:278:1: note: 'sprintf' has been explicitly marked deprecated here
  278 | __deprecated_msg("This function is provided for compatibility reasons only.  Due to security concerns inherent in the design of sprintf(3), it is highly recommended that you use snprintf(3) instead.")
      | ^
In file included from /Users/barriesanders/.gemini/antigravity/scratch/OpenEmu_Port/Nestopia/core/NstLog.cpp:25:
In file included from /Applications/Xcode.app/Contents/Developer/Platforms/MacOSX.platform/Developer/SDKs/MacOSX26.2.sdk/usr/include/c++/v1/cstdio:104:
In file included from /Applications/Xcode.app/Contents/Developer/Platforms/MacOSX.platform/Developer/SDKs/MacOSX26.2.sdk/usr/include/c++/v1/stdio.h:103:
In file included from /Applications/Xcode.app/Contents/Developer/Platforms/MacOSX.platform/Developer/SDKs/MacOSX26.2.sdk/usr/include/stdio.h:61:
In file included from /Applications/Xcode.app/Contents/Developer/Platforms/MacOSX.platform/Developer/SDKs/MacOSX26.2.sdk/usr/include/_stdio.h:69:
In file included from /Applications/Xcode.app/Contents/Developer/Platforms/MacOSX.platform/Developer/SDKs/MacOSX26.2.sdk/usr/include/_bounds.h:27:
/Applications/Xcode.app/Contents/Developer/Platforms/MacOSX.platform/Developer/SDKs/MacOSX26.2.sdk/usr/include/sys/cdefs.h:227:48: note: expanded from macro '__deprecated_msg'
  227 |         #define __deprecated_msg(_msg) __attribute__((__deprecated__(_msg)))
      |                                                       ^
/Users/barriesanders/.gemini/antigravity/scratch/OpenEmu_Port/Nestopia/core/NstLog.cpp:174:29: warning: 'sprintf' is deprecated: This function is provided for compatibility reasons only.  Due to security concerns inherent in the design of sprintf(3), it is highly recommended that you use snprintf(3) instead. [-Wdeprecated-declarations]
  174 |                                 const int length = std::sprintf( buffer + 2, hex.format, hex.value );
      |                                                         ^
In file included from /Users/barriesanders/.gemini/antigravity/scratch/OpenEmu_Port/Nestopia/core/NstLog.cpp:25:
In file included from /Applications/Xcode.app/Contents/Developer/Platforms/MacOSX.platform/Developer/SDKs/MacOSX26.2.sdk/usr/include/c++/v1/cstdio:104:
In file included from /Applications/Xcode.app/Contents/Developer/Platforms/MacOSX.platform/Developer/SDKs/MacOSX26.2.sdk/usr/include/c++/v1/stdio.h:103:
In file included from /Applications/Xcode.app/Contents/Developer/Platforms/MacOSX.platform/Developer/SDKs/MacOSX26.2.sdk/usr/include/stdio.h:61:
/Applications/Xcode.app/Contents/Developer/Platforms/MacOSX.platform/Developer/SDKs/MacOSX26.2.sdk/usr/include/_stdio.h:278:1: note: 'sprintf' has been explicitly marked deprecated here
  278 | __deprecated_msg("This function is provided for compatibility reasons only.  Due to security concerns inherent in the design of sprintf(3), it is highly recommended that you use snprintf(3) instead.")
      | ^
In file included from /Users/barriesanders/.gemini/antigravity/scratch/OpenEmu_Port/Nestopia/core/NstLog.cpp:25:
In file included from /Applications/Xcode.app/Contents/Developer/Platforms/MacOSX.platform/Developer/SDKs/MacOSX26.2.sdk/usr/include/c++/v1/cstdio:104:
In file included from /Applications/Xcode.app/Contents/Developer/Platforms/MacOSX.platform/Developer/SDKs/MacOSX26.2.sdk/usr/include/c++/v1/stdio.h:103:
In file included from /Applications/Xcode.app/Contents/Developer/Platforms/MacOSX.platform/Developer/SDKs/MacOSX26.2.sdk/usr/include/stdio.h:61:
In file included from /Applications/Xcode.app/Contents/Developer/Platforms/MacOSX.platform/Developer/SDKs/MacOSX26.2.sdk/usr/include/_stdio.h:69:
In file included from /Applications/Xcode.app/Contents/Developer/Platforms/MacOSX.platform/Developer/SDKs/MacOSX26.2.sdk/usr/include/_bounds.h:27:
/Applications/Xcode.app/Contents/Developer/Platforms/MacOSX.platform/Developer/SDKs/MacOSX26.2.sdk/usr/include/sys/cdefs.h:227:48: note: expanded from macro '__deprecated_msg'
  227 |         #define __deprecated_msg(_msg) __attribute__((__deprecated__(_msg)))
      |                                                       ^
5 warnings generated.

CompileC /Users/barriesanders/Library/Developer/Xcode/DerivedData/Nestopia-aslfodajikwbhqggflvpsofjqglc/Build/Intermediates.noindex/Nestopia.build/Debug/Nestopia.build/Objects-normal/arm64/NstInpBarcodeWorld.o /Users/barriesanders/.gemini/antigravity/scratch/OpenEmu_Port/Nestopia/core/input/NstInpBarcodeWorld.cpp normal arm64 c++ com.apple.compilers.llvm.clang.1_0.compiler (in target 'Nestopia' from project 'Nestopia')
    cd /Users/barriesanders/.gemini/antigravity/scratch/OpenEmu_Port/Nestopia
    
    Using response file: /Users/barriesanders/Library/Developer/Xcode/DerivedData/Nestopia-aslfodajikwbhqggflvpsofjqglc/Build/Intermediates.noindex/Nestopia.build/Debug/Nestopia.build/Objects-normal/arm64/82b82416624d2658e5098eb0a28c15c5-common-args.resp
    
    /Applications/Xcode.app/Contents/Developer/Toolchains/XcodeDefault.xctoolchain/usr/bin/clang -x c++ -ivfsstatcache /Users/barriesanders/Library/Developer/Xcode/DerivedData/SDKStatCaches.noindex/macosx26.2-25C57-3885c01c3e6b6a337905948deab2002e00fa09913b459cbbc988d1f6730289ae.sdkstatcache -fmessage-length\=0 -fdiagnostics-show-note-include-stack -fmacro-backtrace-limit\=0 -fno-color-diagnostics -fmodules-prune-interval\=86400 -fmodules-prune-after\=345600 -fbuild-session-file\=/Users/barriesanders/Library/Developer/Xcode/DerivedData/ModuleCache.noindex/Session.modulevalidation -fmodules-validate-once-per-build-session -Wnon-modular-include-in-framework-module -Werror\=non-modular-include-in-framework-module -Wno-trigraphs -flto -Wno-missing-field-initializers -Wno-missing-prototypes -Wno-non-virtual-dtor -Wno-overloaded-virtual -Wno-exit-time-destructors -Wno-missing-braces -Wparentheses -Wswitch -Wno-unused-function -Wno-unused-label -Wno-unused-parameter -Wunused-variable -Wunused-value -Wno-empty-body -Wno-uninitialized -Wno-unknown-pragmas -Wno-shadow -Wno-four-char-constants -Wno-conversion -Wno-constant-conversion -Wno-int-conversion -Wno-bool-conversion -Wno-enum-conversion -Wno-float-conversion -Wno-non-literal-null-conversion -Wno-objc-literal-conversion -Wshorten-64-to-32 -Wno-newline-eof -Wno-c++11-extensions -Wno-implicit-fallthrough -fstrict-aliasing -Wdeprecated-declarations -Winvalid-offsetof -Wno-sign-conversion -Wno-infinite-recursion -Wno-move -Wno-comma -Wno-block-capture-autoreleasing -Wno-strict-prototypes -Wno-range-loop-analysis -Wno-semicolon-before-method-body -index-store-path /Users/barriesanders/Library/Developer/Xcode/DerivedData/Nestopia-aslfodajikwbhqggflvpsofjqglc/Index.noindex/DataStore -Wno-switch-enum @/Users/barriesanders/Library/Developer/Xcode/DerivedData/Nestopia-aslfodajikwbhqggflvpsofjqglc/Build/Intermediates.noindex/Nestopia.build/Debug/Nestopia.build/Objects-normal/arm64/82b82416624d2658e5098eb0a28c15c5-common-args.resp -MMD -MT dependencies -MF /Users/barriesanders/Library/Developer/Xcode/DerivedData/Nestopia-aslfodajikwbhqggflvpsofjqglc/Build/Intermediates.noindex/Nestopia.build/Debug/Nestopia.build/Objects-normal/arm64/NstInpBarcodeWorld.d --serialize-diagnostics /Users/barriesanders/Library/Developer/Xcode/DerivedData/Nestopia-aslfodajikwbhqggflvpsofjqglc/Build/Intermediates.noindex/Nestopia.build/Debug/Nestopia.build/Objects-normal/arm64/NstInpBarcodeWorld.dia -c /Users/barriesanders/.gemini/antigravity/scratch/OpenEmu_Port/Nestopia/core/input/NstInpBarcodeWorld.cpp -o /Users/barriesanders/Library/Developer/Xcode/DerivedData/Nestopia-aslfodajikwbhqggflvpsofjqglc/Build/Intermediates.noindex/Nestopia.build/Debug/Nestopia.build/Objects-normal/arm64/NstInpBarcodeWorld.o -index-unit-output-path /Nestopia.build/Debug/Nestopia.build/Objects-normal/arm64/NstInpBarcodeWorld.o
/Users/barriesanders/.gemini/antigravity/scratch/OpenEmu_Port/Nestopia/core/input/NstInpBarcodeWorld.cpp:109:60: warning: implicit conversion loses integer precision: 'long' to 'uint' (aka 'unsigned int') [-Wshorten-64-to-32]
  109 |                                         saver.Begin( AsciiId<'P','T','R'>::V ).Write8( stream - data ).End();
      |                                                                                ~~~~~~  ~~~~~~~^~~~~~
1 warning generated.

CompileC /Users/barriesanders/Library/Developer/Xcode/DerivedData/Nestopia-aslfodajikwbhqggflvpsofjqglc/Build/Intermediates.noindex/Nestopia.build/Debug/Nestopia.build/Objects-normal/arm64/NstInpBandaiHyperShot.o /Users/barriesanders/.gemini/antigravity/scratch/OpenEmu_Port/Nestopia/core/input/NstInpBandaiHyperShot.cpp normal arm64 c++ com.apple.compilers.llvm.clang.1_0.compiler (in target 'Nestopia' from project 'Nestopia')
    cd /Users/barriesanders/.gemini/antigravity/scratch/OpenEmu_Port/Nestopia
    
    Using response file: /Users/barriesanders/Library/Developer/Xcode/DerivedData/Nestopia-aslfodajikwbhqggflvpsofjqglc/Build/Intermediates.noindex/Nestopia.build/Debug/Nestopia.build/Objects-normal/arm64/82b82416624d2658e5098eb0a28c15c5-common-args.resp
    
    /Applications/Xcode.app/Contents/Developer/Toolchains/XcodeDefault.xctoolchain/usr/bin/clang -x c++ -ivfsstatcache /Users/barriesanders/Library/Developer/Xcode/DerivedData/SDKStatCaches.noindex/macosx26.2-25C57-3885c01c3e6b6a337905948deab2002e00fa09913b459cbbc988d1f6730289ae.sdkstatcache -fmessage-length\=0 -fdiagnostics-show-note-include-stack -fmacro-backtrace-limit\=0 -fno-color-diagnostics -fmodules-prune-interval\=86400 -fmodules-prune-after\=345600 -fbuild-session-file\=/Users/barriesanders/Library/Developer/Xcode/DerivedData/ModuleCache.noindex/Session.modulevalidation -fmodules-validate-once-per-build-session -Wnon-modular-include-in-framework-module -Werror\=non-modular-include-in-framework-module -Wno-trigraphs -flto -Wno-missing-field-initializers -Wno-missing-prototypes -Wno-non-virtual-dtor -Wno-overloaded-virtual -Wno-exit-time-destructors -Wno-missing-braces -Wparentheses -Wswitch -Wno-unused-function -Wno-unused-label -Wno-unused-parameter -Wunused-variable -Wunused-value -Wno-empty-body -Wno-uninitialized -Wno-unknown-pragmas -Wno-shadow -Wno-four-char-constants -Wno-conversion -Wno-constant-conversion -Wno-int-conversion -Wno-bool-conversion -Wno-enum-conversion -Wno-float-conversion -Wno-non-literal-null-conversion -Wno-objc-literal-conversion -Wshorten-64-to-32 -Wno-newline-eof -Wno-c++11-extensions -Wno-implicit-fallthrough -fstrict-aliasing -Wdeprecated-declarations -Winvalid-offsetof -Wno-sign-conversion -Wno-infinite-recursion -Wno-move -Wno-comma -Wno-block-capture-autoreleasing -Wno-strict-prototypes -Wno-range-loop-analysis -Wno-semicolon-before-method-body -index-store-path /Users/barriesanders/Library/Developer/Xcode/DerivedData/Nestopia-aslfodajikwbhqggflvpsofjqglc/Index.noindex/DataStore -Wno-switch-enum @/Users/barriesanders/Library/Developer/Xcode/DerivedData/Nestopia-aslfodajikwbhqggflvpsofjqglc/Build/Intermediates.noindex/Nestopia.build/Debug/Nestopia.build/Objects-normal/arm64/82b82416624d2658e5098eb0a28c15c5-common-args.resp -MMD -MT dependencies -MF /Users/barriesanders/Library/Developer/Xcode/DerivedData/Nestopia-aslfodajikwbhqggflvpsofjqglc/Build/Intermediates.noindex/Nestopia.build/Debug/Nestopia.build/Objects-normal/arm64/NstInpBandaiHyperShot.d --serialize-diagnostics /Users/barriesanders/Library/Developer/Xcode/DerivedData/Nestopia-aslfodajikwbhqggflvpsofjqglc/Build/Intermediates.noindex/Nestopia.build/Debug/Nestopia.build/Objects-normal/arm64/NstInpBandaiHyperShot.dia -c /Users/barriesanders/.gemini/antigravity/scratch/OpenEmu_Port/Nestopia/core/input/NstInpBandaiHyperShot.cpp -o /Users/barriesanders/Library/Developer/Xcode/DerivedData/Nestopia-aslfodajikwbhqggflvpsofjqglc/Build/Intermediates.noindex/Nestopia.build/Debug/Nestopia.build/Objects-normal/arm64/NstInpBandaiHyperShot.o -index-unit-output-path /Nestopia.build/Debug/Nestopia.build/Objects-normal/arm64/NstInpBandaiHyperShot.o

CompileC /Users/barriesanders/Library/Developer/Xcode/DerivedData/Nestopia-aslfodajikwbhqggflvpsofjqglc/Build/Intermediates.noindex/Nestopia.build/Debug/Nestopia.build/Objects-normal/arm64/NstInpAdapter.o /Users/barriesanders/.gemini/antigravity/scratch/OpenEmu_Port/Nestopia/core/input/NstInpAdapter.cpp normal arm64 c++ com.apple.compilers.llvm.clang.1_0.compiler (in target 'Nestopia' from project 'Nestopia')
    cd /Users/barriesanders/.gemini/antigravity/scratch/OpenEmu_Port/Nestopia
    
    Using response file: /Users/barriesanders/Library/Developer/Xcode/DerivedData/Nestopia-aslfodajikwbhqggflvpsofjqglc/Build/Intermediates.noindex/Nestopia.build/Debug/Nestopia.build/Objects-normal/arm64/82b82416624d2658e5098eb0a28c15c5-common-args.resp
    
    /Applications/Xcode.app/Contents/Developer/Toolchains/XcodeDefault.xctoolchain/usr/bin/clang -x c++ -ivfsstatcache /Users/barriesanders/Library/Developer/Xcode/DerivedData/SDKStatCaches.noindex/macosx26.2-25C57-3885c01c3e6b6a337905948deab2002e00fa09913b459cbbc988d1f6730289ae.sdkstatcache -fmessage-length\=0 -fdiagnostics-show-note-include-stack -fmacro-backtrace-limit\=0 -fno-color-diagnostics -fmodules-prune-interval\=86400 -fmodules-prune-after\=345600 -fbuild-session-file\=/Users/barriesanders/Library/Developer/Xcode/DerivedData/ModuleCache.noindex/Session.modulevalidation -fmodules-validate-once-per-build-session -Wnon-modular-include-in-framework-module -Werror\=non-modular-include-in-framework-module -Wno-trigraphs -flto -Wno-missing-field-initializers -Wno-missing-prototypes -Wno-non-virtual-dtor -Wno-overloaded-virtual -Wno-exit-time-destructors -Wno-missing-braces -Wparentheses -Wswitch -Wno-unused-function -Wno-unused-label -Wno-unused-parameter -Wunused-variable -Wunused-value -Wno-empty-body -Wno-uninitialized -Wno-unknown-pragmas -Wno-shadow -Wno-four-char-constants -Wno-conversion -Wno-constant-conversion -Wno-int-conversion -Wno-bool-conversion -Wno-enum-conversion -Wno-float-conversion -Wno-non-literal-null-conversion -Wno-objc-literal-conversion -Wshorten-64-to-32 -Wno-newline-eof -Wno-c++11-extensions -Wno-implicit-fallthrough -fstrict-aliasing -Wdeprecated-declarations -Winvalid-offsetof -Wno-sign-conversion -Wno-infinite-recursion -Wno-move -Wno-comma -Wno-block-capture-autoreleasing -Wno-strict-prototypes -Wno-range-loop-analysis -Wno-semicolon-before-method-body -index-store-path /Users/barriesanders/Library/Developer/Xcode/DerivedData/Nestopia-aslfodajikwbhqggflvpsofjqglc/Index.noindex/DataStore -Wno-switch-enum @/Users/barriesanders/Library/Developer/Xcode/DerivedData/Nestopia-aslfodajikwbhqggflvpsofjqglc/Build/Intermediates.noindex/Nestopia.build/Debug/Nestopia.build/Objects-normal/arm64/82b82416624d2658e5098eb0a28c15c5-common-args.resp -MMD -MT dependencies -MF /Users/barriesanders/Library/Developer/Xcode/DerivedData/Nestopia-aslfodajikwbhqggflvpsofjqglc/Build/Intermediates.noindex/Nestopia.build/Debug/Nestopia.build/Objects-normal/arm64/NstInpAdapter.d --serialize-diagnostics /Users/barriesanders/Library/Developer/Xcode/DerivedData/Nestopia-aslfodajikwbhqggflvpsofjqglc/Build/Intermediates.noindex/Nestopia.build/Debug/Nestopia.build/Objects-normal/arm64/NstInpAdapter.dia -c /Users/barriesanders/.gemini/antigravity/scratch/OpenEmu_Port/Nestopia/core/input/NstInpAdapter.cpp -o /Users/barriesanders/Library/Developer/Xcode/DerivedData/Nestopia-aslfodajikwbhqggflvpsofjqglc/Build/Intermediates.noindex/Nestopia.build/Debug/Nestopia.build/Objects-normal/arm64/NstInpAdapter.o -index-unit-output-path /Nestopia.build/Debug/Nestopia.build/Objects-normal/arm64/NstInpAdapter.o

CompileC /Users/barriesanders/Library/Developer/Xcode/DerivedData/Nestopia-aslfodajikwbhqggflvpsofjqglc/Build/Intermediates.noindex/Nestopia.build/Debug/Nestopia.build/Objects-normal/arm64/NstImageDatabase.o /Users/barriesanders/.gemini/antigravity/scratch/OpenEmu_Port/Nestopia/core/NstImageDatabase.cpp normal arm64 c++ com.apple.compilers.llvm.clang.1_0.compiler (in target 'Nestopia' from project 'Nestopia')
    cd /Users/barriesanders/.gemini/antigravity/scratch/OpenEmu_Port/Nestopia
    
    Using response file: /Users/barriesanders/Library/Developer/Xcode/DerivedData/Nestopia-aslfodajikwbhqggflvpsofjqglc/Build/Intermediates.noindex/Nestopia.build/Debug/Nestopia.build/Objects-normal/arm64/82b82416624d2658e5098eb0a28c15c5-common-args.resp
    
    /Applications/Xcode.app/Contents/Developer/Toolchains/XcodeDefault.xctoolchain/usr/bin/clang -x c++ -ivfsstatcache /Users/barriesanders/Library/Developer/Xcode/DerivedData/SDKStatCaches.noindex/macosx26.2-25C57-3885c01c3e6b6a337905948deab2002e00fa09913b459cbbc988d1f6730289ae.sdkstatcache -fmessage-length\=0 -fdiagnostics-show-note-include-stack -fmacro-backtrace-limit\=0 -fno-color-diagnostics -fmodules-prune-interval\=86400 -fmodules-prune-after\=345600 -fbuild-session-file\=/Users/barriesanders/Library/Developer/Xcode/DerivedData/ModuleCache.noindex/Session.modulevalidation -fmodules-validate-once-per-build-session -Wnon-modular-include-in-framework-module -Werror\=non-modular-include-in-framework-module -Wno-trigraphs -flto -Wno-missing-field-initializers -Wno-missing-prototypes -Wno-non-virtual-dtor -Wno-overloaded-virtual -Wno-exit-time-destructors -Wno-missing-braces -Wparentheses -Wswitch -Wno-unused-function -Wno-unused-label -Wno-unused-parameter -Wunused-variable -Wunused-value -Wno-empty-body -Wno-uninitialized -Wno-unknown-pragmas -Wno-shadow -Wno-four-char-constants -Wno-conversion -Wno-constant-conversion -Wno-int-conversion -Wno-bool-conversion -Wno-enum-conversion -Wno-float-conversion -Wno-non-literal-null-conversion -Wno-objc-literal-conversion -Wshorten-64-to-32 -Wno-newline-eof -Wno-c++11-extensions -Wno-implicit-fallthrough -fstrict-aliasing -Wdeprecated-declarations -Winvalid-offsetof -Wno-sign-conversion -Wno-infinite-recursion -Wno-move -Wno-comma -Wno-block-capture-autoreleasing -Wno-strict-prototypes -Wno-range-loop-analysis -Wno-semicolon-before-method-body -index-store-path /Users/barriesanders/Library/Developer/Xcode/DerivedData/Nestopia-aslfodajikwbhqggflvpsofjqglc/Index.noindex/DataStore -Wno-switch-enum @/Users/barriesanders/Library/Developer/Xcode/DerivedData/Nestopia-aslfodajikwbhqggflvpsofjqglc/Build/Intermediates.noindex/Nestopia.build/Debug/Nestopia.build/Objects-normal/arm64/82b82416624d2658e5098eb0a28c15c5-common-args.resp -MMD -MT dependencies -MF /Users/barriesanders/Library/Developer/Xcode/DerivedData/Nestopia-aslfodajikwbhqggflvpsofjqglc/Build/Intermediates.noindex/Nestopia.build/Debug/Nestopia.build/Objects-normal/arm64/NstImageDatabase.d --serialize-diagnostics /Users/barriesanders/Library/Developer/Xcode/DerivedData/Nestopia-aslfodajikwbhqggflvpsofjqglc/Build/Intermediates.noindex/Nestopia.build/Debug/Nestopia.build/Objects-normal/arm64/NstImageDatabase.dia -c /Users/barriesanders/.gemini/antigravity/scratch/OpenEmu_Port/Nestopia/core/NstImageDatabase.cpp -o /Users/barriesanders/Library/Developer/Xcode/DerivedData/Nestopia-aslfodajikwbhqggflvpsofjqglc/Build/Intermediates.noindex/Nestopia.build/Debug/Nestopia.build/Objects-normal/arm64/NstImageDatabase.o -index-unit-output-path /Nestopia.build/Debug/Nestopia.build/Objects-normal/arm64/NstImageDatabase.o
/Users/barriesanders/.gemini/antigravity/scratch/OpenEmu_Port/Nestopia/core/NstImageDatabase.cpp:520:40: warning: implicit conversion loses integer precision: 'size_type' (aka 'unsigned long') to 'const dword' (aka 'const unsigned int') [-Wshorten-64-to-32]
  520 |                                         if (const dword size = properties.size())
      |                                                         ~~~~   ~~~~~~~~~~~^~~~~~
/Users/barriesanders/.gemini/antigravity/scratch/OpenEmu_Port/Nestopia/core/NstImageDatabase.cpp:977:37: warning: implicit conversion loses integer precision: 'size_type' (aka 'unsigned long') to 'const dword' (aka 'const unsigned int') [-Wshorten-64-to-32]
  977 |                                         if (const dword size = itemMap.size())
      |                                                         ~~~~   ~~~~~~~~^~~~~~
/Users/barriesanders/.gemini/antigravity/scratch/OpenEmu_Port/Nestopia/core/NstImageDatabase.cpp:1427:21: warning: implicit conversion loses integer precision: 'ulong' (aka 'unsigned long') to 'uint' (aka 'unsigned int') [-Wshorten-64-to-32]
 1427 |                                                                                 players = value;
      |                                                                                         ~ ^~~~~
/Users/barriesanders/.gemini/antigravity/scratch/OpenEmu_Port/Nestopia/core/NstImageDatabase.cpp:1437:20: warning: implicit conversion loses integer precision: 'ulong' (aka 'unsigned long') to 'uint' (aka 'unsigned int') [-Wshorten-64-to-32]
 1437 |                                                                                 mapper = value;
      |                                                                                        ~ ^~~~~
/Users/barriesanders/.gemini/antigravity/scratch/OpenEmu_Port/Nestopia/core/NstImageDatabase.cpp:1483:19: warning: implicit conversion loses integer precision: 'const ulong' (aka 'const unsigned long') to 'dword' (aka 'unsigned int') [-Wshorten-64-to-32]
 1483 |                                                                                         size = value;
      |                                                                                              ~ ^~~~~
/Users/barriesanders/.gemini/antigravity/scratch/OpenEmu_Port/Nestopia/core/NstImageDatabase.cpp:1487:25: warning: implicit conversion loses integer precision: 'ulong' (aka 'unsigned long') to 'dword' (aka 'unsigned int') [-Wshorten-64-to-32]
 1487 |                                                                                         size = value * SIZE_1K;
      |                                                                                              ~ ~~~~~~^~~~~~~~~
/Users/barriesanders/.gemini/antigravity/scratch/OpenEmu_Port/Nestopia/core/NstImageDatabase.cpp:1501:43: warning: implicit conversion loses integer precision: 'const ulong' (aka 'const unsigned long') to 'uint' (aka 'unsigned int') [-Wshorten-64-to-32]
 1501 |                                                                                                 pins.push_back( Item::Ic::Pin(number,builder << function) );
      |                                                                                                                 ~~~~          ^~~~~~
/Users/barriesanders/.gemini/antigravity/scratch/OpenEmu_Port/Nestopia/core/NstImageDatabase.cpp:1515:41: warning: implicit conversion loses integer precision: 'ulong' (aka 'unsigned long') to 'dword' (aka 'unsigned int') [-Wshorten-64-to-32]
 1513 |                                                                                                 Item::Rom
      |                                                                                                 ~~~~
 1514 |                                                                                                 (
 1515 |                                                                                                         node.GetAttribute( L"id" ).GetUnsignedValue(),
      |                                                                                                         ~~~~~~~~~~~~~~~~~~~~~~~~~~~^~~~~~~~~~~~~~~~~~
/Users/barriesanders/.gemini/antigravity/scratch/OpenEmu_Port/Nestopia/core/NstImageDatabase.cpp:1533:41: warning: implicit conversion loses integer precision: 'ulong' (aka 'unsigned long') to 'dword' (aka 'unsigned int') [-Wshorten-64-to-32]
 1531 |                                                                                                 Item::Ram
      |                                                                                                 ~~~~
 1532 |                                                                                                 (
 1533 |                                                                                                         node.GetAttribute( L"id" ).GetUnsignedValue(),
      |                                                                                                         ~~~~~~~~~~~~~~~~~~~~~~~~~~~^~~~~~~~~~~~~~~~~~

CompileC /Users/barriesanders/Library/Developer/Xcode/DerivedData/Nestopia-aslfodajikwbhqggflvpsofjqglc/Build/Intermediates.noindex/Nestopia.build/Debug/Nestopia.build/Objects-normal/arm64/NstImage.o /Users/barriesanders/.gemini/antigravity/scratch/OpenEmu_Port/Nestopia/core/NstImage.cpp normal arm64 c++ com.apple.compilers.llvm.clang.1_0.compiler (in target 'Nestopia' from project 'Nestopia')
    cd /Users/barriesanders/.gemini/antigravity/scratch/OpenEmu_Port/Nestopia
    
    Using response file: /Users/barriesanders/Library/Developer/Xcode/DerivedData/Nestopia-aslfodajikwbhqggflvpsofjqglc/Build/Intermediates.noindex/Nestopia.build/Debug/Nestopia.build/Objects-normal/arm64/82b82416624d2658e5098eb0a28c15c5-common-args.resp
    
    /Applications/Xcode.app/Contents/Developer/Toolchains/XcodeDefault.xctoolchain/usr/bin/clang -x c++ -ivfsstatcache /Users/barriesanders/Library/Developer/Xcode/DerivedData/SDKStatCaches.noindex/macosx26.2-25C57-3885c01c3e6b6a337905948deab2002e00fa09913b459cbbc988d1f6730289ae.sdkstatcache -fmessage-length\=0 -fdiagnostics-show-note-include-stack -fmacro-backtrace-limit\=0 -fno-color-diagnostics -fmodules-prune-interval\=86400 -fmodules-prune-after\=345600 -fbuild-session-file\=/Users/barriesanders/Library/Developer/Xcode/DerivedData/ModuleCache.noindex/Session.modulevalidation -fmodules-validate-once-per-build-session -Wnon-modular-include-in-framework-module -Werror\=non-modular-include-in-framework-module -Wno-trigraphs -flto -Wno-missing-field-initializers -Wno-missing-prototypes -Wno-non-virtual-dtor -Wno-overloaded-virtual -Wno-exit-time-destructors -Wno-missing-braces -Wparentheses -Wswitch -Wno-unused-function -Wno-unused-label -Wno-unused-parameter -Wunused-variable -Wunused-value -Wno-empty-body -Wno-uninitialized -Wno-unknown-pragmas -Wno-shadow -Wno-four-char-constants -Wno-conversion -Wno-constant-conversion -Wno-int-conversion -Wno-bool-conversion -Wno-enum-conversion -Wno-float-conversion -Wno-non-literal-null-conversion -Wno-objc-literal-conversion -Wshorten-64-to-32 -Wno-newline-eof -Wno-c++11-extensions -Wno-implicit-fallthrough -fstrict-aliasing -Wdeprecated-declarations -Winvalid-offsetof -Wno-sign-conversion -Wno-infinite-recursion -Wno-move -Wno-comma -Wno-block-capture-autoreleasing -Wno-strict-prototypes -Wno-range-loop-analysis -Wno-semicolon-before-method-body -index-store-path /Users/barriesanders/Library/Developer/Xcode/DerivedData/Nestopia-aslfodajikwbhqggflvpsofjqglc/Index.noindex/DataStore -Wno-switch-enum @/Users/barriesanders/Library/Developer/Xcode/DerivedData/Nestopia-aslfodajikwbhqggflvpsofjqglc/Build/Intermediates.noindex/Nestopia.build/Debug/Nestopia.build/Objects-normal/arm64/82b82416624d2658e5098eb0a28c15c5-common-args.resp -MMD -MT dependencies -MF /Users/barriesanders/Library/Developer/Xcode/DerivedData/Nestopia-aslfodajikwbhqggflvpsofjqglc/Build/Intermediates.noindex/Nestopia.build/Debug/Nestopia.build/Objects-normal/arm64/NstImage.d --serialize-diagnostics /Users/barriesanders/Library/Developer/Xcode/DerivedData/Nestopia-aslfodajikwbhqggflvpsofjqglc/Build/Intermediates.noindex/Nestopia.build/Debug/Nestopia.build/Objects-normal/arm64/NstImage.dia -c /Users/barriesanders/.gemini/antigravity/scratch/OpenEmu_Port/Nestopia/core/NstImage.cpp -o /Users/barriesanders/Library/Developer/Xcode/DerivedData/Nestopia-aslfodajikwbhqggflvpsofjqglc/Build/Intermediates.noindex/Nestopia.build/Debug/Nestopia.build/Objects-normal/arm64/NstImage.o -index-unit-output-path /Nestopia.build/Debug/Nestopia.build/Objects-normal/arm64/NstImage.o

CompileC /Users/barriesanders/Library/Developer/Xcode/DerivedData/Nestopia-aslfodajikwbhqggflvpsofjqglc/Build/Intermediates.noindex/Nestopia.build/Debug/Nestopia.build/Objects-normal/arm64/NstHomebrew.o /Users/barriesanders/.gemini/antigravity/scratch/OpenEmu_Port/Nestopia/core/NstHomebrew.cpp normal arm64 c++ com.apple.compilers.llvm.clang.1_0.compiler (in target 'Nestopia' from project 'Nestopia')
    cd /Users/barriesanders/.gemini/antigravity/scratch/OpenEmu_Port/Nestopia
    
    Using response file: /Users/barriesanders/Library/Developer/Xcode/DerivedData/Nestopia-aslfodajikwbhqggflvpsofjqglc/Build/Intermediates.noindex/Nestopia.build/Debug/Nestopia.build/Objects-normal/arm64/82b82416624d2658e5098eb0a28c15c5-common-args.resp
    
    /Applications/Xcode.app/Contents/Developer/Toolchains/XcodeDefault.xctoolchain/usr/bin/clang -x c++ -ivfsstatcache /Users/barriesanders/Library/Developer/Xcode/DerivedData/SDKStatCaches.noindex/macosx26.2-25C57-3885c01c3e6b6a337905948deab2002e00fa09913b459cbbc988d1f6730289ae.sdkstatcache -fmessage-length\=0 -fdiagnostics-show-note-include-stack -fmacro-backtrace-limit\=0 -fno-color-diagnostics -fmodules-prune-interval\=86400 -fmodules-prune-after\=345600 -fbuild-session-file\=/Users/barriesanders/Library/Developer/Xcode/DerivedData/ModuleCache.noindex/Session.modulevalidation -fmodules-validate-once-per-build-session -Wnon-modular-include-in-framework-module -Werror\=non-modular-include-in-framework-module -Wno-trigraphs -flto -Wno-missing-field-initializers -Wno-missing-prototypes -Wno-non-virtual-dtor -Wno-overloaded-virtual -Wno-exit-time-destructors -Wno-missing-braces -Wparentheses -Wswitch -Wno-unused-function -Wno-unused-label -Wno-unused-parameter -Wunused-variable -Wunused-value -Wno-empty-body -Wno-uninitialized -Wno-unknown-pragmas -Wno-shadow -Wno-four-char-constants -Wno-conversion -Wno-constant-conversion -Wno-int-conversion -Wno-bool-conversion -Wno-enum-conversion -Wno-float-conversion -Wno-non-literal-null-conversion -Wno-objc-literal-conversion -Wshorten-64-to-32 -Wno-newline-eof -Wno-c++11-extensions -Wno-implicit-fallthrough -fstrict-aliasing -Wdeprecated-declarations -Winvalid-offsetof -Wno-sign-conversion -Wno-infinite-recursion -Wno-move -Wno-comma -Wno-block-capture-autoreleasing -Wno-strict-prototypes -Wno-range-loop-analysis -Wno-semicolon-before-method-body -index-store-path /Users/barriesanders/Library/Developer/Xcode/DerivedData/Nestopia-aslfodajikwbhqggflvpsofjqglc/Index.noindex/DataStore -Wno-switch-enum @/Users/barriesanders/Library/Developer/Xcode/DerivedData/Nestopia-aslfodajikwbhqggflvpsofjqglc/Build/Intermediates.noindex/Nestopia.build/Debug/Nestopia.build/Objects-normal/arm64/82b82416624d2658e5098eb0a28c15c5-common-args.resp -MMD -MT dependencies -MF /Users/barriesanders/Library/Developer/Xcode/DerivedData/Nestopia-aslfodajikwbhqggflvpsofjqglc/Build/Intermediates.noindex/Nestopia.build/Debug/Nestopia.build/Objects-normal/arm64/NstHomebrew.d --serialize-diagnostics /Users/barriesanders/Library/Developer/Xcode/DerivedData/Nestopia-aslfodajikwbhqggflvpsofjqglc/Build/Intermediates.noindex/Nestopia.build/Debug/Nestopia.build/Objects-normal/arm64/NstHomebrew.dia -c /Users/barriesanders/.gemini/antigravity/scratch/OpenEmu_Port/Nestopia/core/NstHomebrew.cpp -o /Users/barriesanders/Library/Developer/Xcode/DerivedData/Nestopia-aslfodajikwbhqggflvpsofjqglc/Build/Intermediates.noindex/Nestopia.build/Debug/Nestopia.build/Objects-normal/arm64/NstHomebrew.o -index-unit-output-path /Nestopia.build/Debug/Nestopia.build/Objects-normal/arm64/NstHomebrew.o

CompileC /Users/barriesanders/Library/Developer/Xcode/DerivedData/Nestopia-aslfodajikwbhqggflvpsofjqglc/Build/Intermediates.noindex/Nestopia.build/Debug/Nestopia.build/Objects-normal/arm64/NstFile.o /Users/barriesanders/.gemini/antigravity/scratch/OpenEmu_Port/Nestopia/core/NstFile.cpp normal arm64 c++ com.apple.compilers.llvm.clang.1_0.compiler (in target 'Nestopia' from project 'Nestopia')
    cd /Users/barriesanders/.gemini/antigravity/scratch/OpenEmu_Port/Nestopia
    
    Using response file: /Users/barriesanders/Library/Developer/Xcode/DerivedData/Nestopia-aslfodajikwbhqggflvpsofjqglc/Build/Intermediates.noindex/Nestopia.build/Debug/Nestopia.build/Objects-normal/arm64/82b82416624d2658e5098eb0a28c15c5-common-args.resp
    
    /Applications/Xcode.app/Contents/Developer/Toolchains/XcodeDefault.xctoolchain/usr/bin/clang -x c++ -ivfsstatcache /Users/barriesanders/Library/Developer/Xcode/DerivedData/SDKStatCaches.noindex/macosx26.2-25C57-3885c01c3e6b6a337905948deab2002e00fa09913b459cbbc988d1f6730289ae.sdkstatcache -fmessage-length\=0 -fdiagnostics-show-note-include-stack -fmacro-backtrace-limit\=0 -fno-color-diagnostics -fmodules-prune-interval\=86400 -fmodules-prune-after\=345600 -fbuild-session-file\=/Users/barriesanders/Library/Developer/Xcode/DerivedData/ModuleCache.noindex/Session.modulevalidation -fmodules-validate-once-per-build-session -Wnon-modular-include-in-framework-module -Werror\=non-modular-include-in-framework-module -Wno-trigraphs -flto -Wno-missing-field-initializers -Wno-missing-prototypes -Wno-non-virtual-dtor -Wno-overloaded-virtual -Wno-exit-time-destructors -Wno-missing-braces -Wparentheses -Wswitch -Wno-unused-function -Wno-unused-label -Wno-unused-parameter -Wunused-variable -Wunused-value -Wno-empty-body -Wno-uninitialized -Wno-unknown-pragmas -Wno-shadow -Wno-four-char-constants -Wno-conversion -Wno-constant-conversion -Wno-int-conversion -Wno-bool-conversion -Wno-enum-conversion -Wno-float-conversion -Wno-non-literal-null-conversion -Wno-objc-literal-conversion -Wshorten-64-to-32 -Wno-newline-eof -Wno-c++11-extensions -Wno-implicit-fallthrough -fstrict-aliasing -Wdeprecated-declarations -Winvalid-offsetof -Wno-sign-conversion -Wno-infinite-recursion -Wno-move -Wno-comma -Wno-block-capture-autoreleasing -Wno-strict-prototypes -Wno-range-loop-analysis -Wno-semicolon-before-method-body -index-store-path /Users/barriesanders/Library/Developer/Xcode/DerivedData/Nestopia-aslfodajikwbhqggflvpsofjqglc/Index.noindex/DataStore -Wno-switch-enum @/Users/barriesanders/Library/Developer/Xcode/DerivedData/Nestopia-aslfodajikwbhqggflvpsofjqglc/Build/Intermediates.noindex/Nestopia.build/Debug/Nestopia.build/Objects-normal/arm64/82b82416624d2658e5098eb0a28c15c5-common-args.resp -MMD -MT dependencies -MF /Users/barriesanders/Library/Developer/Xcode/DerivedData/Nestopia-aslfodajikwbhqggflvpsofjqglc/Build/Intermediates.noindex/Nestopia.build/Debug/Nestopia.build/Objects-normal/arm64/NstFile.d --serialize-diagnostics /Users/barriesanders/Library/Developer/Xcode/DerivedData/Nestopia-aslfodajikwbhqggflvpsofjqglc/Build/Intermediates.noindex/Nestopia.build/Debug/Nestopia.build/Objects-normal/arm64/NstFile.dia -c /Users/barriesanders/.gemini/antigravity/scratch/OpenEmu_Port/Nestopia/core/NstFile.cpp -o /Users/barriesanders/Library/Developer/Xcode/DerivedData/Nestopia-aslfodajikwbhqggflvpsofjqglc/Build/Intermediates.noindex/Nestopia.build/Debug/Nestopia.build/Objects-normal/arm64/NstFile.o -index-unit-output-path /Nestopia.build/Debug/Nestopia.build/Objects-normal/arm64/NstFile.o
/Users/barriesanders/.gemini/antigravity/scratch/OpenEmu_Port/Nestopia/core/NstFile.cpp:121:38: warning: implicit conversion loses integer precision: 'ulong' (aka 'unsigned long') to 'const dword' (aka 'const unsigned int') [-Wshorten-64-to-32]
  121 |                                                 if (const dword size = NST_MIN(filesize,it->size))
      |                                                                 ~~~~           ^~~~~~~~
In file included from /Users/barriesanders/.gemini/antigravity/scratch/OpenEmu_Port/Nestopia/core/NstFile.cpp:27:
In file included from /Users/barriesanders/.gemini/antigravity/scratch/OpenEmu_Port/Nestopia/core/NstStream.hpp:29:
In file included from /Users/barriesanders/.gemini/antigravity/scratch/OpenEmu_Port/Nestopia/core/NstAssert.hpp:29:
/Users/barriesanders/.gemini/antigravity/scratch/OpenEmu_Port/Nestopia/core/NstCore.hpp:186:40: note: expanded from macro 'NST_MIN'
  186 | #define NST_MIN(x_,y_) ((x_) < (y_) ? (x_) : (y_))
      |                                        ^~
/Users/barriesanders/.gemini/antigravity/scratch/OpenEmu_Port/Nestopia/core/NstFile.cpp:159:40: warning: implicit conversion loses integer precision: 'ulong' (aka 'unsigned long') to 'const dword' (aka 'const unsigned int') [-Wshorten-64-to-32]
  159 |                                                                 if (const dword size = NST_MIN(length,it->size))
      |                                                                                 ~~~~           ^~~~~~
In file included from /Users/barriesanders/.gemini/antigravity/scratch/OpenEmu_Port/Nestopia/core/NstFile.cpp:27:
In file included from /Users/barriesanders/.gemini/antigravity/scratch/OpenEmu_Port/Nestopia/core/NstStream.hpp:29:
In file included from /Users/barriesanders/.gemini/antigravity/scratch/OpenEmu_Port/Nestopia/core/NstAssert.hpp:29:
/Users/barriesanders/.gemini/antigravity/scratch/OpenEmu_Port/Nestopia/core/NstCore.hpp:186:40: note: expanded from macro 'NST_MIN'
  186 | #define NST_MIN(x_,y_) ((x_) < (y_) ? (x_) : (y_))
      |                                        ^~
/Users/barriesanders/.gemini/antigravity/scratch/OpenEmu_Port/Nestopia/core/NstFile.cpp:289:66: warning: implicit conversion loses integer precision: 'ulong' (aka 'unsigned long') to 'dword' (aka 'unsigned int') [-Wshorten-64-to-32]
  289 |                                                 buffer.Assign( static_cast<const byte*>(filedata), NST_MIN(filesize,maxsize) );
      |                                                        ~~~~~~                                              ^~~~~~~~
In file included from /Users/barriesanders/.gemini/antigravity/scratch/OpenEmu_Port/Nestopia/core/NstFile.cpp:27:
In file included from /Users/barriesanders/.gemini/antigravity/scratch/OpenEmu_Port/Nestopia/core/NstStream.hpp:29:
In file included from /Users/barriesanders/.gemini/antigravity/scratch/OpenEmu_Port/Nestopia/core/NstAssert.hpp:29:
/Users/barriesanders/.gemini/antigravity/scratch/OpenEmu_Port/Nestopia/core/NstCore.hpp:186:40: note: expanded from macro 'NST_MIN'
  186 | #define NST_MIN(x_,y_) ((x_) < (y_) ? (x_) : (y_))
      |                                        ^~
/Users/barriesanders/.gemini/antigravity/scratch/OpenEmu_Port/Nestopia/core/NstFile.cpp:311:31: warning: implicit conversion loses integer precision: 'const ulong' (aka 'const unsigned long') to 'dword' (aka 'unsigned int') [-Wshorten-64-to-32]
  311 |                                                         buffer.Resize( NST_MIN(length,maxsize) );
      |                                                                ~~~~~~          ^~~~~~
In file included from /Users/barriesanders/.gemini/antigravity/scratch/OpenEmu_Port/Nestopia/core/NstFile.cpp:27:
In file included from /Users/barriesanders/.gemini/antigravity/scratch/OpenEmu_Port/Nestopia/core/NstStream.hpp:29:
In file included from /Users/barriesanders/.gemini/antigravity/scratch/OpenEmu_Port/Nestopia/core/NstAssert.hpp:29:
/Users/barriesanders/.gemini/antigravity/scratch/OpenEmu_Port/Nestopia/core/NstCore.hpp:186:40: note: expanded from macro 'NST_MIN'
  186 | #define NST_MIN(x_,y_) ((x_) < (y_) ? (x_) : (y_))
      |                                        ^~
/Users/barriesanders/.gemini/antigravity/scratch/OpenEmu_Port/Nestopia/core/NstFile.cpp:423:32: warning: implicit conversion loses integer precision: 'ulong' (aka 'unsigned long') to 'dword' (aka 'unsigned int') [-Wshorten-64-to-32]
  423 |                                                                         buffer.Resize( Saver::GetMaxSize() );
      |                                                                                ~~~~~~  ~~~~~~~^~~~~~~~~~~~
/Users/barriesanders/.gemini/antigravity/scratch/OpenEmu_Port/Nestopia/core/NstFile.cpp:499:8: warning: implicit conversion loses integer precision: 'ulong' (aka 'unsigned long') to 'dword' (aka 'unsigned int') [-Wshorten-64-to-32]
  494 |                                                 result = patcher.Create
      |                                                                  ~~~~~~
  495 |                                                 (
  496 |                                                         format == PATCH_UPS ? Patcher::UPS : Patcher::IPS,
  497 |                                                         original.Begin(),
  498 |                                                         static_cast<const byte*>(data),
  499 |                                                         size
      |                                                         ^~~~
6 warnings generated.

CompileC /Users/barriesanders/Library/Developer/Xcode/DerivedData/Nestopia-aslfodajikwbhqggflvpsofjqglc/Build/Intermediates.noindex/Nestopia.build/Debug/Nestopia.build/Objects-normal/arm64/NstFds.o /Users/barriesanders/.gemini/antigravity/scratch/OpenEmu_Port/Nestopia/core/NstFds.cpp normal arm64 c++ com.apple.compilers.llvm.clang.1_0.compiler (in target 'Nestopia' from project 'Nestopia')
    cd /Users/barriesanders/.gemini/antigravity/scratch/OpenEmu_Port/Nestopia
    
    Using response file: /Users/barriesanders/Library/Developer/Xcode/DerivedData/Nestopia-aslfodajikwbhqggflvpsofjqglc/Build/Intermediates.noindex/Nestopia.build/Debug/Nestopia.build/Objects-normal/arm64/82b82416624d2658e5098eb0a28c15c5-common-args.resp
    
    /Applications/Xcode.app/Contents/Developer/Toolchains/XcodeDefault.xctoolchain/usr/bin/clang -x c++ -ivfsstatcache /Users/barriesanders/Library/Developer/Xcode/DerivedData/SDKStatCaches.noindex/macosx26.2-25C57-3885c01c3e6b6a337905948deab2002e00fa09913b459cbbc988d1f6730289ae.sdkstatcache -fmessage-length\=0 -fdiagnostics-show-note-include-stack -fmacro-backtrace-limit\=0 -fno-color-diagnostics -fmodules-prune-interval\=86400 -fmodules-prune-after\=345600 -fbuild-session-file\=/Users/barriesanders/Library/Developer/Xcode/DerivedData/ModuleCache.noindex/Session.modulevalidation -fmodules-validate-once-per-build-session -Wnon-modular-include-in-framework-module -Werror\=non-modular-include-in-framework-module -Wno-trigraphs -flto -Wno-missing-field-initializers -Wno-missing-prototypes -Wno-non-virtual-dtor -Wno-overloaded-virtual -Wno-exit-time-destructors -Wno-missing-braces -Wparentheses -Wswitch -Wno-unused-function -Wno-unused-label -Wno-unused-parameter -Wunused-variable -Wunused-value -Wno-empty-body -Wno-uninitialized -Wno-unknown-pragmas -Wno-shadow -Wno-four-char-constants -Wno-conversion -Wno-constant-conversion -Wno-int-conversion -Wno-bool-conversion -Wno-enum-conversion -Wno-float-conversion -Wno-non-literal-null-conversion -Wno-objc-literal-conversion -Wshorten-64-to-32 -Wno-newline-eof -Wno-c++11-extensions -Wno-implicit-fallthrough -fstrict-aliasing -Wdeprecated-declarations -Winvalid-offsetof -Wno-sign-conversion -Wno-infinite-recursion -Wno-move -Wno-comma -Wno-block-capture-autoreleasing -Wno-strict-prototypes -Wno-range-loop-analysis -Wno-semicolon-before-method-body -index-store-path /Users/barriesanders/Library/Developer/Xcode/DerivedData/Nestopia-aslfodajikwbhqggflvpsofjqglc/Index.noindex/DataStore -Wno-switch-enum @/Users/barriesanders/Library/Developer/Xcode/DerivedData/Nestopia-aslfodajikwbhqggflvpsofjqglc/Build/Intermediates.noindex/Nestopia.build/Debug/Nestopia.build/Objects-normal/arm64/82b82416624d2658e5098eb0a28c15c5-common-args.resp -MMD -MT dependencies -MF /Users/barriesanders/Library/Developer/Xcode/DerivedData/Nestopia-aslfodajikwbhqggflvpsofjqglc/Build/Intermediates.noindex/Nestopia.build/Debug/Nestopia.build/Objects-normal/arm64/NstFds.d --serialize-diagnostics /Users/barriesanders/Library/Developer/Xcode/DerivedData/Nestopia-aslfodajikwbhqggflvpsofjqglc/Build/Intermediates.noindex/Nestopia.build/Debug/Nestopia.build/Objects-normal/arm64/NstFds.dia -c /Users/barriesanders/.gemini/antigravity/scratch/OpenEmu_Port/Nestopia/core/NstFds.cpp -o /Users/barriesanders/Library/Developer/Xcode/DerivedData/Nestopia-aslfodajikwbhqggflvpsofjqglc/Build/Intermediates.noindex/Nestopia.build/Debug/Nestopia.build/Objects-normal/arm64/NstFds.o -index-unit-output-path /Nestopia.build/Debug/Nestopia.build/Objects-normal/arm64/NstFds.o
/Users/barriesanders/.gemini/antigravity/scratch/OpenEmu_Port/Nestopia/core/NstFds.cpp:490:6: error: non-constant-expression cannot be narrowed from type 'uint' (aka 'unsigned int') to 'byte' (aka 'unsigned char') in initializer list [-Wc++11-narrowing]
  490 |                                         disks.sides.count,
      |                                         ^~~~~~~~~~~~~~~~~
/Users/barriesanders/.gemini/antigravity/scratch/OpenEmu_Port/Nestopia/core/NstFds.cpp:490:6: note: insert an explicit cast to silence this issue
  490 |                                         disks.sides.count,
      |                                         ^~~~~~~~~~~~~~~~~
      |                                         static_cast<byte>( )
/Users/barriesanders/.gemini/antigravity/scratch/OpenEmu_Port/Nestopia/core/NstFds.cpp:491:6: error: non-constant-expression cannot be narrowed from type 'unsigned int' to 'byte' (aka 'unsigned char') in initializer list [-Wc++11-narrowing]
  491 |                                         (disks.current != Disks::EJECTED) | (disks.writeProtected ? 0x2U : 0x0U),
      |                                         ^~~~~~~~~~~~~~~~~~~~~~~~~~~~~~~~~~~~~~~~~~~~~~~~~~~~~~~~~~~~~~~~~~~~~~~~
/Users/barriesanders/.gemini/antigravity/scratch/OpenEmu_Port/Nestopia/core/NstFds.cpp:491:6: note: insert an explicit cast to silence this issue
  491 |                                         (disks.current != Disks::EJECTED) | (disks.writeProtected ? 0x2U : 0x0U),
      |                                         ^~~~~~~~~~~~~~~~~~~~~~~~~~~~~~~~~~~~~~~~~~~~~~~~~~~~~~~~~~~~~~~~~~~~~~~~
      |                                         static_cast<byte>(                                                      )
/Users/barriesanders/.gemini/antigravity/scratch/OpenEmu_Port/Nestopia/core/NstFds.cpp:492:6: error: non-constant-expression cannot be narrowed from type 'int' to 'byte' (aka 'unsigned char') in initializer list [-Wc++11-narrowing]
  492 |                                         disks.current != Disks::EJECTED ? disks.current : 0xFF,
      |                                         ^~~~~~~~~~~~~~~~~~~~~~~~~~~~~~~~~~~~~~~~~~~~~~~~~~~~~~
/Users/barriesanders/.gemini/antigravity/scratch/OpenEmu_Port/Nestopia/core/NstFds.cpp:492:6: note: insert an explicit cast to silence this issue
  492 |                                         disks.current != Disks::EJECTED ? disks.current : 0xFF,
      |                                         ^~~~~~~~~~~~~~~~~~~~~~~~~~~~~~~~~~~~~~~~~~~~~~~~~~~~~~
      |                                         static_cast<byte>(                                    )
/Users/barriesanders/.gemini/antigravity/scratch/OpenEmu_Port/Nestopia/core/NstFds.cpp:493:6: error: non-constant-expression cannot be narrowed from type 'int' to 'byte' (aka 'unsigned char') in initializer list [-Wc++11-narrowing]
  493 |                                         disks.current != Disks::EJECTED ? disks.mounting : 0
      |                                         ^~~~~~~~~~~~~~~~~~~~~~~~~~~~~~~~~~~~~~~~~~~~~~~~~~~~
/Users/barriesanders/.gemini/antigravity/scratch/OpenEmu_Port/Nestopia/core/NstFds.cpp:493:6: note: insert an explicit cast to silence this issue
  493 |                                         disks.current != Disks::EJECTED ? disks.mounting : 0
      |                                         ^~~~~~~~~~~~~~~~~~~~~~~~~~~~~~~~~~~~~~~~~~~~~~~~~~~~
      |                                         static_cast<byte>(                                  )
/Users/barriesanders/.gemini/antigravity/scratch/OpenEmu_Port/Nestopia/core/NstFds.cpp:750:37: warning: implicit conversion loses integer precision: 'size_type' (aka 'unsigned long') to 'const uint' (aka 'const unsigned int') [-Wshorten-64-to-32]
  750 |                                                 if (const uint raw = data.raw.size())
      |                                                                ~~~   ~~~~~~~~~^~~~~~
/Users/barriesanders/.gemini/antigravity/scratch/OpenEmu_Port/Nestopia/core/NstFds.cpp:915:40: warning: implicit conversion loses integer precision: 'size_type' (aka 'unsigned long') to 'const dword' (aka 'const unsigned int') [-Wshorten-64-to-32]
  915 |                                                 if (const dword size = file.data.size())
      |                                                                 ~~~~   ~~~~~~~~~~^~~~~~
/Users/barriesanders/.gemini/antigravity/scratch/OpenEmu_Port/Nestopia/core/NstFds.cpp:926:32: warning: implicit conversion loses integer precision: 'size_type' (aka 'unsigned long') to 'const idword' (aka 'const int') [-Wshorten-64-to-32]
  926 |                                                 const idword size = data.size();
      |                                                              ~~~~   ~~~~~^~~~~~
/Users/barriesanders/.gemini/antigravity/scratch/OpenEmu_Port/Nestopia/core/NstFds.cpp:1258:6: error: non-constant-expression cannot be narrowed from type 'uint' (aka 'unsigned int') to 'byte' (aka 'unsigned char') in initializer list [-Wc++11-narrowing]
 1258 |                                         unit.timer.ctrl,
      |                                         ^~~~~~~~~~~~~~~
/Users/barriesanders/.gemini/antigravity/scratch/OpenEmu_Port/Nestopia/core/NstFds.cpp:1258:6: note: insert an explicit cast to silence this issue
 1258 |                                         unit.timer.ctrl,
      |                                         ^~~~~~~~~~~~~~~
      |                                         static_cast<byte>( )
/Users/barriesanders/.gemini/antigravity/scratch/OpenEmu_Port/Nestopia/core/NstFds.cpp:1259:6: error: non-constant-expression cannot be narrowed from type 'uint' (aka 'unsigned int') to 'byte' (aka 'unsigned char') in initializer list [-Wc++11-narrowing]
 1259 |                                         unit.status,
      |                                         ^~~~~~~~~~~
/Users/barriesanders/.gemini/antigravity/scratch/OpenEmu_Port/Nestopia/core/NstFds.cpp:1259:6: note: insert an explicit cast to silence this issue
 1259 |                                         unit.status,
      |                                         ^~~~~~~~~~~
      |                                         static_cast<byte>( )
/Users/barriesanders/.gemini/antigravity/scratch/OpenEmu_Port/Nestopia/core/NstFds.cpp:1260:6: error: non-constant-expression cannot be narrowed from type 'unsigned int' to 'byte' (aka 'unsigned char') in initializer list [-Wc++11-narrowing]
 1260 |                                         unit.timer.latch & 0xFFU,
      |                                         ^~~~~~~~~~~~~~~~~~~~~~~~
/Users/barriesanders/.gemini/antigravity/scratch/OpenEmu_Port/Nestopia/core/NstFds.cpp:1260:6: note: insert an explicit cast to silence this issue
 1260 |                                         unit.timer.latch & 0xFFU,
      |                                         ^~~~~~~~~~~~~~~~~~~~~~~~
      |                                         static_cast<byte>(      )
/Users/barriesanders/.gemini/antigravity/scratch/OpenEmu_Port/Nestopia/core/NstFds.cpp:1261:6: error: non-constant-expression cannot be narrowed from type 'int' to 'byte' (aka 'unsigned char') in initializer list [-Wc++11-narrowing]
 1261 |                                         unit.timer.latch >> 8,
      |                                         ^~~~~~~~~~~~~~~~~~~~~
/Users/barriesanders/.gemini/antigravity/scratch/OpenEmu_Port/Nestopia/core/NstFds.cpp:1261:6: note: insert an explicit cast to silence this issue
 1261 |                                         unit.timer.latch >> 8,
      |                                         ^~~~~~~~~~~~~~~~~~~~~
      |                                         static_cast<byte>(   )
/Users/barriesanders/.gemini/antigravity/scratch/OpenEmu_Port/Nestopia/core/NstFds.cpp:1262:6: error: non-constant-expression cannot be narrowed from type 'unsigned int' to 'byte' (aka 'unsigned char') in initializer list [-Wc++11-narrowing]
 1262 |                                         unit.timer.count & 0xFFU,
      |                                         ^~~~~~~~~~~~~~~~~~~~~~~~
/Users/barriesanders/.gemini/antigravity/scratch/OpenEmu_Port/Nestopia/core/NstFds.cpp:1262:6: note: insert an explicit cast to silence this issue
 1262 |                                         unit.timer.count & 0xFFU,
      |                                         ^~~~~~~~~~~~~~~~~~~~~~~~
      |                                         static_cast<byte>(      )
/Users/barriesanders/.gemini/antigravity/scratch/OpenEmu_Port/Nestopia/core/NstFds.cpp:1263:6: error: non-constant-expression cannot be narrowed from type 'int' to 'byte' (aka 'unsigned char') in initializer list [-Wc++11-narrowing]
 1263 |                                         unit.timer.count >> 8,
      |                                         ^~~~~~~~~~~~~~~~~~~~~
/Users/barriesanders/.gemini/antigravity/scratch/OpenEmu_Port/Nestopia/core/NstFds.cpp:1263:6: note: insert an explicit cast to silence this issue
 1263 |                                         unit.timer.count >> 8,
      |                                         ^~~~~~~~~~~~~~~~~~~~~
      |                                         static_cast<byte>(   )
/Users/barriesanders/.gemini/antigravity/scratch/OpenEmu_Port/Nestopia/core/NstFds.cpp:1277:6: error: non-constant-expression cannot be narrowed from type 'unsigned int' to 'byte' (aka 'unsigned char') in initializer list [-Wc++11-narrowing]
 1277 |                                         unit.drive.in & 0xFFU,
      |                                         ^~~~~~~~~~~~~~~~~~~~~
/Users/barriesanders/.gemini/antigravity/scratch/OpenEmu_Port/Nestopia/core/NstFds.cpp:1277:6: note: insert an explicit cast to silence this issue
 1277 |                                         unit.drive.in & 0xFFU,
      |                                         ^~~~~~~~~~~~~~~~~~~~~
      |                                         static_cast<byte>(   )
/Users/barriesanders/.gemini/antigravity/scratch/OpenEmu_Port/Nestopia/core/NstFds.cpp:1279:6: error: non-constant-expression cannot be narrowed from type 'uint' (aka 'unsigned int') to 'byte' (aka 'unsigned char') in initializer list [-Wc++11-narrowing]
 1279 |                                         unit.drive.count ? headPos & 0xFF             : 0,
      |                                         ^~~~~~~~~~~~~~~~~~~~~~~~~~~~~~~~~~~~~~~~~~~~~~~~~
/Users/barriesanders/.gemini/antigravity/scratch/OpenEmu_Port/Nestopia/core/NstFds.cpp:1279:6: note: insert an explicit cast to silence this issue
 1279 |                                         unit.drive.count ? headPos & 0xFF             : 0,
      |                                         ^~~~~~~~~~~~~~~~~~~~~~~~~~~~~~~~~~~~~~~~~~~~~~~~~
      |                                         static_cast<byte>(                               )
/Users/barriesanders/.gemini/antigravity/scratch/OpenEmu_Port/Nestopia/core/NstFds.cpp:1280:6: error: non-constant-expression cannot be narrowed from type 'uint' (aka 'unsigned int') to 'byte' (aka 'unsigned char') in initializer list [-Wc++11-narrowing]
 1280 |                                         unit.drive.count ? headPos >> 8               : 0,
      |                                         ^~~~~~~~~~~~~~~~~~~~~~~~~~~~~~~~~~~~~~~~~~~~~~~~~
/Users/barriesanders/.gemini/antigravity/scratch/OpenEmu_Port/Nestopia/core/NstFds.cpp:1280:6: note: insert an explicit cast to silence this issue
 1280 |                                         unit.drive.count ? headPos >> 8               : 0,
      |                                         ^~~~~~~~~~~~~~~~~~~~~~~~~~~~~~~~~~~~~~~~~~~~~~~~~
      |                                         static_cast<byte>(                               )
/Users/barriesanders/.gemini/antigravity/scratch/OpenEmu_Port/Nestopia/core/NstFds.cpp:1281:6: error: non-constant-expression cannot be narrowed from type 'unsigned int' to 'byte' (aka 'unsigned char') in initializer list [-Wc++11-narrowing]
 1281 |                                         unit.drive.count ? unit.drive.dataPos & 0xFFU : 0,
      |                                         ^~~~~~~~~~~~~~~~~~~~~~~~~~~~~~~~~~~~~~~~~~~~~~~~~
/Users/barriesanders/.gemini/antigravity/scratch/OpenEmu_Port/Nestopia/core/NstFds.cpp:1281:6: note: insert an explicit cast to silence this issue
 1281 |                                         unit.drive.count ? unit.drive.dataPos & 0xFFU : 0,
      |                                         ^~~~~~~~~~~~~~~~~~~~~~~~~~~~~~~~~~~~~~~~~~~~~~~~~
      |                                         static_cast<byte>(                               )
/Users/barriesanders/.gemini/antigravity/scratch/OpenEmu_Port/Nestopia/core/NstFds.cpp:1282:6: error: non-constant-expression cannot be narrowed from type 'int' to 'byte' (aka 'unsigned char') in initializer list [-Wc++11-narrowing]
 1282 |                                         unit.drive.count ? unit.drive.dataPos >> 8    : 0,
      |                                         ^~~~~~~~~~~~~~~~~~~~~~~~~~~~~~~~~~~~~~~~~~~~~~~~~
/Users/barriesanders/.gemini/antigravity/scratch/OpenEmu_Port/Nestopia/core/NstFds.cpp:1282:6: note: insert an explicit cast to silence this issue
 1282 |                                         unit.drive.count ? unit.drive.dataPos >> 8    : 0,
      |                                         ^~~~~~~~~~~~~~~~~~~~~~~~~~~~~~~~~~~~~~~~~~~~~~~~~
      |                                         static_cast<byte>(                               )
/Users/barriesanders/.gemini/antigravity/scratch/OpenEmu_Port/Nestopia/core/NstFds.cpp:1283:6: error: non-constant-expression cannot be narrowed from type 'unsigned int' to 'byte' (aka 'unsigned char') in initializer list [-Wc++11-narrowing]
 1283 |                                         unit.drive.count ? unit.drive.gap & 0xFFU     : 0,
      |                                         ^~~~~~~~~~~~~~~~~~~~~~~~~~~~~~~~~~~~~~~~~~~~~~~~~
/Users/barriesanders/.gemini/antigravity/scratch/OpenEmu_Port/Nestopia/core/NstFds.cpp:1283:6: note: insert an explicit cast to silence this issue
 1283 |                                         unit.drive.count ? unit.drive.gap & 0xFFU     : 0,
      |                                         ^~~~~~~~~~~~~~~~~~~~~~~~~~~~~~~~~~~~~~~~~~~~~~~~~
      |                                         static_cast<byte>(                               )
/Users/barriesanders/.gemini/antigravity/scratch/OpenEmu_Port/Nestopia/core/NstFds.cpp:1284:6: error: non-constant-expression cannot be narrowed from type 'int' to 'byte' (aka 'unsigned char') in initializer list [-Wc++11-narrowing]
 1284 |                                         unit.drive.count ? unit.drive.gap >> 8        : 0,
      |                                         ^~~~~~~~~~~~~~~~~~~~~~~~~~~~~~~~~~~~~~~~~~~~~~~~~
/Users/barriesanders/.gemini/antigravity/scratch/OpenEmu_Port/Nestopia/core/NstFds.cpp:1284:6: note: insert an explicit cast to silence this issue
 1284 |                                         unit.drive.count ? unit.drive.gap >> 8        : 0,
      |                                         ^~~~~~~~~~~~~~~~~~~~~~~~~~~~~~~~~~~~~~~~~~~~~~~~~
      |                                         static_cast<byte>(                               )
/Users/barriesanders/.gemini/antigravity/scratch/OpenEmu_Port/Nestopia/core/NstFds.cpp:1285:6: error: non-constant-expression cannot be narrowed from type 'unsigned int' to 'byte' (aka 'unsigned char') in initializer list [-Wc++11-narrowing]
 1285 |                                         unit.drive.count ? unit.drive.length & 0xFFU  : 0,
      |                                         ^~~~~~~~~~~~~~~~~~~~~~~~~~~~~~~~~~~~~~~~~~~~~~~~~
/Users/barriesanders/.gemini/antigravity/scratch/OpenEmu_Port/Nestopia/core/NstFds.cpp:1285:6: note: insert an explicit cast to silence this issue
 1285 |                                         unit.drive.count ? unit.drive.length & 0xFFU  : 0,
      |                                         ^~~~~~~~~~~~~~~~~~~~~~~~~~~~~~~~~~~~~~~~~~~~~~~~~
      |                                         static_cast<byte>(                               )
/Users/barriesanders/.gemini/antigravity/scratch/OpenEmu_Port/Nestopia/core/NstFds.cpp:1286:6: error: non-constant-expression cannot be narrowed from type 'int' to 'byte' (aka 'unsigned char') in initializer list [-Wc++11-narrowing]
 1286 |                                         unit.drive.count ? unit.drive.length >> 8     : 0,
      |                                         ^~~~~~~~~~~~~~~~~~~~~~~~~~~~~~~~~~~~~~~~~~~~~~~~~
/Users/barriesanders/.gemini/antigravity/scratch/OpenEmu_Port/Nestopia/core/NstFds.cpp:1286:6: note: insert an explicit cast to silence this issue
 1286 |                                         unit.drive.count ? unit.drive.length >> 8     : 0,
      |                                         ^~~~~~~~~~~~~~~~~~~~~~~~~~~~~~~~~~~~~~~~~~~~~~~~~
      |                                         static_cast<byte>(                               )
fatal error: too many errors emitted, stopping now [-ferror-limit=]

CompileC /Users/barriesanders/Library/Developer/Xcode/DerivedData/Nestopia-aslfodajikwbhqggflvpsofjqglc/Build/Intermediates.noindex/Nestopia.build/Debug/Nestopia.build/Objects-normal/arm64/NstCrc32.o /Users/barriesanders/.gemini/antigravity/scratch/OpenEmu_Port/Nestopia/core/NstCrc32.cpp normal arm64 c++ com.apple.compilers.llvm.clang.1_0.compiler (in target 'Nestopia' from project 'Nestopia')
    cd /Users/barriesanders/.gemini/antigravity/scratch/OpenEmu_Port/Nestopia
    
    Using response file: /Users/barriesanders/Library/Developer/Xcode/DerivedData/Nestopia-aslfodajikwbhqggflvpsofjqglc/Build/Intermediates.noindex/Nestopia.build/Debug/Nestopia.build/Objects-normal/arm64/82b82416624d2658e5098eb0a28c15c5-common-args.resp
    
    /Applications/Xcode.app/Contents/Developer/Toolchains/XcodeDefault.xctoolchain/usr/bin/clang -x c++ -ivfsstatcache /Users/barriesanders/Library/Developer/Xcode/DerivedData/SDKStatCaches.noindex/macosx26.2-25C57-3885c01c3e6b6a337905948deab2002e00fa09913b459cbbc988d1f6730289ae.sdkstatcache -fmessage-length\=0 -fdiagnostics-show-note-include-stack -fmacro-backtrace-limit\=0 -fno-color-diagnostics -fmodules-prune-interval\=86400 -fmodules-prune-after\=345600 -fbuild-session-file\=/Users/barriesanders/Library/Developer/Xcode/DerivedData/ModuleCache.noindex/Session.modulevalidation -fmodules-validate-once-per-build-session -Wnon-modular-include-in-framework-module -Werror\=non-modular-include-in-framework-module -Wno-trigraphs -flto -Wno-missing-field-initializers -Wno-missing-prototypes -Wno-non-virtual-dtor -Wno-overloaded-virtual -Wno-exit-time-destructors -Wno-missing-braces -Wparentheses -Wswitch -Wno-unused-function -Wno-unused-label -Wno-unused-parameter -Wunused-variable -Wunused-value -Wno-empty-body -Wno-uninitialized -Wno-unknown-pragmas -Wno-shadow -Wno-four-char-constants -Wno-conversion -Wno-constant-conversion -Wno-int-conversion -Wno-bool-conversion -Wno-enum-conversion -Wno-float-conversion -Wno-non-literal-null-conversion -Wno-objc-literal-conversion -Wshorten-64-to-32 -Wno-newline-eof -Wno-c++11-extensions -Wno-implicit-fallthrough -fstrict-aliasing -Wdeprecated-declarations -Winvalid-offsetof -Wno-sign-conversion -Wno-infinite-recursion -Wno-move -Wno-comma -Wno-block-capture-autoreleasing -Wno-strict-prototypes -Wno-range-loop-analysis -Wno-semicolon-before-method-body -index-store-path /Users/barriesanders/Library/Developer/Xcode/DerivedData/Nestopia-aslfodajikwbhqggflvpsofjqglc/Index.noindex/DataStore -Wno-switch-enum @/Users/barriesanders/Library/Developer/Xcode/DerivedData/Nestopia-aslfodajikwbhqggflvpsofjqglc/Build/Intermediates.noindex/Nestopia.build/Debug/Nestopia.build/Objects-normal/arm64/82b82416624d2658e5098eb0a28c15c5-common-args.resp -MMD -MT dependencies -MF /Users/barriesanders/Library/Developer/Xcode/DerivedData/Nestopia-aslfodajikwbhqggflvpsofjqglc/Build/Intermediates.noindex/Nestopia.build/Debug/Nestopia.build/Objects-normal/arm64/NstCrc32.d --serialize-diagnostics /Users/barriesanders/Library/Developer/Xcode/DerivedData/Nestopia-aslfodajikwbhqggflvpsofjqglc/Build/Intermediates.noindex/Nestopia.build/Debug/Nestopia.build/Objects-normal/arm64/NstCrc32.dia -c /Users/barriesanders/.gemini/antigravity/scratch/OpenEmu_Port/Nestopia/core/NstCrc32.cpp -o /Users/barriesanders/Library/Developer/Xcode/DerivedData/Nestopia-aslfodajikwbhqggflvpsofjqglc/Build/Intermediates.noindex/Nestopia.build/Debug/Nestopia.build/Objects-normal/arm64/NstCrc32.o -index-unit-output-path /Nestopia.build/Debug/Nestopia.build/Objects-normal/arm64/NstCrc32.o

CompileC /Users/barriesanders/Library/Developer/Xcode/DerivedData/Nestopia-aslfodajikwbhqggflvpsofjqglc/Build/Intermediates.noindex/Nestopia.build/Debug/Nestopia.build/Objects-normal/arm64/NstCpu.o /Users/barriesanders/.gemini/antigravity/scratch/OpenEmu_Port/Nestopia/core/NstCpu.cpp normal arm64 c++ com.apple.compilers.llvm.clang.1_0.compiler (in target 'Nestopia' from project 'Nestopia')
    cd /Users/barriesanders/.gemini/antigravity/scratch/OpenEmu_Port/Nestopia
    
    Using response file: /Users/barriesanders/Library/Developer/Xcode/DerivedData/Nestopia-aslfodajikwbhqggflvpsofjqglc/Build/Intermediates.noindex/Nestopia.build/Debug/Nestopia.build/Objects-normal/arm64/82b82416624d2658e5098eb0a28c15c5-common-args.resp
    
    /Applications/Xcode.app/Contents/Developer/Toolchains/XcodeDefault.xctoolchain/usr/bin/clang -x c++ -ivfsstatcache /Users/barriesanders/Library/Developer/Xcode/DerivedData/SDKStatCaches.noindex/macosx26.2-25C57-3885c01c3e6b6a337905948deab2002e00fa09913b459cbbc988d1f6730289ae.sdkstatcache -fmessage-length\=0 -fdiagnostics-show-note-include-stack -fmacro-backtrace-limit\=0 -fno-color-diagnostics -fmodules-prune-interval\=86400 -fmodules-prune-after\=345600 -fbuild-session-file\=/Users/barriesanders/Library/Developer/Xcode/DerivedData/ModuleCache.noindex/Session.modulevalidation -fmodules-validate-once-per-build-session -Wnon-modular-include-in-framework-module -Werror\=non-modular-include-in-framework-module -Wno-trigraphs -flto -Wno-missing-field-initializers -Wno-missing-prototypes -Wno-non-virtual-dtor -Wno-overloaded-virtual -Wno-exit-time-destructors -Wno-missing-braces -Wparentheses -Wswitch -Wno-unused-function -Wno-unused-label -Wno-unused-parameter -Wunused-variable -Wunused-value -Wno-empty-body -Wno-uninitialized -Wno-unknown-pragmas -Wno-shadow -Wno-four-char-constants -Wno-conversion -Wno-constant-conversion -Wno-int-conversion -Wno-bool-conversion -Wno-enum-conversion -Wno-float-conversion -Wno-non-literal-null-conversion -Wno-objc-literal-conversion -Wshorten-64-to-32 -Wno-newline-eof -Wno-c++11-extensions -Wno-implicit-fallthrough -fstrict-aliasing -Wdeprecated-declarations -Winvalid-offsetof -Wno-sign-conversion -Wno-infinite-recursion -Wno-move -Wno-comma -Wno-block-capture-autoreleasing -Wno-strict-prototypes -Wno-range-loop-analysis -Wno-semicolon-before-method-body -index-store-path /Users/barriesanders/Library/Developer/Xcode/DerivedData/Nestopia-aslfodajikwbhqggflvpsofjqglc/Index.noindex/DataStore -Wno-switch-enum @/Users/barriesanders/Library/Developer/Xcode/DerivedData/Nestopia-aslfodajikwbhqggflvpsofjqglc/Build/Intermediates.noindex/Nestopia.build/Debug/Nestopia.build/Objects-normal/arm64/82b82416624d2658e5098eb0a28c15c5-common-args.resp -MMD -MT dependencies -MF /Users/barriesanders/Library/Developer/Xcode/DerivedData/Nestopia-aslfodajikwbhqggflvpsofjqglc/Build/Intermediates.noindex/Nestopia.build/Debug/Nestopia.build/Objects-normal/arm64/NstCpu.d --serialize-diagnostics /Users/barriesanders/Library/Developer/Xcode/DerivedData/Nestopia-aslfodajikwbhqggflvpsofjqglc/Build/Intermediates.noindex/Nestopia.build/Debug/Nestopia.build/Objects-normal/arm64/NstCpu.dia -c /Users/barriesanders/.gemini/antigravity/scratch/OpenEmu_Port/Nestopia/core/NstCpu.cpp -o /Users/barriesanders/Library/Developer/Xcode/DerivedData/Nestopia-aslfodajikwbhqggflvpsofjqglc/Build/Intermediates.noindex/Nestopia.build/Debug/Nestopia.build/Objects-normal/arm64/NstCpu.o -index-unit-output-path /Nestopia.build/Debug/Nestopia.build/Objects-normal/arm64/NstCpu.o
/Users/barriesanders/.gemini/antigravity/scratch/OpenEmu_Port/Nestopia/core/NstCpu.cpp:346:6: error: non-constant-expression cannot be narrowed from type 'uint' (aka 'unsigned int') to 'byte' (aka 'unsigned char') in initializer list [-Wc++11-narrowing]
  346 |                                         pc & 0xFF,
      |                                         ^~~~~~~~~
/Users/barriesanders/.gemini/antigravity/scratch/OpenEmu_Port/Nestopia/core/NstCpu.cpp:346:6: note: insert an explicit cast to silence this issue
  346 |                                         pc & 0xFF,
      |                                         ^~~~~~~~~
      |                                         static_cast<byte>( )
/Users/barriesanders/.gemini/antigravity/scratch/OpenEmu_Port/Nestopia/core/NstCpu.cpp:347:6: error: non-constant-expression cannot be narrowed from type 'uint' (aka 'unsigned int') to 'byte' (aka 'unsigned char') in initializer list [-Wc++11-narrowing]
  347 |                                         pc >> 8,
      |                                         ^~~~~~~
/Users/barriesanders/.gemini/antigravity/scratch/OpenEmu_Port/Nestopia/core/NstCpu.cpp:347:6: note: insert an explicit cast to silence this issue
  347 |                                         pc >> 8,
      |                                         ^~~~~~~
      |                                         static_cast<byte>( )
/Users/barriesanders/.gemini/antigravity/scratch/OpenEmu_Port/Nestopia/core/NstCpu.cpp:348:6: error: non-constant-expression cannot be narrowed from type 'uint' (aka 'unsigned int') to 'byte' (aka 'unsigned char') in initializer list [-Wc++11-narrowing]
  348 |                                         sp,
      |                                         ^~
/Users/barriesanders/.gemini/antigravity/scratch/OpenEmu_Port/Nestopia/core/NstCpu.cpp:348:6: note: insert an explicit cast to silence this issue
  348 |                                         sp,
      |                                         ^~
      |                                         static_cast<byte>( )
/Users/barriesanders/.gemini/antigravity/scratch/OpenEmu_Port/Nestopia/core/NstCpu.cpp:349:6: error: non-constant-expression cannot be narrowed from type 'uint' (aka 'unsigned int') to 'byte' (aka 'unsigned char') in initializer list [-Wc++11-narrowing]
  349 |                                         a,
      |                                         ^
/Users/barriesanders/.gemini/antigravity/scratch/OpenEmu_Port/Nestopia/core/NstCpu.cpp:349:6: note: insert an explicit cast to silence this issue
  349 |                                         a,
      |                                         ^
      |                                         static_cast<byte>( )
/Users/barriesanders/.gemini/antigravity/scratch/OpenEmu_Port/Nestopia/core/NstCpu.cpp:350:6: error: non-constant-expression cannot be narrowed from type 'uint' (aka 'unsigned int') to 'byte' (aka 'unsigned char') in initializer list [-Wc++11-narrowing]
  350 |                                         x,
      |                                         ^
/Users/barriesanders/.gemini/antigravity/scratch/OpenEmu_Port/Nestopia/core/NstCpu.cpp:350:6: note: insert an explicit cast to silence this issue
  350 |                                         x,
      |                                         ^
      |                                         static_cast<byte>( )
/Users/barriesanders/.gemini/antigravity/scratch/OpenEmu_Port/Nestopia/core/NstCpu.cpp:351:6: error: non-constant-expression cannot be narrowed from type 'uint' (aka 'unsigned int') to 'byte' (aka 'unsigned char') in initializer list [-Wc++11-narrowing]
  351 |                                         y,
      |                                         ^
/Users/barriesanders/.gemini/antigravity/scratch/OpenEmu_Port/Nestopia/core/NstCpu.cpp:351:6: note: insert an explicit cast to silence this issue
  351 |                                         y,
      |                                         ^
      |                                         static_cast<byte>( )
/Users/barriesanders/.gemini/antigravity/scratch/OpenEmu_Port/Nestopia/core/NstCpu.cpp:352:6: error: non-constant-expression cannot be narrowed from type 'uint' (aka 'unsigned int') to 'byte' (aka 'unsigned char') in initializer list [-Wc++11-narrowing]
  352 |                                         flags.Pack()
      |                                         ^~~~~~~~~~~~
/Users/barriesanders/.gemini/antigravity/scratch/OpenEmu_Port/Nestopia/core/NstCpu.cpp:352:6: note: insert an explicit cast to silence this issue
  352 |                                         flags.Pack()
      |                                         ^~~~~~~~~~~~
      |                                         static_cast<byte>( )
/Users/barriesanders/.gemini/antigravity/scratch/OpenEmu_Port/Nestopia/core/NstCpu.cpp:363:6: error: non-constant-expression cannot be narrowed from type 'unsigned int' to 'byte' (aka 'unsigned char') in initializer list [-Wc++11-narrowing]
  363 |                                         ((interrupt.nmiClock != CYCLE_MAX) ? 0x01U : 0x00U) |
      |                                         ^~~~~~~~~~~~~~~~~~~~~~~~~~~~~~~~~~~~~~~~~~~~~~~~~~~~~
  364 |                                         ((interrupt.low & IRQ_FRAME)       ? 0x02U : 0x00U) |
      |                                         ~~~~~~~~~~~~~~~~~~~~~~~~~~~~~~~~~~~~~~~~~~~~~~~~~~~~~
  365 |                                         ((interrupt.low & IRQ_DMC)         ? 0x04U : 0x00U) |
      |                                         ~~~~~~~~~~~~~~~~~~~~~~~~~~~~~~~~~~~~~~~~~~~~~~~~~~~~~
  366 |                                         ((interrupt.low & IRQ_EXT)         ? 0x08U : 0x00U) |
      |                                         ~~~~~~~~~~~~~~~~~~~~~~~~~~~~~~~~~~~~~~~~~~~~~~~~~~~~~
  367 |                                         (jammed                            ? 0x40U : 0x00U) |
      |                                         ~~~~~~~~~~~~~~~~~~~~~~~~~~~~~~~~~~~~~~~~~~~~~~~~~~~~~
  368 |                                         (model == CPU_RP2A07 ? 0x80U : model == CPU_DENDY ? 0x20U : 0x00U),
      |                                         ~~~~~~~~~~~~~~~~~~~~~~~~~~~~~~~~~~~~~~~~~~~~~~~~~~~~~~~~~~~~~~~~~~
/Users/barriesanders/.gemini/antigravity/scratch/OpenEmu_Port/Nestopia/core/NstCpu.cpp:363:6: note: insert an explicit cast to silence this issue
  363 |                                         ((interrupt.nmiClock != CYCLE_MAX) ? 0x01U : 0x00U) |
      |                                         ^~~~~~~~~~~~~~~~~~~~~~~~~~~~~~~~~~~~~~~~~~~~~~~~~~~~~
      |                                         static_cast<byte>(
  364 |                                         ((interrupt.low & IRQ_FRAME)       ? 0x02U : 0x00U) |
      |                                         ~~~~~~~~~~~~~~~~~~~~~~~~~~~~~~~~~~~~~~~~~~~~~~~~~~~~~
  365 |                                         ((interrupt.low & IRQ_DMC)         ? 0x04U : 0x00U) |
      |                                         ~~~~~~~~~~~~~~~~~~~~~~~~~~~~~~~~~~~~~~~~~~~~~~~~~~~~~
  366 |                                         ((interrupt.low & IRQ_EXT)         ? 0x08U : 0x00U) |
      |                                         ~~~~~~~~~~~~~~~~~~~~~~~~~~~~~~~~~~~~~~~~~~~~~~~~~~~~~
  367 |                                         (jammed                            ? 0x40U : 0x00U) |
      |                                         ~~~~~~~~~~~~~~~~~~~~~~~~~~~~~~~~~~~~~~~~~~~~~~~~~~~~~
  368 |                                         (model == CPU_RP2A07 ? 0x80U : model == CPU_DENDY ? 0x20U : 0x00U),
      |                                         ~~~~~~~~~~~~~~~~~~~~~~~~~~~~~~~~~~~~~~~~~~~~~~~~~~~~~~~~~~~~~~~~~~
      |                                                                                                           )
/Users/barriesanders/.gemini/antigravity/scratch/OpenEmu_Port/Nestopia/core/NstCpu.cpp:369:6: error: non-constant-expression cannot be narrowed from type 'Cycle' (aka 'unsigned int') to 'byte' (aka 'unsigned char') in initializer list [-Wc++11-narrowing]
  369 |                                         cycles.count & 0xFF,
      |                                         ^~~~~~~~~~~~~~~~~~~
/Users/barriesanders/.gemini/antigravity/scratch/OpenEmu_Port/Nestopia/core/NstCpu.cpp:369:6: note: insert an explicit cast to silence this issue
  369 |                                         cycles.count & 0xFF,
      |                                         ^~~~~~~~~~~~~~~~~~~
      |                                         static_cast<byte>( )
/Users/barriesanders/.gemini/antigravity/scratch/OpenEmu_Port/Nestopia/core/NstCpu.cpp:370:6: error: non-constant-expression cannot be narrowed from type 'Cycle' (aka 'unsigned int') to 'byte' (aka 'unsigned char') in initializer list [-Wc++11-narrowing]
  370 |                                         cycles.count >> 8,
      |                                         ^~~~~~~~~~~~~~~~~
/Users/barriesanders/.gemini/antigravity/scratch/OpenEmu_Port/Nestopia/core/NstCpu.cpp:370:6: note: insert an explicit cast to silence this issue
  370 |                                         cycles.count >> 8,
      |                                         ^~~~~~~~~~~~~~~~~
      |                                         static_cast<byte>( )
/Users/barriesanders/.gemini/antigravity/scratch/OpenEmu_Port/Nestopia/core/NstCpu.cpp:371:6: error: non-constant-expression cannot be narrowed from type 'Cycle' (aka 'unsigned int') to 'byte' (aka 'unsigned char') in initializer list [-Wc++11-narrowing]
  371 |                                         (interrupt.nmiClock != CYCLE_MAX) ? interrupt.nmiClock+1 : 0,
      |                                         ^~~~~~~~~~~~~~~~~~~~~~~~~~~~~~~~~~~~~~~~~~~~~~~~~~~~~~~~~~~~
/Users/barriesanders/.gemini/antigravity/scratch/OpenEmu_Port/Nestopia/core/NstCpu.cpp:371:6: note: insert an explicit cast to silence this issue
  371 |                                         (interrupt.nmiClock != CYCLE_MAX) ? interrupt.nmiClock+1 : 0,
      |                                         ^~~~~~~~~~~~~~~~~~~~~~~~~~~~~~~~~~~~~~~~~~~~~~~~~~~~~~~~~~~~
      |                                         static_cast<byte>(                                          )
/Users/barriesanders/.gemini/antigravity/scratch/OpenEmu_Port/Nestopia/core/NstCpu.cpp:372:6: error: non-constant-expression cannot be narrowed from type 'Cycle' (aka 'unsigned int') to 'byte' (aka 'unsigned char') in initializer list [-Wc++11-narrowing]
  372 |                                         (interrupt.irqClock != CYCLE_MAX) ? interrupt.irqClock+1 : 0
      |                                         ^~~~~~~~~~~~~~~~~~~~~~~~~~~~~~~~~~~~~~~~~~~~~~~~~~~~~~~~~~~~
/Users/barriesanders/.gemini/antigravity/scratch/OpenEmu_Port/Nestopia/core/NstCpu.cpp:372:6: note: insert an explicit cast to silence this issue
  372 |                                         (interrupt.irqClock != CYCLE_MAX) ? interrupt.irqClock+1 : 0
      |                                         ^~~~~~~~~~~~~~~~~~~~~~~~~~~~~~~~~~~~~~~~~~~~~~~~~~~~~~~~~~~~
      |                                         static_cast<byte>(                                          )
12 errors generated.

CompileC /Users/barriesanders/Library/Developer/Xcode/DerivedData/Nestopia-aslfodajikwbhqggflvpsofjqglc/Build/Intermediates.noindex/Nestopia.build/Debug/Nestopia.build/Objects-normal/arm64/NstCore.o /Users/barriesanders/.gemini/antigravity/scratch/OpenEmu_Port/Nestopia/core/NstCore.cpp normal arm64 c++ com.apple.compilers.llvm.clang.1_0.compiler (in target 'Nestopia' from project 'Nestopia')
    cd /Users/barriesanders/.gemini/antigravity/scratch/OpenEmu_Port/Nestopia
    
    Using response file: /Users/barriesanders/Library/Developer/Xcode/DerivedData/Nestopia-aslfodajikwbhqggflvpsofjqglc/Build/Intermediates.noindex/Nestopia.build/Debug/Nestopia.build/Objects-normal/arm64/82b82416624d2658e5098eb0a28c15c5-common-args.resp
    
    /Applications/Xcode.app/Contents/Developer/Toolchains/XcodeDefault.xctoolchain/usr/bin/clang -x c++ -ivfsstatcache /Users/barriesanders/Library/Developer/Xcode/DerivedData/SDKStatCaches.noindex/macosx26.2-25C57-3885c01c3e6b6a337905948deab2002e00fa09913b459cbbc988d1f6730289ae.sdkstatcache -fmessage-length\=0 -fdiagnostics-show-note-include-stack -fmacro-backtrace-limit\=0 -fno-color-diagnostics -fmodules-prune-interval\=86400 -fmodules-prune-after\=345600 -fbuild-session-file\=/Users/barriesanders/Library/Developer/Xcode/DerivedData/ModuleCache.noindex/Session.modulevalidation -fmodules-validate-once-per-build-session -Wnon-modular-include-in-framework-module -Werror\=non-modular-include-in-framework-module -Wno-trigraphs -flto -Wno-missing-field-initializers -Wno-missing-prototypes -Wno-non-virtual-dtor -Wno-overloaded-virtual -Wno-exit-time-destructors -Wno-missing-braces -Wparentheses -Wswitch -Wno-unused-function -Wno-unused-label -Wno-unused-parameter -Wunused-variable -Wunused-value -Wno-empty-body -Wno-uninitialized -Wno-unknown-pragmas -Wno-shadow -Wno-four-char-constants -Wno-conversion -Wno-constant-conversion -Wno-int-conversion -Wno-bool-conversion -Wno-enum-conversion -Wno-float-conversion -Wno-non-literal-null-conversion -Wno-objc-literal-conversion -Wshorten-64-to-32 -Wno-newline-eof -Wno-c++11-extensions -Wno-implicit-fallthrough -fstrict-aliasing -Wdeprecated-declarations -Winvalid-offsetof -Wno-sign-conversion -Wno-infinite-recursion -Wno-move -Wno-comma -Wno-block-capture-autoreleasing -Wno-strict-prototypes -Wno-range-loop-analysis -Wno-semicolon-before-method-body -index-store-path /Users/barriesanders/Library/Developer/Xcode/DerivedData/Nestopia-aslfodajikwbhqggflvpsofjqglc/Index.noindex/DataStore -Wno-switch-enum @/Users/barriesanders/Library/Developer/Xcode/DerivedData/Nestopia-aslfodajikwbhqggflvpsofjqglc/Build/Intermediates.noindex/Nestopia.build/Debug/Nestopia.build/Objects-normal/arm64/82b82416624d2658e5098eb0a28c15c5-common-args.resp -MMD -MT dependencies -MF /Users/barriesanders/Library/Developer/Xcode/DerivedData/Nestopia-aslfodajikwbhqggflvpsofjqglc/Build/Intermediates.noindex/Nestopia.build/Debug/Nestopia.build/Objects-normal/arm64/NstCore.d --serialize-diagnostics /Users/barriesanders/Library/Developer/Xcode/DerivedData/Nestopia-aslfodajikwbhqggflvpsofjqglc/Build/Intermediates.noindex/Nestopia.build/Debug/Nestopia.build/Objects-normal/arm64/NstCore.dia -c /Users/barriesanders/.gemini/antigravity/scratch/OpenEmu_Port/Nestopia/core/NstCore.cpp -o /Users/barriesanders/Library/Developer/Xcode/DerivedData/Nestopia-aslfodajikwbhqggflvpsofjqglc/Build/Intermediates.noindex/Nestopia.build/Debug/Nestopia.build/Objects-normal/arm64/NstCore.o -index-unit-output-path /Nestopia.build/Debug/Nestopia.build/Objects-normal/arm64/NstCore.o

CompileC /Users/barriesanders/Library/Developer/Xcode/DerivedData/Nestopia-aslfodajikwbhqggflvpsofjqglc/Build/Intermediates.noindex/Nestopia.build/Debug/Nestopia.build/Objects-normal/arm64/NstChips.o /Users/barriesanders/.gemini/antigravity/scratch/OpenEmu_Port/Nestopia/core/NstChips.cpp normal arm64 c++ com.apple.compilers.llvm.clang.1_0.compiler (in target 'Nestopia' from project 'Nestopia')
    cd /Users/barriesanders/.gemini/antigravity/scratch/OpenEmu_Port/Nestopia
    
    Using response file: /Users/barriesanders/Library/Developer/Xcode/DerivedData/Nestopia-aslfodajikwbhqggflvpsofjqglc/Build/Intermediates.noindex/Nestopia.build/Debug/Nestopia.build/Objects-normal/arm64/82b82416624d2658e5098eb0a28c15c5-common-args.resp
    
    /Applications/Xcode.app/Contents/Developer/Toolchains/XcodeDefault.xctoolchain/usr/bin/clang -x c++ -ivfsstatcache /Users/barriesanders/Library/Developer/Xcode/DerivedData/SDKStatCaches.noindex/macosx26.2-25C57-3885c01c3e6b6a337905948deab2002e00fa09913b459cbbc988d1f6730289ae.sdkstatcache -fmessage-length\=0 -fdiagnostics-show-note-include-stack -fmacro-backtrace-limit\=0 -fno-color-diagnostics -fmodules-prune-interval\=86400 -fmodules-prune-after\=345600 -fbuild-session-file\=/Users/barriesanders/Library/Developer/Xcode/DerivedData/ModuleCache.noindex/Session.modulevalidation -fmodules-validate-once-per-build-session -Wnon-modular-include-in-framework-module -Werror\=non-modular-include-in-framework-module -Wno-trigraphs -flto -Wno-missing-field-initializers -Wno-missing-prototypes -Wno-non-virtual-dtor -Wno-overloaded-virtual -Wno-exit-time-destructors -Wno-missing-braces -Wparentheses -Wswitch -Wno-unused-function -Wno-unused-label -Wno-unused-parameter -Wunused-variable -Wunused-value -Wno-empty-body -Wno-uninitialized -Wno-unknown-pragmas -Wno-shadow -Wno-four-char-constants -Wno-conversion -Wno-constant-conversion -Wno-int-conversion -Wno-bool-conversion -Wno-enum-conversion -Wno-float-conversion -Wno-non-literal-null-conversion -Wno-objc-literal-conversion -Wshorten-64-to-32 -Wno-newline-eof -Wno-c++11-extensions -Wno-implicit-fallthrough -fstrict-aliasing -Wdeprecated-declarations -Winvalid-offsetof -Wno-sign-conversion -Wno-infinite-recursion -Wno-move -Wno-comma -Wno-block-capture-autoreleasing -Wno-strict-prototypes -Wno-range-loop-analysis -Wno-semicolon-before-method-body -index-store-path /Users/barriesanders/Library/Developer/Xcode/DerivedData/Nestopia-aslfodajikwbhqggflvpsofjqglc/Index.noindex/DataStore -Wno-switch-enum @/Users/barriesanders/Library/Developer/Xcode/DerivedData/Nestopia-aslfodajikwbhqggflvpsofjqglc/Build/Intermediates.noindex/Nestopia.build/Debug/Nestopia.build/Objects-normal/arm64/82b82416624d2658e5098eb0a28c15c5-common-args.resp -MMD -MT dependencies -MF /Users/barriesanders/Library/Developer/Xcode/DerivedData/Nestopia-aslfodajikwbhqggflvpsofjqglc/Build/Intermediates.noindex/Nestopia.build/Debug/Nestopia.build/Objects-normal/arm64/NstChips.d --serialize-diagnostics /Users/barriesanders/Library/Developer/Xcode/DerivedData/Nestopia-aslfodajikwbhqggflvpsofjqglc/Build/Intermediates.noindex/Nestopia.build/Debug/Nestopia.build/Objects-normal/arm64/NstChips.dia -c /Users/barriesanders/.gemini/antigravity/scratch/OpenEmu_Port/Nestopia/core/NstChips.cpp -o /Users/barriesanders/Library/Developer/Xcode/DerivedData/Nestopia-aslfodajikwbhqggflvpsofjqglc/Build/Intermediates.noindex/Nestopia.build/Debug/Nestopia.build/Objects-normal/arm64/NstChips.o -index-unit-output-path /Nestopia.build/Debug/Nestopia.build/Objects-normal/arm64/NstChips.o

CompileC /Users/barriesanders/Library/Developer/Xcode/DerivedData/Nestopia-aslfodajikwbhqggflvpsofjqglc/Build/Intermediates.noindex/Nestopia.build/Debug/Nestopia.build/Objects-normal/arm64/NstChecksum.o /Users/barriesanders/.gemini/antigravity/scratch/OpenEmu_Port/Nestopia/core/NstChecksum.cpp normal arm64 c++ com.apple.compilers.llvm.clang.1_0.compiler (in target 'Nestopia' from project 'Nestopia')
    cd /Users/barriesanders/.gemini/antigravity/scratch/OpenEmu_Port/Nestopia
    
    Using response file: /Users/barriesanders/Library/Developer/Xcode/DerivedData/Nestopia-aslfodajikwbhqggflvpsofjqglc/Build/Intermediates.noindex/Nestopia.build/Debug/Nestopia.build/Objects-normal/arm64/82b82416624d2658e5098eb0a28c15c5-common-args.resp
    
    /Applications/Xcode.app/Contents/Developer/Toolchains/XcodeDefault.xctoolchain/usr/bin/clang -x c++ -ivfsstatcache /Users/barriesanders/Library/Developer/Xcode/DerivedData/SDKStatCaches.noindex/macosx26.2-25C57-3885c01c3e6b6a337905948deab2002e00fa09913b459cbbc988d1f6730289ae.sdkstatcache -fmessage-length\=0 -fdiagnostics-show-note-include-stack -fmacro-backtrace-limit\=0 -fno-color-diagnostics -fmodules-prune-interval\=86400 -fmodules-prune-after\=345600 -fbuild-session-file\=/Users/barriesanders/Library/Developer/Xcode/DerivedData/ModuleCache.noindex/Session.modulevalidation -fmodules-validate-once-per-build-session -Wnon-modular-include-in-framework-module -Werror\=non-modular-include-in-framework-module -Wno-trigraphs -flto -Wno-missing-field-initializers -Wno-missing-prototypes -Wno-non-virtual-dtor -Wno-overloaded-virtual -Wno-exit-time-destructors -Wno-missing-braces -Wparentheses -Wswitch -Wno-unused-function -Wno-unused-label -Wno-unused-parameter -Wunused-variable -Wunused-value -Wno-empty-body -Wno-uninitialized -Wno-unknown-pragmas -Wno-shadow -Wno-four-char-constants -Wno-conversion -Wno-constant-conversion -Wno-int-conversion -Wno-bool-conversion -Wno-enum-conversion -Wno-float-conversion -Wno-non-literal-null-conversion -Wno-objc-literal-conversion -Wshorten-64-to-32 -Wno-newline-eof -Wno-c++11-extensions -Wno-implicit-fallthrough -fstrict-aliasing -Wdeprecated-declarations -Winvalid-offsetof -Wno-sign-conversion -Wno-infinite-recursion -Wno-move -Wno-comma -Wno-block-capture-autoreleasing -Wno-strict-prototypes -Wno-range-loop-analysis -Wno-semicolon-before-method-body -index-store-path /Users/barriesanders/Library/Developer/Xcode/DerivedData/Nestopia-aslfodajikwbhqggflvpsofjqglc/Index.noindex/DataStore -Wno-switch-enum @/Users/barriesanders/Library/Developer/Xcode/DerivedData/Nestopia-aslfodajikwbhqggflvpsofjqglc/Build/Intermediates.noindex/Nestopia.build/Debug/Nestopia.build/Objects-normal/arm64/82b82416624d2658e5098eb0a28c15c5-common-args.resp -MMD -MT dependencies -MF /Users/barriesanders/Library/Developer/Xcode/DerivedData/Nestopia-aslfodajikwbhqggflvpsofjqglc/Build/Intermediates.noindex/Nestopia.build/Debug/Nestopia.build/Objects-normal/arm64/NstChecksum.d --serialize-diagnostics /Users/barriesanders/Library/Developer/Xcode/DerivedData/Nestopia-aslfodajikwbhqggflvpsofjqglc/Build/Intermediates.noindex/Nestopia.build/Debug/Nestopia.build/Objects-normal/arm64/NstChecksum.dia -c /Users/barriesanders/.gemini/antigravity/scratch/OpenEmu_Port/Nestopia/core/NstChecksum.cpp -o /Users/barriesanders/Library/Developer/Xcode/DerivedData/Nestopia-aslfodajikwbhqggflvpsofjqglc/Build/Intermediates.noindex/Nestopia.build/Debug/Nestopia.build/Objects-normal/arm64/NstChecksum.o -index-unit-output-path /Nestopia.build/Debug/Nestopia.build/Objects-normal/arm64/NstChecksum.o

CompileC /Users/barriesanders/Library/Developer/Xcode/DerivedData/Nestopia-aslfodajikwbhqggflvpsofjqglc/Build/Intermediates.noindex/Nestopia.build/Debug/Nestopia.build/Objects-normal/arm64/NstCheats.o /Users/barriesanders/.gemini/antigravity/scratch/OpenEmu_Port/Nestopia/core/NstCheats.cpp normal arm64 c++ com.apple.compilers.llvm.clang.1_0.compiler (in target 'Nestopia' from project 'Nestopia')
    cd /Users/barriesanders/.gemini/antigravity/scratch/OpenEmu_Port/Nestopia
    
    Using response file: /Users/barriesanders/Library/Developer/Xcode/DerivedData/Nestopia-aslfodajikwbhqggflvpsofjqglc/Build/Intermediates.noindex/Nestopia.build/Debug/Nestopia.build/Objects-normal/arm64/82b82416624d2658e5098eb0a28c15c5-common-args.resp
    
    /Applications/Xcode.app/Contents/Developer/Toolchains/XcodeDefault.xctoolchain/usr/bin/clang -x c++ -ivfsstatcache /Users/barriesanders/Library/Developer/Xcode/DerivedData/SDKStatCaches.noindex/macosx26.2-25C57-3885c01c3e6b6a337905948deab2002e00fa09913b459cbbc988d1f6730289ae.sdkstatcache -fmessage-length\=0 -fdiagnostics-show-note-include-stack -fmacro-backtrace-limit\=0 -fno-color-diagnostics -fmodules-prune-interval\=86400 -fmodules-prune-after\=345600 -fbuild-session-file\=/Users/barriesanders/Library/Developer/Xcode/DerivedData/ModuleCache.noindex/Session.modulevalidation -fmodules-validate-once-per-build-session -Wnon-modular-include-in-framework-module -Werror\=non-modular-include-in-framework-module -Wno-trigraphs -flto -Wno-missing-field-initializers -Wno-missing-prototypes -Wno-non-virtual-dtor -Wno-overloaded-virtual -Wno-exit-time-destructors -Wno-missing-braces -Wparentheses -Wswitch -Wno-unused-function -Wno-unused-label -Wno-unused-parameter -Wunused-variable -Wunused-value -Wno-empty-body -Wno-uninitialized -Wno-unknown-pragmas -Wno-shadow -Wno-four-char-constants -Wno-conversion -Wno-constant-conversion -Wno-int-conversion -Wno-bool-conversion -Wno-enum-conversion -Wno-float-conversion -Wno-non-literal-null-conversion -Wno-objc-literal-conversion -Wshorten-64-to-32 -Wno-newline-eof -Wno-c++11-extensions -Wno-implicit-fallthrough -fstrict-aliasing -Wdeprecated-declarations -Winvalid-offsetof -Wno-sign-conversion -Wno-infinite-recursion -Wno-move -Wno-comma -Wno-block-capture-autoreleasing -Wno-strict-prototypes -Wno-range-loop-analysis -Wno-semicolon-before-method-body -index-store-path /Users/barriesanders/Library/Developer/Xcode/DerivedData/Nestopia-aslfodajikwbhqggflvpsofjqglc/Index.noindex/DataStore -Wno-switch-enum @/Users/barriesanders/Library/Developer/Xcode/DerivedData/Nestopia-aslfodajikwbhqggflvpsofjqglc/Build/Intermediates.noindex/Nestopia.build/Debug/Nestopia.build/Objects-normal/arm64/82b82416624d2658e5098eb0a28c15c5-common-args.resp -MMD -MT dependencies -MF /Users/barriesanders/Library/Developer/Xcode/DerivedData/Nestopia-aslfodajikwbhqggflvpsofjqglc/Build/Intermediates.noindex/Nestopia.build/Debug/Nestopia.build/Objects-normal/arm64/NstCheats.d --serialize-diagnostics /Users/barriesanders/Library/Developer/Xcode/DerivedData/Nestopia-aslfodajikwbhqggflvpsofjqglc/Build/Intermediates.noindex/Nestopia.build/Debug/Nestopia.build/Objects-normal/arm64/NstCheats.dia -c /Users/barriesanders/.gemini/antigravity/scratch/OpenEmu_Port/Nestopia/core/NstCheats.cpp -o /Users/barriesanders/Library/Developer/Xcode/DerivedData/Nestopia-aslfodajikwbhqggflvpsofjqglc/Build/Intermediates.noindex/Nestopia.build/Debug/Nestopia.build/Objects-normal/arm64/NstCheats.o -index-unit-output-path /Nestopia.build/Debug/Nestopia.build/Objects-normal/arm64/NstCheats.o

** BUILD FAILED **


The following build commands failed:
	CompileC /Users/barriesanders/Library/Developer/Xcode/DerivedData/Nestopia-aslfodajikwbhqggflvpsofjqglc/Build/Intermediates.noindex/Nestopia.build/Debug/Nestopia.build/Objects-normal/arm64/NstCpu.o /Users/barriesanders/.gemini/antigravity/scratch/OpenEmu_Port/Nestopia/core/NstCpu.cpp normal arm64 c++ com.apple.compilers.llvm.clang.1_0.compiler (in target 'Nestopia' from project 'Nestopia')
	Building project Nestopia with scheme Nestopia
(2 failures)
