Command line invocation:
    /Applications/Xcode.app/Contents/Developer/usr/bin/xcodebuild -project Nestopia/Nestopia.xcodeproj -scheme Nestopia -arch arm64 build

Build settings from command line:
    ARCHS = arm64

2026-01-27 19:40:50.219 xcodebuild[94064:1319002] [MT] IDERunDestination: Supported platforms for the buildables in the current scheme is empty.
--- xcodebuild: WARNING: Using the first of multiple matching destinations:
{ platform:macOS, arch:arm64, id:00006001-001A50163A02801E, name:My Mac }
{ platform:macOS, arch:x86_64, id:00006001-001A50163A02801E, name:My Mac }
{ platform:macOS, name:Any Mac }
ComputePackagePrebuildTargetDependencyGraph

Prepare packages

CreateBuildRequest

SendProjectDescription

CreateBuildOperation

ComputeTargetDependencyGraph
note: Building targets in dependency order
note: Target dependency graph (1 target)
    Target 'Nestopia' in project 'Nestopia' (no dependencies)

GatherProvisioningInputs

CreateBuildDescription

ClangStatCache /Applications/Xcode.app/Contents/Developer/Toolchains/XcodeDefault.xctoolchain/usr/bin/clang-stat-cache /Applications/Xcode.app/Contents/Developer/Platforms/MacOSX.platform/Developer/SDKs/MacOSX26.2.sdk /Users/barriesanders/Library/Developer/Xcode/DerivedData/SDKStatCaches.noindex/macosx26.2-25C57-3885c01c3e6b6a337905948deab2002e00fa09913b459cbbc988d1f6730289ae.sdkstatcache
    cd /Users/barriesanders/.gemini/antigravity/scratch/OpenEmu_Port/Nestopia/Nestopia.xcodeproj
    /Applications/Xcode.app/Contents/Developer/Toolchains/XcodeDefault.xctoolchain/usr/bin/clang-stat-cache /Applications/Xcode.app/Contents/Developer/Platforms/MacOSX.platform/Developer/SDKs/MacOSX26.2.sdk -o /Users/barriesanders/Library/Developer/Xcode/DerivedData/SDKStatCaches.noindex/macosx26.2-25C57-3885c01c3e6b6a337905948deab2002e00fa09913b459cbbc988d1f6730289ae.sdkstatcache

/Users/barriesanders/.gemini/antigravity/scratch/OpenEmu_Port/Nestopia/Nestopia.xcodeproj: warning: The macOS deployment target 'MACOSX_DEPLOYMENT_TARGET' is set to 10.11, but the range of supported deployment target versions is 10.13 to 26.2.99. (in target 'Nestopia' from project 'Nestopia')
CompileC /Users/barriesanders/Library/Developer/Xcode/DerivedData/Nestopia-aslfodajikwbhqggflvpsofjqglc/Build/Intermediates.noindex/Nestopia.build/Debug/Nestopia.build/Objects-normal/arm64/NstBoardAcclaimMcAcc.o /Users/barriesanders/.gemini/antigravity/scratch/OpenEmu_Port/Nestopia/core/board/NstBoardAcclaimMcAcc.cpp normal arm64 c++ com.apple.compilers.llvm.clang.1_0.compiler (in target 'Nestopia' from project 'Nestopia')
    cd /Users/barriesanders/.gemini/antigravity/scratch/OpenEmu_Port/Nestopia
    
    Using response file: /Users/barriesanders/Library/Developer/Xcode/DerivedData/Nestopia-aslfodajikwbhqggflvpsofjqglc/Build/Intermediates.noindex/Nestopia.build/Debug/Nestopia.build/Objects-normal/arm64/82b82416624d2658e5098eb0a28c15c5-common-args.resp
    
    /Applications/Xcode.app/Contents/Developer/Toolchains/XcodeDefault.xctoolchain/usr/bin/clang -x c++ -ivfsstatcache /Users/barriesanders/Library/Developer/Xcode/DerivedData/SDKStatCaches.noindex/macosx26.2-25C57-3885c01c3e6b6a337905948deab2002e00fa09913b459cbbc988d1f6730289ae.sdkstatcache -fmessage-length\=0 -fdiagnostics-show-note-include-stack -fmacro-backtrace-limit\=0 -fno-color-diagnostics -fmodules-prune-interval\=86400 -fmodules-prune-after\=345600 -fbuild-session-file\=/Users/barriesanders/Library/Developer/Xcode/DerivedData/ModuleCache.noindex/Session.modulevalidation -fmodules-validate-once-per-build-session -Wnon-modular-include-in-framework-module -Werror\=non-modular-include-in-framework-module -Wno-trigraphs -flto -Wno-missing-field-initializers -Wno-missing-prototypes -Wno-non-virtual-dtor -Wno-overloaded-virtual -Wno-exit-time-destructors -Wno-missing-braces -Wparentheses -Wswitch -Wno-unused-function -Wno-unused-label -Wno-unused-parameter -Wunused-variable -Wunused-value -Wno-empty-body -Wno-uninitialized -Wno-unknown-pragmas -Wno-shadow -Wno-four-char-constants -Wno-conversion -Wno-constant-conversion -Wno-int-conversion -Wno-bool-conversion -Wno-enum-conversion -Wno-float-conversion -Wno-non-literal-null-conversion -Wno-objc-literal-conversion -Wshorten-64-to-32 -Wno-newline-eof -Wno-c++11-extensions -Wno-implicit-fallthrough -fstrict-aliasing -Wdeprecated-declarations -Winvalid-offsetof -Wno-sign-conversion -Wno-infinite-recursion -Wno-move -Wno-comma -Wno-block-capture-autoreleasing -Wno-strict-prototypes -Wno-range-loop-analysis -Wno-semicolon-before-method-body -index-store-path /Users/barriesanders/Library/Developer/Xcode/DerivedData/Nestopia-aslfodajikwbhqggflvpsofjqglc/Index.noindex/DataStore -Wno-switch-enum @/Users/barriesanders/Library/Developer/Xcode/DerivedData/Nestopia-aslfodajikwbhqggflvpsofjqglc/Build/Intermediates.noindex/Nestopia.build/Debug/Nestopia.build/Objects-normal/arm64/82b82416624d2658e5098eb0a28c15c5-common-args.resp -MMD -MT dependencies -MF /Users/barriesanders/Library/Developer/Xcode/DerivedData/Nestopia-aslfodajikwbhqggflvpsofjqglc/Build/Intermediates.noindex/Nestopia.build/Debug/Nestopia.build/Objects-normal/arm64/NstBoardAcclaimMcAcc.d --serialize-diagnostics /Users/barriesanders/Library/Developer/Xcode/DerivedData/Nestopia-aslfodajikwbhqggflvpsofjqglc/Build/Intermediates.noindex/Nestopia.build/Debug/Nestopia.build/Objects-normal/arm64/NstBoardAcclaimMcAcc.dia -c /Users/barriesanders/.gemini/antigravity/scratch/OpenEmu_Port/Nestopia/core/board/NstBoardAcclaimMcAcc.cpp -o /Users/barriesanders/Library/Developer/Xcode/DerivedData/Nestopia-aslfodajikwbhqggflvpsofjqglc/Build/Intermediates.noindex/Nestopia.build/Debug/Nestopia.build/Objects-normal/arm64/NstBoardAcclaimMcAcc.o -index-unit-output-path /Nestopia.build/Debug/Nestopia.build/Objects-normal/arm64/NstBoardAcclaimMcAcc.o

CompileC /Users/barriesanders/Library/Developer/Xcode/DerivedData/Nestopia-aslfodajikwbhqggflvpsofjqglc/Build/Intermediates.noindex/Nestopia.build/Debug/Nestopia.build/Objects-normal/arm64/NstImageDatabase.o /Users/barriesanders/.gemini/antigravity/scratch/OpenEmu_Port/Nestopia/core/NstImageDatabase.cpp normal arm64 c++ com.apple.compilers.llvm.clang.1_0.compiler (in target 'Nestopia' from project 'Nestopia')
    cd /Users/barriesanders/.gemini/antigravity/scratch/OpenEmu_Port/Nestopia
    
    Using response file: /Users/barriesanders/Library/Developer/Xcode/DerivedData/Nestopia-aslfodajikwbhqggflvpsofjqglc/Build/Intermediates.noindex/Nestopia.build/Debug/Nestopia.build/Objects-normal/arm64/82b82416624d2658e5098eb0a28c15c5-common-args.resp
    
    /Applications/Xcode.app/Contents/Developer/Toolchains/XcodeDefault.xctoolchain/usr/bin/clang -x c++ -ivfsstatcache /Users/barriesanders/Library/Developer/Xcode/DerivedData/SDKStatCaches.noindex/macosx26.2-25C57-3885c01c3e6b6a337905948deab2002e00fa09913b459cbbc988d1f6730289ae.sdkstatcache -fmessage-length\=0 -fdiagnostics-show-note-include-stack -fmacro-backtrace-limit\=0 -fno-color-diagnostics -fmodules-prune-interval\=86400 -fmodules-prune-after\=345600 -fbuild-session-file\=/Users/barriesanders/Library/Developer/Xcode/DerivedData/ModuleCache.noindex/Session.modulevalidation -fmodules-validate-once-per-build-session -Wnon-modular-include-in-framework-module -Werror\=non-modular-include-in-framework-module -Wno-trigraphs -flto -Wno-missing-field-initializers -Wno-missing-prototypes -Wno-non-virtual-dtor -Wno-overloaded-virtual -Wno-exit-time-destructors -Wno-missing-braces -Wparentheses -Wswitch -Wno-unused-function -Wno-unused-label -Wno-unused-parameter -Wunused-variable -Wunused-value -Wno-empty-body -Wno-uninitialized -Wno-unknown-pragmas -Wno-shadow -Wno-four-char-constants -Wno-conversion -Wno-constant-conversion -Wno-int-conversion -Wno-bool-conversion -Wno-enum-conversion -Wno-float-conversion -Wno-non-literal-null-conversion -Wno-objc-literal-conversion -Wshorten-64-to-32 -Wno-newline-eof -Wno-c++11-extensions -Wno-implicit-fallthrough -fstrict-aliasing -Wdeprecated-declarations -Winvalid-offsetof -Wno-sign-conversion -Wno-infinite-recursion -Wno-move -Wno-comma -Wno-block-capture-autoreleasing -Wno-strict-prototypes -Wno-range-loop-analysis -Wno-semicolon-before-method-body -index-store-path /Users/barriesanders/Library/Developer/Xcode/DerivedData/Nestopia-aslfodajikwbhqggflvpsofjqglc/Index.noindex/DataStore -Wno-switch-enum @/Users/barriesanders/Library/Developer/Xcode/DerivedData/Nestopia-aslfodajikwbhqggflvpsofjqglc/Build/Intermediates.noindex/Nestopia.build/Debug/Nestopia.build/Objects-normal/arm64/82b82416624d2658e5098eb0a28c15c5-common-args.resp -MMD -MT dependencies -MF /Users/barriesanders/Library/Developer/Xcode/DerivedData/Nestopia-aslfodajikwbhqggflvpsofjqglc/Build/Intermediates.noindex/Nestopia.build/Debug/Nestopia.build/Objects-normal/arm64/NstImageDatabase.d --serialize-diagnostics /Users/barriesanders/Library/Developer/Xcode/DerivedData/Nestopia-aslfodajikwbhqggflvpsofjqglc/Build/Intermediates.noindex/Nestopia.build/Debug/Nestopia.build/Objects-normal/arm64/NstImageDatabase.dia -c /Users/barriesanders/.gemini/antigravity/scratch/OpenEmu_Port/Nestopia/core/NstImageDatabase.cpp -o /Users/barriesanders/Library/Developer/Xcode/DerivedData/Nestopia-aslfodajikwbhqggflvpsofjqglc/Build/Intermediates.noindex/Nestopia.build/Debug/Nestopia.build/Objects-normal/arm64/NstImageDatabase.o -index-unit-output-path /Nestopia.build/Debug/Nestopia.build/Objects-normal/arm64/NstImageDatabase.o

CompileC /Users/barriesanders/Library/Developer/Xcode/DerivedData/Nestopia-aslfodajikwbhqggflvpsofjqglc/Build/Intermediates.noindex/Nestopia.build/Debug/Nestopia.build/Objects-normal/arm64/NstApiVideo.o /Users/barriesanders/.gemini/antigravity/scratch/OpenEmu_Port/Nestopia/core/api/NstApiVideo.cpp normal arm64 c++ com.apple.compilers.llvm.clang.1_0.compiler (in target 'Nestopia' from project 'Nestopia')
    cd /Users/barriesanders/.gemini/antigravity/scratch/OpenEmu_Port/Nestopia
    
    Using response file: /Users/barriesanders/Library/Developer/Xcode/DerivedData/Nestopia-aslfodajikwbhqggflvpsofjqglc/Build/Intermediates.noindex/Nestopia.build/Debug/Nestopia.build/Objects-normal/arm64/82b82416624d2658e5098eb0a28c15c5-common-args.resp
    
    /Applications/Xcode.app/Contents/Developer/Toolchains/XcodeDefault.xctoolchain/usr/bin/clang -x c++ -ivfsstatcache /Users/barriesanders/Library/Developer/Xcode/DerivedData/SDKStatCaches.noindex/macosx26.2-25C57-3885c01c3e6b6a337905948deab2002e00fa09913b459cbbc988d1f6730289ae.sdkstatcache -fmessage-length\=0 -fdiagnostics-show-note-include-stack -fmacro-backtrace-limit\=0 -fno-color-diagnostics -fmodules-prune-interval\=86400 -fmodules-prune-after\=345600 -fbuild-session-file\=/Users/barriesanders/Library/Developer/Xcode/DerivedData/ModuleCache.noindex/Session.modulevalidation -fmodules-validate-once-per-build-session -Wnon-modular-include-in-framework-module -Werror\=non-modular-include-in-framework-module -Wno-trigraphs -flto -Wno-missing-field-initializers -Wno-missing-prototypes -Wno-non-virtual-dtor -Wno-overloaded-virtual -Wno-exit-time-destructors -Wno-missing-braces -Wparentheses -Wswitch -Wno-unused-function -Wno-unused-label -Wno-unused-parameter -Wunused-variable -Wunused-value -Wno-empty-body -Wno-uninitialized -Wno-unknown-pragmas -Wno-shadow -Wno-four-char-constants -Wno-conversion -Wno-constant-conversion -Wno-int-conversion -Wno-bool-conversion -Wno-enum-conversion -Wno-float-conversion -Wno-non-literal-null-conversion -Wno-objc-literal-conversion -Wshorten-64-to-32 -Wno-newline-eof -Wno-c++11-extensions -Wno-implicit-fallthrough -fstrict-aliasing -Wdeprecated-declarations -Winvalid-offsetof -Wno-sign-conversion -Wno-infinite-recursion -Wno-move -Wno-comma -Wno-block-capture-autoreleasing -Wno-strict-prototypes -Wno-range-loop-analysis -Wno-semicolon-before-method-body -index-store-path /Users/barriesanders/Library/Developer/Xcode/DerivedData/Nestopia-aslfodajikwbhqggflvpsofjqglc/Index.noindex/DataStore -Wno-switch-enum @/Users/barriesanders/Library/Developer/Xcode/DerivedData/Nestopia-aslfodajikwbhqggflvpsofjqglc/Build/Intermediates.noindex/Nestopia.build/Debug/Nestopia.build/Objects-normal/arm64/82b82416624d2658e5098eb0a28c15c5-common-args.resp -MMD -MT dependencies -MF /Users/barriesanders/Library/Developer/Xcode/DerivedData/Nestopia-aslfodajikwbhqggflvpsofjqglc/Build/Intermediates.noindex/Nestopia.build/Debug/Nestopia.build/Objects-normal/arm64/NstApiVideo.d --serialize-diagnostics /Users/barriesanders/Library/Developer/Xcode/DerivedData/Nestopia-aslfodajikwbhqggflvpsofjqglc/Build/Intermediates.noindex/Nestopia.build/Debug/Nestopia.build/Objects-normal/arm64/NstApiVideo.dia -c /Users/barriesanders/.gemini/antigravity/scratch/OpenEmu_Port/Nestopia/core/api/NstApiVideo.cpp -o /Users/barriesanders/Library/Developer/Xcode/DerivedData/Nestopia-aslfodajikwbhqggflvpsofjqglc/Build/Intermediates.noindex/Nestopia.build/Debug/Nestopia.build/Objects-normal/arm64/NstApiVideo.o -index-unit-output-path /Nestopia.build/Debug/Nestopia.build/Objects-normal/arm64/NstApiVideo.o

CompileC /Users/barriesanders/Library/Developer/Xcode/DerivedData/Nestopia-aslfodajikwbhqggflvpsofjqglc/Build/Intermediates.noindex/Nestopia.build/Debug/Nestopia.build/Objects-normal/arm64/NstBoardAction53.o /Users/barriesanders/.gemini/antigravity/scratch/OpenEmu_Port/Nestopia/core/board/NstBoardAction53.cpp normal arm64 c++ com.apple.compilers.llvm.clang.1_0.compiler (in target 'Nestopia' from project 'Nestopia')
    cd /Users/barriesanders/.gemini/antigravity/scratch/OpenEmu_Port/Nestopia
    
    Using response file: /Users/barriesanders/Library/Developer/Xcode/DerivedData/Nestopia-aslfodajikwbhqggflvpsofjqglc/Build/Intermediates.noindex/Nestopia.build/Debug/Nestopia.build/Objects-normal/arm64/82b82416624d2658e5098eb0a28c15c5-common-args.resp
    
    /Applications/Xcode.app/Contents/Developer/Toolchains/XcodeDefault.xctoolchain/usr/bin/clang -x c++ -ivfsstatcache /Users/barriesanders/Library/Developer/Xcode/DerivedData/SDKStatCaches.noindex/macosx26.2-25C57-3885c01c3e6b6a337905948deab2002e00fa09913b459cbbc988d1f6730289ae.sdkstatcache -fmessage-length\=0 -fdiagnostics-show-note-include-stack -fmacro-backtrace-limit\=0 -fno-color-diagnostics -fmodules-prune-interval\=86400 -fmodules-prune-after\=345600 -fbuild-session-file\=/Users/barriesanders/Library/Developer/Xcode/DerivedData/ModuleCache.noindex/Session.modulevalidation -fmodules-validate-once-per-build-session -Wnon-modular-include-in-framework-module -Werror\=non-modular-include-in-framework-module -Wno-trigraphs -flto -Wno-missing-field-initializers -Wno-missing-prototypes -Wno-non-virtual-dtor -Wno-overloaded-virtual -Wno-exit-time-destructors -Wno-missing-braces -Wparentheses -Wswitch -Wno-unused-function -Wno-unused-label -Wno-unused-parameter -Wunused-variable -Wunused-value -Wno-empty-body -Wno-uninitialized -Wno-unknown-pragmas -Wno-shadow -Wno-four-char-constants -Wno-conversion -Wno-constant-conversion -Wno-int-conversion -Wno-bool-conversion -Wno-enum-conversion -Wno-float-conversion -Wno-non-literal-null-conversion -Wno-objc-literal-conversion -Wshorten-64-to-32 -Wno-newline-eof -Wno-c++11-extensions -Wno-implicit-fallthrough -fstrict-aliasing -Wdeprecated-declarations -Winvalid-offsetof -Wno-sign-conversion -Wno-infinite-recursion -Wno-move -Wno-comma -Wno-block-capture-autoreleasing -Wno-strict-prototypes -Wno-range-loop-analysis -Wno-semicolon-before-method-body -index-store-path /Users/barriesanders/Library/Developer/Xcode/DerivedData/Nestopia-aslfodajikwbhqggflvpsofjqglc/Index.noindex/DataStore -Wno-switch-enum @/Users/barriesanders/Library/Developer/Xcode/DerivedData/Nestopia-aslfodajikwbhqggflvpsofjqglc/Build/Intermediates.noindex/Nestopia.build/Debug/Nestopia.build/Objects-normal/arm64/82b82416624d2658e5098eb0a28c15c5-common-args.resp -MMD -MT dependencies -MF /Users/barriesanders/Library/Developer/Xcode/DerivedData/Nestopia-aslfodajikwbhqggflvpsofjqglc/Build/Intermediates.noindex/Nestopia.build/Debug/Nestopia.build/Objects-normal/arm64/NstBoardAction53.d --serialize-diagnostics /Users/barriesanders/Library/Developer/Xcode/DerivedData/Nestopia-aslfodajikwbhqggflvpsofjqglc/Build/Intermediates.noindex/Nestopia.build/Debug/Nestopia.build/Objects-normal/arm64/NstBoardAction53.dia -c /Users/barriesanders/.gemini/antigravity/scratch/OpenEmu_Port/Nestopia/core/board/NstBoardAction53.cpp -o /Users/barriesanders/Library/Developer/Xcode/DerivedData/Nestopia-aslfodajikwbhqggflvpsofjqglc/Build/Intermediates.noindex/Nestopia.build/Debug/Nestopia.build/Objects-normal/arm64/NstBoardAction53.o -index-unit-output-path /Nestopia.build/Debug/Nestopia.build/Objects-normal/arm64/NstBoardAction53.o
/Users/barriesanders/.gemini/antigravity/scratch/OpenEmu_Port/Nestopia/core/board/NstBoardAction53.cpp:100:51: warning: '&' within '|' [-Wbitwise-op-parentheses]
  100 |                                                 mirroring = (mirroring & 0x2) | (data >> 4) & 0x1;
      |                                                                               ~ ~~~~~~~~~~~~^~~~~
/Users/barriesanders/.gemini/antigravity/scratch/OpenEmu_Port/Nestopia/core/board/NstBoardAction53.cpp:100:51: note: place parentheses around the '&' expression to silence this warning
  100 |                                                 mirroring = (mirroring & 0x2) | (data >> 4) & 0x1;
      |                                                                                             ^    
      |                                                                                 (                )
/Users/barriesanders/.gemini/antigravity/scratch/OpenEmu_Port/Nestopia/core/board/NstBoardAction53.cpp:107:51: warning: '&' within '|' [-Wbitwise-op-parentheses]
  107 |                                                 mirroring = (mirroring & 0x2) | (data >> 4) & 0x1;
      |                                                                               ~ ~~~~~~~~~~~~^~~~~
/Users/barriesanders/.gemini/antigravity/scratch/OpenEmu_Port/Nestopia/core/board/NstBoardAction53.cpp:107:51: note: place parentheses around the '&' expression to silence this warning
  107 |                                                 mirroring = (mirroring & 0x2) | (data >> 4) & 0x1;
      |                                                                                             ^    
      |                                                                                 (                )

CompileC /Users/barriesanders/Library/Developer/Xcode/DerivedData/Nestopia-aslfodajikwbhqggflvpsofjqglc/Build/Intermediates.noindex/Nestopia.build/Debug/Nestopia.build/Objects-normal/arm64/NstApu.o /Users/barriesanders/.gemini/antigravity/scratch/OpenEmu_Port/Nestopia/core/NstApu.cpp normal arm64 c++ com.apple.compilers.llvm.clang.1_0.compiler (in target 'Nestopia' from project 'Nestopia')
    cd /Users/barriesanders/.gemini/antigravity/scratch/OpenEmu_Port/Nestopia
    
    Using response file: /Users/barriesanders/Library/Developer/Xcode/DerivedData/Nestopia-aslfodajikwbhqggflvpsofjqglc/Build/Intermediates.noindex/Nestopia.build/Debug/Nestopia.build/Objects-normal/arm64/82b82416624d2658e5098eb0a28c15c5-common-args.resp
    
    /Applications/Xcode.app/Contents/Developer/Toolchains/XcodeDefault.xctoolchain/usr/bin/clang -x c++ -ivfsstatcache /Users/barriesanders/Library/Developer/Xcode/DerivedData/SDKStatCaches.noindex/macosx26.2-25C57-3885c01c3e6b6a337905948deab2002e00fa09913b459cbbc988d1f6730289ae.sdkstatcache -fmessage-length\=0 -fdiagnostics-show-note-include-stack -fmacro-backtrace-limit\=0 -fno-color-diagnostics -fmodules-prune-interval\=86400 -fmodules-prune-after\=345600 -fbuild-session-file\=/Users/barriesanders/Library/Developer/Xcode/DerivedData/ModuleCache.noindex/Session.modulevalidation -fmodules-validate-once-per-build-session -Wnon-modular-include-in-framework-module -Werror\=non-modular-include-in-framework-module -Wno-trigraphs -flto -Wno-missing-field-initializers -Wno-missing-prototypes -Wno-non-virtual-dtor -Wno-overloaded-virtual -Wno-exit-time-destructors -Wno-missing-braces -Wparentheses -Wswitch -Wno-unused-function -Wno-unused-label -Wno-unused-parameter -Wunused-variable -Wunused-value -Wno-empty-body -Wno-uninitialized -Wno-unknown-pragmas -Wno-shadow -Wno-four-char-constants -Wno-conversion -Wno-constant-conversion -Wno-int-conversion -Wno-bool-conversion -Wno-enum-conversion -Wno-float-conversion -Wno-non-literal-null-conversion -Wno-objc-literal-conversion -Wshorten-64-to-32 -Wno-newline-eof -Wno-c++11-extensions -Wno-implicit-fallthrough -fstrict-aliasing -Wdeprecated-declarations -Winvalid-offsetof -Wno-sign-conversion -Wno-infinite-recursion -Wno-move -Wno-comma -Wno-block-capture-autoreleasing -Wno-strict-prototypes -Wno-range-loop-analysis -Wno-semicolon-before-method-body -index-store-path /Users/barriesanders/Library/Developer/Xcode/DerivedData/Nestopia-aslfodajikwbhqggflvpsofjqglc/Index.noindex/DataStore -Wno-switch-enum @/Users/barriesanders/Library/Developer/Xcode/DerivedData/Nestopia-aslfodajikwbhqggflvpsofjqglc/Build/Intermediates.noindex/Nestopia.build/Debug/Nestopia.build/Objects-normal/arm64/82b82416624d2658e5098eb0a28c15c5-common-args.resp -MMD -MT dependencies -MF /Users/barriesanders/Library/Developer/Xcode/DerivedData/Nestopia-aslfodajikwbhqggflvpsofjqglc/Build/Intermediates.noindex/Nestopia.build/Debug/Nestopia.build/Objects-normal/arm64/NstApu.d --serialize-diagnostics /Users/barriesanders/Library/Developer/Xcode/DerivedData/Nestopia-aslfodajikwbhqggflvpsofjqglc/Build/Intermediates.noindex/Nestopia.build/Debug/Nestopia.build/Objects-normal/arm64/NstApu.dia -c /Users/barriesanders/.gemini/antigravity/scratch/OpenEmu_Port/Nestopia/core/NstApu.cpp -o /Users/barriesanders/Library/Developer/Xcode/DerivedData/Nestopia-aslfodajikwbhqggflvpsofjqglc/Build/Intermediates.noindex/Nestopia.build/Debug/Nestopia.build/Objects-normal/arm64/NstApu.o -index-unit-output-path /Nestopia.build/Debug/Nestopia.build/Objects-normal/arm64/NstApu.o
/Users/barriesanders/.gemini/antigravity/scratch/OpenEmu_Port/Nestopia/core/NstApu.cpp:451:34: warning: implicit conversion loses integer precision: 'qaword' (aka 'unsigned long') to 'Cycle' (aka 'unsigned int') [-Wshorten-64-to-32]
  451 |                         rate = clockBase * multiplier / sampleRate;
      |                              ~ ~~~~~~~~~~~~~~~~~~~~~~~^~~~~~~~~~~~
/Users/barriesanders/.gemini/antigravity/scratch/OpenEmu_Port/Nestopia/core/NstApu.cpp:933:34: warning: implicit conversion loses integer precision: 'qaword' (aka 'unsigned long') to 'Cycle' (aka 'unsigned int') [-Wshorten-64-to-32]
  933 |                         rate = clockBase * multiplier / sampleRate;
      |                              ~ ~~~~~~~~~~~~~~~~~~~~~~~^~~~~~~~~~~~
/Users/barriesanders/.gemini/antigravity/scratch/OpenEmu_Port/Nestopia/core/NstApu.cpp:1148:12: warning: implicit conversion loses integer precision: 'long' to 'idword' (aka 'int') [-Wshorten-64-to-32]
 1148 |                         prev  = signed_shl(sample,15);
      |                               ~ ^~~~~~~~~~~~~~~~~~~~~
/Users/barriesanders/.gemini/antigravity/scratch/OpenEmu_Port/Nestopia/core/NstApu.cpp:1150:12: warning: implicit conversion loses integer precision: 'long' to 'idword' (aka 'int') [-Wshorten-64-to-32]
 1150 |                         next  = signed_shr(acc,15);
      |                               ~ ^~~~~~~~~~~~~~~~~~
/Users/barriesanders/.gemini/antigravity/scratch/OpenEmu_Port/Nestopia/core/NstApu.cpp:1383:6: error: non-constant-expression cannot be narrowed from type 'uint' (aka 'unsigned int') to 'byte' (aka 'unsigned char') in initializer list [-Wc++11-narrowing]
 1383 |                                         step,
      |                                         ^~~~
/Users/barriesanders/.gemini/antigravity/scratch/OpenEmu_Port/Nestopia/core/NstApu.cpp:1383:6: note: insert an explicit cast to silence this issue
 1383 |                                         step,
      |                                         ^~~~
      |                                         static_cast<byte>( )
/Users/barriesanders/.gemini/antigravity/scratch/OpenEmu_Port/Nestopia/core/NstApu.cpp:1384:6: error: non-constant-expression cannot be narrowed from type 'unsigned int' to 'byte' (aka 'unsigned char') in initializer list [-Wc++11-narrowing]
 1384 |                                         timer & 0xFFU,
      |                                         ^~~~~~~~~~~~~
/Users/barriesanders/.gemini/antigravity/scratch/OpenEmu_Port/Nestopia/core/NstApu.cpp:1384:6: note: insert an explicit cast to silence this issue
 1384 |                                         timer & 0xFFU,
      |                                         ^~~~~~~~~~~~~
      |                                         static_cast<byte>( )
/Users/barriesanders/.gemini/antigravity/scratch/OpenEmu_Port/Nestopia/core/NstApu.cpp:1385:6: error: non-constant-expression cannot be narrowed from type 'idword' (aka 'int') to 'byte' (aka 'unsigned char') in initializer list [-Wc++11-narrowing]
 1385 |                                         timer >> 8,
      |                                         ^~~~~~~~~~
/Users/barriesanders/.gemini/antigravity/scratch/OpenEmu_Port/Nestopia/core/NstApu.cpp:1385:6: note: insert an explicit cast to silence this issue
 1385 |                                         timer >> 8,
      |                                         ^~~~~~~~~~
      |                                         static_cast<byte>( )
/Users/barriesanders/.gemini/antigravity/scratch/OpenEmu_Port/Nestopia/core/NstApu.cpp:1386:6: error: non-constant-expression cannot be narrowed from type 'idword' (aka 'int') to 'byte' (aka 'unsigned char') in initializer list [-Wc++11-narrowing]
 1386 |                                         timer >> 16,
      |                                         ^~~~~~~~~~~
/Users/barriesanders/.gemini/antigravity/scratch/OpenEmu_Port/Nestopia/core/NstApu.cpp:1386:6: note: insert an explicit cast to silence this issue
 1386 |                                         timer >> 16,
      |                                         ^~~~~~~~~~~
      |                                         static_cast<byte>( )
/Users/barriesanders/.gemini/antigravity/scratch/OpenEmu_Port/Nestopia/core/NstApu.cpp:1387:6: error: non-constant-expression cannot be narrowed from type 'idword' (aka 'int') to 'byte' (aka 'unsigned char') in initializer list [-Wc++11-narrowing]
 1387 |                                         timer >> 24,
      |                                         ^~~~~~~~~~~
/Users/barriesanders/.gemini/antigravity/scratch/OpenEmu_Port/Nestopia/core/NstApu.cpp:1387:6: note: insert an explicit cast to silence this issue
 1387 |                                         timer >> 24,
      |                                         ^~~~~~~~~~~
      |                                         static_cast<byte>( )
/Users/barriesanders/.gemini/antigravity/scratch/OpenEmu_Port/Nestopia/core/NstApu.cpp:1388:6: error: non-constant-expression cannot be narrowed from type 'unsigned int' to 'byte' (aka 'unsigned char') in initializer list [-Wc++11-narrowing]
 1388 |                                         frequency & 0xFFU,
      |                                         ^~~~~~~~~~~~~~~~~
/Users/barriesanders/.gemini/antigravity/scratch/OpenEmu_Port/Nestopia/core/NstApu.cpp:1388:6: note: insert an explicit cast to silence this issue
 1388 |                                         frequency & 0xFFU,
      |                                         ^~~~~~~~~~~~~~~~~
      |                                         static_cast<byte>( )
/Users/barriesanders/.gemini/antigravity/scratch/OpenEmu_Port/Nestopia/core/NstApu.cpp:1389:6: error: non-constant-expression cannot be narrowed from type 'Cycle' (aka 'unsigned int') to 'byte' (aka 'unsigned char') in initializer list [-Wc++11-narrowing]
 1389 |                                         frequency >> 8,
      |                                         ^~~~~~~~~~~~~~
/Users/barriesanders/.gemini/antigravity/scratch/OpenEmu_Port/Nestopia/core/NstApu.cpp:1389:6: note: insert an explicit cast to silence this issue
 1389 |                                         frequency >> 8,
      |                                         ^~~~~~~~~~~~~~
      |                                         static_cast<byte>( )
/Users/barriesanders/.gemini/antigravity/scratch/OpenEmu_Port/Nestopia/core/NstApu.cpp:1390:6: error: non-constant-expression cannot be narrowed from type 'Cycle' (aka 'unsigned int') to 'byte' (aka 'unsigned char') in initializer list [-Wc++11-narrowing]
 1390 |                                         frequency >> 16,
      |                                         ^~~~~~~~~~~~~~~
/Users/barriesanders/.gemini/antigravity/scratch/OpenEmu_Port/Nestopia/core/NstApu.cpp:1390:6: note: insert an explicit cast to silence this issue
 1390 |                                         frequency >> 16,
      |                                         ^~~~~~~~~~~~~~~
      |                                         static_cast<byte>( )
/Users/barriesanders/.gemini/antigravity/scratch/OpenEmu_Port/Nestopia/core/NstApu.cpp:1391:6: error: non-constant-expression cannot be narrowed from type 'Cycle' (aka 'unsigned int') to 'byte' (aka 'unsigned char') in initializer list [-Wc++11-narrowing]
 1391 |                                         frequency >> 24,
      |                                         ^~~~~~~~~~~~~~~
/Users/barriesanders/.gemini/antigravity/scratch/OpenEmu_Port/Nestopia/core/NstApu.cpp:1391:6: note: insert an explicit cast to silence this issue
 1391 |                                         frequency >> 24,
      |                                         ^~~~~~~~~~~~~~~
      |                                         static_cast<byte>( )
/Users/barriesanders/.gemini/antigravity/scratch/OpenEmu_Port/Nestopia/core/NstApu.cpp:1392:6: error: non-constant-expression cannot be narrowed from type 'unsigned int' to 'byte' (aka 'unsigned char') in initializer list [-Wc++11-narrowing]
 1392 |                                         amp & 0xFFU,
      |                                         ^~~~~~~~~~~
/Users/barriesanders/.gemini/antigravity/scratch/OpenEmu_Port/Nestopia/core/NstApu.cpp:1392:6: note: insert an explicit cast to silence this issue
 1392 |                                         amp & 0xFFU,
      |                                         ^~~~~~~~~~~
      |                                         static_cast<byte>( )
/Users/barriesanders/.gemini/antigravity/scratch/OpenEmu_Port/Nestopia/core/NstApu.cpp:1393:6: error: non-constant-expression cannot be narrowed from type 'dword' (aka 'unsigned int') to 'byte' (aka 'unsigned char') in initializer list [-Wc++11-narrowing]
 1393 |                                         amp >> 8,
      |                                         ^~~~~~~~
/Users/barriesanders/.gemini/antigravity/scratch/OpenEmu_Port/Nestopia/core/NstApu.cpp:1393:6: note: insert an explicit cast to silence this issue
 1393 |                                         amp >> 8,
      |                                         ^~~~~~~~
      |                                         static_cast<byte>( )
/Users/barriesanders/.gemini/antigravity/scratch/OpenEmu_Port/Nestopia/core/NstApu.cpp:1394:6: error: non-constant-expression cannot be narrowed from type 'dword' (aka 'unsigned int') to 'byte' (aka 'unsigned char') in initializer list [-Wc++11-narrowing]
 1394 |                                         amp >> 16,
      |                                         ^~~~~~~~~
/Users/barriesanders/.gemini/antigravity/scratch/OpenEmu_Port/Nestopia/core/NstApu.cpp:1394:6: note: insert an explicit cast to silence this issue
 1394 |                                         amp >> 16,
      |                                         ^~~~~~~~~
      |                                         static_cast<byte>( )
/Users/barriesanders/.gemini/antigravity/scratch/OpenEmu_Port/Nestopia/core/NstApu.cpp:1395:6: error: non-constant-expression cannot be narrowed from type 'dword' (aka 'unsigned int') to 'byte' (aka 'unsigned char') in initializer list [-Wc++11-narrowing]
 1395 |                                         amp >> 24,
      |                                         ^~~~~~~~~
/Users/barriesanders/.gemini/antigravity/scratch/OpenEmu_Port/Nestopia/core/NstApu.cpp:1395:6: note: insert an explicit cast to silence this issue
 1395 |                                         amp >> 24,
      |                                         ^~~~~~~~~
      |                                         static_cast<byte>( )
/Users/barriesanders/.gemini/antigravity/scratch/OpenEmu_Port/Nestopia/core/NstApu.cpp:1685:6: error: non-constant-expression cannot be narrowed from type 'unsigned int' to 'byte' (aka 'unsigned char') in initializer list [-Wc++11-narrowing]
 1685 |                                         waveLength & 0xFFU,
      |                                         ^~~~~~~~~~~~~~~~~~
/Users/barriesanders/.gemini/antigravity/scratch/OpenEmu_Port/Nestopia/core/NstApu.cpp:1685:6: note: insert an explicit cast to silence this issue
 1685 |                                         waveLength & 0xFFU,
      |                                         ^~~~~~~~~~~~~~~~~~
      |                                         static_cast<byte>()
/Users/barriesanders/.gemini/antigravity/scratch/OpenEmu_Port/Nestopia/core/NstApu.cpp:1686:6: error: non-constant-expression cannot be narrowed from type 'int' to 'byte' (aka 'unsigned char') in initializer list [-Wc++11-narrowing]
 1686 |                                         waveLength >> 8,
      |                                         ^~~~~~~~~~~~~~~
/Users/barriesanders/.gemini/antigravity/scratch/OpenEmu_Port/Nestopia/core/NstApu.cpp:1686:6: note: insert an explicit cast to silence this issue
 1686 |                                         waveLength >> 8,
      |                                         ^~~~~~~~~~~~~~~
      |                                         static_cast<byte>( )
/Users/barriesanders/.gemini/antigravity/scratch/OpenEmu_Port/Nestopia/core/NstApu.cpp:1687:6: error: non-constant-expression cannot be narrowed from type 'uint' (aka 'unsigned int') to 'byte' (aka 'unsigned char') in initializer list [-Wc++11-narrowing]
 1687 |                                         linearCounter | (uint(status) << 7),
      |                                         ^~~~~~~~~~~~~~~~~~~~~~~~~~~~~~~~~~~
/Users/barriesanders/.gemini/antigravity/scratch/OpenEmu_Port/Nestopia/core/NstApu.cpp:1687:6: note: insert an explicit cast to silence this issue
 1687 |                                         linearCounter | (uint(status) << 7),
      |                                         ^~~~~~~~~~~~~~~~~~~~~~~~~~~~~~~~~~~
      |                                         static_cast<byte>(                 )
/Users/barriesanders/.gemini/antigravity/scratch/OpenEmu_Port/Nestopia/core/NstApu.cpp:1699:6: error: non-constant-expression cannot be narrowed from type 'uint' (aka 'unsigned int') to 'byte' (aka 'unsigned char') in initializer list [-Wc++11-narrowing]
 1699 |                                         step,
      |                                         ^~~~
/Users/barriesanders/.gemini/antigravity/scratch/OpenEmu_Port/Nestopia/core/NstApu.cpp:1699:6: note: insert an explicit cast to silence this issue
 1699 |                                         step,
      |                                         ^~~~
      |                                         static_cast<byte>( )
/Users/barriesanders/.gemini/antigravity/scratch/OpenEmu_Port/Nestopia/core/NstApu.cpp:1700:6: error: non-constant-expression cannot be narrowed from type 'unsigned int' to 'byte' (aka 'unsigned char') in initializer list [-Wc++11-narrowing]
 1700 |                                         timer & 0xFFU,
      |                                         ^~~~~~~~~~~~~
/Users/barriesanders/.gemini/antigravity/scratch/OpenEmu_Port/Nestopia/core/NstApu.cpp:1700:6: note: insert an explicit cast to silence this issue
 1700 |                                         timer & 0xFFU,
      |                                         ^~~~~~~~~~~~~
      |                                         static_cast<byte>( )
/Users/barriesanders/.gemini/antigravity/scratch/OpenEmu_Port/Nestopia/core/NstApu.cpp:1701:6: error: non-constant-expression cannot be narrowed from type 'idword' (aka 'int') to 'byte' (aka 'unsigned char') in initializer list [-Wc++11-narrowing]
 1701 |                                         timer >> 8,
      |                                         ^~~~~~~~~~
/Users/barriesanders/.gemini/antigravity/scratch/OpenEmu_Port/Nestopia/core/NstApu.cpp:1701:6: note: insert an explicit cast to silence this issue
 1701 |                                         timer >> 8,
      |                                         ^~~~~~~~~~
      |                                         static_cast<byte>( )
fatal error: too many errors emitted, stopping now [-ferror-limit=]
4 warnings and 20 errors generated.

CompileC /Users/barriesanders/Library/Developer/Xcode/DerivedData/Nestopia-aslfodajikwbhqggflvpsofjqglc/Build/Intermediates.noindex/Nestopia.build/Debug/Nestopia.build/Objects-normal/arm64/NstApiSound.o /Users/barriesanders/.gemini/antigravity/scratch/OpenEmu_Port/Nestopia/core/api/NstApiSound.cpp normal arm64 c++ com.apple.compilers.llvm.clang.1_0.compiler (in target 'Nestopia' from project 'Nestopia')
    cd /Users/barriesanders/.gemini/antigravity/scratch/OpenEmu_Port/Nestopia
    
    Using response file: /Users/barriesanders/Library/Developer/Xcode/DerivedData/Nestopia-aslfodajikwbhqggflvpsofjqglc/Build/Intermediates.noindex/Nestopia.build/Debug/Nestopia.build/Objects-normal/arm64/82b82416624d2658e5098eb0a28c15c5-common-args.resp
    
    /Applications/Xcode.app/Contents/Developer/Toolchains/XcodeDefault.xctoolchain/usr/bin/clang -x c++ -ivfsstatcache /Users/barriesanders/Library/Developer/Xcode/DerivedData/SDKStatCaches.noindex/macosx26.2-25C57-3885c01c3e6b6a337905948deab2002e00fa09913b459cbbc988d1f6730289ae.sdkstatcache -fmessage-length\=0 -fdiagnostics-show-note-include-stack -fmacro-backtrace-limit\=0 -fno-color-diagnostics -fmodules-prune-interval\=86400 -fmodules-prune-after\=345600 -fbuild-session-file\=/Users/barriesanders/Library/Developer/Xcode/DerivedData/ModuleCache.noindex/Session.modulevalidation -fmodules-validate-once-per-build-session -Wnon-modular-include-in-framework-module -Werror\=non-modular-include-in-framework-module -Wno-trigraphs -flto -Wno-missing-field-initializers -Wno-missing-prototypes -Wno-non-virtual-dtor -Wno-overloaded-virtual -Wno-exit-time-destructors -Wno-missing-braces -Wparentheses -Wswitch -Wno-unused-function -Wno-unused-label -Wno-unused-parameter -Wunused-variable -Wunused-value -Wno-empty-body -Wno-uninitialized -Wno-unknown-pragmas -Wno-shadow -Wno-four-char-constants -Wno-conversion -Wno-constant-conversion -Wno-int-conversion -Wno-bool-conversion -Wno-enum-conversion -Wno-float-conversion -Wno-non-literal-null-conversion -Wno-objc-literal-conversion -Wshorten-64-to-32 -Wno-newline-eof -Wno-c++11-extensions -Wno-implicit-fallthrough -fstrict-aliasing -Wdeprecated-declarations -Winvalid-offsetof -Wno-sign-conversion -Wno-infinite-recursion -Wno-move -Wno-comma -Wno-block-capture-autoreleasing -Wno-strict-prototypes -Wno-range-loop-analysis -Wno-semicolon-before-method-body -index-store-path /Users/barriesanders/Library/Developer/Xcode/DerivedData/Nestopia-aslfodajikwbhqggflvpsofjqglc/Index.noindex/DataStore -Wno-switch-enum @/Users/barriesanders/Library/Developer/Xcode/DerivedData/Nestopia-aslfodajikwbhqggflvpsofjqglc/Build/Intermediates.noindex/Nestopia.build/Debug/Nestopia.build/Objects-normal/arm64/82b82416624d2658e5098eb0a28c15c5-common-args.resp -MMD -MT dependencies -MF /Users/barriesanders/Library/Developer/Xcode/DerivedData/Nestopia-aslfodajikwbhqggflvpsofjqglc/Build/Intermediates.noindex/Nestopia.build/Debug/Nestopia.build/Objects-normal/arm64/NstApiSound.d --serialize-diagnostics /Users/barriesanders/Library/Developer/Xcode/DerivedData/Nestopia-aslfodajikwbhqggflvpsofjqglc/Build/Intermediates.noindex/Nestopia.build/Debug/Nestopia.build/Objects-normal/arm64/NstApiSound.dia -c /Users/barriesanders/.gemini/antigravity/scratch/OpenEmu_Port/Nestopia/core/api/NstApiSound.cpp -o /Users/barriesanders/Library/Developer/Xcode/DerivedData/Nestopia-aslfodajikwbhqggflvpsofjqglc/Build/Intermediates.noindex/Nestopia.build/Debug/Nestopia.build/Objects-normal/arm64/NstApiSound.o -index-unit-output-path /Nestopia.build/Debug/Nestopia.build/Objects-normal/arm64/NstApiSound.o
/Users/barriesanders/.gemini/antigravity/scratch/OpenEmu_Port/Nestopia/core/api/NstApiSound.cpp:62:48: warning: implicit conversion loses integer precision: 'ulong' (aka 'unsigned long') to 'dword' (aka 'unsigned int') [-Wshorten-64-to-32]
   62 |                         return emulator.cpu.GetApu().SetSampleRate( rate );
      |                                                      ~~~~~~~~~~~~~  ^~~~
1 warning generated.

CompileC /Users/barriesanders/Library/Developer/Xcode/DerivedData/Nestopia-aslfodajikwbhqggflvpsofjqglc/Build/Intermediates.noindex/Nestopia.build/Debug/Nestopia.build/Objects-normal/arm64/NstApiRewinder.o /Users/barriesanders/.gemini/antigravity/scratch/OpenEmu_Port/Nestopia/core/api/NstApiRewinder.cpp normal arm64 c++ com.apple.compilers.llvm.clang.1_0.compiler (in target 'Nestopia' from project 'Nestopia')
    cd /Users/barriesanders/.gemini/antigravity/scratch/OpenEmu_Port/Nestopia
    
    Using response file: /Users/barriesanders/Library/Developer/Xcode/DerivedData/Nestopia-aslfodajikwbhqggflvpsofjqglc/Build/Intermediates.noindex/Nestopia.build/Debug/Nestopia.build/Objects-normal/arm64/82b82416624d2658e5098eb0a28c15c5-common-args.resp
    
    /Applications/Xcode.app/Contents/Developer/Toolchains/XcodeDefault.xctoolchain/usr/bin/clang -x c++ -ivfsstatcache /Users/barriesanders/Library/Developer/Xcode/DerivedData/SDKStatCaches.noindex/macosx26.2-25C57-3885c01c3e6b6a337905948deab2002e00fa09913b459cbbc988d1f6730289ae.sdkstatcache -fmessage-length\=0 -fdiagnostics-show-note-include-stack -fmacro-backtrace-limit\=0 -fno-color-diagnostics -fmodules-prune-interval\=86400 -fmodules-prune-after\=345600 -fbuild-session-file\=/Users/barriesanders/Library/Developer/Xcode/DerivedData/ModuleCache.noindex/Session.modulevalidation -fmodules-validate-once-per-build-session -Wnon-modular-include-in-framework-module -Werror\=non-modular-include-in-framework-module -Wno-trigraphs -flto -Wno-missing-field-initializers -Wno-missing-prototypes -Wno-non-virtual-dtor -Wno-overloaded-virtual -Wno-exit-time-destructors -Wno-missing-braces -Wparentheses -Wswitch -Wno-unused-function -Wno-unused-label -Wno-unused-parameter -Wunused-variable -Wunused-value -Wno-empty-body -Wno-uninitialized -Wno-unknown-pragmas -Wno-shadow -Wno-four-char-constants -Wno-conversion -Wno-constant-conversion -Wno-int-conversion -Wno-bool-conversion -Wno-enum-conversion -Wno-float-conversion -Wno-non-literal-null-conversion -Wno-objc-literal-conversion -Wshorten-64-to-32 -Wno-newline-eof -Wno-c++11-extensions -Wno-implicit-fallthrough -fstrict-aliasing -Wdeprecated-declarations -Winvalid-offsetof -Wno-sign-conversion -Wno-infinite-recursion -Wno-move -Wno-comma -Wno-block-capture-autoreleasing -Wno-strict-prototypes -Wno-range-loop-analysis -Wno-semicolon-before-method-body -index-store-path /Users/barriesanders/Library/Developer/Xcode/DerivedData/Nestopia-aslfodajikwbhqggflvpsofjqglc/Index.noindex/DataStore -Wno-switch-enum @/Users/barriesanders/Library/Developer/Xcode/DerivedData/Nestopia-aslfodajikwbhqggflvpsofjqglc/Build/Intermediates.noindex/Nestopia.build/Debug/Nestopia.build/Objects-normal/arm64/82b82416624d2658e5098eb0a28c15c5-common-args.resp -MMD -MT dependencies -MF /Users/barriesanders/Library/Developer/Xcode/DerivedData/Nestopia-aslfodajikwbhqggflvpsofjqglc/Build/Intermediates.noindex/Nestopia.build/Debug/Nestopia.build/Objects-normal/arm64/NstApiRewinder.d --serialize-diagnostics /Users/barriesanders/Library/Developer/Xcode/DerivedData/Nestopia-aslfodajikwbhqggflvpsofjqglc/Build/Intermediates.noindex/Nestopia.build/Debug/Nestopia.build/Objects-normal/arm64/NstApiRewinder.dia -c /Users/barriesanders/.gemini/antigravity/scratch/OpenEmu_Port/Nestopia/core/api/NstApiRewinder.cpp -o /Users/barriesanders/Library/Developer/Xcode/DerivedData/Nestopia-aslfodajikwbhqggflvpsofjqglc/Build/Intermediates.noindex/Nestopia.build/Debug/Nestopia.build/Objects-normal/arm64/NstApiRewinder.o -index-unit-output-path /Nestopia.build/Debug/Nestopia.build/Objects-normal/arm64/NstApiRewinder.o

CompileC /Users/barriesanders/Library/Developer/Xcode/DerivedData/Nestopia-aslfodajikwbhqggflvpsofjqglc/Build/Intermediates.noindex/Nestopia.build/Debug/Nestopia.build/Objects-normal/arm64/NstApiNsf.o /Users/barriesanders/.gemini/antigravity/scratch/OpenEmu_Port/Nestopia/core/api/NstApiNsf.cpp normal arm64 c++ com.apple.compilers.llvm.clang.1_0.compiler (in target 'Nestopia' from project 'Nestopia')
    cd /Users/barriesanders/.gemini/antigravity/scratch/OpenEmu_Port/Nestopia
    
    Using response file: /Users/barriesanders/Library/Developer/Xcode/DerivedData/Nestopia-aslfodajikwbhqggflvpsofjqglc/Build/Intermediates.noindex/Nestopia.build/Debug/Nestopia.build/Objects-normal/arm64/82b82416624d2658e5098eb0a28c15c5-common-args.resp
    
    /Applications/Xcode.app/Contents/Developer/Toolchains/XcodeDefault.xctoolchain/usr/bin/clang -x c++ -ivfsstatcache /Users/barriesanders/Library/Developer/Xcode/DerivedData/SDKStatCaches.noindex/macosx26.2-25C57-3885c01c3e6b6a337905948deab2002e00fa09913b459cbbc988d1f6730289ae.sdkstatcache -fmessage-length\=0 -fdiagnostics-show-note-include-stack -fmacro-backtrace-limit\=0 -fno-color-diagnostics -fmodules-prune-interval\=86400 -fmodules-prune-after\=345600 -fbuild-session-file\=/Users/barriesanders/Library/Developer/Xcode/DerivedData/ModuleCache.noindex/Session.modulevalidation -fmodules-validate-once-per-build-session -Wnon-modular-include-in-framework-module -Werror\=non-modular-include-in-framework-module -Wno-trigraphs -flto -Wno-missing-field-initializers -Wno-missing-prototypes -Wno-non-virtual-dtor -Wno-overloaded-virtual -Wno-exit-time-destructors -Wno-missing-braces -Wparentheses -Wswitch -Wno-unused-function -Wno-unused-label -Wno-unused-parameter -Wunused-variable -Wunused-value -Wno-empty-body -Wno-uninitialized -Wno-unknown-pragmas -Wno-shadow -Wno-four-char-constants -Wno-conversion -Wno-constant-conversion -Wno-int-conversion -Wno-bool-conversion -Wno-enum-conversion -Wno-float-conversion -Wno-non-literal-null-conversion -Wno-objc-literal-conversion -Wshorten-64-to-32 -Wno-newline-eof -Wno-c++11-extensions -Wno-implicit-fallthrough -fstrict-aliasing -Wdeprecated-declarations -Winvalid-offsetof -Wno-sign-conversion -Wno-infinite-recursion -Wno-move -Wno-comma -Wno-block-capture-autoreleasing -Wno-strict-prototypes -Wno-range-loop-analysis -Wno-semicolon-before-method-body -index-store-path /Users/barriesanders/Library/Developer/Xcode/DerivedData/Nestopia-aslfodajikwbhqggflvpsofjqglc/Index.noindex/DataStore -Wno-switch-enum @/Users/barriesanders/Library/Developer/Xcode/DerivedData/Nestopia-aslfodajikwbhqggflvpsofjqglc/Build/Intermediates.noindex/Nestopia.build/Debug/Nestopia.build/Objects-normal/arm64/82b82416624d2658e5098eb0a28c15c5-common-args.resp -MMD -MT dependencies -MF /Users/barriesanders/Library/Developer/Xcode/DerivedData/Nestopia-aslfodajikwbhqggflvpsofjqglc/Build/Intermediates.noindex/Nestopia.build/Debug/Nestopia.build/Objects-normal/arm64/NstApiNsf.d --serialize-diagnostics /Users/barriesanders/Library/Developer/Xcode/DerivedData/Nestopia-aslfodajikwbhqggflvpsofjqglc/Build/Intermediates.noindex/Nestopia.build/Debug/Nestopia.build/Objects-normal/arm64/NstApiNsf.dia -c /Users/barriesanders/.gemini/antigravity/scratch/OpenEmu_Port/Nestopia/core/api/NstApiNsf.cpp -o /Users/barriesanders/Library/Developer/Xcode/DerivedData/Nestopia-aslfodajikwbhqggflvpsofjqglc/Build/Intermediates.noindex/Nestopia.build/Debug/Nestopia.build/Objects-normal/arm64/NstApiNsf.o -index-unit-output-path /Nestopia.build/Debug/Nestopia.build/Objects-normal/arm64/NstApiNsf.o

CompileC /Users/barriesanders/Library/Developer/Xcode/DerivedData/Nestopia-aslfodajikwbhqggflvpsofjqglc/Build/Intermediates.noindex/Nestopia.build/Debug/Nestopia.build/Objects-normal/arm64/NstApiTapeRecorder.o /Users/barriesanders/.gemini/antigravity/scratch/OpenEmu_Port/Nestopia/core/api/NstApiTapeRecorder.cpp normal arm64 c++ com.apple.compilers.llvm.clang.1_0.compiler (in target 'Nestopia' from project 'Nestopia')
    cd /Users/barriesanders/.gemini/antigravity/scratch/OpenEmu_Port/Nestopia
    
    Using response file: /Users/barriesanders/Library/Developer/Xcode/DerivedData/Nestopia-aslfodajikwbhqggflvpsofjqglc/Build/Intermediates.noindex/Nestopia.build/Debug/Nestopia.build/Objects-normal/arm64/82b82416624d2658e5098eb0a28c15c5-common-args.resp
    
    /Applications/Xcode.app/Contents/Developer/Toolchains/XcodeDefault.xctoolchain/usr/bin/clang -x c++ -ivfsstatcache /Users/barriesanders/Library/Developer/Xcode/DerivedData/SDKStatCaches.noindex/macosx26.2-25C57-3885c01c3e6b6a337905948deab2002e00fa09913b459cbbc988d1f6730289ae.sdkstatcache -fmessage-length\=0 -fdiagnostics-show-note-include-stack -fmacro-backtrace-limit\=0 -fno-color-diagnostics -fmodules-prune-interval\=86400 -fmodules-prune-after\=345600 -fbuild-session-file\=/Users/barriesanders/Library/Developer/Xcode/DerivedData/ModuleCache.noindex/Session.modulevalidation -fmodules-validate-once-per-build-session -Wnon-modular-include-in-framework-module -Werror\=non-modular-include-in-framework-module -Wno-trigraphs -flto -Wno-missing-field-initializers -Wno-missing-prototypes -Wno-non-virtual-dtor -Wno-overloaded-virtual -Wno-exit-time-destructors -Wno-missing-braces -Wparentheses -Wswitch -Wno-unused-function -Wno-unused-label -Wno-unused-parameter -Wunused-variable -Wunused-value -Wno-empty-body -Wno-uninitialized -Wno-unknown-pragmas -Wno-shadow -Wno-four-char-constants -Wno-conversion -Wno-constant-conversion -Wno-int-conversion -Wno-bool-conversion -Wno-enum-conversion -Wno-float-conversion -Wno-non-literal-null-conversion -Wno-objc-literal-conversion -Wshorten-64-to-32 -Wno-newline-eof -Wno-c++11-extensions -Wno-implicit-fallthrough -fstrict-aliasing -Wdeprecated-declarations -Winvalid-offsetof -Wno-sign-conversion -Wno-infinite-recursion -Wno-move -Wno-comma -Wno-block-capture-autoreleasing -Wno-strict-prototypes -Wno-range-loop-analysis -Wno-semicolon-before-method-body -index-store-path /Users/barriesanders/Library/Developer/Xcode/DerivedData/Nestopia-aslfodajikwbhqggflvpsofjqglc/Index.noindex/DataStore -Wno-switch-enum @/Users/barriesanders/Library/Developer/Xcode/DerivedData/Nestopia-aslfodajikwbhqggflvpsofjqglc/Build/Intermediates.noindex/Nestopia.build/Debug/Nestopia.build/Objects-normal/arm64/82b82416624d2658e5098eb0a28c15c5-common-args.resp -MMD -MT dependencies -MF /Users/barriesanders/Library/Developer/Xcode/DerivedData/Nestopia-aslfodajikwbhqggflvpsofjqglc/Build/Intermediates.noindex/Nestopia.build/Debug/Nestopia.build/Objects-normal/arm64/NstApiTapeRecorder.d --serialize-diagnostics /Users/barriesanders/Library/Developer/Xcode/DerivedData/Nestopia-aslfodajikwbhqggflvpsofjqglc/Build/Intermediates.noindex/Nestopia.build/Debug/Nestopia.build/Objects-normal/arm64/NstApiTapeRecorder.dia -c /Users/barriesanders/.gemini/antigravity/scratch/OpenEmu_Port/Nestopia/core/api/NstApiTapeRecorder.cpp -o /Users/barriesanders/Library/Developer/Xcode/DerivedData/Nestopia-aslfodajikwbhqggflvpsofjqglc/Build/Intermediates.noindex/Nestopia.build/Debug/Nestopia.build/Objects-normal/arm64/NstApiTapeRecorder.o -index-unit-output-path /Nestopia.build/Debug/Nestopia.build/Objects-normal/arm64/NstApiTapeRecorder.o

CompileC /Users/barriesanders/Library/Developer/Xcode/DerivedData/Nestopia-aslfodajikwbhqggflvpsofjqglc/Build/Intermediates.noindex/Nestopia.build/Debug/Nestopia.build/Objects-normal/arm64/NstBoard.o /Users/barriesanders/.gemini/antigravity/scratch/OpenEmu_Port/Nestopia/core/board/NstBoard.cpp normal arm64 c++ com.apple.compilers.llvm.clang.1_0.compiler (in target 'Nestopia' from project 'Nestopia')
    cd /Users/barriesanders/.gemini/antigravity/scratch/OpenEmu_Port/Nestopia
    
    Using response file: /Users/barriesanders/Library/Developer/Xcode/DerivedData/Nestopia-aslfodajikwbhqggflvpsofjqglc/Build/Intermediates.noindex/Nestopia.build/Debug/Nestopia.build/Objects-normal/arm64/82b82416624d2658e5098eb0a28c15c5-common-args.resp
    
    /Applications/Xcode.app/Contents/Developer/Toolchains/XcodeDefault.xctoolchain/usr/bin/clang -x c++ -ivfsstatcache /Users/barriesanders/Library/Developer/Xcode/DerivedData/SDKStatCaches.noindex/macosx26.2-25C57-3885c01c3e6b6a337905948deab2002e00fa09913b459cbbc988d1f6730289ae.sdkstatcache -fmessage-length\=0 -fdiagnostics-show-note-include-stack -fmacro-backtrace-limit\=0 -fno-color-diagnostics -fmodules-prune-interval\=86400 -fmodules-prune-after\=345600 -fbuild-session-file\=/Users/barriesanders/Library/Developer/Xcode/DerivedData/ModuleCache.noindex/Session.modulevalidation -fmodules-validate-once-per-build-session -Wnon-modular-include-in-framework-module -Werror\=non-modular-include-in-framework-module -Wno-trigraphs -flto -Wno-missing-field-initializers -Wno-missing-prototypes -Wno-non-virtual-dtor -Wno-overloaded-virtual -Wno-exit-time-destructors -Wno-missing-braces -Wparentheses -Wswitch -Wno-unused-function -Wno-unused-label -Wno-unused-parameter -Wunused-variable -Wunused-value -Wno-empty-body -Wno-uninitialized -Wno-unknown-pragmas -Wno-shadow -Wno-four-char-constants -Wno-conversion -Wno-constant-conversion -Wno-int-conversion -Wno-bool-conversion -Wno-enum-conversion -Wno-float-conversion -Wno-non-literal-null-conversion -Wno-objc-literal-conversion -Wshorten-64-to-32 -Wno-newline-eof -Wno-c++11-extensions -Wno-implicit-fallthrough -fstrict-aliasing -Wdeprecated-declarations -Winvalid-offsetof -Wno-sign-conversion -Wno-infinite-recursion -Wno-move -Wno-comma -Wno-block-capture-autoreleasing -Wno-strict-prototypes -Wno-range-loop-analysis -Wno-semicolon-before-method-body -index-store-path /Users/barriesanders/Library/Developer/Xcode/DerivedData/Nestopia-aslfodajikwbhqggflvpsofjqglc/Index.noindex/DataStore -Wno-switch-enum @/Users/barriesanders/Library/Developer/Xcode/DerivedData/Nestopia-aslfodajikwbhqggflvpsofjqglc/Build/Intermediates.noindex/Nestopia.build/Debug/Nestopia.build/Objects-normal/arm64/82b82416624d2658e5098eb0a28c15c5-common-args.resp -MMD -MT dependencies -MF /Users/barriesanders/Library/Developer/Xcode/DerivedData/Nestopia-aslfodajikwbhqggflvpsofjqglc/Build/Intermediates.noindex/Nestopia.build/Debug/Nestopia.build/Objects-normal/arm64/NstBoard.d --serialize-diagnostics /Users/barriesanders/Library/Developer/Xcode/DerivedData/Nestopia-aslfodajikwbhqggflvpsofjqglc/Build/Intermediates.noindex/Nestopia.build/Debug/Nestopia.build/Objects-normal/arm64/NstBoard.dia -c /Users/barriesanders/.gemini/antigravity/scratch/OpenEmu_Port/Nestopia/core/board/NstBoard.cpp -o /Users/barriesanders/Library/Developer/Xcode/DerivedData/Nestopia-aslfodajikwbhqggflvpsofjqglc/Build/Intermediates.noindex/Nestopia.build/Debug/Nestopia.build/Objects-normal/arm64/NstBoard.o -index-unit-output-path /Nestopia.build/Debug/Nestopia.build/Objects-normal/arm64/NstBoard.o

CompileC /Users/barriesanders/Library/Developer/Xcode/DerivedData/Nestopia-aslfodajikwbhqggflvpsofjqglc/Build/Intermediates.noindex/Nestopia.build/Debug/Nestopia.build/Objects-normal/arm64/NstApiMovie.o /Users/barriesanders/.gemini/antigravity/scratch/OpenEmu_Port/Nestopia/core/api/NstApiMovie.cpp normal arm64 c++ com.apple.compilers.llvm.clang.1_0.compiler (in target 'Nestopia' from project 'Nestopia')
    cd /Users/barriesanders/.gemini/antigravity/scratch/OpenEmu_Port/Nestopia
    
    Using response file: /Users/barriesanders/Library/Developer/Xcode/DerivedData/Nestopia-aslfodajikwbhqggflvpsofjqglc/Build/Intermediates.noindex/Nestopia.build/Debug/Nestopia.build/Objects-normal/arm64/82b82416624d2658e5098eb0a28c15c5-common-args.resp
    
    /Applications/Xcode.app/Contents/Developer/Toolchains/XcodeDefault.xctoolchain/usr/bin/clang -x c++ -ivfsstatcache /Users/barriesanders/Library/Developer/Xcode/DerivedData/SDKStatCaches.noindex/macosx26.2-25C57-3885c01c3e6b6a337905948deab2002e00fa09913b459cbbc988d1f6730289ae.sdkstatcache -fmessage-length\=0 -fdiagnostics-show-note-include-stack -fmacro-backtrace-limit\=0 -fno-color-diagnostics -fmodules-prune-interval\=86400 -fmodules-prune-after\=345600 -fbuild-session-file\=/Users/barriesanders/Library/Developer/Xcode/DerivedData/ModuleCache.noindex/Session.modulevalidation -fmodules-validate-once-per-build-session -Wnon-modular-include-in-framework-module -Werror\=non-modular-include-in-framework-module -Wno-trigraphs -flto -Wno-missing-field-initializers -Wno-missing-prototypes -Wno-non-virtual-dtor -Wno-overloaded-virtual -Wno-exit-time-destructors -Wno-missing-braces -Wparentheses -Wswitch -Wno-unused-function -Wno-unused-label -Wno-unused-parameter -Wunused-variable -Wunused-value -Wno-empty-body -Wno-uninitialized -Wno-unknown-pragmas -Wno-shadow -Wno-four-char-constants -Wno-conversion -Wno-constant-conversion -Wno-int-conversion -Wno-bool-conversion -Wno-enum-conversion -Wno-float-conversion -Wno-non-literal-null-conversion -Wno-objc-literal-conversion -Wshorten-64-to-32 -Wno-newline-eof -Wno-c++11-extensions -Wno-implicit-fallthrough -fstrict-aliasing -Wdeprecated-declarations -Winvalid-offsetof -Wno-sign-conversion -Wno-infinite-recursion -Wno-move -Wno-comma -Wno-block-capture-autoreleasing -Wno-strict-prototypes -Wno-range-loop-analysis -Wno-semicolon-before-method-body -index-store-path /Users/barriesanders/Library/Developer/Xcode/DerivedData/Nestopia-aslfodajikwbhqggflvpsofjqglc/Index.noindex/DataStore -Wno-switch-enum @/Users/barriesanders/Library/Developer/Xcode/DerivedData/Nestopia-aslfodajikwbhqggflvpsofjqglc/Build/Intermediates.noindex/Nestopia.build/Debug/Nestopia.build/Objects-normal/arm64/82b82416624d2658e5098eb0a28c15c5-common-args.resp -MMD -MT dependencies -MF /Users/barriesanders/Library/Developer/Xcode/DerivedData/Nestopia-aslfodajikwbhqggflvpsofjqglc/Build/Intermediates.noindex/Nestopia.build/Debug/Nestopia.build/Objects-normal/arm64/NstApiMovie.d --serialize-diagnostics /Users/barriesanders/Library/Developer/Xcode/DerivedData/Nestopia-aslfodajikwbhqggflvpsofjqglc/Build/Intermediates.noindex/Nestopia.build/Debug/Nestopia.build/Objects-normal/arm64/NstApiMovie.dia -c /Users/barriesanders/.gemini/antigravity/scratch/OpenEmu_Port/Nestopia/core/api/NstApiMovie.cpp -o /Users/barriesanders/Library/Developer/Xcode/DerivedData/Nestopia-aslfodajikwbhqggflvpsofjqglc/Build/Intermediates.noindex/Nestopia.build/Debug/Nestopia.build/Objects-normal/arm64/NstApiMovie.o -index-unit-output-path /Nestopia.build/Debug/Nestopia.build/Objects-normal/arm64/NstApiMovie.o

CompileC /Users/barriesanders/Library/Developer/Xcode/DerivedData/Nestopia-aslfodajikwbhqggflvpsofjqglc/Build/Intermediates.noindex/Nestopia.build/Debug/Nestopia.build/Objects-normal/arm64/NstApiMachine.o /Users/barriesanders/.gemini/antigravity/scratch/OpenEmu_Port/Nestopia/core/api/NstApiMachine.cpp normal arm64 c++ com.apple.compilers.llvm.clang.1_0.compiler (in target 'Nestopia' from project 'Nestopia')
    cd /Users/barriesanders/.gemini/antigravity/scratch/OpenEmu_Port/Nestopia
    
    Using response file: /Users/barriesanders/Library/Developer/Xcode/DerivedData/Nestopia-aslfodajikwbhqggflvpsofjqglc/Build/Intermediates.noindex/Nestopia.build/Debug/Nestopia.build/Objects-normal/arm64/82b82416624d2658e5098eb0a28c15c5-common-args.resp
    
    /Applications/Xcode.app/Contents/Developer/Toolchains/XcodeDefault.xctoolchain/usr/bin/clang -x c++ -ivfsstatcache /Users/barriesanders/Library/Developer/Xcode/DerivedData/SDKStatCaches.noindex/macosx26.2-25C57-3885c01c3e6b6a337905948deab2002e00fa09913b459cbbc988d1f6730289ae.sdkstatcache -fmessage-length\=0 -fdiagnostics-show-note-include-stack -fmacro-backtrace-limit\=0 -fno-color-diagnostics -fmodules-prune-interval\=86400 -fmodules-prune-after\=345600 -fbuild-session-file\=/Users/barriesanders/Library/Developer/Xcode/DerivedData/ModuleCache.noindex/Session.modulevalidation -fmodules-validate-once-per-build-session -Wnon-modular-include-in-framework-module -Werror\=non-modular-include-in-framework-module -Wno-trigraphs -flto -Wno-missing-field-initializers -Wno-missing-prototypes -Wno-non-virtual-dtor -Wno-overloaded-virtual -Wno-exit-time-destructors -Wno-missing-braces -Wparentheses -Wswitch -Wno-unused-function -Wno-unused-label -Wno-unused-parameter -Wunused-variable -Wunused-value -Wno-empty-body -Wno-uninitialized -Wno-unknown-pragmas -Wno-shadow -Wno-four-char-constants -Wno-conversion -Wno-constant-conversion -Wno-int-conversion -Wno-bool-conversion -Wno-enum-conversion -Wno-float-conversion -Wno-non-literal-null-conversion -Wno-objc-literal-conversion -Wshorten-64-to-32 -Wno-newline-eof -Wno-c++11-extensions -Wno-implicit-fallthrough -fstrict-aliasing -Wdeprecated-declarations -Winvalid-offsetof -Wno-sign-conversion -Wno-infinite-recursion -Wno-move -Wno-comma -Wno-block-capture-autoreleasing -Wno-strict-prototypes -Wno-range-loop-analysis -Wno-semicolon-before-method-body -index-store-path /Users/barriesanders/Library/Developer/Xcode/DerivedData/Nestopia-aslfodajikwbhqggflvpsofjqglc/Index.noindex/DataStore -Wno-switch-enum @/Users/barriesanders/Library/Developer/Xcode/DerivedData/Nestopia-aslfodajikwbhqggflvpsofjqglc/Build/Intermediates.noindex/Nestopia.build/Debug/Nestopia.build/Objects-normal/arm64/82b82416624d2658e5098eb0a28c15c5-common-args.resp -MMD -MT dependencies -MF /Users/barriesanders/Library/Developer/Xcode/DerivedData/Nestopia-aslfodajikwbhqggflvpsofjqglc/Build/Intermediates.noindex/Nestopia.build/Debug/Nestopia.build/Objects-normal/arm64/NstApiMachine.d --serialize-diagnostics /Users/barriesanders/Library/Developer/Xcode/DerivedData/Nestopia-aslfodajikwbhqggflvpsofjqglc/Build/Intermediates.noindex/Nestopia.build/Debug/Nestopia.build/Objects-normal/arm64/NstApiMachine.dia -c /Users/barriesanders/.gemini/antigravity/scratch/OpenEmu_Port/Nestopia/core/api/NstApiMachine.cpp -o /Users/barriesanders/Library/Developer/Xcode/DerivedData/Nestopia-aslfodajikwbhqggflvpsofjqglc/Build/Intermediates.noindex/Nestopia.build/Debug/Nestopia.build/Objects-normal/arm64/NstApiMachine.o -index-unit-output-path /Nestopia.build/Debug/Nestopia.build/Objects-normal/arm64/NstApiMachine.o

CompileC /Users/barriesanders/Library/Developer/Xcode/DerivedData/Nestopia-aslfodajikwbhqggflvpsofjqglc/Build/Intermediates.noindex/Nestopia.build/Debug/Nestopia.build/Objects-normal/arm64/NstApiInput.o /Users/barriesanders/.gemini/antigravity/scratch/OpenEmu_Port/Nestopia/core/api/NstApiInput.cpp normal arm64 c++ com.apple.compilers.llvm.clang.1_0.compiler (in target 'Nestopia' from project 'Nestopia')
    cd /Users/barriesanders/.gemini/antigravity/scratch/OpenEmu_Port/Nestopia
    
    Using response file: /Users/barriesanders/Library/Developer/Xcode/DerivedData/Nestopia-aslfodajikwbhqggflvpsofjqglc/Build/Intermediates.noindex/Nestopia.build/Debug/Nestopia.build/Objects-normal/arm64/82b82416624d2658e5098eb0a28c15c5-common-args.resp
    
    /Applications/Xcode.app/Contents/Developer/Toolchains/XcodeDefault.xctoolchain/usr/bin/clang -x c++ -ivfsstatcache /Users/barriesanders/Library/Developer/Xcode/DerivedData/SDKStatCaches.noindex/macosx26.2-25C57-3885c01c3e6b6a337905948deab2002e00fa09913b459cbbc988d1f6730289ae.sdkstatcache -fmessage-length\=0 -fdiagnostics-show-note-include-stack -fmacro-backtrace-limit\=0 -fno-color-diagnostics -fmodules-prune-interval\=86400 -fmodules-prune-after\=345600 -fbuild-session-file\=/Users/barriesanders/Library/Developer/Xcode/DerivedData/ModuleCache.noindex/Session.modulevalidation -fmodules-validate-once-per-build-session -Wnon-modular-include-in-framework-module -Werror\=non-modular-include-in-framework-module -Wno-trigraphs -flto -Wno-missing-field-initializers -Wno-missing-prototypes -Wno-non-virtual-dtor -Wno-overloaded-virtual -Wno-exit-time-destructors -Wno-missing-braces -Wparentheses -Wswitch -Wno-unused-function -Wno-unused-label -Wno-unused-parameter -Wunused-variable -Wunused-value -Wno-empty-body -Wno-uninitialized -Wno-unknown-pragmas -Wno-shadow -Wno-four-char-constants -Wno-conversion -Wno-constant-conversion -Wno-int-conversion -Wno-bool-conversion -Wno-enum-conversion -Wno-float-conversion -Wno-non-literal-null-conversion -Wno-objc-literal-conversion -Wshorten-64-to-32 -Wno-newline-eof -Wno-c++11-extensions -Wno-implicit-fallthrough -fstrict-aliasing -Wdeprecated-declarations -Winvalid-offsetof -Wno-sign-conversion -Wno-infinite-recursion -Wno-move -Wno-comma -Wno-block-capture-autoreleasing -Wno-strict-prototypes -Wno-range-loop-analysis -Wno-semicolon-before-method-body -index-store-path /Users/barriesanders/Library/Developer/Xcode/DerivedData/Nestopia-aslfodajikwbhqggflvpsofjqglc/Index.noindex/DataStore -Wno-switch-enum @/Users/barriesanders/Library/Developer/Xcode/DerivedData/Nestopia-aslfodajikwbhqggflvpsofjqglc/Build/Intermediates.noindex/Nestopia.build/Debug/Nestopia.build/Objects-normal/arm64/82b82416624d2658e5098eb0a28c15c5-common-args.resp -MMD -MT dependencies -MF /Users/barriesanders/Library/Developer/Xcode/DerivedData/Nestopia-aslfodajikwbhqggflvpsofjqglc/Build/Intermediates.noindex/Nestopia.build/Debug/Nestopia.build/Objects-normal/arm64/NstApiInput.d --serialize-diagnostics /Users/barriesanders/Library/Developer/Xcode/DerivedData/Nestopia-aslfodajikwbhqggflvpsofjqglc/Build/Intermediates.noindex/Nestopia.build/Debug/Nestopia.build/Objects-normal/arm64/NstApiInput.dia -c /Users/barriesanders/.gemini/antigravity/scratch/OpenEmu_Port/Nestopia/core/api/NstApiInput.cpp -o /Users/barriesanders/Library/Developer/Xcode/DerivedData/Nestopia-aslfodajikwbhqggflvpsofjqglc/Build/Intermediates.noindex/Nestopia.build/Debug/Nestopia.build/Objects-normal/arm64/NstApiInput.o -index-unit-output-path /Nestopia.build/Debug/Nestopia.build/Objects-normal/arm64/NstApiInput.o

CompileC /Users/barriesanders/Library/Developer/Xcode/DerivedData/Nestopia-aslfodajikwbhqggflvpsofjqglc/Build/Intermediates.noindex/Nestopia.build/Debug/Nestopia.build/Objects-normal/arm64/NstApiHomebrew.o /Users/barriesanders/.gemini/antigravity/scratch/OpenEmu_Port/Nestopia/core/api/NstApiHomebrew.cpp normal arm64 c++ com.apple.compilers.llvm.clang.1_0.compiler (in target 'Nestopia' from project 'Nestopia')
    cd /Users/barriesanders/.gemini/antigravity/scratch/OpenEmu_Port/Nestopia
    
    Using response file: /Users/barriesanders/Library/Developer/Xcode/DerivedData/Nestopia-aslfodajikwbhqggflvpsofjqglc/Build/Intermediates.noindex/Nestopia.build/Debug/Nestopia.build/Objects-normal/arm64/82b82416624d2658e5098eb0a28c15c5-common-args.resp
    
    /Applications/Xcode.app/Contents/Developer/Toolchains/XcodeDefault.xctoolchain/usr/bin/clang -x c++ -ivfsstatcache /Users/barriesanders/Library/Developer/Xcode/DerivedData/SDKStatCaches.noindex/macosx26.2-25C57-3885c01c3e6b6a337905948deab2002e00fa09913b459cbbc988d1f6730289ae.sdkstatcache -fmessage-length\=0 -fdiagnostics-show-note-include-stack -fmacro-backtrace-limit\=0 -fno-color-diagnostics -fmodules-prune-interval\=86400 -fmodules-prune-after\=345600 -fbuild-session-file\=/Users/barriesanders/Library/Developer/Xcode/DerivedData/ModuleCache.noindex/Session.modulevalidation -fmodules-validate-once-per-build-session -Wnon-modular-include-in-framework-module -Werror\=non-modular-include-in-framework-module -Wno-trigraphs -flto -Wno-missing-field-initializers -Wno-missing-prototypes -Wno-non-virtual-dtor -Wno-overloaded-virtual -Wno-exit-time-destructors -Wno-missing-braces -Wparentheses -Wswitch -Wno-unused-function -Wno-unused-label -Wno-unused-parameter -Wunused-variable -Wunused-value -Wno-empty-body -Wno-uninitialized -Wno-unknown-pragmas -Wno-shadow -Wno-four-char-constants -Wno-conversion -Wno-constant-conversion -Wno-int-conversion -Wno-bool-conversion -Wno-enum-conversion -Wno-float-conversion -Wno-non-literal-null-conversion -Wno-objc-literal-conversion -Wshorten-64-to-32 -Wno-newline-eof -Wno-c++11-extensions -Wno-implicit-fallthrough -fstrict-aliasing -Wdeprecated-declarations -Winvalid-offsetof -Wno-sign-conversion -Wno-infinite-recursion -Wno-move -Wno-comma -Wno-block-capture-autoreleasing -Wno-strict-prototypes -Wno-range-loop-analysis -Wno-semicolon-before-method-body -index-store-path /Users/barriesanders/Library/Developer/Xcode/DerivedData/Nestopia-aslfodajikwbhqggflvpsofjqglc/Index.noindex/DataStore -Wno-switch-enum @/Users/barriesanders/Library/Developer/Xcode/DerivedData/Nestopia-aslfodajikwbhqggflvpsofjqglc/Build/Intermediates.noindex/Nestopia.build/Debug/Nestopia.build/Objects-normal/arm64/82b82416624d2658e5098eb0a28c15c5-common-args.resp -MMD -MT dependencies -MF /Users/barriesanders/Library/Developer/Xcode/DerivedData/Nestopia-aslfodajikwbhqggflvpsofjqglc/Build/Intermediates.noindex/Nestopia.build/Debug/Nestopia.build/Objects-normal/arm64/NstApiHomebrew.d --serialize-diagnostics /Users/barriesanders/Library/Developer/Xcode/DerivedData/Nestopia-aslfodajikwbhqggflvpsofjqglc/Build/Intermediates.noindex/Nestopia.build/Debug/Nestopia.build/Objects-normal/arm64/NstApiHomebrew.dia -c /Users/barriesanders/.gemini/antigravity/scratch/OpenEmu_Port/Nestopia/core/api/NstApiHomebrew.cpp -o /Users/barriesanders/Library/Developer/Xcode/DerivedData/Nestopia-aslfodajikwbhqggflvpsofjqglc/Build/Intermediates.noindex/Nestopia.build/Debug/Nestopia.build/Objects-normal/arm64/NstApiHomebrew.o -index-unit-output-path /Nestopia.build/Debug/Nestopia.build/Objects-normal/arm64/NstApiHomebrew.o

** BUILD FAILED **


The following build commands failed:
	CompileC /Users/barriesanders/Library/Developer/Xcode/DerivedData/Nestopia-aslfodajikwbhqggflvpsofjqglc/Build/Intermediates.noindex/Nestopia.build/Debug/Nestopia.build/Objects-normal/arm64/NstApu.o /Users/barriesanders/.gemini/antigravity/scratch/OpenEmu_Port/Nestopia/core/NstApu.cpp normal arm64 c++ com.apple.compilers.llvm.clang.1_0.compiler (in target 'Nestopia' from project 'Nestopia')
	Building project Nestopia with scheme Nestopia
(2 failures)
