Command line invocation:
    /Applications/Xcode.app/Contents/Developer/usr/bin/xcodebuild -project Nestopia/Nestopia.xcodeproj -scheme Nestopia -arch arm64 build

Build settings from command line:
    ARCHS = arm64

2026-01-27 19:38:16.485 xcodebuild[93932:1317413] [MT] IDERunDestination: Supported platforms for the buildables in the current scheme is empty.
--- xcodebuild: WARNING: Using the first of multiple matching destinations:
{ platform:macOS, arch:arm64, id:00006001-001A50163A02801E, name:My Mac }
{ platform:macOS, arch:x86_64, id:00006001-001A50163A02801E, name:My Mac }
{ platform:macOS, name:Any Mac }
ComputePackagePrebuildTargetDependencyGraph

Prepare packages

CreateBuildRequest

SendProjectDescription

CreateBuildOperation

ComputeTargetDependencyGraph
note: Building targets in dependency order
note: Target dependency graph (1 target)
    Target 'Nestopia' in project 'Nestopia' (no dependencies)

GatherProvisioningInputs

CreateBuildDescription

ClangStatCache /Applications/Xcode.app/Contents/Developer/Toolchains/XcodeDefault.xctoolchain/usr/bin/clang-stat-cache /Applications/Xcode.app/Contents/Developer/Platforms/MacOSX.platform/Developer/SDKs/MacOSX26.2.sdk /Users/barriesanders/Library/Developer/Xcode/DerivedData/SDKStatCaches.noindex/macosx26.2-25C57-3885c01c3e6b6a337905948deab2002e00fa09913b459cbbc988d1f6730289ae.sdkstatcache
    cd /Users/barriesanders/.gemini/antigravity/scratch/OpenEmu_Port/Nestopia/Nestopia.xcodeproj
    /Applications/Xcode.app/Contents/Developer/Toolchains/XcodeDefault.xctoolchain/usr/bin/clang-stat-cache /Applications/Xcode.app/Contents/Developer/Platforms/MacOSX.platform/Developer/SDKs/MacOSX26.2.sdk -o /Users/barriesanders/Library/Developer/Xcode/DerivedData/SDKStatCaches.noindex/macosx26.2-25C57-3885c01c3e6b6a337905948deab2002e00fa09913b459cbbc988d1f6730289ae.sdkstatcache

/Users/barriesanders/.gemini/antigravity/scratch/OpenEmu_Port/Nestopia/Nestopia.xcodeproj: warning: The macOS deployment target 'MACOSX_DEPLOYMENT_TARGET' is set to 10.11, but the range of supported deployment target versions is 10.13 to 26.2.99. (in target 'Nestopia' from project 'Nestopia')
CompileC /Users/barriesanders/Library/Developer/Xcode/DerivedData/Nestopia-aslfodajikwbhqggflvpsofjqglc/Build/Intermediates.noindex/Nestopia.build/Debug/Nestopia.build/Objects-normal/arm64/NstImageDatabase.o /Users/barriesanders/.gemini/antigravity/scratch/OpenEmu_Port/Nestopia/core/NstImageDatabase.cpp normal arm64 c++ com.apple.compilers.llvm.clang.1_0.compiler (in target 'Nestopia' from project 'Nestopia')
    cd /Users/barriesanders/.gemini/antigravity/scratch/OpenEmu_Port/Nestopia
    
    Using response file: /Users/barriesanders/Library/Developer/Xcode/DerivedData/Nestopia-aslfodajikwbhqggflvpsofjqglc/Build/Intermediates.noindex/Nestopia.build/Debug/Nestopia.build/Objects-normal/arm64/82b82416624d2658e5098eb0a28c15c5-common-args.resp
    
    /Applications/Xcode.app/Contents/Developer/Toolchains/XcodeDefault.xctoolchain/usr/bin/clang -x c++ -ivfsstatcache /Users/barriesanders/Library/Developer/Xcode/DerivedData/SDKStatCaches.noindex/macosx26.2-25C57-3885c01c3e6b6a337905948deab2002e00fa09913b459cbbc988d1f6730289ae.sdkstatcache -fmessage-length\=0 -fdiagnostics-show-note-include-stack -fmacro-backtrace-limit\=0 -fno-color-diagnostics -fmodules-prune-interval\=86400 -fmodules-prune-after\=345600 -fbuild-session-file\=/Users/barriesanders/Library/Developer/Xcode/DerivedData/ModuleCache.noindex/Session.modulevalidation -fmodules-validate-once-per-build-session -Wnon-modular-include-in-framework-module -Werror\=non-modular-include-in-framework-module -Wno-trigraphs -flto -Wno-missing-field-initializers -Wno-missing-prototypes -Wno-non-virtual-dtor -Wno-overloaded-virtual -Wno-exit-time-destructors -Wno-missing-braces -Wparentheses -Wswitch -Wno-unused-function -Wno-unused-label -Wno-unused-parameter -Wunused-variable -Wunused-value -Wno-empty-body -Wno-uninitialized -Wno-unknown-pragmas -Wno-shadow -Wno-four-char-constants -Wno-conversion -Wno-constant-conversion -Wno-int-conversion -Wno-bool-conversion -Wno-enum-conversion -Wno-float-conversion -Wno-non-literal-null-conversion -Wno-objc-literal-conversion -Wshorten-64-to-32 -Wno-newline-eof -Wno-c++11-extensions -Wno-implicit-fallthrough -fstrict-aliasing -Wdeprecated-declarations -Winvalid-offsetof -Wno-sign-conversion -Wno-infinite-recursion -Wno-move -Wno-comma -Wno-block-capture-autoreleasing -Wno-strict-prototypes -Wno-range-loop-analysis -Wno-semicolon-before-method-body -index-store-path /Users/barriesanders/Library/Developer/Xcode/DerivedData/Nestopia-aslfodajikwbhqggflvpsofjqglc/Index.noindex/DataStore -Wno-switch-enum @/Users/barriesanders/Library/Developer/Xcode/DerivedData/Nestopia-aslfodajikwbhqggflvpsofjqglc/Build/Intermediates.noindex/Nestopia.build/Debug/Nestopia.build/Objects-normal/arm64/82b82416624d2658e5098eb0a28c15c5-common-args.resp -MMD -MT dependencies -MF /Users/barriesanders/Library/Developer/Xcode/DerivedData/Nestopia-aslfodajikwbhqggflvpsofjqglc/Build/Intermediates.noindex/Nestopia.build/Debug/Nestopia.build/Objects-normal/arm64/NstImageDatabase.d --serialize-diagnostics /Users/barriesanders/Library/Developer/Xcode/DerivedData/Nestopia-aslfodajikwbhqggflvpsofjqglc/Build/Intermediates.noindex/Nestopia.build/Debug/Nestopia.build/Objects-normal/arm64/NstImageDatabase.dia -c /Users/barriesanders/.gemini/antigravity/scratch/OpenEmu_Port/Nestopia/core/NstImageDatabase.cpp -o /Users/barriesanders/Library/Developer/Xcode/DerivedData/Nestopia-aslfodajikwbhqggflvpsofjqglc/Build/Intermediates.noindex/Nestopia.build/Debug/Nestopia.build/Objects-normal/arm64/NstImageDatabase.o -index-unit-output-path /Nestopia.build/Debug/Nestopia.build/Objects-normal/arm64/NstImageDatabase.o

CompileC /Users/barriesanders/Library/Developer/Xcode/DerivedData/Nestopia-aslfodajikwbhqggflvpsofjqglc/Build/Intermediates.noindex/Nestopia.build/Debug/Nestopia.build/Objects-normal/arm64/NstBoardBmc1200in1.o /Users/barriesanders/.gemini/antigravity/scratch/OpenEmu_Port/Nestopia/core/board/NstBoardBmc1200in1.cpp normal arm64 c++ com.apple.compilers.llvm.clang.1_0.compiler (in target 'Nestopia' from project 'Nestopia')
    cd /Users/barriesanders/.gemini/antigravity/scratch/OpenEmu_Port/Nestopia
    
    Using response file: /Users/barriesanders/Library/Developer/Xcode/DerivedData/Nestopia-aslfodajikwbhqggflvpsofjqglc/Build/Intermediates.noindex/Nestopia.build/Debug/Nestopia.build/Objects-normal/arm64/82b82416624d2658e5098eb0a28c15c5-common-args.resp
    
    /Applications/Xcode.app/Contents/Developer/Toolchains/XcodeDefault.xctoolchain/usr/bin/clang -x c++ -ivfsstatcache /Users/barriesanders/Library/Developer/Xcode/DerivedData/SDKStatCaches.noindex/macosx26.2-25C57-3885c01c3e6b6a337905948deab2002e00fa09913b459cbbc988d1f6730289ae.sdkstatcache -fmessage-length\=0 -fdiagnostics-show-note-include-stack -fmacro-backtrace-limit\=0 -fno-color-diagnostics -fmodules-prune-interval\=86400 -fmodules-prune-after\=345600 -fbuild-session-file\=/Users/barriesanders/Library/Developer/Xcode/DerivedData/ModuleCache.noindex/Session.modulevalidation -fmodules-validate-once-per-build-session -Wnon-modular-include-in-framework-module -Werror\=non-modular-include-in-framework-module -Wno-trigraphs -flto -Wno-missing-field-initializers -Wno-missing-prototypes -Wno-non-virtual-dtor -Wno-overloaded-virtual -Wno-exit-time-destructors -Wno-missing-braces -Wparentheses -Wswitch -Wno-unused-function -Wno-unused-label -Wno-unused-parameter -Wunused-variable -Wunused-value -Wno-empty-body -Wno-uninitialized -Wno-unknown-pragmas -Wno-shadow -Wno-four-char-constants -Wno-conversion -Wno-constant-conversion -Wno-int-conversion -Wno-bool-conversion -Wno-enum-conversion -Wno-float-conversion -Wno-non-literal-null-conversion -Wno-objc-literal-conversion -Wshorten-64-to-32 -Wno-newline-eof -Wno-c++11-extensions -Wno-implicit-fallthrough -fstrict-aliasing -Wdeprecated-declarations -Winvalid-offsetof -Wno-sign-conversion -Wno-infinite-recursion -Wno-move -Wno-comma -Wno-block-capture-autoreleasing -Wno-strict-prototypes -Wno-range-loop-analysis -Wno-semicolon-before-method-body -index-store-path /Users/barriesanders/Library/Developer/Xcode/DerivedData/Nestopia-aslfodajikwbhqggflvpsofjqglc/Index.noindex/DataStore -Wno-switch-enum @/Users/barriesanders/Library/Developer/Xcode/DerivedData/Nestopia-aslfodajikwbhqggflvpsofjqglc/Build/Intermediates.noindex/Nestopia.build/Debug/Nestopia.build/Objects-normal/arm64/82b82416624d2658e5098eb0a28c15c5-common-args.resp -MMD -MT dependencies -MF /Users/barriesanders/Library/Developer/Xcode/DerivedData/Nestopia-aslfodajikwbhqggflvpsofjqglc/Build/Intermediates.noindex/Nestopia.build/Debug/Nestopia.build/Objects-normal/arm64/NstBoardBmc1200in1.d --serialize-diagnostics /Users/barriesanders/Library/Developer/Xcode/DerivedData/Nestopia-aslfodajikwbhqggflvpsofjqglc/Build/Intermediates.noindex/Nestopia.build/Debug/Nestopia.build/Objects-normal/arm64/NstBoardBmc1200in1.dia -c /Users/barriesanders/.gemini/antigravity/scratch/OpenEmu_Port/Nestopia/core/board/NstBoardBmc1200in1.cpp -o /Users/barriesanders/Library/Developer/Xcode/DerivedData/Nestopia-aslfodajikwbhqggflvpsofjqglc/Build/Intermediates.noindex/Nestopia.build/Debug/Nestopia.build/Objects-normal/arm64/NstBoardBmc1200in1.o -index-unit-output-path /Nestopia.build/Debug/Nestopia.build/Objects-normal/arm64/NstBoardBmc1200in1.o

CompileC /Users/barriesanders/Library/Developer/Xcode/DerivedData/Nestopia-aslfodajikwbhqggflvpsofjqglc/Build/Intermediates.noindex/Nestopia.build/Debug/Nestopia.build/Objects-normal/arm64/NstBoardBandaiLz93d50.o /Users/barriesanders/.gemini/antigravity/scratch/OpenEmu_Port/Nestopia/core/board/NstBoardBandaiLz93d50.cpp normal arm64 c++ com.apple.compilers.llvm.clang.1_0.compiler (in target 'Nestopia' from project 'Nestopia')
    cd /Users/barriesanders/.gemini/antigravity/scratch/OpenEmu_Port/Nestopia
    
    Using response file: /Users/barriesanders/Library/Developer/Xcode/DerivedData/Nestopia-aslfodajikwbhqggflvpsofjqglc/Build/Intermediates.noindex/Nestopia.build/Debug/Nestopia.build/Objects-normal/arm64/82b82416624d2658e5098eb0a28c15c5-common-args.resp
    
    /Applications/Xcode.app/Contents/Developer/Toolchains/XcodeDefault.xctoolchain/usr/bin/clang -x c++ -ivfsstatcache /Users/barriesanders/Library/Developer/Xcode/DerivedData/SDKStatCaches.noindex/macosx26.2-25C57-3885c01c3e6b6a337905948deab2002e00fa09913b459cbbc988d1f6730289ae.sdkstatcache -fmessage-length\=0 -fdiagnostics-show-note-include-stack -fmacro-backtrace-limit\=0 -fno-color-diagnostics -fmodules-prune-interval\=86400 -fmodules-prune-after\=345600 -fbuild-session-file\=/Users/barriesanders/Library/Developer/Xcode/DerivedData/ModuleCache.noindex/Session.modulevalidation -fmodules-validate-once-per-build-session -Wnon-modular-include-in-framework-module -Werror\=non-modular-include-in-framework-module -Wno-trigraphs -flto -Wno-missing-field-initializers -Wno-missing-prototypes -Wno-non-virtual-dtor -Wno-overloaded-virtual -Wno-exit-time-destructors -Wno-missing-braces -Wparentheses -Wswitch -Wno-unused-function -Wno-unused-label -Wno-unused-parameter -Wunused-variable -Wunused-value -Wno-empty-body -Wno-uninitialized -Wno-unknown-pragmas -Wno-shadow -Wno-four-char-constants -Wno-conversion -Wno-constant-conversion -Wno-int-conversion -Wno-bool-conversion -Wno-enum-conversion -Wno-float-conversion -Wno-non-literal-null-conversion -Wno-objc-literal-conversion -Wshorten-64-to-32 -Wno-newline-eof -Wno-c++11-extensions -Wno-implicit-fallthrough -fstrict-aliasing -Wdeprecated-declarations -Winvalid-offsetof -Wno-sign-conversion -Wno-infinite-recursion -Wno-move -Wno-comma -Wno-block-capture-autoreleasing -Wno-strict-prototypes -Wno-range-loop-analysis -Wno-semicolon-before-method-body -index-store-path /Users/barriesanders/Library/Developer/Xcode/DerivedData/Nestopia-aslfodajikwbhqggflvpsofjqglc/Index.noindex/DataStore -Wno-switch-enum @/Users/barriesanders/Library/Developer/Xcode/DerivedData/Nestopia-aslfodajikwbhqggflvpsofjqglc/Build/Intermediates.noindex/Nestopia.build/Debug/Nestopia.build/Objects-normal/arm64/82b82416624d2658e5098eb0a28c15c5-common-args.resp -MMD -MT dependencies -MF /Users/barriesanders/Library/Developer/Xcode/DerivedData/Nestopia-aslfodajikwbhqggflvpsofjqglc/Build/Intermediates.noindex/Nestopia.build/Debug/Nestopia.build/Objects-normal/arm64/NstBoardBandaiLz93d50.d --serialize-diagnostics /Users/barriesanders/Library/Developer/Xcode/DerivedData/Nestopia-aslfodajikwbhqggflvpsofjqglc/Build/Intermediates.noindex/Nestopia.build/Debug/Nestopia.build/Objects-normal/arm64/NstBoardBandaiLz93d50.dia -c /Users/barriesanders/.gemini/antigravity/scratch/OpenEmu_Port/Nestopia/core/board/NstBoardBandaiLz93d50.cpp -o /Users/barriesanders/Library/Developer/Xcode/DerivedData/Nestopia-aslfodajikwbhqggflvpsofjqglc/Build/Intermediates.noindex/Nestopia.build/Debug/Nestopia.build/Objects-normal/arm64/NstBoardBandaiLz93d50.o -index-unit-output-path /Nestopia.build/Debug/Nestopia.build/Objects-normal/arm64/NstBoardBandaiLz93d50.o

CompileC /Users/barriesanders/Library/Developer/Xcode/DerivedData/Nestopia-aslfodajikwbhqggflvpsofjqglc/Build/Intermediates.noindex/Nestopia.build/Debug/Nestopia.build/Objects-normal/arm64/NstBoardBandaiLz93d50ex.o /Users/barriesanders/.gemini/antigravity/scratch/OpenEmu_Port/Nestopia/core/board/NstBoardBandaiLz93d50ex.cpp normal arm64 c++ com.apple.compilers.llvm.clang.1_0.compiler (in target 'Nestopia' from project 'Nestopia')
    cd /Users/barriesanders/.gemini/antigravity/scratch/OpenEmu_Port/Nestopia
    
    Using response file: /Users/barriesanders/Library/Developer/Xcode/DerivedData/Nestopia-aslfodajikwbhqggflvpsofjqglc/Build/Intermediates.noindex/Nestopia.build/Debug/Nestopia.build/Objects-normal/arm64/82b82416624d2658e5098eb0a28c15c5-common-args.resp
    
    /Applications/Xcode.app/Contents/Developer/Toolchains/XcodeDefault.xctoolchain/usr/bin/clang -x c++ -ivfsstatcache /Users/barriesanders/Library/Developer/Xcode/DerivedData/SDKStatCaches.noindex/macosx26.2-25C57-3885c01c3e6b6a337905948deab2002e00fa09913b459cbbc988d1f6730289ae.sdkstatcache -fmessage-length\=0 -fdiagnostics-show-note-include-stack -fmacro-backtrace-limit\=0 -fno-color-diagnostics -fmodules-prune-interval\=86400 -fmodules-prune-after\=345600 -fbuild-session-file\=/Users/barriesanders/Library/Developer/Xcode/DerivedData/ModuleCache.noindex/Session.modulevalidation -fmodules-validate-once-per-build-session -Wnon-modular-include-in-framework-module -Werror\=non-modular-include-in-framework-module -Wno-trigraphs -flto -Wno-missing-field-initializers -Wno-missing-prototypes -Wno-non-virtual-dtor -Wno-overloaded-virtual -Wno-exit-time-destructors -Wno-missing-braces -Wparentheses -Wswitch -Wno-unused-function -Wno-unused-label -Wno-unused-parameter -Wunused-variable -Wunused-value -Wno-empty-body -Wno-uninitialized -Wno-unknown-pragmas -Wno-shadow -Wno-four-char-constants -Wno-conversion -Wno-constant-conversion -Wno-int-conversion -Wno-bool-conversion -Wno-enum-conversion -Wno-float-conversion -Wno-non-literal-null-conversion -Wno-objc-literal-conversion -Wshorten-64-to-32 -Wno-newline-eof -Wno-c++11-extensions -Wno-implicit-fallthrough -fstrict-aliasing -Wdeprecated-declarations -Winvalid-offsetof -Wno-sign-conversion -Wno-infinite-recursion -Wno-move -Wno-comma -Wno-block-capture-autoreleasing -Wno-strict-prototypes -Wno-range-loop-analysis -Wno-semicolon-before-method-body -index-store-path /Users/barriesanders/Library/Developer/Xcode/DerivedData/Nestopia-aslfodajikwbhqggflvpsofjqglc/Index.noindex/DataStore -Wno-switch-enum @/Users/barriesanders/Library/Developer/Xcode/DerivedData/Nestopia-aslfodajikwbhqggflvpsofjqglc/Build/Intermediates.noindex/Nestopia.build/Debug/Nestopia.build/Objects-normal/arm64/82b82416624d2658e5098eb0a28c15c5-common-args.resp -MMD -MT dependencies -MF /Users/barriesanders/Library/Developer/Xcode/DerivedData/Nestopia-aslfodajikwbhqggflvpsofjqglc/Build/Intermediates.noindex/Nestopia.build/Debug/Nestopia.build/Objects-normal/arm64/NstBoardBandaiLz93d50ex.d --serialize-diagnostics /Users/barriesanders/Library/Developer/Xcode/DerivedData/Nestopia-aslfodajikwbhqggflvpsofjqglc/Build/Intermediates.noindex/Nestopia.build/Debug/Nestopia.build/Objects-normal/arm64/NstBoardBandaiLz93d50ex.dia -c /Users/barriesanders/.gemini/antigravity/scratch/OpenEmu_Port/Nestopia/core/board/NstBoardBandaiLz93d50ex.cpp -o /Users/barriesanders/Library/Developer/Xcode/DerivedData/Nestopia-aslfodajikwbhqggflvpsofjqglc/Build/Intermediates.noindex/Nestopia.build/Debug/Nestopia.build/Objects-normal/arm64/NstBoardBandaiLz93d50ex.o -index-unit-output-path /Nestopia.build/Debug/Nestopia.build/Objects-normal/arm64/NstBoardBandaiLz93d50ex.o

CompileC /Users/barriesanders/Library/Developer/Xcode/DerivedData/Nestopia-aslfodajikwbhqggflvpsofjqglc/Build/Intermediates.noindex/Nestopia.build/Debug/Nestopia.build/Objects-normal/arm64/NstBoardBandai24c0x.o /Users/barriesanders/.gemini/antigravity/scratch/OpenEmu_Port/Nestopia/core/board/NstBoardBandai24c0x.cpp normal arm64 c++ com.apple.compilers.llvm.clang.1_0.compiler (in target 'Nestopia' from project 'Nestopia')
    cd /Users/barriesanders/.gemini/antigravity/scratch/OpenEmu_Port/Nestopia
    
    Using response file: /Users/barriesanders/Library/Developer/Xcode/DerivedData/Nestopia-aslfodajikwbhqggflvpsofjqglc/Build/Intermediates.noindex/Nestopia.build/Debug/Nestopia.build/Objects-normal/arm64/82b82416624d2658e5098eb0a28c15c5-common-args.resp
    
    /Applications/Xcode.app/Contents/Developer/Toolchains/XcodeDefault.xctoolchain/usr/bin/clang -x c++ -ivfsstatcache /Users/barriesanders/Library/Developer/Xcode/DerivedData/SDKStatCaches.noindex/macosx26.2-25C57-3885c01c3e6b6a337905948deab2002e00fa09913b459cbbc988d1f6730289ae.sdkstatcache -fmessage-length\=0 -fdiagnostics-show-note-include-stack -fmacro-backtrace-limit\=0 -fno-color-diagnostics -fmodules-prune-interval\=86400 -fmodules-prune-after\=345600 -fbuild-session-file\=/Users/barriesanders/Library/Developer/Xcode/DerivedData/ModuleCache.noindex/Session.modulevalidation -fmodules-validate-once-per-build-session -Wnon-modular-include-in-framework-module -Werror\=non-modular-include-in-framework-module -Wno-trigraphs -flto -Wno-missing-field-initializers -Wno-missing-prototypes -Wno-non-virtual-dtor -Wno-overloaded-virtual -Wno-exit-time-destructors -Wno-missing-braces -Wparentheses -Wswitch -Wno-unused-function -Wno-unused-label -Wno-unused-parameter -Wunused-variable -Wunused-value -Wno-empty-body -Wno-uninitialized -Wno-unknown-pragmas -Wno-shadow -Wno-four-char-constants -Wno-conversion -Wno-constant-conversion -Wno-int-conversion -Wno-bool-conversion -Wno-enum-conversion -Wno-float-conversion -Wno-non-literal-null-conversion -Wno-objc-literal-conversion -Wshorten-64-to-32 -Wno-newline-eof -Wno-c++11-extensions -Wno-implicit-fallthrough -fstrict-aliasing -Wdeprecated-declarations -Winvalid-offsetof -Wno-sign-conversion -Wno-infinite-recursion -Wno-move -Wno-comma -Wno-block-capture-autoreleasing -Wno-strict-prototypes -Wno-range-loop-analysis -Wno-semicolon-before-method-body -index-store-path /Users/barriesanders/Library/Developer/Xcode/DerivedData/Nestopia-aslfodajikwbhqggflvpsofjqglc/Index.noindex/DataStore -Wno-switch-enum @/Users/barriesanders/Library/Developer/Xcode/DerivedData/Nestopia-aslfodajikwbhqggflvpsofjqglc/Build/Intermediates.noindex/Nestopia.build/Debug/Nestopia.build/Objects-normal/arm64/82b82416624d2658e5098eb0a28c15c5-common-args.resp -MMD -MT dependencies -MF /Users/barriesanders/Library/Developer/Xcode/DerivedData/Nestopia-aslfodajikwbhqggflvpsofjqglc/Build/Intermediates.noindex/Nestopia.build/Debug/Nestopia.build/Objects-normal/arm64/NstBoardBandai24c0x.d --serialize-diagnostics /Users/barriesanders/Library/Developer/Xcode/DerivedData/Nestopia-aslfodajikwbhqggflvpsofjqglc/Build/Intermediates.noindex/Nestopia.build/Debug/Nestopia.build/Objects-normal/arm64/NstBoardBandai24c0x.dia -c /Users/barriesanders/.gemini/antigravity/scratch/OpenEmu_Port/Nestopia/core/board/NstBoardBandai24c0x.cpp -o /Users/barriesanders/Library/Developer/Xcode/DerivedData/Nestopia-aslfodajikwbhqggflvpsofjqglc/Build/Intermediates.noindex/Nestopia.build/Debug/Nestopia.build/Objects-normal/arm64/NstBoardBandai24c0x.o -index-unit-output-path /Nestopia.build/Debug/Nestopia.build/Objects-normal/arm64/NstBoardBandai24c0x.o
/Users/barriesanders/.gemini/antigravity/scratch/OpenEmu_Port/Nestopia/core/board/NstBoardBandai24c0x.cpp:65:7: error: non-constant-expression cannot be narrowed from type 'uint' (aka 'unsigned int') to 'byte' (aka 'unsigned char') in initializer list [-Wc++11-narrowing]
   65 |                                                 line.scl | line.sda,
      |                                                 ^~~~~~~~~~~~~~~~~~~
/Users/barriesanders/.gemini/antigravity/scratch/OpenEmu_Port/Nestopia/core/board/NstBoardBandai24c0x.cpp:65:7: note: insert an explicit cast to silence this issue
   65 |                                                 line.scl | line.sda,
      |                                                 ^~~~~~~~~~~~~~~~~~~
      |                                                 static_cast<byte>( )
/Users/barriesanders/.gemini/antigravity/scratch/OpenEmu_Port/Nestopia/core/board/NstBoardBandai24c0x.cpp:66:7: error: non-constant-expression cannot be narrowed from type 'uint' (aka 'unsigned int') to 'byte' (aka 'unsigned char') in initializer list [-Wc++11-narrowing]
   66 |                                                 uint(mode << 0) | uint(next << 4),
      |                                                 ^~~~~~~~~~~~~~~~~~~~~~~~~~~~~~~~~
/Users/barriesanders/.gemini/antigravity/scratch/OpenEmu_Port/Nestopia/core/board/NstBoardBandai24c0x.cpp:66:7: note: insert an explicit cast to silence this issue
   66 |                                                 uint(mode << 0) | uint(next << 4),
      |                                                 ^~~~~~~~~~~~~~~~~~~~~~~~~~~~~~~~~
      |                                                 static_cast<byte>(               )
/Users/barriesanders/.gemini/antigravity/scratch/OpenEmu_Port/Nestopia/core/board/NstBoardBandai24c0x.cpp:67:7: error: non-constant-expression cannot be narrowed from type 'uint' (aka 'unsigned int') to 'byte' (aka 'unsigned char') in initializer list [-Wc++11-narrowing]
   67 |                                                 latch.address,
      |                                                 ^~~~~~~~~~~~~
/Users/barriesanders/.gemini/antigravity/scratch/OpenEmu_Port/Nestopia/core/board/NstBoardBandai24c0x.cpp:67:7: note: insert an explicit cast to silence this issue
   67 |                                                 latch.address,
      |                                                 ^~~~~~~~~~~~~
      |                                                 static_cast<byte>( )
/Users/barriesanders/.gemini/antigravity/scratch/OpenEmu_Port/Nestopia/core/board/NstBoardBandai24c0x.cpp:68:7: error: non-constant-expression cannot be narrowed from type 'uint' (aka 'unsigned int') to 'byte' (aka 'unsigned char') in initializer list [-Wc++11-narrowing]
   68 |                                                 latch.data,
      |                                                 ^~~~~~~~~~
/Users/barriesanders/.gemini/antigravity/scratch/OpenEmu_Port/Nestopia/core/board/NstBoardBandai24c0x.cpp:68:7: note: insert an explicit cast to silence this issue
   68 |                                                 latch.data,
      |                                                 ^~~~~~~~~~
      |                                                 static_cast<byte>( )
/Users/barriesanders/.gemini/antigravity/scratch/OpenEmu_Port/Nestopia/core/board/NstBoardBandai24c0x.cpp:69:7: error: non-constant-expression cannot be narrowed from type 'uint' (aka 'unsigned int') to 'byte' (aka 'unsigned char') in initializer list [-Wc++11-narrowing]
   69 |                                                 latch.bit,
      |                                                 ^~~~~~~~~
/Users/barriesanders/.gemini/antigravity/scratch/OpenEmu_Port/Nestopia/core/board/NstBoardBandai24c0x.cpp:69:7: note: insert an explicit cast to silence this issue
   69 |                                                 latch.bit,
      |                                                 ^~~~~~~~~
      |                                                 static_cast<byte>( )
/Users/barriesanders/.gemini/antigravity/scratch/OpenEmu_Port/Nestopia/core/board/NstBoardBandai24c0x.cpp:70:7: error: non-constant-expression cannot be narrowed from type 'uint' (aka 'unsigned int') to 'byte' (aka 'unsigned char') in initializer list [-Wc++11-narrowing]
   70 |                                                 output | (rw ? 0x80 : 0x00)
      |                                                 ^~~~~~~~~~~~~~~~~~~~~~~~~~~
/Users/barriesanders/.gemini/antigravity/scratch/OpenEmu_Port/Nestopia/core/board/NstBoardBandai24c0x.cpp:70:7: note: insert an explicit cast to silence this issue
   70 |                                                 output | (rw ? 0x80 : 0x00)
      |                                                 ^~~~~~~~~~~~~~~~~~~~~~~~~~~
      |                                                 static_cast<byte>(         )
6 errors generated.

CompileC /Users/barriesanders/Library/Developer/Xcode/DerivedData/Nestopia-aslfodajikwbhqggflvpsofjqglc/Build/Intermediates.noindex/Nestopia.build/Debug/Nestopia.build/Objects-normal/arm64/NstBoardAxRom.o /Users/barriesanders/.gemini/antigravity/scratch/OpenEmu_Port/Nestopia/core/board/NstBoardAxRom.cpp normal arm64 c++ com.apple.compilers.llvm.clang.1_0.compiler (in target 'Nestopia' from project 'Nestopia')
    cd /Users/barriesanders/.gemini/antigravity/scratch/OpenEmu_Port/Nestopia
    
    Using response file: /Users/barriesanders/Library/Developer/Xcode/DerivedData/Nestopia-aslfodajikwbhqggflvpsofjqglc/Build/Intermediates.noindex/Nestopia.build/Debug/Nestopia.build/Objects-normal/arm64/82b82416624d2658e5098eb0a28c15c5-common-args.resp
    
    /Applications/Xcode.app/Contents/Developer/Toolchains/XcodeDefault.xctoolchain/usr/bin/clang -x c++ -ivfsstatcache /Users/barriesanders/Library/Developer/Xcode/DerivedData/SDKStatCaches.noindex/macosx26.2-25C57-3885c01c3e6b6a337905948deab2002e00fa09913b459cbbc988d1f6730289ae.sdkstatcache -fmessage-length\=0 -fdiagnostics-show-note-include-stack -fmacro-backtrace-limit\=0 -fno-color-diagnostics -fmodules-prune-interval\=86400 -fmodules-prune-after\=345600 -fbuild-session-file\=/Users/barriesanders/Library/Developer/Xcode/DerivedData/ModuleCache.noindex/Session.modulevalidation -fmodules-validate-once-per-build-session -Wnon-modular-include-in-framework-module -Werror\=non-modular-include-in-framework-module -Wno-trigraphs -flto -Wno-missing-field-initializers -Wno-missing-prototypes -Wno-non-virtual-dtor -Wno-overloaded-virtual -Wno-exit-time-destructors -Wno-missing-braces -Wparentheses -Wswitch -Wno-unused-function -Wno-unused-label -Wno-unused-parameter -Wunused-variable -Wunused-value -Wno-empty-body -Wno-uninitialized -Wno-unknown-pragmas -Wno-shadow -Wno-four-char-constants -Wno-conversion -Wno-constant-conversion -Wno-int-conversion -Wno-bool-conversion -Wno-enum-conversion -Wno-float-conversion -Wno-non-literal-null-conversion -Wno-objc-literal-conversion -Wshorten-64-to-32 -Wno-newline-eof -Wno-c++11-extensions -Wno-implicit-fallthrough -fstrict-aliasing -Wdeprecated-declarations -Winvalid-offsetof -Wno-sign-conversion -Wno-infinite-recursion -Wno-move -Wno-comma -Wno-block-capture-autoreleasing -Wno-strict-prototypes -Wno-range-loop-analysis -Wno-semicolon-before-method-body -index-store-path /Users/barriesanders/Library/Developer/Xcode/DerivedData/Nestopia-aslfodajikwbhqggflvpsofjqglc/Index.noindex/DataStore -Wno-switch-enum @/Users/barriesanders/Library/Developer/Xcode/DerivedData/Nestopia-aslfodajikwbhqggflvpsofjqglc/Build/Intermediates.noindex/Nestopia.build/Debug/Nestopia.build/Objects-normal/arm64/82b82416624d2658e5098eb0a28c15c5-common-args.resp -MMD -MT dependencies -MF /Users/barriesanders/Library/Developer/Xcode/DerivedData/Nestopia-aslfodajikwbhqggflvpsofjqglc/Build/Intermediates.noindex/Nestopia.build/Debug/Nestopia.build/Objects-normal/arm64/NstBoardAxRom.d --serialize-diagnostics /Users/barriesanders/Library/Developer/Xcode/DerivedData/Nestopia-aslfodajikwbhqggflvpsofjqglc/Build/Intermediates.noindex/Nestopia.build/Debug/Nestopia.build/Objects-normal/arm64/NstBoardAxRom.dia -c /Users/barriesanders/.gemini/antigravity/scratch/OpenEmu_Port/Nestopia/core/board/NstBoardAxRom.cpp -o /Users/barriesanders/Library/Developer/Xcode/DerivedData/Nestopia-aslfodajikwbhqggflvpsofjqglc/Build/Intermediates.noindex/Nestopia.build/Debug/Nestopia.build/Objects-normal/arm64/NstBoardAxRom.o -index-unit-output-path /Nestopia.build/Debug/Nestopia.build/Objects-normal/arm64/NstBoardAxRom.o

CompileC /Users/barriesanders/Library/Developer/Xcode/DerivedData/Nestopia-aslfodajikwbhqggflvpsofjqglc/Build/Intermediates.noindex/Nestopia.build/Debug/Nestopia.build/Objects-normal/arm64/NstBoardAveNina.o /Users/barriesanders/.gemini/antigravity/scratch/OpenEmu_Port/Nestopia/core/board/NstBoardAveNina.cpp normal arm64 c++ com.apple.compilers.llvm.clang.1_0.compiler (in target 'Nestopia' from project 'Nestopia')
    cd /Users/barriesanders/.gemini/antigravity/scratch/OpenEmu_Port/Nestopia
    
    Using response file: /Users/barriesanders/Library/Developer/Xcode/DerivedData/Nestopia-aslfodajikwbhqggflvpsofjqglc/Build/Intermediates.noindex/Nestopia.build/Debug/Nestopia.build/Objects-normal/arm64/82b82416624d2658e5098eb0a28c15c5-common-args.resp
    
    /Applications/Xcode.app/Contents/Developer/Toolchains/XcodeDefault.xctoolchain/usr/bin/clang -x c++ -ivfsstatcache /Users/barriesanders/Library/Developer/Xcode/DerivedData/SDKStatCaches.noindex/macosx26.2-25C57-3885c01c3e6b6a337905948deab2002e00fa09913b459cbbc988d1f6730289ae.sdkstatcache -fmessage-length\=0 -fdiagnostics-show-note-include-stack -fmacro-backtrace-limit\=0 -fno-color-diagnostics -fmodules-prune-interval\=86400 -fmodules-prune-after\=345600 -fbuild-session-file\=/Users/barriesanders/Library/Developer/Xcode/DerivedData/ModuleCache.noindex/Session.modulevalidation -fmodules-validate-once-per-build-session -Wnon-modular-include-in-framework-module -Werror\=non-modular-include-in-framework-module -Wno-trigraphs -flto -Wno-missing-field-initializers -Wno-missing-prototypes -Wno-non-virtual-dtor -Wno-overloaded-virtual -Wno-exit-time-destructors -Wno-missing-braces -Wparentheses -Wswitch -Wno-unused-function -Wno-unused-label -Wno-unused-parameter -Wunused-variable -Wunused-value -Wno-empty-body -Wno-uninitialized -Wno-unknown-pragmas -Wno-shadow -Wno-four-char-constants -Wno-conversion -Wno-constant-conversion -Wno-int-conversion -Wno-bool-conversion -Wno-enum-conversion -Wno-float-conversion -Wno-non-literal-null-conversion -Wno-objc-literal-conversion -Wshorten-64-to-32 -Wno-newline-eof -Wno-c++11-extensions -Wno-implicit-fallthrough -fstrict-aliasing -Wdeprecated-declarations -Winvalid-offsetof -Wno-sign-conversion -Wno-infinite-recursion -Wno-move -Wno-comma -Wno-block-capture-autoreleasing -Wno-strict-prototypes -Wno-range-loop-analysis -Wno-semicolon-before-method-body -index-store-path /Users/barriesanders/Library/Developer/Xcode/DerivedData/Nestopia-aslfodajikwbhqggflvpsofjqglc/Index.noindex/DataStore -Wno-switch-enum @/Users/barriesanders/Library/Developer/Xcode/DerivedData/Nestopia-aslfodajikwbhqggflvpsofjqglc/Build/Intermediates.noindex/Nestopia.build/Debug/Nestopia.build/Objects-normal/arm64/82b82416624d2658e5098eb0a28c15c5-common-args.resp -MMD -MT dependencies -MF /Users/barriesanders/Library/Developer/Xcode/DerivedData/Nestopia-aslfodajikwbhqggflvpsofjqglc/Build/Intermediates.noindex/Nestopia.build/Debug/Nestopia.build/Objects-normal/arm64/NstBoardAveNina.d --serialize-diagnostics /Users/barriesanders/Library/Developer/Xcode/DerivedData/Nestopia-aslfodajikwbhqggflvpsofjqglc/Build/Intermediates.noindex/Nestopia.build/Debug/Nestopia.build/Objects-normal/arm64/NstBoardAveNina.dia -c /Users/barriesanders/.gemini/antigravity/scratch/OpenEmu_Port/Nestopia/core/board/NstBoardAveNina.cpp -o /Users/barriesanders/Library/Developer/Xcode/DerivedData/Nestopia-aslfodajikwbhqggflvpsofjqglc/Build/Intermediates.noindex/Nestopia.build/Debug/Nestopia.build/Objects-normal/arm64/NstBoardAveNina.o -index-unit-output-path /Nestopia.build/Debug/Nestopia.build/Objects-normal/arm64/NstBoardAveNina.o

CompileC /Users/barriesanders/Library/Developer/Xcode/DerivedData/Nestopia-aslfodajikwbhqggflvpsofjqglc/Build/Intermediates.noindex/Nestopia.build/Debug/Nestopia.build/Objects-normal/arm64/NstBoardAveD1012.o /Users/barriesanders/.gemini/antigravity/scratch/OpenEmu_Port/Nestopia/core/board/NstBoardAveD1012.cpp normal arm64 c++ com.apple.compilers.llvm.clang.1_0.compiler (in target 'Nestopia' from project 'Nestopia')
    cd /Users/barriesanders/.gemini/antigravity/scratch/OpenEmu_Port/Nestopia
    
    Using response file: /Users/barriesanders/Library/Developer/Xcode/DerivedData/Nestopia-aslfodajikwbhqggflvpsofjqglc/Build/Intermediates.noindex/Nestopia.build/Debug/Nestopia.build/Objects-normal/arm64/82b82416624d2658e5098eb0a28c15c5-common-args.resp
    
    /Applications/Xcode.app/Contents/Developer/Toolchains/XcodeDefault.xctoolchain/usr/bin/clang -x c++ -ivfsstatcache /Users/barriesanders/Library/Developer/Xcode/DerivedData/SDKStatCaches.noindex/macosx26.2-25C57-3885c01c3e6b6a337905948deab2002e00fa09913b459cbbc988d1f6730289ae.sdkstatcache -fmessage-length\=0 -fdiagnostics-show-note-include-stack -fmacro-backtrace-limit\=0 -fno-color-diagnostics -fmodules-prune-interval\=86400 -fmodules-prune-after\=345600 -fbuild-session-file\=/Users/barriesanders/Library/Developer/Xcode/DerivedData/ModuleCache.noindex/Session.modulevalidation -fmodules-validate-once-per-build-session -Wnon-modular-include-in-framework-module -Werror\=non-modular-include-in-framework-module -Wno-trigraphs -flto -Wno-missing-field-initializers -Wno-missing-prototypes -Wno-non-virtual-dtor -Wno-overloaded-virtual -Wno-exit-time-destructors -Wno-missing-braces -Wparentheses -Wswitch -Wno-unused-function -Wno-unused-label -Wno-unused-parameter -Wunused-variable -Wunused-value -Wno-empty-body -Wno-uninitialized -Wno-unknown-pragmas -Wno-shadow -Wno-four-char-constants -Wno-conversion -Wno-constant-conversion -Wno-int-conversion -Wno-bool-conversion -Wno-enum-conversion -Wno-float-conversion -Wno-non-literal-null-conversion -Wno-objc-literal-conversion -Wshorten-64-to-32 -Wno-newline-eof -Wno-c++11-extensions -Wno-implicit-fallthrough -fstrict-aliasing -Wdeprecated-declarations -Winvalid-offsetof -Wno-sign-conversion -Wno-infinite-recursion -Wno-move -Wno-comma -Wno-block-capture-autoreleasing -Wno-strict-prototypes -Wno-range-loop-analysis -Wno-semicolon-before-method-body -index-store-path /Users/barriesanders/Library/Developer/Xcode/DerivedData/Nestopia-aslfodajikwbhqggflvpsofjqglc/Index.noindex/DataStore -Wno-switch-enum @/Users/barriesanders/Library/Developer/Xcode/DerivedData/Nestopia-aslfodajikwbhqggflvpsofjqglc/Build/Intermediates.noindex/Nestopia.build/Debug/Nestopia.build/Objects-normal/arm64/82b82416624d2658e5098eb0a28c15c5-common-args.resp -MMD -MT dependencies -MF /Users/barriesanders/Library/Developer/Xcode/DerivedData/Nestopia-aslfodajikwbhqggflvpsofjqglc/Build/Intermediates.noindex/Nestopia.build/Debug/Nestopia.build/Objects-normal/arm64/NstBoardAveD1012.d --serialize-diagnostics /Users/barriesanders/Library/Developer/Xcode/DerivedData/Nestopia-aslfodajikwbhqggflvpsofjqglc/Build/Intermediates.noindex/Nestopia.build/Debug/Nestopia.build/Objects-normal/arm64/NstBoardAveD1012.dia -c /Users/barriesanders/.gemini/antigravity/scratch/OpenEmu_Port/Nestopia/core/board/NstBoardAveD1012.cpp -o /Users/barriesanders/Library/Developer/Xcode/DerivedData/Nestopia-aslfodajikwbhqggflvpsofjqglc/Build/Intermediates.noindex/Nestopia.build/Debug/Nestopia.build/Objects-normal/arm64/NstBoardAveD1012.o -index-unit-output-path /Nestopia.build/Debug/Nestopia.build/Objects-normal/arm64/NstBoardAveD1012.o

CompileC /Users/barriesanders/Library/Developer/Xcode/DerivedData/Nestopia-aslfodajikwbhqggflvpsofjqglc/Build/Intermediates.noindex/Nestopia.build/Debug/Nestopia.build/Objects-normal/arm64/NstBoardBandaiAerobicsStudio.o /Users/barriesanders/.gemini/antigravity/scratch/OpenEmu_Port/Nestopia/core/board/NstBoardBandaiAerobicsStudio.cpp normal arm64 c++ com.apple.compilers.llvm.clang.1_0.compiler (in target 'Nestopia' from project 'Nestopia')
    cd /Users/barriesanders/.gemini/antigravity/scratch/OpenEmu_Port/Nestopia
    
    Using response file: /Users/barriesanders/Library/Developer/Xcode/DerivedData/Nestopia-aslfodajikwbhqggflvpsofjqglc/Build/Intermediates.noindex/Nestopia.build/Debug/Nestopia.build/Objects-normal/arm64/82b82416624d2658e5098eb0a28c15c5-common-args.resp
    
    /Applications/Xcode.app/Contents/Developer/Toolchains/XcodeDefault.xctoolchain/usr/bin/clang -x c++ -ivfsstatcache /Users/barriesanders/Library/Developer/Xcode/DerivedData/SDKStatCaches.noindex/macosx26.2-25C57-3885c01c3e6b6a337905948deab2002e00fa09913b459cbbc988d1f6730289ae.sdkstatcache -fmessage-length\=0 -fdiagnostics-show-note-include-stack -fmacro-backtrace-limit\=0 -fno-color-diagnostics -fmodules-prune-interval\=86400 -fmodules-prune-after\=345600 -fbuild-session-file\=/Users/barriesanders/Library/Developer/Xcode/DerivedData/ModuleCache.noindex/Session.modulevalidation -fmodules-validate-once-per-build-session -Wnon-modular-include-in-framework-module -Werror\=non-modular-include-in-framework-module -Wno-trigraphs -flto -Wno-missing-field-initializers -Wno-missing-prototypes -Wno-non-virtual-dtor -Wno-overloaded-virtual -Wno-exit-time-destructors -Wno-missing-braces -Wparentheses -Wswitch -Wno-unused-function -Wno-unused-label -Wno-unused-parameter -Wunused-variable -Wunused-value -Wno-empty-body -Wno-uninitialized -Wno-unknown-pragmas -Wno-shadow -Wno-four-char-constants -Wno-conversion -Wno-constant-conversion -Wno-int-conversion -Wno-bool-conversion -Wno-enum-conversion -Wno-float-conversion -Wno-non-literal-null-conversion -Wno-objc-literal-conversion -Wshorten-64-to-32 -Wno-newline-eof -Wno-c++11-extensions -Wno-implicit-fallthrough -fstrict-aliasing -Wdeprecated-declarations -Winvalid-offsetof -Wno-sign-conversion -Wno-infinite-recursion -Wno-move -Wno-comma -Wno-block-capture-autoreleasing -Wno-strict-prototypes -Wno-range-loop-analysis -Wno-semicolon-before-method-body -index-store-path /Users/barriesanders/Library/Developer/Xcode/DerivedData/Nestopia-aslfodajikwbhqggflvpsofjqglc/Index.noindex/DataStore -Wno-switch-enum @/Users/barriesanders/Library/Developer/Xcode/DerivedData/Nestopia-aslfodajikwbhqggflvpsofjqglc/Build/Intermediates.noindex/Nestopia.build/Debug/Nestopia.build/Objects-normal/arm64/82b82416624d2658e5098eb0a28c15c5-common-args.resp -MMD -MT dependencies -MF /Users/barriesanders/Library/Developer/Xcode/DerivedData/Nestopia-aslfodajikwbhqggflvpsofjqglc/Build/Intermediates.noindex/Nestopia.build/Debug/Nestopia.build/Objects-normal/arm64/NstBoardBandaiAerobicsStudio.d --serialize-diagnostics /Users/barriesanders/Library/Developer/Xcode/DerivedData/Nestopia-aslfodajikwbhqggflvpsofjqglc/Build/Intermediates.noindex/Nestopia.build/Debug/Nestopia.build/Objects-normal/arm64/NstBoardBandaiAerobicsStudio.dia -c /Users/barriesanders/.gemini/antigravity/scratch/OpenEmu_Port/Nestopia/core/board/NstBoardBandaiAerobicsStudio.cpp -o /Users/barriesanders/Library/Developer/Xcode/DerivedData/Nestopia-aslfodajikwbhqggflvpsofjqglc/Build/Intermediates.noindex/Nestopia.build/Debug/Nestopia.build/Objects-normal/arm64/NstBoardBandaiAerobicsStudio.o -index-unit-output-path /Nestopia.build/Debug/Nestopia.build/Objects-normal/arm64/NstBoardBandaiAerobicsStudio.o

CompileC /Users/barriesanders/Library/Developer/Xcode/DerivedData/Nestopia-aslfodajikwbhqggflvpsofjqglc/Build/Intermediates.noindex/Nestopia.build/Debug/Nestopia.build/Objects-normal/arm64/NstBoardBandaiDatach.o /Users/barriesanders/.gemini/antigravity/scratch/OpenEmu_Port/Nestopia/core/board/NstBoardBandaiDatach.cpp normal arm64 c++ com.apple.compilers.llvm.clang.1_0.compiler (in target 'Nestopia' from project 'Nestopia')
    cd /Users/barriesanders/.gemini/antigravity/scratch/OpenEmu_Port/Nestopia
    
    Using response file: /Users/barriesanders/Library/Developer/Xcode/DerivedData/Nestopia-aslfodajikwbhqggflvpsofjqglc/Build/Intermediates.noindex/Nestopia.build/Debug/Nestopia.build/Objects-normal/arm64/82b82416624d2658e5098eb0a28c15c5-common-args.resp
    
    /Applications/Xcode.app/Contents/Developer/Toolchains/XcodeDefault.xctoolchain/usr/bin/clang -x c++ -ivfsstatcache /Users/barriesanders/Library/Developer/Xcode/DerivedData/SDKStatCaches.noindex/macosx26.2-25C57-3885c01c3e6b6a337905948deab2002e00fa09913b459cbbc988d1f6730289ae.sdkstatcache -fmessage-length\=0 -fdiagnostics-show-note-include-stack -fmacro-backtrace-limit\=0 -fno-color-diagnostics -fmodules-prune-interval\=86400 -fmodules-prune-after\=345600 -fbuild-session-file\=/Users/barriesanders/Library/Developer/Xcode/DerivedData/ModuleCache.noindex/Session.modulevalidation -fmodules-validate-once-per-build-session -Wnon-modular-include-in-framework-module -Werror\=non-modular-include-in-framework-module -Wno-trigraphs -flto -Wno-missing-field-initializers -Wno-missing-prototypes -Wno-non-virtual-dtor -Wno-overloaded-virtual -Wno-exit-time-destructors -Wno-missing-braces -Wparentheses -Wswitch -Wno-unused-function -Wno-unused-label -Wno-unused-parameter -Wunused-variable -Wunused-value -Wno-empty-body -Wno-uninitialized -Wno-unknown-pragmas -Wno-shadow -Wno-four-char-constants -Wno-conversion -Wno-constant-conversion -Wno-int-conversion -Wno-bool-conversion -Wno-enum-conversion -Wno-float-conversion -Wno-non-literal-null-conversion -Wno-objc-literal-conversion -Wshorten-64-to-32 -Wno-newline-eof -Wno-c++11-extensions -Wno-implicit-fallthrough -fstrict-aliasing -Wdeprecated-declarations -Winvalid-offsetof -Wno-sign-conversion -Wno-infinite-recursion -Wno-move -Wno-comma -Wno-block-capture-autoreleasing -Wno-strict-prototypes -Wno-range-loop-analysis -Wno-semicolon-before-method-body -index-store-path /Users/barriesanders/Library/Developer/Xcode/DerivedData/Nestopia-aslfodajikwbhqggflvpsofjqglc/Index.noindex/DataStore -Wno-switch-enum @/Users/barriesanders/Library/Developer/Xcode/DerivedData/Nestopia-aslfodajikwbhqggflvpsofjqglc/Build/Intermediates.noindex/Nestopia.build/Debug/Nestopia.build/Objects-normal/arm64/82b82416624d2658e5098eb0a28c15c5-common-args.resp -MMD -MT dependencies -MF /Users/barriesanders/Library/Developer/Xcode/DerivedData/Nestopia-aslfodajikwbhqggflvpsofjqglc/Build/Intermediates.noindex/Nestopia.build/Debug/Nestopia.build/Objects-normal/arm64/NstBoardBandaiDatach.d --serialize-diagnostics /Users/barriesanders/Library/Developer/Xcode/DerivedData/Nestopia-aslfodajikwbhqggflvpsofjqglc/Build/Intermediates.noindex/Nestopia.build/Debug/Nestopia.build/Objects-normal/arm64/NstBoardBandaiDatach.dia -c /Users/barriesanders/.gemini/antigravity/scratch/OpenEmu_Port/Nestopia/core/board/NstBoardBandaiDatach.cpp -o /Users/barriesanders/Library/Developer/Xcode/DerivedData/Nestopia-aslfodajikwbhqggflvpsofjqglc/Build/Intermediates.noindex/Nestopia.build/Debug/Nestopia.build/Objects-normal/arm64/NstBoardBandaiDatach.o -index-unit-output-path /Nestopia.build/Debug/Nestopia.build/Objects-normal/arm64/NstBoardBandaiDatach.o
/Users/barriesanders/.gemini/antigravity/scratch/OpenEmu_Port/Nestopia/core/board/NstBoardBandaiDatach.cpp:174:61: warning: implicit conversion loses integer precision: 'long' to 'uint' (aka 'unsigned int') [-Wshorten-64-to-32]
  174 |                                                 state.Begin( AsciiId<'P','T','R'>::V ).Write8( stream - data ).End();
      |                                                                                        ~~~~~~  ~~~~~~~^~~~~~

CompileC /Users/barriesanders/Library/Developer/Xcode/DerivedData/Nestopia-aslfodajikwbhqggflvpsofjqglc/Build/Intermediates.noindex/Nestopia.build/Debug/Nestopia.build/Objects-normal/arm64/NstBoardAgci.o /Users/barriesanders/.gemini/antigravity/scratch/OpenEmu_Port/Nestopia/core/board/NstBoardAgci.cpp normal arm64 c++ com.apple.compilers.llvm.clang.1_0.compiler (in target 'Nestopia' from project 'Nestopia')
    cd /Users/barriesanders/.gemini/antigravity/scratch/OpenEmu_Port/Nestopia
    
    Using response file: /Users/barriesanders/Library/Developer/Xcode/DerivedData/Nestopia-aslfodajikwbhqggflvpsofjqglc/Build/Intermediates.noindex/Nestopia.build/Debug/Nestopia.build/Objects-normal/arm64/82b82416624d2658e5098eb0a28c15c5-common-args.resp
    
    /Applications/Xcode.app/Contents/Developer/Toolchains/XcodeDefault.xctoolchain/usr/bin/clang -x c++ -ivfsstatcache /Users/barriesanders/Library/Developer/Xcode/DerivedData/SDKStatCaches.noindex/macosx26.2-25C57-3885c01c3e6b6a337905948deab2002e00fa09913b459cbbc988d1f6730289ae.sdkstatcache -fmessage-length\=0 -fdiagnostics-show-note-include-stack -fmacro-backtrace-limit\=0 -fno-color-diagnostics -fmodules-prune-interval\=86400 -fmodules-prune-after\=345600 -fbuild-session-file\=/Users/barriesanders/Library/Developer/Xcode/DerivedData/ModuleCache.noindex/Session.modulevalidation -fmodules-validate-once-per-build-session -Wnon-modular-include-in-framework-module -Werror\=non-modular-include-in-framework-module -Wno-trigraphs -flto -Wno-missing-field-initializers -Wno-missing-prototypes -Wno-non-virtual-dtor -Wno-overloaded-virtual -Wno-exit-time-destructors -Wno-missing-braces -Wparentheses -Wswitch -Wno-unused-function -Wno-unused-label -Wno-unused-parameter -Wunused-variable -Wunused-value -Wno-empty-body -Wno-uninitialized -Wno-unknown-pragmas -Wno-shadow -Wno-four-char-constants -Wno-conversion -Wno-constant-conversion -Wno-int-conversion -Wno-bool-conversion -Wno-enum-conversion -Wno-float-conversion -Wno-non-literal-null-conversion -Wno-objc-literal-conversion -Wshorten-64-to-32 -Wno-newline-eof -Wno-c++11-extensions -Wno-implicit-fallthrough -fstrict-aliasing -Wdeprecated-declarations -Winvalid-offsetof -Wno-sign-conversion -Wno-infinite-recursion -Wno-move -Wno-comma -Wno-block-capture-autoreleasing -Wno-strict-prototypes -Wno-range-loop-analysis -Wno-semicolon-before-method-body -index-store-path /Users/barriesanders/Library/Developer/Xcode/DerivedData/Nestopia-aslfodajikwbhqggflvpsofjqglc/Index.noindex/DataStore -Wno-switch-enum @/Users/barriesanders/Library/Developer/Xcode/DerivedData/Nestopia-aslfodajikwbhqggflvpsofjqglc/Build/Intermediates.noindex/Nestopia.build/Debug/Nestopia.build/Objects-normal/arm64/82b82416624d2658e5098eb0a28c15c5-common-args.resp -MMD -MT dependencies -MF /Users/barriesanders/Library/Developer/Xcode/DerivedData/Nestopia-aslfodajikwbhqggflvpsofjqglc/Build/Intermediates.noindex/Nestopia.build/Debug/Nestopia.build/Objects-normal/arm64/NstBoardAgci.d --serialize-diagnostics /Users/barriesanders/Library/Developer/Xcode/DerivedData/Nestopia-aslfodajikwbhqggflvpsofjqglc/Build/Intermediates.noindex/Nestopia.build/Debug/Nestopia.build/Objects-normal/arm64/NstBoardAgci.dia -c /Users/barriesanders/.gemini/antigravity/scratch/OpenEmu_Port/Nestopia/core/board/NstBoardAgci.cpp -o /Users/barriesanders/Library/Developer/Xcode/DerivedData/Nestopia-aslfodajikwbhqggflvpsofjqglc/Build/Intermediates.noindex/Nestopia.build/Debug/Nestopia.build/Objects-normal/arm64/NstBoardAgci.o -index-unit-output-path /Nestopia.build/Debug/Nestopia.build/Objects-normal/arm64/NstBoardAgci.o

CompileC /Users/barriesanders/Library/Developer/Xcode/DerivedData/Nestopia-aslfodajikwbhqggflvpsofjqglc/Build/Intermediates.noindex/Nestopia.build/Debug/Nestopia.build/Objects-normal/arm64/NstBoardAe.o /Users/barriesanders/.gemini/antigravity/scratch/OpenEmu_Port/Nestopia/core/board/NstBoardAe.cpp normal arm64 c++ com.apple.compilers.llvm.clang.1_0.compiler (in target 'Nestopia' from project 'Nestopia')
    cd /Users/barriesanders/.gemini/antigravity/scratch/OpenEmu_Port/Nestopia
    
    Using response file: /Users/barriesanders/Library/Developer/Xcode/DerivedData/Nestopia-aslfodajikwbhqggflvpsofjqglc/Build/Intermediates.noindex/Nestopia.build/Debug/Nestopia.build/Objects-normal/arm64/82b82416624d2658e5098eb0a28c15c5-common-args.resp
    
    /Applications/Xcode.app/Contents/Developer/Toolchains/XcodeDefault.xctoolchain/usr/bin/clang -x c++ -ivfsstatcache /Users/barriesanders/Library/Developer/Xcode/DerivedData/SDKStatCaches.noindex/macosx26.2-25C57-3885c01c3e6b6a337905948deab2002e00fa09913b459cbbc988d1f6730289ae.sdkstatcache -fmessage-length\=0 -fdiagnostics-show-note-include-stack -fmacro-backtrace-limit\=0 -fno-color-diagnostics -fmodules-prune-interval\=86400 -fmodules-prune-after\=345600 -fbuild-session-file\=/Users/barriesanders/Library/Developer/Xcode/DerivedData/ModuleCache.noindex/Session.modulevalidation -fmodules-validate-once-per-build-session -Wnon-modular-include-in-framework-module -Werror\=non-modular-include-in-framework-module -Wno-trigraphs -flto -Wno-missing-field-initializers -Wno-missing-prototypes -Wno-non-virtual-dtor -Wno-overloaded-virtual -Wno-exit-time-destructors -Wno-missing-braces -Wparentheses -Wswitch -Wno-unused-function -Wno-unused-label -Wno-unused-parameter -Wunused-variable -Wunused-value -Wno-empty-body -Wno-uninitialized -Wno-unknown-pragmas -Wno-shadow -Wno-four-char-constants -Wno-conversion -Wno-constant-conversion -Wno-int-conversion -Wno-bool-conversion -Wno-enum-conversion -Wno-float-conversion -Wno-non-literal-null-conversion -Wno-objc-literal-conversion -Wshorten-64-to-32 -Wno-newline-eof -Wno-c++11-extensions -Wno-implicit-fallthrough -fstrict-aliasing -Wdeprecated-declarations -Winvalid-offsetof -Wno-sign-conversion -Wno-infinite-recursion -Wno-move -Wno-comma -Wno-block-capture-autoreleasing -Wno-strict-prototypes -Wno-range-loop-analysis -Wno-semicolon-before-method-body -index-store-path /Users/barriesanders/Library/Developer/Xcode/DerivedData/Nestopia-aslfodajikwbhqggflvpsofjqglc/Index.noindex/DataStore -Wno-switch-enum @/Users/barriesanders/Library/Developer/Xcode/DerivedData/Nestopia-aslfodajikwbhqggflvpsofjqglc/Build/Intermediates.noindex/Nestopia.build/Debug/Nestopia.build/Objects-normal/arm64/82b82416624d2658e5098eb0a28c15c5-common-args.resp -MMD -MT dependencies -MF /Users/barriesanders/Library/Developer/Xcode/DerivedData/Nestopia-aslfodajikwbhqggflvpsofjqglc/Build/Intermediates.noindex/Nestopia.build/Debug/Nestopia.build/Objects-normal/arm64/NstBoardAe.d --serialize-diagnostics /Users/barriesanders/Library/Developer/Xcode/DerivedData/Nestopia-aslfodajikwbhqggflvpsofjqglc/Build/Intermediates.noindex/Nestopia.build/Debug/Nestopia.build/Objects-normal/arm64/NstBoardAe.dia -c /Users/barriesanders/.gemini/antigravity/scratch/OpenEmu_Port/Nestopia/core/board/NstBoardAe.cpp -o /Users/barriesanders/Library/Developer/Xcode/DerivedData/Nestopia-aslfodajikwbhqggflvpsofjqglc/Build/Intermediates.noindex/Nestopia.build/Debug/Nestopia.build/Objects-normal/arm64/NstBoardAe.o -index-unit-output-path /Nestopia.build/Debug/Nestopia.build/Objects-normal/arm64/NstBoardAe.o

CompileC /Users/barriesanders/Library/Developer/Xcode/DerivedData/Nestopia-aslfodajikwbhqggflvpsofjqglc/Build/Intermediates.noindex/Nestopia.build/Debug/Nestopia.build/Objects-normal/arm64/NstBoardAction53.o /Users/barriesanders/.gemini/antigravity/scratch/OpenEmu_Port/Nestopia/core/board/NstBoardAction53.cpp normal arm64 c++ com.apple.compilers.llvm.clang.1_0.compiler (in target 'Nestopia' from project 'Nestopia')
    cd /Users/barriesanders/.gemini/antigravity/scratch/OpenEmu_Port/Nestopia
    
    Using response file: /Users/barriesanders/Library/Developer/Xcode/DerivedData/Nestopia-aslfodajikwbhqggflvpsofjqglc/Build/Intermediates.noindex/Nestopia.build/Debug/Nestopia.build/Objects-normal/arm64/82b82416624d2658e5098eb0a28c15c5-common-args.resp
    
    /Applications/Xcode.app/Contents/Developer/Toolchains/XcodeDefault.xctoolchain/usr/bin/clang -x c++ -ivfsstatcache /Users/barriesanders/Library/Developer/Xcode/DerivedData/SDKStatCaches.noindex/macosx26.2-25C57-3885c01c3e6b6a337905948deab2002e00fa09913b459cbbc988d1f6730289ae.sdkstatcache -fmessage-length\=0 -fdiagnostics-show-note-include-stack -fmacro-backtrace-limit\=0 -fno-color-diagnostics -fmodules-prune-interval\=86400 -fmodules-prune-after\=345600 -fbuild-session-file\=/Users/barriesanders/Library/Developer/Xcode/DerivedData/ModuleCache.noindex/Session.modulevalidation -fmodules-validate-once-per-build-session -Wnon-modular-include-in-framework-module -Werror\=non-modular-include-in-framework-module -Wno-trigraphs -flto -Wno-missing-field-initializers -Wno-missing-prototypes -Wno-non-virtual-dtor -Wno-overloaded-virtual -Wno-exit-time-destructors -Wno-missing-braces -Wparentheses -Wswitch -Wno-unused-function -Wno-unused-label -Wno-unused-parameter -Wunused-variable -Wunused-value -Wno-empty-body -Wno-uninitialized -Wno-unknown-pragmas -Wno-shadow -Wno-four-char-constants -Wno-conversion -Wno-constant-conversion -Wno-int-conversion -Wno-bool-conversion -Wno-enum-conversion -Wno-float-conversion -Wno-non-literal-null-conversion -Wno-objc-literal-conversion -Wshorten-64-to-32 -Wno-newline-eof -Wno-c++11-extensions -Wno-implicit-fallthrough -fstrict-aliasing -Wdeprecated-declarations -Winvalid-offsetof -Wno-sign-conversion -Wno-infinite-recursion -Wno-move -Wno-comma -Wno-block-capture-autoreleasing -Wno-strict-prototypes -Wno-range-loop-analysis -Wno-semicolon-before-method-body -index-store-path /Users/barriesanders/Library/Developer/Xcode/DerivedData/Nestopia-aslfodajikwbhqggflvpsofjqglc/Index.noindex/DataStore -Wno-switch-enum @/Users/barriesanders/Library/Developer/Xcode/DerivedData/Nestopia-aslfodajikwbhqggflvpsofjqglc/Build/Intermediates.noindex/Nestopia.build/Debug/Nestopia.build/Objects-normal/arm64/82b82416624d2658e5098eb0a28c15c5-common-args.resp -MMD -MT dependencies -MF /Users/barriesanders/Library/Developer/Xcode/DerivedData/Nestopia-aslfodajikwbhqggflvpsofjqglc/Build/Intermediates.noindex/Nestopia.build/Debug/Nestopia.build/Objects-normal/arm64/NstBoardAction53.d --serialize-diagnostics /Users/barriesanders/Library/Developer/Xcode/DerivedData/Nestopia-aslfodajikwbhqggflvpsofjqglc/Build/Intermediates.noindex/Nestopia.build/Debug/Nestopia.build/Objects-normal/arm64/NstBoardAction53.dia -c /Users/barriesanders/.gemini/antigravity/scratch/OpenEmu_Port/Nestopia/core/board/NstBoardAction53.cpp -o /Users/barriesanders/Library/Developer/Xcode/DerivedData/Nestopia-aslfodajikwbhqggflvpsofjqglc/Build/Intermediates.noindex/Nestopia.build/Debug/Nestopia.build/Objects-normal/arm64/NstBoardAction53.o -index-unit-output-path /Nestopia.build/Debug/Nestopia.build/Objects-normal/arm64/NstBoardAction53.o

** BUILD FAILED **


The following build commands failed:
	CompileC /Users/barriesanders/Library/Developer/Xcode/DerivedData/Nestopia-aslfodajikwbhqggflvpsofjqglc/Build/Intermediates.noindex/Nestopia.build/Debug/Nestopia.build/Objects-normal/arm64/NstBoardBandai24c0x.o /Users/barriesanders/.gemini/antigravity/scratch/OpenEmu_Port/Nestopia/core/board/NstBoardBandai24c0x.cpp normal arm64 c++ com.apple.compilers.llvm.clang.1_0.compiler (in target 'Nestopia' from project 'Nestopia')
	Building project Nestopia with scheme Nestopia
(2 failures)
