Command line invocation:
    /Applications/Xcode.app/Contents/Developer/usr/bin/xcodebuild -project Nestopia/Nestopia.xcodeproj -scheme Nestopia -arch arm64 build

Build settings from command line:
    ARCHS = arm64

2026-01-27 19:41:44.575 xcodebuild[94119:1319584] [MT] IDERunDestination: Supported platforms for the buildables in the current scheme is empty.
--- xcodebuild: WARNING: Using the first of multiple matching destinations:
{ platform:macOS, arch:arm64, id:00006001-001A50163A02801E, name:My Mac }
{ platform:macOS, arch:x86_64, id:00006001-001A50163A02801E, name:My Mac }
{ platform:macOS, name:Any Mac }
ComputePackagePrebuildTargetDependencyGraph

Prepare packages

CreateBuildRequest

SendProjectDescription

CreateBuildOperation

ComputeTargetDependencyGraph
note: Building targets in dependency order
note: Target dependency graph (1 target)
    Target 'Nestopia' in project 'Nestopia' (no dependencies)

GatherProvisioningInputs

CreateBuildDescription

ClangStatCache /Applications/Xcode.app/Contents/Developer/Toolchains/XcodeDefault.xctoolchain/usr/bin/clang-stat-cache /Applications/Xcode.app/Contents/Developer/Platforms/MacOSX.platform/Developer/SDKs/MacOSX26.2.sdk /Users/barriesanders/Library/Developer/Xcode/DerivedData/SDKStatCaches.noindex/macosx26.2-25C57-3885c01c3e6b6a337905948deab2002e00fa09913b459cbbc988d1f6730289ae.sdkstatcache
    cd /Users/barriesanders/.gemini/antigravity/scratch/OpenEmu_Port/Nestopia/Nestopia.xcodeproj
    /Applications/Xcode.app/Contents/Developer/Toolchains/XcodeDefault.xctoolchain/usr/bin/clang-stat-cache /Applications/Xcode.app/Contents/Developer/Platforms/MacOSX.platform/Developer/SDKs/MacOSX26.2.sdk -o /Users/barriesanders/Library/Developer/Xcode/DerivedData/SDKStatCaches.noindex/macosx26.2-25C57-3885c01c3e6b6a337905948deab2002e00fa09913b459cbbc988d1f6730289ae.sdkstatcache

/Users/barriesanders/.gemini/antigravity/scratch/OpenEmu_Port/Nestopia/Nestopia.xcodeproj: warning: The macOS deployment target 'MACOSX_DEPLOYMENT_TARGET' is set to 10.11, but the range of supported deployment target versions is 10.13 to 26.2.99. (in target 'Nestopia' from project 'Nestopia')
CompileC /Users/barriesanders/Library/Developer/Xcode/DerivedData/Nestopia-aslfodajikwbhqggflvpsofjqglc/Build/Intermediates.noindex/Nestopia.build/Debug/Nestopia.build/Objects-normal/arm64/NstImageDatabase.o /Users/barriesanders/.gemini/antigravity/scratch/OpenEmu_Port/Nestopia/core/NstImageDatabase.cpp normal arm64 c++ com.apple.compilers.llvm.clang.1_0.compiler (in target 'Nestopia' from project 'Nestopia')
    cd /Users/barriesanders/.gemini/antigravity/scratch/OpenEmu_Port/Nestopia
    
    Using response file: /Users/barriesanders/Library/Developer/Xcode/DerivedData/Nestopia-aslfodajikwbhqggflvpsofjqglc/Build/Intermediates.noindex/Nestopia.build/Debug/Nestopia.build/Objects-normal/arm64/82b82416624d2658e5098eb0a28c15c5-common-args.resp
    
    /Applications/Xcode.app/Contents/Developer/Toolchains/XcodeDefault.xctoolchain/usr/bin/clang -x c++ -ivfsstatcache /Users/barriesanders/Library/Developer/Xcode/DerivedData/SDKStatCaches.noindex/macosx26.2-25C57-3885c01c3e6b6a337905948deab2002e00fa09913b459cbbc988d1f6730289ae.sdkstatcache -fmessage-length\=0 -fdiagnostics-show-note-include-stack -fmacro-backtrace-limit\=0 -fno-color-diagnostics -fmodules-prune-interval\=86400 -fmodules-prune-after\=345600 -fbuild-session-file\=/Users/barriesanders/Library/Developer/Xcode/DerivedData/ModuleCache.noindex/Session.modulevalidation -fmodules-validate-once-per-build-session -Wnon-modular-include-in-framework-module -Werror\=non-modular-include-in-framework-module -Wno-trigraphs -flto -Wno-missing-field-initializers -Wno-missing-prototypes -Wno-non-virtual-dtor -Wno-overloaded-virtual -Wno-exit-time-destructors -Wno-missing-braces -Wparentheses -Wswitch -Wno-unused-function -Wno-unused-label -Wno-unused-parameter -Wunused-variable -Wunused-value -Wno-empty-body -Wno-uninitialized -Wno-unknown-pragmas -Wno-shadow -Wno-four-char-constants -Wno-conversion -Wno-constant-conversion -Wno-int-conversion -Wno-bool-conversion -Wno-enum-conversion -Wno-float-conversion -Wno-non-literal-null-conversion -Wno-objc-literal-conversion -Wshorten-64-to-32 -Wno-newline-eof -Wno-c++11-extensions -Wno-implicit-fallthrough -fstrict-aliasing -Wdeprecated-declarations -Winvalid-offsetof -Wno-sign-conversion -Wno-infinite-recursion -Wno-move -Wno-comma -Wno-block-capture-autoreleasing -Wno-strict-prototypes -Wno-range-loop-analysis -Wno-semicolon-before-method-body -index-store-path /Users/barriesanders/Library/Developer/Xcode/DerivedData/Nestopia-aslfodajikwbhqggflvpsofjqglc/Index.noindex/DataStore -Wno-switch-enum @/Users/barriesanders/Library/Developer/Xcode/DerivedData/Nestopia-aslfodajikwbhqggflvpsofjqglc/Build/Intermediates.noindex/Nestopia.build/Debug/Nestopia.build/Objects-normal/arm64/82b82416624d2658e5098eb0a28c15c5-common-args.resp -MMD -MT dependencies -MF /Users/barriesanders/Library/Developer/Xcode/DerivedData/Nestopia-aslfodajikwbhqggflvpsofjqglc/Build/Intermediates.noindex/Nestopia.build/Debug/Nestopia.build/Objects-normal/arm64/NstImageDatabase.d --serialize-diagnostics /Users/barriesanders/Library/Developer/Xcode/DerivedData/Nestopia-aslfodajikwbhqggflvpsofjqglc/Build/Intermediates.noindex/Nestopia.build/Debug/Nestopia.build/Objects-normal/arm64/NstImageDatabase.dia -c /Users/barriesanders/.gemini/antigravity/scratch/OpenEmu_Port/Nestopia/core/NstImageDatabase.cpp -o /Users/barriesanders/Library/Developer/Xcode/DerivedData/Nestopia-aslfodajikwbhqggflvpsofjqglc/Build/Intermediates.noindex/Nestopia.build/Debug/Nestopia.build/Objects-normal/arm64/NstImageDatabase.o -index-unit-output-path /Nestopia.build/Debug/Nestopia.build/Objects-normal/arm64/NstImageDatabase.o

CompileC /Users/barriesanders/Library/Developer/Xcode/DerivedData/Nestopia-aslfodajikwbhqggflvpsofjqglc/Build/Intermediates.noindex/Nestopia.build/Debug/Nestopia.build/Objects-normal/arm64/NstBoardAction53.o /Users/barriesanders/.gemini/antigravity/scratch/OpenEmu_Port/Nestopia/core/board/NstBoardAction53.cpp normal arm64 c++ com.apple.compilers.llvm.clang.1_0.compiler (in target 'Nestopia' from project 'Nestopia')
    cd /Users/barriesanders/.gemini/antigravity/scratch/OpenEmu_Port/Nestopia
    
    Using response file: /Users/barriesanders/Library/Developer/Xcode/DerivedData/Nestopia-aslfodajikwbhqggflvpsofjqglc/Build/Intermediates.noindex/Nestopia.build/Debug/Nestopia.build/Objects-normal/arm64/82b82416624d2658e5098eb0a28c15c5-common-args.resp
    
    /Applications/Xcode.app/Contents/Developer/Toolchains/XcodeDefault.xctoolchain/usr/bin/clang -x c++ -ivfsstatcache /Users/barriesanders/Library/Developer/Xcode/DerivedData/SDKStatCaches.noindex/macosx26.2-25C57-3885c01c3e6b6a337905948deab2002e00fa09913b459cbbc988d1f6730289ae.sdkstatcache -fmessage-length\=0 -fdiagnostics-show-note-include-stack -fmacro-backtrace-limit\=0 -fno-color-diagnostics -fmodules-prune-interval\=86400 -fmodules-prune-after\=345600 -fbuild-session-file\=/Users/barriesanders/Library/Developer/Xcode/DerivedData/ModuleCache.noindex/Session.modulevalidation -fmodules-validate-once-per-build-session -Wnon-modular-include-in-framework-module -Werror\=non-modular-include-in-framework-module -Wno-trigraphs -flto -Wno-missing-field-initializers -Wno-missing-prototypes -Wno-non-virtual-dtor -Wno-overloaded-virtual -Wno-exit-time-destructors -Wno-missing-braces -Wparentheses -Wswitch -Wno-unused-function -Wno-unused-label -Wno-unused-parameter -Wunused-variable -Wunused-value -Wno-empty-body -Wno-uninitialized -Wno-unknown-pragmas -Wno-shadow -Wno-four-char-constants -Wno-conversion -Wno-constant-conversion -Wno-int-conversion -Wno-bool-conversion -Wno-enum-conversion -Wno-float-conversion -Wno-non-literal-null-conversion -Wno-objc-literal-conversion -Wshorten-64-to-32 -Wno-newline-eof -Wno-c++11-extensions -Wno-implicit-fallthrough -fstrict-aliasing -Wdeprecated-declarations -Winvalid-offsetof -Wno-sign-conversion -Wno-infinite-recursion -Wno-move -Wno-comma -Wno-block-capture-autoreleasing -Wno-strict-prototypes -Wno-range-loop-analysis -Wno-semicolon-before-method-body -index-store-path /Users/barriesanders/Library/Developer/Xcode/DerivedData/Nestopia-aslfodajikwbhqggflvpsofjqglc/Index.noindex/DataStore -Wno-switch-enum @/Users/barriesanders/Library/Developer/Xcode/DerivedData/Nestopia-aslfodajikwbhqggflvpsofjqglc/Build/Intermediates.noindex/Nestopia.build/Debug/Nestopia.build/Objects-normal/arm64/82b82416624d2658e5098eb0a28c15c5-common-args.resp -MMD -MT dependencies -MF /Users/barriesanders/Library/Developer/Xcode/DerivedData/Nestopia-aslfodajikwbhqggflvpsofjqglc/Build/Intermediates.noindex/Nestopia.build/Debug/Nestopia.build/Objects-normal/arm64/NstBoardAction53.d --serialize-diagnostics /Users/barriesanders/Library/Developer/Xcode/DerivedData/Nestopia-aslfodajikwbhqggflvpsofjqglc/Build/Intermediates.noindex/Nestopia.build/Debug/Nestopia.build/Objects-normal/arm64/NstBoardAction53.dia -c /Users/barriesanders/.gemini/antigravity/scratch/OpenEmu_Port/Nestopia/core/board/NstBoardAction53.cpp -o /Users/barriesanders/Library/Developer/Xcode/DerivedData/Nestopia-aslfodajikwbhqggflvpsofjqglc/Build/Intermediates.noindex/Nestopia.build/Debug/Nestopia.build/Objects-normal/arm64/NstBoardAction53.o -index-unit-output-path /Nestopia.build/Debug/Nestopia.build/Objects-normal/arm64/NstBoardAction53.o
/Users/barriesanders/.gemini/antigravity/scratch/OpenEmu_Port/Nestopia/core/board/NstBoardAction53.cpp:100:51: warning: '&' within '|' [-Wbitwise-op-parentheses]
  100 |                                                 mirroring = (mirroring & 0x2) | (data >> 4) & 0x1;
      |                                                                               ~ ~~~~~~~~~~~~^~~~~
/Users/barriesanders/.gemini/antigravity/scratch/OpenEmu_Port/Nestopia/core/board/NstBoardAction53.cpp:100:51: note: place parentheses around the '&' expression to silence this warning
  100 |                                                 mirroring = (mirroring & 0x2) | (data >> 4) & 0x1;
      |                                                                                             ^    
      |                                                                                 (                )
/Users/barriesanders/.gemini/antigravity/scratch/OpenEmu_Port/Nestopia/core/board/NstBoardAction53.cpp:107:51: warning: '&' within '|' [-Wbitwise-op-parentheses]
  107 |                                                 mirroring = (mirroring & 0x2) | (data >> 4) & 0x1;
      |                                                                               ~ ~~~~~~~~~~~~^~~~~
/Users/barriesanders/.gemini/antigravity/scratch/OpenEmu_Port/Nestopia/core/board/NstBoardAction53.cpp:107:51: note: place parentheses around the '&' expression to silence this warning
  107 |                                                 mirroring = (mirroring & 0x2) | (data >> 4) & 0x1;
      |                                                                                             ^    
      |                                                                                 (                )

CompileC /Users/barriesanders/Library/Developer/Xcode/DerivedData/Nestopia-aslfodajikwbhqggflvpsofjqglc/Build/Intermediates.noindex/Nestopia.build/Debug/Nestopia.build/Objects-normal/arm64/NstBoardAcclaimMcAcc.o /Users/barriesanders/.gemini/antigravity/scratch/OpenEmu_Port/Nestopia/core/board/NstBoardAcclaimMcAcc.cpp normal arm64 c++ com.apple.compilers.llvm.clang.1_0.compiler (in target 'Nestopia' from project 'Nestopia')
    cd /Users/barriesanders/.gemini/antigravity/scratch/OpenEmu_Port/Nestopia
    
    Using response file: /Users/barriesanders/Library/Developer/Xcode/DerivedData/Nestopia-aslfodajikwbhqggflvpsofjqglc/Build/Intermediates.noindex/Nestopia.build/Debug/Nestopia.build/Objects-normal/arm64/82b82416624d2658e5098eb0a28c15c5-common-args.resp
    
    /Applications/Xcode.app/Contents/Developer/Toolchains/XcodeDefault.xctoolchain/usr/bin/clang -x c++ -ivfsstatcache /Users/barriesanders/Library/Developer/Xcode/DerivedData/SDKStatCaches.noindex/macosx26.2-25C57-3885c01c3e6b6a337905948deab2002e00fa09913b459cbbc988d1f6730289ae.sdkstatcache -fmessage-length\=0 -fdiagnostics-show-note-include-stack -fmacro-backtrace-limit\=0 -fno-color-diagnostics -fmodules-prune-interval\=86400 -fmodules-prune-after\=345600 -fbuild-session-file\=/Users/barriesanders/Library/Developer/Xcode/DerivedData/ModuleCache.noindex/Session.modulevalidation -fmodules-validate-once-per-build-session -Wnon-modular-include-in-framework-module -Werror\=non-modular-include-in-framework-module -Wno-trigraphs -flto -Wno-missing-field-initializers -Wno-missing-prototypes -Wno-non-virtual-dtor -Wno-overloaded-virtual -Wno-exit-time-destructors -Wno-missing-braces -Wparentheses -Wswitch -Wno-unused-function -Wno-unused-label -Wno-unused-parameter -Wunused-variable -Wunused-value -Wno-empty-body -Wno-uninitialized -Wno-unknown-pragmas -Wno-shadow -Wno-four-char-constants -Wno-conversion -Wno-constant-conversion -Wno-int-conversion -Wno-bool-conversion -Wno-enum-conversion -Wno-float-conversion -Wno-non-literal-null-conversion -Wno-objc-literal-conversion -Wshorten-64-to-32 -Wno-newline-eof -Wno-c++11-extensions -Wno-implicit-fallthrough -fstrict-aliasing -Wdeprecated-declarations -Winvalid-offsetof -Wno-sign-conversion -Wno-infinite-recursion -Wno-move -Wno-comma -Wno-block-capture-autoreleasing -Wno-strict-prototypes -Wno-range-loop-analysis -Wno-semicolon-before-method-body -index-store-path /Users/barriesanders/Library/Developer/Xcode/DerivedData/Nestopia-aslfodajikwbhqggflvpsofjqglc/Index.noindex/DataStore -Wno-switch-enum @/Users/barriesanders/Library/Developer/Xcode/DerivedData/Nestopia-aslfodajikwbhqggflvpsofjqglc/Build/Intermediates.noindex/Nestopia.build/Debug/Nestopia.build/Objects-normal/arm64/82b82416624d2658e5098eb0a28c15c5-common-args.resp -MMD -MT dependencies -MF /Users/barriesanders/Library/Developer/Xcode/DerivedData/Nestopia-aslfodajikwbhqggflvpsofjqglc/Build/Intermediates.noindex/Nestopia.build/Debug/Nestopia.build/Objects-normal/arm64/NstBoardAcclaimMcAcc.d --serialize-diagnostics /Users/barriesanders/Library/Developer/Xcode/DerivedData/Nestopia-aslfodajikwbhqggflvpsofjqglc/Build/Intermediates.noindex/Nestopia.build/Debug/Nestopia.build/Objects-normal/arm64/NstBoardAcclaimMcAcc.dia -c /Users/barriesanders/.gemini/antigravity/scratch/OpenEmu_Port/Nestopia/core/board/NstBoardAcclaimMcAcc.cpp -o /Users/barriesanders/Library/Developer/Xcode/DerivedData/Nestopia-aslfodajikwbhqggflvpsofjqglc/Build/Intermediates.noindex/Nestopia.build/Debug/Nestopia.build/Objects-normal/arm64/NstBoardAcclaimMcAcc.o -index-unit-output-path /Nestopia.build/Debug/Nestopia.build/Objects-normal/arm64/NstBoardAcclaimMcAcc.o

CompileC /Users/barriesanders/Library/Developer/Xcode/DerivedData/Nestopia-aslfodajikwbhqggflvpsofjqglc/Build/Intermediates.noindex/Nestopia.build/Debug/Nestopia.build/Objects-normal/arm64/NstBoard.o /Users/barriesanders/.gemini/antigravity/scratch/OpenEmu_Port/Nestopia/core/board/NstBoard.cpp normal arm64 c++ com.apple.compilers.llvm.clang.1_0.compiler (in target 'Nestopia' from project 'Nestopia')
    cd /Users/barriesanders/.gemini/antigravity/scratch/OpenEmu_Port/Nestopia
    
    Using response file: /Users/barriesanders/Library/Developer/Xcode/DerivedData/Nestopia-aslfodajikwbhqggflvpsofjqglc/Build/Intermediates.noindex/Nestopia.build/Debug/Nestopia.build/Objects-normal/arm64/82b82416624d2658e5098eb0a28c15c5-common-args.resp
    
    /Applications/Xcode.app/Contents/Developer/Toolchains/XcodeDefault.xctoolchain/usr/bin/clang -x c++ -ivfsstatcache /Users/barriesanders/Library/Developer/Xcode/DerivedData/SDKStatCaches.noindex/macosx26.2-25C57-3885c01c3e6b6a337905948deab2002e00fa09913b459cbbc988d1f6730289ae.sdkstatcache -fmessage-length\=0 -fdiagnostics-show-note-include-stack -fmacro-backtrace-limit\=0 -fno-color-diagnostics -fmodules-prune-interval\=86400 -fmodules-prune-after\=345600 -fbuild-session-file\=/Users/barriesanders/Library/Developer/Xcode/DerivedData/ModuleCache.noindex/Session.modulevalidation -fmodules-validate-once-per-build-session -Wnon-modular-include-in-framework-module -Werror\=non-modular-include-in-framework-module -Wno-trigraphs -flto -Wno-missing-field-initializers -Wno-missing-prototypes -Wno-non-virtual-dtor -Wno-overloaded-virtual -Wno-exit-time-destructors -Wno-missing-braces -Wparentheses -Wswitch -Wno-unused-function -Wno-unused-label -Wno-unused-parameter -Wunused-variable -Wunused-value -Wno-empty-body -Wno-uninitialized -Wno-unknown-pragmas -Wno-shadow -Wno-four-char-constants -Wno-conversion -Wno-constant-conversion -Wno-int-conversion -Wno-bool-conversion -Wno-enum-conversion -Wno-float-conversion -Wno-non-literal-null-conversion -Wno-objc-literal-conversion -Wshorten-64-to-32 -Wno-newline-eof -Wno-c++11-extensions -Wno-implicit-fallthrough -fstrict-aliasing -Wdeprecated-declarations -Winvalid-offsetof -Wno-sign-conversion -Wno-infinite-recursion -Wno-move -Wno-comma -Wno-block-capture-autoreleasing -Wno-strict-prototypes -Wno-range-loop-analysis -Wno-semicolon-before-method-body -index-store-path /Users/barriesanders/Library/Developer/Xcode/DerivedData/Nestopia-aslfodajikwbhqggflvpsofjqglc/Index.noindex/DataStore -Wno-switch-enum @/Users/barriesanders/Library/Developer/Xcode/DerivedData/Nestopia-aslfodajikwbhqggflvpsofjqglc/Build/Intermediates.noindex/Nestopia.build/Debug/Nestopia.build/Objects-normal/arm64/82b82416624d2658e5098eb0a28c15c5-common-args.resp -MMD -MT dependencies -MF /Users/barriesanders/Library/Developer/Xcode/DerivedData/Nestopia-aslfodajikwbhqggflvpsofjqglc/Build/Intermediates.noindex/Nestopia.build/Debug/Nestopia.build/Objects-normal/arm64/NstBoard.d --serialize-diagnostics /Users/barriesanders/Library/Developer/Xcode/DerivedData/Nestopia-aslfodajikwbhqggflvpsofjqglc/Build/Intermediates.noindex/Nestopia.build/Debug/Nestopia.build/Objects-normal/arm64/NstBoard.dia -c /Users/barriesanders/.gemini/antigravity/scratch/OpenEmu_Port/Nestopia/core/board/NstBoard.cpp -o /Users/barriesanders/Library/Developer/Xcode/DerivedData/Nestopia-aslfodajikwbhqggflvpsofjqglc/Build/Intermediates.noindex/Nestopia.build/Debug/Nestopia.build/Objects-normal/arm64/NstBoard.o -index-unit-output-path /Nestopia.build/Debug/Nestopia.build/Objects-normal/arm64/NstBoard.o

CompileC /Users/barriesanders/Library/Developer/Xcode/DerivedData/Nestopia-aslfodajikwbhqggflvpsofjqglc/Build/Intermediates.noindex/Nestopia.build/Debug/Nestopia.build/Objects-normal/arm64/NstApu.o /Users/barriesanders/.gemini/antigravity/scratch/OpenEmu_Port/Nestopia/core/NstApu.cpp normal arm64 c++ com.apple.compilers.llvm.clang.1_0.compiler (in target 'Nestopia' from project 'Nestopia')
    cd /Users/barriesanders/.gemini/antigravity/scratch/OpenEmu_Port/Nestopia
    
    Using response file: /Users/barriesanders/Library/Developer/Xcode/DerivedData/Nestopia-aslfodajikwbhqggflvpsofjqglc/Build/Intermediates.noindex/Nestopia.build/Debug/Nestopia.build/Objects-normal/arm64/82b82416624d2658e5098eb0a28c15c5-common-args.resp
    
    /Applications/Xcode.app/Contents/Developer/Toolchains/XcodeDefault.xctoolchain/usr/bin/clang -x c++ -ivfsstatcache /Users/barriesanders/Library/Developer/Xcode/DerivedData/SDKStatCaches.noindex/macosx26.2-25C57-3885c01c3e6b6a337905948deab2002e00fa09913b459cbbc988d1f6730289ae.sdkstatcache -fmessage-length\=0 -fdiagnostics-show-note-include-stack -fmacro-backtrace-limit\=0 -fno-color-diagnostics -fmodules-prune-interval\=86400 -fmodules-prune-after\=345600 -fbuild-session-file\=/Users/barriesanders/Library/Developer/Xcode/DerivedData/ModuleCache.noindex/Session.modulevalidation -fmodules-validate-once-per-build-session -Wnon-modular-include-in-framework-module -Werror\=non-modular-include-in-framework-module -Wno-trigraphs -flto -Wno-missing-field-initializers -Wno-missing-prototypes -Wno-non-virtual-dtor -Wno-overloaded-virtual -Wno-exit-time-destructors -Wno-missing-braces -Wparentheses -Wswitch -Wno-unused-function -Wno-unused-label -Wno-unused-parameter -Wunused-variable -Wunused-value -Wno-empty-body -Wno-uninitialized -Wno-unknown-pragmas -Wno-shadow -Wno-four-char-constants -Wno-conversion -Wno-constant-conversion -Wno-int-conversion -Wno-bool-conversion -Wno-enum-conversion -Wno-float-conversion -Wno-non-literal-null-conversion -Wno-objc-literal-conversion -Wshorten-64-to-32 -Wno-newline-eof -Wno-c++11-extensions -Wno-implicit-fallthrough -fstrict-aliasing -Wdeprecated-declarations -Winvalid-offsetof -Wno-sign-conversion -Wno-infinite-recursion -Wno-move -Wno-comma -Wno-block-capture-autoreleasing -Wno-strict-prototypes -Wno-range-loop-analysis -Wno-semicolon-before-method-body -index-store-path /Users/barriesanders/Library/Developer/Xcode/DerivedData/Nestopia-aslfodajikwbhqggflvpsofjqglc/Index.noindex/DataStore -Wno-switch-enum @/Users/barriesanders/Library/Developer/Xcode/DerivedData/Nestopia-aslfodajikwbhqggflvpsofjqglc/Build/Intermediates.noindex/Nestopia.build/Debug/Nestopia.build/Objects-normal/arm64/82b82416624d2658e5098eb0a28c15c5-common-args.resp -MMD -MT dependencies -MF /Users/barriesanders/Library/Developer/Xcode/DerivedData/Nestopia-aslfodajikwbhqggflvpsofjqglc/Build/Intermediates.noindex/Nestopia.build/Debug/Nestopia.build/Objects-normal/arm64/NstApu.d --serialize-diagnostics /Users/barriesanders/Library/Developer/Xcode/DerivedData/Nestopia-aslfodajikwbhqggflvpsofjqglc/Build/Intermediates.noindex/Nestopia.build/Debug/Nestopia.build/Objects-normal/arm64/NstApu.dia -c /Users/barriesanders/.gemini/antigravity/scratch/OpenEmu_Port/Nestopia/core/NstApu.cpp -o /Users/barriesanders/Library/Developer/Xcode/DerivedData/Nestopia-aslfodajikwbhqggflvpsofjqglc/Build/Intermediates.noindex/Nestopia.build/Debug/Nestopia.build/Objects-normal/arm64/NstApu.o -index-unit-output-path /Nestopia.build/Debug/Nestopia.build/Objects-normal/arm64/NstApu.o
/Users/barriesanders/.gemini/antigravity/scratch/OpenEmu_Port/Nestopia/core/NstApu.cpp:451:34: warning: implicit conversion loses integer precision: 'qaword' (aka 'unsigned long') to 'Cycle' (aka 'unsigned int') [-Wshorten-64-to-32]
  451 |                         rate = clockBase * multiplier / sampleRate;
      |                              ~ ~~~~~~~~~~~~~~~~~~~~~~~^~~~~~~~~~~~
/Users/barriesanders/.gemini/antigravity/scratch/OpenEmu_Port/Nestopia/core/NstApu.cpp:933:34: warning: implicit conversion loses integer precision: 'qaword' (aka 'unsigned long') to 'Cycle' (aka 'unsigned int') [-Wshorten-64-to-32]
  933 |                         rate = clockBase * multiplier / sampleRate;
      |                              ~ ~~~~~~~~~~~~~~~~~~~~~~~^~~~~~~~~~~~
/Users/barriesanders/.gemini/antigravity/scratch/OpenEmu_Port/Nestopia/core/NstApu.cpp:1148:12: warning: implicit conversion loses integer precision: 'long' to 'idword' (aka 'int') [-Wshorten-64-to-32]
 1148 |                         prev  = signed_shl(sample,15);
      |                               ~ ^~~~~~~~~~~~~~~~~~~~~
/Users/barriesanders/.gemini/antigravity/scratch/OpenEmu_Port/Nestopia/core/NstApu.cpp:1150:12: warning: implicit conversion loses integer precision: 'long' to 'idword' (aka 'int') [-Wshorten-64-to-32]
 1150 |                         next  = signed_shr(acc,15);
      |                               ~ ^~~~~~~~~~~~~~~~~~
/Users/barriesanders/.gemini/antigravity/scratch/OpenEmu_Port/Nestopia/core/NstApu.cpp:1928:6: error: non-constant-expression cannot be narrowed from type 'unsigned int' to 'byte' (aka 'unsigned char') in initializer list [-Wc++11-narrowing]
 1928 |                                         bits & 0xFFU,
      |                                         ^~~~~~~~~~~~
/Users/barriesanders/.gemini/antigravity/scratch/OpenEmu_Port/Nestopia/core/NstApu.cpp:1928:6: note: insert an explicit cast to silence this issue
 1928 |                                         bits & 0xFFU,
      |                                         ^~~~~~~~~~~~
      |                                         static_cast<byte>( )
/Users/barriesanders/.gemini/antigravity/scratch/OpenEmu_Port/Nestopia/core/NstApu.cpp:1929:6: error: non-constant-expression cannot be narrowed from type 'uint' (aka 'unsigned int') to 'byte' (aka 'unsigned char') in initializer list [-Wc++11-narrowing]
 1929 |                                         bits >> 8,
      |                                         ^~~~~~~~~
/Users/barriesanders/.gemini/antigravity/scratch/OpenEmu_Port/Nestopia/core/NstApu.cpp:1929:6: note: insert an explicit cast to silence this issue
 1929 |                                         bits >> 8,
      |                                         ^~~~~~~~~
      |                                         static_cast<byte>( )
/Users/barriesanders/.gemini/antigravity/scratch/OpenEmu_Port/Nestopia/core/NstApu.cpp:1930:6: error: non-constant-expression cannot be narrowed from type 'unsigned int' to 'byte' (aka 'unsigned char') in initializer list [-Wc++11-narrowing]
 1930 |                                         timer & 0xFFU,
      |                                         ^~~~~~~~~~~~~
/Users/barriesanders/.gemini/antigravity/scratch/OpenEmu_Port/Nestopia/core/NstApu.cpp:1930:6: note: insert an explicit cast to silence this issue
 1930 |                                         timer & 0xFFU,
      |                                         ^~~~~~~~~~~~~
      |                                         static_cast<byte>( )
/Users/barriesanders/.gemini/antigravity/scratch/OpenEmu_Port/Nestopia/core/NstApu.cpp:1931:6: error: non-constant-expression cannot be narrowed from type 'idword' (aka 'int') to 'byte' (aka 'unsigned char') in initializer list [-Wc++11-narrowing]
 1931 |                                         timer >> 8,
      |                                         ^~~~~~~~~~
/Users/barriesanders/.gemini/antigravity/scratch/OpenEmu_Port/Nestopia/core/NstApu.cpp:1931:6: note: insert an explicit cast to silence this issue
 1931 |                                         timer >> 8,
      |                                         ^~~~~~~~~~
      |                                         static_cast<byte>( )
/Users/barriesanders/.gemini/antigravity/scratch/OpenEmu_Port/Nestopia/core/NstApu.cpp:1932:6: error: non-constant-expression cannot be narrowed from type 'idword' (aka 'int') to 'byte' (aka 'unsigned char') in initializer list [-Wc++11-narrowing]
 1932 |                                         timer >> 16,
      |                                         ^~~~~~~~~~~
/Users/barriesanders/.gemini/antigravity/scratch/OpenEmu_Port/Nestopia/core/NstApu.cpp:1932:6: note: insert an explicit cast to silence this issue
 1932 |                                         timer >> 16,
      |                                         ^~~~~~~~~~~
      |                                         static_cast<byte>( )
/Users/barriesanders/.gemini/antigravity/scratch/OpenEmu_Port/Nestopia/core/NstApu.cpp:1933:6: error: non-constant-expression cannot be narrowed from type 'idword' (aka 'int') to 'byte' (aka 'unsigned char') in initializer list [-Wc++11-narrowing]
 1933 |                                         timer >> 24
      |                                         ^~~~~~~~~~~
/Users/barriesanders/.gemini/antigravity/scratch/OpenEmu_Port/Nestopia/core/NstApu.cpp:1933:6: note: insert an explicit cast to silence this issue
 1933 |                                         timer >> 24
      |                                         ^~~~~~~~~~~
      |                                         static_cast<byte>( )
/Users/barriesanders/.gemini/antigravity/scratch/OpenEmu_Port/Nestopia/core/NstApu.cpp:2150:6: error: non-constant-expression cannot be narrowed from type 'dword' (aka 'unsigned int') to 'byte' (aka 'unsigned char') in initializer list [-Wc++11-narrowing]
 2150 |                                         dmcClock & 0xFF,
      |                                         ^~~~~~~~~~~~~~~
/Users/barriesanders/.gemini/antigravity/scratch/OpenEmu_Port/Nestopia/core/NstApu.cpp:2150:6: note: insert an explicit cast to silence this issue
 2150 |                                         dmcClock & 0xFF,
      |                                         ^~~~~~~~~~~~~~~
      |                                         static_cast<byte>( )
/Users/barriesanders/.gemini/antigravity/scratch/OpenEmu_Port/Nestopia/core/NstApu.cpp:2151:6: error: non-constant-expression cannot be narrowed from type 'dword' (aka 'unsigned int') to 'byte' (aka 'unsigned char') in initializer list [-Wc++11-narrowing]
 2151 |                                         dmcClock >> 8,
      |                                         ^~~~~~~~~~~~~
/Users/barriesanders/.gemini/antigravity/scratch/OpenEmu_Port/Nestopia/core/NstApu.cpp:2151:6: note: insert an explicit cast to silence this issue
 2151 |                                         dmcClock >> 8,
      |                                         ^~~~~~~~~~~~~
      |                                         static_cast<byte>( )
/Users/barriesanders/.gemini/antigravity/scratch/OpenEmu_Port/Nestopia/core/NstApu.cpp:2152:6: error: non-constant-expression cannot be narrowed from type 'unsigned int' to 'byte' (aka 'unsigned char') in initializer list [-Wc++11-narrowing]
 2152 |                                         (
      |                                         ^
 2153 |                                                 ( ( regs.ctrl & REG0_FREQUENCY  )              ) |
      |                                                 ~~~~~~~~~~~~~~~~~~~~~~~~~~~~~~~~~~~~~~~~~~~~~~~~~~
 2154 |                                                 ( ( regs.ctrl & REG0_LOOP       ) ? 0x10U : 0U ) |
      |                                                 ~~~~~~~~~~~~~~~~~~~~~~~~~~~~~~~~~~~~~~~~~~~~~~~~~~
 2155 |                                                 ( ( regs.ctrl & REG0_IRQ_ENABLE ) ? 0x20U : 0U ) |
      |                                                 ~~~~~~~~~~~~~~~~~~~~~~~~~~~~~~~~~~~~~~~~~~~~~~~~~~
 2156 |                                                 ( ( dma.lengthCounter           ) ? 0x40U : 0U )
      |                                                 ~~~~~~~~~~~~~~~~~~~~~~~~~~~~~~~~~~~~~~~~~~~~~~~~
 2157 |                                         ),
      |                                         ~
/Users/barriesanders/.gemini/antigravity/scratch/OpenEmu_Port/Nestopia/core/NstApu.cpp:2152:6: note: insert an explicit cast to silence this issue
 2152 |                                         (
      |                                         ^
      |                                         static_cast<byte>(
 2153 |                                                 ( ( regs.ctrl & REG0_FREQUENCY  )              ) |
      |                                                 ~~~~~~~~~~~~~~~~~~~~~~~~~~~~~~~~~~~~~~~~~~~~~~~~~~
 2154 |                                                 ( ( regs.ctrl & REG0_LOOP       ) ? 0x10U : 0U ) |
      |                                                 ~~~~~~~~~~~~~~~~~~~~~~~~~~~~~~~~~~~~~~~~~~~~~~~~~~
 2155 |                                                 ( ( regs.ctrl & REG0_IRQ_ENABLE ) ? 0x20U : 0U ) |
      |                                                 ~~~~~~~~~~~~~~~~~~~~~~~~~~~~~~~~~~~~~~~~~~~~~~~~~~
 2156 |                                                 ( ( dma.lengthCounter           ) ? 0x40U : 0U )
      |                                                 ~~~~~~~~~~~~~~~~~~~~~~~~~~~~~~~~~~~~~~~~~~~~~~~~
 2157 |                                         ),
      |                                         ~
      |                                          )
/Users/barriesanders/.gemini/antigravity/scratch/OpenEmu_Port/Nestopia/core/NstApu.cpp:2158:6: error: non-constant-expression cannot be narrowed from type 'unsigned int' to 'byte' (aka 'unsigned char') in initializer list [-Wc++11-narrowing]
 2158 |                                         (regs.address - 0xC000U) >> 6,
      |                                         ^~~~~~~~~~~~~~~~~~~~~~~~~~~~~
/Users/barriesanders/.gemini/antigravity/scratch/OpenEmu_Port/Nestopia/core/NstApu.cpp:2158:6: note: insert an explicit cast to silence this issue
 2158 |                                         (regs.address - 0xC000U) >> 6,
      |                                         ^~~~~~~~~~~~~~~~~~~~~~~~~~~~~
      |                                         static_cast<byte>(           )
/Users/barriesanders/.gemini/antigravity/scratch/OpenEmu_Port/Nestopia/core/NstApu.cpp:2159:6: error: non-constant-expression cannot be narrowed from type 'unsigned int' to 'byte' (aka 'unsigned char') in initializer list [-Wc++11-narrowing]
 2159 |                                         (regs.lengthCounter - 1U) >> 4,
      |                                         ^~~~~~~~~~~~~~~~~~~~~~~~~~~~~~
/Users/barriesanders/.gemini/antigravity/scratch/OpenEmu_Port/Nestopia/core/NstApu.cpp:2159:6: note: insert an explicit cast to silence this issue
 2159 |                                         (regs.lengthCounter - 1U) >> 4,
      |                                         ^~~~~~~~~~~~~~~~~~~~~~~~~~~~~~
      |                                         static_cast<byte>(            )
/Users/barriesanders/.gemini/antigravity/scratch/OpenEmu_Port/Nestopia/core/NstApu.cpp:2160:6: error: non-constant-expression cannot be narrowed from type 'unsigned int' to 'byte' (aka 'unsigned char') in initializer list [-Wc++11-narrowing]
 2160 |                                         (dma.address >> 0 & 0xFFU),
      |                                         ^~~~~~~~~~~~~~~~~~~~~~~~~~
/Users/barriesanders/.gemini/antigravity/scratch/OpenEmu_Port/Nestopia/core/NstApu.cpp:2160:6: note: insert an explicit cast to silence this issue
 2160 |                                         (dma.address >> 0 & 0xFFU),
      |                                         ^~~~~~~~~~~~~~~~~~~~~~~~~~
      |                                         static_cast<byte>(        )
/Users/barriesanders/.gemini/antigravity/scratch/OpenEmu_Port/Nestopia/core/NstApu.cpp:2161:6: error: non-constant-expression cannot be narrowed from type 'unsigned int' to 'byte' (aka 'unsigned char') in initializer list [-Wc++11-narrowing]
 2161 |                                         (dma.address >> 8 & 0x7FU) | (dma.buffered ? 0x80 : 0x00),
      |                                         ^~~~~~~~~~~~~~~~~~~~~~~~~~~~~~~~~~~~~~~~~~~~~~~~~~~~~~~~~
/Users/barriesanders/.gemini/antigravity/scratch/OpenEmu_Port/Nestopia/core/NstApu.cpp:2161:6: note: insert an explicit cast to silence this issue
 2161 |                                         (dma.address >> 8 & 0x7FU) | (dma.buffered ? 0x80 : 0x00),
      |                                         ^~~~~~~~~~~~~~~~~~~~~~~~~~~~~~~~~~~~~~~~~~~~~~~~~~~~~~~~~
      |                                         static_cast<byte>(                                       )
/Users/barriesanders/.gemini/antigravity/scratch/OpenEmu_Port/Nestopia/core/NstApu.cpp:2162:6: error: non-constant-expression cannot be narrowed from type 'unsigned int' to 'byte' (aka 'unsigned char') in initializer list [-Wc++11-narrowing]
 2162 |                                         dma.lengthCounter ? (dma.lengthCounter - 1U) >> 4 : 0,
      |                                         ^~~~~~~~~~~~~~~~~~~~~~~~~~~~~~~~~~~~~~~~~~~~~~~~~~~~~
/Users/barriesanders/.gemini/antigravity/scratch/OpenEmu_Port/Nestopia/core/NstApu.cpp:2162:6: note: insert an explicit cast to silence this issue
 2162 |                                         dma.lengthCounter ? (dma.lengthCounter - 1U) >> 4 : 0,
      |                                         ^~~~~~~~~~~~~~~~~~~~~~~~~~~~~~~~~~~~~~~~~~~~~~~~~~~~~
      |                                         static_cast<byte>(                                   )
/Users/barriesanders/.gemini/antigravity/scratch/OpenEmu_Port/Nestopia/core/NstApu.cpp:2163:6: error: non-constant-expression cannot be narrowed from type 'word' (aka 'unsigned short') to 'byte' (aka 'unsigned char') in initializer list [-Wc++11-narrowing]
 2163 |                                         dma.buffer,
      |                                         ^~~~~~~~~~
/Users/barriesanders/.gemini/antigravity/scratch/OpenEmu_Port/Nestopia/core/NstApu.cpp:2163:6: note: insert an explicit cast to silence this issue
 2163 |                                         dma.buffer,
      |                                         ^~~~~~~~~~
      |                                         static_cast<byte>( )
/Users/barriesanders/.gemini/antigravity/scratch/OpenEmu_Port/Nestopia/core/NstApu.cpp:2164:6: error: non-constant-expression cannot be narrowed from type 'int' to 'byte' (aka 'unsigned char') in initializer list [-Wc++11-narrowing]
 2164 |                                         7 - out.shifter,
      |                                         ^~~~~~~~~~~~~~~
/Users/barriesanders/.gemini/antigravity/scratch/OpenEmu_Port/Nestopia/core/NstApu.cpp:2164:6: note: insert an explicit cast to silence this issue
 2164 |                                         7 - out.shifter,
      |                                         ^~~~~~~~~~~~~~~
      |                                         static_cast<byte>( )
/Users/barriesanders/.gemini/antigravity/scratch/OpenEmu_Port/Nestopia/core/NstApu.cpp:2175:6: error: non-constant-expression cannot be narrowed from type 'unsigned int' to 'byte' (aka 'unsigned char') in initializer list [-Wc++11-narrowing]
 2175 |                                         linSample & 0xFFU,
      |                                         ^~~~~~~~~~~~~~~~~
/Users/barriesanders/.gemini/antigravity/scratch/OpenEmu_Port/Nestopia/core/NstApu.cpp:2175:6: note: insert an explicit cast to silence this issue
 2175 |                                         linSample & 0xFFU,
      |                                         ^~~~~~~~~~~~~~~~~
      |                                         static_cast<byte>( )
/Users/barriesanders/.gemini/antigravity/scratch/OpenEmu_Port/Nestopia/core/NstApu.cpp:2176:6: error: non-constant-expression cannot be narrowed from type 'uint' (aka 'unsigned int') to 'byte' (aka 'unsigned char') in initializer list [-Wc++11-narrowing]
 2176 |                                         linSample >> 8,
      |                                         ^~~~~~~~~~~~~~
/Users/barriesanders/.gemini/antigravity/scratch/OpenEmu_Port/Nestopia/core/NstApu.cpp:2176:6: note: insert an explicit cast to silence this issue
 2176 |                                         linSample >> 8,
      |                                         ^~~~~~~~~~~~~~
      |                                         static_cast<byte>( )
/Users/barriesanders/.gemini/antigravity/scratch/OpenEmu_Port/Nestopia/core/NstApu.cpp:2177:6: error: non-constant-expression cannot be narrowed from type 'unsigned int' to 'byte' (aka 'unsigned char') in initializer list [-Wc++11-narrowing]
 2177 |                                         dma.lengthCounter & 0xFFU,
      |                                         ^~~~~~~~~~~~~~~~~~~~~~~~~
/Users/barriesanders/.gemini/antigravity/scratch/OpenEmu_Port/Nestopia/core/NstApu.cpp:2177:6: note: insert an explicit cast to silence this issue
 2177 |                                         dma.lengthCounter & 0xFFU,
      |                                         ^~~~~~~~~~~~~~~~~~~~~~~~~
      |                                         static_cast<byte>(       )
fatal error: too many errors emitted, stopping now [-ferror-limit=]
4 warnings and 20 errors generated.

CompileC /Users/barriesanders/Library/Developer/Xcode/DerivedData/Nestopia-aslfodajikwbhqggflvpsofjqglc/Build/Intermediates.noindex/Nestopia.build/Debug/Nestopia.build/Objects-normal/arm64/NstApiRewinder.o /Users/barriesanders/.gemini/antigravity/scratch/OpenEmu_Port/Nestopia/core/api/NstApiRewinder.cpp normal arm64 c++ com.apple.compilers.llvm.clang.1_0.compiler (in target 'Nestopia' from project 'Nestopia')
    cd /Users/barriesanders/.gemini/antigravity/scratch/OpenEmu_Port/Nestopia
    
    Using response file: /Users/barriesanders/Library/Developer/Xcode/DerivedData/Nestopia-aslfodajikwbhqggflvpsofjqglc/Build/Intermediates.noindex/Nestopia.build/Debug/Nestopia.build/Objects-normal/arm64/82b82416624d2658e5098eb0a28c15c5-common-args.resp
    
    /Applications/Xcode.app/Contents/Developer/Toolchains/XcodeDefault.xctoolchain/usr/bin/clang -x c++ -ivfsstatcache /Users/barriesanders/Library/Developer/Xcode/DerivedData/SDKStatCaches.noindex/macosx26.2-25C57-3885c01c3e6b6a337905948deab2002e00fa09913b459cbbc988d1f6730289ae.sdkstatcache -fmessage-length\=0 -fdiagnostics-show-note-include-stack -fmacro-backtrace-limit\=0 -fno-color-diagnostics -fmodules-prune-interval\=86400 -fmodules-prune-after\=345600 -fbuild-session-file\=/Users/barriesanders/Library/Developer/Xcode/DerivedData/ModuleCache.noindex/Session.modulevalidation -fmodules-validate-once-per-build-session -Wnon-modular-include-in-framework-module -Werror\=non-modular-include-in-framework-module -Wno-trigraphs -flto -Wno-missing-field-initializers -Wno-missing-prototypes -Wno-non-virtual-dtor -Wno-overloaded-virtual -Wno-exit-time-destructors -Wno-missing-braces -Wparentheses -Wswitch -Wno-unused-function -Wno-unused-label -Wno-unused-parameter -Wunused-variable -Wunused-value -Wno-empty-body -Wno-uninitialized -Wno-unknown-pragmas -Wno-shadow -Wno-four-char-constants -Wno-conversion -Wno-constant-conversion -Wno-int-conversion -Wno-bool-conversion -Wno-enum-conversion -Wno-float-conversion -Wno-non-literal-null-conversion -Wno-objc-literal-conversion -Wshorten-64-to-32 -Wno-newline-eof -Wno-c++11-extensions -Wno-implicit-fallthrough -fstrict-aliasing -Wdeprecated-declarations -Winvalid-offsetof -Wno-sign-conversion -Wno-infinite-recursion -Wno-move -Wno-comma -Wno-block-capture-autoreleasing -Wno-strict-prototypes -Wno-range-loop-analysis -Wno-semicolon-before-method-body -index-store-path /Users/barriesanders/Library/Developer/Xcode/DerivedData/Nestopia-aslfodajikwbhqggflvpsofjqglc/Index.noindex/DataStore -Wno-switch-enum @/Users/barriesanders/Library/Developer/Xcode/DerivedData/Nestopia-aslfodajikwbhqggflvpsofjqglc/Build/Intermediates.noindex/Nestopia.build/Debug/Nestopia.build/Objects-normal/arm64/82b82416624d2658e5098eb0a28c15c5-common-args.resp -MMD -MT dependencies -MF /Users/barriesanders/Library/Developer/Xcode/DerivedData/Nestopia-aslfodajikwbhqggflvpsofjqglc/Build/Intermediates.noindex/Nestopia.build/Debug/Nestopia.build/Objects-normal/arm64/NstApiRewinder.d --serialize-diagnostics /Users/barriesanders/Library/Developer/Xcode/DerivedData/Nestopia-aslfodajikwbhqggflvpsofjqglc/Build/Intermediates.noindex/Nestopia.build/Debug/Nestopia.build/Objects-normal/arm64/NstApiRewinder.dia -c /Users/barriesanders/.gemini/antigravity/scratch/OpenEmu_Port/Nestopia/core/api/NstApiRewinder.cpp -o /Users/barriesanders/Library/Developer/Xcode/DerivedData/Nestopia-aslfodajikwbhqggflvpsofjqglc/Build/Intermediates.noindex/Nestopia.build/Debug/Nestopia.build/Objects-normal/arm64/NstApiRewinder.o -index-unit-output-path /Nestopia.build/Debug/Nestopia.build/Objects-normal/arm64/NstApiRewinder.o

CompileC /Users/barriesanders/Library/Developer/Xcode/DerivedData/Nestopia-aslfodajikwbhqggflvpsofjqglc/Build/Intermediates.noindex/Nestopia.build/Debug/Nestopia.build/Objects-normal/arm64/NstApiMovie.o /Users/barriesanders/.gemini/antigravity/scratch/OpenEmu_Port/Nestopia/core/api/NstApiMovie.cpp normal arm64 c++ com.apple.compilers.llvm.clang.1_0.compiler (in target 'Nestopia' from project 'Nestopia')
    cd /Users/barriesanders/.gemini/antigravity/scratch/OpenEmu_Port/Nestopia
    
    Using response file: /Users/barriesanders/Library/Developer/Xcode/DerivedData/Nestopia-aslfodajikwbhqggflvpsofjqglc/Build/Intermediates.noindex/Nestopia.build/Debug/Nestopia.build/Objects-normal/arm64/82b82416624d2658e5098eb0a28c15c5-common-args.resp
    
    /Applications/Xcode.app/Contents/Developer/Toolchains/XcodeDefault.xctoolchain/usr/bin/clang -x c++ -ivfsstatcache /Users/barriesanders/Library/Developer/Xcode/DerivedData/SDKStatCaches.noindex/macosx26.2-25C57-3885c01c3e6b6a337905948deab2002e00fa09913b459cbbc988d1f6730289ae.sdkstatcache -fmessage-length\=0 -fdiagnostics-show-note-include-stack -fmacro-backtrace-limit\=0 -fno-color-diagnostics -fmodules-prune-interval\=86400 -fmodules-prune-after\=345600 -fbuild-session-file\=/Users/barriesanders/Library/Developer/Xcode/DerivedData/ModuleCache.noindex/Session.modulevalidation -fmodules-validate-once-per-build-session -Wnon-modular-include-in-framework-module -Werror\=non-modular-include-in-framework-module -Wno-trigraphs -flto -Wno-missing-field-initializers -Wno-missing-prototypes -Wno-non-virtual-dtor -Wno-overloaded-virtual -Wno-exit-time-destructors -Wno-missing-braces -Wparentheses -Wswitch -Wno-unused-function -Wno-unused-label -Wno-unused-parameter -Wunused-variable -Wunused-value -Wno-empty-body -Wno-uninitialized -Wno-unknown-pragmas -Wno-shadow -Wno-four-char-constants -Wno-conversion -Wno-constant-conversion -Wno-int-conversion -Wno-bool-conversion -Wno-enum-conversion -Wno-float-conversion -Wno-non-literal-null-conversion -Wno-objc-literal-conversion -Wshorten-64-to-32 -Wno-newline-eof -Wno-c++11-extensions -Wno-implicit-fallthrough -fstrict-aliasing -Wdeprecated-declarations -Winvalid-offsetof -Wno-sign-conversion -Wno-infinite-recursion -Wno-move -Wno-comma -Wno-block-capture-autoreleasing -Wno-strict-prototypes -Wno-range-loop-analysis -Wno-semicolon-before-method-body -index-store-path /Users/barriesanders/Library/Developer/Xcode/DerivedData/Nestopia-aslfodajikwbhqggflvpsofjqglc/Index.noindex/DataStore -Wno-switch-enum @/Users/barriesanders/Library/Developer/Xcode/DerivedData/Nestopia-aslfodajikwbhqggflvpsofjqglc/Build/Intermediates.noindex/Nestopia.build/Debug/Nestopia.build/Objects-normal/arm64/82b82416624d2658e5098eb0a28c15c5-common-args.resp -MMD -MT dependencies -MF /Users/barriesanders/Library/Developer/Xcode/DerivedData/Nestopia-aslfodajikwbhqggflvpsofjqglc/Build/Intermediates.noindex/Nestopia.build/Debug/Nestopia.build/Objects-normal/arm64/NstApiMovie.d --serialize-diagnostics /Users/barriesanders/Library/Developer/Xcode/DerivedData/Nestopia-aslfodajikwbhqggflvpsofjqglc/Build/Intermediates.noindex/Nestopia.build/Debug/Nestopia.build/Objects-normal/arm64/NstApiMovie.dia -c /Users/barriesanders/.gemini/antigravity/scratch/OpenEmu_Port/Nestopia/core/api/NstApiMovie.cpp -o /Users/barriesanders/Library/Developer/Xcode/DerivedData/Nestopia-aslfodajikwbhqggflvpsofjqglc/Build/Intermediates.noindex/Nestopia.build/Debug/Nestopia.build/Objects-normal/arm64/NstApiMovie.o -index-unit-output-path /Nestopia.build/Debug/Nestopia.build/Objects-normal/arm64/NstApiMovie.o

CompileC /Users/barriesanders/Library/Developer/Xcode/DerivedData/Nestopia-aslfodajikwbhqggflvpsofjqglc/Build/Intermediates.noindex/Nestopia.build/Debug/Nestopia.build/Objects-normal/arm64/NstApiTapeRecorder.o /Users/barriesanders/.gemini/antigravity/scratch/OpenEmu_Port/Nestopia/core/api/NstApiTapeRecorder.cpp normal arm64 c++ com.apple.compilers.llvm.clang.1_0.compiler (in target 'Nestopia' from project 'Nestopia')
    cd /Users/barriesanders/.gemini/antigravity/scratch/OpenEmu_Port/Nestopia
    
    Using response file: /Users/barriesanders/Library/Developer/Xcode/DerivedData/Nestopia-aslfodajikwbhqggflvpsofjqglc/Build/Intermediates.noindex/Nestopia.build/Debug/Nestopia.build/Objects-normal/arm64/82b82416624d2658e5098eb0a28c15c5-common-args.resp
    
    /Applications/Xcode.app/Contents/Developer/Toolchains/XcodeDefault.xctoolchain/usr/bin/clang -x c++ -ivfsstatcache /Users/barriesanders/Library/Developer/Xcode/DerivedData/SDKStatCaches.noindex/macosx26.2-25C57-3885c01c3e6b6a337905948deab2002e00fa09913b459cbbc988d1f6730289ae.sdkstatcache -fmessage-length\=0 -fdiagnostics-show-note-include-stack -fmacro-backtrace-limit\=0 -fno-color-diagnostics -fmodules-prune-interval\=86400 -fmodules-prune-after\=345600 -fbuild-session-file\=/Users/barriesanders/Library/Developer/Xcode/DerivedData/ModuleCache.noindex/Session.modulevalidation -fmodules-validate-once-per-build-session -Wnon-modular-include-in-framework-module -Werror\=non-modular-include-in-framework-module -Wno-trigraphs -flto -Wno-missing-field-initializers -Wno-missing-prototypes -Wno-non-virtual-dtor -Wno-overloaded-virtual -Wno-exit-time-destructors -Wno-missing-braces -Wparentheses -Wswitch -Wno-unused-function -Wno-unused-label -Wno-unused-parameter -Wunused-variable -Wunused-value -Wno-empty-body -Wno-uninitialized -Wno-unknown-pragmas -Wno-shadow -Wno-four-char-constants -Wno-conversion -Wno-constant-conversion -Wno-int-conversion -Wno-bool-conversion -Wno-enum-conversion -Wno-float-conversion -Wno-non-literal-null-conversion -Wno-objc-literal-conversion -Wshorten-64-to-32 -Wno-newline-eof -Wno-c++11-extensions -Wno-implicit-fallthrough -fstrict-aliasing -Wdeprecated-declarations -Winvalid-offsetof -Wno-sign-conversion -Wno-infinite-recursion -Wno-move -Wno-comma -Wno-block-capture-autoreleasing -Wno-strict-prototypes -Wno-range-loop-analysis -Wno-semicolon-before-method-body -index-store-path /Users/barriesanders/Library/Developer/Xcode/DerivedData/Nestopia-aslfodajikwbhqggflvpsofjqglc/Index.noindex/DataStore -Wno-switch-enum @/Users/barriesanders/Library/Developer/Xcode/DerivedData/Nestopia-aslfodajikwbhqggflvpsofjqglc/Build/Intermediates.noindex/Nestopia.build/Debug/Nestopia.build/Objects-normal/arm64/82b82416624d2658e5098eb0a28c15c5-common-args.resp -MMD -MT dependencies -MF /Users/barriesanders/Library/Developer/Xcode/DerivedData/Nestopia-aslfodajikwbhqggflvpsofjqglc/Build/Intermediates.noindex/Nestopia.build/Debug/Nestopia.build/Objects-normal/arm64/NstApiTapeRecorder.d --serialize-diagnostics /Users/barriesanders/Library/Developer/Xcode/DerivedData/Nestopia-aslfodajikwbhqggflvpsofjqglc/Build/Intermediates.noindex/Nestopia.build/Debug/Nestopia.build/Objects-normal/arm64/NstApiTapeRecorder.dia -c /Users/barriesanders/.gemini/antigravity/scratch/OpenEmu_Port/Nestopia/core/api/NstApiTapeRecorder.cpp -o /Users/barriesanders/Library/Developer/Xcode/DerivedData/Nestopia-aslfodajikwbhqggflvpsofjqglc/Build/Intermediates.noindex/Nestopia.build/Debug/Nestopia.build/Objects-normal/arm64/NstApiTapeRecorder.o -index-unit-output-path /Nestopia.build/Debug/Nestopia.build/Objects-normal/arm64/NstApiTapeRecorder.o

CompileC /Users/barriesanders/Library/Developer/Xcode/DerivedData/Nestopia-aslfodajikwbhqggflvpsofjqglc/Build/Intermediates.noindex/Nestopia.build/Debug/Nestopia.build/Objects-normal/arm64/NstApiInput.o /Users/barriesanders/.gemini/antigravity/scratch/OpenEmu_Port/Nestopia/core/api/NstApiInput.cpp normal arm64 c++ com.apple.compilers.llvm.clang.1_0.compiler (in target 'Nestopia' from project 'Nestopia')
    cd /Users/barriesanders/.gemini/antigravity/scratch/OpenEmu_Port/Nestopia
    
    Using response file: /Users/barriesanders/Library/Developer/Xcode/DerivedData/Nestopia-aslfodajikwbhqggflvpsofjqglc/Build/Intermediates.noindex/Nestopia.build/Debug/Nestopia.build/Objects-normal/arm64/82b82416624d2658e5098eb0a28c15c5-common-args.resp
    
    /Applications/Xcode.app/Contents/Developer/Toolchains/XcodeDefault.xctoolchain/usr/bin/clang -x c++ -ivfsstatcache /Users/barriesanders/Library/Developer/Xcode/DerivedData/SDKStatCaches.noindex/macosx26.2-25C57-3885c01c3e6b6a337905948deab2002e00fa09913b459cbbc988d1f6730289ae.sdkstatcache -fmessage-length\=0 -fdiagnostics-show-note-include-stack -fmacro-backtrace-limit\=0 -fno-color-diagnostics -fmodules-prune-interval\=86400 -fmodules-prune-after\=345600 -fbuild-session-file\=/Users/barriesanders/Library/Developer/Xcode/DerivedData/ModuleCache.noindex/Session.modulevalidation -fmodules-validate-once-per-build-session -Wnon-modular-include-in-framework-module -Werror\=non-modular-include-in-framework-module -Wno-trigraphs -flto -Wno-missing-field-initializers -Wno-missing-prototypes -Wno-non-virtual-dtor -Wno-overloaded-virtual -Wno-exit-time-destructors -Wno-missing-braces -Wparentheses -Wswitch -Wno-unused-function -Wno-unused-label -Wno-unused-parameter -Wunused-variable -Wunused-value -Wno-empty-body -Wno-uninitialized -Wno-unknown-pragmas -Wno-shadow -Wno-four-char-constants -Wno-conversion -Wno-constant-conversion -Wno-int-conversion -Wno-bool-conversion -Wno-enum-conversion -Wno-float-conversion -Wno-non-literal-null-conversion -Wno-objc-literal-conversion -Wshorten-64-to-32 -Wno-newline-eof -Wno-c++11-extensions -Wno-implicit-fallthrough -fstrict-aliasing -Wdeprecated-declarations -Winvalid-offsetof -Wno-sign-conversion -Wno-infinite-recursion -Wno-move -Wno-comma -Wno-block-capture-autoreleasing -Wno-strict-prototypes -Wno-range-loop-analysis -Wno-semicolon-before-method-body -index-store-path /Users/barriesanders/Library/Developer/Xcode/DerivedData/Nestopia-aslfodajikwbhqggflvpsofjqglc/Index.noindex/DataStore -Wno-switch-enum @/Users/barriesanders/Library/Developer/Xcode/DerivedData/Nestopia-aslfodajikwbhqggflvpsofjqglc/Build/Intermediates.noindex/Nestopia.build/Debug/Nestopia.build/Objects-normal/arm64/82b82416624d2658e5098eb0a28c15c5-common-args.resp -MMD -MT dependencies -MF /Users/barriesanders/Library/Developer/Xcode/DerivedData/Nestopia-aslfodajikwbhqggflvpsofjqglc/Build/Intermediates.noindex/Nestopia.build/Debug/Nestopia.build/Objects-normal/arm64/NstApiInput.d --serialize-diagnostics /Users/barriesanders/Library/Developer/Xcode/DerivedData/Nestopia-aslfodajikwbhqggflvpsofjqglc/Build/Intermediates.noindex/Nestopia.build/Debug/Nestopia.build/Objects-normal/arm64/NstApiInput.dia -c /Users/barriesanders/.gemini/antigravity/scratch/OpenEmu_Port/Nestopia/core/api/NstApiInput.cpp -o /Users/barriesanders/Library/Developer/Xcode/DerivedData/Nestopia-aslfodajikwbhqggflvpsofjqglc/Build/Intermediates.noindex/Nestopia.build/Debug/Nestopia.build/Objects-normal/arm64/NstApiInput.o -index-unit-output-path /Nestopia.build/Debug/Nestopia.build/Objects-normal/arm64/NstApiInput.o

CompileC /Users/barriesanders/Library/Developer/Xcode/DerivedData/Nestopia-aslfodajikwbhqggflvpsofjqglc/Build/Intermediates.noindex/Nestopia.build/Debug/Nestopia.build/Objects-normal/arm64/NstApiMachine.o /Users/barriesanders/.gemini/antigravity/scratch/OpenEmu_Port/Nestopia/core/api/NstApiMachine.cpp normal arm64 c++ com.apple.compilers.llvm.clang.1_0.compiler (in target 'Nestopia' from project 'Nestopia')
    cd /Users/barriesanders/.gemini/antigravity/scratch/OpenEmu_Port/Nestopia
    
    Using response file: /Users/barriesanders/Library/Developer/Xcode/DerivedData/Nestopia-aslfodajikwbhqggflvpsofjqglc/Build/Intermediates.noindex/Nestopia.build/Debug/Nestopia.build/Objects-normal/arm64/82b82416624d2658e5098eb0a28c15c5-common-args.resp
    
    /Applications/Xcode.app/Contents/Developer/Toolchains/XcodeDefault.xctoolchain/usr/bin/clang -x c++ -ivfsstatcache /Users/barriesanders/Library/Developer/Xcode/DerivedData/SDKStatCaches.noindex/macosx26.2-25C57-3885c01c3e6b6a337905948deab2002e00fa09913b459cbbc988d1f6730289ae.sdkstatcache -fmessage-length\=0 -fdiagnostics-show-note-include-stack -fmacro-backtrace-limit\=0 -fno-color-diagnostics -fmodules-prune-interval\=86400 -fmodules-prune-after\=345600 -fbuild-session-file\=/Users/barriesanders/Library/Developer/Xcode/DerivedData/ModuleCache.noindex/Session.modulevalidation -fmodules-validate-once-per-build-session -Wnon-modular-include-in-framework-module -Werror\=non-modular-include-in-framework-module -Wno-trigraphs -flto -Wno-missing-field-initializers -Wno-missing-prototypes -Wno-non-virtual-dtor -Wno-overloaded-virtual -Wno-exit-time-destructors -Wno-missing-braces -Wparentheses -Wswitch -Wno-unused-function -Wno-unused-label -Wno-unused-parameter -Wunused-variable -Wunused-value -Wno-empty-body -Wno-uninitialized -Wno-unknown-pragmas -Wno-shadow -Wno-four-char-constants -Wno-conversion -Wno-constant-conversion -Wno-int-conversion -Wno-bool-conversion -Wno-enum-conversion -Wno-float-conversion -Wno-non-literal-null-conversion -Wno-objc-literal-conversion -Wshorten-64-to-32 -Wno-newline-eof -Wno-c++11-extensions -Wno-implicit-fallthrough -fstrict-aliasing -Wdeprecated-declarations -Winvalid-offsetof -Wno-sign-conversion -Wno-infinite-recursion -Wno-move -Wno-comma -Wno-block-capture-autoreleasing -Wno-strict-prototypes -Wno-range-loop-analysis -Wno-semicolon-before-method-body -index-store-path /Users/barriesanders/Library/Developer/Xcode/DerivedData/Nestopia-aslfodajikwbhqggflvpsofjqglc/Index.noindex/DataStore -Wno-switch-enum @/Users/barriesanders/Library/Developer/Xcode/DerivedData/Nestopia-aslfodajikwbhqggflvpsofjqglc/Build/Intermediates.noindex/Nestopia.build/Debug/Nestopia.build/Objects-normal/arm64/82b82416624d2658e5098eb0a28c15c5-common-args.resp -MMD -MT dependencies -MF /Users/barriesanders/Library/Developer/Xcode/DerivedData/Nestopia-aslfodajikwbhqggflvpsofjqglc/Build/Intermediates.noindex/Nestopia.build/Debug/Nestopia.build/Objects-normal/arm64/NstApiMachine.d --serialize-diagnostics /Users/barriesanders/Library/Developer/Xcode/DerivedData/Nestopia-aslfodajikwbhqggflvpsofjqglc/Build/Intermediates.noindex/Nestopia.build/Debug/Nestopia.build/Objects-normal/arm64/NstApiMachine.dia -c /Users/barriesanders/.gemini/antigravity/scratch/OpenEmu_Port/Nestopia/core/api/NstApiMachine.cpp -o /Users/barriesanders/Library/Developer/Xcode/DerivedData/Nestopia-aslfodajikwbhqggflvpsofjqglc/Build/Intermediates.noindex/Nestopia.build/Debug/Nestopia.build/Objects-normal/arm64/NstApiMachine.o -index-unit-output-path /Nestopia.build/Debug/Nestopia.build/Objects-normal/arm64/NstApiMachine.o

CompileC /Users/barriesanders/Library/Developer/Xcode/DerivedData/Nestopia-aslfodajikwbhqggflvpsofjqglc/Build/Intermediates.noindex/Nestopia.build/Debug/Nestopia.build/Objects-normal/arm64/NstApiHomebrew.o /Users/barriesanders/.gemini/antigravity/scratch/OpenEmu_Port/Nestopia/core/api/NstApiHomebrew.cpp normal arm64 c++ com.apple.compilers.llvm.clang.1_0.compiler (in target 'Nestopia' from project 'Nestopia')
    cd /Users/barriesanders/.gemini/antigravity/scratch/OpenEmu_Port/Nestopia
    
    Using response file: /Users/barriesanders/Library/Developer/Xcode/DerivedData/Nestopia-aslfodajikwbhqggflvpsofjqglc/Build/Intermediates.noindex/Nestopia.build/Debug/Nestopia.build/Objects-normal/arm64/82b82416624d2658e5098eb0a28c15c5-common-args.resp
    
    /Applications/Xcode.app/Contents/Developer/Toolchains/XcodeDefault.xctoolchain/usr/bin/clang -x c++ -ivfsstatcache /Users/barriesanders/Library/Developer/Xcode/DerivedData/SDKStatCaches.noindex/macosx26.2-25C57-3885c01c3e6b6a337905948deab2002e00fa09913b459cbbc988d1f6730289ae.sdkstatcache -fmessage-length\=0 -fdiagnostics-show-note-include-stack -fmacro-backtrace-limit\=0 -fno-color-diagnostics -fmodules-prune-interval\=86400 -fmodules-prune-after\=345600 -fbuild-session-file\=/Users/barriesanders/Library/Developer/Xcode/DerivedData/ModuleCache.noindex/Session.modulevalidation -fmodules-validate-once-per-build-session -Wnon-modular-include-in-framework-module -Werror\=non-modular-include-in-framework-module -Wno-trigraphs -flto -Wno-missing-field-initializers -Wno-missing-prototypes -Wno-non-virtual-dtor -Wno-overloaded-virtual -Wno-exit-time-destructors -Wno-missing-braces -Wparentheses -Wswitch -Wno-unused-function -Wno-unused-label -Wno-unused-parameter -Wunused-variable -Wunused-value -Wno-empty-body -Wno-uninitialized -Wno-unknown-pragmas -Wno-shadow -Wno-four-char-constants -Wno-conversion -Wno-constant-conversion -Wno-int-conversion -Wno-bool-conversion -Wno-enum-conversion -Wno-float-conversion -Wno-non-literal-null-conversion -Wno-objc-literal-conversion -Wshorten-64-to-32 -Wno-newline-eof -Wno-c++11-extensions -Wno-implicit-fallthrough -fstrict-aliasing -Wdeprecated-declarations -Winvalid-offsetof -Wno-sign-conversion -Wno-infinite-recursion -Wno-move -Wno-comma -Wno-block-capture-autoreleasing -Wno-strict-prototypes -Wno-range-loop-analysis -Wno-semicolon-before-method-body -index-store-path /Users/barriesanders/Library/Developer/Xcode/DerivedData/Nestopia-aslfodajikwbhqggflvpsofjqglc/Index.noindex/DataStore -Wno-switch-enum @/Users/barriesanders/Library/Developer/Xcode/DerivedData/Nestopia-aslfodajikwbhqggflvpsofjqglc/Build/Intermediates.noindex/Nestopia.build/Debug/Nestopia.build/Objects-normal/arm64/82b82416624d2658e5098eb0a28c15c5-common-args.resp -MMD -MT dependencies -MF /Users/barriesanders/Library/Developer/Xcode/DerivedData/Nestopia-aslfodajikwbhqggflvpsofjqglc/Build/Intermediates.noindex/Nestopia.build/Debug/Nestopia.build/Objects-normal/arm64/NstApiHomebrew.d --serialize-diagnostics /Users/barriesanders/Library/Developer/Xcode/DerivedData/Nestopia-aslfodajikwbhqggflvpsofjqglc/Build/Intermediates.noindex/Nestopia.build/Debug/Nestopia.build/Objects-normal/arm64/NstApiHomebrew.dia -c /Users/barriesanders/.gemini/antigravity/scratch/OpenEmu_Port/Nestopia/core/api/NstApiHomebrew.cpp -o /Users/barriesanders/Library/Developer/Xcode/DerivedData/Nestopia-aslfodajikwbhqggflvpsofjqglc/Build/Intermediates.noindex/Nestopia.build/Debug/Nestopia.build/Objects-normal/arm64/NstApiHomebrew.o -index-unit-output-path /Nestopia.build/Debug/Nestopia.build/Objects-normal/arm64/NstApiHomebrew.o

CompileC /Users/barriesanders/Library/Developer/Xcode/DerivedData/Nestopia-aslfodajikwbhqggflvpsofjqglc/Build/Intermediates.noindex/Nestopia.build/Debug/Nestopia.build/Objects-normal/arm64/NstApiFds.o /Users/barriesanders/.gemini/antigravity/scratch/OpenEmu_Port/Nestopia/core/api/NstApiFds.cpp normal arm64 c++ com.apple.compilers.llvm.clang.1_0.compiler (in target 'Nestopia' from project 'Nestopia')
    cd /Users/barriesanders/.gemini/antigravity/scratch/OpenEmu_Port/Nestopia
    
    Using response file: /Users/barriesanders/Library/Developer/Xcode/DerivedData/Nestopia-aslfodajikwbhqggflvpsofjqglc/Build/Intermediates.noindex/Nestopia.build/Debug/Nestopia.build/Objects-normal/arm64/82b82416624d2658e5098eb0a28c15c5-common-args.resp
    
    /Applications/Xcode.app/Contents/Developer/Toolchains/XcodeDefault.xctoolchain/usr/bin/clang -x c++ -ivfsstatcache /Users/barriesanders/Library/Developer/Xcode/DerivedData/SDKStatCaches.noindex/macosx26.2-25C57-3885c01c3e6b6a337905948deab2002e00fa09913b459cbbc988d1f6730289ae.sdkstatcache -fmessage-length\=0 -fdiagnostics-show-note-include-stack -fmacro-backtrace-limit\=0 -fno-color-diagnostics -fmodules-prune-interval\=86400 -fmodules-prune-after\=345600 -fbuild-session-file\=/Users/barriesanders/Library/Developer/Xcode/DerivedData/ModuleCache.noindex/Session.modulevalidation -fmodules-validate-once-per-build-session -Wnon-modular-include-in-framework-module -Werror\=non-modular-include-in-framework-module -Wno-trigraphs -flto -Wno-missing-field-initializers -Wno-missing-prototypes -Wno-non-virtual-dtor -Wno-overloaded-virtual -Wno-exit-time-destructors -Wno-missing-braces -Wparentheses -Wswitch -Wno-unused-function -Wno-unused-label -Wno-unused-parameter -Wunused-variable -Wunused-value -Wno-empty-body -Wno-uninitialized -Wno-unknown-pragmas -Wno-shadow -Wno-four-char-constants -Wno-conversion -Wno-constant-conversion -Wno-int-conversion -Wno-bool-conversion -Wno-enum-conversion -Wno-float-conversion -Wno-non-literal-null-conversion -Wno-objc-literal-conversion -Wshorten-64-to-32 -Wno-newline-eof -Wno-c++11-extensions -Wno-implicit-fallthrough -fstrict-aliasing -Wdeprecated-declarations -Winvalid-offsetof -Wno-sign-conversion -Wno-infinite-recursion -Wno-move -Wno-comma -Wno-block-capture-autoreleasing -Wno-strict-prototypes -Wno-range-loop-analysis -Wno-semicolon-before-method-body -index-store-path /Users/barriesanders/Library/Developer/Xcode/DerivedData/Nestopia-aslfodajikwbhqggflvpsofjqglc/Index.noindex/DataStore -Wno-switch-enum @/Users/barriesanders/Library/Developer/Xcode/DerivedData/Nestopia-aslfodajikwbhqggflvpsofjqglc/Build/Intermediates.noindex/Nestopia.build/Debug/Nestopia.build/Objects-normal/arm64/82b82416624d2658e5098eb0a28c15c5-common-args.resp -MMD -MT dependencies -MF /Users/barriesanders/Library/Developer/Xcode/DerivedData/Nestopia-aslfodajikwbhqggflvpsofjqglc/Build/Intermediates.noindex/Nestopia.build/Debug/Nestopia.build/Objects-normal/arm64/NstApiFds.d --serialize-diagnostics /Users/barriesanders/Library/Developer/Xcode/DerivedData/Nestopia-aslfodajikwbhqggflvpsofjqglc/Build/Intermediates.noindex/Nestopia.build/Debug/Nestopia.build/Objects-normal/arm64/NstApiFds.dia -c /Users/barriesanders/.gemini/antigravity/scratch/OpenEmu_Port/Nestopia/core/api/NstApiFds.cpp -o /Users/barriesanders/Library/Developer/Xcode/DerivedData/Nestopia-aslfodajikwbhqggflvpsofjqglc/Build/Intermediates.noindex/Nestopia.build/Debug/Nestopia.build/Objects-normal/arm64/NstApiFds.o -index-unit-output-path /Nestopia.build/Debug/Nestopia.build/Objects-normal/arm64/NstApiFds.o

CompileC /Users/barriesanders/Library/Developer/Xcode/DerivedData/Nestopia-aslfodajikwbhqggflvpsofjqglc/Build/Intermediates.noindex/Nestopia.build/Debug/Nestopia.build/Objects-normal/arm64/NstApiEmulator.o /Users/barriesanders/.gemini/antigravity/scratch/OpenEmu_Port/Nestopia/core/api/NstApiEmulator.cpp normal arm64 c++ com.apple.compilers.llvm.clang.1_0.compiler (in target 'Nestopia' from project 'Nestopia')
    cd /Users/barriesanders/.gemini/antigravity/scratch/OpenEmu_Port/Nestopia
    
    Using response file: /Users/barriesanders/Library/Developer/Xcode/DerivedData/Nestopia-aslfodajikwbhqggflvpsofjqglc/Build/Intermediates.noindex/Nestopia.build/Debug/Nestopia.build/Objects-normal/arm64/82b82416624d2658e5098eb0a28c15c5-common-args.resp
    
    /Applications/Xcode.app/Contents/Developer/Toolchains/XcodeDefault.xctoolchain/usr/bin/clang -x c++ -ivfsstatcache /Users/barriesanders/Library/Developer/Xcode/DerivedData/SDKStatCaches.noindex/macosx26.2-25C57-3885c01c3e6b6a337905948deab2002e00fa09913b459cbbc988d1f6730289ae.sdkstatcache -fmessage-length\=0 -fdiagnostics-show-note-include-stack -fmacro-backtrace-limit\=0 -fno-color-diagnostics -fmodules-prune-interval\=86400 -fmodules-prune-after\=345600 -fbuild-session-file\=/Users/barriesanders/Library/Developer/Xcode/DerivedData/ModuleCache.noindex/Session.modulevalidation -fmodules-validate-once-per-build-session -Wnon-modular-include-in-framework-module -Werror\=non-modular-include-in-framework-module -Wno-trigraphs -flto -Wno-missing-field-initializers -Wno-missing-prototypes -Wno-non-virtual-dtor -Wno-overloaded-virtual -Wno-exit-time-destructors -Wno-missing-braces -Wparentheses -Wswitch -Wno-unused-function -Wno-unused-label -Wno-unused-parameter -Wunused-variable -Wunused-value -Wno-empty-body -Wno-uninitialized -Wno-unknown-pragmas -Wno-shadow -Wno-four-char-constants -Wno-conversion -Wno-constant-conversion -Wno-int-conversion -Wno-bool-conversion -Wno-enum-conversion -Wno-float-conversion -Wno-non-literal-null-conversion -Wno-objc-literal-conversion -Wshorten-64-to-32 -Wno-newline-eof -Wno-c++11-extensions -Wno-implicit-fallthrough -fstrict-aliasing -Wdeprecated-declarations -Winvalid-offsetof -Wno-sign-conversion -Wno-infinite-recursion -Wno-move -Wno-comma -Wno-block-capture-autoreleasing -Wno-strict-prototypes -Wno-range-loop-analysis -Wno-semicolon-before-method-body -index-store-path /Users/barriesanders/Library/Developer/Xcode/DerivedData/Nestopia-aslfodajikwbhqggflvpsofjqglc/Index.noindex/DataStore -Wno-switch-enum @/Users/barriesanders/Library/Developer/Xcode/DerivedData/Nestopia-aslfodajikwbhqggflvpsofjqglc/Build/Intermediates.noindex/Nestopia.build/Debug/Nestopia.build/Objects-normal/arm64/82b82416624d2658e5098eb0a28c15c5-common-args.resp -MMD -MT dependencies -MF /Users/barriesanders/Library/Developer/Xcode/DerivedData/Nestopia-aslfodajikwbhqggflvpsofjqglc/Build/Intermediates.noindex/Nestopia.build/Debug/Nestopia.build/Objects-normal/arm64/NstApiEmulator.d --serialize-diagnostics /Users/barriesanders/Library/Developer/Xcode/DerivedData/Nestopia-aslfodajikwbhqggflvpsofjqglc/Build/Intermediates.noindex/Nestopia.build/Debug/Nestopia.build/Objects-normal/arm64/NstApiEmulator.dia -c /Users/barriesanders/.gemini/antigravity/scratch/OpenEmu_Port/Nestopia/core/api/NstApiEmulator.cpp -o /Users/barriesanders/Library/Developer/Xcode/DerivedData/Nestopia-aslfodajikwbhqggflvpsofjqglc/Build/Intermediates.noindex/Nestopia.build/Debug/Nestopia.build/Objects-normal/arm64/NstApiEmulator.o -index-unit-output-path /Nestopia.build/Debug/Nestopia.build/Objects-normal/arm64/NstApiEmulator.o

CompileC /Users/barriesanders/Library/Developer/Xcode/DerivedData/Nestopia-aslfodajikwbhqggflvpsofjqglc/Build/Intermediates.noindex/Nestopia.build/Debug/Nestopia.build/Objects-normal/arm64/NstApiDipSwitches.o /Users/barriesanders/.gemini/antigravity/scratch/OpenEmu_Port/Nestopia/core/api/NstApiDipSwitches.cpp normal arm64 c++ com.apple.compilers.llvm.clang.1_0.compiler (in target 'Nestopia' from project 'Nestopia')
    cd /Users/barriesanders/.gemini/antigravity/scratch/OpenEmu_Port/Nestopia
    
    Using response file: /Users/barriesanders/Library/Developer/Xcode/DerivedData/Nestopia-aslfodajikwbhqggflvpsofjqglc/Build/Intermediates.noindex/Nestopia.build/Debug/Nestopia.build/Objects-normal/arm64/82b82416624d2658e5098eb0a28c15c5-common-args.resp
    
    /Applications/Xcode.app/Contents/Developer/Toolchains/XcodeDefault.xctoolchain/usr/bin/clang -x c++ -ivfsstatcache /Users/barriesanders/Library/Developer/Xcode/DerivedData/SDKStatCaches.noindex/macosx26.2-25C57-3885c01c3e6b6a337905948deab2002e00fa09913b459cbbc988d1f6730289ae.sdkstatcache -fmessage-length\=0 -fdiagnostics-show-note-include-stack -fmacro-backtrace-limit\=0 -fno-color-diagnostics -fmodules-prune-interval\=86400 -fmodules-prune-after\=345600 -fbuild-session-file\=/Users/barriesanders/Library/Developer/Xcode/DerivedData/ModuleCache.noindex/Session.modulevalidation -fmodules-validate-once-per-build-session -Wnon-modular-include-in-framework-module -Werror\=non-modular-include-in-framework-module -Wno-trigraphs -flto -Wno-missing-field-initializers -Wno-missing-prototypes -Wno-non-virtual-dtor -Wno-overloaded-virtual -Wno-exit-time-destructors -Wno-missing-braces -Wparentheses -Wswitch -Wno-unused-function -Wno-unused-label -Wno-unused-parameter -Wunused-variable -Wunused-value -Wno-empty-body -Wno-uninitialized -Wno-unknown-pragmas -Wno-shadow -Wno-four-char-constants -Wno-conversion -Wno-constant-conversion -Wno-int-conversion -Wno-bool-conversion -Wno-enum-conversion -Wno-float-conversion -Wno-non-literal-null-conversion -Wno-objc-literal-conversion -Wshorten-64-to-32 -Wno-newline-eof -Wno-c++11-extensions -Wno-implicit-fallthrough -fstrict-aliasing -Wdeprecated-declarations -Winvalid-offsetof -Wno-sign-conversion -Wno-infinite-recursion -Wno-move -Wno-comma -Wno-block-capture-autoreleasing -Wno-strict-prototypes -Wno-range-loop-analysis -Wno-semicolon-before-method-body -index-store-path /Users/barriesanders/Library/Developer/Xcode/DerivedData/Nestopia-aslfodajikwbhqggflvpsofjqglc/Index.noindex/DataStore -Wno-switch-enum @/Users/barriesanders/Library/Developer/Xcode/DerivedData/Nestopia-aslfodajikwbhqggflvpsofjqglc/Build/Intermediates.noindex/Nestopia.build/Debug/Nestopia.build/Objects-normal/arm64/82b82416624d2658e5098eb0a28c15c5-common-args.resp -MMD -MT dependencies -MF /Users/barriesanders/Library/Developer/Xcode/DerivedData/Nestopia-aslfodajikwbhqggflvpsofjqglc/Build/Intermediates.noindex/Nestopia.build/Debug/Nestopia.build/Objects-normal/arm64/NstApiDipSwitches.d --serialize-diagnostics /Users/barriesanders/Library/Developer/Xcode/DerivedData/Nestopia-aslfodajikwbhqggflvpsofjqglc/Build/Intermediates.noindex/Nestopia.build/Debug/Nestopia.build/Objects-normal/arm64/NstApiDipSwitches.dia -c /Users/barriesanders/.gemini/antigravity/scratch/OpenEmu_Port/Nestopia/core/api/NstApiDipSwitches.cpp -o /Users/barriesanders/Library/Developer/Xcode/DerivedData/Nestopia-aslfodajikwbhqggflvpsofjqglc/Build/Intermediates.noindex/Nestopia.build/Debug/Nestopia.build/Objects-normal/arm64/NstApiDipSwitches.o -index-unit-output-path /Nestopia.build/Debug/Nestopia.build/Objects-normal/arm64/NstApiDipSwitches.o

** BUILD FAILED **


The following build commands failed:
	CompileC /Users/barriesanders/Library/Developer/Xcode/DerivedData/Nestopia-aslfodajikwbhqggflvpsofjqglc/Build/Intermediates.noindex/Nestopia.build/Debug/Nestopia.build/Objects-normal/arm64/NstApu.o /Users/barriesanders/.gemini/antigravity/scratch/OpenEmu_Port/Nestopia/core/NstApu.cpp normal arm64 c++ com.apple.compilers.llvm.clang.1_0.compiler (in target 'Nestopia' from project 'Nestopia')
	Building project Nestopia with scheme Nestopia
(2 failures)
