Command line invocation:
    /Applications/Xcode.app/Contents/Developer/usr/bin/xcodebuild -project Nestopia/Nestopia.xcodeproj -scheme Nestopia -arch arm64 build

Build settings from command line:
    ARCHS = arm64

2026-01-27 19:39:22.639 xcodebuild[93995:1318129] [MT] IDERunDestination: Supported platforms for the buildables in the current scheme is empty.
--- xcodebuild: WARNING: Using the first of multiple matching destinations:
{ platform:macOS, arch:arm64, id:00006001-001A50163A02801E, name:My Mac }
{ platform:macOS, arch:x86_64, id:00006001-001A50163A02801E, name:My Mac }
{ platform:macOS, name:Any Mac }
ComputePackagePrebuildTargetDependencyGraph

Prepare packages

CreateBuildRequest

SendProjectDescription

CreateBuildOperation

ComputeTargetDependencyGraph
note: Building targets in dependency order
note: Target dependency graph (1 target)
    Target 'Nestopia' in project 'Nestopia' (no dependencies)

GatherProvisioningInputs

CreateBuildDescription

ClangStatCache /Applications/Xcode.app/Contents/Developer/Toolchains/XcodeDefault.xctoolchain/usr/bin/clang-stat-cache /Applications/Xcode.app/Contents/Developer/Platforms/MacOSX.platform/Developer/SDKs/MacOSX26.2.sdk /Users/barriesanders/Library/Developer/Xcode/DerivedData/SDKStatCaches.noindex/macosx26.2-25C57-3885c01c3e6b6a337905948deab2002e00fa09913b459cbbc988d1f6730289ae.sdkstatcache
    cd /Users/barriesanders/.gemini/antigravity/scratch/OpenEmu_Port/Nestopia/Nestopia.xcodeproj
    /Applications/Xcode.app/Contents/Developer/Toolchains/XcodeDefault.xctoolchain/usr/bin/clang-stat-cache /Applications/Xcode.app/Contents/Developer/Platforms/MacOSX.platform/Developer/SDKs/MacOSX26.2.sdk -o /Users/barriesanders/Library/Developer/Xcode/DerivedData/SDKStatCaches.noindex/macosx26.2-25C57-3885c01c3e6b6a337905948deab2002e00fa09913b459cbbc988d1f6730289ae.sdkstatcache

/Users/barriesanders/.gemini/antigravity/scratch/OpenEmu_Port/Nestopia/Nestopia.xcodeproj: warning: The macOS deployment target 'MACOSX_DEPLOYMENT_TARGET' is set to 10.11, but the range of supported deployment target versions is 10.13 to 26.2.99. (in target 'Nestopia' from project 'Nestopia')
CompileC /Users/barriesanders/Library/Developer/Xcode/DerivedData/Nestopia-aslfodajikwbhqggflvpsofjqglc/Build/Intermediates.noindex/Nestopia.build/Debug/Nestopia.build/Objects-normal/arm64/NstBoardBandaiLz93d50.o /Users/barriesanders/.gemini/antigravity/scratch/OpenEmu_Port/Nestopia/core/board/NstBoardBandaiLz93d50.cpp normal arm64 c++ com.apple.compilers.llvm.clang.1_0.compiler (in target 'Nestopia' from project 'Nestopia')
    cd /Users/barriesanders/.gemini/antigravity/scratch/OpenEmu_Port/Nestopia
    
    Using response file: /Users/barriesanders/Library/Developer/Xcode/DerivedData/Nestopia-aslfodajikwbhqggflvpsofjqglc/Build/Intermediates.noindex/Nestopia.build/Debug/Nestopia.build/Objects-normal/arm64/82b82416624d2658e5098eb0a28c15c5-common-args.resp
    
    /Applications/Xcode.app/Contents/Developer/Toolchains/XcodeDefault.xctoolchain/usr/bin/clang -x c++ -ivfsstatcache /Users/barriesanders/Library/Developer/Xcode/DerivedData/SDKStatCaches.noindex/macosx26.2-25C57-3885c01c3e6b6a337905948deab2002e00fa09913b459cbbc988d1f6730289ae.sdkstatcache -fmessage-length\=0 -fdiagnostics-show-note-include-stack -fmacro-backtrace-limit\=0 -fno-color-diagnostics -fmodules-prune-interval\=86400 -fmodules-prune-after\=345600 -fbuild-session-file\=/Users/barriesanders/Library/Developer/Xcode/DerivedData/ModuleCache.noindex/Session.modulevalidation -fmodules-validate-once-per-build-session -Wnon-modular-include-in-framework-module -Werror\=non-modular-include-in-framework-module -Wno-trigraphs -flto -Wno-missing-field-initializers -Wno-missing-prototypes -Wno-non-virtual-dtor -Wno-overloaded-virtual -Wno-exit-time-destructors -Wno-missing-braces -Wparentheses -Wswitch -Wno-unused-function -Wno-unused-label -Wno-unused-parameter -Wunused-variable -Wunused-value -Wno-empty-body -Wno-uninitialized -Wno-unknown-pragmas -Wno-shadow -Wno-four-char-constants -Wno-conversion -Wno-constant-conversion -Wno-int-conversion -Wno-bool-conversion -Wno-enum-conversion -Wno-float-conversion -Wno-non-literal-null-conversion -Wno-objc-literal-conversion -Wshorten-64-to-32 -Wno-newline-eof -Wno-c++11-extensions -Wno-implicit-fallthrough -fstrict-aliasing -Wdeprecated-declarations -Winvalid-offsetof -Wno-sign-conversion -Wno-infinite-recursion -Wno-move -Wno-comma -Wno-block-capture-autoreleasing -Wno-strict-prototypes -Wno-range-loop-analysis -Wno-semicolon-before-method-body -index-store-path /Users/barriesanders/Library/Developer/Xcode/DerivedData/Nestopia-aslfodajikwbhqggflvpsofjqglc/Index.noindex/DataStore -Wno-switch-enum @/Users/barriesanders/Library/Developer/Xcode/DerivedData/Nestopia-aslfodajikwbhqggflvpsofjqglc/Build/Intermediates.noindex/Nestopia.build/Debug/Nestopia.build/Objects-normal/arm64/82b82416624d2658e5098eb0a28c15c5-common-args.resp -MMD -MT dependencies -MF /Users/barriesanders/Library/Developer/Xcode/DerivedData/Nestopia-aslfodajikwbhqggflvpsofjqglc/Build/Intermediates.noindex/Nestopia.build/Debug/Nestopia.build/Objects-normal/arm64/NstBoardBandaiLz93d50.d --serialize-diagnostics /Users/barriesanders/Library/Developer/Xcode/DerivedData/Nestopia-aslfodajikwbhqggflvpsofjqglc/Build/Intermediates.noindex/Nestopia.build/Debug/Nestopia.build/Objects-normal/arm64/NstBoardBandaiLz93d50.dia -c /Users/barriesanders/.gemini/antigravity/scratch/OpenEmu_Port/Nestopia/core/board/NstBoardBandaiLz93d50.cpp -o /Users/barriesanders/Library/Developer/Xcode/DerivedData/Nestopia-aslfodajikwbhqggflvpsofjqglc/Build/Intermediates.noindex/Nestopia.build/Debug/Nestopia.build/Objects-normal/arm64/NstBoardBandaiLz93d50.o -index-unit-output-path /Nestopia.build/Debug/Nestopia.build/Objects-normal/arm64/NstBoardBandaiLz93d50.o

CompileC /Users/barriesanders/Library/Developer/Xcode/DerivedData/Nestopia-aslfodajikwbhqggflvpsofjqglc/Build/Intermediates.noindex/Nestopia.build/Debug/Nestopia.build/Objects-normal/arm64/NstBoardBmc1200in1.o /Users/barriesanders/.gemini/antigravity/scratch/OpenEmu_Port/Nestopia/core/board/NstBoardBmc1200in1.cpp normal arm64 c++ com.apple.compilers.llvm.clang.1_0.compiler (in target 'Nestopia' from project 'Nestopia')
    cd /Users/barriesanders/.gemini/antigravity/scratch/OpenEmu_Port/Nestopia
    
    Using response file: /Users/barriesanders/Library/Developer/Xcode/DerivedData/Nestopia-aslfodajikwbhqggflvpsofjqglc/Build/Intermediates.noindex/Nestopia.build/Debug/Nestopia.build/Objects-normal/arm64/82b82416624d2658e5098eb0a28c15c5-common-args.resp
    
    /Applications/Xcode.app/Contents/Developer/Toolchains/XcodeDefault.xctoolchain/usr/bin/clang -x c++ -ivfsstatcache /Users/barriesanders/Library/Developer/Xcode/DerivedData/SDKStatCaches.noindex/macosx26.2-25C57-3885c01c3e6b6a337905948deab2002e00fa09913b459cbbc988d1f6730289ae.sdkstatcache -fmessage-length\=0 -fdiagnostics-show-note-include-stack -fmacro-backtrace-limit\=0 -fno-color-diagnostics -fmodules-prune-interval\=86400 -fmodules-prune-after\=345600 -fbuild-session-file\=/Users/barriesanders/Library/Developer/Xcode/DerivedData/ModuleCache.noindex/Session.modulevalidation -fmodules-validate-once-per-build-session -Wnon-modular-include-in-framework-module -Werror\=non-modular-include-in-framework-module -Wno-trigraphs -flto -Wno-missing-field-initializers -Wno-missing-prototypes -Wno-non-virtual-dtor -Wno-overloaded-virtual -Wno-exit-time-destructors -Wno-missing-braces -Wparentheses -Wswitch -Wno-unused-function -Wno-unused-label -Wno-unused-parameter -Wunused-variable -Wunused-value -Wno-empty-body -Wno-uninitialized -Wno-unknown-pragmas -Wno-shadow -Wno-four-char-constants -Wno-conversion -Wno-constant-conversion -Wno-int-conversion -Wno-bool-conversion -Wno-enum-conversion -Wno-float-conversion -Wno-non-literal-null-conversion -Wno-objc-literal-conversion -Wshorten-64-to-32 -Wno-newline-eof -Wno-c++11-extensions -Wno-implicit-fallthrough -fstrict-aliasing -Wdeprecated-declarations -Winvalid-offsetof -Wno-sign-conversion -Wno-infinite-recursion -Wno-move -Wno-comma -Wno-block-capture-autoreleasing -Wno-strict-prototypes -Wno-range-loop-analysis -Wno-semicolon-before-method-body -index-store-path /Users/barriesanders/Library/Developer/Xcode/DerivedData/Nestopia-aslfodajikwbhqggflvpsofjqglc/Index.noindex/DataStore -Wno-switch-enum @/Users/barriesanders/Library/Developer/Xcode/DerivedData/Nestopia-aslfodajikwbhqggflvpsofjqglc/Build/Intermediates.noindex/Nestopia.build/Debug/Nestopia.build/Objects-normal/arm64/82b82416624d2658e5098eb0a28c15c5-common-args.resp -MMD -MT dependencies -MF /Users/barriesanders/Library/Developer/Xcode/DerivedData/Nestopia-aslfodajikwbhqggflvpsofjqglc/Build/Intermediates.noindex/Nestopia.build/Debug/Nestopia.build/Objects-normal/arm64/NstBoardBmc1200in1.d --serialize-diagnostics /Users/barriesanders/Library/Developer/Xcode/DerivedData/Nestopia-aslfodajikwbhqggflvpsofjqglc/Build/Intermediates.noindex/Nestopia.build/Debug/Nestopia.build/Objects-normal/arm64/NstBoardBmc1200in1.dia -c /Users/barriesanders/.gemini/antigravity/scratch/OpenEmu_Port/Nestopia/core/board/NstBoardBmc1200in1.cpp -o /Users/barriesanders/Library/Developer/Xcode/DerivedData/Nestopia-aslfodajikwbhqggflvpsofjqglc/Build/Intermediates.noindex/Nestopia.build/Debug/Nestopia.build/Objects-normal/arm64/NstBoardBmc1200in1.o -index-unit-output-path /Nestopia.build/Debug/Nestopia.build/Objects-normal/arm64/NstBoardBmc1200in1.o

CompileC /Users/barriesanders/Library/Developer/Xcode/DerivedData/Nestopia-aslfodajikwbhqggflvpsofjqglc/Build/Intermediates.noindex/Nestopia.build/Debug/Nestopia.build/Objects-normal/arm64/NstImageDatabase.o /Users/barriesanders/.gemini/antigravity/scratch/OpenEmu_Port/Nestopia/core/NstImageDatabase.cpp normal arm64 c++ com.apple.compilers.llvm.clang.1_0.compiler (in target 'Nestopia' from project 'Nestopia')
    cd /Users/barriesanders/.gemini/antigravity/scratch/OpenEmu_Port/Nestopia
    
    Using response file: /Users/barriesanders/Library/Developer/Xcode/DerivedData/Nestopia-aslfodajikwbhqggflvpsofjqglc/Build/Intermediates.noindex/Nestopia.build/Debug/Nestopia.build/Objects-normal/arm64/82b82416624d2658e5098eb0a28c15c5-common-args.resp
    
    /Applications/Xcode.app/Contents/Developer/Toolchains/XcodeDefault.xctoolchain/usr/bin/clang -x c++ -ivfsstatcache /Users/barriesanders/Library/Developer/Xcode/DerivedData/SDKStatCaches.noindex/macosx26.2-25C57-3885c01c3e6b6a337905948deab2002e00fa09913b459cbbc988d1f6730289ae.sdkstatcache -fmessage-length\=0 -fdiagnostics-show-note-include-stack -fmacro-backtrace-limit\=0 -fno-color-diagnostics -fmodules-prune-interval\=86400 -fmodules-prune-after\=345600 -fbuild-session-file\=/Users/barriesanders/Library/Developer/Xcode/DerivedData/ModuleCache.noindex/Session.modulevalidation -fmodules-validate-once-per-build-session -Wnon-modular-include-in-framework-module -Werror\=non-modular-include-in-framework-module -Wno-trigraphs -flto -Wno-missing-field-initializers -Wno-missing-prototypes -Wno-non-virtual-dtor -Wno-overloaded-virtual -Wno-exit-time-destructors -Wno-missing-braces -Wparentheses -Wswitch -Wno-unused-function -Wno-unused-label -Wno-unused-parameter -Wunused-variable -Wunused-value -Wno-empty-body -Wno-uninitialized -Wno-unknown-pragmas -Wno-shadow -Wno-four-char-constants -Wno-conversion -Wno-constant-conversion -Wno-int-conversion -Wno-bool-conversion -Wno-enum-conversion -Wno-float-conversion -Wno-non-literal-null-conversion -Wno-objc-literal-conversion -Wshorten-64-to-32 -Wno-newline-eof -Wno-c++11-extensions -Wno-implicit-fallthrough -fstrict-aliasing -Wdeprecated-declarations -Winvalid-offsetof -Wno-sign-conversion -Wno-infinite-recursion -Wno-move -Wno-comma -Wno-block-capture-autoreleasing -Wno-strict-prototypes -Wno-range-loop-analysis -Wno-semicolon-before-method-body -index-store-path /Users/barriesanders/Library/Developer/Xcode/DerivedData/Nestopia-aslfodajikwbhqggflvpsofjqglc/Index.noindex/DataStore -Wno-switch-enum @/Users/barriesanders/Library/Developer/Xcode/DerivedData/Nestopia-aslfodajikwbhqggflvpsofjqglc/Build/Intermediates.noindex/Nestopia.build/Debug/Nestopia.build/Objects-normal/arm64/82b82416624d2658e5098eb0a28c15c5-common-args.resp -MMD -MT dependencies -MF /Users/barriesanders/Library/Developer/Xcode/DerivedData/Nestopia-aslfodajikwbhqggflvpsofjqglc/Build/Intermediates.noindex/Nestopia.build/Debug/Nestopia.build/Objects-normal/arm64/NstImageDatabase.d --serialize-diagnostics /Users/barriesanders/Library/Developer/Xcode/DerivedData/Nestopia-aslfodajikwbhqggflvpsofjqglc/Build/Intermediates.noindex/Nestopia.build/Debug/Nestopia.build/Objects-normal/arm64/NstImageDatabase.dia -c /Users/barriesanders/.gemini/antigravity/scratch/OpenEmu_Port/Nestopia/core/NstImageDatabase.cpp -o /Users/barriesanders/Library/Developer/Xcode/DerivedData/Nestopia-aslfodajikwbhqggflvpsofjqglc/Build/Intermediates.noindex/Nestopia.build/Debug/Nestopia.build/Objects-normal/arm64/NstImageDatabase.o -index-unit-output-path /Nestopia.build/Debug/Nestopia.build/Objects-normal/arm64/NstImageDatabase.o

CompileC /Users/barriesanders/Library/Developer/Xcode/DerivedData/Nestopia-aslfodajikwbhqggflvpsofjqglc/Build/Intermediates.noindex/Nestopia.build/Debug/Nestopia.build/Objects-normal/arm64/NstBoardBandaiLz93d50ex.o /Users/barriesanders/.gemini/antigravity/scratch/OpenEmu_Port/Nestopia/core/board/NstBoardBandaiLz93d50ex.cpp normal arm64 c++ com.apple.compilers.llvm.clang.1_0.compiler (in target 'Nestopia' from project 'Nestopia')
    cd /Users/barriesanders/.gemini/antigravity/scratch/OpenEmu_Port/Nestopia
    
    Using response file: /Users/barriesanders/Library/Developer/Xcode/DerivedData/Nestopia-aslfodajikwbhqggflvpsofjqglc/Build/Intermediates.noindex/Nestopia.build/Debug/Nestopia.build/Objects-normal/arm64/82b82416624d2658e5098eb0a28c15c5-common-args.resp
    
    /Applications/Xcode.app/Contents/Developer/Toolchains/XcodeDefault.xctoolchain/usr/bin/clang -x c++ -ivfsstatcache /Users/barriesanders/Library/Developer/Xcode/DerivedData/SDKStatCaches.noindex/macosx26.2-25C57-3885c01c3e6b6a337905948deab2002e00fa09913b459cbbc988d1f6730289ae.sdkstatcache -fmessage-length\=0 -fdiagnostics-show-note-include-stack -fmacro-backtrace-limit\=0 -fno-color-diagnostics -fmodules-prune-interval\=86400 -fmodules-prune-after\=345600 -fbuild-session-file\=/Users/barriesanders/Library/Developer/Xcode/DerivedData/ModuleCache.noindex/Session.modulevalidation -fmodules-validate-once-per-build-session -Wnon-modular-include-in-framework-module -Werror\=non-modular-include-in-framework-module -Wno-trigraphs -flto -Wno-missing-field-initializers -Wno-missing-prototypes -Wno-non-virtual-dtor -Wno-overloaded-virtual -Wno-exit-time-destructors -Wno-missing-braces -Wparentheses -Wswitch -Wno-unused-function -Wno-unused-label -Wno-unused-parameter -Wunused-variable -Wunused-value -Wno-empty-body -Wno-uninitialized -Wno-unknown-pragmas -Wno-shadow -Wno-four-char-constants -Wno-conversion -Wno-constant-conversion -Wno-int-conversion -Wno-bool-conversion -Wno-enum-conversion -Wno-float-conversion -Wno-non-literal-null-conversion -Wno-objc-literal-conversion -Wshorten-64-to-32 -Wno-newline-eof -Wno-c++11-extensions -Wno-implicit-fallthrough -fstrict-aliasing -Wdeprecated-declarations -Winvalid-offsetof -Wno-sign-conversion -Wno-infinite-recursion -Wno-move -Wno-comma -Wno-block-capture-autoreleasing -Wno-strict-prototypes -Wno-range-loop-analysis -Wno-semicolon-before-method-body -index-store-path /Users/barriesanders/Library/Developer/Xcode/DerivedData/Nestopia-aslfodajikwbhqggflvpsofjqglc/Index.noindex/DataStore -Wno-switch-enum @/Users/barriesanders/Library/Developer/Xcode/DerivedData/Nestopia-aslfodajikwbhqggflvpsofjqglc/Build/Intermediates.noindex/Nestopia.build/Debug/Nestopia.build/Objects-normal/arm64/82b82416624d2658e5098eb0a28c15c5-common-args.resp -MMD -MT dependencies -MF /Users/barriesanders/Library/Developer/Xcode/DerivedData/Nestopia-aslfodajikwbhqggflvpsofjqglc/Build/Intermediates.noindex/Nestopia.build/Debug/Nestopia.build/Objects-normal/arm64/NstBoardBandaiLz93d50ex.d --serialize-diagnostics /Users/barriesanders/Library/Developer/Xcode/DerivedData/Nestopia-aslfodajikwbhqggflvpsofjqglc/Build/Intermediates.noindex/Nestopia.build/Debug/Nestopia.build/Objects-normal/arm64/NstBoardBandaiLz93d50ex.dia -c /Users/barriesanders/.gemini/antigravity/scratch/OpenEmu_Port/Nestopia/core/board/NstBoardBandaiLz93d50ex.cpp -o /Users/barriesanders/Library/Developer/Xcode/DerivedData/Nestopia-aslfodajikwbhqggflvpsofjqglc/Build/Intermediates.noindex/Nestopia.build/Debug/Nestopia.build/Objects-normal/arm64/NstBoardBandaiLz93d50ex.o -index-unit-output-path /Nestopia.build/Debug/Nestopia.build/Objects-normal/arm64/NstBoardBandaiLz93d50ex.o

CompileC /Users/barriesanders/Library/Developer/Xcode/DerivedData/Nestopia-aslfodajikwbhqggflvpsofjqglc/Build/Intermediates.noindex/Nestopia.build/Debug/Nestopia.build/Objects-normal/arm64/NstBoardBandaiDatach.o /Users/barriesanders/.gemini/antigravity/scratch/OpenEmu_Port/Nestopia/core/board/NstBoardBandaiDatach.cpp normal arm64 c++ com.apple.compilers.llvm.clang.1_0.compiler (in target 'Nestopia' from project 'Nestopia')
    cd /Users/barriesanders/.gemini/antigravity/scratch/OpenEmu_Port/Nestopia
    
    Using response file: /Users/barriesanders/Library/Developer/Xcode/DerivedData/Nestopia-aslfodajikwbhqggflvpsofjqglc/Build/Intermediates.noindex/Nestopia.build/Debug/Nestopia.build/Objects-normal/arm64/82b82416624d2658e5098eb0a28c15c5-common-args.resp
    
    /Applications/Xcode.app/Contents/Developer/Toolchains/XcodeDefault.xctoolchain/usr/bin/clang -x c++ -ivfsstatcache /Users/barriesanders/Library/Developer/Xcode/DerivedData/SDKStatCaches.noindex/macosx26.2-25C57-3885c01c3e6b6a337905948deab2002e00fa09913b459cbbc988d1f6730289ae.sdkstatcache -fmessage-length\=0 -fdiagnostics-show-note-include-stack -fmacro-backtrace-limit\=0 -fno-color-diagnostics -fmodules-prune-interval\=86400 -fmodules-prune-after\=345600 -fbuild-session-file\=/Users/barriesanders/Library/Developer/Xcode/DerivedData/ModuleCache.noindex/Session.modulevalidation -fmodules-validate-once-per-build-session -Wnon-modular-include-in-framework-module -Werror\=non-modular-include-in-framework-module -Wno-trigraphs -flto -Wno-missing-field-initializers -Wno-missing-prototypes -Wno-non-virtual-dtor -Wno-overloaded-virtual -Wno-exit-time-destructors -Wno-missing-braces -Wparentheses -Wswitch -Wno-unused-function -Wno-unused-label -Wno-unused-parameter -Wunused-variable -Wunused-value -Wno-empty-body -Wno-uninitialized -Wno-unknown-pragmas -Wno-shadow -Wno-four-char-constants -Wno-conversion -Wno-constant-conversion -Wno-int-conversion -Wno-bool-conversion -Wno-enum-conversion -Wno-float-conversion -Wno-non-literal-null-conversion -Wno-objc-literal-conversion -Wshorten-64-to-32 -Wno-newline-eof -Wno-c++11-extensions -Wno-implicit-fallthrough -fstrict-aliasing -Wdeprecated-declarations -Winvalid-offsetof -Wno-sign-conversion -Wno-infinite-recursion -Wno-move -Wno-comma -Wno-block-capture-autoreleasing -Wno-strict-prototypes -Wno-range-loop-analysis -Wno-semicolon-before-method-body -index-store-path /Users/barriesanders/Library/Developer/Xcode/DerivedData/Nestopia-aslfodajikwbhqggflvpsofjqglc/Index.noindex/DataStore -Wno-switch-enum @/Users/barriesanders/Library/Developer/Xcode/DerivedData/Nestopia-aslfodajikwbhqggflvpsofjqglc/Build/Intermediates.noindex/Nestopia.build/Debug/Nestopia.build/Objects-normal/arm64/82b82416624d2658e5098eb0a28c15c5-common-args.resp -MMD -MT dependencies -MF /Users/barriesanders/Library/Developer/Xcode/DerivedData/Nestopia-aslfodajikwbhqggflvpsofjqglc/Build/Intermediates.noindex/Nestopia.build/Debug/Nestopia.build/Objects-normal/arm64/NstBoardBandaiDatach.d --serialize-diagnostics /Users/barriesanders/Library/Developer/Xcode/DerivedData/Nestopia-aslfodajikwbhqggflvpsofjqglc/Build/Intermediates.noindex/Nestopia.build/Debug/Nestopia.build/Objects-normal/arm64/NstBoardBandaiDatach.dia -c /Users/barriesanders/.gemini/antigravity/scratch/OpenEmu_Port/Nestopia/core/board/NstBoardBandaiDatach.cpp -o /Users/barriesanders/Library/Developer/Xcode/DerivedData/Nestopia-aslfodajikwbhqggflvpsofjqglc/Build/Intermediates.noindex/Nestopia.build/Debug/Nestopia.build/Objects-normal/arm64/NstBoardBandaiDatach.o -index-unit-output-path /Nestopia.build/Debug/Nestopia.build/Objects-normal/arm64/NstBoardBandaiDatach.o
/Users/barriesanders/.gemini/antigravity/scratch/OpenEmu_Port/Nestopia/core/board/NstBoardBandaiDatach.cpp:174:61: warning: implicit conversion loses integer precision: 'long' to 'uint' (aka 'unsigned int') [-Wshorten-64-to-32]
  174 |                                                 state.Begin( AsciiId<'P','T','R'>::V ).Write8( stream - data ).End();
      |                                                                                        ~~~~~~  ~~~~~~~^~~~~~
1 warning generated.

CompileC /Users/barriesanders/Library/Developer/Xcode/DerivedData/Nestopia-aslfodajikwbhqggflvpsofjqglc/Build/Intermediates.noindex/Nestopia.build/Debug/Nestopia.build/Objects-normal/arm64/NstBoardBandai24c0x.o /Users/barriesanders/.gemini/antigravity/scratch/OpenEmu_Port/Nestopia/core/board/NstBoardBandai24c0x.cpp normal arm64 c++ com.apple.compilers.llvm.clang.1_0.compiler (in target 'Nestopia' from project 'Nestopia')
    cd /Users/barriesanders/.gemini/antigravity/scratch/OpenEmu_Port/Nestopia
    
    Using response file: /Users/barriesanders/Library/Developer/Xcode/DerivedData/Nestopia-aslfodajikwbhqggflvpsofjqglc/Build/Intermediates.noindex/Nestopia.build/Debug/Nestopia.build/Objects-normal/arm64/82b82416624d2658e5098eb0a28c15c5-common-args.resp
    
    /Applications/Xcode.app/Contents/Developer/Toolchains/XcodeDefault.xctoolchain/usr/bin/clang -x c++ -ivfsstatcache /Users/barriesanders/Library/Developer/Xcode/DerivedData/SDKStatCaches.noindex/macosx26.2-25C57-3885c01c3e6b6a337905948deab2002e00fa09913b459cbbc988d1f6730289ae.sdkstatcache -fmessage-length\=0 -fdiagnostics-show-note-include-stack -fmacro-backtrace-limit\=0 -fno-color-diagnostics -fmodules-prune-interval\=86400 -fmodules-prune-after\=345600 -fbuild-session-file\=/Users/barriesanders/Library/Developer/Xcode/DerivedData/ModuleCache.noindex/Session.modulevalidation -fmodules-validate-once-per-build-session -Wnon-modular-include-in-framework-module -Werror\=non-modular-include-in-framework-module -Wno-trigraphs -flto -Wno-missing-field-initializers -Wno-missing-prototypes -Wno-non-virtual-dtor -Wno-overloaded-virtual -Wno-exit-time-destructors -Wno-missing-braces -Wparentheses -Wswitch -Wno-unused-function -Wno-unused-label -Wno-unused-parameter -Wunused-variable -Wunused-value -Wno-empty-body -Wno-uninitialized -Wno-unknown-pragmas -Wno-shadow -Wno-four-char-constants -Wno-conversion -Wno-constant-conversion -Wno-int-conversion -Wno-bool-conversion -Wno-enum-conversion -Wno-float-conversion -Wno-non-literal-null-conversion -Wno-objc-literal-conversion -Wshorten-64-to-32 -Wno-newline-eof -Wno-c++11-extensions -Wno-implicit-fallthrough -fstrict-aliasing -Wdeprecated-declarations -Winvalid-offsetof -Wno-sign-conversion -Wno-infinite-recursion -Wno-move -Wno-comma -Wno-block-capture-autoreleasing -Wno-strict-prototypes -Wno-range-loop-analysis -Wno-semicolon-before-method-body -index-store-path /Users/barriesanders/Library/Developer/Xcode/DerivedData/Nestopia-aslfodajikwbhqggflvpsofjqglc/Index.noindex/DataStore -Wno-switch-enum @/Users/barriesanders/Library/Developer/Xcode/DerivedData/Nestopia-aslfodajikwbhqggflvpsofjqglc/Build/Intermediates.noindex/Nestopia.build/Debug/Nestopia.build/Objects-normal/arm64/82b82416624d2658e5098eb0a28c15c5-common-args.resp -MMD -MT dependencies -MF /Users/barriesanders/Library/Developer/Xcode/DerivedData/Nestopia-aslfodajikwbhqggflvpsofjqglc/Build/Intermediates.noindex/Nestopia.build/Debug/Nestopia.build/Objects-normal/arm64/NstBoardBandai24c0x.d --serialize-diagnostics /Users/barriesanders/Library/Developer/Xcode/DerivedData/Nestopia-aslfodajikwbhqggflvpsofjqglc/Build/Intermediates.noindex/Nestopia.build/Debug/Nestopia.build/Objects-normal/arm64/NstBoardBandai24c0x.dia -c /Users/barriesanders/.gemini/antigravity/scratch/OpenEmu_Port/Nestopia/core/board/NstBoardBandai24c0x.cpp -o /Users/barriesanders/Library/Developer/Xcode/DerivedData/Nestopia-aslfodajikwbhqggflvpsofjqglc/Build/Intermediates.noindex/Nestopia.build/Debug/Nestopia.build/Objects-normal/arm64/NstBoardBandai24c0x.o -index-unit-output-path /Nestopia.build/Debug/Nestopia.build/Objects-normal/arm64/NstBoardBandai24c0x.o

CompileC /Users/barriesanders/Library/Developer/Xcode/DerivedData/Nestopia-aslfodajikwbhqggflvpsofjqglc/Build/Intermediates.noindex/Nestopia.build/Debug/Nestopia.build/Objects-normal/arm64/NstBoardBandaiAerobicsStudio.o /Users/barriesanders/.gemini/antigravity/scratch/OpenEmu_Port/Nestopia/core/board/NstBoardBandaiAerobicsStudio.cpp normal arm64 c++ com.apple.compilers.llvm.clang.1_0.compiler (in target 'Nestopia' from project 'Nestopia')
    cd /Users/barriesanders/.gemini/antigravity/scratch/OpenEmu_Port/Nestopia
    
    Using response file: /Users/barriesanders/Library/Developer/Xcode/DerivedData/Nestopia-aslfodajikwbhqggflvpsofjqglc/Build/Intermediates.noindex/Nestopia.build/Debug/Nestopia.build/Objects-normal/arm64/82b82416624d2658e5098eb0a28c15c5-common-args.resp
    
    /Applications/Xcode.app/Contents/Developer/Toolchains/XcodeDefault.xctoolchain/usr/bin/clang -x c++ -ivfsstatcache /Users/barriesanders/Library/Developer/Xcode/DerivedData/SDKStatCaches.noindex/macosx26.2-25C57-3885c01c3e6b6a337905948deab2002e00fa09913b459cbbc988d1f6730289ae.sdkstatcache -fmessage-length\=0 -fdiagnostics-show-note-include-stack -fmacro-backtrace-limit\=0 -fno-color-diagnostics -fmodules-prune-interval\=86400 -fmodules-prune-after\=345600 -fbuild-session-file\=/Users/barriesanders/Library/Developer/Xcode/DerivedData/ModuleCache.noindex/Session.modulevalidation -fmodules-validate-once-per-build-session -Wnon-modular-include-in-framework-module -Werror\=non-modular-include-in-framework-module -Wno-trigraphs -flto -Wno-missing-field-initializers -Wno-missing-prototypes -Wno-non-virtual-dtor -Wno-overloaded-virtual -Wno-exit-time-destructors -Wno-missing-braces -Wparentheses -Wswitch -Wno-unused-function -Wno-unused-label -Wno-unused-parameter -Wunused-variable -Wunused-value -Wno-empty-body -Wno-uninitialized -Wno-unknown-pragmas -Wno-shadow -Wno-four-char-constants -Wno-conversion -Wno-constant-conversion -Wno-int-conversion -Wno-bool-conversion -Wno-enum-conversion -Wno-float-conversion -Wno-non-literal-null-conversion -Wno-objc-literal-conversion -Wshorten-64-to-32 -Wno-newline-eof -Wno-c++11-extensions -Wno-implicit-fallthrough -fstrict-aliasing -Wdeprecated-declarations -Winvalid-offsetof -Wno-sign-conversion -Wno-infinite-recursion -Wno-move -Wno-comma -Wno-block-capture-autoreleasing -Wno-strict-prototypes -Wno-range-loop-analysis -Wno-semicolon-before-method-body -index-store-path /Users/barriesanders/Library/Developer/Xcode/DerivedData/Nestopia-aslfodajikwbhqggflvpsofjqglc/Index.noindex/DataStore -Wno-switch-enum @/Users/barriesanders/Library/Developer/Xcode/DerivedData/Nestopia-aslfodajikwbhqggflvpsofjqglc/Build/Intermediates.noindex/Nestopia.build/Debug/Nestopia.build/Objects-normal/arm64/82b82416624d2658e5098eb0a28c15c5-common-args.resp -MMD -MT dependencies -MF /Users/barriesanders/Library/Developer/Xcode/DerivedData/Nestopia-aslfodajikwbhqggflvpsofjqglc/Build/Intermediates.noindex/Nestopia.build/Debug/Nestopia.build/Objects-normal/arm64/NstBoardBandaiAerobicsStudio.d --serialize-diagnostics /Users/barriesanders/Library/Developer/Xcode/DerivedData/Nestopia-aslfodajikwbhqggflvpsofjqglc/Build/Intermediates.noindex/Nestopia.build/Debug/Nestopia.build/Objects-normal/arm64/NstBoardBandaiAerobicsStudio.dia -c /Users/barriesanders/.gemini/antigravity/scratch/OpenEmu_Port/Nestopia/core/board/NstBoardBandaiAerobicsStudio.cpp -o /Users/barriesanders/Library/Developer/Xcode/DerivedData/Nestopia-aslfodajikwbhqggflvpsofjqglc/Build/Intermediates.noindex/Nestopia.build/Debug/Nestopia.build/Objects-normal/arm64/NstBoardBandaiAerobicsStudio.o -index-unit-output-path /Nestopia.build/Debug/Nestopia.build/Objects-normal/arm64/NstBoardBandaiAerobicsStudio.o

CompileC /Users/barriesanders/Library/Developer/Xcode/DerivedData/Nestopia-aslfodajikwbhqggflvpsofjqglc/Build/Intermediates.noindex/Nestopia.build/Debug/Nestopia.build/Objects-normal/arm64/NstBoardAveNina.o /Users/barriesanders/.gemini/antigravity/scratch/OpenEmu_Port/Nestopia/core/board/NstBoardAveNina.cpp normal arm64 c++ com.apple.compilers.llvm.clang.1_0.compiler (in target 'Nestopia' from project 'Nestopia')
    cd /Users/barriesanders/.gemini/antigravity/scratch/OpenEmu_Port/Nestopia
    
    Using response file: /Users/barriesanders/Library/Developer/Xcode/DerivedData/Nestopia-aslfodajikwbhqggflvpsofjqglc/Build/Intermediates.noindex/Nestopia.build/Debug/Nestopia.build/Objects-normal/arm64/82b82416624d2658e5098eb0a28c15c5-common-args.resp
    
    /Applications/Xcode.app/Contents/Developer/Toolchains/XcodeDefault.xctoolchain/usr/bin/clang -x c++ -ivfsstatcache /Users/barriesanders/Library/Developer/Xcode/DerivedData/SDKStatCaches.noindex/macosx26.2-25C57-3885c01c3e6b6a337905948deab2002e00fa09913b459cbbc988d1f6730289ae.sdkstatcache -fmessage-length\=0 -fdiagnostics-show-note-include-stack -fmacro-backtrace-limit\=0 -fno-color-diagnostics -fmodules-prune-interval\=86400 -fmodules-prune-after\=345600 -fbuild-session-file\=/Users/barriesanders/Library/Developer/Xcode/DerivedData/ModuleCache.noindex/Session.modulevalidation -fmodules-validate-once-per-build-session -Wnon-modular-include-in-framework-module -Werror\=non-modular-include-in-framework-module -Wno-trigraphs -flto -Wno-missing-field-initializers -Wno-missing-prototypes -Wno-non-virtual-dtor -Wno-overloaded-virtual -Wno-exit-time-destructors -Wno-missing-braces -Wparentheses -Wswitch -Wno-unused-function -Wno-unused-label -Wno-unused-parameter -Wunused-variable -Wunused-value -Wno-empty-body -Wno-uninitialized -Wno-unknown-pragmas -Wno-shadow -Wno-four-char-constants -Wno-conversion -Wno-constant-conversion -Wno-int-conversion -Wno-bool-conversion -Wno-enum-conversion -Wno-float-conversion -Wno-non-literal-null-conversion -Wno-objc-literal-conversion -Wshorten-64-to-32 -Wno-newline-eof -Wno-c++11-extensions -Wno-implicit-fallthrough -fstrict-aliasing -Wdeprecated-declarations -Winvalid-offsetof -Wno-sign-conversion -Wno-infinite-recursion -Wno-move -Wno-comma -Wno-block-capture-autoreleasing -Wno-strict-prototypes -Wno-range-loop-analysis -Wno-semicolon-before-method-body -index-store-path /Users/barriesanders/Library/Developer/Xcode/DerivedData/Nestopia-aslfodajikwbhqggflvpsofjqglc/Index.noindex/DataStore -Wno-switch-enum @/Users/barriesanders/Library/Developer/Xcode/DerivedData/Nestopia-aslfodajikwbhqggflvpsofjqglc/Build/Intermediates.noindex/Nestopia.build/Debug/Nestopia.build/Objects-normal/arm64/82b82416624d2658e5098eb0a28c15c5-common-args.resp -MMD -MT dependencies -MF /Users/barriesanders/Library/Developer/Xcode/DerivedData/Nestopia-aslfodajikwbhqggflvpsofjqglc/Build/Intermediates.noindex/Nestopia.build/Debug/Nestopia.build/Objects-normal/arm64/NstBoardAveNina.d --serialize-diagnostics /Users/barriesanders/Library/Developer/Xcode/DerivedData/Nestopia-aslfodajikwbhqggflvpsofjqglc/Build/Intermediates.noindex/Nestopia.build/Debug/Nestopia.build/Objects-normal/arm64/NstBoardAveNina.dia -c /Users/barriesanders/.gemini/antigravity/scratch/OpenEmu_Port/Nestopia/core/board/NstBoardAveNina.cpp -o /Users/barriesanders/Library/Developer/Xcode/DerivedData/Nestopia-aslfodajikwbhqggflvpsofjqglc/Build/Intermediates.noindex/Nestopia.build/Debug/Nestopia.build/Objects-normal/arm64/NstBoardAveNina.o -index-unit-output-path /Nestopia.build/Debug/Nestopia.build/Objects-normal/arm64/NstBoardAveNina.o

CompileC /Users/barriesanders/Library/Developer/Xcode/DerivedData/Nestopia-aslfodajikwbhqggflvpsofjqglc/Build/Intermediates.noindex/Nestopia.build/Debug/Nestopia.build/Objects-normal/arm64/NstBoardAgci.o /Users/barriesanders/.gemini/antigravity/scratch/OpenEmu_Port/Nestopia/core/board/NstBoardAgci.cpp normal arm64 c++ com.apple.compilers.llvm.clang.1_0.compiler (in target 'Nestopia' from project 'Nestopia')
    cd /Users/barriesanders/.gemini/antigravity/scratch/OpenEmu_Port/Nestopia
    
    Using response file: /Users/barriesanders/Library/Developer/Xcode/DerivedData/Nestopia-aslfodajikwbhqggflvpsofjqglc/Build/Intermediates.noindex/Nestopia.build/Debug/Nestopia.build/Objects-normal/arm64/82b82416624d2658e5098eb0a28c15c5-common-args.resp
    
    /Applications/Xcode.app/Contents/Developer/Toolchains/XcodeDefault.xctoolchain/usr/bin/clang -x c++ -ivfsstatcache /Users/barriesanders/Library/Developer/Xcode/DerivedData/SDKStatCaches.noindex/macosx26.2-25C57-3885c01c3e6b6a337905948deab2002e00fa09913b459cbbc988d1f6730289ae.sdkstatcache -fmessage-length\=0 -fdiagnostics-show-note-include-stack -fmacro-backtrace-limit\=0 -fno-color-diagnostics -fmodules-prune-interval\=86400 -fmodules-prune-after\=345600 -fbuild-session-file\=/Users/barriesanders/Library/Developer/Xcode/DerivedData/ModuleCache.noindex/Session.modulevalidation -fmodules-validate-once-per-build-session -Wnon-modular-include-in-framework-module -Werror\=non-modular-include-in-framework-module -Wno-trigraphs -flto -Wno-missing-field-initializers -Wno-missing-prototypes -Wno-non-virtual-dtor -Wno-overloaded-virtual -Wno-exit-time-destructors -Wno-missing-braces -Wparentheses -Wswitch -Wno-unused-function -Wno-unused-label -Wno-unused-parameter -Wunused-variable -Wunused-value -Wno-empty-body -Wno-uninitialized -Wno-unknown-pragmas -Wno-shadow -Wno-four-char-constants -Wno-conversion -Wno-constant-conversion -Wno-int-conversion -Wno-bool-conversion -Wno-enum-conversion -Wno-float-conversion -Wno-non-literal-null-conversion -Wno-objc-literal-conversion -Wshorten-64-to-32 -Wno-newline-eof -Wno-c++11-extensions -Wno-implicit-fallthrough -fstrict-aliasing -Wdeprecated-declarations -Winvalid-offsetof -Wno-sign-conversion -Wno-infinite-recursion -Wno-move -Wno-comma -Wno-block-capture-autoreleasing -Wno-strict-prototypes -Wno-range-loop-analysis -Wno-semicolon-before-method-body -index-store-path /Users/barriesanders/Library/Developer/Xcode/DerivedData/Nestopia-aslfodajikwbhqggflvpsofjqglc/Index.noindex/DataStore -Wno-switch-enum @/Users/barriesanders/Library/Developer/Xcode/DerivedData/Nestopia-aslfodajikwbhqggflvpsofjqglc/Build/Intermediates.noindex/Nestopia.build/Debug/Nestopia.build/Objects-normal/arm64/82b82416624d2658e5098eb0a28c15c5-common-args.resp -MMD -MT dependencies -MF /Users/barriesanders/Library/Developer/Xcode/DerivedData/Nestopia-aslfodajikwbhqggflvpsofjqglc/Build/Intermediates.noindex/Nestopia.build/Debug/Nestopia.build/Objects-normal/arm64/NstBoardAgci.d --serialize-diagnostics /Users/barriesanders/Library/Developer/Xcode/DerivedData/Nestopia-aslfodajikwbhqggflvpsofjqglc/Build/Intermediates.noindex/Nestopia.build/Debug/Nestopia.build/Objects-normal/arm64/NstBoardAgci.dia -c /Users/barriesanders/.gemini/antigravity/scratch/OpenEmu_Port/Nestopia/core/board/NstBoardAgci.cpp -o /Users/barriesanders/Library/Developer/Xcode/DerivedData/Nestopia-aslfodajikwbhqggflvpsofjqglc/Build/Intermediates.noindex/Nestopia.build/Debug/Nestopia.build/Objects-normal/arm64/NstBoardAgci.o -index-unit-output-path /Nestopia.build/Debug/Nestopia.build/Objects-normal/arm64/NstBoardAgci.o

CompileC /Users/barriesanders/Library/Developer/Xcode/DerivedData/Nestopia-aslfodajikwbhqggflvpsofjqglc/Build/Intermediates.noindex/Nestopia.build/Debug/Nestopia.build/Objects-normal/arm64/NstBoardAe.o /Users/barriesanders/.gemini/antigravity/scratch/OpenEmu_Port/Nestopia/core/board/NstBoardAe.cpp normal arm64 c++ com.apple.compilers.llvm.clang.1_0.compiler (in target 'Nestopia' from project 'Nestopia')
    cd /Users/barriesanders/.gemini/antigravity/scratch/OpenEmu_Port/Nestopia
    
    Using response file: /Users/barriesanders/Library/Developer/Xcode/DerivedData/Nestopia-aslfodajikwbhqggflvpsofjqglc/Build/Intermediates.noindex/Nestopia.build/Debug/Nestopia.build/Objects-normal/arm64/82b82416624d2658e5098eb0a28c15c5-common-args.resp
    
    /Applications/Xcode.app/Contents/Developer/Toolchains/XcodeDefault.xctoolchain/usr/bin/clang -x c++ -ivfsstatcache /Users/barriesanders/Library/Developer/Xcode/DerivedData/SDKStatCaches.noindex/macosx26.2-25C57-3885c01c3e6b6a337905948deab2002e00fa09913b459cbbc988d1f6730289ae.sdkstatcache -fmessage-length\=0 -fdiagnostics-show-note-include-stack -fmacro-backtrace-limit\=0 -fno-color-diagnostics -fmodules-prune-interval\=86400 -fmodules-prune-after\=345600 -fbuild-session-file\=/Users/barriesanders/Library/Developer/Xcode/DerivedData/ModuleCache.noindex/Session.modulevalidation -fmodules-validate-once-per-build-session -Wnon-modular-include-in-framework-module -Werror\=non-modular-include-in-framework-module -Wno-trigraphs -flto -Wno-missing-field-initializers -Wno-missing-prototypes -Wno-non-virtual-dtor -Wno-overloaded-virtual -Wno-exit-time-destructors -Wno-missing-braces -Wparentheses -Wswitch -Wno-unused-function -Wno-unused-label -Wno-unused-parameter -Wunused-variable -Wunused-value -Wno-empty-body -Wno-uninitialized -Wno-unknown-pragmas -Wno-shadow -Wno-four-char-constants -Wno-conversion -Wno-constant-conversion -Wno-int-conversion -Wno-bool-conversion -Wno-enum-conversion -Wno-float-conversion -Wno-non-literal-null-conversion -Wno-objc-literal-conversion -Wshorten-64-to-32 -Wno-newline-eof -Wno-c++11-extensions -Wno-implicit-fallthrough -fstrict-aliasing -Wdeprecated-declarations -Winvalid-offsetof -Wno-sign-conversion -Wno-infinite-recursion -Wno-move -Wno-comma -Wno-block-capture-autoreleasing -Wno-strict-prototypes -Wno-range-loop-analysis -Wno-semicolon-before-method-body -index-store-path /Users/barriesanders/Library/Developer/Xcode/DerivedData/Nestopia-aslfodajikwbhqggflvpsofjqglc/Index.noindex/DataStore -Wno-switch-enum @/Users/barriesanders/Library/Developer/Xcode/DerivedData/Nestopia-aslfodajikwbhqggflvpsofjqglc/Build/Intermediates.noindex/Nestopia.build/Debug/Nestopia.build/Objects-normal/arm64/82b82416624d2658e5098eb0a28c15c5-common-args.resp -MMD -MT dependencies -MF /Users/barriesanders/Library/Developer/Xcode/DerivedData/Nestopia-aslfodajikwbhqggflvpsofjqglc/Build/Intermediates.noindex/Nestopia.build/Debug/Nestopia.build/Objects-normal/arm64/NstBoardAe.d --serialize-diagnostics /Users/barriesanders/Library/Developer/Xcode/DerivedData/Nestopia-aslfodajikwbhqggflvpsofjqglc/Build/Intermediates.noindex/Nestopia.build/Debug/Nestopia.build/Objects-normal/arm64/NstBoardAe.dia -c /Users/barriesanders/.gemini/antigravity/scratch/OpenEmu_Port/Nestopia/core/board/NstBoardAe.cpp -o /Users/barriesanders/Library/Developer/Xcode/DerivedData/Nestopia-aslfodajikwbhqggflvpsofjqglc/Build/Intermediates.noindex/Nestopia.build/Debug/Nestopia.build/Objects-normal/arm64/NstBoardAe.o -index-unit-output-path /Nestopia.build/Debug/Nestopia.build/Objects-normal/arm64/NstBoardAe.o

CompileC /Users/barriesanders/Library/Developer/Xcode/DerivedData/Nestopia-aslfodajikwbhqggflvpsofjqglc/Build/Intermediates.noindex/Nestopia.build/Debug/Nestopia.build/Objects-normal/arm64/NstBoardAction53.o /Users/barriesanders/.gemini/antigravity/scratch/OpenEmu_Port/Nestopia/core/board/NstBoardAction53.cpp normal arm64 c++ com.apple.compilers.llvm.clang.1_0.compiler (in target 'Nestopia' from project 'Nestopia')
    cd /Users/barriesanders/.gemini/antigravity/scratch/OpenEmu_Port/Nestopia
    
    Using response file: /Users/barriesanders/Library/Developer/Xcode/DerivedData/Nestopia-aslfodajikwbhqggflvpsofjqglc/Build/Intermediates.noindex/Nestopia.build/Debug/Nestopia.build/Objects-normal/arm64/82b82416624d2658e5098eb0a28c15c5-common-args.resp
    
    /Applications/Xcode.app/Contents/Developer/Toolchains/XcodeDefault.xctoolchain/usr/bin/clang -x c++ -ivfsstatcache /Users/barriesanders/Library/Developer/Xcode/DerivedData/SDKStatCaches.noindex/macosx26.2-25C57-3885c01c3e6b6a337905948deab2002e00fa09913b459cbbc988d1f6730289ae.sdkstatcache -fmessage-length\=0 -fdiagnostics-show-note-include-stack -fmacro-backtrace-limit\=0 -fno-color-diagnostics -fmodules-prune-interval\=86400 -fmodules-prune-after\=345600 -fbuild-session-file\=/Users/barriesanders/Library/Developer/Xcode/DerivedData/ModuleCache.noindex/Session.modulevalidation -fmodules-validate-once-per-build-session -Wnon-modular-include-in-framework-module -Werror\=non-modular-include-in-framework-module -Wno-trigraphs -flto -Wno-missing-field-initializers -Wno-missing-prototypes -Wno-non-virtual-dtor -Wno-overloaded-virtual -Wno-exit-time-destructors -Wno-missing-braces -Wparentheses -Wswitch -Wno-unused-function -Wno-unused-label -Wno-unused-parameter -Wunused-variable -Wunused-value -Wno-empty-body -Wno-uninitialized -Wno-unknown-pragmas -Wno-shadow -Wno-four-char-constants -Wno-conversion -Wno-constant-conversion -Wno-int-conversion -Wno-bool-conversion -Wno-enum-conversion -Wno-float-conversion -Wno-non-literal-null-conversion -Wno-objc-literal-conversion -Wshorten-64-to-32 -Wno-newline-eof -Wno-c++11-extensions -Wno-implicit-fallthrough -fstrict-aliasing -Wdeprecated-declarations -Winvalid-offsetof -Wno-sign-conversion -Wno-infinite-recursion -Wno-move -Wno-comma -Wno-block-capture-autoreleasing -Wno-strict-prototypes -Wno-range-loop-analysis -Wno-semicolon-before-method-body -index-store-path /Users/barriesanders/Library/Developer/Xcode/DerivedData/Nestopia-aslfodajikwbhqggflvpsofjqglc/Index.noindex/DataStore -Wno-switch-enum @/Users/barriesanders/Library/Developer/Xcode/DerivedData/Nestopia-aslfodajikwbhqggflvpsofjqglc/Build/Intermediates.noindex/Nestopia.build/Debug/Nestopia.build/Objects-normal/arm64/82b82416624d2658e5098eb0a28c15c5-common-args.resp -MMD -MT dependencies -MF /Users/barriesanders/Library/Developer/Xcode/DerivedData/Nestopia-aslfodajikwbhqggflvpsofjqglc/Build/Intermediates.noindex/Nestopia.build/Debug/Nestopia.build/Objects-normal/arm64/NstBoardAction53.d --serialize-diagnostics /Users/barriesanders/Library/Developer/Xcode/DerivedData/Nestopia-aslfodajikwbhqggflvpsofjqglc/Build/Intermediates.noindex/Nestopia.build/Debug/Nestopia.build/Objects-normal/arm64/NstBoardAction53.dia -c /Users/barriesanders/.gemini/antigravity/scratch/OpenEmu_Port/Nestopia/core/board/NstBoardAction53.cpp -o /Users/barriesanders/Library/Developer/Xcode/DerivedData/Nestopia-aslfodajikwbhqggflvpsofjqglc/Build/Intermediates.noindex/Nestopia.build/Debug/Nestopia.build/Objects-normal/arm64/NstBoardAction53.o -index-unit-output-path /Nestopia.build/Debug/Nestopia.build/Objects-normal/arm64/NstBoardAction53.o
/Users/barriesanders/.gemini/antigravity/scratch/OpenEmu_Port/Nestopia/core/board/NstBoardAction53.cpp:100:51: warning: '&' within '|' [-Wbitwise-op-parentheses]
  100 |                                                 mirroring = (mirroring & 0x2) | (data >> 4) & 0x1;
      |                                                                               ~ ~~~~~~~~~~~~^~~~~
/Users/barriesanders/.gemini/antigravity/scratch/OpenEmu_Port/Nestopia/core/board/NstBoardAction53.cpp:100:51: note: place parentheses around the '&' expression to silence this warning
  100 |                                                 mirroring = (mirroring & 0x2) | (data >> 4) & 0x1;
      |                                                                                             ^    
      |                                                                                 (                )
/Users/barriesanders/.gemini/antigravity/scratch/OpenEmu_Port/Nestopia/core/board/NstBoardAction53.cpp:107:51: warning: '&' within '|' [-Wbitwise-op-parentheses]
  107 |                                                 mirroring = (mirroring & 0x2) | (data >> 4) & 0x1;
      |                                                                               ~ ~~~~~~~~~~~~^~~~~
/Users/barriesanders/.gemini/antigravity/scratch/OpenEmu_Port/Nestopia/core/board/NstBoardAction53.cpp:107:51: note: place parentheses around the '&' expression to silence this warning
  107 |                                                 mirroring = (mirroring & 0x2) | (data >> 4) & 0x1;
      |                                                                                             ^    
      |                                                                                 (                )
2 warnings generated.

CompileC /Users/barriesanders/Library/Developer/Xcode/DerivedData/Nestopia-aslfodajikwbhqggflvpsofjqglc/Build/Intermediates.noindex/Nestopia.build/Debug/Nestopia.build/Objects-normal/arm64/NstBoardAcclaimMcAcc.o /Users/barriesanders/.gemini/antigravity/scratch/OpenEmu_Port/Nestopia/core/board/NstBoardAcclaimMcAcc.cpp normal arm64 c++ com.apple.compilers.llvm.clang.1_0.compiler (in target 'Nestopia' from project 'Nestopia')
    cd /Users/barriesanders/.gemini/antigravity/scratch/OpenEmu_Port/Nestopia
    
    Using response file: /Users/barriesanders/Library/Developer/Xcode/DerivedData/Nestopia-aslfodajikwbhqggflvpsofjqglc/Build/Intermediates.noindex/Nestopia.build/Debug/Nestopia.build/Objects-normal/arm64/82b82416624d2658e5098eb0a28c15c5-common-args.resp
    
    /Applications/Xcode.app/Contents/Developer/Toolchains/XcodeDefault.xctoolchain/usr/bin/clang -x c++ -ivfsstatcache /Users/barriesanders/Library/Developer/Xcode/DerivedData/SDKStatCaches.noindex/macosx26.2-25C57-3885c01c3e6b6a337905948deab2002e00fa09913b459cbbc988d1f6730289ae.sdkstatcache -fmessage-length\=0 -fdiagnostics-show-note-include-stack -fmacro-backtrace-limit\=0 -fno-color-diagnostics -fmodules-prune-interval\=86400 -fmodules-prune-after\=345600 -fbuild-session-file\=/Users/barriesanders/Library/Developer/Xcode/DerivedData/ModuleCache.noindex/Session.modulevalidation -fmodules-validate-once-per-build-session -Wnon-modular-include-in-framework-module -Werror\=non-modular-include-in-framework-module -Wno-trigraphs -flto -Wno-missing-field-initializers -Wno-missing-prototypes -Wno-non-virtual-dtor -Wno-overloaded-virtual -Wno-exit-time-destructors -Wno-missing-braces -Wparentheses -Wswitch -Wno-unused-function -Wno-unused-label -Wno-unused-parameter -Wunused-variable -Wunused-value -Wno-empty-body -Wno-uninitialized -Wno-unknown-pragmas -Wno-shadow -Wno-four-char-constants -Wno-conversion -Wno-constant-conversion -Wno-int-conversion -Wno-bool-conversion -Wno-enum-conversion -Wno-float-conversion -Wno-non-literal-null-conversion -Wno-objc-literal-conversion -Wshorten-64-to-32 -Wno-newline-eof -Wno-c++11-extensions -Wno-implicit-fallthrough -fstrict-aliasing -Wdeprecated-declarations -Winvalid-offsetof -Wno-sign-conversion -Wno-infinite-recursion -Wno-move -Wno-comma -Wno-block-capture-autoreleasing -Wno-strict-prototypes -Wno-range-loop-analysis -Wno-semicolon-before-method-body -index-store-path /Users/barriesanders/Library/Developer/Xcode/DerivedData/Nestopia-aslfodajikwbhqggflvpsofjqglc/Index.noindex/DataStore -Wno-switch-enum @/Users/barriesanders/Library/Developer/Xcode/DerivedData/Nestopia-aslfodajikwbhqggflvpsofjqglc/Build/Intermediates.noindex/Nestopia.build/Debug/Nestopia.build/Objects-normal/arm64/82b82416624d2658e5098eb0a28c15c5-common-args.resp -MMD -MT dependencies -MF /Users/barriesanders/Library/Developer/Xcode/DerivedData/Nestopia-aslfodajikwbhqggflvpsofjqglc/Build/Intermediates.noindex/Nestopia.build/Debug/Nestopia.build/Objects-normal/arm64/NstBoardAcclaimMcAcc.d --serialize-diagnostics /Users/barriesanders/Library/Developer/Xcode/DerivedData/Nestopia-aslfodajikwbhqggflvpsofjqglc/Build/Intermediates.noindex/Nestopia.build/Debug/Nestopia.build/Objects-normal/arm64/NstBoardAcclaimMcAcc.dia -c /Users/barriesanders/.gemini/antigravity/scratch/OpenEmu_Port/Nestopia/core/board/NstBoardAcclaimMcAcc.cpp -o /Users/barriesanders/Library/Developer/Xcode/DerivedData/Nestopia-aslfodajikwbhqggflvpsofjqglc/Build/Intermediates.noindex/Nestopia.build/Debug/Nestopia.build/Objects-normal/arm64/NstBoardAcclaimMcAcc.o -index-unit-output-path /Nestopia.build/Debug/Nestopia.build/Objects-normal/arm64/NstBoardAcclaimMcAcc.o
/Users/barriesanders/.gemini/antigravity/scratch/OpenEmu_Port/Nestopia/core/board/NstBoardAcclaimMcAcc.cpp:135:8: error: non-constant-expression cannot be narrowed from type 'uint' (aka 'unsigned int') to 'byte' (aka 'unsigned char') in initializer list [-Wc++11-narrowing]
  135 |                                                         regs.ctrl0,
      |                                                         ^~~~~~~~~~
/Users/barriesanders/.gemini/antigravity/scratch/OpenEmu_Port/Nestopia/core/board/NstBoardAcclaimMcAcc.cpp:135:8: note: insert an explicit cast to silence this issue
  135 |                                                         regs.ctrl0,
      |                                                         ^~~~~~~~~~
      |                                                         static_cast<byte>( )
/Users/barriesanders/.gemini/antigravity/scratch/OpenEmu_Port/Nestopia/core/board/NstBoardAcclaimMcAcc.cpp:136:8: error: non-constant-expression cannot be narrowed from type 'uint' (aka 'unsigned int') to 'byte' (aka 'unsigned char') in initializer list [-Wc++11-narrowing]
  136 |                                                         regs.ctrl1,
      |                                                         ^~~~~~~~~~
/Users/barriesanders/.gemini/antigravity/scratch/OpenEmu_Port/Nestopia/core/board/NstBoardAcclaimMcAcc.cpp:136:8: note: insert an explicit cast to silence this issue
  136 |                                                         regs.ctrl1,
      |                                                         ^~~~~~~~~~
      |                                                         static_cast<byte>( )
/Users/barriesanders/.gemini/antigravity/scratch/OpenEmu_Port/Nestopia/core/board/NstBoardAcclaimMcAcc.cpp:141:8: error: non-constant-expression cannot be narrowed from type 'int' to 'byte' (aka 'unsigned char') in initializer list [-Wc++11-narrowing]
  141 |                                                         banks.chr[0] >> 1,
      |                                                         ^~~~~~~~~~~~~~~~~
/Users/barriesanders/.gemini/antigravity/scratch/OpenEmu_Port/Nestopia/core/board/NstBoardAcclaimMcAcc.cpp:141:8: note: insert an explicit cast to silence this issue
  141 |                                                         banks.chr[0] >> 1,
      |                                                         ^~~~~~~~~~~~~~~~~
      |                                                         static_cast<byte>( )
/Users/barriesanders/.gemini/antigravity/scratch/OpenEmu_Port/Nestopia/core/board/NstBoardAcclaimMcAcc.cpp:142:8: error: non-constant-expression cannot be narrowed from type 'int' to 'byte' (aka 'unsigned char') in initializer list [-Wc++11-narrowing]
  142 |                                                         banks.chr[2] >> 1,
      |                                                         ^~~~~~~~~~~~~~~~~
/Users/barriesanders/.gemini/antigravity/scratch/OpenEmu_Port/Nestopia/core/board/NstBoardAcclaimMcAcc.cpp:142:8: note: insert an explicit cast to silence this issue
  142 |                                                         banks.chr[2] >> 1,
      |                                                         ^~~~~~~~~~~~~~~~~
      |                                                         static_cast<byte>( )

CompileC /Users/barriesanders/Library/Developer/Xcode/DerivedData/Nestopia-aslfodajikwbhqggflvpsofjqglc/Build/Intermediates.noindex/Nestopia.build/Debug/Nestopia.build/Objects-normal/arm64/NstBoard.o /Users/barriesanders/.gemini/antigravity/scratch/OpenEmu_Port/Nestopia/core/board/NstBoard.cpp normal arm64 c++ com.apple.compilers.llvm.clang.1_0.compiler (in target 'Nestopia' from project 'Nestopia')
    cd /Users/barriesanders/.gemini/antigravity/scratch/OpenEmu_Port/Nestopia
    
    Using response file: /Users/barriesanders/Library/Developer/Xcode/DerivedData/Nestopia-aslfodajikwbhqggflvpsofjqglc/Build/Intermediates.noindex/Nestopia.build/Debug/Nestopia.build/Objects-normal/arm64/82b82416624d2658e5098eb0a28c15c5-common-args.resp
    
    /Applications/Xcode.app/Contents/Developer/Toolchains/XcodeDefault.xctoolchain/usr/bin/clang -x c++ -ivfsstatcache /Users/barriesanders/Library/Developer/Xcode/DerivedData/SDKStatCaches.noindex/macosx26.2-25C57-3885c01c3e6b6a337905948deab2002e00fa09913b459cbbc988d1f6730289ae.sdkstatcache -fmessage-length\=0 -fdiagnostics-show-note-include-stack -fmacro-backtrace-limit\=0 -fno-color-diagnostics -fmodules-prune-interval\=86400 -fmodules-prune-after\=345600 -fbuild-session-file\=/Users/barriesanders/Library/Developer/Xcode/DerivedData/ModuleCache.noindex/Session.modulevalidation -fmodules-validate-once-per-build-session -Wnon-modular-include-in-framework-module -Werror\=non-modular-include-in-framework-module -Wno-trigraphs -flto -Wno-missing-field-initializers -Wno-missing-prototypes -Wno-non-virtual-dtor -Wno-overloaded-virtual -Wno-exit-time-destructors -Wno-missing-braces -Wparentheses -Wswitch -Wno-unused-function -Wno-unused-label -Wno-unused-parameter -Wunused-variable -Wunused-value -Wno-empty-body -Wno-uninitialized -Wno-unknown-pragmas -Wno-shadow -Wno-four-char-constants -Wno-conversion -Wno-constant-conversion -Wno-int-conversion -Wno-bool-conversion -Wno-enum-conversion -Wno-float-conversion -Wno-non-literal-null-conversion -Wno-objc-literal-conversion -Wshorten-64-to-32 -Wno-newline-eof -Wno-c++11-extensions -Wno-implicit-fallthrough -fstrict-aliasing -Wdeprecated-declarations -Winvalid-offsetof -Wno-sign-conversion -Wno-infinite-recursion -Wno-move -Wno-comma -Wno-block-capture-autoreleasing -Wno-strict-prototypes -Wno-range-loop-analysis -Wno-semicolon-before-method-body -index-store-path /Users/barriesanders/Library/Developer/Xcode/DerivedData/Nestopia-aslfodajikwbhqggflvpsofjqglc/Index.noindex/DataStore -Wno-switch-enum @/Users/barriesanders/Library/Developer/Xcode/DerivedData/Nestopia-aslfodajikwbhqggflvpsofjqglc/Build/Intermediates.noindex/Nestopia.build/Debug/Nestopia.build/Objects-normal/arm64/82b82416624d2658e5098eb0a28c15c5-common-args.resp -MMD -MT dependencies -MF /Users/barriesanders/Library/Developer/Xcode/DerivedData/Nestopia-aslfodajikwbhqggflvpsofjqglc/Build/Intermediates.noindex/Nestopia.build/Debug/Nestopia.build/Objects-normal/arm64/NstBoard.d --serialize-diagnostics /Users/barriesanders/Library/Developer/Xcode/DerivedData/Nestopia-aslfodajikwbhqggflvpsofjqglc/Build/Intermediates.noindex/Nestopia.build/Debug/Nestopia.build/Objects-normal/arm64/NstBoard.dia -c /Users/barriesanders/.gemini/antigravity/scratch/OpenEmu_Port/Nestopia/core/board/NstBoard.cpp -o /Users/barriesanders/Library/Developer/Xcode/DerivedData/Nestopia-aslfodajikwbhqggflvpsofjqglc/Build/Intermediates.noindex/Nestopia.build/Debug/Nestopia.build/Objects-normal/arm64/NstBoard.o -index-unit-output-path /Nestopia.build/Debug/Nestopia.build/Objects-normal/arm64/NstBoard.o

CompileC /Users/barriesanders/Library/Developer/Xcode/DerivedData/Nestopia-aslfodajikwbhqggflvpsofjqglc/Build/Intermediates.noindex/Nestopia.build/Debug/Nestopia.build/Objects-normal/arm64/NstAssert.o /Users/barriesanders/.gemini/antigravity/scratch/OpenEmu_Port/Nestopia/core/NstAssert.cpp normal arm64 c++ com.apple.compilers.llvm.clang.1_0.compiler (in target 'Nestopia' from project 'Nestopia')
    cd /Users/barriesanders/.gemini/antigravity/scratch/OpenEmu_Port/Nestopia
    
    Using response file: /Users/barriesanders/Library/Developer/Xcode/DerivedData/Nestopia-aslfodajikwbhqggflvpsofjqglc/Build/Intermediates.noindex/Nestopia.build/Debug/Nestopia.build/Objects-normal/arm64/82b82416624d2658e5098eb0a28c15c5-common-args.resp
    
    /Applications/Xcode.app/Contents/Developer/Toolchains/XcodeDefault.xctoolchain/usr/bin/clang -x c++ -ivfsstatcache /Users/barriesanders/Library/Developer/Xcode/DerivedData/SDKStatCaches.noindex/macosx26.2-25C57-3885c01c3e6b6a337905948deab2002e00fa09913b459cbbc988d1f6730289ae.sdkstatcache -fmessage-length\=0 -fdiagnostics-show-note-include-stack -fmacro-backtrace-limit\=0 -fno-color-diagnostics -fmodules-prune-interval\=86400 -fmodules-prune-after\=345600 -fbuild-session-file\=/Users/barriesanders/Library/Developer/Xcode/DerivedData/ModuleCache.noindex/Session.modulevalidation -fmodules-validate-once-per-build-session -Wnon-modular-include-in-framework-module -Werror\=non-modular-include-in-framework-module -Wno-trigraphs -flto -Wno-missing-field-initializers -Wno-missing-prototypes -Wno-non-virtual-dtor -Wno-overloaded-virtual -Wno-exit-time-destructors -Wno-missing-braces -Wparentheses -Wswitch -Wno-unused-function -Wno-unused-label -Wno-unused-parameter -Wunused-variable -Wunused-value -Wno-empty-body -Wno-uninitialized -Wno-unknown-pragmas -Wno-shadow -Wno-four-char-constants -Wno-conversion -Wno-constant-conversion -Wno-int-conversion -Wno-bool-conversion -Wno-enum-conversion -Wno-float-conversion -Wno-non-literal-null-conversion -Wno-objc-literal-conversion -Wshorten-64-to-32 -Wno-newline-eof -Wno-c++11-extensions -Wno-implicit-fallthrough -fstrict-aliasing -Wdeprecated-declarations -Winvalid-offsetof -Wno-sign-conversion -Wno-infinite-recursion -Wno-move -Wno-comma -Wno-block-capture-autoreleasing -Wno-strict-prototypes -Wno-range-loop-analysis -Wno-semicolon-before-method-body -index-store-path /Users/barriesanders/Library/Developer/Xcode/DerivedData/Nestopia-aslfodajikwbhqggflvpsofjqglc/Index.noindex/DataStore -Wno-switch-enum @/Users/barriesanders/Library/Developer/Xcode/DerivedData/Nestopia-aslfodajikwbhqggflvpsofjqglc/Build/Intermediates.noindex/Nestopia.build/Debug/Nestopia.build/Objects-normal/arm64/82b82416624d2658e5098eb0a28c15c5-common-args.resp -MMD -MT dependencies -MF /Users/barriesanders/Library/Developer/Xcode/DerivedData/Nestopia-aslfodajikwbhqggflvpsofjqglc/Build/Intermediates.noindex/Nestopia.build/Debug/Nestopia.build/Objects-normal/arm64/NstAssert.d --serialize-diagnostics /Users/barriesanders/Library/Developer/Xcode/DerivedData/Nestopia-aslfodajikwbhqggflvpsofjqglc/Build/Intermediates.noindex/Nestopia.build/Debug/Nestopia.build/Objects-normal/arm64/NstAssert.dia -c /Users/barriesanders/.gemini/antigravity/scratch/OpenEmu_Port/Nestopia/core/NstAssert.cpp -o /Users/barriesanders/Library/Developer/Xcode/DerivedData/Nestopia-aslfodajikwbhqggflvpsofjqglc/Build/Intermediates.noindex/Nestopia.build/Debug/Nestopia.build/Objects-normal/arm64/NstAssert.o -index-unit-output-path /Nestopia.build/Debug/Nestopia.build/Objects-normal/arm64/NstAssert.o

CompileC /Users/barriesanders/Library/Developer/Xcode/DerivedData/Nestopia-aslfodajikwbhqggflvpsofjqglc/Build/Intermediates.noindex/Nestopia.build/Debug/Nestopia.build/Objects-normal/arm64/NstApu.o /Users/barriesanders/.gemini/antigravity/scratch/OpenEmu_Port/Nestopia/core/NstApu.cpp normal arm64 c++ com.apple.compilers.llvm.clang.1_0.compiler (in target 'Nestopia' from project 'Nestopia')
    cd /Users/barriesanders/.gemini/antigravity/scratch/OpenEmu_Port/Nestopia
    
    Using response file: /Users/barriesanders/Library/Developer/Xcode/DerivedData/Nestopia-aslfodajikwbhqggflvpsofjqglc/Build/Intermediates.noindex/Nestopia.build/Debug/Nestopia.build/Objects-normal/arm64/82b82416624d2658e5098eb0a28c15c5-common-args.resp
    
    /Applications/Xcode.app/Contents/Developer/Toolchains/XcodeDefault.xctoolchain/usr/bin/clang -x c++ -ivfsstatcache /Users/barriesanders/Library/Developer/Xcode/DerivedData/SDKStatCaches.noindex/macosx26.2-25C57-3885c01c3e6b6a337905948deab2002e00fa09913b459cbbc988d1f6730289ae.sdkstatcache -fmessage-length\=0 -fdiagnostics-show-note-include-stack -fmacro-backtrace-limit\=0 -fno-color-diagnostics -fmodules-prune-interval\=86400 -fmodules-prune-after\=345600 -fbuild-session-file\=/Users/barriesanders/Library/Developer/Xcode/DerivedData/ModuleCache.noindex/Session.modulevalidation -fmodules-validate-once-per-build-session -Wnon-modular-include-in-framework-module -Werror\=non-modular-include-in-framework-module -Wno-trigraphs -flto -Wno-missing-field-initializers -Wno-missing-prototypes -Wno-non-virtual-dtor -Wno-overloaded-virtual -Wno-exit-time-destructors -Wno-missing-braces -Wparentheses -Wswitch -Wno-unused-function -Wno-unused-label -Wno-unused-parameter -Wunused-variable -Wunused-value -Wno-empty-body -Wno-uninitialized -Wno-unknown-pragmas -Wno-shadow -Wno-four-char-constants -Wno-conversion -Wno-constant-conversion -Wno-int-conversion -Wno-bool-conversion -Wno-enum-conversion -Wno-float-conversion -Wno-non-literal-null-conversion -Wno-objc-literal-conversion -Wshorten-64-to-32 -Wno-newline-eof -Wno-c++11-extensions -Wno-implicit-fallthrough -fstrict-aliasing -Wdeprecated-declarations -Winvalid-offsetof -Wno-sign-conversion -Wno-infinite-recursion -Wno-move -Wno-comma -Wno-block-capture-autoreleasing -Wno-strict-prototypes -Wno-range-loop-analysis -Wno-semicolon-before-method-body -index-store-path /Users/barriesanders/Library/Developer/Xcode/DerivedData/Nestopia-aslfodajikwbhqggflvpsofjqglc/Index.noindex/DataStore -Wno-switch-enum @/Users/barriesanders/Library/Developer/Xcode/DerivedData/Nestopia-aslfodajikwbhqggflvpsofjqglc/Build/Intermediates.noindex/Nestopia.build/Debug/Nestopia.build/Objects-normal/arm64/82b82416624d2658e5098eb0a28c15c5-common-args.resp -MMD -MT dependencies -MF /Users/barriesanders/Library/Developer/Xcode/DerivedData/Nestopia-aslfodajikwbhqggflvpsofjqglc/Build/Intermediates.noindex/Nestopia.build/Debug/Nestopia.build/Objects-normal/arm64/NstApu.d --serialize-diagnostics /Users/barriesanders/Library/Developer/Xcode/DerivedData/Nestopia-aslfodajikwbhqggflvpsofjqglc/Build/Intermediates.noindex/Nestopia.build/Debug/Nestopia.build/Objects-normal/arm64/NstApu.dia -c /Users/barriesanders/.gemini/antigravity/scratch/OpenEmu_Port/Nestopia/core/NstApu.cpp -o /Users/barriesanders/Library/Developer/Xcode/DerivedData/Nestopia-aslfodajikwbhqggflvpsofjqglc/Build/Intermediates.noindex/Nestopia.build/Debug/Nestopia.build/Objects-normal/arm64/NstApu.o -index-unit-output-path /Nestopia.build/Debug/Nestopia.build/Objects-normal/arm64/NstApu.o
/Users/barriesanders/.gemini/antigravity/scratch/OpenEmu_Port/Nestopia/core/NstApu.cpp:451:34: warning: implicit conversion loses integer precision: 'qaword' (aka 'unsigned long') to 'Cycle' (aka 'unsigned int') [-Wshorten-64-to-32]
  451 |                         rate = clockBase * multiplier / sampleRate;
      |                              ~ ~~~~~~~~~~~~~~~~~~~~~~~^~~~~~~~~~~~
/Users/barriesanders/.gemini/antigravity/scratch/OpenEmu_Port/Nestopia/core/NstApu.cpp:473:6: error: non-constant-expression cannot be narrowed from type 'uint' (aka 'unsigned int') to 'byte' (aka 'unsigned char') in initializer list [-Wc++11-narrowing]
  473 |                                         ctrl,
      |                                         ^~~~
/Users/barriesanders/.gemini/antigravity/scratch/OpenEmu_Port/Nestopia/core/NstApu.cpp:473:6: note: insert an explicit cast to silence this issue
  473 |                                         ctrl,
      |                                         ^~~~
      |                                         static_cast<byte>( )
/Users/barriesanders/.gemini/antigravity/scratch/OpenEmu_Port/Nestopia/core/NstApu.cpp:474:6: error: non-constant-expression cannot be narrowed from type 'Cycle' (aka 'unsigned int') to 'byte' (aka 'unsigned char') in initializer list [-Wc++11-narrowing]
  474 |                                         clock & 0xFF,
      |                                         ^~~~~~~~~~~~
/Users/barriesanders/.gemini/antigravity/scratch/OpenEmu_Port/Nestopia/core/NstApu.cpp:474:6: note: insert an explicit cast to silence this issue
  474 |                                         clock & 0xFF,
      |                                         ^~~~~~~~~~~~
      |                                         static_cast<byte>( )
/Users/barriesanders/.gemini/antigravity/scratch/OpenEmu_Port/Nestopia/core/NstApu.cpp:475:6: error: non-constant-expression cannot be narrowed from type 'Cycle' (aka 'unsigned int') to 'byte' (aka 'unsigned char') in initializer list [-Wc++11-narrowing]
  475 |                                         clock >> 8,
      |                                         ^~~~~~~~~~
/Users/barriesanders/.gemini/antigravity/scratch/OpenEmu_Port/Nestopia/core/NstApu.cpp:475:6: note: insert an explicit cast to silence this issue
  475 |                                         clock >> 8,
      |                                         ^~~~~~~~~~
      |                                         static_cast<byte>( )
/Users/barriesanders/.gemini/antigravity/scratch/OpenEmu_Port/Nestopia/core/NstApu.cpp:476:6: error: non-constant-expression cannot be narrowed from type 'word' (aka 'unsigned short') to 'byte' (aka 'unsigned char') in initializer list [-Wc++11-narrowing]
  476 |                                         cycles.frameDivider
      |                                         ^~~~~~~~~~~~~~~~~~~
/Users/barriesanders/.gemini/antigravity/scratch/OpenEmu_Port/Nestopia/core/NstApu.cpp:476:6: note: insert an explicit cast to silence this issue
  476 |                                         cycles.frameDivider
      |                                         ^~~~~~~~~~~~~~~~~~~
      |                                         static_cast<byte>( )
/Users/barriesanders/.gemini/antigravity/scratch/OpenEmu_Port/Nestopia/core/NstApu.cpp:497:6: error: non-constant-expression cannot be narrowed from type 'Cycle' (aka 'unsigned int') to 'byte' (aka 'unsigned char') in initializer list [-Wc++11-narrowing]
  497 |                                         clock & 0xFF,
      |                                         ^~~~~~~~~~~~
/Users/barriesanders/.gemini/antigravity/scratch/OpenEmu_Port/Nestopia/core/NstApu.cpp:497:6: note: insert an explicit cast to silence this issue
  497 |                                         clock & 0xFF,
      |                                         ^~~~~~~~~~~~
      |                                         static_cast<byte>( )
/Users/barriesanders/.gemini/antigravity/scratch/OpenEmu_Port/Nestopia/core/NstApu.cpp:498:6: error: non-constant-expression cannot be narrowed from type 'Cycle' (aka 'unsigned int') to 'byte' (aka 'unsigned char') in initializer list [-Wc++11-narrowing]
  498 |                                         clock >> 8,
      |                                         ^~~~~~~~~~
/Users/barriesanders/.gemini/antigravity/scratch/OpenEmu_Port/Nestopia/core/NstApu.cpp:498:6: note: insert an explicit cast to silence this issue
  498 |                                         clock >> 8,
      |                                         ^~~~~~~~~~
      |                                         static_cast<byte>( )
/Users/barriesanders/.gemini/antigravity/scratch/OpenEmu_Port/Nestopia/core/NstApu.cpp:499:6: error: non-constant-expression cannot be narrowed from type 'int' to 'byte' (aka 'unsigned char') in initializer list [-Wc++11-narrowing]
  499 |                                         cycles.frameIrqRepeat % 3
      |                                         ^~~~~~~~~~~~~~~~~~~~~~~~~
/Users/barriesanders/.gemini/antigravity/scratch/OpenEmu_Port/Nestopia/core/NstApu.cpp:499:6: note: insert an explicit cast to silence this issue
  499 |                                         cycles.frameIrqRepeat % 3
      |                                         ^~~~~~~~~~~~~~~~~~~~~~~~~
      |                                         static_cast<byte>(       )
/Users/barriesanders/.gemini/antigravity/scratch/OpenEmu_Port/Nestopia/core/NstApu.cpp:535:6: error: non-constant-expression cannot be narrowed from type 'unsigned int' to 'byte' (aka 'unsigned char') in initializer list [-Wc++11-narrowing]
  535 |                                         cycles.rateCounter & 0xFFU,
      |                                         ^~~~~~~~~~~~~~~~~~~~~~~~~~
/Users/barriesanders/.gemini/antigravity/scratch/OpenEmu_Port/Nestopia/core/NstApu.cpp:535:6: note: insert an explicit cast to silence this issue
  535 |                                         cycles.rateCounter & 0xFFU,
      |                                         ^~~~~~~~~~~~~~~~~~~~~~~~~~
      |                                         static_cast<byte>(        )
/Users/barriesanders/.gemini/antigravity/scratch/OpenEmu_Port/Nestopia/core/NstApu.cpp:536:6: error: non-constant-expression cannot be narrowed from type 'Cycle' (aka 'unsigned int') to 'byte' (aka 'unsigned char') in initializer list [-Wc++11-narrowing]
  536 |                                         cycles.rateCounter >> 8,
      |                                         ^~~~~~~~~~~~~~~~~~~~~~~
/Users/barriesanders/.gemini/antigravity/scratch/OpenEmu_Port/Nestopia/core/NstApu.cpp:536:6: note: insert an explicit cast to silence this issue
  536 |                                         cycles.rateCounter >> 8,
      |                                         ^~~~~~~~~~~~~~~~~~~~~~~
      |                                         static_cast<byte>(     )
/Users/barriesanders/.gemini/antigravity/scratch/OpenEmu_Port/Nestopia/core/NstApu.cpp:537:6: error: non-constant-expression cannot be narrowed from type 'Cycle' (aka 'unsigned int') to 'byte' (aka 'unsigned char') in initializer list [-Wc++11-narrowing]
  537 |                                         cycles.rateCounter >> 16,
      |                                         ^~~~~~~~~~~~~~~~~~~~~~~~
/Users/barriesanders/.gemini/antigravity/scratch/OpenEmu_Port/Nestopia/core/NstApu.cpp:537:6: note: insert an explicit cast to silence this issue
  537 |                                         cycles.rateCounter >> 16,
      |                                         ^~~~~~~~~~~~~~~~~~~~~~~~
      |                                         static_cast<byte>(      )
/Users/barriesanders/.gemini/antigravity/scratch/OpenEmu_Port/Nestopia/core/NstApu.cpp:538:6: error: non-constant-expression cannot be narrowed from type 'Cycle' (aka 'unsigned int') to 'byte' (aka 'unsigned char') in initializer list [-Wc++11-narrowing]
  538 |                                         cycles.rateCounter >> 24,
      |                                         ^~~~~~~~~~~~~~~~~~~~~~~~
/Users/barriesanders/.gemini/antigravity/scratch/OpenEmu_Port/Nestopia/core/NstApu.cpp:538:6: note: insert an explicit cast to silence this issue
  538 |                                         cycles.rateCounter >> 24,
      |                                         ^~~~~~~~~~~~~~~~~~~~~~~~
      |                                         static_cast<byte>(      )
/Users/barriesanders/.gemini/antigravity/scratch/OpenEmu_Port/Nestopia/core/NstApu.cpp:933:34: warning: implicit conversion loses integer precision: 'qaword' (aka 'unsigned long') to 'Cycle' (aka 'unsigned int') [-Wshorten-64-to-32]
  933 |                         rate = clockBase * multiplier / sampleRate;
      |                              ~ ~~~~~~~~~~~~~~~~~~~~~~~^~~~~~~~~~~~
/Users/barriesanders/.gemini/antigravity/scratch/OpenEmu_Port/Nestopia/core/NstApu.cpp:1068:5: error: non-constant-expression cannot be narrowed from type 'unsigned int' to 'byte' (aka 'unsigned char') in initializer list [-Wc++11-narrowing]
 1068 |                                 regs[0] | (reset ? 0x80U : 0x00U),
      |                                 ^~~~~~~~~~~~~~~~~~~~~~~~~~~~~~~~~
/Users/barriesanders/.gemini/antigravity/scratch/OpenEmu_Port/Nestopia/core/NstApu.cpp:1068:5: note: insert an explicit cast to silence this issue
 1068 |                                 regs[0] | (reset ? 0x80U : 0x00U),
      |                                 ^~~~~~~~~~~~~~~~~~~~~~~~~~~~~~~~~
      |                                 static_cast<byte>(               )
/Users/barriesanders/.gemini/antigravity/scratch/OpenEmu_Port/Nestopia/core/NstApu.cpp:1148:12: warning: implicit conversion loses integer precision: 'long' to 'idword' (aka 'int') [-Wshorten-64-to-32]
 1148 |                         prev  = signed_shl(sample,15);
      |                               ~ ^~~~~~~~~~~~~~~~~~~~~
/Users/barriesanders/.gemini/antigravity/scratch/OpenEmu_Port/Nestopia/core/NstApu.cpp:1150:12: warning: implicit conversion loses integer precision: 'long' to 'idword' (aka 'int') [-Wshorten-64-to-32]
 1150 |                         next  = signed_shr(acc,15);
      |                               ~ ^~~~~~~~~~~~~~~~~~
/Users/barriesanders/.gemini/antigravity/scratch/OpenEmu_Port/Nestopia/core/NstApu.cpp:1161:6: error: non-constant-expression cannot be narrowed from type 'unsigned int' to 'byte' (aka 'unsigned char') in initializer list [-Wc++11-narrowing]
 1161 |                                         acc & 0xFFU,
      |                                         ^~~~~~~~~~~
/Users/barriesanders/.gemini/antigravity/scratch/OpenEmu_Port/Nestopia/core/NstApu.cpp:1161:6: note: insert an explicit cast to silence this issue
 1161 |                                         acc & 0xFFU,
      |                                         ^~~~~~~~~~~
      |                                         static_cast<byte>( )
/Users/barriesanders/.gemini/antigravity/scratch/OpenEmu_Port/Nestopia/core/NstApu.cpp:1162:6: error: non-constant-expression cannot be narrowed from type 'idword' (aka 'int') to 'byte' (aka 'unsigned char') in initializer list [-Wc++11-narrowing]
 1162 |                                         acc >> 8,
      |                                         ^~~~~~~~
/Users/barriesanders/.gemini/antigravity/scratch/OpenEmu_Port/Nestopia/core/NstApu.cpp:1162:6: note: insert an explicit cast to silence this issue
 1162 |                                         acc >> 8,
      |                                         ^~~~~~~~
      |                                         static_cast<byte>( )
/Users/barriesanders/.gemini/antigravity/scratch/OpenEmu_Port/Nestopia/core/NstApu.cpp:1163:6: error: non-constant-expression cannot be narrowed from type 'idword' (aka 'int') to 'byte' (aka 'unsigned char') in initializer list [-Wc++11-narrowing]
 1163 |                                         acc >> 16,
      |                                         ^~~~~~~~~
/Users/barriesanders/.gemini/antigravity/scratch/OpenEmu_Port/Nestopia/core/NstApu.cpp:1163:6: note: insert an explicit cast to silence this issue
 1163 |                                         acc >> 16,
      |                                         ^~~~~~~~~
      |                                         static_cast<byte>( )
/Users/barriesanders/.gemini/antigravity/scratch/OpenEmu_Port/Nestopia/core/NstApu.cpp:1164:6: error: non-constant-expression cannot be narrowed from type 'idword' (aka 'int') to 'byte' (aka 'unsigned char') in initializer list [-Wc++11-narrowing]
 1164 |                                         acc >> 24,
      |                                         ^~~~~~~~~
/Users/barriesanders/.gemini/antigravity/scratch/OpenEmu_Port/Nestopia/core/NstApu.cpp:1164:6: note: insert an explicit cast to silence this issue
 1164 |                                         acc >> 24,
      |                                         ^~~~~~~~~
      |                                         static_cast<byte>( )
/Users/barriesanders/.gemini/antigravity/scratch/OpenEmu_Port/Nestopia/core/NstApu.cpp:1165:6: error: non-constant-expression cannot be narrowed from type 'unsigned int' to 'byte' (aka 'unsigned char') in initializer list [-Wc++11-narrowing]
 1165 |                                         prev & 0xFFU,
      |                                         ^~~~~~~~~~~~
/Users/barriesanders/.gemini/antigravity/scratch/OpenEmu_Port/Nestopia/core/NstApu.cpp:1165:6: note: insert an explicit cast to silence this issue
 1165 |                                         prev & 0xFFU,
      |                                         ^~~~~~~~~~~~
      |                                         static_cast<byte>( )
/Users/barriesanders/.gemini/antigravity/scratch/OpenEmu_Port/Nestopia/core/NstApu.cpp:1166:6: error: non-constant-expression cannot be narrowed from type 'idword' (aka 'int') to 'byte' (aka 'unsigned char') in initializer list [-Wc++11-narrowing]
 1166 |                                         prev >> 8,
      |                                         ^~~~~~~~~
/Users/barriesanders/.gemini/antigravity/scratch/OpenEmu_Port/Nestopia/core/NstApu.cpp:1166:6: note: insert an explicit cast to silence this issue
 1166 |                                         prev >> 8,
      |                                         ^~~~~~~~~
      |                                         static_cast<byte>( )
/Users/barriesanders/.gemini/antigravity/scratch/OpenEmu_Port/Nestopia/core/NstApu.cpp:1167:6: error: non-constant-expression cannot be narrowed from type 'idword' (aka 'int') to 'byte' (aka 'unsigned char') in initializer list [-Wc++11-narrowing]
 1167 |                                         prev >> 16,
      |                                         ^~~~~~~~~~
/Users/barriesanders/.gemini/antigravity/scratch/OpenEmu_Port/Nestopia/core/NstApu.cpp:1167:6: note: insert an explicit cast to silence this issue
 1167 |                                         prev >> 16,
      |                                         ^~~~~~~~~~
      |                                         static_cast<byte>( )
fatal error: too many errors emitted, stopping now [-ferror-limit=]
4 warnings and 20 errors generated.

CompileC /Users/barriesanders/Library/Developer/Xcode/DerivedData/Nestopia-aslfodajikwbhqggflvpsofjqglc/Build/Intermediates.noindex/Nestopia.build/Debug/Nestopia.build/Objects-normal/arm64/NstApiVideo.o /Users/barriesanders/.gemini/antigravity/scratch/OpenEmu_Port/Nestopia/core/api/NstApiVideo.cpp normal arm64 c++ com.apple.compilers.llvm.clang.1_0.compiler (in target 'Nestopia' from project 'Nestopia')
    cd /Users/barriesanders/.gemini/antigravity/scratch/OpenEmu_Port/Nestopia
    
    Using response file: /Users/barriesanders/Library/Developer/Xcode/DerivedData/Nestopia-aslfodajikwbhqggflvpsofjqglc/Build/Intermediates.noindex/Nestopia.build/Debug/Nestopia.build/Objects-normal/arm64/82b82416624d2658e5098eb0a28c15c5-common-args.resp
    
    /Applications/Xcode.app/Contents/Developer/Toolchains/XcodeDefault.xctoolchain/usr/bin/clang -x c++ -ivfsstatcache /Users/barriesanders/Library/Developer/Xcode/DerivedData/SDKStatCaches.noindex/macosx26.2-25C57-3885c01c3e6b6a337905948deab2002e00fa09913b459cbbc988d1f6730289ae.sdkstatcache -fmessage-length\=0 -fdiagnostics-show-note-include-stack -fmacro-backtrace-limit\=0 -fno-color-diagnostics -fmodules-prune-interval\=86400 -fmodules-prune-after\=345600 -fbuild-session-file\=/Users/barriesanders/Library/Developer/Xcode/DerivedData/ModuleCache.noindex/Session.modulevalidation -fmodules-validate-once-per-build-session -Wnon-modular-include-in-framework-module -Werror\=non-modular-include-in-framework-module -Wno-trigraphs -flto -Wno-missing-field-initializers -Wno-missing-prototypes -Wno-non-virtual-dtor -Wno-overloaded-virtual -Wno-exit-time-destructors -Wno-missing-braces -Wparentheses -Wswitch -Wno-unused-function -Wno-unused-label -Wno-unused-parameter -Wunused-variable -Wunused-value -Wno-empty-body -Wno-uninitialized -Wno-unknown-pragmas -Wno-shadow -Wno-four-char-constants -Wno-conversion -Wno-constant-conversion -Wno-int-conversion -Wno-bool-conversion -Wno-enum-conversion -Wno-float-conversion -Wno-non-literal-null-conversion -Wno-objc-literal-conversion -Wshorten-64-to-32 -Wno-newline-eof -Wno-c++11-extensions -Wno-implicit-fallthrough -fstrict-aliasing -Wdeprecated-declarations -Winvalid-offsetof -Wno-sign-conversion -Wno-infinite-recursion -Wno-move -Wno-comma -Wno-block-capture-autoreleasing -Wno-strict-prototypes -Wno-range-loop-analysis -Wno-semicolon-before-method-body -index-store-path /Users/barriesanders/Library/Developer/Xcode/DerivedData/Nestopia-aslfodajikwbhqggflvpsofjqglc/Index.noindex/DataStore -Wno-switch-enum @/Users/barriesanders/Library/Developer/Xcode/DerivedData/Nestopia-aslfodajikwbhqggflvpsofjqglc/Build/Intermediates.noindex/Nestopia.build/Debug/Nestopia.build/Objects-normal/arm64/82b82416624d2658e5098eb0a28c15c5-common-args.resp -MMD -MT dependencies -MF /Users/barriesanders/Library/Developer/Xcode/DerivedData/Nestopia-aslfodajikwbhqggflvpsofjqglc/Build/Intermediates.noindex/Nestopia.build/Debug/Nestopia.build/Objects-normal/arm64/NstApiVideo.d --serialize-diagnostics /Users/barriesanders/Library/Developer/Xcode/DerivedData/Nestopia-aslfodajikwbhqggflvpsofjqglc/Build/Intermediates.noindex/Nestopia.build/Debug/Nestopia.build/Objects-normal/arm64/NstApiVideo.dia -c /Users/barriesanders/.gemini/antigravity/scratch/OpenEmu_Port/Nestopia/core/api/NstApiVideo.cpp -o /Users/barriesanders/Library/Developer/Xcode/DerivedData/Nestopia-aslfodajikwbhqggflvpsofjqglc/Build/Intermediates.noindex/Nestopia.build/Debug/Nestopia.build/Objects-normal/arm64/NstApiVideo.o -index-unit-output-path /Nestopia.build/Debug/Nestopia.build/Objects-normal/arm64/NstApiVideo.o

CompileC /Users/barriesanders/Library/Developer/Xcode/DerivedData/Nestopia-aslfodajikwbhqggflvpsofjqglc/Build/Intermediates.noindex/Nestopia.build/Debug/Nestopia.build/Objects-normal/arm64/NstApiUser.o /Users/barriesanders/.gemini/antigravity/scratch/OpenEmu_Port/Nestopia/core/api/NstApiUser.cpp normal arm64 c++ com.apple.compilers.llvm.clang.1_0.compiler (in target 'Nestopia' from project 'Nestopia')
    cd /Users/barriesanders/.gemini/antigravity/scratch/OpenEmu_Port/Nestopia
    
    Using response file: /Users/barriesanders/Library/Developer/Xcode/DerivedData/Nestopia-aslfodajikwbhqggflvpsofjqglc/Build/Intermediates.noindex/Nestopia.build/Debug/Nestopia.build/Objects-normal/arm64/82b82416624d2658e5098eb0a28c15c5-common-args.resp
    
    /Applications/Xcode.app/Contents/Developer/Toolchains/XcodeDefault.xctoolchain/usr/bin/clang -x c++ -ivfsstatcache /Users/barriesanders/Library/Developer/Xcode/DerivedData/SDKStatCaches.noindex/macosx26.2-25C57-3885c01c3e6b6a337905948deab2002e00fa09913b459cbbc988d1f6730289ae.sdkstatcache -fmessage-length\=0 -fdiagnostics-show-note-include-stack -fmacro-backtrace-limit\=0 -fno-color-diagnostics -fmodules-prune-interval\=86400 -fmodules-prune-after\=345600 -fbuild-session-file\=/Users/barriesanders/Library/Developer/Xcode/DerivedData/ModuleCache.noindex/Session.modulevalidation -fmodules-validate-once-per-build-session -Wnon-modular-include-in-framework-module -Werror\=non-modular-include-in-framework-module -Wno-trigraphs -flto -Wno-missing-field-initializers -Wno-missing-prototypes -Wno-non-virtual-dtor -Wno-overloaded-virtual -Wno-exit-time-destructors -Wno-missing-braces -Wparentheses -Wswitch -Wno-unused-function -Wno-unused-label -Wno-unused-parameter -Wunused-variable -Wunused-value -Wno-empty-body -Wno-uninitialized -Wno-unknown-pragmas -Wno-shadow -Wno-four-char-constants -Wno-conversion -Wno-constant-conversion -Wno-int-conversion -Wno-bool-conversion -Wno-enum-conversion -Wno-float-conversion -Wno-non-literal-null-conversion -Wno-objc-literal-conversion -Wshorten-64-to-32 -Wno-newline-eof -Wno-c++11-extensions -Wno-implicit-fallthrough -fstrict-aliasing -Wdeprecated-declarations -Winvalid-offsetof -Wno-sign-conversion -Wno-infinite-recursion -Wno-move -Wno-comma -Wno-block-capture-autoreleasing -Wno-strict-prototypes -Wno-range-loop-analysis -Wno-semicolon-before-method-body -index-store-path /Users/barriesanders/Library/Developer/Xcode/DerivedData/Nestopia-aslfodajikwbhqggflvpsofjqglc/Index.noindex/DataStore -Wno-switch-enum @/Users/barriesanders/Library/Developer/Xcode/DerivedData/Nestopia-aslfodajikwbhqggflvpsofjqglc/Build/Intermediates.noindex/Nestopia.build/Debug/Nestopia.build/Objects-normal/arm64/82b82416624d2658e5098eb0a28c15c5-common-args.resp -MMD -MT dependencies -MF /Users/barriesanders/Library/Developer/Xcode/DerivedData/Nestopia-aslfodajikwbhqggflvpsofjqglc/Build/Intermediates.noindex/Nestopia.build/Debug/Nestopia.build/Objects-normal/arm64/NstApiUser.d --serialize-diagnostics /Users/barriesanders/Library/Developer/Xcode/DerivedData/Nestopia-aslfodajikwbhqggflvpsofjqglc/Build/Intermediates.noindex/Nestopia.build/Debug/Nestopia.build/Objects-normal/arm64/NstApiUser.dia -c /Users/barriesanders/.gemini/antigravity/scratch/OpenEmu_Port/Nestopia/core/api/NstApiUser.cpp -o /Users/barriesanders/Library/Developer/Xcode/DerivedData/Nestopia-aslfodajikwbhqggflvpsofjqglc/Build/Intermediates.noindex/Nestopia.build/Debug/Nestopia.build/Objects-normal/arm64/NstApiUser.o -index-unit-output-path /Nestopia.build/Debug/Nestopia.build/Objects-normal/arm64/NstApiUser.o

CompileC /Users/barriesanders/Library/Developer/Xcode/DerivedData/Nestopia-aslfodajikwbhqggflvpsofjqglc/Build/Intermediates.noindex/Nestopia.build/Debug/Nestopia.build/Objects-normal/arm64/NstApiTapeRecorder.o /Users/barriesanders/.gemini/antigravity/scratch/OpenEmu_Port/Nestopia/core/api/NstApiTapeRecorder.cpp normal arm64 c++ com.apple.compilers.llvm.clang.1_0.compiler (in target 'Nestopia' from project 'Nestopia')
    cd /Users/barriesanders/.gemini/antigravity/scratch/OpenEmu_Port/Nestopia
    
    Using response file: /Users/barriesanders/Library/Developer/Xcode/DerivedData/Nestopia-aslfodajikwbhqggflvpsofjqglc/Build/Intermediates.noindex/Nestopia.build/Debug/Nestopia.build/Objects-normal/arm64/82b82416624d2658e5098eb0a28c15c5-common-args.resp
    
    /Applications/Xcode.app/Contents/Developer/Toolchains/XcodeDefault.xctoolchain/usr/bin/clang -x c++ -ivfsstatcache /Users/barriesanders/Library/Developer/Xcode/DerivedData/SDKStatCaches.noindex/macosx26.2-25C57-3885c01c3e6b6a337905948deab2002e00fa09913b459cbbc988d1f6730289ae.sdkstatcache -fmessage-length\=0 -fdiagnostics-show-note-include-stack -fmacro-backtrace-limit\=0 -fno-color-diagnostics -fmodules-prune-interval\=86400 -fmodules-prune-after\=345600 -fbuild-session-file\=/Users/barriesanders/Library/Developer/Xcode/DerivedData/ModuleCache.noindex/Session.modulevalidation -fmodules-validate-once-per-build-session -Wnon-modular-include-in-framework-module -Werror\=non-modular-include-in-framework-module -Wno-trigraphs -flto -Wno-missing-field-initializers -Wno-missing-prototypes -Wno-non-virtual-dtor -Wno-overloaded-virtual -Wno-exit-time-destructors -Wno-missing-braces -Wparentheses -Wswitch -Wno-unused-function -Wno-unused-label -Wno-unused-parameter -Wunused-variable -Wunused-value -Wno-empty-body -Wno-uninitialized -Wno-unknown-pragmas -Wno-shadow -Wno-four-char-constants -Wno-conversion -Wno-constant-conversion -Wno-int-conversion -Wno-bool-conversion -Wno-enum-conversion -Wno-float-conversion -Wno-non-literal-null-conversion -Wno-objc-literal-conversion -Wshorten-64-to-32 -Wno-newline-eof -Wno-c++11-extensions -Wno-implicit-fallthrough -fstrict-aliasing -Wdeprecated-declarations -Winvalid-offsetof -Wno-sign-conversion -Wno-infinite-recursion -Wno-move -Wno-comma -Wno-block-capture-autoreleasing -Wno-strict-prototypes -Wno-range-loop-analysis -Wno-semicolon-before-method-body -index-store-path /Users/barriesanders/Library/Developer/Xcode/DerivedData/Nestopia-aslfodajikwbhqggflvpsofjqglc/Index.noindex/DataStore -Wno-switch-enum @/Users/barriesanders/Library/Developer/Xcode/DerivedData/Nestopia-aslfodajikwbhqggflvpsofjqglc/Build/Intermediates.noindex/Nestopia.build/Debug/Nestopia.build/Objects-normal/arm64/82b82416624d2658e5098eb0a28c15c5-common-args.resp -MMD -MT dependencies -MF /Users/barriesanders/Library/Developer/Xcode/DerivedData/Nestopia-aslfodajikwbhqggflvpsofjqglc/Build/Intermediates.noindex/Nestopia.build/Debug/Nestopia.build/Objects-normal/arm64/NstApiTapeRecorder.d --serialize-diagnostics /Users/barriesanders/Library/Developer/Xcode/DerivedData/Nestopia-aslfodajikwbhqggflvpsofjqglc/Build/Intermediates.noindex/Nestopia.build/Debug/Nestopia.build/Objects-normal/arm64/NstApiTapeRecorder.dia -c /Users/barriesanders/.gemini/antigravity/scratch/OpenEmu_Port/Nestopia/core/api/NstApiTapeRecorder.cpp -o /Users/barriesanders/Library/Developer/Xcode/DerivedData/Nestopia-aslfodajikwbhqggflvpsofjqglc/Build/Intermediates.noindex/Nestopia.build/Debug/Nestopia.build/Objects-normal/arm64/NstApiTapeRecorder.o -index-unit-output-path /Nestopia.build/Debug/Nestopia.build/Objects-normal/arm64/NstApiTapeRecorder.o

CompileC /Users/barriesanders/Library/Developer/Xcode/DerivedData/Nestopia-aslfodajikwbhqggflvpsofjqglc/Build/Intermediates.noindex/Nestopia.build/Debug/Nestopia.build/Objects-normal/arm64/NstApiSound.o /Users/barriesanders/.gemini/antigravity/scratch/OpenEmu_Port/Nestopia/core/api/NstApiSound.cpp normal arm64 c++ com.apple.compilers.llvm.clang.1_0.compiler (in target 'Nestopia' from project 'Nestopia')
    cd /Users/barriesanders/.gemini/antigravity/scratch/OpenEmu_Port/Nestopia
    
    Using response file: /Users/barriesanders/Library/Developer/Xcode/DerivedData/Nestopia-aslfodajikwbhqggflvpsofjqglc/Build/Intermediates.noindex/Nestopia.build/Debug/Nestopia.build/Objects-normal/arm64/82b82416624d2658e5098eb0a28c15c5-common-args.resp
    
    /Applications/Xcode.app/Contents/Developer/Toolchains/XcodeDefault.xctoolchain/usr/bin/clang -x c++ -ivfsstatcache /Users/barriesanders/Library/Developer/Xcode/DerivedData/SDKStatCaches.noindex/macosx26.2-25C57-3885c01c3e6b6a337905948deab2002e00fa09913b459cbbc988d1f6730289ae.sdkstatcache -fmessage-length\=0 -fdiagnostics-show-note-include-stack -fmacro-backtrace-limit\=0 -fno-color-diagnostics -fmodules-prune-interval\=86400 -fmodules-prune-after\=345600 -fbuild-session-file\=/Users/barriesanders/Library/Developer/Xcode/DerivedData/ModuleCache.noindex/Session.modulevalidation -fmodules-validate-once-per-build-session -Wnon-modular-include-in-framework-module -Werror\=non-modular-include-in-framework-module -Wno-trigraphs -flto -Wno-missing-field-initializers -Wno-missing-prototypes -Wno-non-virtual-dtor -Wno-overloaded-virtual -Wno-exit-time-destructors -Wno-missing-braces -Wparentheses -Wswitch -Wno-unused-function -Wno-unused-label -Wno-unused-parameter -Wunused-variable -Wunused-value -Wno-empty-body -Wno-uninitialized -Wno-unknown-pragmas -Wno-shadow -Wno-four-char-constants -Wno-conversion -Wno-constant-conversion -Wno-int-conversion -Wno-bool-conversion -Wno-enum-conversion -Wno-float-conversion -Wno-non-literal-null-conversion -Wno-objc-literal-conversion -Wshorten-64-to-32 -Wno-newline-eof -Wno-c++11-extensions -Wno-implicit-fallthrough -fstrict-aliasing -Wdeprecated-declarations -Winvalid-offsetof -Wno-sign-conversion -Wno-infinite-recursion -Wno-move -Wno-comma -Wno-block-capture-autoreleasing -Wno-strict-prototypes -Wno-range-loop-analysis -Wno-semicolon-before-method-body -index-store-path /Users/barriesanders/Library/Developer/Xcode/DerivedData/Nestopia-aslfodajikwbhqggflvpsofjqglc/Index.noindex/DataStore -Wno-switch-enum @/Users/barriesanders/Library/Developer/Xcode/DerivedData/Nestopia-aslfodajikwbhqggflvpsofjqglc/Build/Intermediates.noindex/Nestopia.build/Debug/Nestopia.build/Objects-normal/arm64/82b82416624d2658e5098eb0a28c15c5-common-args.resp -MMD -MT dependencies -MF /Users/barriesanders/Library/Developer/Xcode/DerivedData/Nestopia-aslfodajikwbhqggflvpsofjqglc/Build/Intermediates.noindex/Nestopia.build/Debug/Nestopia.build/Objects-normal/arm64/NstApiSound.d --serialize-diagnostics /Users/barriesanders/Library/Developer/Xcode/DerivedData/Nestopia-aslfodajikwbhqggflvpsofjqglc/Build/Intermediates.noindex/Nestopia.build/Debug/Nestopia.build/Objects-normal/arm64/NstApiSound.dia -c /Users/barriesanders/.gemini/antigravity/scratch/OpenEmu_Port/Nestopia/core/api/NstApiSound.cpp -o /Users/barriesanders/Library/Developer/Xcode/DerivedData/Nestopia-aslfodajikwbhqggflvpsofjqglc/Build/Intermediates.noindex/Nestopia.build/Debug/Nestopia.build/Objects-normal/arm64/NstApiSound.o -index-unit-output-path /Nestopia.build/Debug/Nestopia.build/Objects-normal/arm64/NstApiSound.o

CompileC /Users/barriesanders/Library/Developer/Xcode/DerivedData/Nestopia-aslfodajikwbhqggflvpsofjqglc/Build/Intermediates.noindex/Nestopia.build/Debug/Nestopia.build/Objects-normal/arm64/NstApiRewinder.o /Users/barriesanders/.gemini/antigravity/scratch/OpenEmu_Port/Nestopia/core/api/NstApiRewinder.cpp normal arm64 c++ com.apple.compilers.llvm.clang.1_0.compiler (in target 'Nestopia' from project 'Nestopia')
    cd /Users/barriesanders/.gemini/antigravity/scratch/OpenEmu_Port/Nestopia
    
    Using response file: /Users/barriesanders/Library/Developer/Xcode/DerivedData/Nestopia-aslfodajikwbhqggflvpsofjqglc/Build/Intermediates.noindex/Nestopia.build/Debug/Nestopia.build/Objects-normal/arm64/82b82416624d2658e5098eb0a28c15c5-common-args.resp
    
    /Applications/Xcode.app/Contents/Developer/Toolchains/XcodeDefault.xctoolchain/usr/bin/clang -x c++ -ivfsstatcache /Users/barriesanders/Library/Developer/Xcode/DerivedData/SDKStatCaches.noindex/macosx26.2-25C57-3885c01c3e6b6a337905948deab2002e00fa09913b459cbbc988d1f6730289ae.sdkstatcache -fmessage-length\=0 -fdiagnostics-show-note-include-stack -fmacro-backtrace-limit\=0 -fno-color-diagnostics -fmodules-prune-interval\=86400 -fmodules-prune-after\=345600 -fbuild-session-file\=/Users/barriesanders/Library/Developer/Xcode/DerivedData/ModuleCache.noindex/Session.modulevalidation -fmodules-validate-once-per-build-session -Wnon-modular-include-in-framework-module -Werror\=non-modular-include-in-framework-module -Wno-trigraphs -flto -Wno-missing-field-initializers -Wno-missing-prototypes -Wno-non-virtual-dtor -Wno-overloaded-virtual -Wno-exit-time-destructors -Wno-missing-braces -Wparentheses -Wswitch -Wno-unused-function -Wno-unused-label -Wno-unused-parameter -Wunused-variable -Wunused-value -Wno-empty-body -Wno-uninitialized -Wno-unknown-pragmas -Wno-shadow -Wno-four-char-constants -Wno-conversion -Wno-constant-conversion -Wno-int-conversion -Wno-bool-conversion -Wno-enum-conversion -Wno-float-conversion -Wno-non-literal-null-conversion -Wno-objc-literal-conversion -Wshorten-64-to-32 -Wno-newline-eof -Wno-c++11-extensions -Wno-implicit-fallthrough -fstrict-aliasing -Wdeprecated-declarations -Winvalid-offsetof -Wno-sign-conversion -Wno-infinite-recursion -Wno-move -Wno-comma -Wno-block-capture-autoreleasing -Wno-strict-prototypes -Wno-range-loop-analysis -Wno-semicolon-before-method-body -index-store-path /Users/barriesanders/Library/Developer/Xcode/DerivedData/Nestopia-aslfodajikwbhqggflvpsofjqglc/Index.noindex/DataStore -Wno-switch-enum @/Users/barriesanders/Library/Developer/Xcode/DerivedData/Nestopia-aslfodajikwbhqggflvpsofjqglc/Build/Intermediates.noindex/Nestopia.build/Debug/Nestopia.build/Objects-normal/arm64/82b82416624d2658e5098eb0a28c15c5-common-args.resp -MMD -MT dependencies -MF /Users/barriesanders/Library/Developer/Xcode/DerivedData/Nestopia-aslfodajikwbhqggflvpsofjqglc/Build/Intermediates.noindex/Nestopia.build/Debug/Nestopia.build/Objects-normal/arm64/NstApiRewinder.d --serialize-diagnostics /Users/barriesanders/Library/Developer/Xcode/DerivedData/Nestopia-aslfodajikwbhqggflvpsofjqglc/Build/Intermediates.noindex/Nestopia.build/Debug/Nestopia.build/Objects-normal/arm64/NstApiRewinder.dia -c /Users/barriesanders/.gemini/antigravity/scratch/OpenEmu_Port/Nestopia/core/api/NstApiRewinder.cpp -o /Users/barriesanders/Library/Developer/Xcode/DerivedData/Nestopia-aslfodajikwbhqggflvpsofjqglc/Build/Intermediates.noindex/Nestopia.build/Debug/Nestopia.build/Objects-normal/arm64/NstApiRewinder.o -index-unit-output-path /Nestopia.build/Debug/Nestopia.build/Objects-normal/arm64/NstApiRewinder.o

CompileC /Users/barriesanders/Library/Developer/Xcode/DerivedData/Nestopia-aslfodajikwbhqggflvpsofjqglc/Build/Intermediates.noindex/Nestopia.build/Debug/Nestopia.build/Objects-normal/arm64/NstApiNsf.o /Users/barriesanders/.gemini/antigravity/scratch/OpenEmu_Port/Nestopia/core/api/NstApiNsf.cpp normal arm64 c++ com.apple.compilers.llvm.clang.1_0.compiler (in target 'Nestopia' from project 'Nestopia')
    cd /Users/barriesanders/.gemini/antigravity/scratch/OpenEmu_Port/Nestopia
    
    Using response file: /Users/barriesanders/Library/Developer/Xcode/DerivedData/Nestopia-aslfodajikwbhqggflvpsofjqglc/Build/Intermediates.noindex/Nestopia.build/Debug/Nestopia.build/Objects-normal/arm64/82b82416624d2658e5098eb0a28c15c5-common-args.resp
    
    /Applications/Xcode.app/Contents/Developer/Toolchains/XcodeDefault.xctoolchain/usr/bin/clang -x c++ -ivfsstatcache /Users/barriesanders/Library/Developer/Xcode/DerivedData/SDKStatCaches.noindex/macosx26.2-25C57-3885c01c3e6b6a337905948deab2002e00fa09913b459cbbc988d1f6730289ae.sdkstatcache -fmessage-length\=0 -fdiagnostics-show-note-include-stack -fmacro-backtrace-limit\=0 -fno-color-diagnostics -fmodules-prune-interval\=86400 -fmodules-prune-after\=345600 -fbuild-session-file\=/Users/barriesanders/Library/Developer/Xcode/DerivedData/ModuleCache.noindex/Session.modulevalidation -fmodules-validate-once-per-build-session -Wnon-modular-include-in-framework-module -Werror\=non-modular-include-in-framework-module -Wno-trigraphs -flto -Wno-missing-field-initializers -Wno-missing-prototypes -Wno-non-virtual-dtor -Wno-overloaded-virtual -Wno-exit-time-destructors -Wno-missing-braces -Wparentheses -Wswitch -Wno-unused-function -Wno-unused-label -Wno-unused-parameter -Wunused-variable -Wunused-value -Wno-empty-body -Wno-uninitialized -Wno-unknown-pragmas -Wno-shadow -Wno-four-char-constants -Wno-conversion -Wno-constant-conversion -Wno-int-conversion -Wno-bool-conversion -Wno-enum-conversion -Wno-float-conversion -Wno-non-literal-null-conversion -Wno-objc-literal-conversion -Wshorten-64-to-32 -Wno-newline-eof -Wno-c++11-extensions -Wno-implicit-fallthrough -fstrict-aliasing -Wdeprecated-declarations -Winvalid-offsetof -Wno-sign-conversion -Wno-infinite-recursion -Wno-move -Wno-comma -Wno-block-capture-autoreleasing -Wno-strict-prototypes -Wno-range-loop-analysis -Wno-semicolon-before-method-body -index-store-path /Users/barriesanders/Library/Developer/Xcode/DerivedData/Nestopia-aslfodajikwbhqggflvpsofjqglc/Index.noindex/DataStore -Wno-switch-enum @/Users/barriesanders/Library/Developer/Xcode/DerivedData/Nestopia-aslfodajikwbhqggflvpsofjqglc/Build/Intermediates.noindex/Nestopia.build/Debug/Nestopia.build/Objects-normal/arm64/82b82416624d2658e5098eb0a28c15c5-common-args.resp -MMD -MT dependencies -MF /Users/barriesanders/Library/Developer/Xcode/DerivedData/Nestopia-aslfodajikwbhqggflvpsofjqglc/Build/Intermediates.noindex/Nestopia.build/Debug/Nestopia.build/Objects-normal/arm64/NstApiNsf.d --serialize-diagnostics /Users/barriesanders/Library/Developer/Xcode/DerivedData/Nestopia-aslfodajikwbhqggflvpsofjqglc/Build/Intermediates.noindex/Nestopia.build/Debug/Nestopia.build/Objects-normal/arm64/NstApiNsf.dia -c /Users/barriesanders/.gemini/antigravity/scratch/OpenEmu_Port/Nestopia/core/api/NstApiNsf.cpp -o /Users/barriesanders/Library/Developer/Xcode/DerivedData/Nestopia-aslfodajikwbhqggflvpsofjqglc/Build/Intermediates.noindex/Nestopia.build/Debug/Nestopia.build/Objects-normal/arm64/NstApiNsf.o -index-unit-output-path /Nestopia.build/Debug/Nestopia.build/Objects-normal/arm64/NstApiNsf.o

CompileC /Users/barriesanders/Library/Developer/Xcode/DerivedData/Nestopia-aslfodajikwbhqggflvpsofjqglc/Build/Intermediates.noindex/Nestopia.build/Debug/Nestopia.build/Objects-normal/arm64/NstApiMovie.o /Users/barriesanders/.gemini/antigravity/scratch/OpenEmu_Port/Nestopia/core/api/NstApiMovie.cpp normal arm64 c++ com.apple.compilers.llvm.clang.1_0.compiler (in target 'Nestopia' from project 'Nestopia')
    cd /Users/barriesanders/.gemini/antigravity/scratch/OpenEmu_Port/Nestopia
    
    Using response file: /Users/barriesanders/Library/Developer/Xcode/DerivedData/Nestopia-aslfodajikwbhqggflvpsofjqglc/Build/Intermediates.noindex/Nestopia.build/Debug/Nestopia.build/Objects-normal/arm64/82b82416624d2658e5098eb0a28c15c5-common-args.resp
    
    /Applications/Xcode.app/Contents/Developer/Toolchains/XcodeDefault.xctoolchain/usr/bin/clang -x c++ -ivfsstatcache /Users/barriesanders/Library/Developer/Xcode/DerivedData/SDKStatCaches.noindex/macosx26.2-25C57-3885c01c3e6b6a337905948deab2002e00fa09913b459cbbc988d1f6730289ae.sdkstatcache -fmessage-length\=0 -fdiagnostics-show-note-include-stack -fmacro-backtrace-limit\=0 -fno-color-diagnostics -fmodules-prune-interval\=86400 -fmodules-prune-after\=345600 -fbuild-session-file\=/Users/barriesanders/Library/Developer/Xcode/DerivedData/ModuleCache.noindex/Session.modulevalidation -fmodules-validate-once-per-build-session -Wnon-modular-include-in-framework-module -Werror\=non-modular-include-in-framework-module -Wno-trigraphs -flto -Wno-missing-field-initializers -Wno-missing-prototypes -Wno-non-virtual-dtor -Wno-overloaded-virtual -Wno-exit-time-destructors -Wno-missing-braces -Wparentheses -Wswitch -Wno-unused-function -Wno-unused-label -Wno-unused-parameter -Wunused-variable -Wunused-value -Wno-empty-body -Wno-uninitialized -Wno-unknown-pragmas -Wno-shadow -Wno-four-char-constants -Wno-conversion -Wno-constant-conversion -Wno-int-conversion -Wno-bool-conversion -Wno-enum-conversion -Wno-float-conversion -Wno-non-literal-null-conversion -Wno-objc-literal-conversion -Wshorten-64-to-32 -Wno-newline-eof -Wno-c++11-extensions -Wno-implicit-fallthrough -fstrict-aliasing -Wdeprecated-declarations -Winvalid-offsetof -Wno-sign-conversion -Wno-infinite-recursion -Wno-move -Wno-comma -Wno-block-capture-autoreleasing -Wno-strict-prototypes -Wno-range-loop-analysis -Wno-semicolon-before-method-body -index-store-path /Users/barriesanders/Library/Developer/Xcode/DerivedData/Nestopia-aslfodajikwbhqggflvpsofjqglc/Index.noindex/DataStore -Wno-switch-enum @/Users/barriesanders/Library/Developer/Xcode/DerivedData/Nestopia-aslfodajikwbhqggflvpsofjqglc/Build/Intermediates.noindex/Nestopia.build/Debug/Nestopia.build/Objects-normal/arm64/82b82416624d2658e5098eb0a28c15c5-common-args.resp -MMD -MT dependencies -MF /Users/barriesanders/Library/Developer/Xcode/DerivedData/Nestopia-aslfodajikwbhqggflvpsofjqglc/Build/Intermediates.noindex/Nestopia.build/Debug/Nestopia.build/Objects-normal/arm64/NstApiMovie.d --serialize-diagnostics /Users/barriesanders/Library/Developer/Xcode/DerivedData/Nestopia-aslfodajikwbhqggflvpsofjqglc/Build/Intermediates.noindex/Nestopia.build/Debug/Nestopia.build/Objects-normal/arm64/NstApiMovie.dia -c /Users/barriesanders/.gemini/antigravity/scratch/OpenEmu_Port/Nestopia/core/api/NstApiMovie.cpp -o /Users/barriesanders/Library/Developer/Xcode/DerivedData/Nestopia-aslfodajikwbhqggflvpsofjqglc/Build/Intermediates.noindex/Nestopia.build/Debug/Nestopia.build/Objects-normal/arm64/NstApiMovie.o -index-unit-output-path /Nestopia.build/Debug/Nestopia.build/Objects-normal/arm64/NstApiMovie.o

** BUILD FAILED **


The following build commands failed:
	CompileC /Users/barriesanders/Library/Developer/Xcode/DerivedData/Nestopia-aslfodajikwbhqggflvpsofjqglc/Build/Intermediates.noindex/Nestopia.build/Debug/Nestopia.build/Objects-normal/arm64/NstApu.o /Users/barriesanders/.gemini/antigravity/scratch/OpenEmu_Port/Nestopia/core/NstApu.cpp normal arm64 c++ com.apple.compilers.llvm.clang.1_0.compiler (in target 'Nestopia' from project 'Nestopia')
	Building project Nestopia with scheme Nestopia
(2 failures)
