Command line invocation:
    /Applications/Xcode.app/Contents/Developer/usr/bin/xcodebuild -project ProSystem.xcodeproj -scheme ProSystem -arch arm64 build

Build settings from command line:
    ARCHS = arm64

2026-01-27 20:27:09.282 xcodebuild[97357:1348893] [MT] IDERunDestination: Supported platforms for the buildables in the current scheme is empty.
--- xcodebuild: WARNING: Using the first of multiple matching destinations:
{ platform:macOS, arch:arm64, id:00006001-001A50163A02801E, name:My Mac }
{ platform:macOS, arch:x86_64, id:00006001-001A50163A02801E, name:My Mac }
{ platform:macOS, name:Any Mac }
ComputePackagePrebuildTargetDependencyGraph

Prepare packages

CreateBuildRequest

SendProjectDescription

CreateBuildOperation

ComputeTargetDependencyGraph
note: Building targets in dependency order
note: Target dependency graph (1 target)
    Target 'ProSystem' in project 'ProSystem' (no dependencies)

GatherProvisioningInputs

CreateBuildDescription

ExecuteExternalTool /Applications/Xcode.app/Contents/Developer/Toolchains/XcodeDefault.xctoolchain/usr/bin/clang -v -E -dM -isysroot /Applications/Xcode.app/Contents/Developer/Platforms/MacOSX.platform/Developer/SDKs/MacOSX26.2.sdk -x c -c /dev/null

ExecuteExternalTool /Applications/Xcode.app/Contents/Developer/Toolchains/XcodeDefault.xctoolchain/usr/bin/clang -v -E -dM -arch arm64 -isysroot /Applications/Xcode.app/Contents/Developer/Platforms/MacOSX.platform/Developer/SDKs/MacOSX26.2.sdk -x objective-c -c /dev/null

ExecuteExternalTool /Applications/Xcode.app/Contents/Developer/Toolchains/XcodeDefault.xctoolchain/usr/bin/clang -v -E -dM -arch arm64 -isysroot /Applications/Xcode.app/Contents/Developer/Platforms/MacOSX.platform/Developer/SDKs/MacOSX26.2.sdk -x c -c /dev/null

ExecuteExternalTool /Applications/Xcode.app/Contents/Developer/Toolchains/XcodeDefault.xctoolchain/usr/bin/ld -version_details

Build description signature: bd307d8ee860b881c8f59bf925ac24cb
Build description path: /Users/barriesanders/Library/Developer/Xcode/DerivedData/ProSystem-dprknjeyvcjgbvfrihwhxehzvsaw/Build/Intermediates.noindex/XCBuildData/bd307d8ee860b881c8f59bf925ac24cb.xcbuilddata
ClangStatCache /Applications/Xcode.app/Contents/Developer/Toolchains/XcodeDefault.xctoolchain/usr/bin/clang-stat-cache /Applications/Xcode.app/Contents/Developer/Platforms/MacOSX.platform/Developer/SDKs/MacOSX26.2.sdk /Users/barriesanders/Library/Developer/Xcode/DerivedData/SDKStatCaches.noindex/macosx26.2-25C57-3885c01c3e6b6a337905948deab2002e00fa09913b459cbbc988d1f6730289ae.sdkstatcache
    cd /Users/barriesanders/.gemini/antigravity/scratch/OpenEmu_Port/ProSystem/ProSystem.xcodeproj
    /Applications/Xcode.app/Contents/Developer/Toolchains/XcodeDefault.xctoolchain/usr/bin/clang-stat-cache /Applications/Xcode.app/Contents/Developer/Platforms/MacOSX.platform/Developer/SDKs/MacOSX26.2.sdk -o /Users/barriesanders/Library/Developer/Xcode/DerivedData/SDKStatCaches.noindex/macosx26.2-25C57-3885c01c3e6b6a337905948deab2002e00fa09913b459cbbc988d1f6730289ae.sdkstatcache

CreateBuildDirectory /Users/barriesanders/Library/Developer/Xcode/DerivedData/ProSystem-dprknjeyvcjgbvfrihwhxehzvsaw/Build/Intermediates.noindex
    cd /Users/barriesanders/.gemini/antigravity/scratch/OpenEmu_Port/ProSystem/ProSystem.xcodeproj
    builtin-create-build-directory /Users/barriesanders/Library/Developer/Xcode/DerivedData/ProSystem-dprknjeyvcjgbvfrihwhxehzvsaw/Build/Intermediates.noindex

CreateBuildDirectory /Users/barriesanders/Library/Developer/Xcode/DerivedData/ProSystem-dprknjeyvcjgbvfrihwhxehzvsaw/Build/Products
    cd /Users/barriesanders/.gemini/antigravity/scratch/OpenEmu_Port/ProSystem/ProSystem.xcodeproj
    builtin-create-build-directory /Users/barriesanders/Library/Developer/Xcode/DerivedData/ProSystem-dprknjeyvcjgbvfrihwhxehzvsaw/Build/Products

CreateBuildDirectory /Users/barriesanders/Library/Developer/Xcode/DerivedData/ProSystem-dprknjeyvcjgbvfrihwhxehzvsaw/Build/Intermediates.noindex/SwiftExplicitPrecompiledModules
    cd /Users/barriesanders/.gemini/antigravity/scratch/OpenEmu_Port/ProSystem/ProSystem.xcodeproj
    builtin-create-build-directory /Users/barriesanders/Library/Developer/Xcode/DerivedData/ProSystem-dprknjeyvcjgbvfrihwhxehzvsaw/Build/Intermediates.noindex/SwiftExplicitPrecompiledModules

CreateBuildDirectory /Users/barriesanders/Library/Developer/Xcode/DerivedData/ProSystem-dprknjeyvcjgbvfrihwhxehzvsaw/Build/Intermediates.noindex/ExplicitPrecompiledModules
    cd /Users/barriesanders/.gemini/antigravity/scratch/OpenEmu_Port/ProSystem/ProSystem.xcodeproj
    builtin-create-build-directory /Users/barriesanders/Library/Developer/Xcode/DerivedData/ProSystem-dprknjeyvcjgbvfrihwhxehzvsaw/Build/Intermediates.noindex/ExplicitPrecompiledModules

CreateBuildDirectory /Users/barriesanders/Library/Developer/Xcode/DerivedData/ProSystem-dprknjeyvcjgbvfrihwhxehzvsaw/Build/Intermediates.noindex/EagerLinkingTBDs/Debug
    cd /Users/barriesanders/.gemini/antigravity/scratch/OpenEmu_Port/ProSystem/ProSystem.xcodeproj
    builtin-create-build-directory /Users/barriesanders/Library/Developer/Xcode/DerivedData/ProSystem-dprknjeyvcjgbvfrihwhxehzvsaw/Build/Intermediates.noindex/EagerLinkingTBDs/Debug

WriteAuxiliaryFile /Users/barriesanders/Library/Developer/Xcode/DerivedData/ProSystem-dprknjeyvcjgbvfrihwhxehzvsaw/Build/Intermediates.noindex/ProSystem.build/Debug/ProSystem-c068deebb290fa9b512bfadbc0bc982e-VFS/all-product-headers.yaml
    cd /Users/barriesanders/.gemini/antigravity/scratch/OpenEmu_Port/ProSystem/ProSystem.xcodeproj
    write-file /Users/barriesanders/Library/Developer/Xcode/DerivedData/ProSystem-dprknjeyvcjgbvfrihwhxehzvsaw/Build/Intermediates.noindex/ProSystem.build/Debug/ProSystem-c068deebb290fa9b512bfadbc0bc982e-VFS/all-product-headers.yaml

CreateBuildDirectory /Users/barriesanders/Library/Developer/Xcode/DerivedData/ProSystem-dprknjeyvcjgbvfrihwhxehzvsaw/Build/Products/Debug
    cd /Users/barriesanders/.gemini/antigravity/scratch/OpenEmu_Port/ProSystem/ProSystem.xcodeproj
    builtin-create-build-directory /Users/barriesanders/Library/Developer/Xcode/DerivedData/ProSystem-dprknjeyvcjgbvfrihwhxehzvsaw/Build/Products/Debug

WriteAuxiliaryFile /Users/barriesanders/Library/Developer/Xcode/DerivedData/ProSystem-dprknjeyvcjgbvfrihwhxehzvsaw/Build/Intermediates.noindex/ProSystem.build/Debug/ProSystem.build/ProSystem.DependencyStaticMetadataFileList (in target 'ProSystem' from project 'ProSystem')
    cd /Users/barriesanders/.gemini/antigravity/scratch/OpenEmu_Port/ProSystem
    write-file /Users/barriesanders/Library/Developer/Xcode/DerivedData/ProSystem-dprknjeyvcjgbvfrihwhxehzvsaw/Build/Intermediates.noindex/ProSystem.build/Debug/ProSystem.build/ProSystem.DependencyStaticMetadataFileList

WriteAuxiliaryFile /Users/barriesanders/Library/Developer/Xcode/DerivedData/ProSystem-dprknjeyvcjgbvfrihwhxehzvsaw/Build/Intermediates.noindex/ProSystem.build/Debug/ProSystem.build/ProSystem-project-headers.hmap (in target 'ProSystem' from project 'ProSystem')
    cd /Users/barriesanders/.gemini/antigravity/scratch/OpenEmu_Port/ProSystem
    write-file /Users/barriesanders/Library/Developer/Xcode/DerivedData/ProSystem-dprknjeyvcjgbvfrihwhxehzvsaw/Build/Intermediates.noindex/ProSystem.build/Debug/ProSystem.build/ProSystem-project-headers.hmap

WriteAuxiliaryFile /Users/barriesanders/Library/Developer/Xcode/DerivedData/ProSystem-dprknjeyvcjgbvfrihwhxehzvsaw/Build/Intermediates.noindex/ProSystem.build/Debug/ProSystem.build/ProSystem.DependencyMetadataFileList (in target 'ProSystem' from project 'ProSystem')
    cd /Users/barriesanders/.gemini/antigravity/scratch/OpenEmu_Port/ProSystem
    write-file /Users/barriesanders/Library/Developer/Xcode/DerivedData/ProSystem-dprknjeyvcjgbvfrihwhxehzvsaw/Build/Intermediates.noindex/ProSystem.build/Debug/ProSystem.build/ProSystem.DependencyMetadataFileList

WriteAuxiliaryFile /Users/barriesanders/Library/Developer/Xcode/DerivedData/ProSystem-dprknjeyvcjgbvfrihwhxehzvsaw/Build/Intermediates.noindex/ProSystem.build/Debug/ProSystem.build/ProSystem-generated-files.hmap (in target 'ProSystem' from project 'ProSystem')
    cd /Users/barriesanders/.gemini/antigravity/scratch/OpenEmu_Port/ProSystem
    write-file /Users/barriesanders/Library/Developer/Xcode/DerivedData/ProSystem-dprknjeyvcjgbvfrihwhxehzvsaw/Build/Intermediates.noindex/ProSystem.build/Debug/ProSystem.build/ProSystem-generated-files.hmap

WriteAuxiliaryFile /Users/barriesanders/Library/Developer/Xcode/DerivedData/ProSystem-dprknjeyvcjgbvfrihwhxehzvsaw/Build/Intermediates.noindex/ProSystem.build/Debug/ProSystem.build/ProSystem.hmap (in target 'ProSystem' from project 'ProSystem')
    cd /Users/barriesanders/.gemini/antigravity/scratch/OpenEmu_Port/ProSystem
    write-file /Users/barriesanders/Library/Developer/Xcode/DerivedData/ProSystem-dprknjeyvcjgbvfrihwhxehzvsaw/Build/Intermediates.noindex/ProSystem.build/Debug/ProSystem.build/ProSystem.hmap

WriteAuxiliaryFile /Users/barriesanders/Library/Developer/Xcode/DerivedData/ProSystem-dprknjeyvcjgbvfrihwhxehzvsaw/Build/Intermediates.noindex/ProSystem.build/Debug/ProSystem.build/ProSystem-all-target-headers.hmap (in target 'ProSystem' from project 'ProSystem')
    cd /Users/barriesanders/.gemini/antigravity/scratch/OpenEmu_Port/ProSystem
    write-file /Users/barriesanders/Library/Developer/Xcode/DerivedData/ProSystem-dprknjeyvcjgbvfrihwhxehzvsaw/Build/Intermediates.noindex/ProSystem.build/Debug/ProSystem.build/ProSystem-all-target-headers.hmap

WriteAuxiliaryFile /Users/barriesanders/Library/Developer/Xcode/DerivedData/ProSystem-dprknjeyvcjgbvfrihwhxehzvsaw/Build/Intermediates.noindex/ProSystem.build/Debug/ProSystem.build/ProSystem-own-target-headers.hmap (in target 'ProSystem' from project 'ProSystem')
    cd /Users/barriesanders/.gemini/antigravity/scratch/OpenEmu_Port/ProSystem
    write-file /Users/barriesanders/Library/Developer/Xcode/DerivedData/ProSystem-dprknjeyvcjgbvfrihwhxehzvsaw/Build/Intermediates.noindex/ProSystem.build/Debug/ProSystem.build/ProSystem-own-target-headers.hmap

WriteAuxiliaryFile /Users/barriesanders/Library/Developer/Xcode/DerivedData/ProSystem-dprknjeyvcjgbvfrihwhxehzvsaw/Build/Intermediates.noindex/ProSystem.build/Debug/ProSystem.build/ProSystem-all-non-framework-target-headers.hmap (in target 'ProSystem' from project 'ProSystem')
    cd /Users/barriesanders/.gemini/antigravity/scratch/OpenEmu_Port/ProSystem
    write-file /Users/barriesanders/Library/Developer/Xcode/DerivedData/ProSystem-dprknjeyvcjgbvfrihwhxehzvsaw/Build/Intermediates.noindex/ProSystem.build/Debug/ProSystem.build/ProSystem-all-non-framework-target-headers.hmap

WriteAuxiliaryFile /Users/barriesanders/Library/Developer/Xcode/DerivedData/ProSystem-dprknjeyvcjgbvfrihwhxehzvsaw/Build/Intermediates.noindex/ProSystem.build/Debug/ProSystem.build/Objects-normal/arm64/e6072d4f65d7061329687fe24e3d63a7-common-args.resp (in target 'ProSystem' from project 'ProSystem')
    cd /Users/barriesanders/.gemini/antigravity/scratch/OpenEmu_Port/ProSystem
    write-file /Users/barriesanders/Library/Developer/Xcode/DerivedData/ProSystem-dprknjeyvcjgbvfrihwhxehzvsaw/Build/Intermediates.noindex/ProSystem.build/Debug/ProSystem.build/Objects-normal/arm64/e6072d4f65d7061329687fe24e3d63a7-common-args.resp
-target arm64-apple-macos11.0 '-std=gnu99' -fobjc-arc -fmodules -gmodules '-fmodules-cache-path=/Users/barriesanders/Library/Developer/Xcode/DerivedData/ModuleCache.noindex' -fpascal-strings -O0 '-DOBJC_OLD_DISPATCH_PROTOTYPES=0' -isysroot /Applications/Xcode.app/Contents/Developer/Platforms/MacOSX.platform/Developer/SDKs/MacOSX26.2.sdk -g '-fvisibility=hidden' -iquote /Users/barriesanders/Library/Developer/Xcode/DerivedData/ProSystem-dprknjeyvcjgbvfrihwhxehzvsaw/Build/Intermediates.noindex/ProSystem.build/Debug/ProSystem.build/ProSystem-generated-files.hmap -I/Users/barriesanders/Library/Developer/Xcode/DerivedData/ProSystem-dprknjeyvcjgbvfrihwhxehzvsaw/Build/Intermediates.noindex/ProSystem.build/Debug/ProSystem.build/ProSystem-own-target-headers.hmap -I/Users/barriesanders/Library/Developer/Xcode/DerivedData/ProSystem-dprknjeyvcjgbvfrihwhxehzvsaw/Build/Intermediates.noindex/ProSystem.build/Debug/ProSystem.build/ProSystem-all-target-headers.hmap -iquote /Users/barriesanders/Library/Developer/Xcode/DerivedData/ProSystem-dprknjeyvcjgbvfrihwhxehzvsaw/Build/Intermediates.noindex/ProSystem.build/Debug/ProSystem.build/ProSystem-project-headers.hmap -I/Users/barriesanders/Library/Developer/Xcode/DerivedData/ProSystem-dprknjeyvcjgbvfrihwhxehzvsaw/Build/Products/Debug/include -I/Users/barriesanders/.gemini/antigravity/scratch/OpenEmu_Port/ProSystem/core -I/Users/barriesanders/.gemini/antigravity/scratch/OpenEmu_Port/ProSystem/Lib -I/Users/barriesanders/Library/Developer/Xcode/DerivedData/ProSystem-dprknjeyvcjgbvfrihwhxehzvsaw/Build/Intermediates.noindex/ProSystem.build/Debug/ProSystem.build/DerivedSources-normal/arm64 -I/Users/barriesanders/Library/Developer/Xcode/DerivedData/ProSystem-dprknjeyvcjgbvfrihwhxehzvsaw/Build/Intermediates.noindex/ProSystem.build/Debug/ProSystem.build/DerivedSources/arm64 -I/Users/barriesanders/Library/Developer/Xcode/DerivedData/ProSystem-dprknjeyvcjgbvfrihwhxehzvsaw/Build/Intermediates.noindex/ProSystem.build/Debug/ProSystem.build/DerivedSources -F/Users/barriesanders/Library/Developer/Xcode/DerivedData/ProSystem-dprknjeyvcjgbvfrihwhxehzvsaw/Build/Products/Debug

WriteAuxiliaryFile /Users/barriesanders/Library/Developer/Xcode/DerivedData/ProSystem-dprknjeyvcjgbvfrihwhxehzvsaw/Build/Intermediates.noindex/ProSystem.build/Debug/ProSystem.build/Objects-normal/arm64/ProSystem.LinkFileList (in target 'ProSystem' from project 'ProSystem')
    cd /Users/barriesanders/.gemini/antigravity/scratch/OpenEmu_Port/ProSystem
    write-file /Users/barriesanders/Library/Developer/Xcode/DerivedData/ProSystem-dprknjeyvcjgbvfrihwhxehzvsaw/Build/Intermediates.noindex/ProSystem.build/Debug/ProSystem.build/Objects-normal/arm64/ProSystem.LinkFileList

WriteAuxiliaryFile /Users/barriesanders/Library/Developer/Xcode/DerivedData/ProSystem-dprknjeyvcjgbvfrihwhxehzvsaw/Build/Intermediates.noindex/ProSystem.build/Debug/ProSystem.build/Objects-normal/arm64/7187679823f38a2a940e0043cdf9d637-common-args.resp (in target 'ProSystem' from project 'ProSystem')
    cd /Users/barriesanders/.gemini/antigravity/scratch/OpenEmu_Port/ProSystem
    write-file /Users/barriesanders/Library/Developer/Xcode/DerivedData/ProSystem-dprknjeyvcjgbvfrihwhxehzvsaw/Build/Intermediates.noindex/ProSystem.build/Debug/ProSystem.build/Objects-normal/arm64/7187679823f38a2a940e0043cdf9d637-common-args.resp
-target arm64-apple-macos11.0 '-std=gnu99' -fmodules -gmodules '-fmodules-cache-path=/Users/barriesanders/Library/Developer/Xcode/DerivedData/ModuleCache.noindex' -fpascal-strings -O0 -isysroot /Applications/Xcode.app/Contents/Developer/Platforms/MacOSX.platform/Developer/SDKs/MacOSX26.2.sdk -g '-fvisibility=hidden' -iquote /Users/barriesanders/Library/Developer/Xcode/DerivedData/ProSystem-dprknjeyvcjgbvfrihwhxehzvsaw/Build/Intermediates.noindex/ProSystem.build/Debug/ProSystem.build/ProSystem-generated-files.hmap -I/Users/barriesanders/Library/Developer/Xcode/DerivedData/ProSystem-dprknjeyvcjgbvfrihwhxehzvsaw/Build/Intermediates.noindex/ProSystem.build/Debug/ProSystem.build/ProSystem-own-target-headers.hmap -I/Users/barriesanders/Library/Developer/Xcode/DerivedData/ProSystem-dprknjeyvcjgbvfrihwhxehzvsaw/Build/Intermediates.noindex/ProSystem.build/Debug/ProSystem.build/ProSystem-all-target-headers.hmap -iquote /Users/barriesanders/Library/Developer/Xcode/DerivedData/ProSystem-dprknjeyvcjgbvfrihwhxehzvsaw/Build/Intermediates.noindex/ProSystem.build/Debug/ProSystem.build/ProSystem-project-headers.hmap -I/Users/barriesanders/Library/Developer/Xcode/DerivedData/ProSystem-dprknjeyvcjgbvfrihwhxehzvsaw/Build/Products/Debug/include -I/Users/barriesanders/.gemini/antigravity/scratch/OpenEmu_Port/ProSystem/core -I/Users/barriesanders/.gemini/antigravity/scratch/OpenEmu_Port/ProSystem/Lib -I/Users/barriesanders/Library/Developer/Xcode/DerivedData/ProSystem-dprknjeyvcjgbvfrihwhxehzvsaw/Build/Intermediates.noindex/ProSystem.build/Debug/ProSystem.build/DerivedSources-normal/arm64 -I/Users/barriesanders/Library/Developer/Xcode/DerivedData/ProSystem-dprknjeyvcjgbvfrihwhxehzvsaw/Build/Intermediates.noindex/ProSystem.build/Debug/ProSystem.build/DerivedSources/arm64 -I/Users/barriesanders/Library/Developer/Xcode/DerivedData/ProSystem-dprknjeyvcjgbvfrihwhxehzvsaw/Build/Intermediates.noindex/ProSystem.build/Debug/ProSystem.build/DerivedSources -F/Users/barriesanders/Library/Developer/Xcode/DerivedData/ProSystem-dprknjeyvcjgbvfrihwhxehzvsaw/Build/Products/Debug

MkDir /Users/barriesanders/Library/Developer/Xcode/DerivedData/ProSystem-dprknjeyvcjgbvfrihwhxehzvsaw/Build/Products/Debug/ProSystem.oecoreplugin (in target 'ProSystem' from project 'ProSystem')
    cd /Users/barriesanders/.gemini/antigravity/scratch/OpenEmu_Port/ProSystem
    /bin/mkdir -p /Users/barriesanders/Library/Developer/Xcode/DerivedData/ProSystem-dprknjeyvcjgbvfrihwhxehzvsaw/Build/Products/Debug/ProSystem.oecoreplugin

MkDir /Users/barriesanders/Library/Developer/Xcode/DerivedData/ProSystem-dprknjeyvcjgbvfrihwhxehzvsaw/Build/Products/Debug/ProSystem.oecoreplugin/Contents (in target 'ProSystem' from project 'ProSystem')
    cd /Users/barriesanders/.gemini/antigravity/scratch/OpenEmu_Port/ProSystem
    /bin/mkdir -p /Users/barriesanders/Library/Developer/Xcode/DerivedData/ProSystem-dprknjeyvcjgbvfrihwhxehzvsaw/Build/Products/Debug/ProSystem.oecoreplugin/Contents

MkDir /Users/barriesanders/Library/Developer/Xcode/DerivedData/ProSystem-dprknjeyvcjgbvfrihwhxehzvsaw/Build/Products/Debug/ProSystem.oecoreplugin/Contents/Resources (in target 'ProSystem' from project 'ProSystem')
    cd /Users/barriesanders/.gemini/antigravity/scratch/OpenEmu_Port/ProSystem
    /bin/mkdir -p /Users/barriesanders/Library/Developer/Xcode/DerivedData/ProSystem-dprknjeyvcjgbvfrihwhxehzvsaw/Build/Products/Debug/ProSystem.oecoreplugin/Contents/Resources

MkDir /Users/barriesanders/Library/Developer/Xcode/DerivedData/ProSystem-dprknjeyvcjgbvfrihwhxehzvsaw/Build/Products/Debug/ProSystem.oecoreplugin/Contents/MacOS (in target 'ProSystem' from project 'ProSystem')
    cd /Users/barriesanders/.gemini/antigravity/scratch/OpenEmu_Port/ProSystem
    /bin/mkdir -p /Users/barriesanders/Library/Developer/Xcode/DerivedData/ProSystem-dprknjeyvcjgbvfrihwhxehzvsaw/Build/Products/Debug/ProSystem.oecoreplugin/Contents/MacOS

ProcessInfoPlistFile /Users/barriesanders/Library/Developer/Xcode/DerivedData/ProSystem-dprknjeyvcjgbvfrihwhxehzvsaw/Build/Products/Debug/ProSystem.oecoreplugin/Contents/Info.plist /Users/barriesanders/.gemini/antigravity/scratch/OpenEmu_Port/ProSystem/Info.plist (in target 'ProSystem' from project 'ProSystem')
    cd /Users/barriesanders/.gemini/antigravity/scratch/OpenEmu_Port/ProSystem
    builtin-infoPlistUtility /Users/barriesanders/.gemini/antigravity/scratch/OpenEmu_Port/ProSystem/Info.plist -producttype com.apple.product-type.bundle -expandbuildsettings -platform macosx -o /Users/barriesanders/Library/Developer/Xcode/DerivedData/ProSystem-dprknjeyvcjgbvfrihwhxehzvsaw/Build/Products/Debug/ProSystem.oecoreplugin/Contents/Info.plist

CpResource /Users/barriesanders/Library/Developer/Xcode/DerivedData/ProSystem-dprknjeyvcjgbvfrihwhxehzvsaw/Build/Products/Debug/ProSystem.oecoreplugin/Contents/Resources/ProSystem.dat /Users/barriesanders/.gemini/antigravity/scratch/OpenEmu_Port/ProSystem/ProSystem.dat (in target 'ProSystem' from project 'ProSystem')
    cd /Users/barriesanders/.gemini/antigravity/scratch/OpenEmu_Port/ProSystem
    builtin-copy -exclude .DS_Store -exclude CVS -exclude .svn -exclude .git -exclude .hg -strip-unsigned-binaries -strip-deterministic -strip-tool /Applications/Xcode.app/Contents/Developer/Toolchains/XcodeDefault.xctoolchain/usr/bin/strip -resolve-src-symlinks /Users/barriesanders/.gemini/antigravity/scratch/OpenEmu_Port/ProSystem/ProSystem.dat /Users/barriesanders/Library/Developer/Xcode/DerivedData/ProSystem-dprknjeyvcjgbvfrihwhxehzvsaw/Build/Products/Debug/ProSystem.oecoreplugin/Contents/Resources

CopyStringsFile /Users/barriesanders/Library/Developer/Xcode/DerivedData/ProSystem-dprknjeyvcjgbvfrihwhxehzvsaw/Build/Products/Debug/ProSystem.oecoreplugin/Contents/Resources/en.lproj/InfoPlist.strings /Users/barriesanders/.gemini/antigravity/scratch/OpenEmu_Port/ProSystem/en.lproj/InfoPlist.strings (in target 'ProSystem' from project 'ProSystem')
    cd /Users/barriesanders/.gemini/antigravity/scratch/OpenEmu_Port/ProSystem
    builtin-copyStrings --validate --inputencoding utf-8 --outputencoding UTF-16 --outfilename InfoPlist.strings --outdir /Users/barriesanders/Library/Developer/Xcode/DerivedData/ProSystem-dprknjeyvcjgbvfrihwhxehzvsaw/Build/Products/Debug/ProSystem.oecoreplugin/Contents/Resources/en.lproj -- /Users/barriesanders/.gemini/antigravity/scratch/OpenEmu_Port/ProSystem/en.lproj/InfoPlist.strings

ScanDependencies /Users/barriesanders/Library/Developer/Xcode/DerivedData/ProSystem-dprknjeyvcjgbvfrihwhxehzvsaw/Build/Intermediates.noindex/ProSystem.build/Debug/ProSystem.build/Objects-normal/arm64/md5.o /Users/barriesanders/.gemini/antigravity/scratch/OpenEmu_Port/ProSystem/src/md5.c normal arm64 c com.apple.compilers.llvm.clang.1_0.compiler (in target 'ProSystem' from project 'ProSystem')
    cd /Users/barriesanders/.gemini/antigravity/scratch/OpenEmu_Port/ProSystem
    
    Using response file: /Users/barriesanders/Library/Developer/Xcode/DerivedData/ProSystem-dprknjeyvcjgbvfrihwhxehzvsaw/Build/Intermediates.noindex/ProSystem.build/Debug/ProSystem.build/Objects-normal/arm64/7187679823f38a2a940e0043cdf9d637-common-args.resp
    
    builtin-ScanDependencies -o /Users/barriesanders/Library/Developer/Xcode/DerivedData/ProSystem-dprknjeyvcjgbvfrihwhxehzvsaw/Build/Intermediates.noindex/ProSystem.build/Debug/ProSystem.build/Objects-normal/arm64/md5.o.scan -- /Applications/Xcode.app/Contents/Developer/Toolchains/XcodeDefault.xctoolchain/usr/bin/clang -x c -ivfsstatcache /Users/barriesanders/Library/Developer/Xcode/DerivedData/SDKStatCaches.noindex/macosx26.2-25C57-3885c01c3e6b6a337905948deab2002e00fa09913b459cbbc988d1f6730289ae.sdkstatcache -fmessage-length\=0 -fdiagnostics-show-note-include-stack -fmacro-backtrace-limit\=0 -fno-color-diagnostics -fmodules-prune-interval\=86400 -fmodules-prune-after\=345600 -fbuild-session-file\=/Users/barriesanders/Library/Developer/Xcode/DerivedData/ModuleCache.noindex/Session.modulevalidation -fmodules-validate-once-per-build-session -Wnon-modular-include-in-framework-module -Werror\=non-modular-include-in-framework-module -Wno-trigraphs -Wno-missing-field-initializers -Wno-missing-prototypes -Wunreachable-code -Wno-missing-braces -Wparentheses -Wswitch -Wunused-function -Wno-unused-label -Wno-unused-parameter -Wunused-variable -Wunused-value -Wempty-body -Wuninitialized -Wno-unknown-pragmas -Wno-shadow -Wno-four-char-constants -Wno-conversion -Wconstant-conversion -Wint-conversion -Wbool-conversion -Wenum-conversion -Wno-float-conversion -Wno-non-literal-null-conversion -Wno-objc-literal-conversion -Wshorten-64-to-32 -Wpointer-sign -Wno-newline-eof -Wno-implicit-fallthrough -fstrict-aliasing -Wdeprecated-declarations -Wno-sign-conversion -Wno-infinite-recursion -Wno-comma -Wno-block-capture-autoreleasing -Wno-strict-prototypes -Wno-semicolon-before-method-body -index-store-path /Users/barriesanders/Library/Developer/Xcode/DerivedData/ProSystem-dprknjeyvcjgbvfrihwhxehzvsaw/Index.noindex/DataStore @/Users/barriesanders/Library/Developer/Xcode/DerivedData/ProSystem-dprknjeyvcjgbvfrihwhxehzvsaw/Build/Intermediates.noindex/ProSystem.build/Debug/ProSystem.build/Objects-normal/arm64/7187679823f38a2a940e0043cdf9d637-common-args.resp -MMD -MT dependencies -MF /Users/barriesanders/Library/Developer/Xcode/DerivedData/ProSystem-dprknjeyvcjgbvfrihwhxehzvsaw/Build/Intermediates.noindex/ProSystem.build/Debug/ProSystem.build/Objects-normal/arm64/md5.d --serialize-diagnostics /Users/barriesanders/Library/Developer/Xcode/DerivedData/ProSystem-dprknjeyvcjgbvfrihwhxehzvsaw/Build/Intermediates.noindex/ProSystem.build/Debug/ProSystem.build/Objects-normal/arm64/md5.dia -c /Users/barriesanders/.gemini/antigravity/scratch/OpenEmu_Port/ProSystem/src/md5.c -o /Users/barriesanders/Library/Developer/Xcode/DerivedData/ProSystem-dprknjeyvcjgbvfrihwhxehzvsaw/Build/Intermediates.noindex/ProSystem.build/Debug/ProSystem.build/Objects-normal/arm64/md5.o -index-unit-output-path /ProSystem.build/Debug/ProSystem.build/Objects-normal/arm64/md5.o

ScanDependencies /Users/barriesanders/Library/Developer/Xcode/DerivedData/ProSystem-dprknjeyvcjgbvfrihwhxehzvsaw/Build/Intermediates.noindex/ProSystem.build/Debug/ProSystem.build/Objects-normal/arm64/Tia.o /Users/barriesanders/.gemini/antigravity/scratch/OpenEmu_Port/ProSystem/src/Tia.c normal arm64 c com.apple.compilers.llvm.clang.1_0.compiler (in target 'ProSystem' from project 'ProSystem')
    cd /Users/barriesanders/.gemini/antigravity/scratch/OpenEmu_Port/ProSystem
    
    Using response file: /Users/barriesanders/Library/Developer/Xcode/DerivedData/ProSystem-dprknjeyvcjgbvfrihwhxehzvsaw/Build/Intermediates.noindex/ProSystem.build/Debug/ProSystem.build/Objects-normal/arm64/7187679823f38a2a940e0043cdf9d637-common-args.resp
    
    builtin-ScanDependencies -o /Users/barriesanders/Library/Developer/Xcode/DerivedData/ProSystem-dprknjeyvcjgbvfrihwhxehzvsaw/Build/Intermediates.noindex/ProSystem.build/Debug/ProSystem.build/Objects-normal/arm64/Tia.o.scan -- /Applications/Xcode.app/Contents/Developer/Toolchains/XcodeDefault.xctoolchain/usr/bin/clang -x c -ivfsstatcache /Users/barriesanders/Library/Developer/Xcode/DerivedData/SDKStatCaches.noindex/macosx26.2-25C57-3885c01c3e6b6a337905948deab2002e00fa09913b459cbbc988d1f6730289ae.sdkstatcache -fmessage-length\=0 -fdiagnostics-show-note-include-stack -fmacro-backtrace-limit\=0 -fno-color-diagnostics -fmodules-prune-interval\=86400 -fmodules-prune-after\=345600 -fbuild-session-file\=/Users/barriesanders/Library/Developer/Xcode/DerivedData/ModuleCache.noindex/Session.modulevalidation -fmodules-validate-once-per-build-session -Wnon-modular-include-in-framework-module -Werror\=non-modular-include-in-framework-module -Wno-trigraphs -Wno-missing-field-initializers -Wno-missing-prototypes -Wunreachable-code -Wno-missing-braces -Wparentheses -Wswitch -Wunused-function -Wno-unused-label -Wno-unused-parameter -Wunused-variable -Wunused-value -Wempty-body -Wuninitialized -Wno-unknown-pragmas -Wno-shadow -Wno-four-char-constants -Wno-conversion -Wconstant-conversion -Wint-conversion -Wbool-conversion -Wenum-conversion -Wno-float-conversion -Wno-non-literal-null-conversion -Wno-objc-literal-conversion -Wshorten-64-to-32 -Wpointer-sign -Wno-newline-eof -Wno-implicit-fallthrough -fstrict-aliasing -Wdeprecated-declarations -Wno-sign-conversion -Wno-infinite-recursion -Wno-comma -Wno-block-capture-autoreleasing -Wno-strict-prototypes -Wno-semicolon-before-method-body -index-store-path /Users/barriesanders/Library/Developer/Xcode/DerivedData/ProSystem-dprknjeyvcjgbvfrihwhxehzvsaw/Index.noindex/DataStore @/Users/barriesanders/Library/Developer/Xcode/DerivedData/ProSystem-dprknjeyvcjgbvfrihwhxehzvsaw/Build/Intermediates.noindex/ProSystem.build/Debug/ProSystem.build/Objects-normal/arm64/7187679823f38a2a940e0043cdf9d637-common-args.resp -MMD -MT dependencies -MF /Users/barriesanders/Library/Developer/Xcode/DerivedData/ProSystem-dprknjeyvcjgbvfrihwhxehzvsaw/Build/Intermediates.noindex/ProSystem.build/Debug/ProSystem.build/Objects-normal/arm64/Tia.d --serialize-diagnostics /Users/barriesanders/Library/Developer/Xcode/DerivedData/ProSystem-dprknjeyvcjgbvfrihwhxehzvsaw/Build/Intermediates.noindex/ProSystem.build/Debug/ProSystem.build/Objects-normal/arm64/Tia.dia -c /Users/barriesanders/.gemini/antigravity/scratch/OpenEmu_Port/ProSystem/src/Tia.c -o /Users/barriesanders/Library/Developer/Xcode/DerivedData/ProSystem-dprknjeyvcjgbvfrihwhxehzvsaw/Build/Intermediates.noindex/ProSystem.build/Debug/ProSystem.build/Objects-normal/arm64/Tia.o -index-unit-output-path /ProSystem.build/Debug/ProSystem.build/Objects-normal/arm64/Tia.o

ScanDependencies /Users/barriesanders/Library/Developer/Xcode/DerivedData/ProSystem-dprknjeyvcjgbvfrihwhxehzvsaw/Build/Intermediates.noindex/ProSystem.build/Debug/ProSystem.build/Objects-normal/arm64/Sound.o /Users/barriesanders/.gemini/antigravity/scratch/OpenEmu_Port/ProSystem/src/Sound.c normal arm64 c com.apple.compilers.llvm.clang.1_0.compiler (in target 'ProSystem' from project 'ProSystem')
    cd /Users/barriesanders/.gemini/antigravity/scratch/OpenEmu_Port/ProSystem
    
    Using response file: /Users/barriesanders/Library/Developer/Xcode/DerivedData/ProSystem-dprknjeyvcjgbvfrihwhxehzvsaw/Build/Intermediates.noindex/ProSystem.build/Debug/ProSystem.build/Objects-normal/arm64/7187679823f38a2a940e0043cdf9d637-common-args.resp
    
    builtin-ScanDependencies -o /Users/barriesanders/Library/Developer/Xcode/DerivedData/ProSystem-dprknjeyvcjgbvfrihwhxehzvsaw/Build/Intermediates.noindex/ProSystem.build/Debug/ProSystem.build/Objects-normal/arm64/Sound.o.scan -- /Applications/Xcode.app/Contents/Developer/Toolchains/XcodeDefault.xctoolchain/usr/bin/clang -x c -ivfsstatcache /Users/barriesanders/Library/Developer/Xcode/DerivedData/SDKStatCaches.noindex/macosx26.2-25C57-3885c01c3e6b6a337905948deab2002e00fa09913b459cbbc988d1f6730289ae.sdkstatcache -fmessage-length\=0 -fdiagnostics-show-note-include-stack -fmacro-backtrace-limit\=0 -fno-color-diagnostics -fmodules-prune-interval\=86400 -fmodules-prune-after\=345600 -fbuild-session-file\=/Users/barriesanders/Library/Developer/Xcode/DerivedData/ModuleCache.noindex/Session.modulevalidation -fmodules-validate-once-per-build-session -Wnon-modular-include-in-framework-module -Werror\=non-modular-include-in-framework-module -Wno-trigraphs -Wno-missing-field-initializers -Wno-missing-prototypes -Wunreachable-code -Wno-missing-braces -Wparentheses -Wswitch -Wunused-function -Wno-unused-label -Wno-unused-parameter -Wunused-variable -Wunused-value -Wempty-body -Wuninitialized -Wno-unknown-pragmas -Wno-shadow -Wno-four-char-constants -Wno-conversion -Wconstant-conversion -Wint-conversion -Wbool-conversion -Wenum-conversion -Wno-float-conversion -Wno-non-literal-null-conversion -Wno-objc-literal-conversion -Wshorten-64-to-32 -Wpointer-sign -Wno-newline-eof -Wno-implicit-fallthrough -fstrict-aliasing -Wdeprecated-declarations -Wno-sign-conversion -Wno-infinite-recursion -Wno-comma -Wno-block-capture-autoreleasing -Wno-strict-prototypes -Wno-semicolon-before-method-body -index-store-path /Users/barriesanders/Library/Developer/Xcode/DerivedData/ProSystem-dprknjeyvcjgbvfrihwhxehzvsaw/Index.noindex/DataStore @/Users/barriesanders/Library/Developer/Xcode/DerivedData/ProSystem-dprknjeyvcjgbvfrihwhxehzvsaw/Build/Intermediates.noindex/ProSystem.build/Debug/ProSystem.build/Objects-normal/arm64/7187679823f38a2a940e0043cdf9d637-common-args.resp -MMD -MT dependencies -MF /Users/barriesanders/Library/Developer/Xcode/DerivedData/ProSystem-dprknjeyvcjgbvfrihwhxehzvsaw/Build/Intermediates.noindex/ProSystem.build/Debug/ProSystem.build/Objects-normal/arm64/Sound.d --serialize-diagnostics /Users/barriesanders/Library/Developer/Xcode/DerivedData/ProSystem-dprknjeyvcjgbvfrihwhxehzvsaw/Build/Intermediates.noindex/ProSystem.build/Debug/ProSystem.build/Objects-normal/arm64/Sound.dia -c /Users/barriesanders/.gemini/antigravity/scratch/OpenEmu_Port/ProSystem/src/Sound.c -o /Users/barriesanders/Library/Developer/Xcode/DerivedData/ProSystem-dprknjeyvcjgbvfrihwhxehzvsaw/Build/Intermediates.noindex/ProSystem.build/Debug/ProSystem.build/Objects-normal/arm64/Sound.o -index-unit-output-path /ProSystem.build/Debug/ProSystem.build/Objects-normal/arm64/Sound.o

ScanDependencies /Users/barriesanders/Library/Developer/Xcode/DerivedData/ProSystem-dprknjeyvcjgbvfrihwhxehzvsaw/Build/Intermediates.noindex/ProSystem.build/Debug/ProSystem.build/Objects-normal/arm64/Sally.o /Users/barriesanders/.gemini/antigravity/scratch/OpenEmu_Port/ProSystem/src/Sally.c normal arm64 c com.apple.compilers.llvm.clang.1_0.compiler (in target 'ProSystem' from project 'ProSystem')
    cd /Users/barriesanders/.gemini/antigravity/scratch/OpenEmu_Port/ProSystem
    
    Using response file: /Users/barriesanders/Library/Developer/Xcode/DerivedData/ProSystem-dprknjeyvcjgbvfrihwhxehzvsaw/Build/Intermediates.noindex/ProSystem.build/Debug/ProSystem.build/Objects-normal/arm64/7187679823f38a2a940e0043cdf9d637-common-args.resp
    
    builtin-ScanDependencies -o /Users/barriesanders/Library/Developer/Xcode/DerivedData/ProSystem-dprknjeyvcjgbvfrihwhxehzvsaw/Build/Intermediates.noindex/ProSystem.build/Debug/ProSystem.build/Objects-normal/arm64/Sally.o.scan -- /Applications/Xcode.app/Contents/Developer/Toolchains/XcodeDefault.xctoolchain/usr/bin/clang -x c -ivfsstatcache /Users/barriesanders/Library/Developer/Xcode/DerivedData/SDKStatCaches.noindex/macosx26.2-25C57-3885c01c3e6b6a337905948deab2002e00fa09913b459cbbc988d1f6730289ae.sdkstatcache -fmessage-length\=0 -fdiagnostics-show-note-include-stack -fmacro-backtrace-limit\=0 -fno-color-diagnostics -fmodules-prune-interval\=86400 -fmodules-prune-after\=345600 -fbuild-session-file\=/Users/barriesanders/Library/Developer/Xcode/DerivedData/ModuleCache.noindex/Session.modulevalidation -fmodules-validate-once-per-build-session -Wnon-modular-include-in-framework-module -Werror\=non-modular-include-in-framework-module -Wno-trigraphs -Wno-missing-field-initializers -Wno-missing-prototypes -Wunreachable-code -Wno-missing-braces -Wparentheses -Wswitch -Wunused-function -Wno-unused-label -Wno-unused-parameter -Wunused-variable -Wunused-value -Wempty-body -Wuninitialized -Wno-unknown-pragmas -Wno-shadow -Wno-four-char-constants -Wno-conversion -Wconstant-conversion -Wint-conversion -Wbool-conversion -Wenum-conversion -Wno-float-conversion -Wno-non-literal-null-conversion -Wno-objc-literal-conversion -Wshorten-64-to-32 -Wpointer-sign -Wno-newline-eof -Wno-implicit-fallthrough -fstrict-aliasing -Wdeprecated-declarations -Wno-sign-conversion -Wno-infinite-recursion -Wno-comma -Wno-block-capture-autoreleasing -Wno-strict-prototypes -Wno-semicolon-before-method-body -index-store-path /Users/barriesanders/Library/Developer/Xcode/DerivedData/ProSystem-dprknjeyvcjgbvfrihwhxehzvsaw/Index.noindex/DataStore @/Users/barriesanders/Library/Developer/Xcode/DerivedData/ProSystem-dprknjeyvcjgbvfrihwhxehzvsaw/Build/Intermediates.noindex/ProSystem.build/Debug/ProSystem.build/Objects-normal/arm64/7187679823f38a2a940e0043cdf9d637-common-args.resp -MMD -MT dependencies -MF /Users/barriesanders/Library/Developer/Xcode/DerivedData/ProSystem-dprknjeyvcjgbvfrihwhxehzvsaw/Build/Intermediates.noindex/ProSystem.build/Debug/ProSystem.build/Objects-normal/arm64/Sally.d --serialize-diagnostics /Users/barriesanders/Library/Developer/Xcode/DerivedData/ProSystem-dprknjeyvcjgbvfrihwhxehzvsaw/Build/Intermediates.noindex/ProSystem.build/Debug/ProSystem.build/Objects-normal/arm64/Sally.dia -c /Users/barriesanders/.gemini/antigravity/scratch/OpenEmu_Port/ProSystem/src/Sally.c -o /Users/barriesanders/Library/Developer/Xcode/DerivedData/ProSystem-dprknjeyvcjgbvfrihwhxehzvsaw/Build/Intermediates.noindex/ProSystem.build/Debug/ProSystem.build/Objects-normal/arm64/Sally.o -index-unit-output-path /ProSystem.build/Debug/ProSystem.build/Objects-normal/arm64/Sally.o

ScanDependencies /Users/barriesanders/Library/Developer/Xcode/DerivedData/ProSystem-dprknjeyvcjgbvfrihwhxehzvsaw/Build/Intermediates.noindex/ProSystem.build/Debug/ProSystem.build/Objects-normal/arm64/Riot.o /Users/barriesanders/.gemini/antigravity/scratch/OpenEmu_Port/ProSystem/src/Riot.c normal arm64 c com.apple.compilers.llvm.clang.1_0.compiler (in target 'ProSystem' from project 'ProSystem')
    cd /Users/barriesanders/.gemini/antigravity/scratch/OpenEmu_Port/ProSystem
    
    Using response file: /Users/barriesanders/Library/Developer/Xcode/DerivedData/ProSystem-dprknjeyvcjgbvfrihwhxehzvsaw/Build/Intermediates.noindex/ProSystem.build/Debug/ProSystem.build/Objects-normal/arm64/7187679823f38a2a940e0043cdf9d637-common-args.resp
    
    builtin-ScanDependencies -o /Users/barriesanders/Library/Developer/Xcode/DerivedData/ProSystem-dprknjeyvcjgbvfrihwhxehzvsaw/Build/Intermediates.noindex/ProSystem.build/Debug/ProSystem.build/Objects-normal/arm64/Riot.o.scan -- /Applications/Xcode.app/Contents/Developer/Toolchains/XcodeDefault.xctoolchain/usr/bin/clang -x c -ivfsstatcache /Users/barriesanders/Library/Developer/Xcode/DerivedData/SDKStatCaches.noindex/macosx26.2-25C57-3885c01c3e6b6a337905948deab2002e00fa09913b459cbbc988d1f6730289ae.sdkstatcache -fmessage-length\=0 -fdiagnostics-show-note-include-stack -fmacro-backtrace-limit\=0 -fno-color-diagnostics -fmodules-prune-interval\=86400 -fmodules-prune-after\=345600 -fbuild-session-file\=/Users/barriesanders/Library/Developer/Xcode/DerivedData/ModuleCache.noindex/Session.modulevalidation -fmodules-validate-once-per-build-session -Wnon-modular-include-in-framework-module -Werror\=non-modular-include-in-framework-module -Wno-trigraphs -Wno-missing-field-initializers -Wno-missing-prototypes -Wunreachable-code -Wno-missing-braces -Wparentheses -Wswitch -Wunused-function -Wno-unused-label -Wno-unused-parameter -Wunused-variable -Wunused-value -Wempty-body -Wuninitialized -Wno-unknown-pragmas -Wno-shadow -Wno-four-char-constants -Wno-conversion -Wconstant-conversion -Wint-conversion -Wbool-conversion -Wenum-conversion -Wno-float-conversion -Wno-non-literal-null-conversion -Wno-objc-literal-conversion -Wshorten-64-to-32 -Wpointer-sign -Wno-newline-eof -Wno-implicit-fallthrough -fstrict-aliasing -Wdeprecated-declarations -Wno-sign-conversion -Wno-infinite-recursion -Wno-comma -Wno-block-capture-autoreleasing -Wno-strict-prototypes -Wno-semicolon-before-method-body -index-store-path /Users/barriesanders/Library/Developer/Xcode/DerivedData/ProSystem-dprknjeyvcjgbvfrihwhxehzvsaw/Index.noindex/DataStore @/Users/barriesanders/Library/Developer/Xcode/DerivedData/ProSystem-dprknjeyvcjgbvfrihwhxehzvsaw/Build/Intermediates.noindex/ProSystem.build/Debug/ProSystem.build/Objects-normal/arm64/7187679823f38a2a940e0043cdf9d637-common-args.resp -MMD -MT dependencies -MF /Users/barriesanders/Library/Developer/Xcode/DerivedData/ProSystem-dprknjeyvcjgbvfrihwhxehzvsaw/Build/Intermediates.noindex/ProSystem.build/Debug/ProSystem.build/Objects-normal/arm64/Riot.d --serialize-diagnostics /Users/barriesanders/Library/Developer/Xcode/DerivedData/ProSystem-dprknjeyvcjgbvfrihwhxehzvsaw/Build/Intermediates.noindex/ProSystem.build/Debug/ProSystem.build/Objects-normal/arm64/Riot.dia -c /Users/barriesanders/.gemini/antigravity/scratch/OpenEmu_Port/ProSystem/src/Riot.c -o /Users/barriesanders/Library/Developer/Xcode/DerivedData/ProSystem-dprknjeyvcjgbvfrihwhxehzvsaw/Build/Intermediates.noindex/ProSystem.build/Debug/ProSystem.build/Objects-normal/arm64/Riot.o -index-unit-output-path /ProSystem.build/Debug/ProSystem.build/Objects-normal/arm64/Riot.o

ScanDependencies /Users/barriesanders/Library/Developer/Xcode/DerivedData/ProSystem-dprknjeyvcjgbvfrihwhxehzvsaw/Build/Intermediates.noindex/ProSystem.build/Debug/ProSystem.build/Objects-normal/arm64/Region.o /Users/barriesanders/.gemini/antigravity/scratch/OpenEmu_Port/ProSystem/src/Region.c normal arm64 c com.apple.compilers.llvm.clang.1_0.compiler (in target 'ProSystem' from project 'ProSystem')
    cd /Users/barriesanders/.gemini/antigravity/scratch/OpenEmu_Port/ProSystem
    
    Using response file: /Users/barriesanders/Library/Developer/Xcode/DerivedData/ProSystem-dprknjeyvcjgbvfrihwhxehzvsaw/Build/Intermediates.noindex/ProSystem.build/Debug/ProSystem.build/Objects-normal/arm64/7187679823f38a2a940e0043cdf9d637-common-args.resp
    
    builtin-ScanDependencies -o /Users/barriesanders/Library/Developer/Xcode/DerivedData/ProSystem-dprknjeyvcjgbvfrihwhxehzvsaw/Build/Intermediates.noindex/ProSystem.build/Debug/ProSystem.build/Objects-normal/arm64/Region.o.scan -- /Applications/Xcode.app/Contents/Developer/Toolchains/XcodeDefault.xctoolchain/usr/bin/clang -x c -ivfsstatcache /Users/barriesanders/Library/Developer/Xcode/DerivedData/SDKStatCaches.noindex/macosx26.2-25C57-3885c01c3e6b6a337905948deab2002e00fa09913b459cbbc988d1f6730289ae.sdkstatcache -fmessage-length\=0 -fdiagnostics-show-note-include-stack -fmacro-backtrace-limit\=0 -fno-color-diagnostics -fmodules-prune-interval\=86400 -fmodules-prune-after\=345600 -fbuild-session-file\=/Users/barriesanders/Library/Developer/Xcode/DerivedData/ModuleCache.noindex/Session.modulevalidation -fmodules-validate-once-per-build-session -Wnon-modular-include-in-framework-module -Werror\=non-modular-include-in-framework-module -Wno-trigraphs -Wno-missing-field-initializers -Wno-missing-prototypes -Wunreachable-code -Wno-missing-braces -Wparentheses -Wswitch -Wunused-function -Wno-unused-label -Wno-unused-parameter -Wunused-variable -Wunused-value -Wempty-body -Wuninitialized -Wno-unknown-pragmas -Wno-shadow -Wno-four-char-constants -Wno-conversion -Wconstant-conversion -Wint-conversion -Wbool-conversion -Wenum-conversion -Wno-float-conversion -Wno-non-literal-null-conversion -Wno-objc-literal-conversion -Wshorten-64-to-32 -Wpointer-sign -Wno-newline-eof -Wno-implicit-fallthrough -fstrict-aliasing -Wdeprecated-declarations -Wno-sign-conversion -Wno-infinite-recursion -Wno-comma -Wno-block-capture-autoreleasing -Wno-strict-prototypes -Wno-semicolon-before-method-body -index-store-path /Users/barriesanders/Library/Developer/Xcode/DerivedData/ProSystem-dprknjeyvcjgbvfrihwhxehzvsaw/Index.noindex/DataStore @/Users/barriesanders/Library/Developer/Xcode/DerivedData/ProSystem-dprknjeyvcjgbvfrihwhxehzvsaw/Build/Intermediates.noindex/ProSystem.build/Debug/ProSystem.build/Objects-normal/arm64/7187679823f38a2a940e0043cdf9d637-common-args.resp -MMD -MT dependencies -MF /Users/barriesanders/Library/Developer/Xcode/DerivedData/ProSystem-dprknjeyvcjgbvfrihwhxehzvsaw/Build/Intermediates.noindex/ProSystem.build/Debug/ProSystem.build/Objects-normal/arm64/Region.d --serialize-diagnostics /Users/barriesanders/Library/Developer/Xcode/DerivedData/ProSystem-dprknjeyvcjgbvfrihwhxehzvsaw/Build/Intermediates.noindex/ProSystem.build/Debug/ProSystem.build/Objects-normal/arm64/Region.dia -c /Users/barriesanders/.gemini/antigravity/scratch/OpenEmu_Port/ProSystem/src/Region.c -o /Users/barriesanders/Library/Developer/Xcode/DerivedData/ProSystem-dprknjeyvcjgbvfrihwhxehzvsaw/Build/Intermediates.noindex/ProSystem.build/Debug/ProSystem.build/Objects-normal/arm64/Region.o -index-unit-output-path /ProSystem.build/Debug/ProSystem.build/Objects-normal/arm64/Region.o

ScanDependencies /Users/barriesanders/Library/Developer/Xcode/DerivedData/ProSystem-dprknjeyvcjgbvfrihwhxehzvsaw/Build/Intermediates.noindex/ProSystem.build/Debug/ProSystem.build/Objects-normal/arm64/ProSystemGameCore.o /Users/barriesanders/.gemini/antigravity/scratch/OpenEmu_Port/ProSystem/ProSystemGameCore.m normal arm64 objective-c com.apple.compilers.llvm.clang.1_0.compiler (in target 'ProSystem' from project 'ProSystem')
    cd /Users/barriesanders/.gemini/antigravity/scratch/OpenEmu_Port/ProSystem
    
    Using response file: /Users/barriesanders/Library/Developer/Xcode/DerivedData/ProSystem-dprknjeyvcjgbvfrihwhxehzvsaw/Build/Intermediates.noindex/ProSystem.build/Debug/ProSystem.build/Objects-normal/arm64/e6072d4f65d7061329687fe24e3d63a7-common-args.resp
    
    builtin-ScanDependencies -o /Users/barriesanders/Library/Developer/Xcode/DerivedData/ProSystem-dprknjeyvcjgbvfrihwhxehzvsaw/Build/Intermediates.noindex/ProSystem.build/Debug/ProSystem.build/Objects-normal/arm64/ProSystemGameCore.o.scan -- /Applications/Xcode.app/Contents/Developer/Toolchains/XcodeDefault.xctoolchain/usr/bin/clang -x objective-c -ivfsstatcache /Users/barriesanders/Library/Developer/Xcode/DerivedData/SDKStatCaches.noindex/macosx26.2-25C57-3885c01c3e6b6a337905948deab2002e00fa09913b459cbbc988d1f6730289ae.sdkstatcache -fmessage-length\=0 -fdiagnostics-show-note-include-stack -fmacro-backtrace-limit\=0 -fno-color-diagnostics -fmodules-prune-interval\=86400 -fmodules-prune-after\=345600 -fbuild-session-file\=/Users/barriesanders/Library/Developer/Xcode/DerivedData/ModuleCache.noindex/Session.modulevalidation -fmodules-validate-once-per-build-session -Wnon-modular-include-in-framework-module -Werror\=non-modular-include-in-framework-module -Wno-trigraphs -Wno-missing-field-initializers -Wno-missing-prototypes -Wunreachable-code -Wno-implicit-atomic-properties -Wno-objc-interface-ivars -Wno-arc-repeated-use-of-weak -Wduplicate-method-match -Wno-missing-braces -Wparentheses -Wswitch -Wunused-function -Wno-unused-label -Wno-unused-parameter -Wunused-variable -Wunused-value -Wempty-body -Wuninitialized -Wno-unknown-pragmas -Wno-shadow -Wno-four-char-constants -Wno-conversion -Wconstant-conversion -Wint-conversion -Wbool-conversion -Wenum-conversion -Wno-float-conversion -Wno-non-literal-null-conversion -Wno-objc-literal-conversion -Wshorten-64-to-32 -Wpointer-sign -Wno-newline-eof -Wno-selector -Wno-strict-selector-match -Wundeclared-selector -Wno-deprecated-implementations -Wno-implicit-fallthrough -fstrict-aliasing -Wprotocol -Wdeprecated-declarations -Wno-sign-conversion -Wno-infinite-recursion -Wno-comma -Wno-block-capture-autoreleasing -Wno-strict-prototypes -Wno-semicolon-before-method-body -index-store-path /Users/barriesanders/Library/Developer/Xcode/DerivedData/ProSystem-dprknjeyvcjgbvfrihwhxehzvsaw/Index.noindex/DataStore @/Users/barriesanders/Library/Developer/Xcode/DerivedData/ProSystem-dprknjeyvcjgbvfrihwhxehzvsaw/Build/Intermediates.noindex/ProSystem.build/Debug/ProSystem.build/Objects-normal/arm64/e6072d4f65d7061329687fe24e3d63a7-common-args.resp -MMD -MT dependencies -MF /Users/barriesanders/Library/Developer/Xcode/DerivedData/ProSystem-dprknjeyvcjgbvfrihwhxehzvsaw/Build/Intermediates.noindex/ProSystem.build/Debug/ProSystem.build/Objects-normal/arm64/ProSystemGameCore.d --serialize-diagnostics /Users/barriesanders/Library/Developer/Xcode/DerivedData/ProSystem-dprknjeyvcjgbvfrihwhxehzvsaw/Build/Intermediates.noindex/ProSystem.build/Debug/ProSystem.build/Objects-normal/arm64/ProSystemGameCore.dia -c /Users/barriesanders/.gemini/antigravity/scratch/OpenEmu_Port/ProSystem/ProSystemGameCore.m -o /Users/barriesanders/Library/Developer/Xcode/DerivedData/ProSystem-dprknjeyvcjgbvfrihwhxehzvsaw/Build/Intermediates.noindex/ProSystem.build/Debug/ProSystem.build/Objects-normal/arm64/ProSystemGameCore.o -index-unit-output-path /ProSystem.build/Debug/ProSystem.build/Objects-normal/arm64/ProSystemGameCore.o
/Users/barriesanders/.gemini/antigravity/scratch/OpenEmu_Port/ProSystem/ProSystemGameCore.h:29:9: error: 'OpenEmuBase/OEGameCore.h' file not found (in target 'ProSystem' from project 'ProSystem')
    /Users/barriesanders/.gemini/antigravity/scratch/OpenEmu_Port/ProSystem/ProSystemGameCore.m:28:9: note: in file included from /Users/barriesanders/.gemini/antigravity/scratch/OpenEmu_Port/ProSystem/ProSystemGameCore.m:28:

ScanDependencies /Users/barriesanders/Library/Developer/Xcode/DerivedData/ProSystem-dprknjeyvcjgbvfrihwhxehzvsaw/Build/Intermediates.noindex/ProSystem.build/Debug/ProSystem.build/Objects-normal/arm64/Pokey.o /Users/barriesanders/.gemini/antigravity/scratch/OpenEmu_Port/ProSystem/src/Pokey.c normal arm64 c com.apple.compilers.llvm.clang.1_0.compiler (in target 'ProSystem' from project 'ProSystem')
    cd /Users/barriesanders/.gemini/antigravity/scratch/OpenEmu_Port/ProSystem
    
    Using response file: /Users/barriesanders/Library/Developer/Xcode/DerivedData/ProSystem-dprknjeyvcjgbvfrihwhxehzvsaw/Build/Intermediates.noindex/ProSystem.build/Debug/ProSystem.build/Objects-normal/arm64/7187679823f38a2a940e0043cdf9d637-common-args.resp
    
    builtin-ScanDependencies -o /Users/barriesanders/Library/Developer/Xcode/DerivedData/ProSystem-dprknjeyvcjgbvfrihwhxehzvsaw/Build/Intermediates.noindex/ProSystem.build/Debug/ProSystem.build/Objects-normal/arm64/Pokey.o.scan -- /Applications/Xcode.app/Contents/Developer/Toolchains/XcodeDefault.xctoolchain/usr/bin/clang -x c -ivfsstatcache /Users/barriesanders/Library/Developer/Xcode/DerivedData/SDKStatCaches.noindex/macosx26.2-25C57-3885c01c3e6b6a337905948deab2002e00fa09913b459cbbc988d1f6730289ae.sdkstatcache -fmessage-length\=0 -fdiagnostics-show-note-include-stack -fmacro-backtrace-limit\=0 -fno-color-diagnostics -fmodules-prune-interval\=86400 -fmodules-prune-after\=345600 -fbuild-session-file\=/Users/barriesanders/Library/Developer/Xcode/DerivedData/ModuleCache.noindex/Session.modulevalidation -fmodules-validate-once-per-build-session -Wnon-modular-include-in-framework-module -Werror\=non-modular-include-in-framework-module -Wno-trigraphs -Wno-missing-field-initializers -Wno-missing-prototypes -Wunreachable-code -Wno-missing-braces -Wparentheses -Wswitch -Wunused-function -Wno-unused-label -Wno-unused-parameter -Wunused-variable -Wunused-value -Wempty-body -Wuninitialized -Wno-unknown-pragmas -Wno-shadow -Wno-four-char-constants -Wno-conversion -Wconstant-conversion -Wint-conversion -Wbool-conversion -Wenum-conversion -Wno-float-conversion -Wno-non-literal-null-conversion -Wno-objc-literal-conversion -Wshorten-64-to-32 -Wpointer-sign -Wno-newline-eof -Wno-implicit-fallthrough -fstrict-aliasing -Wdeprecated-declarations -Wno-sign-conversion -Wno-infinite-recursion -Wno-comma -Wno-block-capture-autoreleasing -Wno-strict-prototypes -Wno-semicolon-before-method-body -index-store-path /Users/barriesanders/Library/Developer/Xcode/DerivedData/ProSystem-dprknjeyvcjgbvfrihwhxehzvsaw/Index.noindex/DataStore @/Users/barriesanders/Library/Developer/Xcode/DerivedData/ProSystem-dprknjeyvcjgbvfrihwhxehzvsaw/Build/Intermediates.noindex/ProSystem.build/Debug/ProSystem.build/Objects-normal/arm64/7187679823f38a2a940e0043cdf9d637-common-args.resp -MMD -MT dependencies -MF /Users/barriesanders/Library/Developer/Xcode/DerivedData/ProSystem-dprknjeyvcjgbvfrihwhxehzvsaw/Build/Intermediates.noindex/ProSystem.build/Debug/ProSystem.build/Objects-normal/arm64/Pokey.d --serialize-diagnostics /Users/barriesanders/Library/Developer/Xcode/DerivedData/ProSystem-dprknjeyvcjgbvfrihwhxehzvsaw/Build/Intermediates.noindex/ProSystem.build/Debug/ProSystem.build/Objects-normal/arm64/Pokey.dia -c /Users/barriesanders/.gemini/antigravity/scratch/OpenEmu_Port/ProSystem/src/Pokey.c -o /Users/barriesanders/Library/Developer/Xcode/DerivedData/ProSystem-dprknjeyvcjgbvfrihwhxehzvsaw/Build/Intermediates.noindex/ProSystem.build/Debug/ProSystem.build/Objects-normal/arm64/Pokey.o -index-unit-output-path /ProSystem.build/Debug/ProSystem.build/Objects-normal/arm64/Pokey.o

ScanDependencies /Users/barriesanders/Library/Developer/Xcode/DerivedData/ProSystem-dprknjeyvcjgbvfrihwhxehzvsaw/Build/Intermediates.noindex/ProSystem.build/Debug/ProSystem.build/Objects-normal/arm64/ProSystem.o /Users/barriesanders/.gemini/antigravity/scratch/OpenEmu_Port/ProSystem/src/ProSystem.c normal arm64 c com.apple.compilers.llvm.clang.1_0.compiler (in target 'ProSystem' from project 'ProSystem')
    cd /Users/barriesanders/.gemini/antigravity/scratch/OpenEmu_Port/ProSystem
    
    Using response file: /Users/barriesanders/Library/Developer/Xcode/DerivedData/ProSystem-dprknjeyvcjgbvfrihwhxehzvsaw/Build/Intermediates.noindex/ProSystem.build/Debug/ProSystem.build/Objects-normal/arm64/7187679823f38a2a940e0043cdf9d637-common-args.resp
    
    builtin-ScanDependencies -o /Users/barriesanders/Library/Developer/Xcode/DerivedData/ProSystem-dprknjeyvcjgbvfrihwhxehzvsaw/Build/Intermediates.noindex/ProSystem.build/Debug/ProSystem.build/Objects-normal/arm64/ProSystem.o.scan -- /Applications/Xcode.app/Contents/Developer/Toolchains/XcodeDefault.xctoolchain/usr/bin/clang -x c -ivfsstatcache /Users/barriesanders/Library/Developer/Xcode/DerivedData/SDKStatCaches.noindex/macosx26.2-25C57-3885c01c3e6b6a337905948deab2002e00fa09913b459cbbc988d1f6730289ae.sdkstatcache -fmessage-length\=0 -fdiagnostics-show-note-include-stack -fmacro-backtrace-limit\=0 -fno-color-diagnostics -fmodules-prune-interval\=86400 -fmodules-prune-after\=345600 -fbuild-session-file\=/Users/barriesanders/Library/Developer/Xcode/DerivedData/ModuleCache.noindex/Session.modulevalidation -fmodules-validate-once-per-build-session -Wnon-modular-include-in-framework-module -Werror\=non-modular-include-in-framework-module -Wno-trigraphs -Wno-missing-field-initializers -Wno-missing-prototypes -Wunreachable-code -Wno-missing-braces -Wparentheses -Wswitch -Wunused-function -Wno-unused-label -Wno-unused-parameter -Wunused-variable -Wunused-value -Wempty-body -Wuninitialized -Wno-unknown-pragmas -Wno-shadow -Wno-four-char-constants -Wno-conversion -Wconstant-conversion -Wint-conversion -Wbool-conversion -Wenum-conversion -Wno-float-conversion -Wno-non-literal-null-conversion -Wno-objc-literal-conversion -Wshorten-64-to-32 -Wpointer-sign -Wno-newline-eof -Wno-implicit-fallthrough -fstrict-aliasing -Wdeprecated-declarations -Wno-sign-conversion -Wno-infinite-recursion -Wno-comma -Wno-block-capture-autoreleasing -Wno-strict-prototypes -Wno-semicolon-before-method-body -index-store-path /Users/barriesanders/Library/Developer/Xcode/DerivedData/ProSystem-dprknjeyvcjgbvfrihwhxehzvsaw/Index.noindex/DataStore @/Users/barriesanders/Library/Developer/Xcode/DerivedData/ProSystem-dprknjeyvcjgbvfrihwhxehzvsaw/Build/Intermediates.noindex/ProSystem.build/Debug/ProSystem.build/Objects-normal/arm64/7187679823f38a2a940e0043cdf9d637-common-args.resp -MMD -MT dependencies -MF /Users/barriesanders/Library/Developer/Xcode/DerivedData/ProSystem-dprknjeyvcjgbvfrihwhxehzvsaw/Build/Intermediates.noindex/ProSystem.build/Debug/ProSystem.build/Objects-normal/arm64/ProSystem.d --serialize-diagnostics /Users/barriesanders/Library/Developer/Xcode/DerivedData/ProSystem-dprknjeyvcjgbvfrihwhxehzvsaw/Build/Intermediates.noindex/ProSystem.build/Debug/ProSystem.build/Objects-normal/arm64/ProSystem.dia -c /Users/barriesanders/.gemini/antigravity/scratch/OpenEmu_Port/ProSystem/src/ProSystem.c -o /Users/barriesanders/Library/Developer/Xcode/DerivedData/ProSystem-dprknjeyvcjgbvfrihwhxehzvsaw/Build/Intermediates.noindex/ProSystem.build/Debug/ProSystem.build/Objects-normal/arm64/ProSystem.o -index-unit-output-path /ProSystem.build/Debug/ProSystem.build/Objects-normal/arm64/ProSystem.o

ScanDependencies /Users/barriesanders/Library/Developer/Xcode/DerivedData/ProSystem-dprknjeyvcjgbvfrihwhxehzvsaw/Build/Intermediates.noindex/ProSystem.build/Debug/ProSystem.build/Objects-normal/arm64/Palette.o /Users/barriesanders/.gemini/antigravity/scratch/OpenEmu_Port/ProSystem/src/Palette.c normal arm64 c com.apple.compilers.llvm.clang.1_0.compiler (in target 'ProSystem' from project 'ProSystem')
    cd /Users/barriesanders/.gemini/antigravity/scratch/OpenEmu_Port/ProSystem
    
    Using response file: /Users/barriesanders/Library/Developer/Xcode/DerivedData/ProSystem-dprknjeyvcjgbvfrihwhxehzvsaw/Build/Intermediates.noindex/ProSystem.build/Debug/ProSystem.build/Objects-normal/arm64/7187679823f38a2a940e0043cdf9d637-common-args.resp
    
    builtin-ScanDependencies -o /Users/barriesanders/Library/Developer/Xcode/DerivedData/ProSystem-dprknjeyvcjgbvfrihwhxehzvsaw/Build/Intermediates.noindex/ProSystem.build/Debug/ProSystem.build/Objects-normal/arm64/Palette.o.scan -- /Applications/Xcode.app/Contents/Developer/Toolchains/XcodeDefault.xctoolchain/usr/bin/clang -x c -ivfsstatcache /Users/barriesanders/Library/Developer/Xcode/DerivedData/SDKStatCaches.noindex/macosx26.2-25C57-3885c01c3e6b6a337905948deab2002e00fa09913b459cbbc988d1f6730289ae.sdkstatcache -fmessage-length\=0 -fdiagnostics-show-note-include-stack -fmacro-backtrace-limit\=0 -fno-color-diagnostics -fmodules-prune-interval\=86400 -fmodules-prune-after\=345600 -fbuild-session-file\=/Users/barriesanders/Library/Developer/Xcode/DerivedData/ModuleCache.noindex/Session.modulevalidation -fmodules-validate-once-per-build-session -Wnon-modular-include-in-framework-module -Werror\=non-modular-include-in-framework-module -Wno-trigraphs -Wno-missing-field-initializers -Wno-missing-prototypes -Wunreachable-code -Wno-missing-braces -Wparentheses -Wswitch -Wunused-function -Wno-unused-label -Wno-unused-parameter -Wunused-variable -Wunused-value -Wempty-body -Wuninitialized -Wno-unknown-pragmas -Wno-shadow -Wno-four-char-constants -Wno-conversion -Wconstant-conversion -Wint-conversion -Wbool-conversion -Wenum-conversion -Wno-float-conversion -Wno-non-literal-null-conversion -Wno-objc-literal-conversion -Wshorten-64-to-32 -Wpointer-sign -Wno-newline-eof -Wno-implicit-fallthrough -fstrict-aliasing -Wdeprecated-declarations -Wno-sign-conversion -Wno-infinite-recursion -Wno-comma -Wno-block-capture-autoreleasing -Wno-strict-prototypes -Wno-semicolon-before-method-body -index-store-path /Users/barriesanders/Library/Developer/Xcode/DerivedData/ProSystem-dprknjeyvcjgbvfrihwhxehzvsaw/Index.noindex/DataStore @/Users/barriesanders/Library/Developer/Xcode/DerivedData/ProSystem-dprknjeyvcjgbvfrihwhxehzvsaw/Build/Intermediates.noindex/ProSystem.build/Debug/ProSystem.build/Objects-normal/arm64/7187679823f38a2a940e0043cdf9d637-common-args.resp -MMD -MT dependencies -MF /Users/barriesanders/Library/Developer/Xcode/DerivedData/ProSystem-dprknjeyvcjgbvfrihwhxehzvsaw/Build/Intermediates.noindex/ProSystem.build/Debug/ProSystem.build/Objects-normal/arm64/Palette.d --serialize-diagnostics /Users/barriesanders/Library/Developer/Xcode/DerivedData/ProSystem-dprknjeyvcjgbvfrihwhxehzvsaw/Build/Intermediates.noindex/ProSystem.build/Debug/ProSystem.build/Objects-normal/arm64/Palette.dia -c /Users/barriesanders/.gemini/antigravity/scratch/OpenEmu_Port/ProSystem/src/Palette.c -o /Users/barriesanders/Library/Developer/Xcode/DerivedData/ProSystem-dprknjeyvcjgbvfrihwhxehzvsaw/Build/Intermediates.noindex/ProSystem.build/Debug/ProSystem.build/Objects-normal/arm64/Palette.o -index-unit-output-path /ProSystem.build/Debug/ProSystem.build/Objects-normal/arm64/Palette.o

ScanDependencies /Users/barriesanders/Library/Developer/Xcode/DerivedData/ProSystem-dprknjeyvcjgbvfrihwhxehzvsaw/Build/Intermediates.noindex/ProSystem.build/Debug/ProSystem.build/Objects-normal/arm64/Memory.o /Users/barriesanders/.gemini/antigravity/scratch/OpenEmu_Port/ProSystem/src/Memory.c normal arm64 c com.apple.compilers.llvm.clang.1_0.compiler (in target 'ProSystem' from project 'ProSystem')
    cd /Users/barriesanders/.gemini/antigravity/scratch/OpenEmu_Port/ProSystem
    
    Using response file: /Users/barriesanders/Library/Developer/Xcode/DerivedData/ProSystem-dprknjeyvcjgbvfrihwhxehzvsaw/Build/Intermediates.noindex/ProSystem.build/Debug/ProSystem.build/Objects-normal/arm64/7187679823f38a2a940e0043cdf9d637-common-args.resp
    
    builtin-ScanDependencies -o /Users/barriesanders/Library/Developer/Xcode/DerivedData/ProSystem-dprknjeyvcjgbvfrihwhxehzvsaw/Build/Intermediates.noindex/ProSystem.build/Debug/ProSystem.build/Objects-normal/arm64/Memory.o.scan -- /Applications/Xcode.app/Contents/Developer/Toolchains/XcodeDefault.xctoolchain/usr/bin/clang -x c -ivfsstatcache /Users/barriesanders/Library/Developer/Xcode/DerivedData/SDKStatCaches.noindex/macosx26.2-25C57-3885c01c3e6b6a337905948deab2002e00fa09913b459cbbc988d1f6730289ae.sdkstatcache -fmessage-length\=0 -fdiagnostics-show-note-include-stack -fmacro-backtrace-limit\=0 -fno-color-diagnostics -fmodules-prune-interval\=86400 -fmodules-prune-after\=345600 -fbuild-session-file\=/Users/barriesanders/Library/Developer/Xcode/DerivedData/ModuleCache.noindex/Session.modulevalidation -fmodules-validate-once-per-build-session -Wnon-modular-include-in-framework-module -Werror\=non-modular-include-in-framework-module -Wno-trigraphs -Wno-missing-field-initializers -Wno-missing-prototypes -Wunreachable-code -Wno-missing-braces -Wparentheses -Wswitch -Wunused-function -Wno-unused-label -Wno-unused-parameter -Wunused-variable -Wunused-value -Wempty-body -Wuninitialized -Wno-unknown-pragmas -Wno-shadow -Wno-four-char-constants -Wno-conversion -Wconstant-conversion -Wint-conversion -Wbool-conversion -Wenum-conversion -Wno-float-conversion -Wno-non-literal-null-conversion -Wno-objc-literal-conversion -Wshorten-64-to-32 -Wpointer-sign -Wno-newline-eof -Wno-implicit-fallthrough -fstrict-aliasing -Wdeprecated-declarations -Wno-sign-conversion -Wno-infinite-recursion -Wno-comma -Wno-block-capture-autoreleasing -Wno-strict-prototypes -Wno-semicolon-before-method-body -index-store-path /Users/barriesanders/Library/Developer/Xcode/DerivedData/ProSystem-dprknjeyvcjgbvfrihwhxehzvsaw/Index.noindex/DataStore @/Users/barriesanders/Library/Developer/Xcode/DerivedData/ProSystem-dprknjeyvcjgbvfrihwhxehzvsaw/Build/Intermediates.noindex/ProSystem.build/Debug/ProSystem.build/Objects-normal/arm64/7187679823f38a2a940e0043cdf9d637-common-args.resp -MMD -MT dependencies -MF /Users/barriesanders/Library/Developer/Xcode/DerivedData/ProSystem-dprknjeyvcjgbvfrihwhxehzvsaw/Build/Intermediates.noindex/ProSystem.build/Debug/ProSystem.build/Objects-normal/arm64/Memory.d --serialize-diagnostics /Users/barriesanders/Library/Developer/Xcode/DerivedData/ProSystem-dprknjeyvcjgbvfrihwhxehzvsaw/Build/Intermediates.noindex/ProSystem.build/Debug/ProSystem.build/Objects-normal/arm64/Memory.dia -c /Users/barriesanders/.gemini/antigravity/scratch/OpenEmu_Port/ProSystem/src/Memory.c -o /Users/barriesanders/Library/Developer/Xcode/DerivedData/ProSystem-dprknjeyvcjgbvfrihwhxehzvsaw/Build/Intermediates.noindex/ProSystem.build/Debug/ProSystem.build/Objects-normal/arm64/Memory.o -index-unit-output-path /ProSystem.build/Debug/ProSystem.build/Objects-normal/arm64/Memory.o

PrecompileModule /Users/barriesanders/Library/Developer/Xcode/DerivedData/ProSystem-dprknjeyvcjgbvfrihwhxehzvsaw/Build/Intermediates.noindex/ExplicitPrecompiledModules/_AvailabilityInternal-8G2EGBZGSK7I4WI2KLQLAA23Q.scan
    cd /
    builtin-precompileModule /Users/barriesanders/Library/Developer/Xcode/DerivedData/ProSystem-dprknjeyvcjgbvfrihwhxehzvsaw/Build/Intermediates.noindex/ExplicitPrecompiledModules/_AvailabilityInternal-8G2EGBZGSK7I4WI2KLQLAA23Q.scan

PrecompileModule /Users/barriesanders/Library/Developer/Xcode/DerivedData/ProSystem-dprknjeyvcjgbvfrihwhxehzvsaw/Build/Intermediates.noindex/ExplicitPrecompiledModules/_Builtin_stddef-D1OOVFA0LDFYZ01MA54JGUEV9.scan
    cd /
    builtin-precompileModule /Users/barriesanders/Library/Developer/Xcode/DerivedData/ProSystem-dprknjeyvcjgbvfrihwhxehzvsaw/Build/Intermediates.noindex/ExplicitPrecompiledModules/_Builtin_stddef-D1OOVFA0LDFYZ01MA54JGUEV9.scan

PrecompileModule /Users/barriesanders/Library/Developer/Xcode/DerivedData/ProSystem-dprknjeyvcjgbvfrihwhxehzvsaw/Build/Intermediates.noindex/ExplicitPrecompiledModules/ptrcheck-DDNJLSW3HVKOZXURWTXZEUYBK.scan
    cd /
    builtin-precompileModule /Users/barriesanders/Library/Developer/Xcode/DerivedData/ProSystem-dprknjeyvcjgbvfrihwhxehzvsaw/Build/Intermediates.noindex/ExplicitPrecompiledModules/ptrcheck-DDNJLSW3HVKOZXURWTXZEUYBK.scan

PrecompileModule /Users/barriesanders/Library/Developer/Xcode/DerivedData/ProSystem-dprknjeyvcjgbvfrihwhxehzvsaw/Build/Intermediates.noindex/ExplicitPrecompiledModules/_Builtin_stdarg-8ZNVQZJ7NC5IV93V47SPFFFO8.scan
    cd /
    builtin-precompileModule /Users/barriesanders/Library/Developer/Xcode/DerivedData/ProSystem-dprknjeyvcjgbvfrihwhxehzvsaw/Build/Intermediates.noindex/ExplicitPrecompiledModules/_Builtin_stdarg-8ZNVQZJ7NC5IV93V47SPFFFO8.scan

PrecompileModule /Users/barriesanders/Library/Developer/Xcode/DerivedData/ProSystem-dprknjeyvcjgbvfrihwhxehzvsaw/Build/Intermediates.noindex/ExplicitPrecompiledModules/_Builtin_stdbool-Q9F2QAP3YSQ24CMRDORA1Z8F.scan
    cd /
    builtin-precompileModule /Users/barriesanders/Library/Developer/Xcode/DerivedData/ProSystem-dprknjeyvcjgbvfrihwhxehzvsaw/Build/Intermediates.noindex/ExplicitPrecompiledModules/_Builtin_stdbool-Q9F2QAP3YSQ24CMRDORA1Z8F.scan

ScanDependencies /Users/barriesanders/Library/Developer/Xcode/DerivedData/ProSystem-dprknjeyvcjgbvfrihwhxehzvsaw/Build/Intermediates.noindex/ProSystem.build/Debug/ProSystem.build/Objects-normal/arm64/Maria.o /Users/barriesanders/.gemini/antigravity/scratch/OpenEmu_Port/ProSystem/src/Maria.c normal arm64 c com.apple.compilers.llvm.clang.1_0.compiler (in target 'ProSystem' from project 'ProSystem')
    cd /Users/barriesanders/.gemini/antigravity/scratch/OpenEmu_Port/ProSystem
    
    Using response file: /Users/barriesanders/Library/Developer/Xcode/DerivedData/ProSystem-dprknjeyvcjgbvfrihwhxehzvsaw/Build/Intermediates.noindex/ProSystem.build/Debug/ProSystem.build/Objects-normal/arm64/7187679823f38a2a940e0043cdf9d637-common-args.resp
    
    builtin-ScanDependencies -o /Users/barriesanders/Library/Developer/Xcode/DerivedData/ProSystem-dprknjeyvcjgbvfrihwhxehzvsaw/Build/Intermediates.noindex/ProSystem.build/Debug/ProSystem.build/Objects-normal/arm64/Maria.o.scan -- /Applications/Xcode.app/Contents/Developer/Toolchains/XcodeDefault.xctoolchain/usr/bin/clang -x c -ivfsstatcache /Users/barriesanders/Library/Developer/Xcode/DerivedData/SDKStatCaches.noindex/macosx26.2-25C57-3885c01c3e6b6a337905948deab2002e00fa09913b459cbbc988d1f6730289ae.sdkstatcache -fmessage-length\=0 -fdiagnostics-show-note-include-stack -fmacro-backtrace-limit\=0 -fno-color-diagnostics -fmodules-prune-interval\=86400 -fmodules-prune-after\=345600 -fbuild-session-file\=/Users/barriesanders/Library/Developer/Xcode/DerivedData/ModuleCache.noindex/Session.modulevalidation -fmodules-validate-once-per-build-session -Wnon-modular-include-in-framework-module -Werror\=non-modular-include-in-framework-module -Wno-trigraphs -Wno-missing-field-initializers -Wno-missing-prototypes -Wunreachable-code -Wno-missing-braces -Wparentheses -Wswitch -Wunused-function -Wno-unused-label -Wno-unused-parameter -Wunused-variable -Wunused-value -Wempty-body -Wuninitialized -Wno-unknown-pragmas -Wno-shadow -Wno-four-char-constants -Wno-conversion -Wconstant-conversion -Wint-conversion -Wbool-conversion -Wenum-conversion -Wno-float-conversion -Wno-non-literal-null-conversion -Wno-objc-literal-conversion -Wshorten-64-to-32 -Wpointer-sign -Wno-newline-eof -Wno-implicit-fallthrough -fstrict-aliasing -Wdeprecated-declarations -Wno-sign-conversion -Wno-infinite-recursion -Wno-comma -Wno-block-capture-autoreleasing -Wno-strict-prototypes -Wno-semicolon-before-method-body -index-store-path /Users/barriesanders/Library/Developer/Xcode/DerivedData/ProSystem-dprknjeyvcjgbvfrihwhxehzvsaw/Index.noindex/DataStore @/Users/barriesanders/Library/Developer/Xcode/DerivedData/ProSystem-dprknjeyvcjgbvfrihwhxehzvsaw/Build/Intermediates.noindex/ProSystem.build/Debug/ProSystem.build/Objects-normal/arm64/7187679823f38a2a940e0043cdf9d637-common-args.resp -MMD -MT dependencies -MF /Users/barriesanders/Library/Developer/Xcode/DerivedData/ProSystem-dprknjeyvcjgbvfrihwhxehzvsaw/Build/Intermediates.noindex/ProSystem.build/Debug/ProSystem.build/Objects-normal/arm64/Maria.d --serialize-diagnostics /Users/barriesanders/Library/Developer/Xcode/DerivedData/ProSystem-dprknjeyvcjgbvfrihwhxehzvsaw/Build/Intermediates.noindex/ProSystem.build/Debug/ProSystem.build/Objects-normal/arm64/Maria.dia -c /Users/barriesanders/.gemini/antigravity/scratch/OpenEmu_Port/ProSystem/src/Maria.c -o /Users/barriesanders/Library/Developer/Xcode/DerivedData/ProSystem-dprknjeyvcjgbvfrihwhxehzvsaw/Build/Intermediates.noindex/ProSystem.build/Debug/ProSystem.build/Objects-normal/arm64/Maria.o -index-unit-output-path /ProSystem.build/Debug/ProSystem.build/Objects-normal/arm64/Maria.o

ScanDependencies /Users/barriesanders/Library/Developer/Xcode/DerivedData/ProSystem-dprknjeyvcjgbvfrihwhxehzvsaw/Build/Intermediates.noindex/ProSystem.build/Debug/ProSystem.build/Objects-normal/arm64/ExpansionModule.o /Users/barriesanders/.gemini/antigravity/scratch/OpenEmu_Port/ProSystem/src/ExpansionModule.c normal arm64 c com.apple.compilers.llvm.clang.1_0.compiler (in target 'ProSystem' from project 'ProSystem')
    cd /Users/barriesanders/.gemini/antigravity/scratch/OpenEmu_Port/ProSystem
    
    Using response file: /Users/barriesanders/Library/Developer/Xcode/DerivedData/ProSystem-dprknjeyvcjgbvfrihwhxehzvsaw/Build/Intermediates.noindex/ProSystem.build/Debug/ProSystem.build/Objects-normal/arm64/7187679823f38a2a940e0043cdf9d637-common-args.resp
    
    builtin-ScanDependencies -o /Users/barriesanders/Library/Developer/Xcode/DerivedData/ProSystem-dprknjeyvcjgbvfrihwhxehzvsaw/Build/Intermediates.noindex/ProSystem.build/Debug/ProSystem.build/Objects-normal/arm64/ExpansionModule.o.scan -- /Applications/Xcode.app/Contents/Developer/Toolchains/XcodeDefault.xctoolchain/usr/bin/clang -x c -ivfsstatcache /Users/barriesanders/Library/Developer/Xcode/DerivedData/SDKStatCaches.noindex/macosx26.2-25C57-3885c01c3e6b6a337905948deab2002e00fa09913b459cbbc988d1f6730289ae.sdkstatcache -fmessage-length\=0 -fdiagnostics-show-note-include-stack -fmacro-backtrace-limit\=0 -fno-color-diagnostics -fmodules-prune-interval\=86400 -fmodules-prune-after\=345600 -fbuild-session-file\=/Users/barriesanders/Library/Developer/Xcode/DerivedData/ModuleCache.noindex/Session.modulevalidation -fmodules-validate-once-per-build-session -Wnon-modular-include-in-framework-module -Werror\=non-modular-include-in-framework-module -Wno-trigraphs -Wno-missing-field-initializers -Wno-missing-prototypes -Wunreachable-code -Wno-missing-braces -Wparentheses -Wswitch -Wunused-function -Wno-unused-label -Wno-unused-parameter -Wunused-variable -Wunused-value -Wempty-body -Wuninitialized -Wno-unknown-pragmas -Wno-shadow -Wno-four-char-constants -Wno-conversion -Wconstant-conversion -Wint-conversion -Wbool-conversion -Wenum-conversion -Wno-float-conversion -Wno-non-literal-null-conversion -Wno-objc-literal-conversion -Wshorten-64-to-32 -Wpointer-sign -Wno-newline-eof -Wno-implicit-fallthrough -fstrict-aliasing -Wdeprecated-declarations -Wno-sign-conversion -Wno-infinite-recursion -Wno-comma -Wno-block-capture-autoreleasing -Wno-strict-prototypes -Wno-semicolon-before-method-body -index-store-path /Users/barriesanders/Library/Developer/Xcode/DerivedData/ProSystem-dprknjeyvcjgbvfrihwhxehzvsaw/Index.noindex/DataStore @/Users/barriesanders/Library/Developer/Xcode/DerivedData/ProSystem-dprknjeyvcjgbvfrihwhxehzvsaw/Build/Intermediates.noindex/ProSystem.build/Debug/ProSystem.build/Objects-normal/arm64/7187679823f38a2a940e0043cdf9d637-common-args.resp -MMD -MT dependencies -MF /Users/barriesanders/Library/Developer/Xcode/DerivedData/ProSystem-dprknjeyvcjgbvfrihwhxehzvsaw/Build/Intermediates.noindex/ProSystem.build/Debug/ProSystem.build/Objects-normal/arm64/ExpansionModule.d --serialize-diagnostics /Users/barriesanders/Library/Developer/Xcode/DerivedData/ProSystem-dprknjeyvcjgbvfrihwhxehzvsaw/Build/Intermediates.noindex/ProSystem.build/Debug/ProSystem.build/Objects-normal/arm64/ExpansionModule.dia -c /Users/barriesanders/.gemini/antigravity/scratch/OpenEmu_Port/ProSystem/src/ExpansionModule.c -o /Users/barriesanders/Library/Developer/Xcode/DerivedData/ProSystem-dprknjeyvcjgbvfrihwhxehzvsaw/Build/Intermediates.noindex/ProSystem.build/Debug/ProSystem.build/Objects-normal/arm64/ExpansionModule.o -index-unit-output-path /ProSystem.build/Debug/ProSystem.build/Objects-normal/arm64/ExpansionModule.o

ScanDependencies /Users/barriesanders/Library/Developer/Xcode/DerivedData/ProSystem-dprknjeyvcjgbvfrihwhxehzvsaw/Build/Intermediates.noindex/ProSystem.build/Debug/ProSystem.build/Objects-normal/arm64/Database.o /Users/barriesanders/.gemini/antigravity/scratch/OpenEmu_Port/ProSystem/src/Database.c normal arm64 c com.apple.compilers.llvm.clang.1_0.compiler (in target 'ProSystem' from project 'ProSystem')
    cd /Users/barriesanders/.gemini/antigravity/scratch/OpenEmu_Port/ProSystem
    
    Using response file: /Users/barriesanders/Library/Developer/Xcode/DerivedData/ProSystem-dprknjeyvcjgbvfrihwhxehzvsaw/Build/Intermediates.noindex/ProSystem.build/Debug/ProSystem.build/Objects-normal/arm64/7187679823f38a2a940e0043cdf9d637-common-args.resp
    
    builtin-ScanDependencies -o /Users/barriesanders/Library/Developer/Xcode/DerivedData/ProSystem-dprknjeyvcjgbvfrihwhxehzvsaw/Build/Intermediates.noindex/ProSystem.build/Debug/ProSystem.build/Objects-normal/arm64/Database.o.scan -- /Applications/Xcode.app/Contents/Developer/Toolchains/XcodeDefault.xctoolchain/usr/bin/clang -x c -ivfsstatcache /Users/barriesanders/Library/Developer/Xcode/DerivedData/SDKStatCaches.noindex/macosx26.2-25C57-3885c01c3e6b6a337905948deab2002e00fa09913b459cbbc988d1f6730289ae.sdkstatcache -fmessage-length\=0 -fdiagnostics-show-note-include-stack -fmacro-backtrace-limit\=0 -fno-color-diagnostics -fmodules-prune-interval\=86400 -fmodules-prune-after\=345600 -fbuild-session-file\=/Users/barriesanders/Library/Developer/Xcode/DerivedData/ModuleCache.noindex/Session.modulevalidation -fmodules-validate-once-per-build-session -Wnon-modular-include-in-framework-module -Werror\=non-modular-include-in-framework-module -Wno-trigraphs -Wno-missing-field-initializers -Wno-missing-prototypes -Wunreachable-code -Wno-missing-braces -Wparentheses -Wswitch -Wunused-function -Wno-unused-label -Wno-unused-parameter -Wunused-variable -Wunused-value -Wempty-body -Wuninitialized -Wno-unknown-pragmas -Wno-shadow -Wno-four-char-constants -Wno-conversion -Wconstant-conversion -Wint-conversion -Wbool-conversion -Wenum-conversion -Wno-float-conversion -Wno-non-literal-null-conversion -Wno-objc-literal-conversion -Wshorten-64-to-32 -Wpointer-sign -Wno-newline-eof -Wno-implicit-fallthrough -fstrict-aliasing -Wdeprecated-declarations -Wno-sign-conversion -Wno-infinite-recursion -Wno-comma -Wno-block-capture-autoreleasing -Wno-strict-prototypes -Wno-semicolon-before-method-body -index-store-path /Users/barriesanders/Library/Developer/Xcode/DerivedData/ProSystem-dprknjeyvcjgbvfrihwhxehzvsaw/Index.noindex/DataStore @/Users/barriesanders/Library/Developer/Xcode/DerivedData/ProSystem-dprknjeyvcjgbvfrihwhxehzvsaw/Build/Intermediates.noindex/ProSystem.build/Debug/ProSystem.build/Objects-normal/arm64/7187679823f38a2a940e0043cdf9d637-common-args.resp -MMD -MT dependencies -MF /Users/barriesanders/Library/Developer/Xcode/DerivedData/ProSystem-dprknjeyvcjgbvfrihwhxehzvsaw/Build/Intermediates.noindex/ProSystem.build/Debug/ProSystem.build/Objects-normal/arm64/Database.d --serialize-diagnostics /Users/barriesanders/Library/Developer/Xcode/DerivedData/ProSystem-dprknjeyvcjgbvfrihwhxehzvsaw/Build/Intermediates.noindex/ProSystem.build/Debug/ProSystem.build/Objects-normal/arm64/Database.dia -c /Users/barriesanders/.gemini/antigravity/scratch/OpenEmu_Port/ProSystem/src/Database.c -o /Users/barriesanders/Library/Developer/Xcode/DerivedData/ProSystem-dprknjeyvcjgbvfrihwhxehzvsaw/Build/Intermediates.noindex/ProSystem.build/Debug/ProSystem.build/Objects-normal/arm64/Database.o -index-unit-output-path /ProSystem.build/Debug/ProSystem.build/Objects-normal/arm64/Database.o

ScanDependencies /Users/barriesanders/Library/Developer/Xcode/DerivedData/ProSystem-dprknjeyvcjgbvfrihwhxehzvsaw/Build/Intermediates.noindex/ProSystem.build/Debug/ProSystem.build/Objects-normal/arm64/Cartridge.o /Users/barriesanders/.gemini/antigravity/scratch/OpenEmu_Port/ProSystem/src/Cartridge.c normal arm64 c com.apple.compilers.llvm.clang.1_0.compiler (in target 'ProSystem' from project 'ProSystem')
    cd /Users/barriesanders/.gemini/antigravity/scratch/OpenEmu_Port/ProSystem
    
    Using response file: /Users/barriesanders/Library/Developer/Xcode/DerivedData/ProSystem-dprknjeyvcjgbvfrihwhxehzvsaw/Build/Intermediates.noindex/ProSystem.build/Debug/ProSystem.build/Objects-normal/arm64/7187679823f38a2a940e0043cdf9d637-common-args.resp
    
    builtin-ScanDependencies -o /Users/barriesanders/Library/Developer/Xcode/DerivedData/ProSystem-dprknjeyvcjgbvfrihwhxehzvsaw/Build/Intermediates.noindex/ProSystem.build/Debug/ProSystem.build/Objects-normal/arm64/Cartridge.o.scan -- /Applications/Xcode.app/Contents/Developer/Toolchains/XcodeDefault.xctoolchain/usr/bin/clang -x c -ivfsstatcache /Users/barriesanders/Library/Developer/Xcode/DerivedData/SDKStatCaches.noindex/macosx26.2-25C57-3885c01c3e6b6a337905948deab2002e00fa09913b459cbbc988d1f6730289ae.sdkstatcache -fmessage-length\=0 -fdiagnostics-show-note-include-stack -fmacro-backtrace-limit\=0 -fno-color-diagnostics -fmodules-prune-interval\=86400 -fmodules-prune-after\=345600 -fbuild-session-file\=/Users/barriesanders/Library/Developer/Xcode/DerivedData/ModuleCache.noindex/Session.modulevalidation -fmodules-validate-once-per-build-session -Wnon-modular-include-in-framework-module -Werror\=non-modular-include-in-framework-module -Wno-trigraphs -Wno-missing-field-initializers -Wno-missing-prototypes -Wunreachable-code -Wno-missing-braces -Wparentheses -Wswitch -Wunused-function -Wno-unused-label -Wno-unused-parameter -Wunused-variable -Wunused-value -Wempty-body -Wuninitialized -Wno-unknown-pragmas -Wno-shadow -Wno-four-char-constants -Wno-conversion -Wconstant-conversion -Wint-conversion -Wbool-conversion -Wenum-conversion -Wno-float-conversion -Wno-non-literal-null-conversion -Wno-objc-literal-conversion -Wshorten-64-to-32 -Wpointer-sign -Wno-newline-eof -Wno-implicit-fallthrough -fstrict-aliasing -Wdeprecated-declarations -Wno-sign-conversion -Wno-infinite-recursion -Wno-comma -Wno-block-capture-autoreleasing -Wno-strict-prototypes -Wno-semicolon-before-method-body -index-store-path /Users/barriesanders/Library/Developer/Xcode/DerivedData/ProSystem-dprknjeyvcjgbvfrihwhxehzvsaw/Index.noindex/DataStore @/Users/barriesanders/Library/Developer/Xcode/DerivedData/ProSystem-dprknjeyvcjgbvfrihwhxehzvsaw/Build/Intermediates.noindex/ProSystem.build/Debug/ProSystem.build/Objects-normal/arm64/7187679823f38a2a940e0043cdf9d637-common-args.resp -MMD -MT dependencies -MF /Users/barriesanders/Library/Developer/Xcode/DerivedData/ProSystem-dprknjeyvcjgbvfrihwhxehzvsaw/Build/Intermediates.noindex/ProSystem.build/Debug/ProSystem.build/Objects-normal/arm64/Cartridge.d --serialize-diagnostics /Users/barriesanders/Library/Developer/Xcode/DerivedData/ProSystem-dprknjeyvcjgbvfrihwhxehzvsaw/Build/Intermediates.noindex/ProSystem.build/Debug/ProSystem.build/Objects-normal/arm64/Cartridge.dia -c /Users/barriesanders/.gemini/antigravity/scratch/OpenEmu_Port/ProSystem/src/Cartridge.c -o /Users/barriesanders/Library/Developer/Xcode/DerivedData/ProSystem-dprknjeyvcjgbvfrihwhxehzvsaw/Build/Intermediates.noindex/ProSystem.build/Debug/ProSystem.build/Objects-normal/arm64/Cartridge.o -index-unit-output-path /ProSystem.build/Debug/ProSystem.build/Objects-normal/arm64/Cartridge.o

ScanDependencies /Users/barriesanders/Library/Developer/Xcode/DerivedData/ProSystem-dprknjeyvcjgbvfrihwhxehzvsaw/Build/Intermediates.noindex/ProSystem.build/Debug/ProSystem.build/Objects-normal/arm64/Bios.o /Users/barriesanders/.gemini/antigravity/scratch/OpenEmu_Port/ProSystem/src/Bios.c normal arm64 c com.apple.compilers.llvm.clang.1_0.compiler (in target 'ProSystem' from project 'ProSystem')
    cd /Users/barriesanders/.gemini/antigravity/scratch/OpenEmu_Port/ProSystem
    
    Using response file: /Users/barriesanders/Library/Developer/Xcode/DerivedData/ProSystem-dprknjeyvcjgbvfrihwhxehzvsaw/Build/Intermediates.noindex/ProSystem.build/Debug/ProSystem.build/Objects-normal/arm64/7187679823f38a2a940e0043cdf9d637-common-args.resp
    
    builtin-ScanDependencies -o /Users/barriesanders/Library/Developer/Xcode/DerivedData/ProSystem-dprknjeyvcjgbvfrihwhxehzvsaw/Build/Intermediates.noindex/ProSystem.build/Debug/ProSystem.build/Objects-normal/arm64/Bios.o.scan -- /Applications/Xcode.app/Contents/Developer/Toolchains/XcodeDefault.xctoolchain/usr/bin/clang -x c -ivfsstatcache /Users/barriesanders/Library/Developer/Xcode/DerivedData/SDKStatCaches.noindex/macosx26.2-25C57-3885c01c3e6b6a337905948deab2002e00fa09913b459cbbc988d1f6730289ae.sdkstatcache -fmessage-length\=0 -fdiagnostics-show-note-include-stack -fmacro-backtrace-limit\=0 -fno-color-diagnostics -fmodules-prune-interval\=86400 -fmodules-prune-after\=345600 -fbuild-session-file\=/Users/barriesanders/Library/Developer/Xcode/DerivedData/ModuleCache.noindex/Session.modulevalidation -fmodules-validate-once-per-build-session -Wnon-modular-include-in-framework-module -Werror\=non-modular-include-in-framework-module -Wno-trigraphs -Wno-missing-field-initializers -Wno-missing-prototypes -Wunreachable-code -Wno-missing-braces -Wparentheses -Wswitch -Wunused-function -Wno-unused-label -Wno-unused-parameter -Wunused-variable -Wunused-value -Wempty-body -Wuninitialized -Wno-unknown-pragmas -Wno-shadow -Wno-four-char-constants -Wno-conversion -Wconstant-conversion -Wint-conversion -Wbool-conversion -Wenum-conversion -Wno-float-conversion -Wno-non-literal-null-conversion -Wno-objc-literal-conversion -Wshorten-64-to-32 -Wpointer-sign -Wno-newline-eof -Wno-implicit-fallthrough -fstrict-aliasing -Wdeprecated-declarations -Wno-sign-conversion -Wno-infinite-recursion -Wno-comma -Wno-block-capture-autoreleasing -Wno-strict-prototypes -Wno-semicolon-before-method-body -index-store-path /Users/barriesanders/Library/Developer/Xcode/DerivedData/ProSystem-dprknjeyvcjgbvfrihwhxehzvsaw/Index.noindex/DataStore @/Users/barriesanders/Library/Developer/Xcode/DerivedData/ProSystem-dprknjeyvcjgbvfrihwhxehzvsaw/Build/Intermediates.noindex/ProSystem.build/Debug/ProSystem.build/Objects-normal/arm64/7187679823f38a2a940e0043cdf9d637-common-args.resp -MMD -MT dependencies -MF /Users/barriesanders/Library/Developer/Xcode/DerivedData/ProSystem-dprknjeyvcjgbvfrihwhxehzvsaw/Build/Intermediates.noindex/ProSystem.build/Debug/ProSystem.build/Objects-normal/arm64/Bios.d --serialize-diagnostics /Users/barriesanders/Library/Developer/Xcode/DerivedData/ProSystem-dprknjeyvcjgbvfrihwhxehzvsaw/Build/Intermediates.noindex/ProSystem.build/Debug/ProSystem.build/Objects-normal/arm64/Bios.dia -c /Users/barriesanders/.gemini/antigravity/scratch/OpenEmu_Port/ProSystem/src/Bios.c -o /Users/barriesanders/Library/Developer/Xcode/DerivedData/ProSystem-dprknjeyvcjgbvfrihwhxehzvsaw/Build/Intermediates.noindex/ProSystem.build/Debug/ProSystem.build/Objects-normal/arm64/Bios.o -index-unit-output-path /ProSystem.build/Debug/ProSystem.build/Objects-normal/arm64/Bios.o

PrecompileModule /Users/barriesanders/Library/Developer/Xcode/DerivedData/ProSystem-dprknjeyvcjgbvfrihwhxehzvsaw/Build/Intermediates.noindex/ExplicitPrecompiledModules/_DarwinFoundation1-4D1X34UN0QFGMJL6NRQ1OGN38.scan
    cd /
    builtin-precompileModule /Users/barriesanders/Library/Developer/Xcode/DerivedData/ProSystem-dprknjeyvcjgbvfrihwhxehzvsaw/Build/Intermediates.noindex/ExplicitPrecompiledModules/_DarwinFoundation1-4D1X34UN0QFGMJL6NRQ1OGN38.scan

PrecompileModule /Users/barriesanders/Library/Developer/Xcode/DerivedData/ProSystem-dprknjeyvcjgbvfrihwhxehzvsaw/Build/Intermediates.noindex/ExplicitPrecompiledModules/_DarwinFoundation2-2KYWV1JPY7D6BS8JOLXB26XG9.scan
    cd /
    builtin-precompileModule /Users/barriesanders/Library/Developer/Xcode/DerivedData/ProSystem-dprknjeyvcjgbvfrihwhxehzvsaw/Build/Intermediates.noindex/ExplicitPrecompiledModules/_DarwinFoundation2-2KYWV1JPY7D6BS8JOLXB26XG9.scan

PrecompileModule /Users/barriesanders/Library/Developer/Xcode/DerivedData/ProSystem-dprknjeyvcjgbvfrihwhxehzvsaw/Build/Intermediates.noindex/ExplicitPrecompiledModules/_Builtin_stdint-ALO5CD8W5XH4FZLTHOIZ0FGHI.scan
    cd /
    builtin-precompileModule /Users/barriesanders/Library/Developer/Xcode/DerivedData/ProSystem-dprknjeyvcjgbvfrihwhxehzvsaw/Build/Intermediates.noindex/ExplicitPrecompiledModules/_Builtin_stdint-ALO5CD8W5XH4FZLTHOIZ0FGHI.scan

CompileC /Users/barriesanders/Library/Developer/Xcode/DerivedData/ProSystem-dprknjeyvcjgbvfrihwhxehzvsaw/Build/Intermediates.noindex/ProSystem.build/Debug/ProSystem.build/Objects-normal/arm64/md5.o /Users/barriesanders/.gemini/antigravity/scratch/OpenEmu_Port/ProSystem/src/md5.c normal arm64 c com.apple.compilers.llvm.clang.1_0.compiler (in target 'ProSystem' from project 'ProSystem')
    cd /Users/barriesanders/.gemini/antigravity/scratch/OpenEmu_Port/ProSystem
    
    Using response file: /Users/barriesanders/Library/Developer/Xcode/DerivedData/ProSystem-dprknjeyvcjgbvfrihwhxehzvsaw/Build/Intermediates.noindex/ProSystem.build/Debug/ProSystem.build/Objects-normal/arm64/7187679823f38a2a940e0043cdf9d637-common-args.resp
    
    /Applications/Xcode.app/Contents/Developer/Toolchains/XcodeDefault.xctoolchain/usr/bin/clang -x c -ivfsstatcache /Users/barriesanders/Library/Developer/Xcode/DerivedData/SDKStatCaches.noindex/macosx26.2-25C57-3885c01c3e6b6a337905948deab2002e00fa09913b459cbbc988d1f6730289ae.sdkstatcache -fmessage-length\=0 -fdiagnostics-show-note-include-stack -fmacro-backtrace-limit\=0 -fno-color-diagnostics -fmodules-prune-interval\=86400 -fmodules-prune-after\=345600 -fbuild-session-file\=/Users/barriesanders/Library/Developer/Xcode/DerivedData/ModuleCache.noindex/Session.modulevalidation -fmodules-validate-once-per-build-session -Wnon-modular-include-in-framework-module -Werror\=non-modular-include-in-framework-module -Wno-trigraphs -Wno-missing-field-initializers -Wno-missing-prototypes -Wunreachable-code -Wno-missing-braces -Wparentheses -Wswitch -Wunused-function -Wno-unused-label -Wno-unused-parameter -Wunused-variable -Wunused-value -Wempty-body -Wuninitialized -Wno-unknown-pragmas -Wno-shadow -Wno-four-char-constants -Wno-conversion -Wconstant-conversion -Wint-conversion -Wbool-conversion -Wenum-conversion -Wno-float-conversion -Wno-non-literal-null-conversion -Wno-objc-literal-conversion -Wshorten-64-to-32 -Wpointer-sign -Wno-newline-eof -Wno-implicit-fallthrough -fstrict-aliasing -Wdeprecated-declarations -Wno-sign-conversion -Wno-infinite-recursion -Wno-comma -Wno-block-capture-autoreleasing -Wno-strict-prototypes -Wno-semicolon-before-method-body -index-store-path /Users/barriesanders/Library/Developer/Xcode/DerivedData/ProSystem-dprknjeyvcjgbvfrihwhxehzvsaw/Index.noindex/DataStore @/Users/barriesanders/Library/Developer/Xcode/DerivedData/ProSystem-dprknjeyvcjgbvfrihwhxehzvsaw/Build/Intermediates.noindex/ProSystem.build/Debug/ProSystem.build/Objects-normal/arm64/7187679823f38a2a940e0043cdf9d637-common-args.resp -MMD -MT dependencies -MF /Users/barriesanders/Library/Developer/Xcode/DerivedData/ProSystem-dprknjeyvcjgbvfrihwhxehzvsaw/Build/Intermediates.noindex/ProSystem.build/Debug/ProSystem.build/Objects-normal/arm64/md5.d --serialize-diagnostics /Users/barriesanders/Library/Developer/Xcode/DerivedData/ProSystem-dprknjeyvcjgbvfrihwhxehzvsaw/Build/Intermediates.noindex/ProSystem.build/Debug/ProSystem.build/Objects-normal/arm64/md5.dia -c /Users/barriesanders/.gemini/antigravity/scratch/OpenEmu_Port/ProSystem/src/md5.c -o /Users/barriesanders/Library/Developer/Xcode/DerivedData/ProSystem-dprknjeyvcjgbvfrihwhxehzvsaw/Build/Intermediates.noindex/ProSystem.build/Debug/ProSystem.build/Objects-normal/arm64/md5.o -index-unit-output-path /ProSystem.build/Debug/ProSystem.build/Objects-normal/arm64/md5.o

CompileC /Users/barriesanders/Library/Developer/Xcode/DerivedData/ProSystem-dprknjeyvcjgbvfrihwhxehzvsaw/Build/Intermediates.noindex/ProSystem.build/Debug/ProSystem.build/Objects-normal/arm64/Tia.o /Users/barriesanders/.gemini/antigravity/scratch/OpenEmu_Port/ProSystem/src/Tia.c normal arm64 c com.apple.compilers.llvm.clang.1_0.compiler (in target 'ProSystem' from project 'ProSystem')
    cd /Users/barriesanders/.gemini/antigravity/scratch/OpenEmu_Port/ProSystem
    
    Using response file: /Users/barriesanders/Library/Developer/Xcode/DerivedData/ProSystem-dprknjeyvcjgbvfrihwhxehzvsaw/Build/Intermediates.noindex/ProSystem.build/Debug/ProSystem.build/Objects-normal/arm64/7187679823f38a2a940e0043cdf9d637-common-args.resp
    
    /Applications/Xcode.app/Contents/Developer/Toolchains/XcodeDefault.xctoolchain/usr/bin/clang -x c -ivfsstatcache /Users/barriesanders/Library/Developer/Xcode/DerivedData/SDKStatCaches.noindex/macosx26.2-25C57-3885c01c3e6b6a337905948deab2002e00fa09913b459cbbc988d1f6730289ae.sdkstatcache -fmessage-length\=0 -fdiagnostics-show-note-include-stack -fmacro-backtrace-limit\=0 -fno-color-diagnostics -fmodules-prune-interval\=86400 -fmodules-prune-after\=345600 -fbuild-session-file\=/Users/barriesanders/Library/Developer/Xcode/DerivedData/ModuleCache.noindex/Session.modulevalidation -fmodules-validate-once-per-build-session -Wnon-modular-include-in-framework-module -Werror\=non-modular-include-in-framework-module -Wno-trigraphs -Wno-missing-field-initializers -Wno-missing-prototypes -Wunreachable-code -Wno-missing-braces -Wparentheses -Wswitch -Wunused-function -Wno-unused-label -Wno-unused-parameter -Wunused-variable -Wunused-value -Wempty-body -Wuninitialized -Wno-unknown-pragmas -Wno-shadow -Wno-four-char-constants -Wno-conversion -Wconstant-conversion -Wint-conversion -Wbool-conversion -Wenum-conversion -Wno-float-conversion -Wno-non-literal-null-conversion -Wno-objc-literal-conversion -Wshorten-64-to-32 -Wpointer-sign -Wno-newline-eof -Wno-implicit-fallthrough -fstrict-aliasing -Wdeprecated-declarations -Wno-sign-conversion -Wno-infinite-recursion -Wno-comma -Wno-block-capture-autoreleasing -Wno-strict-prototypes -Wno-semicolon-before-method-body -index-store-path /Users/barriesanders/Library/Developer/Xcode/DerivedData/ProSystem-dprknjeyvcjgbvfrihwhxehzvsaw/Index.noindex/DataStore @/Users/barriesanders/Library/Developer/Xcode/DerivedData/ProSystem-dprknjeyvcjgbvfrihwhxehzvsaw/Build/Intermediates.noindex/ProSystem.build/Debug/ProSystem.build/Objects-normal/arm64/7187679823f38a2a940e0043cdf9d637-common-args.resp -MMD -MT dependencies -MF /Users/barriesanders/Library/Developer/Xcode/DerivedData/ProSystem-dprknjeyvcjgbvfrihwhxehzvsaw/Build/Intermediates.noindex/ProSystem.build/Debug/ProSystem.build/Objects-normal/arm64/Tia.d --serialize-diagnostics /Users/barriesanders/Library/Developer/Xcode/DerivedData/ProSystem-dprknjeyvcjgbvfrihwhxehzvsaw/Build/Intermediates.noindex/ProSystem.build/Debug/ProSystem.build/Objects-normal/arm64/Tia.dia -c /Users/barriesanders/.gemini/antigravity/scratch/OpenEmu_Port/ProSystem/src/Tia.c -o /Users/barriesanders/Library/Developer/Xcode/DerivedData/ProSystem-dprknjeyvcjgbvfrihwhxehzvsaw/Build/Intermediates.noindex/ProSystem.build/Debug/ProSystem.build/Objects-normal/arm64/Tia.o -index-unit-output-path /ProSystem.build/Debug/ProSystem.build/Objects-normal/arm64/Tia.o

CompileC /Users/barriesanders/Library/Developer/Xcode/DerivedData/ProSystem-dprknjeyvcjgbvfrihwhxehzvsaw/Build/Intermediates.noindex/ProSystem.build/Debug/ProSystem.build/Objects-normal/arm64/Sound.o /Users/barriesanders/.gemini/antigravity/scratch/OpenEmu_Port/ProSystem/src/Sound.c normal arm64 c com.apple.compilers.llvm.clang.1_0.compiler (in target 'ProSystem' from project 'ProSystem')
    cd /Users/barriesanders/.gemini/antigravity/scratch/OpenEmu_Port/ProSystem
    
    Using response file: /Users/barriesanders/Library/Developer/Xcode/DerivedData/ProSystem-dprknjeyvcjgbvfrihwhxehzvsaw/Build/Intermediates.noindex/ProSystem.build/Debug/ProSystem.build/Objects-normal/arm64/7187679823f38a2a940e0043cdf9d637-common-args.resp
    
    /Applications/Xcode.app/Contents/Developer/Toolchains/XcodeDefault.xctoolchain/usr/bin/clang -x c -ivfsstatcache /Users/barriesanders/Library/Developer/Xcode/DerivedData/SDKStatCaches.noindex/macosx26.2-25C57-3885c01c3e6b6a337905948deab2002e00fa09913b459cbbc988d1f6730289ae.sdkstatcache -fmessage-length\=0 -fdiagnostics-show-note-include-stack -fmacro-backtrace-limit\=0 -fno-color-diagnostics -fmodules-prune-interval\=86400 -fmodules-prune-after\=345600 -fbuild-session-file\=/Users/barriesanders/Library/Developer/Xcode/DerivedData/ModuleCache.noindex/Session.modulevalidation -fmodules-validate-once-per-build-session -Wnon-modular-include-in-framework-module -Werror\=non-modular-include-in-framework-module -Wno-trigraphs -Wno-missing-field-initializers -Wno-missing-prototypes -Wunreachable-code -Wno-missing-braces -Wparentheses -Wswitch -Wunused-function -Wno-unused-label -Wno-unused-parameter -Wunused-variable -Wunused-value -Wempty-body -Wuninitialized -Wno-unknown-pragmas -Wno-shadow -Wno-four-char-constants -Wno-conversion -Wconstant-conversion -Wint-conversion -Wbool-conversion -Wenum-conversion -Wno-float-conversion -Wno-non-literal-null-conversion -Wno-objc-literal-conversion -Wshorten-64-to-32 -Wpointer-sign -Wno-newline-eof -Wno-implicit-fallthrough -fstrict-aliasing -Wdeprecated-declarations -Wno-sign-conversion -Wno-infinite-recursion -Wno-comma -Wno-block-capture-autoreleasing -Wno-strict-prototypes -Wno-semicolon-before-method-body -index-store-path /Users/barriesanders/Library/Developer/Xcode/DerivedData/ProSystem-dprknjeyvcjgbvfrihwhxehzvsaw/Index.noindex/DataStore @/Users/barriesanders/Library/Developer/Xcode/DerivedData/ProSystem-dprknjeyvcjgbvfrihwhxehzvsaw/Build/Intermediates.noindex/ProSystem.build/Debug/ProSystem.build/Objects-normal/arm64/7187679823f38a2a940e0043cdf9d637-common-args.resp -MMD -MT dependencies -MF /Users/barriesanders/Library/Developer/Xcode/DerivedData/ProSystem-dprknjeyvcjgbvfrihwhxehzvsaw/Build/Intermediates.noindex/ProSystem.build/Debug/ProSystem.build/Objects-normal/arm64/Sound.d --serialize-diagnostics /Users/barriesanders/Library/Developer/Xcode/DerivedData/ProSystem-dprknjeyvcjgbvfrihwhxehzvsaw/Build/Intermediates.noindex/ProSystem.build/Debug/ProSystem.build/Objects-normal/arm64/Sound.dia -c /Users/barriesanders/.gemini/antigravity/scratch/OpenEmu_Port/ProSystem/src/Sound.c -o /Users/barriesanders/Library/Developer/Xcode/DerivedData/ProSystem-dprknjeyvcjgbvfrihwhxehzvsaw/Build/Intermediates.noindex/ProSystem.build/Debug/ProSystem.build/Objects-normal/arm64/Sound.o -index-unit-output-path /ProSystem.build/Debug/ProSystem.build/Objects-normal/arm64/Sound.o

CompileC /Users/barriesanders/Library/Developer/Xcode/DerivedData/ProSystem-dprknjeyvcjgbvfrihwhxehzvsaw/Build/Intermediates.noindex/ProSystem.build/Debug/ProSystem.build/Objects-normal/arm64/Sally.o /Users/barriesanders/.gemini/antigravity/scratch/OpenEmu_Port/ProSystem/src/Sally.c normal arm64 c com.apple.compilers.llvm.clang.1_0.compiler (in target 'ProSystem' from project 'ProSystem')
    cd /Users/barriesanders/.gemini/antigravity/scratch/OpenEmu_Port/ProSystem
    
    Using response file: /Users/barriesanders/Library/Developer/Xcode/DerivedData/ProSystem-dprknjeyvcjgbvfrihwhxehzvsaw/Build/Intermediates.noindex/ProSystem.build/Debug/ProSystem.build/Objects-normal/arm64/7187679823f38a2a940e0043cdf9d637-common-args.resp
    
    /Applications/Xcode.app/Contents/Developer/Toolchains/XcodeDefault.xctoolchain/usr/bin/clang -x c -ivfsstatcache /Users/barriesanders/Library/Developer/Xcode/DerivedData/SDKStatCaches.noindex/macosx26.2-25C57-3885c01c3e6b6a337905948deab2002e00fa09913b459cbbc988d1f6730289ae.sdkstatcache -fmessage-length\=0 -fdiagnostics-show-note-include-stack -fmacro-backtrace-limit\=0 -fno-color-diagnostics -fmodules-prune-interval\=86400 -fmodules-prune-after\=345600 -fbuild-session-file\=/Users/barriesanders/Library/Developer/Xcode/DerivedData/ModuleCache.noindex/Session.modulevalidation -fmodules-validate-once-per-build-session -Wnon-modular-include-in-framework-module -Werror\=non-modular-include-in-framework-module -Wno-trigraphs -Wno-missing-field-initializers -Wno-missing-prototypes -Wunreachable-code -Wno-missing-braces -Wparentheses -Wswitch -Wunused-function -Wno-unused-label -Wno-unused-parameter -Wunused-variable -Wunused-value -Wempty-body -Wuninitialized -Wno-unknown-pragmas -Wno-shadow -Wno-four-char-constants -Wno-conversion -Wconstant-conversion -Wint-conversion -Wbool-conversion -Wenum-conversion -Wno-float-conversion -Wno-non-literal-null-conversion -Wno-objc-literal-conversion -Wshorten-64-to-32 -Wpointer-sign -Wno-newline-eof -Wno-implicit-fallthrough -fstrict-aliasing -Wdeprecated-declarations -Wno-sign-conversion -Wno-infinite-recursion -Wno-comma -Wno-block-capture-autoreleasing -Wno-strict-prototypes -Wno-semicolon-before-method-body -index-store-path /Users/barriesanders/Library/Developer/Xcode/DerivedData/ProSystem-dprknjeyvcjgbvfrihwhxehzvsaw/Index.noindex/DataStore @/Users/barriesanders/Library/Developer/Xcode/DerivedData/ProSystem-dprknjeyvcjgbvfrihwhxehzvsaw/Build/Intermediates.noindex/ProSystem.build/Debug/ProSystem.build/Objects-normal/arm64/7187679823f38a2a940e0043cdf9d637-common-args.resp -MMD -MT dependencies -MF /Users/barriesanders/Library/Developer/Xcode/DerivedData/ProSystem-dprknjeyvcjgbvfrihwhxehzvsaw/Build/Intermediates.noindex/ProSystem.build/Debug/ProSystem.build/Objects-normal/arm64/Sally.d --serialize-diagnostics /Users/barriesanders/Library/Developer/Xcode/DerivedData/ProSystem-dprknjeyvcjgbvfrihwhxehzvsaw/Build/Intermediates.noindex/ProSystem.build/Debug/ProSystem.build/Objects-normal/arm64/Sally.dia -c /Users/barriesanders/.gemini/antigravity/scratch/OpenEmu_Port/ProSystem/src/Sally.c -o /Users/barriesanders/Library/Developer/Xcode/DerivedData/ProSystem-dprknjeyvcjgbvfrihwhxehzvsaw/Build/Intermediates.noindex/ProSystem.build/Debug/ProSystem.build/Objects-normal/arm64/Sally.o -index-unit-output-path /ProSystem.build/Debug/ProSystem.build/Objects-normal/arm64/Sally.o

CompileC /Users/barriesanders/Library/Developer/Xcode/DerivedData/ProSystem-dprknjeyvcjgbvfrihwhxehzvsaw/Build/Intermediates.noindex/ProSystem.build/Debug/ProSystem.build/Objects-normal/arm64/Palette.o /Users/barriesanders/.gemini/antigravity/scratch/OpenEmu_Port/ProSystem/src/Palette.c normal arm64 c com.apple.compilers.llvm.clang.1_0.compiler (in target 'ProSystem' from project 'ProSystem')
    cd /Users/barriesanders/.gemini/antigravity/scratch/OpenEmu_Port/ProSystem
    
    Using response file: /Users/barriesanders/Library/Developer/Xcode/DerivedData/ProSystem-dprknjeyvcjgbvfrihwhxehzvsaw/Build/Intermediates.noindex/ProSystem.build/Debug/ProSystem.build/Objects-normal/arm64/7187679823f38a2a940e0043cdf9d637-common-args.resp
    
    /Applications/Xcode.app/Contents/Developer/Toolchains/XcodeDefault.xctoolchain/usr/bin/clang -x c -ivfsstatcache /Users/barriesanders/Library/Developer/Xcode/DerivedData/SDKStatCaches.noindex/macosx26.2-25C57-3885c01c3e6b6a337905948deab2002e00fa09913b459cbbc988d1f6730289ae.sdkstatcache -fmessage-length\=0 -fdiagnostics-show-note-include-stack -fmacro-backtrace-limit\=0 -fno-color-diagnostics -fmodules-prune-interval\=86400 -fmodules-prune-after\=345600 -fbuild-session-file\=/Users/barriesanders/Library/Developer/Xcode/DerivedData/ModuleCache.noindex/Session.modulevalidation -fmodules-validate-once-per-build-session -Wnon-modular-include-in-framework-module -Werror\=non-modular-include-in-framework-module -Wno-trigraphs -Wno-missing-field-initializers -Wno-missing-prototypes -Wunreachable-code -Wno-missing-braces -Wparentheses -Wswitch -Wunused-function -Wno-unused-label -Wno-unused-parameter -Wunused-variable -Wunused-value -Wempty-body -Wuninitialized -Wno-unknown-pragmas -Wno-shadow -Wno-four-char-constants -Wno-conversion -Wconstant-conversion -Wint-conversion -Wbool-conversion -Wenum-conversion -Wno-float-conversion -Wno-non-literal-null-conversion -Wno-objc-literal-conversion -Wshorten-64-to-32 -Wpointer-sign -Wno-newline-eof -Wno-implicit-fallthrough -fstrict-aliasing -Wdeprecated-declarations -Wno-sign-conversion -Wno-infinite-recursion -Wno-comma -Wno-block-capture-autoreleasing -Wno-strict-prototypes -Wno-semicolon-before-method-body -index-store-path /Users/barriesanders/Library/Developer/Xcode/DerivedData/ProSystem-dprknjeyvcjgbvfrihwhxehzvsaw/Index.noindex/DataStore @/Users/barriesanders/Library/Developer/Xcode/DerivedData/ProSystem-dprknjeyvcjgbvfrihwhxehzvsaw/Build/Intermediates.noindex/ProSystem.build/Debug/ProSystem.build/Objects-normal/arm64/7187679823f38a2a940e0043cdf9d637-common-args.resp -MMD -MT dependencies -MF /Users/barriesanders/Library/Developer/Xcode/DerivedData/ProSystem-dprknjeyvcjgbvfrihwhxehzvsaw/Build/Intermediates.noindex/ProSystem.build/Debug/ProSystem.build/Objects-normal/arm64/Palette.d --serialize-diagnostics /Users/barriesanders/Library/Developer/Xcode/DerivedData/ProSystem-dprknjeyvcjgbvfrihwhxehzvsaw/Build/Intermediates.noindex/ProSystem.build/Debug/ProSystem.build/Objects-normal/arm64/Palette.dia -c /Users/barriesanders/.gemini/antigravity/scratch/OpenEmu_Port/ProSystem/src/Palette.c -o /Users/barriesanders/Library/Developer/Xcode/DerivedData/ProSystem-dprknjeyvcjgbvfrihwhxehzvsaw/Build/Intermediates.noindex/ProSystem.build/Debug/ProSystem.build/Objects-normal/arm64/Palette.o -index-unit-output-path /ProSystem.build/Debug/ProSystem.build/Objects-normal/arm64/Palette.o

CompileC /Users/barriesanders/Library/Developer/Xcode/DerivedData/ProSystem-dprknjeyvcjgbvfrihwhxehzvsaw/Build/Intermediates.noindex/ProSystem.build/Debug/ProSystem.build/Objects-normal/arm64/Region.o /Users/barriesanders/.gemini/antigravity/scratch/OpenEmu_Port/ProSystem/src/Region.c normal arm64 c com.apple.compilers.llvm.clang.1_0.compiler (in target 'ProSystem' from project 'ProSystem')
    cd /Users/barriesanders/.gemini/antigravity/scratch/OpenEmu_Port/ProSystem
    
    Using response file: /Users/barriesanders/Library/Developer/Xcode/DerivedData/ProSystem-dprknjeyvcjgbvfrihwhxehzvsaw/Build/Intermediates.noindex/ProSystem.build/Debug/ProSystem.build/Objects-normal/arm64/7187679823f38a2a940e0043cdf9d637-common-args.resp
    
    /Applications/Xcode.app/Contents/Developer/Toolchains/XcodeDefault.xctoolchain/usr/bin/clang -x c -ivfsstatcache /Users/barriesanders/Library/Developer/Xcode/DerivedData/SDKStatCaches.noindex/macosx26.2-25C57-3885c01c3e6b6a337905948deab2002e00fa09913b459cbbc988d1f6730289ae.sdkstatcache -fmessage-length\=0 -fdiagnostics-show-note-include-stack -fmacro-backtrace-limit\=0 -fno-color-diagnostics -fmodules-prune-interval\=86400 -fmodules-prune-after\=345600 -fbuild-session-file\=/Users/barriesanders/Library/Developer/Xcode/DerivedData/ModuleCache.noindex/Session.modulevalidation -fmodules-validate-once-per-build-session -Wnon-modular-include-in-framework-module -Werror\=non-modular-include-in-framework-module -Wno-trigraphs -Wno-missing-field-initializers -Wno-missing-prototypes -Wunreachable-code -Wno-missing-braces -Wparentheses -Wswitch -Wunused-function -Wno-unused-label -Wno-unused-parameter -Wunused-variable -Wunused-value -Wempty-body -Wuninitialized -Wno-unknown-pragmas -Wno-shadow -Wno-four-char-constants -Wno-conversion -Wconstant-conversion -Wint-conversion -Wbool-conversion -Wenum-conversion -Wno-float-conversion -Wno-non-literal-null-conversion -Wno-objc-literal-conversion -Wshorten-64-to-32 -Wpointer-sign -Wno-newline-eof -Wno-implicit-fallthrough -fstrict-aliasing -Wdeprecated-declarations -Wno-sign-conversion -Wno-infinite-recursion -Wno-comma -Wno-block-capture-autoreleasing -Wno-strict-prototypes -Wno-semicolon-before-method-body -index-store-path /Users/barriesanders/Library/Developer/Xcode/DerivedData/ProSystem-dprknjeyvcjgbvfrihwhxehzvsaw/Index.noindex/DataStore @/Users/barriesanders/Library/Developer/Xcode/DerivedData/ProSystem-dprknjeyvcjgbvfrihwhxehzvsaw/Build/Intermediates.noindex/ProSystem.build/Debug/ProSystem.build/Objects-normal/arm64/7187679823f38a2a940e0043cdf9d637-common-args.resp -MMD -MT dependencies -MF /Users/barriesanders/Library/Developer/Xcode/DerivedData/ProSystem-dprknjeyvcjgbvfrihwhxehzvsaw/Build/Intermediates.noindex/ProSystem.build/Debug/ProSystem.build/Objects-normal/arm64/Region.d --serialize-diagnostics /Users/barriesanders/Library/Developer/Xcode/DerivedData/ProSystem-dprknjeyvcjgbvfrihwhxehzvsaw/Build/Intermediates.noindex/ProSystem.build/Debug/ProSystem.build/Objects-normal/arm64/Region.dia -c /Users/barriesanders/.gemini/antigravity/scratch/OpenEmu_Port/ProSystem/src/Region.c -o /Users/barriesanders/Library/Developer/Xcode/DerivedData/ProSystem-dprknjeyvcjgbvfrihwhxehzvsaw/Build/Intermediates.noindex/ProSystem.build/Debug/ProSystem.build/Objects-normal/arm64/Region.o -index-unit-output-path /ProSystem.build/Debug/ProSystem.build/Objects-normal/arm64/Region.o

CompileC /Users/barriesanders/Library/Developer/Xcode/DerivedData/ProSystem-dprknjeyvcjgbvfrihwhxehzvsaw/Build/Intermediates.noindex/ProSystem.build/Debug/ProSystem.build/Objects-normal/arm64/ProSystem.o /Users/barriesanders/.gemini/antigravity/scratch/OpenEmu_Port/ProSystem/src/ProSystem.c normal arm64 c com.apple.compilers.llvm.clang.1_0.compiler (in target 'ProSystem' from project 'ProSystem')
    cd /Users/barriesanders/.gemini/antigravity/scratch/OpenEmu_Port/ProSystem
    
    Using response file: /Users/barriesanders/Library/Developer/Xcode/DerivedData/ProSystem-dprknjeyvcjgbvfrihwhxehzvsaw/Build/Intermediates.noindex/ProSystem.build/Debug/ProSystem.build/Objects-normal/arm64/7187679823f38a2a940e0043cdf9d637-common-args.resp
    
    /Applications/Xcode.app/Contents/Developer/Toolchains/XcodeDefault.xctoolchain/usr/bin/clang -x c -ivfsstatcache /Users/barriesanders/Library/Developer/Xcode/DerivedData/SDKStatCaches.noindex/macosx26.2-25C57-3885c01c3e6b6a337905948deab2002e00fa09913b459cbbc988d1f6730289ae.sdkstatcache -fmessage-length\=0 -fdiagnostics-show-note-include-stack -fmacro-backtrace-limit\=0 -fno-color-diagnostics -fmodules-prune-interval\=86400 -fmodules-prune-after\=345600 -fbuild-session-file\=/Users/barriesanders/Library/Developer/Xcode/DerivedData/ModuleCache.noindex/Session.modulevalidation -fmodules-validate-once-per-build-session -Wnon-modular-include-in-framework-module -Werror\=non-modular-include-in-framework-module -Wno-trigraphs -Wno-missing-field-initializers -Wno-missing-prototypes -Wunreachable-code -Wno-missing-braces -Wparentheses -Wswitch -Wunused-function -Wno-unused-label -Wno-unused-parameter -Wunused-variable -Wunused-value -Wempty-body -Wuninitialized -Wno-unknown-pragmas -Wno-shadow -Wno-four-char-constants -Wno-conversion -Wconstant-conversion -Wint-conversion -Wbool-conversion -Wenum-conversion -Wno-float-conversion -Wno-non-literal-null-conversion -Wno-objc-literal-conversion -Wshorten-64-to-32 -Wpointer-sign -Wno-newline-eof -Wno-implicit-fallthrough -fstrict-aliasing -Wdeprecated-declarations -Wno-sign-conversion -Wno-infinite-recursion -Wno-comma -Wno-block-capture-autoreleasing -Wno-strict-prototypes -Wno-semicolon-before-method-body -index-store-path /Users/barriesanders/Library/Developer/Xcode/DerivedData/ProSystem-dprknjeyvcjgbvfrihwhxehzvsaw/Index.noindex/DataStore @/Users/barriesanders/Library/Developer/Xcode/DerivedData/ProSystem-dprknjeyvcjgbvfrihwhxehzvsaw/Build/Intermediates.noindex/ProSystem.build/Debug/ProSystem.build/Objects-normal/arm64/7187679823f38a2a940e0043cdf9d637-common-args.resp -MMD -MT dependencies -MF /Users/barriesanders/Library/Developer/Xcode/DerivedData/ProSystem-dprknjeyvcjgbvfrihwhxehzvsaw/Build/Intermediates.noindex/ProSystem.build/Debug/ProSystem.build/Objects-normal/arm64/ProSystem.d --serialize-diagnostics /Users/barriesanders/Library/Developer/Xcode/DerivedData/ProSystem-dprknjeyvcjgbvfrihwhxehzvsaw/Build/Intermediates.noindex/ProSystem.build/Debug/ProSystem.build/Objects-normal/arm64/ProSystem.dia -c /Users/barriesanders/.gemini/antigravity/scratch/OpenEmu_Port/ProSystem/src/ProSystem.c -o /Users/barriesanders/Library/Developer/Xcode/DerivedData/ProSystem-dprknjeyvcjgbvfrihwhxehzvsaw/Build/Intermediates.noindex/ProSystem.build/Debug/ProSystem.build/Objects-normal/arm64/ProSystem.o -index-unit-output-path /ProSystem.build/Debug/ProSystem.build/Objects-normal/arm64/ProSystem.o
/Users/barriesanders/.gemini/antigravity/scratch/OpenEmu_Port/ProSystem/src/ProSystem.c:377:16: warning: implicit conversion loses integer precision: 'long' to 'uint32_t' (aka 'unsigned int') [-Wshorten-64-to-32]
  377 |         size = ftell(file);
      |              ~ ^~~~~~~~~~~
1 warning generated.

CompileC /Users/barriesanders/Library/Developer/Xcode/DerivedData/ProSystem-dprknjeyvcjgbvfrihwhxehzvsaw/Build/Intermediates.noindex/ProSystem.build/Debug/ProSystem.build/Objects-normal/arm64/Memory.o /Users/barriesanders/.gemini/antigravity/scratch/OpenEmu_Port/ProSystem/src/Memory.c normal arm64 c com.apple.compilers.llvm.clang.1_0.compiler (in target 'ProSystem' from project 'ProSystem')
    cd /Users/barriesanders/.gemini/antigravity/scratch/OpenEmu_Port/ProSystem
    
    Using response file: /Users/barriesanders/Library/Developer/Xcode/DerivedData/ProSystem-dprknjeyvcjgbvfrihwhxehzvsaw/Build/Intermediates.noindex/ProSystem.build/Debug/ProSystem.build/Objects-normal/arm64/7187679823f38a2a940e0043cdf9d637-common-args.resp
    
    /Applications/Xcode.app/Contents/Developer/Toolchains/XcodeDefault.xctoolchain/usr/bin/clang -x c -ivfsstatcache /Users/barriesanders/Library/Developer/Xcode/DerivedData/SDKStatCaches.noindex/macosx26.2-25C57-3885c01c3e6b6a337905948deab2002e00fa09913b459cbbc988d1f6730289ae.sdkstatcache -fmessage-length\=0 -fdiagnostics-show-note-include-stack -fmacro-backtrace-limit\=0 -fno-color-diagnostics -fmodules-prune-interval\=86400 -fmodules-prune-after\=345600 -fbuild-session-file\=/Users/barriesanders/Library/Developer/Xcode/DerivedData/ModuleCache.noindex/Session.modulevalidation -fmodules-validate-once-per-build-session -Wnon-modular-include-in-framework-module -Werror\=non-modular-include-in-framework-module -Wno-trigraphs -Wno-missing-field-initializers -Wno-missing-prototypes -Wunreachable-code -Wno-missing-braces -Wparentheses -Wswitch -Wunused-function -Wno-unused-label -Wno-unused-parameter -Wunused-variable -Wunused-value -Wempty-body -Wuninitialized -Wno-unknown-pragmas -Wno-shadow -Wno-four-char-constants -Wno-conversion -Wconstant-conversion -Wint-conversion -Wbool-conversion -Wenum-conversion -Wno-float-conversion -Wno-non-literal-null-conversion -Wno-objc-literal-conversion -Wshorten-64-to-32 -Wpointer-sign -Wno-newline-eof -Wno-implicit-fallthrough -fstrict-aliasing -Wdeprecated-declarations -Wno-sign-conversion -Wno-infinite-recursion -Wno-comma -Wno-block-capture-autoreleasing -Wno-strict-prototypes -Wno-semicolon-before-method-body -index-store-path /Users/barriesanders/Library/Developer/Xcode/DerivedData/ProSystem-dprknjeyvcjgbvfrihwhxehzvsaw/Index.noindex/DataStore @/Users/barriesanders/Library/Developer/Xcode/DerivedData/ProSystem-dprknjeyvcjgbvfrihwhxehzvsaw/Build/Intermediates.noindex/ProSystem.build/Debug/ProSystem.build/Objects-normal/arm64/7187679823f38a2a940e0043cdf9d637-common-args.resp -MMD -MT dependencies -MF /Users/barriesanders/Library/Developer/Xcode/DerivedData/ProSystem-dprknjeyvcjgbvfrihwhxehzvsaw/Build/Intermediates.noindex/ProSystem.build/Debug/ProSystem.build/Objects-normal/arm64/Memory.d --serialize-diagnostics /Users/barriesanders/Library/Developer/Xcode/DerivedData/ProSystem-dprknjeyvcjgbvfrihwhxehzvsaw/Build/Intermediates.noindex/ProSystem.build/Debug/ProSystem.build/Objects-normal/arm64/Memory.dia -c /Users/barriesanders/.gemini/antigravity/scratch/OpenEmu_Port/ProSystem/src/Memory.c -o /Users/barriesanders/Library/Developer/Xcode/DerivedData/ProSystem-dprknjeyvcjgbvfrihwhxehzvsaw/Build/Intermediates.noindex/ProSystem.build/Debug/ProSystem.build/Objects-normal/arm64/Memory.o -index-unit-output-path /ProSystem.build/Debug/ProSystem.build/Objects-normal/arm64/Memory.o

CompileC /Users/barriesanders/Library/Developer/Xcode/DerivedData/ProSystem-dprknjeyvcjgbvfrihwhxehzvsaw/Build/Intermediates.noindex/ProSystem.build/Debug/ProSystem.build/Objects-normal/arm64/Riot.o /Users/barriesanders/.gemini/antigravity/scratch/OpenEmu_Port/ProSystem/src/Riot.c normal arm64 c com.apple.compilers.llvm.clang.1_0.compiler (in target 'ProSystem' from project 'ProSystem')
    cd /Users/barriesanders/.gemini/antigravity/scratch/OpenEmu_Port/ProSystem
    
    Using response file: /Users/barriesanders/Library/Developer/Xcode/DerivedData/ProSystem-dprknjeyvcjgbvfrihwhxehzvsaw/Build/Intermediates.noindex/ProSystem.build/Debug/ProSystem.build/Objects-normal/arm64/7187679823f38a2a940e0043cdf9d637-common-args.resp
    
    /Applications/Xcode.app/Contents/Developer/Toolchains/XcodeDefault.xctoolchain/usr/bin/clang -x c -ivfsstatcache /Users/barriesanders/Library/Developer/Xcode/DerivedData/SDKStatCaches.noindex/macosx26.2-25C57-3885c01c3e6b6a337905948deab2002e00fa09913b459cbbc988d1f6730289ae.sdkstatcache -fmessage-length\=0 -fdiagnostics-show-note-include-stack -fmacro-backtrace-limit\=0 -fno-color-diagnostics -fmodules-prune-interval\=86400 -fmodules-prune-after\=345600 -fbuild-session-file\=/Users/barriesanders/Library/Developer/Xcode/DerivedData/ModuleCache.noindex/Session.modulevalidation -fmodules-validate-once-per-build-session -Wnon-modular-include-in-framework-module -Werror\=non-modular-include-in-framework-module -Wno-trigraphs -Wno-missing-field-initializers -Wno-missing-prototypes -Wunreachable-code -Wno-missing-braces -Wparentheses -Wswitch -Wunused-function -Wno-unused-label -Wno-unused-parameter -Wunused-variable -Wunused-value -Wempty-body -Wuninitialized -Wno-unknown-pragmas -Wno-shadow -Wno-four-char-constants -Wno-conversion -Wconstant-conversion -Wint-conversion -Wbool-conversion -Wenum-conversion -Wno-float-conversion -Wno-non-literal-null-conversion -Wno-objc-literal-conversion -Wshorten-64-to-32 -Wpointer-sign -Wno-newline-eof -Wno-implicit-fallthrough -fstrict-aliasing -Wdeprecated-declarations -Wno-sign-conversion -Wno-infinite-recursion -Wno-comma -Wno-block-capture-autoreleasing -Wno-strict-prototypes -Wno-semicolon-before-method-body -index-store-path /Users/barriesanders/Library/Developer/Xcode/DerivedData/ProSystem-dprknjeyvcjgbvfrihwhxehzvsaw/Index.noindex/DataStore @/Users/barriesanders/Library/Developer/Xcode/DerivedData/ProSystem-dprknjeyvcjgbvfrihwhxehzvsaw/Build/Intermediates.noindex/ProSystem.build/Debug/ProSystem.build/Objects-normal/arm64/7187679823f38a2a940e0043cdf9d637-common-args.resp -MMD -MT dependencies -MF /Users/barriesanders/Library/Developer/Xcode/DerivedData/ProSystem-dprknjeyvcjgbvfrihwhxehzvsaw/Build/Intermediates.noindex/ProSystem.build/Debug/ProSystem.build/Objects-normal/arm64/Riot.d --serialize-diagnostics /Users/barriesanders/Library/Developer/Xcode/DerivedData/ProSystem-dprknjeyvcjgbvfrihwhxehzvsaw/Build/Intermediates.noindex/ProSystem.build/Debug/ProSystem.build/Objects-normal/arm64/Riot.dia -c /Users/barriesanders/.gemini/antigravity/scratch/OpenEmu_Port/ProSystem/src/Riot.c -o /Users/barriesanders/Library/Developer/Xcode/DerivedData/ProSystem-dprknjeyvcjgbvfrihwhxehzvsaw/Build/Intermediates.noindex/ProSystem.build/Debug/ProSystem.build/Objects-normal/arm64/Riot.o -index-unit-output-path /ProSystem.build/Debug/ProSystem.build/Objects-normal/arm64/Riot.o

CompileC /Users/barriesanders/Library/Developer/Xcode/DerivedData/ProSystem-dprknjeyvcjgbvfrihwhxehzvsaw/Build/Intermediates.noindex/ProSystem.build/Debug/ProSystem.build/Objects-normal/arm64/Maria.o /Users/barriesanders/.gemini/antigravity/scratch/OpenEmu_Port/ProSystem/src/Maria.c normal arm64 c com.apple.compilers.llvm.clang.1_0.compiler (in target 'ProSystem' from project 'ProSystem')
    cd /Users/barriesanders/.gemini/antigravity/scratch/OpenEmu_Port/ProSystem
    
    Using response file: /Users/barriesanders/Library/Developer/Xcode/DerivedData/ProSystem-dprknjeyvcjgbvfrihwhxehzvsaw/Build/Intermediates.noindex/ProSystem.build/Debug/ProSystem.build/Objects-normal/arm64/7187679823f38a2a940e0043cdf9d637-common-args.resp
    
    /Applications/Xcode.app/Contents/Developer/Toolchains/XcodeDefault.xctoolchain/usr/bin/clang -x c -ivfsstatcache /Users/barriesanders/Library/Developer/Xcode/DerivedData/SDKStatCaches.noindex/macosx26.2-25C57-3885c01c3e6b6a337905948deab2002e00fa09913b459cbbc988d1f6730289ae.sdkstatcache -fmessage-length\=0 -fdiagnostics-show-note-include-stack -fmacro-backtrace-limit\=0 -fno-color-diagnostics -fmodules-prune-interval\=86400 -fmodules-prune-after\=345600 -fbuild-session-file\=/Users/barriesanders/Library/Developer/Xcode/DerivedData/ModuleCache.noindex/Session.modulevalidation -fmodules-validate-once-per-build-session -Wnon-modular-include-in-framework-module -Werror\=non-modular-include-in-framework-module -Wno-trigraphs -Wno-missing-field-initializers -Wno-missing-prototypes -Wunreachable-code -Wno-missing-braces -Wparentheses -Wswitch -Wunused-function -Wno-unused-label -Wno-unused-parameter -Wunused-variable -Wunused-value -Wempty-body -Wuninitialized -Wno-unknown-pragmas -Wno-shadow -Wno-four-char-constants -Wno-conversion -Wconstant-conversion -Wint-conversion -Wbool-conversion -Wenum-conversion -Wno-float-conversion -Wno-non-literal-null-conversion -Wno-objc-literal-conversion -Wshorten-64-to-32 -Wpointer-sign -Wno-newline-eof -Wno-implicit-fallthrough -fstrict-aliasing -Wdeprecated-declarations -Wno-sign-conversion -Wno-infinite-recursion -Wno-comma -Wno-block-capture-autoreleasing -Wno-strict-prototypes -Wno-semicolon-before-method-body -index-store-path /Users/barriesanders/Library/Developer/Xcode/DerivedData/ProSystem-dprknjeyvcjgbvfrihwhxehzvsaw/Index.noindex/DataStore @/Users/barriesanders/Library/Developer/Xcode/DerivedData/ProSystem-dprknjeyvcjgbvfrihwhxehzvsaw/Build/Intermediates.noindex/ProSystem.build/Debug/ProSystem.build/Objects-normal/arm64/7187679823f38a2a940e0043cdf9d637-common-args.resp -MMD -MT dependencies -MF /Users/barriesanders/Library/Developer/Xcode/DerivedData/ProSystem-dprknjeyvcjgbvfrihwhxehzvsaw/Build/Intermediates.noindex/ProSystem.build/Debug/ProSystem.build/Objects-normal/arm64/Maria.d --serialize-diagnostics /Users/barriesanders/Library/Developer/Xcode/DerivedData/ProSystem-dprknjeyvcjgbvfrihwhxehzvsaw/Build/Intermediates.noindex/ProSystem.build/Debug/ProSystem.build/Objects-normal/arm64/Maria.dia -c /Users/barriesanders/.gemini/antigravity/scratch/OpenEmu_Port/ProSystem/src/Maria.c -o /Users/barriesanders/Library/Developer/Xcode/DerivedData/ProSystem-dprknjeyvcjgbvfrihwhxehzvsaw/Build/Intermediates.noindex/ProSystem.build/Debug/ProSystem.build/Objects-normal/arm64/Maria.o -index-unit-output-path /ProSystem.build/Debug/ProSystem.build/Objects-normal/arm64/Maria.o

CompileC /Users/barriesanders/Library/Developer/Xcode/DerivedData/ProSystem-dprknjeyvcjgbvfrihwhxehzvsaw/Build/Intermediates.noindex/ProSystem.build/Debug/ProSystem.build/Objects-normal/arm64/ExpansionModule.o /Users/barriesanders/.gemini/antigravity/scratch/OpenEmu_Port/ProSystem/src/ExpansionModule.c normal arm64 c com.apple.compilers.llvm.clang.1_0.compiler (in target 'ProSystem' from project 'ProSystem')
    cd /Users/barriesanders/.gemini/antigravity/scratch/OpenEmu_Port/ProSystem
    
    Using response file: /Users/barriesanders/Library/Developer/Xcode/DerivedData/ProSystem-dprknjeyvcjgbvfrihwhxehzvsaw/Build/Intermediates.noindex/ProSystem.build/Debug/ProSystem.build/Objects-normal/arm64/7187679823f38a2a940e0043cdf9d637-common-args.resp
    
    /Applications/Xcode.app/Contents/Developer/Toolchains/XcodeDefault.xctoolchain/usr/bin/clang -x c -ivfsstatcache /Users/barriesanders/Library/Developer/Xcode/DerivedData/SDKStatCaches.noindex/macosx26.2-25C57-3885c01c3e6b6a337905948deab2002e00fa09913b459cbbc988d1f6730289ae.sdkstatcache -fmessage-length\=0 -fdiagnostics-show-note-include-stack -fmacro-backtrace-limit\=0 -fno-color-diagnostics -fmodules-prune-interval\=86400 -fmodules-prune-after\=345600 -fbuild-session-file\=/Users/barriesanders/Library/Developer/Xcode/DerivedData/ModuleCache.noindex/Session.modulevalidation -fmodules-validate-once-per-build-session -Wnon-modular-include-in-framework-module -Werror\=non-modular-include-in-framework-module -Wno-trigraphs -Wno-missing-field-initializers -Wno-missing-prototypes -Wunreachable-code -Wno-missing-braces -Wparentheses -Wswitch -Wunused-function -Wno-unused-label -Wno-unused-parameter -Wunused-variable -Wunused-value -Wempty-body -Wuninitialized -Wno-unknown-pragmas -Wno-shadow -Wno-four-char-constants -Wno-conversion -Wconstant-conversion -Wint-conversion -Wbool-conversion -Wenum-conversion -Wno-float-conversion -Wno-non-literal-null-conversion -Wno-objc-literal-conversion -Wshorten-64-to-32 -Wpointer-sign -Wno-newline-eof -Wno-implicit-fallthrough -fstrict-aliasing -Wdeprecated-declarations -Wno-sign-conversion -Wno-infinite-recursion -Wno-comma -Wno-block-capture-autoreleasing -Wno-strict-prototypes -Wno-semicolon-before-method-body -index-store-path /Users/barriesanders/Library/Developer/Xcode/DerivedData/ProSystem-dprknjeyvcjgbvfrihwhxehzvsaw/Index.noindex/DataStore @/Users/barriesanders/Library/Developer/Xcode/DerivedData/ProSystem-dprknjeyvcjgbvfrihwhxehzvsaw/Build/Intermediates.noindex/ProSystem.build/Debug/ProSystem.build/Objects-normal/arm64/7187679823f38a2a940e0043cdf9d637-common-args.resp -MMD -MT dependencies -MF /Users/barriesanders/Library/Developer/Xcode/DerivedData/ProSystem-dprknjeyvcjgbvfrihwhxehzvsaw/Build/Intermediates.noindex/ProSystem.build/Debug/ProSystem.build/Objects-normal/arm64/ExpansionModule.d --serialize-diagnostics /Users/barriesanders/Library/Developer/Xcode/DerivedData/ProSystem-dprknjeyvcjgbvfrihwhxehzvsaw/Build/Intermediates.noindex/ProSystem.build/Debug/ProSystem.build/Objects-normal/arm64/ExpansionModule.dia -c /Users/barriesanders/.gemini/antigravity/scratch/OpenEmu_Port/ProSystem/src/ExpansionModule.c -o /Users/barriesanders/Library/Developer/Xcode/DerivedData/ProSystem-dprknjeyvcjgbvfrihwhxehzvsaw/Build/Intermediates.noindex/ProSystem.build/Debug/ProSystem.build/Objects-normal/arm64/ExpansionModule.o -index-unit-output-path /ProSystem.build/Debug/ProSystem.build/Objects-normal/arm64/ExpansionModule.o

PrecompileModule /Users/barriesanders/Library/Developer/Xcode/DerivedData/ProSystem-dprknjeyvcjgbvfrihwhxehzvsaw/Build/Intermediates.noindex/ExplicitPrecompiledModules/_DarwinFoundation3-BP6FQ5GRMXT0BY088CBY8D3KQ.scan
    cd /
    builtin-precompileModule /Users/barriesanders/Library/Developer/Xcode/DerivedData/ProSystem-dprknjeyvcjgbvfrihwhxehzvsaw/Build/Intermediates.noindex/ExplicitPrecompiledModules/_DarwinFoundation3-BP6FQ5GRMXT0BY088CBY8D3KQ.scan

CompileC /Users/barriesanders/Library/Developer/Xcode/DerivedData/ProSystem-dprknjeyvcjgbvfrihwhxehzvsaw/Build/Intermediates.noindex/ProSystem.build/Debug/ProSystem.build/Objects-normal/arm64/Pokey.o /Users/barriesanders/.gemini/antigravity/scratch/OpenEmu_Port/ProSystem/src/Pokey.c normal arm64 c com.apple.compilers.llvm.clang.1_0.compiler (in target 'ProSystem' from project 'ProSystem')
    cd /Users/barriesanders/.gemini/antigravity/scratch/OpenEmu_Port/ProSystem
    
    Using response file: /Users/barriesanders/Library/Developer/Xcode/DerivedData/ProSystem-dprknjeyvcjgbvfrihwhxehzvsaw/Build/Intermediates.noindex/ProSystem.build/Debug/ProSystem.build/Objects-normal/arm64/7187679823f38a2a940e0043cdf9d637-common-args.resp
    
    /Applications/Xcode.app/Contents/Developer/Toolchains/XcodeDefault.xctoolchain/usr/bin/clang -x c -ivfsstatcache /Users/barriesanders/Library/Developer/Xcode/DerivedData/SDKStatCaches.noindex/macosx26.2-25C57-3885c01c3e6b6a337905948deab2002e00fa09913b459cbbc988d1f6730289ae.sdkstatcache -fmessage-length\=0 -fdiagnostics-show-note-include-stack -fmacro-backtrace-limit\=0 -fno-color-diagnostics -fmodules-prune-interval\=86400 -fmodules-prune-after\=345600 -fbuild-session-file\=/Users/barriesanders/Library/Developer/Xcode/DerivedData/ModuleCache.noindex/Session.modulevalidation -fmodules-validate-once-per-build-session -Wnon-modular-include-in-framework-module -Werror\=non-modular-include-in-framework-module -Wno-trigraphs -Wno-missing-field-initializers -Wno-missing-prototypes -Wunreachable-code -Wno-missing-braces -Wparentheses -Wswitch -Wunused-function -Wno-unused-label -Wno-unused-parameter -Wunused-variable -Wunused-value -Wempty-body -Wuninitialized -Wno-unknown-pragmas -Wno-shadow -Wno-four-char-constants -Wno-conversion -Wconstant-conversion -Wint-conversion -Wbool-conversion -Wenum-conversion -Wno-float-conversion -Wno-non-literal-null-conversion -Wno-objc-literal-conversion -Wshorten-64-to-32 -Wpointer-sign -Wno-newline-eof -Wno-implicit-fallthrough -fstrict-aliasing -Wdeprecated-declarations -Wno-sign-conversion -Wno-infinite-recursion -Wno-comma -Wno-block-capture-autoreleasing -Wno-strict-prototypes -Wno-semicolon-before-method-body -index-store-path /Users/barriesanders/Library/Developer/Xcode/DerivedData/ProSystem-dprknjeyvcjgbvfrihwhxehzvsaw/Index.noindex/DataStore @/Users/barriesanders/Library/Developer/Xcode/DerivedData/ProSystem-dprknjeyvcjgbvfrihwhxehzvsaw/Build/Intermediates.noindex/ProSystem.build/Debug/ProSystem.build/Objects-normal/arm64/7187679823f38a2a940e0043cdf9d637-common-args.resp -MMD -MT dependencies -MF /Users/barriesanders/Library/Developer/Xcode/DerivedData/ProSystem-dprknjeyvcjgbvfrihwhxehzvsaw/Build/Intermediates.noindex/ProSystem.build/Debug/ProSystem.build/Objects-normal/arm64/Pokey.d --serialize-diagnostics /Users/barriesanders/Library/Developer/Xcode/DerivedData/ProSystem-dprknjeyvcjgbvfrihwhxehzvsaw/Build/Intermediates.noindex/ProSystem.build/Debug/ProSystem.build/Objects-normal/arm64/Pokey.dia -c /Users/barriesanders/.gemini/antigravity/scratch/OpenEmu_Port/ProSystem/src/Pokey.c -o /Users/barriesanders/Library/Developer/Xcode/DerivedData/ProSystem-dprknjeyvcjgbvfrihwhxehzvsaw/Build/Intermediates.noindex/ProSystem.build/Debug/ProSystem.build/Objects-normal/arm64/Pokey.o -index-unit-output-path /ProSystem.build/Debug/ProSystem.build/Objects-normal/arm64/Pokey.o

CompileC /Users/barriesanders/Library/Developer/Xcode/DerivedData/ProSystem-dprknjeyvcjgbvfrihwhxehzvsaw/Build/Intermediates.noindex/ProSystem.build/Debug/ProSystem.build/Objects-normal/arm64/Database.o /Users/barriesanders/.gemini/antigravity/scratch/OpenEmu_Port/ProSystem/src/Database.c normal arm64 c com.apple.compilers.llvm.clang.1_0.compiler (in target 'ProSystem' from project 'ProSystem')
    cd /Users/barriesanders/.gemini/antigravity/scratch/OpenEmu_Port/ProSystem
    
    Using response file: /Users/barriesanders/Library/Developer/Xcode/DerivedData/ProSystem-dprknjeyvcjgbvfrihwhxehzvsaw/Build/Intermediates.noindex/ProSystem.build/Debug/ProSystem.build/Objects-normal/arm64/7187679823f38a2a940e0043cdf9d637-common-args.resp
    
    /Applications/Xcode.app/Contents/Developer/Toolchains/XcodeDefault.xctoolchain/usr/bin/clang -x c -ivfsstatcache /Users/barriesanders/Library/Developer/Xcode/DerivedData/SDKStatCaches.noindex/macosx26.2-25C57-3885c01c3e6b6a337905948deab2002e00fa09913b459cbbc988d1f6730289ae.sdkstatcache -fmessage-length\=0 -fdiagnostics-show-note-include-stack -fmacro-backtrace-limit\=0 -fno-color-diagnostics -fmodules-prune-interval\=86400 -fmodules-prune-after\=345600 -fbuild-session-file\=/Users/barriesanders/Library/Developer/Xcode/DerivedData/ModuleCache.noindex/Session.modulevalidation -fmodules-validate-once-per-build-session -Wnon-modular-include-in-framework-module -Werror\=non-modular-include-in-framework-module -Wno-trigraphs -Wno-missing-field-initializers -Wno-missing-prototypes -Wunreachable-code -Wno-missing-braces -Wparentheses -Wswitch -Wunused-function -Wno-unused-label -Wno-unused-parameter -Wunused-variable -Wunused-value -Wempty-body -Wuninitialized -Wno-unknown-pragmas -Wno-shadow -Wno-four-char-constants -Wno-conversion -Wconstant-conversion -Wint-conversion -Wbool-conversion -Wenum-conversion -Wno-float-conversion -Wno-non-literal-null-conversion -Wno-objc-literal-conversion -Wshorten-64-to-32 -Wpointer-sign -Wno-newline-eof -Wno-implicit-fallthrough -fstrict-aliasing -Wdeprecated-declarations -Wno-sign-conversion -Wno-infinite-recursion -Wno-comma -Wno-block-capture-autoreleasing -Wno-strict-prototypes -Wno-semicolon-before-method-body -index-store-path /Users/barriesanders/Library/Developer/Xcode/DerivedData/ProSystem-dprknjeyvcjgbvfrihwhxehzvsaw/Index.noindex/DataStore @/Users/barriesanders/Library/Developer/Xcode/DerivedData/ProSystem-dprknjeyvcjgbvfrihwhxehzvsaw/Build/Intermediates.noindex/ProSystem.build/Debug/ProSystem.build/Objects-normal/arm64/7187679823f38a2a940e0043cdf9d637-common-args.resp -MMD -MT dependencies -MF /Users/barriesanders/Library/Developer/Xcode/DerivedData/ProSystem-dprknjeyvcjgbvfrihwhxehzvsaw/Build/Intermediates.noindex/ProSystem.build/Debug/ProSystem.build/Objects-normal/arm64/Database.d --serialize-diagnostics /Users/barriesanders/Library/Developer/Xcode/DerivedData/ProSystem-dprknjeyvcjgbvfrihwhxehzvsaw/Build/Intermediates.noindex/ProSystem.build/Debug/ProSystem.build/Objects-normal/arm64/Database.dia -c /Users/barriesanders/.gemini/antigravity/scratch/OpenEmu_Port/ProSystem/src/Database.c -o /Users/barriesanders/Library/Developer/Xcode/DerivedData/ProSystem-dprknjeyvcjgbvfrihwhxehzvsaw/Build/Intermediates.noindex/ProSystem.build/Debug/ProSystem.build/Objects-normal/arm64/Database.o -index-unit-output-path /ProSystem.build/Debug/ProSystem.build/Objects-normal/arm64/Database.o

CompileC /Users/barriesanders/Library/Developer/Xcode/DerivedData/ProSystem-dprknjeyvcjgbvfrihwhxehzvsaw/Build/Intermediates.noindex/ProSystem.build/Debug/ProSystem.build/Objects-normal/arm64/Cartridge.o /Users/barriesanders/.gemini/antigravity/scratch/OpenEmu_Port/ProSystem/src/Cartridge.c normal arm64 c com.apple.compilers.llvm.clang.1_0.compiler (in target 'ProSystem' from project 'ProSystem')
    cd /Users/barriesanders/.gemini/antigravity/scratch/OpenEmu_Port/ProSystem
    
    Using response file: /Users/barriesanders/Library/Developer/Xcode/DerivedData/ProSystem-dprknjeyvcjgbvfrihwhxehzvsaw/Build/Intermediates.noindex/ProSystem.build/Debug/ProSystem.build/Objects-normal/arm64/7187679823f38a2a940e0043cdf9d637-common-args.resp
    
    /Applications/Xcode.app/Contents/Developer/Toolchains/XcodeDefault.xctoolchain/usr/bin/clang -x c -ivfsstatcache /Users/barriesanders/Library/Developer/Xcode/DerivedData/SDKStatCaches.noindex/macosx26.2-25C57-3885c01c3e6b6a337905948deab2002e00fa09913b459cbbc988d1f6730289ae.sdkstatcache -fmessage-length\=0 -fdiagnostics-show-note-include-stack -fmacro-backtrace-limit\=0 -fno-color-diagnostics -fmodules-prune-interval\=86400 -fmodules-prune-after\=345600 -fbuild-session-file\=/Users/barriesanders/Library/Developer/Xcode/DerivedData/ModuleCache.noindex/Session.modulevalidation -fmodules-validate-once-per-build-session -Wnon-modular-include-in-framework-module -Werror\=non-modular-include-in-framework-module -Wno-trigraphs -Wno-missing-field-initializers -Wno-missing-prototypes -Wunreachable-code -Wno-missing-braces -Wparentheses -Wswitch -Wunused-function -Wno-unused-label -Wno-unused-parameter -Wunused-variable -Wunused-value -Wempty-body -Wuninitialized -Wno-unknown-pragmas -Wno-shadow -Wno-four-char-constants -Wno-conversion -Wconstant-conversion -Wint-conversion -Wbool-conversion -Wenum-conversion -Wno-float-conversion -Wno-non-literal-null-conversion -Wno-objc-literal-conversion -Wshorten-64-to-32 -Wpointer-sign -Wno-newline-eof -Wno-implicit-fallthrough -fstrict-aliasing -Wdeprecated-declarations -Wno-sign-conversion -Wno-infinite-recursion -Wno-comma -Wno-block-capture-autoreleasing -Wno-strict-prototypes -Wno-semicolon-before-method-body -index-store-path /Users/barriesanders/Library/Developer/Xcode/DerivedData/ProSystem-dprknjeyvcjgbvfrihwhxehzvsaw/Index.noindex/DataStore @/Users/barriesanders/Library/Developer/Xcode/DerivedData/ProSystem-dprknjeyvcjgbvfrihwhxehzvsaw/Build/Intermediates.noindex/ProSystem.build/Debug/ProSystem.build/Objects-normal/arm64/7187679823f38a2a940e0043cdf9d637-common-args.resp -MMD -MT dependencies -MF /Users/barriesanders/Library/Developer/Xcode/DerivedData/ProSystem-dprknjeyvcjgbvfrihwhxehzvsaw/Build/Intermediates.noindex/ProSystem.build/Debug/ProSystem.build/Objects-normal/arm64/Cartridge.d --serialize-diagnostics /Users/barriesanders/Library/Developer/Xcode/DerivedData/ProSystem-dprknjeyvcjgbvfrihwhxehzvsaw/Build/Intermediates.noindex/ProSystem.build/Debug/ProSystem.build/Objects-normal/arm64/Cartridge.dia -c /Users/barriesanders/.gemini/antigravity/scratch/OpenEmu_Port/ProSystem/src/Cartridge.c -o /Users/barriesanders/Library/Developer/Xcode/DerivedData/ProSystem-dprknjeyvcjgbvfrihwhxehzvsaw/Build/Intermediates.noindex/ProSystem.build/Debug/ProSystem.build/Objects-normal/arm64/Cartridge.o -index-unit-output-path /ProSystem.build/Debug/ProSystem.build/Objects-normal/arm64/Cartridge.o
/Users/barriesanders/.gemini/antigravity/scratch/OpenEmu_Port/ProSystem/src/Cartridge.c:199:37: warning: implicit conversion loses integer precision: 'size_t' (aka 'unsigned long') to 'uint32_t' (aka 'unsigned int') [-Wshorten-64-to-32]
  199 |             cartridge_SetTypeBySize(cartridge_size);
      |             ~~~~~~~~~~~~~~~~~~~~~~~ ^~~~~~~~~~~~~~
/Users/barriesanders/.gemini/antigravity/scratch/OpenEmu_Port/ProSystem/src/Cartridge.c:287:53: warning: implicit conversion loses integer precision: 'size_t' (aka 'unsigned long') to 'uint32_t' (aka 'unsigned int') [-Wshorten-64-to-32]
  287 |             memory_WriteROM(65536 - cartridge_size, cartridge_size, cartridge_buffer);
      |             ~~~~~~~~~~~~~~~                         ^~~~~~~~~~~~~~
/Users/barriesanders/.gemini/antigravity/scratch/OpenEmu_Port/ProSystem/src/Cartridge.c:291:53: warning: implicit conversion loses integer precision: 'size_t' (aka 'unsigned long') to 'uint32_t' (aka 'unsigned int') [-Wshorten-64-to-32]
  291 |             memory_WriteROM(65536 - cartridge_size, cartridge_size, cartridge_buffer);
      |             ~~~~~~~~~~~~~~~                         ^~~~~~~~~~~~~~
/Users/barriesanders/.gemini/antigravity/scratch/OpenEmu_Port/ProSystem/src/Cartridge.c:296:46: warning: implicit conversion loses integer precision: 'size_t' (aka 'unsigned long') to 'uint32_t' (aka 'unsigned int') [-Wshorten-64-to-32]
  296 |             uint32_t offset = cartridge_size - 16384;
      |                      ~~~~~~   ~~~~~~~~~~~~~~~^~~~~~~
/Users/barriesanders/.gemini/antigravity/scratch/OpenEmu_Port/ProSystem/src/Cartridge.c:303:46: warning: implicit conversion loses integer precision: 'size_t' (aka 'unsigned long') to 'uint32_t' (aka 'unsigned int') [-Wshorten-64-to-32]
  303 |             uint32_t offset = cartridge_size - 16384;
      |                      ~~~~~~   ~~~~~~~~~~~~~~~^~~~~~~
/Users/barriesanders/.gemini/antigravity/scratch/OpenEmu_Port/ProSystem/src/Cartridge.c:311:46: warning: implicit conversion loses integer precision: 'size_t' (aka 'unsigned long') to 'uint32_t' (aka 'unsigned int') [-Wshorten-64-to-32]
  311 |             uint32_t offset = cartridge_size - 16384;
      |                      ~~~~~~   ~~~~~~~~~~~~~~~^~~~~~~
/Users/barriesanders/.gemini/antigravity/scratch/OpenEmu_Port/ProSystem/src/Cartridge.c:319:46: warning: implicit conversion loses integer precision: 'size_t' (aka 'unsigned long') to 'uint32_t' (aka 'unsigned int') [-Wshorten-64-to-32]
  319 |             uint32_t offset = cartridge_size - 16384;
      |                      ~~~~~~   ~~~~~~~~~~~~~~~^~~~~~~
7 warnings generated.

CompileC /Users/barriesanders/Library/Developer/Xcode/DerivedData/ProSystem-dprknjeyvcjgbvfrihwhxehzvsaw/Build/Intermediates.noindex/ProSystem.build/Debug/ProSystem.build/Objects-normal/arm64/Bios.o /Users/barriesanders/.gemini/antigravity/scratch/OpenEmu_Port/ProSystem/src/Bios.c normal arm64 c com.apple.compilers.llvm.clang.1_0.compiler (in target 'ProSystem' from project 'ProSystem')
    cd /Users/barriesanders/.gemini/antigravity/scratch/OpenEmu_Port/ProSystem
    
    Using response file: /Users/barriesanders/Library/Developer/Xcode/DerivedData/ProSystem-dprknjeyvcjgbvfrihwhxehzvsaw/Build/Intermediates.noindex/ProSystem.build/Debug/ProSystem.build/Objects-normal/arm64/7187679823f38a2a940e0043cdf9d637-common-args.resp
    
    /Applications/Xcode.app/Contents/Developer/Toolchains/XcodeDefault.xctoolchain/usr/bin/clang -x c -ivfsstatcache /Users/barriesanders/Library/Developer/Xcode/DerivedData/SDKStatCaches.noindex/macosx26.2-25C57-3885c01c3e6b6a337905948deab2002e00fa09913b459cbbc988d1f6730289ae.sdkstatcache -fmessage-length\=0 -fdiagnostics-show-note-include-stack -fmacro-backtrace-limit\=0 -fno-color-diagnostics -fmodules-prune-interval\=86400 -fmodules-prune-after\=345600 -fbuild-session-file\=/Users/barriesanders/Library/Developer/Xcode/DerivedData/ModuleCache.noindex/Session.modulevalidation -fmodules-validate-once-per-build-session -Wnon-modular-include-in-framework-module -Werror\=non-modular-include-in-framework-module -Wno-trigraphs -Wno-missing-field-initializers -Wno-missing-prototypes -Wunreachable-code -Wno-missing-braces -Wparentheses -Wswitch -Wunused-function -Wno-unused-label -Wno-unused-parameter -Wunused-variable -Wunused-value -Wempty-body -Wuninitialized -Wno-unknown-pragmas -Wno-shadow -Wno-four-char-constants -Wno-conversion -Wconstant-conversion -Wint-conversion -Wbool-conversion -Wenum-conversion -Wno-float-conversion -Wno-non-literal-null-conversion -Wno-objc-literal-conversion -Wshorten-64-to-32 -Wpointer-sign -Wno-newline-eof -Wno-implicit-fallthrough -fstrict-aliasing -Wdeprecated-declarations -Wno-sign-conversion -Wno-infinite-recursion -Wno-comma -Wno-block-capture-autoreleasing -Wno-strict-prototypes -Wno-semicolon-before-method-body -index-store-path /Users/barriesanders/Library/Developer/Xcode/DerivedData/ProSystem-dprknjeyvcjgbvfrihwhxehzvsaw/Index.noindex/DataStore @/Users/barriesanders/Library/Developer/Xcode/DerivedData/ProSystem-dprknjeyvcjgbvfrihwhxehzvsaw/Build/Intermediates.noindex/ProSystem.build/Debug/ProSystem.build/Objects-normal/arm64/7187679823f38a2a940e0043cdf9d637-common-args.resp -MMD -MT dependencies -MF /Users/barriesanders/Library/Developer/Xcode/DerivedData/ProSystem-dprknjeyvcjgbvfrihwhxehzvsaw/Build/Intermediates.noindex/ProSystem.build/Debug/ProSystem.build/Objects-normal/arm64/Bios.d --serialize-diagnostics /Users/barriesanders/Library/Developer/Xcode/DerivedData/ProSystem-dprknjeyvcjgbvfrihwhxehzvsaw/Build/Intermediates.noindex/ProSystem.build/Debug/ProSystem.build/Objects-normal/arm64/Bios.dia -c /Users/barriesanders/.gemini/antigravity/scratch/OpenEmu_Port/ProSystem/src/Bios.c -o /Users/barriesanders/Library/Developer/Xcode/DerivedData/ProSystem-dprknjeyvcjgbvfrihwhxehzvsaw/Build/Intermediates.noindex/ProSystem.build/Debug/ProSystem.build/Objects-normal/arm64/Bios.o -index-unit-output-path /ProSystem.build/Debug/ProSystem.build/Objects-normal/arm64/Bios.o

** BUILD FAILED **


The following build commands failed:
	ScanDependencies /Users/barriesanders/Library/Developer/Xcode/DerivedData/ProSystem-dprknjeyvcjgbvfrihwhxehzvsaw/Build/Intermediates.noindex/ProSystem.build/Debug/ProSystem.build/Objects-normal/arm64/ProSystemGameCore.o /Users/barriesanders/.gemini/antigravity/scratch/OpenEmu_Port/ProSystem/ProSystemGameCore.m normal arm64 objective-c com.apple.compilers.llvm.clang.1_0.compiler (in target 'ProSystem' from project 'ProSystem')
	Building project ProSystem with scheme ProSystem
(2 failures)
