This file contains any messages produced by compilers while
running configure, to aid debugging if configure makes a mistake.

It was created by reSID configure 1.0-pre2, which was
generated by GNU Autoconf 2.71.  Invocation command line was

  $ ./configure --prefix=/usr/local --disable-option-checking --enable-static --disable-shared --without-pulse --without-alsa --without-oss --without-sdlsound --without-gtk3 --without-gtk2 --without-headless --enable-external-ffmpeg --disable-catweasel --disable-hardsid --disable-parsid --disable-ethernet --disable-ipv6 --disable-cpuhistory --disable-debug --disable-option-checking --srcdir=. --cache-file=/dev/null

## --------- ##
## Platform. ##
## --------- ##

hostname = MacBookPro
uname -m = arm64
uname -r = 25.3.0
uname -s = Darwin
uname -v = Darwin Kernel Version 25.3.0: Sun Jan  4 19:17:33 PST 2026; root:xnu-12377.80.267~81/RELEASE_ARM64_T6000

/usr/bin/uname -p = arm
/bin/uname -X     = unknown

/bin/arch              = unknown
/usr/bin/arch -k       = unknown
/usr/convex/getsysinfo = unknown
/usr/bin/hostinfo      = Mach kernel version:
	 Darwin Kernel Version 25.3.0: Sun Jan  4 19:17:33 PST 2026; root:xnu-12377.80.267~81/RELEASE_ARM64_T6000
Kernel configured for up to 10 processors.
10 processors are physically available.
10 processors are logically available.
Processor type: arm64e (ARM64E)
Processors active: 0 1 2 3 4 5 6 7 8 9
Primary memory available: 64.00 gigabytes
Default processor set: 734 tasks, 3900 threads, 10 processors
Load average: 4.89, Mach factor: 5.44
/bin/machine           = unknown
/usr/bin/oslevel       = unknown
/bin/universe          = unknown

PATH: /opt/homebrew/bin/
PATH: /opt/homebrew/sbin/
PATH: /usr/local/bin/
PATH: /usr/bin/
PATH: /bin/
PATH: /usr/sbin/
PATH: /sbin/
PATH: /Users/barriesanders/Library/Python/3.8/bin/
PATH: /var/run/com.apple.security.cryptexd/codex.system/bootstrap/usr/local/bin/
PATH: /var/run/com.apple.security.cryptexd/codex.system/bootstrap/usr/bin/
PATH: /var/run/com.apple.security.cryptexd/codex.system/bootstrap/usr/appleinternal/bin/
PATH: /opt/pmk/env/global/bin/
PATH: /Library/Apple/usr/bin/
PATH: /Applications/VMware Fusion.app/Contents/Public/
PATH: /usr/local/share/dotnet/
PATH: ~/.dotnet/tools/
PATH: /Library/Frameworks/Mono.framework/Versions/Current/Commands/
PATH: /Users/barriesanders/.cache/lm-studio/bin/
PATH: /Users/barriesanders/.cache/lm-studio/bin/


## ----------- ##
## Core tests. ##
## ----------- ##

configure:2357: looking for aux files: config.guess config.sub missing install-sh
configure:2370:  trying ./
configure:2370:  trying ./../
configure:2370:  trying ./../../
configure:2399:   ./../../config.guess found
configure:2399:   ./../../config.sub found
configure:2399:   ./../../missing found
configure:2381:   ./../../install-sh found
configure:2530: checking for a BSD-compatible install
configure:2603: result: /usr/bin/install -c
configure:2614: checking whether build environment is sane
configure:2669: result: yes
configure:2828: checking for a race-free mkdir -p
configure:2872: result: ./../../install-sh -c -d
configure:2879: checking for gawk
configure:2914: result: no
configure:2879: checking for mawk
configure:2914: result: no
configure:2879: checking for nawk
configure:2914: result: no
configure:2879: checking for awk
configure:2900: found /usr/bin/awk
configure:2911: result: awk
configure:2922: checking whether make sets $(MAKE)
configure:2945: result: yes
configure:2975: checking whether make supports nested variables
configure:2993: result: yes
configure:3149: checking build system type
configure:3164: result: aarch64-apple-darwin25.3.0
configure:3184: checking host system type
configure:3198: result: aarch64-apple-darwin25.3.0
configure:3219: checking for debugging
configure:3232: result: build without asserts
configure:3385: checking for c++
configure:3406: found /usr/bin/c++
configure:3417: result: c++
configure:3444: checking for C++ compiler version
configure:3453: c++ --version >&5
Apple clang version 17.0.0 (clang-1700.6.3.2)
Target: arm64-apple-darwin25.3.0
Thread model: posix
InstalledDir: /Applications/Xcode.app/Contents/Developer/Toolchains/XcodeDefault.xctoolchain/usr/bin
configure:3464: $? = 0
configure:3453: c++ -v >&5
Apple clang version 17.0.0 (clang-1700.6.3.2)
Target: arm64-apple-darwin25.3.0
Thread model: posix
InstalledDir: /Applications/Xcode.app/Contents/Developer/Toolchains/XcodeDefault.xctoolchain/usr/bin
configure:3464: $? = 0
configure:3453: c++ -V >&5
clang++: error: argument to '-V' is missing (expected 1 value)
clang++: error: no input files
configure:3464: $? = 1
configure:3453: c++ -qversion >&5
clang++: error: unknown argument '-qversion'; did you mean '--version'?
clang++: error: no input files
configure:3464: $? = 1
configure:3484: checking whether the C++ compiler works
configure:3506: c++    conftest.cpp  >&5
configure:3510: $? = 0
configure:3560: result: yes
configure:3563: checking for C++ compiler default output file name
configure:3565: result: a.out
configure:3571: checking for suffix of executables
configure:3578: c++ -o conftest    conftest.cpp  >&5
configure:3582: $? = 0
configure:3605: result: 
configure:3627: checking whether we are cross compiling
configure:3635: c++ -o conftest    conftest.cpp  >&5
configure:3639: $? = 0
configure:3646: ./conftest
configure:3650: $? = 0
configure:3665: result: no
configure:3670: checking for suffix of object files
configure:3693: c++ -c   conftest.cpp >&5
configure:3697: $? = 0
configure:3719: result: o
configure:3723: checking whether the compiler supports GNU C++
configure:3743: c++ -c   conftest.cpp >&5
configure:3743: $? = 0
configure:3753: result: yes
configure:3764: checking whether c++ accepts -g
configure:3785: c++ -c -g  conftest.cpp >&5
configure:3785: $? = 0
configure:3829: result: yes
configure:3849: checking for c++ option to enable C++11 features
configure:3864: c++  -c -g -O2  conftest.cpp >&5
conftest.cpp:177:25: warning: empty parentheses interpreted as a function declaration [-Wvexing-parse]
  177 |   cxx11test::delegate d2();
      |                         ^~
conftest.cpp:177:25: note: remove parentheses to declare a variable
  177 |   cxx11test::delegate d2();
      |                         ^~
1 warning generated.
configure:3864: $? = 0
configure:3882: result: none needed
configure:3949: checking whether make supports the include directive
configure:3964: make -f confmf.GNU && cat confinc.out
this is the am__doit target
configure:3967: $? = 0
configure:3986: result: yes (GNU style)
configure:4012: checking dependency style of c++
configure:4124: result: gcc3
configure:4144: checking if the compiler supports -march=native
configure:4160: c++ -c -g -O2 -march=native  conftest.cpp >&5
configure:4160: $? = 0
configure:4162: result: yes
configure:4207: checking whether g++ accepts -g -Wall -O3 -march=native -fno-exceptions
configure:4213: c++ -c -g -Wall -O3 -march=native -fno-exceptions  conftest.cpp >&5
configure:4213: $? = 0
configure:4215: result: yes
configure:4265: checking for ar
configure:4286: found /usr/bin/ar
configure:4298: result: ar
configure:4354: checking for ranlib
configure:4375: found /usr/bin/ranlib
configure:4386: result: ranlib
configure:4410: checking for perl
configure:4433: found /usr/bin/perl
configure:4445: result: /usr/bin/perl
configure:4459: checking for stdio.h
configure:4459: c++ -c -g -Wall -O3 -march=native -fno-exceptions -mmacosx-version-min=10.10  conftest.cpp >&5
configure:4459: $? = 0
configure:4459: result: yes
configure:4459: checking for stdlib.h
configure:4459: c++ -c -g -Wall -O3 -march=native -fno-exceptions -mmacosx-version-min=10.10  conftest.cpp >&5
configure:4459: $? = 0
configure:4459: result: yes
configure:4459: checking for string.h
configure:4459: c++ -c -g -Wall -O3 -march=native -fno-exceptions -mmacosx-version-min=10.10  conftest.cpp >&5
configure:4459: $? = 0
configure:4459: result: yes
configure:4459: checking for inttypes.h
configure:4459: c++ -c -g -Wall -O3 -march=native -fno-exceptions -mmacosx-version-min=10.10  conftest.cpp >&5
configure:4459: $? = 0
configure:4459: result: yes
configure:4459: checking for stdint.h
configure:4459: c++ -c -g -Wall -O3 -march=native -fno-exceptions -mmacosx-version-min=10.10  conftest.cpp >&5
configure:4459: $? = 0
configure:4459: result: yes
configure:4459: checking for strings.h
configure:4459: c++ -c -g -Wall -O3 -march=native -fno-exceptions -mmacosx-version-min=10.10  conftest.cpp >&5
configure:4459: $? = 0
configure:4459: result: yes
configure:4459: checking for sys/stat.h
configure:4459: c++ -c -g -Wall -O3 -march=native -fno-exceptions -mmacosx-version-min=10.10  conftest.cpp >&5
configure:4459: $? = 0
configure:4459: result: yes
configure:4459: checking for sys/types.h
configure:4459: c++ -c -g -Wall -O3 -march=native -fno-exceptions -mmacosx-version-min=10.10  conftest.cpp >&5
configure:4459: $? = 0
configure:4459: result: yes
configure:4459: checking for unistd.h
configure:4459: c++ -c -g -Wall -O3 -march=native -fno-exceptions -mmacosx-version-min=10.10  conftest.cpp >&5
configure:4459: $? = 0
configure:4459: result: yes
configure:4484: checking for math.h
configure:4484: c++ -c -g -Wall -O3 -march=native -fno-exceptions -mmacosx-version-min=10.10  conftest.cpp >&5
configure:4484: $? = 0
configure:4484: result: yes
configure:4497: checking size of int
configure:4503: c++ -o conftest -g -Wall -O3 -march=native -fno-exceptions -mmacosx-version-min=10.10   -mmacosx-version-min=10.10 conftest.cpp  >&5
configure:4503: $? = 0
configure:4503: ./conftest
configure:4503: $? = 0
configure:4518: result: 4
configure:4532: checking for working bool
configure:4542: c++ -c -g -Wall -O3 -march=native -fno-exceptions -mmacosx-version-min=10.10  conftest.cpp >&5
configure:4542: $? = 0
configure:4550: result: yes
configure:4562: checking for __builtin_expect
configure:4572: c++ -c -g -Wall -O3 -march=native -fno-exceptions -mmacosx-version-min=10.10  conftest.cpp >&5
conftest.cpp:22:14: warning: ignoring return value of function declared with const attribute [-Wunused-value]
   22 | int main() { __builtin_expect(0, 0); }
      |              ^~~~~~~~~~~~~~~~ ~~~~
1 warning generated.
configure:4572: $? = 0
configure:4580: result: yes
configure:4592: checking for log1p
configure:4609: c++ -c -g -Wall -O3 -march=native -fno-exceptions -mmacosx-version-min=10.10  conftest.cpp >&5
configure:4609: $? = 0
configure:4617: result: yes
configure:4776: checking that generated files are newer than configure
configure:4782: result: done
configure:4809: creating ./config.status

## ---------------------- ##
## Running config.status. ##
## ---------------------- ##

This file was extended by reSID config.status 1.0-pre2, which was
generated by GNU Autoconf 2.71.  Invocation command line was

  CONFIG_FILES    = 
  CONFIG_HEADERS  = 
  CONFIG_LINKS    = 
  CONFIG_COMMANDS = 
  $ ./config.status 

on MacBookPro

config.status:794: creating Makefile
config.status:794: creating siddefs.h
config.status:966: executing depfiles commands
config.status:1043: cd .       && sed -e '/# am--include-marker/d' Makefile         | make -f - am--depfiles
config.status:1048: $? = 0

## ---------------- ##
## Cache variables. ##
## ---------------- ##

ac_cv_build=aarch64-apple-darwin25.3.0
ac_cv_cxx_compiler_gnu=yes
ac_cv_env_CCC_set=
ac_cv_env_CCC_value=
ac_cv_env_CPPFLAGS_set=
ac_cv_env_CPPFLAGS_value=
ac_cv_env_CXXFLAGS_set=
ac_cv_env_CXXFLAGS_value=
ac_cv_env_CXX_set=
ac_cv_env_CXX_value=
ac_cv_env_LDFLAGS_set=
ac_cv_env_LDFLAGS_value=
ac_cv_env_LIBS_set=
ac_cv_env_LIBS_value=
ac_cv_env_build_alias_set=
ac_cv_env_build_alias_value=
ac_cv_env_host_alias_set=
ac_cv_env_host_alias_value=
ac_cv_env_target_alias_set=
ac_cv_env_target_alias_value=
ac_cv_header_inttypes_h=yes
ac_cv_header_math_h=yes
ac_cv_header_stdint_h=yes
ac_cv_header_stdio_h=yes
ac_cv_header_stdlib_h=yes
ac_cv_header_string_h=yes
ac_cv_header_strings_h=yes
ac_cv_header_sys_stat_h=yes
ac_cv_header_sys_types_h=yes
ac_cv_header_unistd_h=yes
ac_cv_host=aarch64-apple-darwin25.3.0
ac_cv_objext=o
ac_cv_path_PERL=/usr/bin/perl
ac_cv_path_install='/usr/bin/install -c'
ac_cv_prog_AR=ar
ac_cv_prog_AWK=awk
ac_cv_prog_ac_ct_CXX=c++
ac_cv_prog_ac_ct_RANLIB=ranlib
ac_cv_prog_cxx_cxx11=
ac_cv_prog_cxx_g=yes
ac_cv_prog_cxx_stdcxx=
ac_cv_prog_make_make_set=yes
ac_cv_sizeof_int=4
am_cv_CXX_dependencies_compiler_type=gcc3
am_cv_make_support_nested_variables=yes
resid_cv_builtin_expect=yes
resid_cv_cxx_bool=yes
resid_cv_log1p=yes

## ----------------- ##
## Output variables. ##
## ----------------- ##

ACLOCAL='${SHELL} '\''/Users/barriesanders/.gemini/antigravity/scratch/OpenEmu_Port/vice-3.10/missing'\'' aclocal-1.16'
AMDEPBACKSLASH='\'
AMDEP_FALSE='#'
AMDEP_TRUE=''
AMTAR='$${TAR-tar}'
AM_BACKSLASH='\'
AM_DEFAULT_V='$(AM_DEFAULT_VERBOSITY)'
AM_DEFAULT_VERBOSITY='1'
AM_V='$(V)'
AR='ar'
ARFLAGS='cr'
AR_FLAGS='cr'
AUTOCONF='${SHELL} '\''/Users/barriesanders/.gemini/antigravity/scratch/OpenEmu_Port/vice-3.10/missing'\'' autoconf'
AUTOHEADER='${SHELL} '\''/Users/barriesanders/.gemini/antigravity/scratch/OpenEmu_Port/vice-3.10/missing'\'' autoheader'
AUTOMAKE='${SHELL} '\''/Users/barriesanders/.gemini/antigravity/scratch/OpenEmu_Port/vice-3.10/missing'\'' automake-1.16'
AWK='awk'
CPPFLAGS=''
CSCOPE='cscope'
CTAGS='ctags'
CXX='c++'
CXXDEPMODE='depmode=gcc3'
CXXFLAGS='-g -Wall -O3 -march=native -fno-exceptions -mmacosx-version-min=10.10'
CYGPATH_W='echo'
DEFS='-DPACKAGE_NAME=\"reSID\" -DPACKAGE_TARNAME=\"resid\" -DPACKAGE_VERSION=\"1.0-pre2\" -DPACKAGE_STRING=\"reSID\ 1.0-pre2\" -DPACKAGE_BUGREPORT=\"resid@nimrod.no\" -DPACKAGE_URL=\"\" -DPACKAGE=\"resid\" -DVERSION=\"1.0-pre2\" -DHAVE_STDIO_H=1 -DHAVE_STDLIB_H=1 -DHAVE_STRING_H=1 -DHAVE_INTTYPES_H=1 -DHAVE_STDINT_H=1 -DHAVE_STRINGS_H=1 -DHAVE_SYS_STAT_H=1 -DHAVE_SYS_TYPES_H=1 -DHAVE_UNISTD_H=1 -DSTDC_HEADERS=1 -DSIZEOF_INT=4'
DEPDIR='.deps'
ECHO_C='\c'
ECHO_N=''
ECHO_T=''
ETAGS='etags'
EXEEXT=''
HAVE_BOOL='1'
HAVE_BUILTIN_EXPECT='1'
HAVE_LOG1P='1'
INSTALL_DATA='${INSTALL} -m 644'
INSTALL_PROGRAM='${INSTALL}'
INSTALL_SCRIPT='${INSTALL}'
INSTALL_STRIP_PROGRAM='$(install_sh) -c -s'
LDFLAGS=' -mmacosx-version-min=10.10'
LIBOBJS=''
LIBS=''
LTLIBOBJS=''
MAKEINFO='${SHELL} '\''/Users/barriesanders/.gemini/antigravity/scratch/OpenEmu_Port/vice-3.10/missing'\'' makeinfo'
MKDIR_P='./../../install-sh -c -d'
NEW_8580_FILTER='1'
NEW_8580_FILTER_FALSE='#'
NEW_8580_FILTER_TRUE=''
OBJEXT='o'
PACKAGE='resid'
PACKAGE_BUGREPORT='resid@nimrod.no'
PACKAGE_NAME='reSID'
PACKAGE_STRING='reSID 1.0-pre2'
PACKAGE_TARNAME='resid'
PACKAGE_URL=''
PACKAGE_VERSION='1.0-pre2'
PATH_SEPARATOR=':'
PERL='/usr/bin/perl'
RANLIB='ranlib'
RESID_BRANCH_HINTS='1'
RESID_CPPFLAGS='-DNDEBUG'
RESID_INLINE='inline'
RESID_INLINING='1'
SET_MAKE=''
SHELL='/bin/sh'
STRIP=''
VERSION='1.0-pre2'
ac_ct_CXX='c++'
am__EXEEXT_FALSE=''
am__EXEEXT_TRUE='#'
am__fastdepCXX_FALSE='#'
am__fastdepCXX_TRUE=''
am__include='include'
am__isrc=''
am__leading_dot='.'
am__nodep='_no'
am__quote=''
am__tar='$${TAR-tar} chof - "$$tardir"'
am__untar='$${TAR-tar} xf -'
bindir='${exec_prefix}/bin'
build='aarch64-apple-darwin25.3.0'
build_alias=''
build_cpu='aarch64'
build_os='darwin25.3.0'
build_vendor='apple'
datadir='${datarootdir}'
datarootdir='${prefix}/share'
docdir='${datarootdir}/doc/${PACKAGE_TARNAME}'
dvidir='${docdir}'
exec_prefix='${prefix}'
host='aarch64-apple-darwin25.3.0'
host_alias=''
host_cpu='aarch64'
host_os='darwin25.3.0'
host_vendor='apple'
htmldir='${docdir}'
includedir='${prefix}/include'
infodir='${datarootdir}/info'
install_sh='${SHELL} /Users/barriesanders/.gemini/antigravity/scratch/OpenEmu_Port/vice-3.10/install-sh'
libdir='${exec_prefix}/lib'
libexecdir='${exec_prefix}/libexec'
localedir='${datarootdir}/locale'
localstatedir='${prefix}/var'
mandir='${datarootdir}/man'
mkdir_p='$(MKDIR_P)'
oldincludedir='/usr/include'
pdfdir='${docdir}'
prefix='/usr/local'
program_transform_name='s,x,x,'
psdir='${docdir}'
runstatedir='${localstatedir}/run'
sbindir='${exec_prefix}/sbin'
sharedstatedir='${prefix}/com'
sysconfdir='${prefix}/etc'
target_alias=''

## ----------- ##
## confdefs.h. ##
## ----------- ##

/* confdefs.h */
#define PACKAGE_NAME "reSID"
#define PACKAGE_TARNAME "resid"
#define PACKAGE_VERSION "1.0-pre2"
#define PACKAGE_STRING "reSID 1.0-pre2"
#define PACKAGE_BUGREPORT "resid@nimrod.no"
#define PACKAGE_URL ""
#define PACKAGE "resid"
#define VERSION "1.0-pre2"
#define HAVE_STDIO_H 1
#define HAVE_STDLIB_H 1
#define HAVE_STRING_H 1
#define HAVE_INTTYPES_H 1
#define HAVE_STDINT_H 1
#define HAVE_STRINGS_H 1
#define HAVE_SYS_STAT_H 1
#define HAVE_SYS_TYPES_H 1
#define HAVE_UNISTD_H 1
#define STDC_HEADERS 1
#define SIZEOF_INT 4

configure: exit 0
