Command line invocation:
    /Applications/Xcode.app/Contents/Developer/usr/bin/xcodebuild -project Gambatte.xcodeproj -scheme Gambatte -arch arm64 build

Build settings from command line:
    ARCHS = arm64

2026-01-27 20:15:00.450 xcodebuild[95742:1340130] [MT] IDERunDestination: Supported platforms for the buildables in the current scheme is empty.
--- xcodebuild: WARNING: Using the first of multiple matching destinations:
{ platform:macOS, arch:arm64, id:00006001-001A50163A02801E, name:My Mac }
{ platform:macOS, arch:x86_64, id:00006001-001A50163A02801E, name:My Mac }
{ platform:macOS, name:Any Mac }
ComputePackagePrebuildTargetDependencyGraph

Prepare packages

CreateBuildRequest

SendProjectDescription

CreateBuildOperation

ComputeTargetDependencyGraph
note: Building targets in dependency order
note: Target dependency graph (1 target)
    Target 'Gambatte' in project 'Gambatte' (no dependencies)

GatherProvisioningInputs

CreateBuildDescription

ExecuteExternalTool /Applications/Xcode.app/Contents/Developer/Toolchains/XcodeDefault.xctoolchain/usr/bin/clang -v -E -dM -isysroot /Applications/Xcode.app/Contents/Developer/Platforms/MacOSX.platform/Developer/SDKs/MacOSX26.2.sdk -x c -c /dev/null

ExecuteExternalTool /Applications/Xcode.app/Contents/Developer/Toolchains/XcodeDefault.xctoolchain/usr/bin/clang -v -E -dM -arch arm64 -isysroot /Applications/Xcode.app/Contents/Developer/Platforms/MacOSX.platform/Developer/SDKs/MacOSX26.2.sdk -x objective-c++ -c /dev/null

ExecuteExternalTool /Applications/Xcode.app/Contents/Developer/Toolchains/XcodeDefault.xctoolchain/usr/bin/clang -v -E -dM -arch arm64 -isysroot /Applications/Xcode.app/Contents/Developer/Platforms/MacOSX.platform/Developer/SDKs/MacOSX26.2.sdk -x c -c /dev/null

ExecuteExternalTool /Applications/Xcode.app/Contents/Developer/Toolchains/XcodeDefault.xctoolchain/usr/bin/clang -v -E -dM -arch arm64 -isysroot /Applications/Xcode.app/Contents/Developer/Platforms/MacOSX.platform/Developer/SDKs/MacOSX26.2.sdk -x c++ -c /dev/null

ExecuteExternalTool /Applications/Xcode.app/Contents/Developer/Toolchains/XcodeDefault.xctoolchain/usr/bin/ld -version_details

Build description signature: f94d60ad7e4d215f87bb6a2fb340e6b7
Build description path: /Users/barriesanders/Library/Developer/Xcode/DerivedData/Gambatte-becswlhcwqssobflxvaxsqpzjhmw/Build/Intermediates.noindex/XCBuildData/f94d60ad7e4d215f87bb6a2fb340e6b7.xcbuilddata
ClangStatCache /Applications/Xcode.app/Contents/Developer/Toolchains/XcodeDefault.xctoolchain/usr/bin/clang-stat-cache /Applications/Xcode.app/Contents/Developer/Platforms/MacOSX.platform/Developer/SDKs/MacOSX26.2.sdk /Users/barriesanders/Library/Developer/Xcode/DerivedData/SDKStatCaches.noindex/macosx26.2-25C57-3885c01c3e6b6a337905948deab2002e00fa09913b459cbbc988d1f6730289ae.sdkstatcache
    cd /Users/barriesanders/.gemini/antigravity/scratch/OpenEmu_Port/Gambatte/Gambatte.xcodeproj
    /Applications/Xcode.app/Contents/Developer/Toolchains/XcodeDefault.xctoolchain/usr/bin/clang-stat-cache /Applications/Xcode.app/Contents/Developer/Platforms/MacOSX.platform/Developer/SDKs/MacOSX26.2.sdk -o /Users/barriesanders/Library/Developer/Xcode/DerivedData/SDKStatCaches.noindex/macosx26.2-25C57-3885c01c3e6b6a337905948deab2002e00fa09913b459cbbc988d1f6730289ae.sdkstatcache

CreateBuildDirectory /Users/barriesanders/Library/Developer/Xcode/DerivedData/Gambatte-becswlhcwqssobflxvaxsqpzjhmw/Build/Intermediates.noindex
    cd /Users/barriesanders/.gemini/antigravity/scratch/OpenEmu_Port/Gambatte/Gambatte.xcodeproj
    builtin-create-build-directory /Users/barriesanders/Library/Developer/Xcode/DerivedData/Gambatte-becswlhcwqssobflxvaxsqpzjhmw/Build/Intermediates.noindex

CreateBuildDirectory /Users/barriesanders/Library/Developer/Xcode/DerivedData/Gambatte-becswlhcwqssobflxvaxsqpzjhmw/Build/Products
    cd /Users/barriesanders/.gemini/antigravity/scratch/OpenEmu_Port/Gambatte/Gambatte.xcodeproj
    builtin-create-build-directory /Users/barriesanders/Library/Developer/Xcode/DerivedData/Gambatte-becswlhcwqssobflxvaxsqpzjhmw/Build/Products

CreateBuildDirectory /Users/barriesanders/Library/Developer/Xcode/DerivedData/Gambatte-becswlhcwqssobflxvaxsqpzjhmw/Build/Intermediates.noindex/SwiftExplicitPrecompiledModules
    cd /Users/barriesanders/.gemini/antigravity/scratch/OpenEmu_Port/Gambatte/Gambatte.xcodeproj
    builtin-create-build-directory /Users/barriesanders/Library/Developer/Xcode/DerivedData/Gambatte-becswlhcwqssobflxvaxsqpzjhmw/Build/Intermediates.noindex/SwiftExplicitPrecompiledModules

CreateBuildDirectory /Users/barriesanders/Library/Developer/Xcode/DerivedData/Gambatte-becswlhcwqssobflxvaxsqpzjhmw/Build/Intermediates.noindex/ExplicitPrecompiledModules
    cd /Users/barriesanders/.gemini/antigravity/scratch/OpenEmu_Port/Gambatte/Gambatte.xcodeproj
    builtin-create-build-directory /Users/barriesanders/Library/Developer/Xcode/DerivedData/Gambatte-becswlhcwqssobflxvaxsqpzjhmw/Build/Intermediates.noindex/ExplicitPrecompiledModules

CreateBuildDirectory /Users/barriesanders/Library/Developer/Xcode/DerivedData/Gambatte-becswlhcwqssobflxvaxsqpzjhmw/Build/Intermediates.noindex/EagerLinkingTBDs/Debug
    cd /Users/barriesanders/.gemini/antigravity/scratch/OpenEmu_Port/Gambatte/Gambatte.xcodeproj
    builtin-create-build-directory /Users/barriesanders/Library/Developer/Xcode/DerivedData/Gambatte-becswlhcwqssobflxvaxsqpzjhmw/Build/Intermediates.noindex/EagerLinkingTBDs/Debug

WriteAuxiliaryFile /Users/barriesanders/Library/Developer/Xcode/DerivedData/Gambatte-becswlhcwqssobflxvaxsqpzjhmw/Build/Intermediates.noindex/Gambatte.build/Debug/Gambatte-c18a6caed3edf5b7896554f369975dac-VFS/all-product-headers.yaml
    cd /Users/barriesanders/.gemini/antigravity/scratch/OpenEmu_Port/Gambatte/Gambatte.xcodeproj
    write-file /Users/barriesanders/Library/Developer/Xcode/DerivedData/Gambatte-becswlhcwqssobflxvaxsqpzjhmw/Build/Intermediates.noindex/Gambatte.build/Debug/Gambatte-c18a6caed3edf5b7896554f369975dac-VFS/all-product-headers.yaml

CreateBuildDirectory /Users/barriesanders/Library/Developer/Xcode/DerivedData/Gambatte-becswlhcwqssobflxvaxsqpzjhmw/Build/Products/Debug
    cd /Users/barriesanders/.gemini/antigravity/scratch/OpenEmu_Port/Gambatte/Gambatte.xcodeproj
    builtin-create-build-directory /Users/barriesanders/Library/Developer/Xcode/DerivedData/Gambatte-becswlhcwqssobflxvaxsqpzjhmw/Build/Products/Debug

WriteAuxiliaryFile /Users/barriesanders/Library/Developer/Xcode/DerivedData/Gambatte-becswlhcwqssobflxvaxsqpzjhmw/Build/Intermediates.noindex/Gambatte.build/Debug/Gambatte.build/Gambatte.DependencyStaticMetadataFileList (in target 'Gambatte' from project 'Gambatte')
    cd /Users/barriesanders/.gemini/antigravity/scratch/OpenEmu_Port/Gambatte
    write-file /Users/barriesanders/Library/Developer/Xcode/DerivedData/Gambatte-becswlhcwqssobflxvaxsqpzjhmw/Build/Intermediates.noindex/Gambatte.build/Debug/Gambatte.build/Gambatte.DependencyStaticMetadataFileList

WriteAuxiliaryFile /Users/barriesanders/Library/Developer/Xcode/DerivedData/Gambatte-becswlhcwqssobflxvaxsqpzjhmw/Build/Intermediates.noindex/Gambatte.build/Debug/Gambatte.build/Gambatte.DependencyMetadataFileList (in target 'Gambatte' from project 'Gambatte')
    cd /Users/barriesanders/.gemini/antigravity/scratch/OpenEmu_Port/Gambatte
    write-file /Users/barriesanders/Library/Developer/Xcode/DerivedData/Gambatte-becswlhcwqssobflxvaxsqpzjhmw/Build/Intermediates.noindex/Gambatte.build/Debug/Gambatte.build/Gambatte.DependencyMetadataFileList

WriteAuxiliaryFile /Users/barriesanders/Library/Developer/Xcode/DerivedData/Gambatte-becswlhcwqssobflxvaxsqpzjhmw/Build/Intermediates.noindex/Gambatte.build/Debug/Gambatte.build/Gambatte-project-headers.hmap (in target 'Gambatte' from project 'Gambatte')
    cd /Users/barriesanders/.gemini/antigravity/scratch/OpenEmu_Port/Gambatte
    write-file /Users/barriesanders/Library/Developer/Xcode/DerivedData/Gambatte-becswlhcwqssobflxvaxsqpzjhmw/Build/Intermediates.noindex/Gambatte.build/Debug/Gambatte.build/Gambatte-project-headers.hmap

WriteAuxiliaryFile /Users/barriesanders/Library/Developer/Xcode/DerivedData/Gambatte-becswlhcwqssobflxvaxsqpzjhmw/Build/Intermediates.noindex/Gambatte.build/Debug/Gambatte.build/Gambatte.hmap (in target 'Gambatte' from project 'Gambatte')
    cd /Users/barriesanders/.gemini/antigravity/scratch/OpenEmu_Port/Gambatte
    write-file /Users/barriesanders/Library/Developer/Xcode/DerivedData/Gambatte-becswlhcwqssobflxvaxsqpzjhmw/Build/Intermediates.noindex/Gambatte.build/Debug/Gambatte.build/Gambatte.hmap

WriteAuxiliaryFile /Users/barriesanders/Library/Developer/Xcode/DerivedData/Gambatte-becswlhcwqssobflxvaxsqpzjhmw/Build/Intermediates.noindex/Gambatte.build/Debug/Gambatte.build/Gambatte-own-target-headers.hmap (in target 'Gambatte' from project 'Gambatte')
    cd /Users/barriesanders/.gemini/antigravity/scratch/OpenEmu_Port/Gambatte
    write-file /Users/barriesanders/Library/Developer/Xcode/DerivedData/Gambatte-becswlhcwqssobflxvaxsqpzjhmw/Build/Intermediates.noindex/Gambatte.build/Debug/Gambatte.build/Gambatte-own-target-headers.hmap

WriteAuxiliaryFile /Users/barriesanders/Library/Developer/Xcode/DerivedData/Gambatte-becswlhcwqssobflxvaxsqpzjhmw/Build/Intermediates.noindex/Gambatte.build/Debug/Gambatte.build/Gambatte-generated-files.hmap (in target 'Gambatte' from project 'Gambatte')
    cd /Users/barriesanders/.gemini/antigravity/scratch/OpenEmu_Port/Gambatte
    write-file /Users/barriesanders/Library/Developer/Xcode/DerivedData/Gambatte-becswlhcwqssobflxvaxsqpzjhmw/Build/Intermediates.noindex/Gambatte.build/Debug/Gambatte.build/Gambatte-generated-files.hmap

WriteAuxiliaryFile /Users/barriesanders/Library/Developer/Xcode/DerivedData/Gambatte-becswlhcwqssobflxvaxsqpzjhmw/Build/Intermediates.noindex/Gambatte.build/Debug/Gambatte.build/Objects-normal/arm64/82b82416624d2658e5098eb0a28c15c5-common-args.resp (in target 'Gambatte' from project 'Gambatte')
    cd /Users/barriesanders/.gemini/antigravity/scratch/OpenEmu_Port/Gambatte
    write-file /Users/barriesanders/Library/Developer/Xcode/DerivedData/Gambatte-becswlhcwqssobflxvaxsqpzjhmw/Build/Intermediates.noindex/Gambatte.build/Debug/Gambatte.build/Objects-normal/arm64/82b82416624d2658e5098eb0a28c15c5-common-args.resp
-target arm64-apple-macos11.0 -fmodules -fno-cxx-modules -gmodules '-fmodules-cache-path=/Users/barriesanders/Library/Developer/Xcode/DerivedData/ModuleCache.noindex' '-D_LIBCPP_HARDENING_MODE=_LIBCPP_HARDENING_MODE_DEBUG' -fpascal-strings -O0 -fno-common -DGL_SILENCE_DEPRECATION -isysroot /Applications/Xcode.app/Contents/Developer/Platforms/MacOSX.platform/Developer/SDKs/MacOSX26.2.sdk -g -fvisibility-inlines-hidden -iquote /Users/barriesanders/Library/Developer/Xcode/DerivedData/Gambatte-becswlhcwqssobflxvaxsqpzjhmw/Build/Intermediates.noindex/Gambatte.build/Debug/Gambatte.build/Gambatte-generated-files.hmap -I/Users/barriesanders/Library/Developer/Xcode/DerivedData/Gambatte-becswlhcwqssobflxvaxsqpzjhmw/Build/Intermediates.noindex/Gambatte.build/Debug/Gambatte.build/Gambatte-own-target-headers.hmap -I/Users/barriesanders/Library/Developer/Xcode/DerivedData/Gambatte-becswlhcwqssobflxvaxsqpzjhmw/Build/Intermediates.noindex/Gambatte.build/Debug/Gambatte.build/Gambatte-all-target-headers.hmap -iquote /Users/barriesanders/Library/Developer/Xcode/DerivedData/Gambatte-becswlhcwqssobflxvaxsqpzjhmw/Build/Intermediates.noindex/Gambatte.build/Debug/Gambatte.build/Gambatte-project-headers.hmap -I/Users/barriesanders/Library/Developer/Xcode/DerivedData/Gambatte-becswlhcwqssobflxvaxsqpzjhmw/Build/Products/Debug/include -I/Users/barriesanders/.gemini/antigravity/scratch/OpenEmu_Port/Gambatte/gambatte -I/Users/barriesanders/.gemini/antigravity/scratch/OpenEmu_Port/Gambatte/libgambatte/src -I/Users/barriesanders/.gemini/antigravity/scratch/OpenEmu_Port/Gambatte/libgambatte/include -I/Users/barriesanders/Library/Developer/Xcode/DerivedData/Gambatte-becswlhcwqssobflxvaxsqpzjhmw/Build/Intermediates.noindex/Gambatte.build/Debug/Gambatte.build/DerivedSources-normal/arm64 -I/Users/barriesanders/Library/Developer/Xcode/DerivedData/Gambatte-becswlhcwqssobflxvaxsqpzjhmw/Build/Intermediates.noindex/Gambatte.build/Debug/Gambatte.build/DerivedSources/arm64 -I/Users/barriesanders/Library/Developer/Xcode/DerivedData/Gambatte-becswlhcwqssobflxvaxsqpzjhmw/Build/Intermediates.noindex/Gambatte.build/Debug/Gambatte.build/DerivedSources -F/Users/barriesanders/Library/Developer/Xcode/DerivedData/Gambatte-becswlhcwqssobflxvaxsqpzjhmw/Build/Products/Debug -DHAVE_STDINT_H

WriteAuxiliaryFile /Users/barriesanders/Library/Developer/Xcode/DerivedData/Gambatte-becswlhcwqssobflxvaxsqpzjhmw/Build/Intermediates.noindex/Gambatte.build/Debug/Gambatte.build/Objects-normal/arm64/Gambatte.LinkFileList (in target 'Gambatte' from project 'Gambatte')
    cd /Users/barriesanders/.gemini/antigravity/scratch/OpenEmu_Port/Gambatte
    write-file /Users/barriesanders/Library/Developer/Xcode/DerivedData/Gambatte-becswlhcwqssobflxvaxsqpzjhmw/Build/Intermediates.noindex/Gambatte.build/Debug/Gambatte.build/Objects-normal/arm64/Gambatte.LinkFileList

WriteAuxiliaryFile /Users/barriesanders/Library/Developer/Xcode/DerivedData/Gambatte-becswlhcwqssobflxvaxsqpzjhmw/Build/Intermediates.noindex/Gambatte.build/Debug/Gambatte.build/Objects-normal/arm64/af3fcb34312c57c0f52879cdce924b91-common-args.resp (in target 'Gambatte' from project 'Gambatte')
    cd /Users/barriesanders/.gemini/antigravity/scratch/OpenEmu_Port/Gambatte
    write-file /Users/barriesanders/Library/Developer/Xcode/DerivedData/Gambatte-becswlhcwqssobflxvaxsqpzjhmw/Build/Intermediates.noindex/Gambatte.build/Debug/Gambatte.build/Objects-normal/arm64/af3fcb34312c57c0f52879cdce924b91-common-args.resp
-target arm64-apple-macos11.0 -fobjc-arc -fmodules -fno-cxx-modules -gmodules '-fmodules-cache-path=/Users/barriesanders/Library/Developer/Xcode/DerivedData/ModuleCache.noindex' '-D_LIBCPP_HARDENING_MODE=_LIBCPP_HARDENING_MODE_DEBUG' -fpascal-strings -O0 -fno-common -DGL_SILENCE_DEPRECATION '-DOBJC_OLD_DISPATCH_PROTOTYPES=0' -isysroot /Applications/Xcode.app/Contents/Developer/Platforms/MacOSX.platform/Developer/SDKs/MacOSX26.2.sdk -g -fvisibility-inlines-hidden -iquote /Users/barriesanders/Library/Developer/Xcode/DerivedData/Gambatte-becswlhcwqssobflxvaxsqpzjhmw/Build/Intermediates.noindex/Gambatte.build/Debug/Gambatte.build/Gambatte-generated-files.hmap -I/Users/barriesanders/Library/Developer/Xcode/DerivedData/Gambatte-becswlhcwqssobflxvaxsqpzjhmw/Build/Intermediates.noindex/Gambatte.build/Debug/Gambatte.build/Gambatte-own-target-headers.hmap -I/Users/barriesanders/Library/Developer/Xcode/DerivedData/Gambatte-becswlhcwqssobflxvaxsqpzjhmw/Build/Intermediates.noindex/Gambatte.build/Debug/Gambatte.build/Gambatte-all-target-headers.hmap -iquote /Users/barriesanders/Library/Developer/Xcode/DerivedData/Gambatte-becswlhcwqssobflxvaxsqpzjhmw/Build/Intermediates.noindex/Gambatte.build/Debug/Gambatte.build/Gambatte-project-headers.hmap -I/Users/barriesanders/Library/Developer/Xcode/DerivedData/Gambatte-becswlhcwqssobflxvaxsqpzjhmw/Build/Products/Debug/include -I/Users/barriesanders/.gemini/antigravity/scratch/OpenEmu_Port/Gambatte/gambatte -I/Users/barriesanders/.gemini/antigravity/scratch/OpenEmu_Port/Gambatte/libgambatte/src -I/Users/barriesanders/.gemini/antigravity/scratch/OpenEmu_Port/Gambatte/libgambatte/include -I/Users/barriesanders/Library/Developer/Xcode/DerivedData/Gambatte-becswlhcwqssobflxvaxsqpzjhmw/Build/Intermediates.noindex/Gambatte.build/Debug/Gambatte.build/DerivedSources-normal/arm64 -I/Users/barriesanders/Library/Developer/Xcode/DerivedData/Gambatte-becswlhcwqssobflxvaxsqpzjhmw/Build/Intermediates.noindex/Gambatte.build/Debug/Gambatte.build/DerivedSources/arm64 -I/Users/barriesanders/Library/Developer/Xcode/DerivedData/Gambatte-becswlhcwqssobflxvaxsqpzjhmw/Build/Intermediates.noindex/Gambatte.build/Debug/Gambatte.build/DerivedSources -F/Users/barriesanders/Library/Developer/Xcode/DerivedData/Gambatte-becswlhcwqssobflxvaxsqpzjhmw/Build/Products/Debug -DHAVE_STDINT_H

WriteAuxiliaryFile /Users/barriesanders/Library/Developer/Xcode/DerivedData/Gambatte-becswlhcwqssobflxvaxsqpzjhmw/Build/Intermediates.noindex/Gambatte.build/Debug/Gambatte.build/Gambatte-all-target-headers.hmap (in target 'Gambatte' from project 'Gambatte')
    cd /Users/barriesanders/.gemini/antigravity/scratch/OpenEmu_Port/Gambatte
    write-file /Users/barriesanders/Library/Developer/Xcode/DerivedData/Gambatte-becswlhcwqssobflxvaxsqpzjhmw/Build/Intermediates.noindex/Gambatte.build/Debug/Gambatte.build/Gambatte-all-target-headers.hmap

WriteAuxiliaryFile /Users/barriesanders/Library/Developer/Xcode/DerivedData/Gambatte-becswlhcwqssobflxvaxsqpzjhmw/Build/Intermediates.noindex/Gambatte.build/Debug/Gambatte.build/Gambatte-all-non-framework-target-headers.hmap (in target 'Gambatte' from project 'Gambatte')
    cd /Users/barriesanders/.gemini/antigravity/scratch/OpenEmu_Port/Gambatte
    write-file /Users/barriesanders/Library/Developer/Xcode/DerivedData/Gambatte-becswlhcwqssobflxvaxsqpzjhmw/Build/Intermediates.noindex/Gambatte.build/Debug/Gambatte.build/Gambatte-all-non-framework-target-headers.hmap

MkDir /Users/barriesanders/Library/Developer/Xcode/DerivedData/Gambatte-becswlhcwqssobflxvaxsqpzjhmw/Build/Products/Debug/Gambatte.oecoreplugin/Contents/Resources (in target 'Gambatte' from project 'Gambatte')
    cd /Users/barriesanders/.gemini/antigravity/scratch/OpenEmu_Port/Gambatte
    /bin/mkdir -p /Users/barriesanders/Library/Developer/Xcode/DerivedData/Gambatte-becswlhcwqssobflxvaxsqpzjhmw/Build/Products/Debug/Gambatte.oecoreplugin/Contents/Resources

MkDir /Users/barriesanders/Library/Developer/Xcode/DerivedData/Gambatte-becswlhcwqssobflxvaxsqpzjhmw/Build/Products/Debug/Gambatte.oecoreplugin/Contents/MacOS (in target 'Gambatte' from project 'Gambatte')
    cd /Users/barriesanders/.gemini/antigravity/scratch/OpenEmu_Port/Gambatte
    /bin/mkdir -p /Users/barriesanders/Library/Developer/Xcode/DerivedData/Gambatte-becswlhcwqssobflxvaxsqpzjhmw/Build/Products/Debug/Gambatte.oecoreplugin/Contents/MacOS

MkDir /Users/barriesanders/Library/Developer/Xcode/DerivedData/Gambatte-becswlhcwqssobflxvaxsqpzjhmw/Build/Products/Debug/Gambatte.oecoreplugin/Contents (in target 'Gambatte' from project 'Gambatte')
    cd /Users/barriesanders/.gemini/antigravity/scratch/OpenEmu_Port/Gambatte
    /bin/mkdir -p /Users/barriesanders/Library/Developer/Xcode/DerivedData/Gambatte-becswlhcwqssobflxvaxsqpzjhmw/Build/Products/Debug/Gambatte.oecoreplugin/Contents

MkDir /Users/barriesanders/Library/Developer/Xcode/DerivedData/Gambatte-becswlhcwqssobflxvaxsqpzjhmw/Build/Products/Debug/Gambatte.oecoreplugin (in target 'Gambatte' from project 'Gambatte')
    cd /Users/barriesanders/.gemini/antigravity/scratch/OpenEmu_Port/Gambatte
    /bin/mkdir -p /Users/barriesanders/Library/Developer/Xcode/DerivedData/Gambatte-becswlhcwqssobflxvaxsqpzjhmw/Build/Products/Debug/Gambatte.oecoreplugin

ProcessInfoPlistFile /Users/barriesanders/Library/Developer/Xcode/DerivedData/Gambatte-becswlhcwqssobflxvaxsqpzjhmw/Build/Products/Debug/Gambatte.oecoreplugin/Contents/Info.plist /Users/barriesanders/.gemini/antigravity/scratch/OpenEmu_Port/Gambatte/Info.plist (in target 'Gambatte' from project 'Gambatte')
    cd /Users/barriesanders/.gemini/antigravity/scratch/OpenEmu_Port/Gambatte
    builtin-infoPlistUtility /Users/barriesanders/.gemini/antigravity/scratch/OpenEmu_Port/Gambatte/Info.plist -producttype com.apple.product-type.bundle -expandbuildsettings -platform macosx -o /Users/barriesanders/Library/Developer/Xcode/DerivedData/Gambatte-becswlhcwqssobflxvaxsqpzjhmw/Build/Products/Debug/Gambatte.oecoreplugin/Contents/Info.plist

CpResource /Users/barriesanders/Library/Developer/Xcode/DerivedData/Gambatte-becswlhcwqssobflxvaxsqpzjhmw/Build/Products/Debug/Gambatte.oecoreplugin/Contents/Resources/gameboy.icns /Users/barriesanders/.gemini/antigravity/scratch/OpenEmu_Port/Gambatte/gameboy.icns (in target 'Gambatte' from project 'Gambatte')
    cd /Users/barriesanders/.gemini/antigravity/scratch/OpenEmu_Port/Gambatte
    builtin-copy -exclude .DS_Store -exclude CVS -exclude .svn -exclude .git -exclude .hg -strip-unsigned-binaries -strip-deterministic -strip-tool /Applications/Xcode.app/Contents/Developer/Toolchains/XcodeDefault.xctoolchain/usr/bin/strip -resolve-src-symlinks /Users/barriesanders/.gemini/antigravity/scratch/OpenEmu_Port/Gambatte/gameboy.icns /Users/barriesanders/Library/Developer/Xcode/DerivedData/Gambatte-becswlhcwqssobflxvaxsqpzjhmw/Build/Products/Debug/Gambatte.oecoreplugin/Contents/Resources

CopyStringsFile /Users/barriesanders/Library/Developer/Xcode/DerivedData/Gambatte-becswlhcwqssobflxvaxsqpzjhmw/Build/Products/Debug/Gambatte.oecoreplugin/Contents/Resources/en.lproj/InfoPlist.strings /Users/barriesanders/.gemini/antigravity/scratch/OpenEmu_Port/Gambatte/en.lproj/InfoPlist.strings (in target 'Gambatte' from project 'Gambatte')
    cd /Users/barriesanders/.gemini/antigravity/scratch/OpenEmu_Port/Gambatte
    builtin-copyStrings --validate --inputencoding utf-8 --outputencoding UTF-16 --outfilename InfoPlist.strings --outdir /Users/barriesanders/Library/Developer/Xcode/DerivedData/Gambatte-becswlhcwqssobflxvaxsqpzjhmw/Build/Products/Debug/Gambatte.oecoreplugin/Contents/Resources/en.lproj -- /Users/barriesanders/.gemini/antigravity/scratch/OpenEmu_Port/Gambatte/en.lproj/InfoPlist.strings

CompileC /Users/barriesanders/Library/Developer/Xcode/DerivedData/Gambatte-becswlhcwqssobflxvaxsqpzjhmw/Build/Intermediates.noindex/Gambatte.build/Debug/Gambatte.build/Objects-normal/arm64/video.o /Users/barriesanders/.gemini/antigravity/scratch/OpenEmu_Port/Gambatte/src/libgambatte/video.cpp normal arm64 c++ com.apple.compilers.llvm.clang.1_0.compiler (in target 'Gambatte' from project 'Gambatte')
    cd /Users/barriesanders/.gemini/antigravity/scratch/OpenEmu_Port/Gambatte
    
    Using response file: /Users/barriesanders/Library/Developer/Xcode/DerivedData/Gambatte-becswlhcwqssobflxvaxsqpzjhmw/Build/Intermediates.noindex/Gambatte.build/Debug/Gambatte.build/Objects-normal/arm64/82b82416624d2658e5098eb0a28c15c5-common-args.resp
    
    /Applications/Xcode.app/Contents/Developer/Toolchains/XcodeDefault.xctoolchain/usr/bin/clang -x c++ -ivfsstatcache /Users/barriesanders/Library/Developer/Xcode/DerivedData/SDKStatCaches.noindex/macosx26.2-25C57-3885c01c3e6b6a337905948deab2002e00fa09913b459cbbc988d1f6730289ae.sdkstatcache -fmessage-length\=0 -fdiagnostics-show-note-include-stack -fmacro-backtrace-limit\=0 -fno-color-diagnostics -fmodules-prune-interval\=86400 -fmodules-prune-after\=345600 -fbuild-session-file\=/Users/barriesanders/Library/Developer/Xcode/DerivedData/ModuleCache.noindex/Session.modulevalidation -fmodules-validate-once-per-build-session -Wnon-modular-include-in-framework-module -Werror\=non-modular-include-in-framework-module -Wno-trigraphs -Wno-missing-field-initializers -Wno-missing-prototypes -Wunreachable-code -Wno-non-virtual-dtor -Wno-overloaded-virtual -Wno-exit-time-destructors -Wno-missing-braces -Wparentheses -Wswitch -Wunused-function -Wno-unused-label -Wno-unused-parameter -Wunused-variable -Wunused-value -Wempty-body -Wuninitialized -Wno-unknown-pragmas -Wno-shadow -Wno-four-char-constants -Wno-conversion -Wconstant-conversion -Wint-conversion -Wbool-conversion -Wenum-conversion -Wno-float-conversion -Wnon-literal-null-conversion -Wobjc-literal-conversion -Wshorten-64-to-32 -Wno-newline-eof -Wno-c++11-extensions -Wno-implicit-fallthrough -fstrict-aliasing -Wdeprecated-declarations -Winvalid-offsetof -Wno-sign-conversion -Winfinite-recursion -Wmove -Wcomma -Wblock-capture-autoreleasing -Wstrict-prototypes -Wrange-loop-analysis -Wno-semicolon-before-method-body -index-store-path /Users/barriesanders/Library/Developer/Xcode/DerivedData/Gambatte-becswlhcwqssobflxvaxsqpzjhmw/Index.noindex/DataStore @/Users/barriesanders/Library/Developer/Xcode/DerivedData/Gambatte-becswlhcwqssobflxvaxsqpzjhmw/Build/Intermediates.noindex/Gambatte.build/Debug/Gambatte.build/Objects-normal/arm64/82b82416624d2658e5098eb0a28c15c5-common-args.resp -MMD -MT dependencies -MF /Users/barriesanders/Library/Developer/Xcode/DerivedData/Gambatte-becswlhcwqssobflxvaxsqpzjhmw/Build/Intermediates.noindex/Gambatte.build/Debug/Gambatte.build/Objects-normal/arm64/video.d --serialize-diagnostics /Users/barriesanders/Library/Developer/Xcode/DerivedData/Gambatte-becswlhcwqssobflxvaxsqpzjhmw/Build/Intermediates.noindex/Gambatte.build/Debug/Gambatte.build/Objects-normal/arm64/video.dia -c /Users/barriesanders/.gemini/antigravity/scratch/OpenEmu_Port/Gambatte/src/libgambatte/video.cpp -o /Users/barriesanders/Library/Developer/Xcode/DerivedData/Gambatte-becswlhcwqssobflxvaxsqpzjhmw/Build/Intermediates.noindex/Gambatte.build/Debug/Gambatte.build/Objects-normal/arm64/video.o -index-unit-output-path /Gambatte.build/Debug/Gambatte.build/Objects-normal/arm64/video.o
In file included from /Users/barriesanders/.gemini/antigravity/scratch/OpenEmu_Port/Gambatte/src/libgambatte/video.cpp:19:
In file included from /Users/barriesanders/.gemini/antigravity/scratch/OpenEmu_Port/Gambatte/src/libgambatte/video.h:29:
In file included from /Users/barriesanders/.gemini/antigravity/scratch/OpenEmu_Port/Gambatte/src/libgambatte/video/ppu.h:23:
/Users/barriesanders/.gemini/antigravity/scratch/OpenEmu_Port/Gambatte/src/libgambatte/video/ly_counter.h:39:30: warning: implicit conversion loses integer precision: 'unsigned long' to 'unsigned int' [-Wshorten-64-to-32]
   39 |                 return lcd_cycles_per_line - ((time_ - cc) >> isDoubleSpeed());
      |                 ~~~~~~ ~~~~~~~~~~~~~~~~~~~~^~~~~~~~~~~~~~~~~~~~~~~~~~~~~~~~~~~
/Users/barriesanders/.gemini/antigravity/scratch/OpenEmu_Port/Gambatte/src/libgambatte/video.cpp:556:10: warning: possible misuse of comma operator here [-Wcomma]
  556 |                         ly = 0, timeToNextLy += lineTime;
      |                               ^
/Users/barriesanders/.gemini/antigravity/scratch/OpenEmu_Port/Gambatte/src/libgambatte/video.cpp:556:4: note: cast expression to void to silence warning
  556 |                         ly = 0, timeToNextLy += lineTime;
      |                         ^~~~~~
      |                         static_cast<void>( )
/Users/barriesanders/.gemini/antigravity/scratch/OpenEmu_Port/Gambatte/src/libgambatte/video.cpp:558:7: warning: possible misuse of comma operator here [-Wcomma]
  558 |                 ++ly, timeToNextLy += lyCounter.lineTime();
      |                     ^
/Users/barriesanders/.gemini/antigravity/scratch/OpenEmu_Port/Gambatte/src/libgambatte/video.cpp:558:3: note: cast expression to void to silence warning
  558 |                 ++ly, timeToNextLy += lyCounter.lineTime();
      |                 ^~~~
      |                 static_cast<void>( )
/Users/barriesanders/.gemini/antigravity/scratch/OpenEmu_Port/Gambatte/src/libgambatte/video.cpp:551:38: warning: implicit conversion loses integer precision: 'unsigned long' to 'int' [-Wshorten-64-to-32]
  551 |         int timeToNextLy = lyCounter.time() - cc;
      |             ~~~~~~~~~~~~   ~~~~~~~~~~~~~~~~~^~~~
/Users/barriesanders/.gemini/antigravity/scratch/OpenEmu_Port/Gambatte/src/libgambatte/video.cpp:607:51: warning: implicit conversion loses integer precision: 'unsigned long' to 'const int' [-Wshorten-64-to-32]
  607 |         int const timeToNextLy = ppu_.lyCounter().time() - cc;
      |                   ~~~~~~~~~~~~   ~~~~~~~~~~~~~~~~~~~~~~~~^~~~
/Users/barriesanders/.gemini/antigravity/scratch/OpenEmu_Port/Gambatte/src/libgambatte/video.cpp:642:51: warning: implicit conversion loses integer precision: 'unsigned long' to 'const int' [-Wshorten-64-to-32]
  642 |         int const timeToNextLy = ppu_.lyCounter().time() - cc;
      |                   ~~~~~~~~~~~~   ~~~~~~~~~~~~~~~~~~~~~~~~^~~~
/Users/barriesanders/.gemini/antigravity/scratch/OpenEmu_Port/Gambatte/src/libgambatte/video.cpp:685:51: warning: implicit conversion loses integer precision: 'unsigned long' to 'const int' [-Wshorten-64-to-32]
  685 |         int const timeToNextLy = ppu_.lyCounter().time() - cc;
      |                   ~~~~~~~~~~~~   ~~~~~~~~~~~~~~~~~~~~~~~~^~~~
/Users/barriesanders/.gemini/antigravity/scratch/OpenEmu_Port/Gambatte/src/libgambatte/video.cpp:747:52: warning: implicit conversion loses integer precision: 'unsigned long' to 'const int' [-Wshorten-64-to-32]
  747 |                 int const timeToNextLy = ppu_.lyCounter().time() - cc;
      |                           ~~~~~~~~~~~~   ~~~~~~~~~~~~~~~~~~~~~~~~^~~~
8 warnings generated.

CompileC /Users/barriesanders/Library/Developer/Xcode/DerivedData/Gambatte-becswlhcwqssobflxvaxsqpzjhmw/Build/Intermediates.noindex/Gambatte.build/Debug/Gambatte.build/Objects-normal/arm64/u48div.o /Users/barriesanders/.gemini/antigravity/scratch/OpenEmu_Port/Gambatte/src/resample/u48div.cpp normal arm64 c++ com.apple.compilers.llvm.clang.1_0.compiler (in target 'Gambatte' from project 'Gambatte')
    cd /Users/barriesanders/.gemini/antigravity/scratch/OpenEmu_Port/Gambatte
    
    Using response file: /Users/barriesanders/Library/Developer/Xcode/DerivedData/Gambatte-becswlhcwqssobflxvaxsqpzjhmw/Build/Intermediates.noindex/Gambatte.build/Debug/Gambatte.build/Objects-normal/arm64/82b82416624d2658e5098eb0a28c15c5-common-args.resp
    
    /Applications/Xcode.app/Contents/Developer/Toolchains/XcodeDefault.xctoolchain/usr/bin/clang -x c++ -ivfsstatcache /Users/barriesanders/Library/Developer/Xcode/DerivedData/SDKStatCaches.noindex/macosx26.2-25C57-3885c01c3e6b6a337905948deab2002e00fa09913b459cbbc988d1f6730289ae.sdkstatcache -fmessage-length\=0 -fdiagnostics-show-note-include-stack -fmacro-backtrace-limit\=0 -fno-color-diagnostics -fmodules-prune-interval\=86400 -fmodules-prune-after\=345600 -fbuild-session-file\=/Users/barriesanders/Library/Developer/Xcode/DerivedData/ModuleCache.noindex/Session.modulevalidation -fmodules-validate-once-per-build-session -Wnon-modular-include-in-framework-module -Werror\=non-modular-include-in-framework-module -Wno-trigraphs -Wno-missing-field-initializers -Wno-missing-prototypes -Wunreachable-code -Wno-non-virtual-dtor -Wno-overloaded-virtual -Wno-exit-time-destructors -Wno-missing-braces -Wparentheses -Wswitch -Wunused-function -Wno-unused-label -Wno-unused-parameter -Wunused-variable -Wunused-value -Wempty-body -Wuninitialized -Wno-unknown-pragmas -Wno-shadow -Wno-four-char-constants -Wno-conversion -Wconstant-conversion -Wint-conversion -Wbool-conversion -Wenum-conversion -Wno-float-conversion -Wnon-literal-null-conversion -Wobjc-literal-conversion -Wshorten-64-to-32 -Wno-newline-eof -Wno-c++11-extensions -Wno-implicit-fallthrough -fstrict-aliasing -Wdeprecated-declarations -Winvalid-offsetof -Wno-sign-conversion -Winfinite-recursion -Wmove -Wcomma -Wblock-capture-autoreleasing -Wstrict-prototypes -Wrange-loop-analysis -Wno-semicolon-before-method-body -index-store-path /Users/barriesanders/Library/Developer/Xcode/DerivedData/Gambatte-becswlhcwqssobflxvaxsqpzjhmw/Index.noindex/DataStore @/Users/barriesanders/Library/Developer/Xcode/DerivedData/Gambatte-becswlhcwqssobflxvaxsqpzjhmw/Build/Intermediates.noindex/Gambatte.build/Debug/Gambatte.build/Objects-normal/arm64/82b82416624d2658e5098eb0a28c15c5-common-args.resp -MMD -MT dependencies -MF /Users/barriesanders/Library/Developer/Xcode/DerivedData/Gambatte-becswlhcwqssobflxvaxsqpzjhmw/Build/Intermediates.noindex/Gambatte.build/Debug/Gambatte.build/Objects-normal/arm64/u48div.d --serialize-diagnostics /Users/barriesanders/Library/Developer/Xcode/DerivedData/Gambatte-becswlhcwqssobflxvaxsqpzjhmw/Build/Intermediates.noindex/Gambatte.build/Debug/Gambatte.build/Objects-normal/arm64/u48div.dia -c /Users/barriesanders/.gemini/antigravity/scratch/OpenEmu_Port/Gambatte/src/resample/u48div.cpp -o /Users/barriesanders/Library/Developer/Xcode/DerivedData/Gambatte-becswlhcwqssobflxvaxsqpzjhmw/Build/Intermediates.noindex/Gambatte.build/Debug/Gambatte.build/Objects-normal/arm64/u48div.o -index-unit-output-path /Gambatte.build/Debug/Gambatte.build/Objects-normal/arm64/u48div.o

CompileC /Users/barriesanders/Library/Developer/Xcode/DerivedData/Gambatte-becswlhcwqssobflxvaxsqpzjhmw/Build/Intermediates.noindex/Gambatte.build/Debug/Gambatte.build/Objects-normal/arm64/tima.o /Users/barriesanders/.gemini/antigravity/scratch/OpenEmu_Port/Gambatte/src/libgambatte/tima.cpp normal arm64 c++ com.apple.compilers.llvm.clang.1_0.compiler (in target 'Gambatte' from project 'Gambatte')
    cd /Users/barriesanders/.gemini/antigravity/scratch/OpenEmu_Port/Gambatte
    
    Using response file: /Users/barriesanders/Library/Developer/Xcode/DerivedData/Gambatte-becswlhcwqssobflxvaxsqpzjhmw/Build/Intermediates.noindex/Gambatte.build/Debug/Gambatte.build/Objects-normal/arm64/82b82416624d2658e5098eb0a28c15c5-common-args.resp
    
    /Applications/Xcode.app/Contents/Developer/Toolchains/XcodeDefault.xctoolchain/usr/bin/clang -x c++ -ivfsstatcache /Users/barriesanders/Library/Developer/Xcode/DerivedData/SDKStatCaches.noindex/macosx26.2-25C57-3885c01c3e6b6a337905948deab2002e00fa09913b459cbbc988d1f6730289ae.sdkstatcache -fmessage-length\=0 -fdiagnostics-show-note-include-stack -fmacro-backtrace-limit\=0 -fno-color-diagnostics -fmodules-prune-interval\=86400 -fmodules-prune-after\=345600 -fbuild-session-file\=/Users/barriesanders/Library/Developer/Xcode/DerivedData/ModuleCache.noindex/Session.modulevalidation -fmodules-validate-once-per-build-session -Wnon-modular-include-in-framework-module -Werror\=non-modular-include-in-framework-module -Wno-trigraphs -Wno-missing-field-initializers -Wno-missing-prototypes -Wunreachable-code -Wno-non-virtual-dtor -Wno-overloaded-virtual -Wno-exit-time-destructors -Wno-missing-braces -Wparentheses -Wswitch -Wunused-function -Wno-unused-label -Wno-unused-parameter -Wunused-variable -Wunused-value -Wempty-body -Wuninitialized -Wno-unknown-pragmas -Wno-shadow -Wno-four-char-constants -Wno-conversion -Wconstant-conversion -Wint-conversion -Wbool-conversion -Wenum-conversion -Wno-float-conversion -Wnon-literal-null-conversion -Wobjc-literal-conversion -Wshorten-64-to-32 -Wno-newline-eof -Wno-c++11-extensions -Wno-implicit-fallthrough -fstrict-aliasing -Wdeprecated-declarations -Winvalid-offsetof -Wno-sign-conversion -Winfinite-recursion -Wmove -Wcomma -Wblock-capture-autoreleasing -Wstrict-prototypes -Wrange-loop-analysis -Wno-semicolon-before-method-body -index-store-path /Users/barriesanders/Library/Developer/Xcode/DerivedData/Gambatte-becswlhcwqssobflxvaxsqpzjhmw/Index.noindex/DataStore @/Users/barriesanders/Library/Developer/Xcode/DerivedData/Gambatte-becswlhcwqssobflxvaxsqpzjhmw/Build/Intermediates.noindex/Gambatte.build/Debug/Gambatte.build/Objects-normal/arm64/82b82416624d2658e5098eb0a28c15c5-common-args.resp -MMD -MT dependencies -MF /Users/barriesanders/Library/Developer/Xcode/DerivedData/Gambatte-becswlhcwqssobflxvaxsqpzjhmw/Build/Intermediates.noindex/Gambatte.build/Debug/Gambatte.build/Objects-normal/arm64/tima.d --serialize-diagnostics /Users/barriesanders/Library/Developer/Xcode/DerivedData/Gambatte-becswlhcwqssobflxvaxsqpzjhmw/Build/Intermediates.noindex/Gambatte.build/Debug/Gambatte.build/Objects-normal/arm64/tima.dia -c /Users/barriesanders/.gemini/antigravity/scratch/OpenEmu_Port/Gambatte/src/libgambatte/tima.cpp -o /Users/barriesanders/Library/Developer/Xcode/DerivedData/Gambatte-becswlhcwqssobflxvaxsqpzjhmw/Build/Intermediates.noindex/Gambatte.build/Debug/Gambatte.build/Objects-normal/arm64/tima.o -index-unit-output-path /Gambatte.build/Debug/Gambatte.build/Objects-normal/arm64/tima.o

CompileC /Users/barriesanders/Library/Developer/Xcode/DerivedData/Gambatte-becswlhcwqssobflxvaxsqpzjhmw/Build/Intermediates.noindex/Gambatte.build/Debug/Gambatte.build/Objects-normal/arm64/statesaver.o /Users/barriesanders/.gemini/antigravity/scratch/OpenEmu_Port/Gambatte/statesaver.cpp normal arm64 c++ com.apple.compilers.llvm.clang.1_0.compiler (in target 'Gambatte' from project 'Gambatte')
    cd /Users/barriesanders/.gemini/antigravity/scratch/OpenEmu_Port/Gambatte
    
    Using response file: /Users/barriesanders/Library/Developer/Xcode/DerivedData/Gambatte-becswlhcwqssobflxvaxsqpzjhmw/Build/Intermediates.noindex/Gambatte.build/Debug/Gambatte.build/Objects-normal/arm64/82b82416624d2658e5098eb0a28c15c5-common-args.resp
    
    /Applications/Xcode.app/Contents/Developer/Toolchains/XcodeDefault.xctoolchain/usr/bin/clang -x c++ -ivfsstatcache /Users/barriesanders/Library/Developer/Xcode/DerivedData/SDKStatCaches.noindex/macosx26.2-25C57-3885c01c3e6b6a337905948deab2002e00fa09913b459cbbc988d1f6730289ae.sdkstatcache -fmessage-length\=0 -fdiagnostics-show-note-include-stack -fmacro-backtrace-limit\=0 -fno-color-diagnostics -fmodules-prune-interval\=86400 -fmodules-prune-after\=345600 -fbuild-session-file\=/Users/barriesanders/Library/Developer/Xcode/DerivedData/ModuleCache.noindex/Session.modulevalidation -fmodules-validate-once-per-build-session -Wnon-modular-include-in-framework-module -Werror\=non-modular-include-in-framework-module -Wno-trigraphs -Wno-missing-field-initializers -Wno-missing-prototypes -Wunreachable-code -Wno-non-virtual-dtor -Wno-overloaded-virtual -Wno-exit-time-destructors -Wno-missing-braces -Wparentheses -Wswitch -Wunused-function -Wno-unused-label -Wno-unused-parameter -Wunused-variable -Wunused-value -Wempty-body -Wuninitialized -Wno-unknown-pragmas -Wno-shadow -Wno-four-char-constants -Wno-conversion -Wconstant-conversion -Wint-conversion -Wbool-conversion -Wenum-conversion -Wno-float-conversion -Wnon-literal-null-conversion -Wobjc-literal-conversion -Wshorten-64-to-32 -Wno-newline-eof -Wno-c++11-extensions -Wno-implicit-fallthrough -fstrict-aliasing -Wdeprecated-declarations -Winvalid-offsetof -Wno-sign-conversion -Winfinite-recursion -Wmove -Wcomma -Wblock-capture-autoreleasing -Wstrict-prototypes -Wrange-loop-analysis -Wno-semicolon-before-method-body -index-store-path /Users/barriesanders/Library/Developer/Xcode/DerivedData/Gambatte-becswlhcwqssobflxvaxsqpzjhmw/Index.noindex/DataStore @/Users/barriesanders/Library/Developer/Xcode/DerivedData/Gambatte-becswlhcwqssobflxvaxsqpzjhmw/Build/Intermediates.noindex/Gambatte.build/Debug/Gambatte.build/Objects-normal/arm64/82b82416624d2658e5098eb0a28c15c5-common-args.resp -MMD -MT dependencies -MF /Users/barriesanders/Library/Developer/Xcode/DerivedData/Gambatte-becswlhcwqssobflxvaxsqpzjhmw/Build/Intermediates.noindex/Gambatte.build/Debug/Gambatte.build/Objects-normal/arm64/statesaver.d --serialize-diagnostics /Users/barriesanders/Library/Developer/Xcode/DerivedData/Gambatte-becswlhcwqssobflxvaxsqpzjhmw/Build/Intermediates.noindex/Gambatte.build/Debug/Gambatte.build/Objects-normal/arm64/statesaver.dia -c /Users/barriesanders/.gemini/antigravity/scratch/OpenEmu_Port/Gambatte/statesaver.cpp -o /Users/barriesanders/Library/Developer/Xcode/DerivedData/Gambatte-becswlhcwqssobflxvaxsqpzjhmw/Build/Intermediates.noindex/Gambatte.build/Debug/Gambatte.build/Objects-normal/arm64/statesaver.o -index-unit-output-path /Gambatte.build/Debug/Gambatte.build/Objects-normal/arm64/statesaver.o
/Users/barriesanders/.gemini/antigravity/scratch/OpenEmu_Port/Gambatte/statesaver.cpp:95:21: warning: 'mem_fun<std::ostream &, std::ostream, char>' is deprecated [-Wdeprecated-declarations]
   95 |                 std::bind1st(std::mem_fun(&std::ostream::put), &stream));
      |                                   ^
In file included from /Users/barriesanders/.gemini/antigravity/scratch/OpenEmu_Port/Gambatte/statesaver.cpp:24:
In file included from /Applications/Xcode.app/Contents/Developer/Platforms/MacOSX.platform/Developer/SDKs/MacOSX26.2.sdk/usr/include/c++/v1/fstream:198:
In file included from /Applications/Xcode.app/Contents/Developer/Platforms/MacOSX.platform/Developer/SDKs/MacOSX26.2.sdk/usr/include/c++/v1/__filesystem/path.h:29:
In file included from /Applications/Xcode.app/Contents/Developer/Platforms/MacOSX.platform/Developer/SDKs/MacOSX26.2.sdk/usr/include/c++/v1/iomanip:556:
In file included from /Applications/Xcode.app/Contents/Developer/Platforms/MacOSX.platform/Developer/SDKs/MacOSX26.2.sdk/usr/include/c++/v1/deque:2647:
In file included from /Applications/Xcode.app/Contents/Developer/Platforms/MacOSX.platform/Developer/SDKs/MacOSX26.2.sdk/usr/include/c++/v1/functional:544:
/Applications/Xcode.app/Contents/Developer/Platforms/MacOSX.platform/Developer/SDKs/MacOSX26.2.sdk/usr/include/c++/v1/__functional/mem_fun_ref.h:49:1: note: 'mem_fun<std::ostream &, std::ostream, char>' has been explicitly marked deprecated here
   49 | _LIBCPP_DEPRECATED_IN_CXX11 inline _LIBCPP_HIDE_FROM_ABI mem_fun1_t<_Sp, _Tp, _Ap> mem_fun(_Sp (_Tp::*__f)(_Ap)) {
      | ^
In file included from /Users/barriesanders/.gemini/antigravity/scratch/OpenEmu_Port/Gambatte/statesaver.cpp:19:
In file included from /Users/barriesanders/.gemini/antigravity/scratch/OpenEmu_Port/Gambatte/src/libgambatte/statesaver.h:22:
In file included from /Users/barriesanders/.gemini/antigravity/scratch/OpenEmu_Port/Gambatte/src/libgambatte/gbint.h:22:
In file included from /Applications/Xcode.app/Contents/Developer/Platforms/MacOSX.platform/Developer/SDKs/MacOSX26.2.sdk/usr/include/c++/v1/stdint.h:18:
/Applications/Xcode.app/Contents/Developer/Platforms/MacOSX.platform/Developer/SDKs/MacOSX26.2.sdk/usr/include/c++/v1/__config:725:41: note: expanded from macro '_LIBCPP_DEPRECATED_IN_CXX11'
  725 | #    define _LIBCPP_DEPRECATED_IN_CXX11 _LIBCPP_DEPRECATED
      |                                         ^
/Applications/Xcode.app/Contents/Developer/Platforms/MacOSX.platform/Developer/SDKs/MacOSX26.2.sdk/usr/include/c++/v1/__config:710:49: note: expanded from macro '_LIBCPP_DEPRECATED'
  710 | #      define _LIBCPP_DEPRECATED __attribute__((__deprecated__))
      |                                                 ^
/Users/barriesanders/.gemini/antigravity/scratch/OpenEmu_Port/Gambatte/statesaver.cpp:95:8: warning: 'bind1st<std::mem_fun1_t<std::ostream &, std::ostream, char>, std::ostream *>' is deprecated [-Wdeprecated-declarations]
   95 |                 std::bind1st(std::mem_fun(&std::ostream::put), &stream));
      |                      ^
In file included from /Users/barriesanders/.gemini/antigravity/scratch/OpenEmu_Port/Gambatte/statesaver.cpp:24:
In file included from /Applications/Xcode.app/Contents/Developer/Platforms/MacOSX.platform/Developer/SDKs/MacOSX26.2.sdk/usr/include/c++/v1/fstream:198:
In file included from /Applications/Xcode.app/Contents/Developer/Platforms/MacOSX.platform/Developer/SDKs/MacOSX26.2.sdk/usr/include/c++/v1/__filesystem/path.h:29:
In file included from /Applications/Xcode.app/Contents/Developer/Platforms/MacOSX.platform/Developer/SDKs/MacOSX26.2.sdk/usr/include/c++/v1/iomanip:556:
In file included from /Applications/Xcode.app/Contents/Developer/Platforms/MacOSX.platform/Developer/SDKs/MacOSX26.2.sdk/usr/include/c++/v1/deque:2647:
In file included from /Applications/Xcode.app/Contents/Developer/Platforms/MacOSX.platform/Developer/SDKs/MacOSX26.2.sdk/usr/include/c++/v1/functional:540:
/Applications/Xcode.app/Contents/Developer/Platforms/MacOSX.platform/Developer/SDKs/MacOSX26.2.sdk/usr/include/c++/v1/__functional/binder1st.h:45:1: note: 'bind1st<std::mem_fun1_t<std::ostream &, std::ostream, char>, std::ostream *>' has been explicitly marked deprecated here
   45 | _LIBCPP_DEPRECATED_IN_CXX11 inline _LIBCPP_HIDE_FROM_ABI binder1st<_Operation>
      | ^
In file included from /Users/barriesanders/.gemini/antigravity/scratch/OpenEmu_Port/Gambatte/statesaver.cpp:19:
In file included from /Users/barriesanders/.gemini/antigravity/scratch/OpenEmu_Port/Gambatte/src/libgambatte/statesaver.h:22:
In file included from /Users/barriesanders/.gemini/antigravity/scratch/OpenEmu_Port/Gambatte/src/libgambatte/gbint.h:22:
In file included from /Applications/Xcode.app/Contents/Developer/Platforms/MacOSX.platform/Developer/SDKs/MacOSX26.2.sdk/usr/include/c++/v1/stdint.h:18:
/Applications/Xcode.app/Contents/Developer/Platforms/MacOSX.platform/Developer/SDKs/MacOSX26.2.sdk/usr/include/c++/v1/__config:725:41: note: expanded from macro '_LIBCPP_DEPRECATED_IN_CXX11'
  725 | #    define _LIBCPP_DEPRECATED_IN_CXX11 _LIBCPP_DEPRECATED
      |                                         ^
/Applications/Xcode.app/Contents/Developer/Platforms/MacOSX.platform/Developer/SDKs/MacOSX26.2.sdk/usr/include/c++/v1/__config:710:49: note: expanded from macro '_LIBCPP_DEPRECATED'
  710 | #      define _LIBCPP_DEPRECATED __attribute__((__deprecated__))
      |                                                 ^
/Users/barriesanders/.gemini/antigravity/scratch/OpenEmu_Port/Gambatte/statesaver.cpp:141:24: warning: code will never be executed [-Wunreachable-code]
  141 |                 for (std::size_t i = 0; i < minsize; ++i)
      |                                      ^
/Users/barriesanders/.gemini/antigravity/scratch/OpenEmu_Port/Gambatte/statesaver.cpp:140:33: note: silence by adding parentheses to mark code as explicitly dead
  140 |         if (static_cast<unsigned char>(0x100)) {
      |                                        ^    
      |                                        /* DISABLES CODE */ ( )
3 warnings generated.

CompileC /Users/barriesanders/Library/Developer/Xcode/DerivedData/Gambatte-becswlhcwqssobflxvaxsqpzjhmw/Build/Intermediates.noindex/Gambatte.build/Debug/Gambatte.build/Objects-normal/arm64/state_osd_elements.o /Users/barriesanders/.gemini/antigravity/scratch/OpenEmu_Port/Gambatte/src/libgambatte/state_osd_elements.cpp normal arm64 c++ com.apple.compilers.llvm.clang.1_0.compiler (in target 'Gambatte' from project 'Gambatte')
    cd /Users/barriesanders/.gemini/antigravity/scratch/OpenEmu_Port/Gambatte
    
    Using response file: /Users/barriesanders/Library/Developer/Xcode/DerivedData/Gambatte-becswlhcwqssobflxvaxsqpzjhmw/Build/Intermediates.noindex/Gambatte.build/Debug/Gambatte.build/Objects-normal/arm64/82b82416624d2658e5098eb0a28c15c5-common-args.resp
    
    /Applications/Xcode.app/Contents/Developer/Toolchains/XcodeDefault.xctoolchain/usr/bin/clang -x c++ -ivfsstatcache /Users/barriesanders/Library/Developer/Xcode/DerivedData/SDKStatCaches.noindex/macosx26.2-25C57-3885c01c3e6b6a337905948deab2002e00fa09913b459cbbc988d1f6730289ae.sdkstatcache -fmessage-length\=0 -fdiagnostics-show-note-include-stack -fmacro-backtrace-limit\=0 -fno-color-diagnostics -fmodules-prune-interval\=86400 -fmodules-prune-after\=345600 -fbuild-session-file\=/Users/barriesanders/Library/Developer/Xcode/DerivedData/ModuleCache.noindex/Session.modulevalidation -fmodules-validate-once-per-build-session -Wnon-modular-include-in-framework-module -Werror\=non-modular-include-in-framework-module -Wno-trigraphs -Wno-missing-field-initializers -Wno-missing-prototypes -Wunreachable-code -Wno-non-virtual-dtor -Wno-overloaded-virtual -Wno-exit-time-destructors -Wno-missing-braces -Wparentheses -Wswitch -Wunused-function -Wno-unused-label -Wno-unused-parameter -Wunused-variable -Wunused-value -Wempty-body -Wuninitialized -Wno-unknown-pragmas -Wno-shadow -Wno-four-char-constants -Wno-conversion -Wconstant-conversion -Wint-conversion -Wbool-conversion -Wenum-conversion -Wno-float-conversion -Wnon-literal-null-conversion -Wobjc-literal-conversion -Wshorten-64-to-32 -Wno-newline-eof -Wno-c++11-extensions -Wno-implicit-fallthrough -fstrict-aliasing -Wdeprecated-declarations -Winvalid-offsetof -Wno-sign-conversion -Winfinite-recursion -Wmove -Wcomma -Wblock-capture-autoreleasing -Wstrict-prototypes -Wrange-loop-analysis -Wno-semicolon-before-method-body -index-store-path /Users/barriesanders/Library/Developer/Xcode/DerivedData/Gambatte-becswlhcwqssobflxvaxsqpzjhmw/Index.noindex/DataStore @/Users/barriesanders/Library/Developer/Xcode/DerivedData/Gambatte-becswlhcwqssobflxvaxsqpzjhmw/Build/Intermediates.noindex/Gambatte.build/Debug/Gambatte.build/Objects-normal/arm64/82b82416624d2658e5098eb0a28c15c5-common-args.resp -MMD -MT dependencies -MF /Users/barriesanders/Library/Developer/Xcode/DerivedData/Gambatte-becswlhcwqssobflxvaxsqpzjhmw/Build/Intermediates.noindex/Gambatte.build/Debug/Gambatte.build/Objects-normal/arm64/state_osd_elements.d --serialize-diagnostics /Users/barriesanders/Library/Developer/Xcode/DerivedData/Gambatte-becswlhcwqssobflxvaxsqpzjhmw/Build/Intermediates.noindex/Gambatte.build/Debug/Gambatte.build/Objects-normal/arm64/state_osd_elements.dia -c /Users/barriesanders/.gemini/antigravity/scratch/OpenEmu_Port/Gambatte/src/libgambatte/state_osd_elements.cpp -o /Users/barriesanders/Library/Developer/Xcode/DerivedData/Gambatte-becswlhcwqssobflxvaxsqpzjhmw/Build/Intermediates.noindex/Gambatte.build/Debug/Gambatte.build/Objects-normal/arm64/state_osd_elements.o -index-unit-output-path /Gambatte.build/Debug/Gambatte.build/Objects-normal/arm64/state_osd_elements.o
/Users/barriesanders/.gemini/antigravity/scratch/OpenEmu_Port/Gambatte/src/libgambatte/state_osd_elements.cpp:156:58: warning: implicit conversion loses integer precision: 'const std::size_t' (aka 'const unsigned long') to 'unsigned int' [-Wshorten-64-to-32]
  156 |         return transfer_ptr<OsdElement>(new ShadedTextOsdElment(text::stateLoadedWidth, txt));
      |                                             ~~~~~~~~~~~~~~~~~~~ ^~~~~~~~~~~~~~~~~~~~~~
/Users/barriesanders/.gemini/antigravity/scratch/OpenEmu_Port/Gambatte/src/libgambatte/state_osd_elements.cpp:164:58: warning: implicit conversion loses integer precision: 'const std::size_t' (aka 'const unsigned long') to 'unsigned int' [-Wshorten-64-to-32]
  164 |         return transfer_ptr<OsdElement>(new ShadedTextOsdElment(text::stateSavedWidth, txt));
      |                                             ~~~~~~~~~~~~~~~~~~~ ^~~~~~~~~~~~~~~~~~~~~
2 warnings generated.

CompileC /Users/barriesanders/Library/Developer/Xcode/DerivedData/Gambatte-becswlhcwqssobflxvaxsqpzjhmw/Build/Intermediates.noindex/Gambatte.build/Debug/Gambatte.build/Objects-normal/arm64/sprite_mapper.o /Users/barriesanders/.gemini/antigravity/scratch/OpenEmu_Port/Gambatte/src/libgambatte/video/sprite_mapper.cpp normal arm64 c++ com.apple.compilers.llvm.clang.1_0.compiler (in target 'Gambatte' from project 'Gambatte')
    cd /Users/barriesanders/.gemini/antigravity/scratch/OpenEmu_Port/Gambatte
    
    Using response file: /Users/barriesanders/Library/Developer/Xcode/DerivedData/Gambatte-becswlhcwqssobflxvaxsqpzjhmw/Build/Intermediates.noindex/Gambatte.build/Debug/Gambatte.build/Objects-normal/arm64/82b82416624d2658e5098eb0a28c15c5-common-args.resp
    
    /Applications/Xcode.app/Contents/Developer/Toolchains/XcodeDefault.xctoolchain/usr/bin/clang -x c++ -ivfsstatcache /Users/barriesanders/Library/Developer/Xcode/DerivedData/SDKStatCaches.noindex/macosx26.2-25C57-3885c01c3e6b6a337905948deab2002e00fa09913b459cbbc988d1f6730289ae.sdkstatcache -fmessage-length\=0 -fdiagnostics-show-note-include-stack -fmacro-backtrace-limit\=0 -fno-color-diagnostics -fmodules-prune-interval\=86400 -fmodules-prune-after\=345600 -fbuild-session-file\=/Users/barriesanders/Library/Developer/Xcode/DerivedData/ModuleCache.noindex/Session.modulevalidation -fmodules-validate-once-per-build-session -Wnon-modular-include-in-framework-module -Werror\=non-modular-include-in-framework-module -Wno-trigraphs -Wno-missing-field-initializers -Wno-missing-prototypes -Wunreachable-code -Wno-non-virtual-dtor -Wno-overloaded-virtual -Wno-exit-time-destructors -Wno-missing-braces -Wparentheses -Wswitch -Wunused-function -Wno-unused-label -Wno-unused-parameter -Wunused-variable -Wunused-value -Wempty-body -Wuninitialized -Wno-unknown-pragmas -Wno-shadow -Wno-four-char-constants -Wno-conversion -Wconstant-conversion -Wint-conversion -Wbool-conversion -Wenum-conversion -Wno-float-conversion -Wnon-literal-null-conversion -Wobjc-literal-conversion -Wshorten-64-to-32 -Wno-newline-eof -Wno-c++11-extensions -Wno-implicit-fallthrough -fstrict-aliasing -Wdeprecated-declarations -Winvalid-offsetof -Wno-sign-conversion -Winfinite-recursion -Wmove -Wcomma -Wblock-capture-autoreleasing -Wstrict-prototypes -Wrange-loop-analysis -Wno-semicolon-before-method-body -index-store-path /Users/barriesanders/Library/Developer/Xcode/DerivedData/Gambatte-becswlhcwqssobflxvaxsqpzjhmw/Index.noindex/DataStore @/Users/barriesanders/Library/Developer/Xcode/DerivedData/Gambatte-becswlhcwqssobflxvaxsqpzjhmw/Build/Intermediates.noindex/Gambatte.build/Debug/Gambatte.build/Objects-normal/arm64/82b82416624d2658e5098eb0a28c15c5-common-args.resp -MMD -MT dependencies -MF /Users/barriesanders/Library/Developer/Xcode/DerivedData/Gambatte-becswlhcwqssobflxvaxsqpzjhmw/Build/Intermediates.noindex/Gambatte.build/Debug/Gambatte.build/Objects-normal/arm64/sprite_mapper.d --serialize-diagnostics /Users/barriesanders/Library/Developer/Xcode/DerivedData/Gambatte-becswlhcwqssobflxvaxsqpzjhmw/Build/Intermediates.noindex/Gambatte.build/Debug/Gambatte.build/Objects-normal/arm64/sprite_mapper.dia -c /Users/barriesanders/.gemini/antigravity/scratch/OpenEmu_Port/Gambatte/src/libgambatte/video/sprite_mapper.cpp -o /Users/barriesanders/Library/Developer/Xcode/DerivedData/Gambatte-becswlhcwqssobflxvaxsqpzjhmw/Build/Intermediates.noindex/Gambatte.build/Debug/Gambatte.build/Objects-normal/arm64/sprite_mapper.o -index-unit-output-path /Gambatte.build/Debug/Gambatte.build/Objects-normal/arm64/sprite_mapper.o
In file included from /Users/barriesanders/.gemini/antigravity/scratch/OpenEmu_Port/Gambatte/src/libgambatte/video/sprite_mapper.cpp:19:
In file included from /Users/barriesanders/.gemini/antigravity/scratch/OpenEmu_Port/Gambatte/src/libgambatte/video/sprite_mapper.h:22:
/Users/barriesanders/.gemini/antigravity/scratch/OpenEmu_Port/Gambatte/src/libgambatte/video/ly_counter.h:39:30: warning: implicit conversion loses integer precision: 'unsigned long' to 'unsigned int' [-Wshorten-64-to-32]
   39 |                 return lcd_cycles_per_line - ((time_ - cc) >> isDoubleSpeed());
      |                 ~~~~~~ ~~~~~~~~~~~~~~~~~~~~^~~~~~~~~~~~~~~~~~~~~~~~~~~~~~~~~~~
1 warning generated.

CompileC /Users/barriesanders/Library/Developer/Xcode/DerivedData/Gambatte-becswlhcwqssobflxvaxsqpzjhmw/Build/Intermediates.noindex/Gambatte.build/Debug/Gambatte.build/Objects-normal/arm64/sound.o /Users/barriesanders/.gemini/antigravity/scratch/OpenEmu_Port/Gambatte/src/libgambatte/sound.cpp normal arm64 c++ com.apple.compilers.llvm.clang.1_0.compiler (in target 'Gambatte' from project 'Gambatte')
    cd /Users/barriesanders/.gemini/antigravity/scratch/OpenEmu_Port/Gambatte
    
    Using response file: /Users/barriesanders/Library/Developer/Xcode/DerivedData/Gambatte-becswlhcwqssobflxvaxsqpzjhmw/Build/Intermediates.noindex/Gambatte.build/Debug/Gambatte.build/Objects-normal/arm64/82b82416624d2658e5098eb0a28c15c5-common-args.resp
    
    /Applications/Xcode.app/Contents/Developer/Toolchains/XcodeDefault.xctoolchain/usr/bin/clang -x c++ -ivfsstatcache /Users/barriesanders/Library/Developer/Xcode/DerivedData/SDKStatCaches.noindex/macosx26.2-25C57-3885c01c3e6b6a337905948deab2002e00fa09913b459cbbc988d1f6730289ae.sdkstatcache -fmessage-length\=0 -fdiagnostics-show-note-include-stack -fmacro-backtrace-limit\=0 -fno-color-diagnostics -fmodules-prune-interval\=86400 -fmodules-prune-after\=345600 -fbuild-session-file\=/Users/barriesanders/Library/Developer/Xcode/DerivedData/ModuleCache.noindex/Session.modulevalidation -fmodules-validate-once-per-build-session -Wnon-modular-include-in-framework-module -Werror\=non-modular-include-in-framework-module -Wno-trigraphs -Wno-missing-field-initializers -Wno-missing-prototypes -Wunreachable-code -Wno-non-virtual-dtor -Wno-overloaded-virtual -Wno-exit-time-destructors -Wno-missing-braces -Wparentheses -Wswitch -Wunused-function -Wno-unused-label -Wno-unused-parameter -Wunused-variable -Wunused-value -Wempty-body -Wuninitialized -Wno-unknown-pragmas -Wno-shadow -Wno-four-char-constants -Wno-conversion -Wconstant-conversion -Wint-conversion -Wbool-conversion -Wenum-conversion -Wno-float-conversion -Wnon-literal-null-conversion -Wobjc-literal-conversion -Wshorten-64-to-32 -Wno-newline-eof -Wno-c++11-extensions -Wno-implicit-fallthrough -fstrict-aliasing -Wdeprecated-declarations -Winvalid-offsetof -Wno-sign-conversion -Winfinite-recursion -Wmove -Wcomma -Wblock-capture-autoreleasing -Wstrict-prototypes -Wrange-loop-analysis -Wno-semicolon-before-method-body -index-store-path /Users/barriesanders/Library/Developer/Xcode/DerivedData/Gambatte-becswlhcwqssobflxvaxsqpzjhmw/Index.noindex/DataStore @/Users/barriesanders/Library/Developer/Xcode/DerivedData/Gambatte-becswlhcwqssobflxvaxsqpzjhmw/Build/Intermediates.noindex/Gambatte.build/Debug/Gambatte.build/Objects-normal/arm64/82b82416624d2658e5098eb0a28c15c5-common-args.resp -MMD -MT dependencies -MF /Users/barriesanders/Library/Developer/Xcode/DerivedData/Gambatte-becswlhcwqssobflxvaxsqpzjhmw/Build/Intermediates.noindex/Gambatte.build/Debug/Gambatte.build/Objects-normal/arm64/sound.d --serialize-diagnostics /Users/barriesanders/Library/Developer/Xcode/DerivedData/Gambatte-becswlhcwqssobflxvaxsqpzjhmw/Build/Intermediates.noindex/Gambatte.build/Debug/Gambatte.build/Objects-normal/arm64/sound.dia -c /Users/barriesanders/.gemini/antigravity/scratch/OpenEmu_Port/Gambatte/src/libgambatte/sound.cpp -o /Users/barriesanders/Library/Developer/Xcode/DerivedData/Gambatte-becswlhcwqssobflxvaxsqpzjhmw/Build/Intermediates.noindex/Gambatte.build/Debug/Gambatte.build/Objects-normal/arm64/sound.o -index-unit-output-path /Gambatte.build/Debug/Gambatte.build/Objects-normal/arm64/sound.o

CompileC /Users/barriesanders/Library/Developer/Xcode/DerivedData/Gambatte-becswlhcwqssobflxvaxsqpzjhmw/Build/Intermediates.noindex/Gambatte.build/Debug/Gambatte.build/Objects-normal/arm64/ppu.o /Users/barriesanders/.gemini/antigravity/scratch/OpenEmu_Port/Gambatte/src/libgambatte/video/ppu.cpp normal arm64 c++ com.apple.compilers.llvm.clang.1_0.compiler (in target 'Gambatte' from project 'Gambatte')
    cd /Users/barriesanders/.gemini/antigravity/scratch/OpenEmu_Port/Gambatte
    
    Using response file: /Users/barriesanders/Library/Developer/Xcode/DerivedData/Gambatte-becswlhcwqssobflxvaxsqpzjhmw/Build/Intermediates.noindex/Gambatte.build/Debug/Gambatte.build/Objects-normal/arm64/82b82416624d2658e5098eb0a28c15c5-common-args.resp
    
    /Applications/Xcode.app/Contents/Developer/Toolchains/XcodeDefault.xctoolchain/usr/bin/clang -x c++ -ivfsstatcache /Users/barriesanders/Library/Developer/Xcode/DerivedData/SDKStatCaches.noindex/macosx26.2-25C57-3885c01c3e6b6a337905948deab2002e00fa09913b459cbbc988d1f6730289ae.sdkstatcache -fmessage-length\=0 -fdiagnostics-show-note-include-stack -fmacro-backtrace-limit\=0 -fno-color-diagnostics -fmodules-prune-interval\=86400 -fmodules-prune-after\=345600 -fbuild-session-file\=/Users/barriesanders/Library/Developer/Xcode/DerivedData/ModuleCache.noindex/Session.modulevalidation -fmodules-validate-once-per-build-session -Wnon-modular-include-in-framework-module -Werror\=non-modular-include-in-framework-module -Wno-trigraphs -Wno-missing-field-initializers -Wno-missing-prototypes -Wunreachable-code -Wno-non-virtual-dtor -Wno-overloaded-virtual -Wno-exit-time-destructors -Wno-missing-braces -Wparentheses -Wswitch -Wunused-function -Wno-unused-label -Wno-unused-parameter -Wunused-variable -Wunused-value -Wempty-body -Wuninitialized -Wno-unknown-pragmas -Wno-shadow -Wno-four-char-constants -Wno-conversion -Wconstant-conversion -Wint-conversion -Wbool-conversion -Wenum-conversion -Wno-float-conversion -Wnon-literal-null-conversion -Wobjc-literal-conversion -Wshorten-64-to-32 -Wno-newline-eof -Wno-c++11-extensions -Wno-implicit-fallthrough -fstrict-aliasing -Wdeprecated-declarations -Winvalid-offsetof -Wno-sign-conversion -Winfinite-recursion -Wmove -Wcomma -Wblock-capture-autoreleasing -Wstrict-prototypes -Wrange-loop-analysis -Wno-semicolon-before-method-body -index-store-path /Users/barriesanders/Library/Developer/Xcode/DerivedData/Gambatte-becswlhcwqssobflxvaxsqpzjhmw/Index.noindex/DataStore @/Users/barriesanders/Library/Developer/Xcode/DerivedData/Gambatte-becswlhcwqssobflxvaxsqpzjhmw/Build/Intermediates.noindex/Gambatte.build/Debug/Gambatte.build/Objects-normal/arm64/82b82416624d2658e5098eb0a28c15c5-common-args.resp -MMD -MT dependencies -MF /Users/barriesanders/Library/Developer/Xcode/DerivedData/Gambatte-becswlhcwqssobflxvaxsqpzjhmw/Build/Intermediates.noindex/Gambatte.build/Debug/Gambatte.build/Objects-normal/arm64/ppu.d --serialize-diagnostics /Users/barriesanders/Library/Developer/Xcode/DerivedData/Gambatte-becswlhcwqssobflxvaxsqpzjhmw/Build/Intermediates.noindex/Gambatte.build/Debug/Gambatte.build/Objects-normal/arm64/ppu.dia -c /Users/barriesanders/.gemini/antigravity/scratch/OpenEmu_Port/Gambatte/src/libgambatte/video/ppu.cpp -o /Users/barriesanders/Library/Developer/Xcode/DerivedData/Gambatte-becswlhcwqssobflxvaxsqpzjhmw/Build/Intermediates.noindex/Gambatte.build/Debug/Gambatte.build/Objects-normal/arm64/ppu.o -index-unit-output-path /Gambatte.build/Debug/Gambatte.build/Objects-normal/arm64/ppu.o
In file included from /Users/barriesanders/.gemini/antigravity/scratch/OpenEmu_Port/Gambatte/src/libgambatte/video/ppu.cpp:19:
In file included from /Users/barriesanders/.gemini/antigravity/scratch/OpenEmu_Port/Gambatte/src/libgambatte/video/ppu.h:23:
/Users/barriesanders/.gemini/antigravity/scratch/OpenEmu_Port/Gambatte/src/libgambatte/video/ly_counter.h:39:30: warning: implicit conversion loses integer precision: 'unsigned long' to 'unsigned int' [-Wshorten-64-to-32]
   39 |                 return lcd_cycles_per_line - ((time_ - cc) >> isDoubleSpeed());
      |                 ~~~~~~ ~~~~~~~~~~~~~~~~~~~~^~~~~~~~~~~~~~~~~~~~~~~~~~~~~~~~~~~
/Users/barriesanders/.gemini/antigravity/scratch/OpenEmu_Port/Gambatte/src/libgambatte/video/ppu.cpp:131:25: warning: implicit conversion loses integer precision: 'long' to 'const int' [-Wshorten-64-to-32]
  131 |         int const c = p.cycles - cycles;
      |                   ~   ~~~~~~~~~^~~~~~~~
/Users/barriesanders/.gemini/antigravity/scratch/OpenEmu_Port/Gambatte/src/libgambatte/video/ppu.cpp:360:26: warning: implicit conversion loses integer precision: 'long' to 'int' [-Wshorten-64-to-32]
  360 |                         int cycles = p.cycles - tile_len;
      |                             ~~~~~~   ~~~~~~~~~^~~~~~~~~~
/Users/barriesanders/.gemini/antigravity/scratch/OpenEmu_Port/Gambatte/src/libgambatte/video/ppu.cpp:406:8: warning: implicit conversion loses integer precision: 'const long' to 'int' [-Wshorten-64-to-32]
  406 |                         n = std::min<long>(n, p.cycles & -1ul * tile_len);
      |                           ~ ^~~~~~~~~~~~~~~~~~~~~~~~~~~~~~~~~~~~~~~~~~~~~
/Users/barriesanders/.gemini/antigravity/scratch/OpenEmu_Port/Gambatte/src/libgambatte/video/ppu.cpp:415:19: warning: implicit conversion loses integer precision: 'unsigned long' to 'uint_least32_t' (aka 'unsigned int') [-Wshorten-64-to-32]
  415 |                                 do { *dst++ = p.bgPalette[0]; } while (dst != dstend);
      |                                             ~ ^~~~~~~~~~~~~~
/Users/barriesanders/.gemini/antigravity/scratch/OpenEmu_Port/Gambatte/src/libgambatte/video/ppu.cpp:423:14: warning: implicit conversion loses integer precision: 'unsigned long' to 'uint_least32_t' (aka 'unsigned int') [-Wshorten-64-to-32]
  423 |                                 dst[0] = p.bgPalette[ ntileword & tile_bpp_mask                                 ];
      |                                        ~ ^~~~~~~~~~~~~~~~~~~~~~~~~~~~~~~~~~~~~~~~~~~~~~~~~~~~~~~~~~~~~~~~~~~~~~~~
/Users/barriesanders/.gemini/antigravity/scratch/OpenEmu_Port/Gambatte/src/libgambatte/video/ppu.cpp:424:14: warning: implicit conversion loses integer precision: 'unsigned long' to 'uint_least32_t' (aka 'unsigned int') [-Wshorten-64-to-32]
  424 |                                 dst[1] = p.bgPalette[(ntileword & tile_bpp_mask << 1 * tile_bpp) >> 1 * tile_bpp];
      |                                        ~ ^~~~~~~~~~~~~~~~~~~~~~~~~~~~~~~~~~~~~~~~~~~~~~~~~~~~~~~~~~~~~~~~~~~~~~~~
/Users/barriesanders/.gemini/antigravity/scratch/OpenEmu_Port/Gambatte/src/libgambatte/video/ppu.cpp:425:14: warning: implicit conversion loses integer precision: 'unsigned long' to 'uint_least32_t' (aka 'unsigned int') [-Wshorten-64-to-32]
  425 |                                 dst[2] = p.bgPalette[(ntileword & tile_bpp_mask << 2 * tile_bpp) >> 2 * tile_bpp];
      |                                        ~ ^~~~~~~~~~~~~~~~~~~~~~~~~~~~~~~~~~~~~~~~~~~~~~~~~~~~~~~~~~~~~~~~~~~~~~~~
/Users/barriesanders/.gemini/antigravity/scratch/OpenEmu_Port/Gambatte/src/libgambatte/video/ppu.cpp:426:14: warning: implicit conversion loses integer precision: 'unsigned long' to 'uint_least32_t' (aka 'unsigned int') [-Wshorten-64-to-32]
  426 |                                 dst[3] = p.bgPalette[(ntileword & tile_bpp_mask << 3 * tile_bpp) >> 3 * tile_bpp];
      |                                        ~ ^~~~~~~~~~~~~~~~~~~~~~~~~~~~~~~~~~~~~~~~~~~~~~~~~~~~~~~~~~~~~~~~~~~~~~~~
/Users/barriesanders/.gemini/antigravity/scratch/OpenEmu_Port/Gambatte/src/libgambatte/video/ppu.cpp:427:14: warning: implicit conversion loses integer precision: 'unsigned long' to 'uint_least32_t' (aka 'unsigned int') [-Wshorten-64-to-32]
  427 |                                 dst[4] = p.bgPalette[(ntileword & tile_bpp_mask << 4 * tile_bpp) >> 4 * tile_bpp];
      |                                        ~ ^~~~~~~~~~~~~~~~~~~~~~~~~~~~~~~~~~~~~~~~~~~~~~~~~~~~~~~~~~~~~~~~~~~~~~~~
/Users/barriesanders/.gemini/antigravity/scratch/OpenEmu_Port/Gambatte/src/libgambatte/video/ppu.cpp:428:14: warning: implicit conversion loses integer precision: 'unsigned long' to 'uint_least32_t' (aka 'unsigned int') [-Wshorten-64-to-32]
  428 |                                 dst[5] = p.bgPalette[(ntileword & tile_bpp_mask << 5 * tile_bpp) >> 5 * tile_bpp];
      |                                        ~ ^~~~~~~~~~~~~~~~~~~~~~~~~~~~~~~~~~~~~~~~~~~~~~~~~~~~~~~~~~~~~~~~~~~~~~~~
/Users/barriesanders/.gemini/antigravity/scratch/OpenEmu_Port/Gambatte/src/libgambatte/video/ppu.cpp:429:14: warning: implicit conversion loses integer precision: 'unsigned long' to 'uint_least32_t' (aka 'unsigned int') [-Wshorten-64-to-32]
  429 |                                 dst[6] = p.bgPalette[(ntileword & tile_bpp_mask << 6 * tile_bpp) >> 6 * tile_bpp];
      |                                        ~ ^~~~~~~~~~~~~~~~~~~~~~~~~~~~~~~~~~~~~~~~~~~~~~~~~~~~~~~~~~~~~~~~~~~~~~~~
/Users/barriesanders/.gemini/antigravity/scratch/OpenEmu_Port/Gambatte/src/libgambatte/video/ppu.cpp:430:14: warning: implicit conversion loses integer precision: 'unsigned long' to 'uint_least32_t' (aka 'unsigned int') [-Wshorten-64-to-32]
  430 |                                 dst[7] = p.bgPalette[ ntileword                                  >> 7 * tile_bpp];
      |                                        ~ ^~~~~~~~~~~~~~~~~~~~~~~~~~~~~~~~~~~~~~~~~~~~~~~~~~~~~~~~~~~~~~~~~~~~~~~~
/Users/barriesanders/.gemini/antigravity/scratch/OpenEmu_Port/Gambatte/src/libgambatte/video/ppu.cpp:443:26: warning: implicit conversion loses integer precision: 'long' to 'int' [-Wshorten-64-to-32]
  443 |                         int cycles = p.cycles - tile_len;
      |                             ~~~~~~   ~~~~~~~~~^~~~~~~~~~
/Users/barriesanders/.gemini/antigravity/scratch/OpenEmu_Port/Gambatte/src/libgambatte/video/ppu.cpp:454:13: warning: implicit conversion loses integer precision: 'unsigned long' to 'uint_least32_t' (aka 'unsigned int') [-Wshorten-64-to-32]
  454 |                         dst[0] = p.bgPalette[ tileword & tile_bpp_mask                                 ];
      |                                ~ ^~~~~~~~~~~~~~~~~~~~~~~~~~~~~~~~~~~~~~~~~~~~~~~~~~~~~~~~~~~~~~~~~~~~~~~
/Users/barriesanders/.gemini/antigravity/scratch/OpenEmu_Port/Gambatte/src/libgambatte/video/ppu.cpp:455:13: warning: implicit conversion loses integer precision: 'unsigned long' to 'uint_least32_t' (aka 'unsigned int') [-Wshorten-64-to-32]
  455 |                         dst[1] = p.bgPalette[(tileword & tile_bpp_mask << 1 * tile_bpp) >> 1 * tile_bpp];
      |                                ~ ^~~~~~~~~~~~~~~~~~~~~~~~~~~~~~~~~~~~~~~~~~~~~~~~~~~~~~~~~~~~~~~~~~~~~~~
/Users/barriesanders/.gemini/antigravity/scratch/OpenEmu_Port/Gambatte/src/libgambatte/video/ppu.cpp:456:13: warning: implicit conversion loses integer precision: 'unsigned long' to 'uint_least32_t' (aka 'unsigned int') [-Wshorten-64-to-32]
  456 |                         dst[2] = p.bgPalette[(tileword & tile_bpp_mask << 2 * tile_bpp) >> 2 * tile_bpp];
      |                                ~ ^~~~~~~~~~~~~~~~~~~~~~~~~~~~~~~~~~~~~~~~~~~~~~~~~~~~~~~~~~~~~~~~~~~~~~~
/Users/barriesanders/.gemini/antigravity/scratch/OpenEmu_Port/Gambatte/src/libgambatte/video/ppu.cpp:457:13: warning: implicit conversion loses integer precision: 'unsigned long' to 'uint_least32_t' (aka 'unsigned int') [-Wshorten-64-to-32]
  457 |                         dst[3] = p.bgPalette[(tileword & tile_bpp_mask << 3 * tile_bpp) >> 3 * tile_bpp];
      |                                ~ ^~~~~~~~~~~~~~~~~~~~~~~~~~~~~~~~~~~~~~~~~~~~~~~~~~~~~~~~~~~~~~~~~~~~~~~
/Users/barriesanders/.gemini/antigravity/scratch/OpenEmu_Port/Gambatte/src/libgambatte/video/ppu.cpp:458:13: warning: implicit conversion loses integer precision: 'unsigned long' to 'uint_least32_t' (aka 'unsigned int') [-Wshorten-64-to-32]
  458 |                         dst[4] = p.bgPalette[(tileword & tile_bpp_mask << 4 * tile_bpp) >> 4 * tile_bpp];
      |                                ~ ^~~~~~~~~~~~~~~~~~~~~~~~~~~~~~~~~~~~~~~~~~~~~~~~~~~~~~~~~~~~~~~~~~~~~~~
/Users/barriesanders/.gemini/antigravity/scratch/OpenEmu_Port/Gambatte/src/libgambatte/video/ppu.cpp:459:13: warning: implicit conversion loses integer precision: 'unsigned long' to 'uint_least32_t' (aka 'unsigned int') [-Wshorten-64-to-32]
  459 |                         dst[5] = p.bgPalette[(tileword & tile_bpp_mask << 5 * tile_bpp) >> 5 * tile_bpp];
      |                                ~ ^~~~~~~~~~~~~~~~~~~~~~~~~~~~~~~~~~~~~~~~~~~~~~~~~~~~~~~~~~~~~~~~~~~~~~~
/Users/barriesanders/.gemini/antigravity/scratch/OpenEmu_Port/Gambatte/src/libgambatte/video/ppu.cpp:460:13: warning: implicit conversion loses integer precision: 'unsigned long' to 'uint_least32_t' (aka 'unsigned int') [-Wshorten-64-to-32]
  460 |                         dst[6] = p.bgPalette[(tileword & tile_bpp_mask << 6 * tile_bpp) >> 6 * tile_bpp];
      |                                ~ ^~~~~~~~~~~~~~~~~~~~~~~~~~~~~~~~~~~~~~~~~~~~~~~~~~~~~~~~~~~~~~~~~~~~~~~
/Users/barriesanders/.gemini/antigravity/scratch/OpenEmu_Port/Gambatte/src/libgambatte/video/ppu.cpp:461:13: warning: implicit conversion loses integer precision: 'unsigned long' to 'uint_least32_t' (aka 'unsigned int') [-Wshorten-64-to-32]
  461 |                         dst[7] = p.bgPalette[ tileword                                  >> 7 * tile_bpp];
      |                                ~ ^~~~~~~~~~~~~~~~~~~~~~~~~~~~~~~~~~~~~~~~~~~~~~~~~~~~~~~~~~~~~~~~~~~~~~~
/Users/barriesanders/.gemini/antigravity/scratch/OpenEmu_Port/Gambatte/src/libgambatte/video/ppu.cpp:493:51: warning: implicit conversion loses integer precision: 'const unsigned long' to 'uint_least32_t' (aka 'unsigned int') [-Wshorten-64-to-32]
  493 |                                                 case 8: if (spword >> 7 * bpp    ) { d[7] = spPalette[spword >> 7 * bpp    ]; } // fall through
      |                                                                                           ~ ^~~~~~~~~~~~~~~~~~~~~~~~~~~~~~~~
/Users/barriesanders/.gemini/antigravity/scratch/OpenEmu_Port/Gambatte/src/libgambatte/video/ppu.cpp:494:51: warning: implicit conversion loses integer precision: 'const unsigned long' to 'uint_least32_t' (aka 'unsigned int') [-Wshorten-64-to-32]
  494 |                                                 case 7: if (spword >> 6 * bpp & m) { d[6] = spPalette[spword >> 6 * bpp & m]; } // fall through
      |                                                                                           ~ ^~~~~~~~~~~~~~~~~~~~~~~~~~~~~~~~
/Users/barriesanders/.gemini/antigravity/scratch/OpenEmu_Port/Gambatte/src/libgambatte/video/ppu.cpp:495:51: warning: implicit conversion loses integer precision: 'const unsigned long' to 'uint_least32_t' (aka 'unsigned int') [-Wshorten-64-to-32]
  495 |                                                 case 6: if (spword >> 5 * bpp & m) { d[5] = spPalette[spword >> 5 * bpp & m]; } // fall through
      |                                                                                           ~ ^~~~~~~~~~~~~~~~~~~~~~~~~~~~~~~~
/Users/barriesanders/.gemini/antigravity/scratch/OpenEmu_Port/Gambatte/src/libgambatte/video/ppu.cpp:496:51: warning: implicit conversion loses integer precision: 'const unsigned long' to 'uint_least32_t' (aka 'unsigned int') [-Wshorten-64-to-32]
  496 |                                                 case 5: if (spword >> 4 * bpp & m) { d[4] = spPalette[spword >> 4 * bpp & m]; } // fall through
      |                                                                                           ~ ^~~~~~~~~~~~~~~~~~~~~~~~~~~~~~~~
/Users/barriesanders/.gemini/antigravity/scratch/OpenEmu_Port/Gambatte/src/libgambatte/video/ppu.cpp:497:51: warning: implicit conversion loses integer precision: 'const unsigned long' to 'uint_least32_t' (aka 'unsigned int') [-Wshorten-64-to-32]
  497 |                                                 case 4: if (spword >> 3 * bpp & m) { d[3] = spPalette[spword >> 3 * bpp & m]; } // fall through
      |                                                                                           ~ ^~~~~~~~~~~~~~~~~~~~~~~~~~~~~~~~
/Users/barriesanders/.gemini/antigravity/scratch/OpenEmu_Port/Gambatte/src/libgambatte/video/ppu.cpp:498:51: warning: implicit conversion loses integer precision: 'const unsigned long' to 'uint_least32_t' (aka 'unsigned int') [-Wshorten-64-to-32]
  498 |                                                 case 3: if (spword >> 2 * bpp & m) { d[2] = spPalette[spword >> 2 * bpp & m]; } // fall through
      |                                                                                           ~ ^~~~~~~~~~~~~~~~~~~~~~~~~~~~~~~~
/Users/barriesanders/.gemini/antigravity/scratch/OpenEmu_Port/Gambatte/src/libgambatte/video/ppu.cpp:499:51: warning: implicit conversion loses integer precision: 'const unsigned long' to 'uint_least32_t' (aka 'unsigned int') [-Wshorten-64-to-32]
  499 |                                                 case 2: if (spword >> 1 * bpp & m) { d[1] = spPalette[spword >> 1 * bpp & m]; } // fall through
      |                                                                                           ~ ^~~~~~~~~~~~~~~~~~~~~~~~~~~~~~~~
/Users/barriesanders/.gemini/antigravity/scratch/OpenEmu_Port/Gambatte/src/libgambatte/video/ppu.cpp:500:51: warning: implicit conversion loses integer precision: 'const unsigned long' to 'uint_least32_t' (aka 'unsigned int') [-Wshorten-64-to-32]
  500 |                                                 case 1: if (spword            & m) { d[0] = spPalette[spword            & m]; }
      |                                                                                           ~ ^~~~~~~~~~~~~~~~~~~~~~~~~~~~~~~~
/Users/barriesanders/.gemini/antigravity/scratch/OpenEmu_Port/Gambatte/src/libgambatte/video/ppu.cpp:520:16: warning: implicit conversion loses integer precision: 'unsigned long' to 'uint_least32_t' (aka 'unsigned int') [-Wshorten-64-to-32]
  519 |                                                                 d[n] = tw & tile_bpp_mask
      |                                                                      ~
  520 |                                                                      ? p.bgPalette[    tw & tile_bpp_mask]
      |                                                                        ^~~~~~~~~~~~~~~~~~~~~~~~~~~~~~~~~~~
/Users/barriesanders/.gemini/antigravity/scratch/OpenEmu_Port/Gambatte/src/libgambatte/video/ppu.cpp:521:18: warning: implicit conversion loses integer precision: 'const unsigned long' to 'uint_least32_t' (aka 'unsigned int') [-Wshorten-64-to-32]
  519 |                                                                 d[n] = tw & tile_bpp_mask
      |                                                                      ~
  520 |                                                                      ? p.bgPalette[    tw & tile_bpp_mask]
  521 |                                                                      :   spPalette[spword & tile_bpp_mask];
      |                                                                          ^~~~~~~~~~~~~~~~~~~~~~~~~~~~~~~~~
/Users/barriesanders/.gemini/antigravity/scratch/OpenEmu_Port/Gambatte/src/libgambatte/video/ppu.cpp:558:26: warning: implicit conversion loses integer precision: 'long' to 'int' [-Wshorten-64-to-32]
  558 |                         int cycles = p.cycles - tile_len;
      |                             ~~~~~~   ~~~~~~~~~^~~~~~~~~~
/Users/barriesanders/.gemini/antigravity/scratch/OpenEmu_Port/Gambatte/src/libgambatte/video/ppu.cpp:594:8: warning: implicit conversion loses integer precision: 'const long' to 'int' [-Wshorten-64-to-32]
  594 |                         n = std::min<long>(n, p.cycles & -1ul * tile_len);
      |                           ~ ^~~~~~~~~~~~~~~~~~~~~~~~~~~~~~~~~~~~~~~~~~~~~
/Users/barriesanders/.gemini/antigravity/scratch/OpenEmu_Port/Gambatte/src/libgambatte/video/ppu.cpp:606:14: warning: implicit conversion loses integer precision: 'const unsigned long' to 'uint_least32_t' (aka 'unsigned int') [-Wshorten-64-to-32]
  606 |                                 dst[0] = bgPalette[ ntileword & tile_bpp_mask                                 ];
      |                                        ~ ^~~~~~~~~~~~~~~~~~~~~~~~~~~~~~~~~~~~~~~~~~~~~~~~~~~~~~~~~~~~~~~~~~~~~~
/Users/barriesanders/.gemini/antigravity/scratch/OpenEmu_Port/Gambatte/src/libgambatte/video/ppu.cpp:607:14: warning: implicit conversion loses integer precision: 'const unsigned long' to 'uint_least32_t' (aka 'unsigned int') [-Wshorten-64-to-32]
  607 |                                 dst[1] = bgPalette[(ntileword & tile_bpp_mask << 1 * tile_bpp) >> 1 * tile_bpp];
      |                                        ~ ^~~~~~~~~~~~~~~~~~~~~~~~~~~~~~~~~~~~~~~~~~~~~~~~~~~~~~~~~~~~~~~~~~~~~~
/Users/barriesanders/.gemini/antigravity/scratch/OpenEmu_Port/Gambatte/src/libgambatte/video/ppu.cpp:608:14: warning: implicit conversion loses integer precision: 'const unsigned long' to 'uint_least32_t' (aka 'unsigned int') [-Wshorten-64-to-32]
  608 |                                 dst[2] = bgPalette[(ntileword & tile_bpp_mask << 2 * tile_bpp) >> 2 * tile_bpp];
      |                                        ~ ^~~~~~~~~~~~~~~~~~~~~~~~~~~~~~~~~~~~~~~~~~~~~~~~~~~~~~~~~~~~~~~~~~~~~~
/Users/barriesanders/.gemini/antigravity/scratch/OpenEmu_Port/Gambatte/src/libgambatte/video/ppu.cpp:609:14: warning: implicit conversion loses integer precision: 'const unsigned long' to 'uint_least32_t' (aka 'unsigned int') [-Wshorten-64-to-32]
  609 |                                 dst[3] = bgPalette[(ntileword & tile_bpp_mask << 3 * tile_bpp) >> 3 * tile_bpp];
      |                                        ~ ^~~~~~~~~~~~~~~~~~~~~~~~~~~~~~~~~~~~~~~~~~~~~~~~~~~~~~~~~~~~~~~~~~~~~~
/Users/barriesanders/.gemini/antigravity/scratch/OpenEmu_Port/Gambatte/src/libgambatte/video/ppu.cpp:610:14: warning: implicit conversion loses integer precision: 'const unsigned long' to 'uint_least32_t' (aka 'unsigned int') [-Wshorten-64-to-32]
  610 |                                 dst[4] = bgPalette[(ntileword & tile_bpp_mask << 4 * tile_bpp) >> 4 * tile_bpp];
      |                                        ~ ^~~~~~~~~~~~~~~~~~~~~~~~~~~~~~~~~~~~~~~~~~~~~~~~~~~~~~~~~~~~~~~~~~~~~~
/Users/barriesanders/.gemini/antigravity/scratch/OpenEmu_Port/Gambatte/src/libgambatte/video/ppu.cpp:611:14: warning: implicit conversion loses integer precision: 'const unsigned long' to 'uint_least32_t' (aka 'unsigned int') [-Wshorten-64-to-32]
  611 |                                 dst[5] = bgPalette[(ntileword & tile_bpp_mask << 5 * tile_bpp) >> 5 * tile_bpp];
      |                                        ~ ^~~~~~~~~~~~~~~~~~~~~~~~~~~~~~~~~~~~~~~~~~~~~~~~~~~~~~~~~~~~~~~~~~~~~~
/Users/barriesanders/.gemini/antigravity/scratch/OpenEmu_Port/Gambatte/src/libgambatte/video/ppu.cpp:612:14: warning: implicit conversion loses integer precision: 'const unsigned long' to 'uint_least32_t' (aka 'unsigned int') [-Wshorten-64-to-32]
  612 |                                 dst[6] = bgPalette[(ntileword & tile_bpp_mask << 6 * tile_bpp) >> 6 * tile_bpp];
      |                                        ~ ^~~~~~~~~~~~~~~~~~~~~~~~~~~~~~~~~~~~~~~~~~~~~~~~~~~~~~~~~~~~~~~~~~~~~~
/Users/barriesanders/.gemini/antigravity/scratch/OpenEmu_Port/Gambatte/src/libgambatte/video/ppu.cpp:613:14: warning: implicit conversion loses integer precision: 'const unsigned long' to 'uint_least32_t' (aka 'unsigned int') [-Wshorten-64-to-32]
  613 |                                 dst[7] = bgPalette[ ntileword                                  >> 7 * tile_bpp];
      |                                        ~ ^~~~~~~~~~~~~~~~~~~~~~~~~~~~~~~~~~~~~~~~~~~~~~~~~~~~~~~~~~~~~~~~~~~~~~
/Users/barriesanders/.gemini/antigravity/scratch/OpenEmu_Port/Gambatte/src/libgambatte/video/ppu.cpp:632:26: warning: implicit conversion loses integer precision: 'long' to 'int' [-Wshorten-64-to-32]
  632 |                         int cycles = p.cycles - tile_len;
      |                             ~~~~~~   ~~~~~~~~~^~~~~~~~~~
/Users/barriesanders/.gemini/antigravity/scratch/OpenEmu_Port/Gambatte/src/libgambatte/video/ppu.cpp:645:13: warning: implicit conversion loses integer precision: 'const unsigned long' to 'uint_least32_t' (aka 'unsigned int') [-Wshorten-64-to-32]
  645 |                         dst[0] = bgPalette[ tileword & tile_bpp_mask                                 ];
      |                                ~ ^~~~~~~~~~~~~~~~~~~~~~~~~~~~~~~~~~~~~~~~~~~~~~~~~~~~~~~~~~~~~~~~~~~~~
/Users/barriesanders/.gemini/antigravity/scratch/OpenEmu_Port/Gambatte/src/libgambatte/video/ppu.cpp:646:13: warning: implicit conversion loses integer precision: 'const unsigned long' to 'uint_least32_t' (aka 'unsigned int') [-Wshorten-64-to-32]
  646 |                         dst[1] = bgPalette[(tileword & tile_bpp_mask << 1 * tile_bpp) >> 1 * tile_bpp];
      |                                ~ ^~~~~~~~~~~~~~~~~~~~~~~~~~~~~~~~~~~~~~~~~~~~~~~~~~~~~~~~~~~~~~~~~~~~~
/Users/barriesanders/.gemini/antigravity/scratch/OpenEmu_Port/Gambatte/src/libgambatte/video/ppu.cpp:647:13: warning: implicit conversion loses integer precision: 'const unsigned long' to 'uint_least32_t' (aka 'unsigned int') [-Wshorten-64-to-32]
  647 |                         dst[2] = bgPalette[(tileword & tile_bpp_mask << 2 * tile_bpp) >> 2 * tile_bpp];
      |                                ~ ^~~~~~~~~~~~~~~~~~~~~~~~~~~~~~~~~~~~~~~~~~~~~~~~~~~~~~~~~~~~~~~~~~~~~
/Users/barriesanders/.gemini/antigravity/scratch/OpenEmu_Port/Gambatte/src/libgambatte/video/ppu.cpp:648:13: warning: implicit conversion loses integer precision: 'const unsigned long' to 'uint_least32_t' (aka 'unsigned int') [-Wshorten-64-to-32]
  648 |                         dst[3] = bgPalette[(tileword & tile_bpp_mask << 3 * tile_bpp) >> 3 * tile_bpp];
      |                                ~ ^~~~~~~~~~~~~~~~~~~~~~~~~~~~~~~~~~~~~~~~~~~~~~~~~~~~~~~~~~~~~~~~~~~~~
/Users/barriesanders/.gemini/antigravity/scratch/OpenEmu_Port/Gambatte/src/libgambatte/video/ppu.cpp:649:13: warning: implicit conversion loses integer precision: 'const unsigned long' to 'uint_least32_t' (aka 'unsigned int') [-Wshorten-64-to-32]
  649 |                         dst[4] = bgPalette[(tileword & tile_bpp_mask << 4 * tile_bpp) >> 4 * tile_bpp];
      |                                ~ ^~~~~~~~~~~~~~~~~~~~~~~~~~~~~~~~~~~~~~~~~~~~~~~~~~~~~~~~~~~~~~~~~~~~~
/Users/barriesanders/.gemini/antigravity/scratch/OpenEmu_Port/Gambatte/src/libgambatte/video/ppu.cpp:650:13: warning: implicit conversion loses integer precision: 'const unsigned long' to 'uint_least32_t' (aka 'unsigned int') [-Wshorten-64-to-32]
  650 |                         dst[5] = bgPalette[(tileword & tile_bpp_mask << 5 * tile_bpp) >> 5 * tile_bpp];
      |                                ~ ^~~~~~~~~~~~~~~~~~~~~~~~~~~~~~~~~~~~~~~~~~~~~~~~~~~~~~~~~~~~~~~~~~~~~
/Users/barriesanders/.gemini/antigravity/scratch/OpenEmu_Port/Gambatte/src/libgambatte/video/ppu.cpp:651:13: warning: implicit conversion loses integer precision: 'const unsigned long' to 'uint_least32_t' (aka 'unsigned int') [-Wshorten-64-to-32]
  651 |                         dst[6] = bgPalette[(tileword & tile_bpp_mask << 6 * tile_bpp) >> 6 * tile_bpp];
      |                                ~ ^~~~~~~~~~~~~~~~~~~~~~~~~~~~~~~~~~~~~~~~~~~~~~~~~~~~~~~~~~~~~~~~~~~~~
/Users/barriesanders/.gemini/antigravity/scratch/OpenEmu_Port/Gambatte/src/libgambatte/video/ppu.cpp:652:13: warning: implicit conversion loses integer precision: 'const unsigned long' to 'uint_least32_t' (aka 'unsigned int') [-Wshorten-64-to-32]
  652 |                         dst[7] = bgPalette[ tileword                                  >> 7 * tile_bpp];
      |                                ~ ^~~~~~~~~~~~~~~~~~~~~~~~~~~~~~~~~~~~~~~~~~~~~~~~~~~~~~~~~~~~~~~~~~~~~
/Users/barriesanders/.gemini/antigravity/scratch/OpenEmu_Port/Gambatte/src/libgambatte/video/ppu.cpp:691:25: warning: implicit conversion loses integer precision: 'const unsigned long' to 'uint_least32_t' (aka 'unsigned int') [-Wshorten-64-to-32]
  691 |                                                                   d[7] = spPalette[spword >> 7 * tile_bpp];
      |                                                                        ~ ^~~~~~~~~~~~~~~~~~~~~~~~~~~~~~~~~
/Users/barriesanders/.gemini/antigravity/scratch/OpenEmu_Port/Gambatte/src/libgambatte/video/ppu.cpp:695:25: warning: implicit conversion loses integer precision: 'const unsigned long' to 'uint_least32_t' (aka 'unsigned int') [-Wshorten-64-to-32]
  695 |                                                                   d[6] = spPalette[spword >> 6 * tile_bpp & tile_bpp_mask];
      |                                                                        ~ ^~~~~~~~~~~~~~~~~~~~~~~~~~~~~~~~~~~~~~~~~~~~~~~~~
/Users/barriesanders/.gemini/antigravity/scratch/OpenEmu_Port/Gambatte/src/libgambatte/video/ppu.cpp:699:25: warning: implicit conversion loses integer precision: 'const unsigned long' to 'uint_least32_t' (aka 'unsigned int') [-Wshorten-64-to-32]
  699 |                                                                   d[5] = spPalette[spword >> 5 * tile_bpp & tile_bpp_mask];
      |                                                                        ~ ^~~~~~~~~~~~~~~~~~~~~~~~~~~~~~~~~~~~~~~~~~~~~~~~~
/Users/barriesanders/.gemini/antigravity/scratch/OpenEmu_Port/Gambatte/src/libgambatte/video/ppu.cpp:703:25: warning: implicit conversion loses integer precision: 'const unsigned long' to 'uint_least32_t' (aka 'unsigned int') [-Wshorten-64-to-32]
  703 |                                                                   d[4] = spPalette[spword >> 4 * tile_bpp & tile_bpp_mask];
      |                                                                        ~ ^~~~~~~~~~~~~~~~~~~~~~~~~~~~~~~~~~~~~~~~~~~~~~~~~
/Users/barriesanders/.gemini/antigravity/scratch/OpenEmu_Port/Gambatte/src/libgambatte/video/ppu.cpp:707:25: warning: implicit conversion loses integer precision: 'const unsigned long' to 'uint_least32_t' (aka 'unsigned int') [-Wshorten-64-to-32]
  707 |                                                                   d[3] = spPalette[spword >> 3 * tile_bpp & tile_bpp_mask];
      |                                                                        ~ ^~~~~~~~~~~~~~~~~~~~~~~~~~~~~~~~~~~~~~~~~~~~~~~~~
/Users/barriesanders/.gemini/antigravity/scratch/OpenEmu_Port/Gambatte/src/libgambatte/video/ppu.cpp:711:25: warning: implicit conversion loses integer precision: 'const unsigned long' to 'uint_least32_t' (aka 'unsigned int') [-Wshorten-64-to-32]
  711 |                                                                   d[2] = spPalette[spword >> 2 * tile_bpp & tile_bpp_mask];
      |                                                                        ~ ^~~~~~~~~~~~~~~~~~~~~~~~~~~~~~~~~~~~~~~~~~~~~~~~~
/Users/barriesanders/.gemini/antigravity/scratch/OpenEmu_Port/Gambatte/src/libgambatte/video/ppu.cpp:715:25: warning: implicit conversion loses integer precision: 'const unsigned long' to 'uint_least32_t' (aka 'unsigned int') [-Wshorten-64-to-32]
  715 |                                                                   d[1] = spPalette[spword >> 1 * tile_bpp & tile_bpp_mask];
      |                                                                        ~ ^~~~~~~~~~~~~~~~~~~~~~~~~~~~~~~~~~~~~~~~~~~~~~~~~
/Users/barriesanders/.gemini/antigravity/scratch/OpenEmu_Port/Gambatte/src/libgambatte/video/ppu.cpp:719:25: warning: implicit conversion loses integer precision: 'const unsigned long' to 'uint_least32_t' (aka 'unsigned int') [-Wshorten-64-to-32]
  719 |                                                                   d[0] = spPalette[spword & tile_bpp_mask];
      |                                                                        ~ ^~~~~~~~~~~~~~~~~~~~~~~~~~~~~~~~~
/Users/barriesanders/.gemini/antigravity/scratch/OpenEmu_Port/Gambatte/src/libgambatte/video/ppu.cpp:741:22: warning: implicit conversion loses integer precision: 'const unsigned long' to 'uint_least32_t' (aka 'unsigned int') [-Wshorten-64-to-32]
  740 |                                                                   dst[pos] = tw & tile_bpp_mask
      |                                                                            ~
  741 |                                                                            ? bgPalette[    tw & tile_bpp_mask]
      |                                                                              ^~~~~~~~~~~~~~~~~~~~~~~~~~~~~~~~~
/Users/barriesanders/.gemini/antigravity/scratch/OpenEmu_Port/Gambatte/src/libgambatte/video/ppu.cpp:742:22: warning: implicit conversion loses integer precision: 'const unsigned long' to 'uint_least32_t' (aka 'unsigned int') [-Wshorten-64-to-32]
  740 |                                                                   dst[pos] = tw & tile_bpp_mask
      |                                                                            ~
  741 |                                                                            ? bgPalette[    tw & tile_bpp_mask]
  742 |                                                                            : spPalette[spword & tile_bpp_mask];
      |                                                                              ^~~~~~~~~~~~~~~~~~~~~~~~~~~~~~~~~
/Users/barriesanders/.gemini/antigravity/scratch/OpenEmu_Port/Gambatte/src/libgambatte/video/ppu.cpp:888:29: warning: implicit conversion loses integer precision: 'unsigned long' to 'uint_least32_t' (aka 'unsigned int') [-Wshorten-64-to-32]
  888 |                 fbline[xpos - tile_len] = pixel;
      |                                         ~ ^~~~~
/Users/barriesanders/.gemini/antigravity/scratch/OpenEmu_Port/Gambatte/src/libgambatte/video/ppu.cpp:1247:50: warning: implicit conversion loses integer precision: 'unsigned long' to 'const unsigned int' [-Wshorten-64-to-32]
 1247 |         unsigned const cycles = (nextM2Time(p) - p.now) >> p.lyCounter.isDoubleSpeed();
      |                        ~~~~~~   ~~~~~~~~~~~~~~~~~~~~~~~~^~~~~~~~~~~~~~~~~~~~~~~~~~~~~~
/Users/barriesanders/.gemini/antigravity/scratch/OpenEmu_Port/Gambatte/src/libgambatte/video/ppu.cpp:1644:37: warning: implicit conversion loses integer precision: 'unsigned long' to 'const int' [-Wshorten-64-to-32]
 1644 |                 int const ly = ss.ppu.videoCycles / lcd_cycles_per_line;
      |                           ~~   ~~~~~~~~~~~~~~~~~~~^~~~~~~~~~~~~~~~~~~~~
/Users/barriesanders/.gemini/antigravity/scratch/OpenEmu_Port/Gambatte/src/libgambatte/video/ppu.cpp:1782:60: warning: implicit conversion loses integer precision: 'long' to 'unsigned int' [-Wshorten-64-to-32]
 1782 |             + (p_.nextCallPtr->predictCyclesUntilXpos_f(p_, xpos, -p_.cycles) << p_.lyCounter.isDoubleSpeed());
      |                ~~                                                 ^~~~~~~~~~
65 warnings generated.

CompileC /Users/barriesanders/Library/Developer/Xcode/DerivedData/Gambatte-becswlhcwqssobflxvaxsqpzjhmw/Build/Intermediates.noindex/Gambatte.build/Debug/Gambatte.build/Objects-normal/arm64/resamplerinfo.o /Users/barriesanders/.gemini/antigravity/scratch/OpenEmu_Port/Gambatte/src/resample/resamplerinfo.cpp normal arm64 c++ com.apple.compilers.llvm.clang.1_0.compiler (in target 'Gambatte' from project 'Gambatte')
    cd /Users/barriesanders/.gemini/antigravity/scratch/OpenEmu_Port/Gambatte
    
    Using response file: /Users/barriesanders/Library/Developer/Xcode/DerivedData/Gambatte-becswlhcwqssobflxvaxsqpzjhmw/Build/Intermediates.noindex/Gambatte.build/Debug/Gambatte.build/Objects-normal/arm64/82b82416624d2658e5098eb0a28c15c5-common-args.resp
    
    /Applications/Xcode.app/Contents/Developer/Toolchains/XcodeDefault.xctoolchain/usr/bin/clang -x c++ -ivfsstatcache /Users/barriesanders/Library/Developer/Xcode/DerivedData/SDKStatCaches.noindex/macosx26.2-25C57-3885c01c3e6b6a337905948deab2002e00fa09913b459cbbc988d1f6730289ae.sdkstatcache -fmessage-length\=0 -fdiagnostics-show-note-include-stack -fmacro-backtrace-limit\=0 -fno-color-diagnostics -fmodules-prune-interval\=86400 -fmodules-prune-after\=345600 -fbuild-session-file\=/Users/barriesanders/Library/Developer/Xcode/DerivedData/ModuleCache.noindex/Session.modulevalidation -fmodules-validate-once-per-build-session -Wnon-modular-include-in-framework-module -Werror\=non-modular-include-in-framework-module -Wno-trigraphs -Wno-missing-field-initializers -Wno-missing-prototypes -Wunreachable-code -Wno-non-virtual-dtor -Wno-overloaded-virtual -Wno-exit-time-destructors -Wno-missing-braces -Wparentheses -Wswitch -Wunused-function -Wno-unused-label -Wno-unused-parameter -Wunused-variable -Wunused-value -Wempty-body -Wuninitialized -Wno-unknown-pragmas -Wno-shadow -Wno-four-char-constants -Wno-conversion -Wconstant-conversion -Wint-conversion -Wbool-conversion -Wenum-conversion -Wno-float-conversion -Wnon-literal-null-conversion -Wobjc-literal-conversion -Wshorten-64-to-32 -Wno-newline-eof -Wno-c++11-extensions -Wno-implicit-fallthrough -fstrict-aliasing -Wdeprecated-declarations -Winvalid-offsetof -Wno-sign-conversion -Winfinite-recursion -Wmove -Wcomma -Wblock-capture-autoreleasing -Wstrict-prototypes -Wrange-loop-analysis -Wno-semicolon-before-method-body -index-store-path /Users/barriesanders/Library/Developer/Xcode/DerivedData/Gambatte-becswlhcwqssobflxvaxsqpzjhmw/Index.noindex/DataStore @/Users/barriesanders/Library/Developer/Xcode/DerivedData/Gambatte-becswlhcwqssobflxvaxsqpzjhmw/Build/Intermediates.noindex/Gambatte.build/Debug/Gambatte.build/Objects-normal/arm64/82b82416624d2658e5098eb0a28c15c5-common-args.resp -MMD -MT dependencies -MF /Users/barriesanders/Library/Developer/Xcode/DerivedData/Gambatte-becswlhcwqssobflxvaxsqpzjhmw/Build/Intermediates.noindex/Gambatte.build/Debug/Gambatte.build/Objects-normal/arm64/resamplerinfo.d --serialize-diagnostics /Users/barriesanders/Library/Developer/Xcode/DerivedData/Gambatte-becswlhcwqssobflxvaxsqpzjhmw/Build/Intermediates.noindex/Gambatte.build/Debug/Gambatte.build/Objects-normal/arm64/resamplerinfo.dia -c /Users/barriesanders/.gemini/antigravity/scratch/OpenEmu_Port/Gambatte/src/resample/resamplerinfo.cpp -o /Users/barriesanders/Library/Developer/Xcode/DerivedData/Gambatte-becswlhcwqssobflxvaxsqpzjhmw/Build/Intermediates.noindex/Gambatte.build/Debug/Gambatte.build/Objects-normal/arm64/resamplerinfo.o -index-unit-output-path /Gambatte.build/Debug/Gambatte.build/Objects-normal/arm64/resamplerinfo.o
In file included from /Users/barriesanders/.gemini/antigravity/scratch/OpenEmu_Port/Gambatte/src/resample/resamplerinfo.cpp:25:
In file included from /Users/barriesanders/.gemini/antigravity/scratch/OpenEmu_Port/Gambatte/src/resample/rectsinc.h:23:
/Users/barriesanders/.gemini/antigravity/scratch/OpenEmu_Port/Gambatte/src/resample/cic2.h:125:47: warning: implicit conversion loses integer precision: 'long' to 'unsigned int' [-Wshorten-64-to-32]
  125 |                 unsigned divn = (in + inlen * channels - s) / channels;
      |                          ~~~~   ~~~~~~~~~~~~~~~~~~~~~~~~~~~~^~~~~~~~~~
/Users/barriesanders/.gemini/antigravity/scratch/OpenEmu_Port/Gambatte/src/resample/cic2.h:165:25: note: in instantiation of member function 'Cic2Core<2>::filter' requested here
  165 |                 samplesOut = cics_[i].filter(out + i, in + i, inlen);
      |                                       ^
/Users/barriesanders/.gemini/antigravity/scratch/OpenEmu_Port/Gambatte/src/resample/cic2.h:156:17: note: in instantiation of member function 'Cic2<2>::resample' requested here
  156 | Cic2<channels>::Cic2(unsigned div) {
      |                 ^
In file included from /Users/barriesanders/.gemini/antigravity/scratch/OpenEmu_Port/Gambatte/src/resample/resamplerinfo.cpp:20:
/Users/barriesanders/.gemini/antigravity/scratch/OpenEmu_Port/Gambatte/src/resample/chainresampler.h:96:23: note: in instantiation of member function 'Cic2<2>::Cic2' requested here
   96 |                 list_.push_back(new typename BigSinc::Cic(div));
      |                                     ^
/Users/barriesanders/.gemini/antigravity/scratch/OpenEmu_Port/Gambatte/src/resample/chainresampler.h:80:6: note: in instantiation of function template specialization 'ChainResampler::downinit<RectSinc>' requested here
   80 |                 r->downinit<Sinc>(inRate, outRate);
      |                    ^
/Users/barriesanders/.gemini/antigravity/scratch/OpenEmu_Port/Gambatte/src/resample/resamplerinfo.cpp:34:52: note: in instantiation of function template specialization 'ChainResampler::create<RectSinc>' requested here
   34 |         { "High quality (polyphase FIR)", ChainResampler::create<RectSinc> },
      |                                                           ^
In file included from /Users/barriesanders/.gemini/antigravity/scratch/OpenEmu_Port/Gambatte/src/resample/resamplerinfo.cpp:21:
In file included from /Users/barriesanders/.gemini/antigravity/scratch/OpenEmu_Port/Gambatte/src/resample/kaiser50sinc.h:23:
/Users/barriesanders/.gemini/antigravity/scratch/OpenEmu_Port/Gambatte/src/resample/cic3.h:92:47: warning: implicit conversion loses integer precision: 'long' to 'unsigned int' [-Wshorten-64-to-32]
   92 |                 unsigned divn = (in + inlen * channels - s) / channels;
      |                          ~~~~   ~~~~~~~~~~~~~~~~~~~~~~~~~~~~^~~~~~~~~~
/Users/barriesanders/.gemini/antigravity/scratch/OpenEmu_Port/Gambatte/src/resample/cic3.h:134:25: note: in instantiation of member function 'Cic3Core<2>::filter' requested here
  134 |                 samplesOut = cics_[i].filter(out + i, in + i, inlen);
      |                                       ^
/Users/barriesanders/.gemini/antigravity/scratch/OpenEmu_Port/Gambatte/src/resample/cic3.h:125:17: note: in instantiation of member function 'Cic3<2>::resample' requested here
  125 | Cic3<channels>::Cic3(unsigned div) {
      |                 ^
In file included from /Users/barriesanders/.gemini/antigravity/scratch/OpenEmu_Port/Gambatte/src/resample/resamplerinfo.cpp:20:
/Users/barriesanders/.gemini/antigravity/scratch/OpenEmu_Port/Gambatte/src/resample/chainresampler.h:96:23: note: in instantiation of member function 'Cic3<2>::Cic3' requested here
   96 |                 list_.push_back(new typename BigSinc::Cic(div));
      |                                     ^
/Users/barriesanders/.gemini/antigravity/scratch/OpenEmu_Port/Gambatte/src/resample/chainresampler.h:80:6: note: in instantiation of function template specialization 'ChainResampler::downinit<Kaiser50Sinc>' requested here
   80 |                 r->downinit<Sinc>(inRate, outRate);
      |                    ^
/Users/barriesanders/.gemini/antigravity/scratch/OpenEmu_Port/Gambatte/src/resample/resamplerinfo.cpp:37:57: note: in instantiation of function template specialization 'ChainResampler::create<Kaiser50Sinc>' requested here
   37 |         { "Very high quality (polyphase FIR)", ChainResampler::create<Kaiser50Sinc> },
      |                                                                ^
In file included from /Users/barriesanders/.gemini/antigravity/scratch/OpenEmu_Port/Gambatte/src/resample/resamplerinfo.cpp:22:
In file included from /Users/barriesanders/.gemini/antigravity/scratch/OpenEmu_Port/Gambatte/src/resample/kaiser70sinc.h:23:
/Users/barriesanders/.gemini/antigravity/scratch/OpenEmu_Port/Gambatte/src/resample/cic4.h:79:48: warning: implicit conversion loses integer precision: 'std::size_t' (aka 'unsigned long') to 'const unsigned int' [-Wshorten-64-to-32]
   79 |                 unsigned const end = inlen < buf_len ? inlen & ~3 : buf_len & ~3;
      |                                ~~~                     ~~~~~~^~~~
/Users/barriesanders/.gemini/antigravity/scratch/OpenEmu_Port/Gambatte/src/resample/cic4.h:189:25: note: in instantiation of member function 'Cic4Core<2>::filter' requested here
  189 |                 samplesOut = cics_[i].filter(out + i, in + i, inlen);
      |                                       ^
/Users/barriesanders/.gemini/antigravity/scratch/OpenEmu_Port/Gambatte/src/resample/cic4.h:180:17: note: in instantiation of member function 'Cic4<2>::resample' requested here
  180 | Cic4<channels>::Cic4(unsigned div) {
      |                 ^
In file included from /Users/barriesanders/.gemini/antigravity/scratch/OpenEmu_Port/Gambatte/src/resample/resamplerinfo.cpp:20:
/Users/barriesanders/.gemini/antigravity/scratch/OpenEmu_Port/Gambatte/src/resample/chainresampler.h:96:23: note: in instantiation of member function 'Cic4<2>::Cic4' requested here
   96 |                 list_.push_back(new typename BigSinc::Cic(div));
      |                                     ^
/Users/barriesanders/.gemini/antigravity/scratch/OpenEmu_Port/Gambatte/src/resample/chainresampler.h:80:6: note: in instantiation of function template specialization 'ChainResampler::downinit<Kaiser70Sinc>' requested here
   80 |                 r->downinit<Sinc>(inRate, outRate);
      |                    ^
/Users/barriesanders/.gemini/antigravity/scratch/OpenEmu_Port/Gambatte/src/resample/resamplerinfo.cpp:38:55: note: in instantiation of function template specialization 'ChainResampler::create<Kaiser70Sinc>' requested here
   38 |         { "Highest quality (polyphase FIR)", ChainResampler::create<Kaiser70Sinc> },
      |                                                              ^
In file included from /Users/barriesanders/.gemini/antigravity/scratch/OpenEmu_Port/Gambatte/src/resample/resamplerinfo.cpp:22:
In file included from /Users/barriesanders/.gemini/antigravity/scratch/OpenEmu_Port/Gambatte/src/resample/kaiser70sinc.h:23:
/Users/barriesanders/.gemini/antigravity/scratch/OpenEmu_Port/Gambatte/src/resample/cic4.h:124:16: warning: implicit conversion loses integer precision: 'std::size_t' (aka 'unsigned long') to 'unsigned int' [-Wshorten-64-to-32]
  124 |                 unsigned n = inlen;
      |                          ~   ^~~~~
4 warnings generated.

CompileC /Users/barriesanders/Library/Developer/Xcode/DerivedData/Gambatte-becswlhcwqssobflxvaxsqpzjhmw/Build/Intermediates.noindex/Gambatte.build/Debug/Gambatte.build/Objects-normal/arm64/rtc.o /Users/barriesanders/.gemini/antigravity/scratch/OpenEmu_Port/Gambatte/src/libgambatte/mem/rtc.cpp normal arm64 c++ com.apple.compilers.llvm.clang.1_0.compiler (in target 'Gambatte' from project 'Gambatte')
    cd /Users/barriesanders/.gemini/antigravity/scratch/OpenEmu_Port/Gambatte
    
    Using response file: /Users/barriesanders/Library/Developer/Xcode/DerivedData/Gambatte-becswlhcwqssobflxvaxsqpzjhmw/Build/Intermediates.noindex/Gambatte.build/Debug/Gambatte.build/Objects-normal/arm64/82b82416624d2658e5098eb0a28c15c5-common-args.resp
    
    /Applications/Xcode.app/Contents/Developer/Toolchains/XcodeDefault.xctoolchain/usr/bin/clang -x c++ -ivfsstatcache /Users/barriesanders/Library/Developer/Xcode/DerivedData/SDKStatCaches.noindex/macosx26.2-25C57-3885c01c3e6b6a337905948deab2002e00fa09913b459cbbc988d1f6730289ae.sdkstatcache -fmessage-length\=0 -fdiagnostics-show-note-include-stack -fmacro-backtrace-limit\=0 -fno-color-diagnostics -fmodules-prune-interval\=86400 -fmodules-prune-after\=345600 -fbuild-session-file\=/Users/barriesanders/Library/Developer/Xcode/DerivedData/ModuleCache.noindex/Session.modulevalidation -fmodules-validate-once-per-build-session -Wnon-modular-include-in-framework-module -Werror\=non-modular-include-in-framework-module -Wno-trigraphs -Wno-missing-field-initializers -Wno-missing-prototypes -Wunreachable-code -Wno-non-virtual-dtor -Wno-overloaded-virtual -Wno-exit-time-destructors -Wno-missing-braces -Wparentheses -Wswitch -Wunused-function -Wno-unused-label -Wno-unused-parameter -Wunused-variable -Wunused-value -Wempty-body -Wuninitialized -Wno-unknown-pragmas -Wno-shadow -Wno-four-char-constants -Wno-conversion -Wconstant-conversion -Wint-conversion -Wbool-conversion -Wenum-conversion -Wno-float-conversion -Wnon-literal-null-conversion -Wobjc-literal-conversion -Wshorten-64-to-32 -Wno-newline-eof -Wno-c++11-extensions -Wno-implicit-fallthrough -fstrict-aliasing -Wdeprecated-declarations -Winvalid-offsetof -Wno-sign-conversion -Winfinite-recursion -Wmove -Wcomma -Wblock-capture-autoreleasing -Wstrict-prototypes -Wrange-loop-analysis -Wno-semicolon-before-method-body -index-store-path /Users/barriesanders/Library/Developer/Xcode/DerivedData/Gambatte-becswlhcwqssobflxvaxsqpzjhmw/Index.noindex/DataStore @/Users/barriesanders/Library/Developer/Xcode/DerivedData/Gambatte-becswlhcwqssobflxvaxsqpzjhmw/Build/Intermediates.noindex/Gambatte.build/Debug/Gambatte.build/Objects-normal/arm64/82b82416624d2658e5098eb0a28c15c5-common-args.resp -MMD -MT dependencies -MF /Users/barriesanders/Library/Developer/Xcode/DerivedData/Gambatte-becswlhcwqssobflxvaxsqpzjhmw/Build/Intermediates.noindex/Gambatte.build/Debug/Gambatte.build/Objects-normal/arm64/rtc.d --serialize-diagnostics /Users/barriesanders/Library/Developer/Xcode/DerivedData/Gambatte-becswlhcwqssobflxvaxsqpzjhmw/Build/Intermediates.noindex/Gambatte.build/Debug/Gambatte.build/Objects-normal/arm64/rtc.dia -c /Users/barriesanders/.gemini/antigravity/scratch/OpenEmu_Port/Gambatte/src/libgambatte/mem/rtc.cpp -o /Users/barriesanders/Library/Developer/Xcode/DerivedData/Gambatte-becswlhcwqssobflxvaxsqpzjhmw/Build/Intermediates.noindex/Gambatte.build/Debug/Gambatte.build/Objects-normal/arm64/rtc.o -index-unit-output-path /Gambatte.build/Debug/Gambatte.build/Objects-normal/arm64/rtc.o

CompileC /Users/barriesanders/Library/Developer/Xcode/DerivedData/Gambatte-becswlhcwqssobflxvaxsqpzjhmw/Build/Intermediates.noindex/Gambatte.build/Debug/Gambatte.build/Objects-normal/arm64/pakinfo.o /Users/barriesanders/.gemini/antigravity/scratch/OpenEmu_Port/Gambatte/src/libgambatte/mem/pakinfo.cpp normal arm64 c++ com.apple.compilers.llvm.clang.1_0.compiler (in target 'Gambatte' from project 'Gambatte')
    cd /Users/barriesanders/.gemini/antigravity/scratch/OpenEmu_Port/Gambatte
    
    Using response file: /Users/barriesanders/Library/Developer/Xcode/DerivedData/Gambatte-becswlhcwqssobflxvaxsqpzjhmw/Build/Intermediates.noindex/Gambatte.build/Debug/Gambatte.build/Objects-normal/arm64/82b82416624d2658e5098eb0a28c15c5-common-args.resp
    
    /Applications/Xcode.app/Contents/Developer/Toolchains/XcodeDefault.xctoolchain/usr/bin/clang -x c++ -ivfsstatcache /Users/barriesanders/Library/Developer/Xcode/DerivedData/SDKStatCaches.noindex/macosx26.2-25C57-3885c01c3e6b6a337905948deab2002e00fa09913b459cbbc988d1f6730289ae.sdkstatcache -fmessage-length\=0 -fdiagnostics-show-note-include-stack -fmacro-backtrace-limit\=0 -fno-color-diagnostics -fmodules-prune-interval\=86400 -fmodules-prune-after\=345600 -fbuild-session-file\=/Users/barriesanders/Library/Developer/Xcode/DerivedData/ModuleCache.noindex/Session.modulevalidation -fmodules-validate-once-per-build-session -Wnon-modular-include-in-framework-module -Werror\=non-modular-include-in-framework-module -Wno-trigraphs -Wno-missing-field-initializers -Wno-missing-prototypes -Wunreachable-code -Wno-non-virtual-dtor -Wno-overloaded-virtual -Wno-exit-time-destructors -Wno-missing-braces -Wparentheses -Wswitch -Wunused-function -Wno-unused-label -Wno-unused-parameter -Wunused-variable -Wunused-value -Wempty-body -Wuninitialized -Wno-unknown-pragmas -Wno-shadow -Wno-four-char-constants -Wno-conversion -Wconstant-conversion -Wint-conversion -Wbool-conversion -Wenum-conversion -Wno-float-conversion -Wnon-literal-null-conversion -Wobjc-literal-conversion -Wshorten-64-to-32 -Wno-newline-eof -Wno-c++11-extensions -Wno-implicit-fallthrough -fstrict-aliasing -Wdeprecated-declarations -Winvalid-offsetof -Wno-sign-conversion -Winfinite-recursion -Wmove -Wcomma -Wblock-capture-autoreleasing -Wstrict-prototypes -Wrange-loop-analysis -Wno-semicolon-before-method-body -index-store-path /Users/barriesanders/Library/Developer/Xcode/DerivedData/Gambatte-becswlhcwqssobflxvaxsqpzjhmw/Index.noindex/DataStore @/Users/barriesanders/Library/Developer/Xcode/DerivedData/Gambatte-becswlhcwqssobflxvaxsqpzjhmw/Build/Intermediates.noindex/Gambatte.build/Debug/Gambatte.build/Objects-normal/arm64/82b82416624d2658e5098eb0a28c15c5-common-args.resp -MMD -MT dependencies -MF /Users/barriesanders/Library/Developer/Xcode/DerivedData/Gambatte-becswlhcwqssobflxvaxsqpzjhmw/Build/Intermediates.noindex/Gambatte.build/Debug/Gambatte.build/Objects-normal/arm64/pakinfo.d --serialize-diagnostics /Users/barriesanders/Library/Developer/Xcode/DerivedData/Gambatte-becswlhcwqssobflxvaxsqpzjhmw/Build/Intermediates.noindex/Gambatte.build/Debug/Gambatte.build/Objects-normal/arm64/pakinfo.dia -c /Users/barriesanders/.gemini/antigravity/scratch/OpenEmu_Port/Gambatte/src/libgambatte/mem/pakinfo.cpp -o /Users/barriesanders/Library/Developer/Xcode/DerivedData/Gambatte-becswlhcwqssobflxvaxsqpzjhmw/Build/Intermediates.noindex/Gambatte.build/Debug/Gambatte.build/Objects-normal/arm64/pakinfo.o -index-unit-output-path /Gambatte.build/Debug/Gambatte.build/Objects-normal/arm64/pakinfo.o

CompileC /Users/barriesanders/Library/Developer/Xcode/DerivedData/Gambatte-becswlhcwqssobflxvaxsqpzjhmw/Build/Intermediates.noindex/Gambatte.build/Debug/Gambatte.build/Objects-normal/arm64/next_m0_time.o /Users/barriesanders/.gemini/antigravity/scratch/OpenEmu_Port/Gambatte/src/libgambatte/video/next_m0_time.cpp normal arm64 c++ com.apple.compilers.llvm.clang.1_0.compiler (in target 'Gambatte' from project 'Gambatte')
    cd /Users/barriesanders/.gemini/antigravity/scratch/OpenEmu_Port/Gambatte
    
    Using response file: /Users/barriesanders/Library/Developer/Xcode/DerivedData/Gambatte-becswlhcwqssobflxvaxsqpzjhmw/Build/Intermediates.noindex/Gambatte.build/Debug/Gambatte.build/Objects-normal/arm64/82b82416624d2658e5098eb0a28c15c5-common-args.resp
    
    /Applications/Xcode.app/Contents/Developer/Toolchains/XcodeDefault.xctoolchain/usr/bin/clang -x c++ -ivfsstatcache /Users/barriesanders/Library/Developer/Xcode/DerivedData/SDKStatCaches.noindex/macosx26.2-25C57-3885c01c3e6b6a337905948deab2002e00fa09913b459cbbc988d1f6730289ae.sdkstatcache -fmessage-length\=0 -fdiagnostics-show-note-include-stack -fmacro-backtrace-limit\=0 -fno-color-diagnostics -fmodules-prune-interval\=86400 -fmodules-prune-after\=345600 -fbuild-session-file\=/Users/barriesanders/Library/Developer/Xcode/DerivedData/ModuleCache.noindex/Session.modulevalidation -fmodules-validate-once-per-build-session -Wnon-modular-include-in-framework-module -Werror\=non-modular-include-in-framework-module -Wno-trigraphs -Wno-missing-field-initializers -Wno-missing-prototypes -Wunreachable-code -Wno-non-virtual-dtor -Wno-overloaded-virtual -Wno-exit-time-destructors -Wno-missing-braces -Wparentheses -Wswitch -Wunused-function -Wno-unused-label -Wno-unused-parameter -Wunused-variable -Wunused-value -Wempty-body -Wuninitialized -Wno-unknown-pragmas -Wno-shadow -Wno-four-char-constants -Wno-conversion -Wconstant-conversion -Wint-conversion -Wbool-conversion -Wenum-conversion -Wno-float-conversion -Wnon-literal-null-conversion -Wobjc-literal-conversion -Wshorten-64-to-32 -Wno-newline-eof -Wno-c++11-extensions -Wno-implicit-fallthrough -fstrict-aliasing -Wdeprecated-declarations -Winvalid-offsetof -Wno-sign-conversion -Winfinite-recursion -Wmove -Wcomma -Wblock-capture-autoreleasing -Wstrict-prototypes -Wrange-loop-analysis -Wno-semicolon-before-method-body -index-store-path /Users/barriesanders/Library/Developer/Xcode/DerivedData/Gambatte-becswlhcwqssobflxvaxsqpzjhmw/Index.noindex/DataStore @/Users/barriesanders/Library/Developer/Xcode/DerivedData/Gambatte-becswlhcwqssobflxvaxsqpzjhmw/Build/Intermediates.noindex/Gambatte.build/Debug/Gambatte.build/Objects-normal/arm64/82b82416624d2658e5098eb0a28c15c5-common-args.resp -MMD -MT dependencies -MF /Users/barriesanders/Library/Developer/Xcode/DerivedData/Gambatte-becswlhcwqssobflxvaxsqpzjhmw/Build/Intermediates.noindex/Gambatte.build/Debug/Gambatte.build/Objects-normal/arm64/next_m0_time.d --serialize-diagnostics /Users/barriesanders/Library/Developer/Xcode/DerivedData/Gambatte-becswlhcwqssobflxvaxsqpzjhmw/Build/Intermediates.noindex/Gambatte.build/Debug/Gambatte.build/Objects-normal/arm64/next_m0_time.dia -c /Users/barriesanders/.gemini/antigravity/scratch/OpenEmu_Port/Gambatte/src/libgambatte/video/next_m0_time.cpp -o /Users/barriesanders/Library/Developer/Xcode/DerivedData/Gambatte-becswlhcwqssobflxvaxsqpzjhmw/Build/Intermediates.noindex/Gambatte.build/Debug/Gambatte.build/Objects-normal/arm64/next_m0_time.o -index-unit-output-path /Gambatte.build/Debug/Gambatte.build/Objects-normal/arm64/next_m0_time.o
In file included from /Users/barriesanders/.gemini/antigravity/scratch/OpenEmu_Port/Gambatte/src/libgambatte/video/next_m0_time.cpp:2:
In file included from /Users/barriesanders/.gemini/antigravity/scratch/OpenEmu_Port/Gambatte/src/libgambatte/video/ppu.h:23:
/Users/barriesanders/.gemini/antigravity/scratch/OpenEmu_Port/Gambatte/src/libgambatte/video/ly_counter.h:39:30: warning: implicit conversion loses integer precision: 'unsigned long' to 'unsigned int' [-Wshorten-64-to-32]
   39 |                 return lcd_cycles_per_line - ((time_ - cc) >> isDoubleSpeed());
      |                 ~~~~~~ ~~~~~~~~~~~~~~~~~~~~^~~~~~~~~~~~~~~~~~~~~~~~~~~~~~~~~~~
1 warning generated.

CompileC /Users/barriesanders/Library/Developer/Xcode/DerivedData/Gambatte-becswlhcwqssobflxvaxsqpzjhmw/Build/Intermediates.noindex/Gambatte.build/Debug/Gambatte.build/Objects-normal/arm64/memptrs.o /Users/barriesanders/.gemini/antigravity/scratch/OpenEmu_Port/Gambatte/src/libgambatte/mem/memptrs.cpp normal arm64 c++ com.apple.compilers.llvm.clang.1_0.compiler (in target 'Gambatte' from project 'Gambatte')
    cd /Users/barriesanders/.gemini/antigravity/scratch/OpenEmu_Port/Gambatte
    
    Using response file: /Users/barriesanders/Library/Developer/Xcode/DerivedData/Gambatte-becswlhcwqssobflxvaxsqpzjhmw/Build/Intermediates.noindex/Gambatte.build/Debug/Gambatte.build/Objects-normal/arm64/82b82416624d2658e5098eb0a28c15c5-common-args.resp
    
    /Applications/Xcode.app/Contents/Developer/Toolchains/XcodeDefault.xctoolchain/usr/bin/clang -x c++ -ivfsstatcache /Users/barriesanders/Library/Developer/Xcode/DerivedData/SDKStatCaches.noindex/macosx26.2-25C57-3885c01c3e6b6a337905948deab2002e00fa09913b459cbbc988d1f6730289ae.sdkstatcache -fmessage-length\=0 -fdiagnostics-show-note-include-stack -fmacro-backtrace-limit\=0 -fno-color-diagnostics -fmodules-prune-interval\=86400 -fmodules-prune-after\=345600 -fbuild-session-file\=/Users/barriesanders/Library/Developer/Xcode/DerivedData/ModuleCache.noindex/Session.modulevalidation -fmodules-validate-once-per-build-session -Wnon-modular-include-in-framework-module -Werror\=non-modular-include-in-framework-module -Wno-trigraphs -Wno-missing-field-initializers -Wno-missing-prototypes -Wunreachable-code -Wno-non-virtual-dtor -Wno-overloaded-virtual -Wno-exit-time-destructors -Wno-missing-braces -Wparentheses -Wswitch -Wunused-function -Wno-unused-label -Wno-unused-parameter -Wunused-variable -Wunused-value -Wempty-body -Wuninitialized -Wno-unknown-pragmas -Wno-shadow -Wno-four-char-constants -Wno-conversion -Wconstant-conversion -Wint-conversion -Wbool-conversion -Wenum-conversion -Wno-float-conversion -Wnon-literal-null-conversion -Wobjc-literal-conversion -Wshorten-64-to-32 -Wno-newline-eof -Wno-c++11-extensions -Wno-implicit-fallthrough -fstrict-aliasing -Wdeprecated-declarations -Winvalid-offsetof -Wno-sign-conversion -Winfinite-recursion -Wmove -Wcomma -Wblock-capture-autoreleasing -Wstrict-prototypes -Wrange-loop-analysis -Wno-semicolon-before-method-body -index-store-path /Users/barriesanders/Library/Developer/Xcode/DerivedData/Gambatte-becswlhcwqssobflxvaxsqpzjhmw/Index.noindex/DataStore @/Users/barriesanders/Library/Developer/Xcode/DerivedData/Gambatte-becswlhcwqssobflxvaxsqpzjhmw/Build/Intermediates.noindex/Gambatte.build/Debug/Gambatte.build/Objects-normal/arm64/82b82416624d2658e5098eb0a28c15c5-common-args.resp -MMD -MT dependencies -MF /Users/barriesanders/Library/Developer/Xcode/DerivedData/Gambatte-becswlhcwqssobflxvaxsqpzjhmw/Build/Intermediates.noindex/Gambatte.build/Debug/Gambatte.build/Objects-normal/arm64/memptrs.d --serialize-diagnostics /Users/barriesanders/Library/Developer/Xcode/DerivedData/Gambatte-becswlhcwqssobflxvaxsqpzjhmw/Build/Intermediates.noindex/Gambatte.build/Debug/Gambatte.build/Objects-normal/arm64/memptrs.dia -c /Users/barriesanders/.gemini/antigravity/scratch/OpenEmu_Port/Gambatte/src/libgambatte/mem/memptrs.cpp -o /Users/barriesanders/Library/Developer/Xcode/DerivedData/Gambatte-becswlhcwqssobflxvaxsqpzjhmw/Build/Intermediates.noindex/Gambatte.build/Debug/Gambatte.build/Objects-normal/arm64/memptrs.o -index-unit-output-path /Gambatte.build/Debug/Gambatte.build/Objects-normal/arm64/memptrs.o

CompileC /Users/barriesanders/Library/Developer/Xcode/DerivedData/Gambatte-becswlhcwqssobflxvaxsqpzjhmw/Build/Intermediates.noindex/Gambatte.build/Debug/Gambatte.build/Objects-normal/arm64/memory.o /Users/barriesanders/.gemini/antigravity/scratch/OpenEmu_Port/Gambatte/src/libgambatte/memory.cpp normal arm64 c++ com.apple.compilers.llvm.clang.1_0.compiler (in target 'Gambatte' from project 'Gambatte')
    cd /Users/barriesanders/.gemini/antigravity/scratch/OpenEmu_Port/Gambatte
    
    Using response file: /Users/barriesanders/Library/Developer/Xcode/DerivedData/Gambatte-becswlhcwqssobflxvaxsqpzjhmw/Build/Intermediates.noindex/Gambatte.build/Debug/Gambatte.build/Objects-normal/arm64/82b82416624d2658e5098eb0a28c15c5-common-args.resp
    
    /Applications/Xcode.app/Contents/Developer/Toolchains/XcodeDefault.xctoolchain/usr/bin/clang -x c++ -ivfsstatcache /Users/barriesanders/Library/Developer/Xcode/DerivedData/SDKStatCaches.noindex/macosx26.2-25C57-3885c01c3e6b6a337905948deab2002e00fa09913b459cbbc988d1f6730289ae.sdkstatcache -fmessage-length\=0 -fdiagnostics-show-note-include-stack -fmacro-backtrace-limit\=0 -fno-color-diagnostics -fmodules-prune-interval\=86400 -fmodules-prune-after\=345600 -fbuild-session-file\=/Users/barriesanders/Library/Developer/Xcode/DerivedData/ModuleCache.noindex/Session.modulevalidation -fmodules-validate-once-per-build-session -Wnon-modular-include-in-framework-module -Werror\=non-modular-include-in-framework-module -Wno-trigraphs -Wno-missing-field-initializers -Wno-missing-prototypes -Wunreachable-code -Wno-non-virtual-dtor -Wno-overloaded-virtual -Wno-exit-time-destructors -Wno-missing-braces -Wparentheses -Wswitch -Wunused-function -Wno-unused-label -Wno-unused-parameter -Wunused-variable -Wunused-value -Wempty-body -Wuninitialized -Wno-unknown-pragmas -Wno-shadow -Wno-four-char-constants -Wno-conversion -Wconstant-conversion -Wint-conversion -Wbool-conversion -Wenum-conversion -Wno-float-conversion -Wnon-literal-null-conversion -Wobjc-literal-conversion -Wshorten-64-to-32 -Wno-newline-eof -Wno-c++11-extensions -Wno-implicit-fallthrough -fstrict-aliasing -Wdeprecated-declarations -Winvalid-offsetof -Wno-sign-conversion -Winfinite-recursion -Wmove -Wcomma -Wblock-capture-autoreleasing -Wstrict-prototypes -Wrange-loop-analysis -Wno-semicolon-before-method-body -index-store-path /Users/barriesanders/Library/Developer/Xcode/DerivedData/Gambatte-becswlhcwqssobflxvaxsqpzjhmw/Index.noindex/DataStore @/Users/barriesanders/Library/Developer/Xcode/DerivedData/Gambatte-becswlhcwqssobflxvaxsqpzjhmw/Build/Intermediates.noindex/Gambatte.build/Debug/Gambatte.build/Objects-normal/arm64/82b82416624d2658e5098eb0a28c15c5-common-args.resp -MMD -MT dependencies -MF /Users/barriesanders/Library/Developer/Xcode/DerivedData/Gambatte-becswlhcwqssobflxvaxsqpzjhmw/Build/Intermediates.noindex/Gambatte.build/Debug/Gambatte.build/Objects-normal/arm64/memory.d --serialize-diagnostics /Users/barriesanders/Library/Developer/Xcode/DerivedData/Gambatte-becswlhcwqssobflxvaxsqpzjhmw/Build/Intermediates.noindex/Gambatte.build/Debug/Gambatte.build/Objects-normal/arm64/memory.dia -c /Users/barriesanders/.gemini/antigravity/scratch/OpenEmu_Port/Gambatte/src/libgambatte/memory.cpp -o /Users/barriesanders/Library/Developer/Xcode/DerivedData/Gambatte-becswlhcwqssobflxvaxsqpzjhmw/Build/Intermediates.noindex/Gambatte.build/Debug/Gambatte.build/Objects-normal/arm64/memory.o -index-unit-output-path /Gambatte.build/Debug/Gambatte.build/Objects-normal/arm64/memory.o
In file included from /Users/barriesanders/.gemini/antigravity/scratch/OpenEmu_Port/Gambatte/src/libgambatte/memory.cpp:19:
In file included from /Users/barriesanders/.gemini/antigravity/scratch/OpenEmu_Port/Gambatte/src/libgambatte/memory.h:27:
In file included from /Users/barriesanders/.gemini/antigravity/scratch/OpenEmu_Port/Gambatte/src/libgambatte/video.h:29:
In file included from /Users/barriesanders/.gemini/antigravity/scratch/OpenEmu_Port/Gambatte/src/libgambatte/video/ppu.h:23:
/Users/barriesanders/.gemini/antigravity/scratch/OpenEmu_Port/Gambatte/src/libgambatte/video/ly_counter.h:39:30: warning: implicit conversion loses integer precision: 'unsigned long' to 'unsigned int' [-Wshorten-64-to-32]
   39 |                 return lcd_cycles_per_line - ((time_ - cc) >> isDoubleSpeed());
      |                 ~~~~~~ ~~~~~~~~~~~~~~~~~~~~^~~~~~~~~~~~~~~~~~~~~~~~~~~~~~~~~~~
/Users/barriesanders/.gemini/antigravity/scratch/OpenEmu_Port/Gambatte/src/libgambatte/memory.cpp:39:43: warning: implicit conversion loses integer precision: 'unsigned long' to 'int' [-Wshorten-64-to-32]
   39 |         return cgbFast ? (cyclesUntilDone + 0xF) >> 4 : (cyclesUntilDone + 0x1FF) >> 9;
      |         ~~~~~~           ~~~~~~~~~~~~~~~~~~~~~~~~^~~~
/Users/barriesanders/.gemini/antigravity/scratch/OpenEmu_Port/Gambatte/src/libgambatte/memory.cpp:39:76: warning: implicit conversion loses integer precision: 'unsigned long' to 'int' [-Wshorten-64-to-32]
   39 |         return cgbFast ? (cyclesUntilDone + 0xF) >> 4 : (cyclesUntilDone + 0x1FF) >> 9;
      |         ~~~~~~                                          ~~~~~~~~~~~~~~~~~~~~~~~~~~^~~~
/Users/barriesanders/.gemini/antigravity/scratch/OpenEmu_Port/Gambatte/src/libgambatte/memory.cpp:494:45: warning: implicit conversion loses integer precision: 'unsigned long' to 'unsigned int' [-Wshorten-64-to-32]
  494 |         unsigned cycles = (cc - lastOamDmaUpdate_) >> 2;
      |                  ~~~~~~   ~~~~~~~~~~~~~~~~~~~~~~~~~^~~~
/Users/barriesanders/.gemini/antigravity/scratch/OpenEmu_Port/Gambatte/src/libgambatte/memory.cpp:657:30: warning: implicit conversion loses integer precision: 'const long' to 'unsigned int' [-Wshorten-64-to-32]
  657 |                         return nontrivial_ff_read(ffp, cc);
      |                                ~~~~~~~~~~~~~~~~~~ ^~~
/Users/barriesanders/.gemini/antigravity/scratch/OpenEmu_Port/Gambatte/src/libgambatte/memory.cpp:1147:24: warning: implicit conversion loses integer precision: 'const long' to 'unsigned int' [-Wshorten-64-to-32]
 1147 |                         nontrivial_ff_write(ffp, data, cc);
      |                         ~~~~~~~~~~~~~~~~~~~ ^~~
6 warnings generated.

CompileC /Users/barriesanders/Library/Developer/Xcode/DerivedData/Gambatte-becswlhcwqssobflxvaxsqpzjhmw/Build/Intermediates.noindex/Gambatte.build/Debug/Gambatte.build/Objects-normal/arm64/makesinckernel.o /Users/barriesanders/.gemini/antigravity/scratch/OpenEmu_Port/Gambatte/src/resample/makesinckernel.cpp normal arm64 c++ com.apple.compilers.llvm.clang.1_0.compiler (in target 'Gambatte' from project 'Gambatte')
    cd /Users/barriesanders/.gemini/antigravity/scratch/OpenEmu_Port/Gambatte
    
    Using response file: /Users/barriesanders/Library/Developer/Xcode/DerivedData/Gambatte-becswlhcwqssobflxvaxsqpzjhmw/Build/Intermediates.noindex/Gambatte.build/Debug/Gambatte.build/Objects-normal/arm64/82b82416624d2658e5098eb0a28c15c5-common-args.resp
    
    /Applications/Xcode.app/Contents/Developer/Toolchains/XcodeDefault.xctoolchain/usr/bin/clang -x c++ -ivfsstatcache /Users/barriesanders/Library/Developer/Xcode/DerivedData/SDKStatCaches.noindex/macosx26.2-25C57-3885c01c3e6b6a337905948deab2002e00fa09913b459cbbc988d1f6730289ae.sdkstatcache -fmessage-length\=0 -fdiagnostics-show-note-include-stack -fmacro-backtrace-limit\=0 -fno-color-diagnostics -fmodules-prune-interval\=86400 -fmodules-prune-after\=345600 -fbuild-session-file\=/Users/barriesanders/Library/Developer/Xcode/DerivedData/ModuleCache.noindex/Session.modulevalidation -fmodules-validate-once-per-build-session -Wnon-modular-include-in-framework-module -Werror\=non-modular-include-in-framework-module -Wno-trigraphs -Wno-missing-field-initializers -Wno-missing-prototypes -Wunreachable-code -Wno-non-virtual-dtor -Wno-overloaded-virtual -Wno-exit-time-destructors -Wno-missing-braces -Wparentheses -Wswitch -Wunused-function -Wno-unused-label -Wno-unused-parameter -Wunused-variable -Wunused-value -Wempty-body -Wuninitialized -Wno-unknown-pragmas -Wno-shadow -Wno-four-char-constants -Wno-conversion -Wconstant-conversion -Wint-conversion -Wbool-conversion -Wenum-conversion -Wno-float-conversion -Wnon-literal-null-conversion -Wobjc-literal-conversion -Wshorten-64-to-32 -Wno-newline-eof -Wno-c++11-extensions -Wno-implicit-fallthrough -fstrict-aliasing -Wdeprecated-declarations -Winvalid-offsetof -Wno-sign-conversion -Winfinite-recursion -Wmove -Wcomma -Wblock-capture-autoreleasing -Wstrict-prototypes -Wrange-loop-analysis -Wno-semicolon-before-method-body -index-store-path /Users/barriesanders/Library/Developer/Xcode/DerivedData/Gambatte-becswlhcwqssobflxvaxsqpzjhmw/Index.noindex/DataStore @/Users/barriesanders/Library/Developer/Xcode/DerivedData/Gambatte-becswlhcwqssobflxvaxsqpzjhmw/Build/Intermediates.noindex/Gambatte.build/Debug/Gambatte.build/Objects-normal/arm64/82b82416624d2658e5098eb0a28c15c5-common-args.resp -MMD -MT dependencies -MF /Users/barriesanders/Library/Developer/Xcode/DerivedData/Gambatte-becswlhcwqssobflxvaxsqpzjhmw/Build/Intermediates.noindex/Gambatte.build/Debug/Gambatte.build/Objects-normal/arm64/makesinckernel.d --serialize-diagnostics /Users/barriesanders/Library/Developer/Xcode/DerivedData/Gambatte-becswlhcwqssobflxvaxsqpzjhmw/Build/Intermediates.noindex/Gambatte.build/Debug/Gambatte.build/Objects-normal/arm64/makesinckernel.dia -c /Users/barriesanders/.gemini/antigravity/scratch/OpenEmu_Port/Gambatte/src/resample/makesinckernel.cpp -o /Users/barriesanders/Library/Developer/Xcode/DerivedData/Gambatte-becswlhcwqssobflxvaxsqpzjhmw/Build/Intermediates.noindex/Gambatte.build/Debug/Gambatte.build/Objects-normal/arm64/makesinckernel.o -index-unit-output-path /Gambatte.build/Debug/Gambatte.build/Objects-normal/arm64/makesinckernel.o

CompileC /Users/barriesanders/Library/Developer/Xcode/DerivedData/Gambatte-becswlhcwqssobflxvaxsqpzjhmw/Build/Intermediates.noindex/Gambatte.build/Debug/Gambatte.build/Objects-normal/arm64/lyc_irq.o /Users/barriesanders/.gemini/antigravity/scratch/OpenEmu_Port/Gambatte/src/libgambatte/video/lyc_irq.cpp normal arm64 c++ com.apple.compilers.llvm.clang.1_0.compiler (in target 'Gambatte' from project 'Gambatte')
    cd /Users/barriesanders/.gemini/antigravity/scratch/OpenEmu_Port/Gambatte
    
    Using response file: /Users/barriesanders/Library/Developer/Xcode/DerivedData/Gambatte-becswlhcwqssobflxvaxsqpzjhmw/Build/Intermediates.noindex/Gambatte.build/Debug/Gambatte.build/Objects-normal/arm64/82b82416624d2658e5098eb0a28c15c5-common-args.resp
    
    /Applications/Xcode.app/Contents/Developer/Toolchains/XcodeDefault.xctoolchain/usr/bin/clang -x c++ -ivfsstatcache /Users/barriesanders/Library/Developer/Xcode/DerivedData/SDKStatCaches.noindex/macosx26.2-25C57-3885c01c3e6b6a337905948deab2002e00fa09913b459cbbc988d1f6730289ae.sdkstatcache -fmessage-length\=0 -fdiagnostics-show-note-include-stack -fmacro-backtrace-limit\=0 -fno-color-diagnostics -fmodules-prune-interval\=86400 -fmodules-prune-after\=345600 -fbuild-session-file\=/Users/barriesanders/Library/Developer/Xcode/DerivedData/ModuleCache.noindex/Session.modulevalidation -fmodules-validate-once-per-build-session -Wnon-modular-include-in-framework-module -Werror\=non-modular-include-in-framework-module -Wno-trigraphs -Wno-missing-field-initializers -Wno-missing-prototypes -Wunreachable-code -Wno-non-virtual-dtor -Wno-overloaded-virtual -Wno-exit-time-destructors -Wno-missing-braces -Wparentheses -Wswitch -Wunused-function -Wno-unused-label -Wno-unused-parameter -Wunused-variable -Wunused-value -Wempty-body -Wuninitialized -Wno-unknown-pragmas -Wno-shadow -Wno-four-char-constants -Wno-conversion -Wconstant-conversion -Wint-conversion -Wbool-conversion -Wenum-conversion -Wno-float-conversion -Wnon-literal-null-conversion -Wobjc-literal-conversion -Wshorten-64-to-32 -Wno-newline-eof -Wno-c++11-extensions -Wno-implicit-fallthrough -fstrict-aliasing -Wdeprecated-declarations -Winvalid-offsetof -Wno-sign-conversion -Winfinite-recursion -Wmove -Wcomma -Wblock-capture-autoreleasing -Wstrict-prototypes -Wrange-loop-analysis -Wno-semicolon-before-method-body -index-store-path /Users/barriesanders/Library/Developer/Xcode/DerivedData/Gambatte-becswlhcwqssobflxvaxsqpzjhmw/Index.noindex/DataStore @/Users/barriesanders/Library/Developer/Xcode/DerivedData/Gambatte-becswlhcwqssobflxvaxsqpzjhmw/Build/Intermediates.noindex/Gambatte.build/Debug/Gambatte.build/Objects-normal/arm64/82b82416624d2658e5098eb0a28c15c5-common-args.resp -MMD -MT dependencies -MF /Users/barriesanders/Library/Developer/Xcode/DerivedData/Gambatte-becswlhcwqssobflxvaxsqpzjhmw/Build/Intermediates.noindex/Gambatte.build/Debug/Gambatte.build/Objects-normal/arm64/lyc_irq.d --serialize-diagnostics /Users/barriesanders/Library/Developer/Xcode/DerivedData/Gambatte-becswlhcwqssobflxvaxsqpzjhmw/Build/Intermediates.noindex/Gambatte.build/Debug/Gambatte.build/Objects-normal/arm64/lyc_irq.dia -c /Users/barriesanders/.gemini/antigravity/scratch/OpenEmu_Port/Gambatte/src/libgambatte/video/lyc_irq.cpp -o /Users/barriesanders/Library/Developer/Xcode/DerivedData/Gambatte-becswlhcwqssobflxvaxsqpzjhmw/Build/Intermediates.noindex/Gambatte.build/Debug/Gambatte.build/Objects-normal/arm64/lyc_irq.o -index-unit-output-path /Gambatte.build/Debug/Gambatte.build/Objects-normal/arm64/lyc_irq.o
In file included from /Users/barriesanders/.gemini/antigravity/scratch/OpenEmu_Port/Gambatte/src/libgambatte/video/lyc_irq.cpp:22:
/Users/barriesanders/.gemini/antigravity/scratch/OpenEmu_Port/Gambatte/src/libgambatte/video/ly_counter.h:39:30: warning: implicit conversion loses integer precision: 'unsigned long' to 'unsigned int' [-Wshorten-64-to-32]
   39 |                 return lcd_cycles_per_line - ((time_ - cc) >> isDoubleSpeed());
      |                 ~~~~~~ ~~~~~~~~~~~~~~~~~~~~^~~~~~~~~~~~~~~~~~~~~~~~~~~~~~~~~~~
1 warning generated.

CompileC /Users/barriesanders/Library/Developer/Xcode/DerivedData/Gambatte-becswlhcwqssobflxvaxsqpzjhmw/Build/Intermediates.noindex/Gambatte.build/Debug/Gambatte.build/Objects-normal/arm64/ly_counter.o /Users/barriesanders/.gemini/antigravity/scratch/OpenEmu_Port/Gambatte/src/libgambatte/video/ly_counter.cpp normal arm64 c++ com.apple.compilers.llvm.clang.1_0.compiler (in target 'Gambatte' from project 'Gambatte')
    cd /Users/barriesanders/.gemini/antigravity/scratch/OpenEmu_Port/Gambatte
    
    Using response file: /Users/barriesanders/Library/Developer/Xcode/DerivedData/Gambatte-becswlhcwqssobflxvaxsqpzjhmw/Build/Intermediates.noindex/Gambatte.build/Debug/Gambatte.build/Objects-normal/arm64/82b82416624d2658e5098eb0a28c15c5-common-args.resp
    
    /Applications/Xcode.app/Contents/Developer/Toolchains/XcodeDefault.xctoolchain/usr/bin/clang -x c++ -ivfsstatcache /Users/barriesanders/Library/Developer/Xcode/DerivedData/SDKStatCaches.noindex/macosx26.2-25C57-3885c01c3e6b6a337905948deab2002e00fa09913b459cbbc988d1f6730289ae.sdkstatcache -fmessage-length\=0 -fdiagnostics-show-note-include-stack -fmacro-backtrace-limit\=0 -fno-color-diagnostics -fmodules-prune-interval\=86400 -fmodules-prune-after\=345600 -fbuild-session-file\=/Users/barriesanders/Library/Developer/Xcode/DerivedData/ModuleCache.noindex/Session.modulevalidation -fmodules-validate-once-per-build-session -Wnon-modular-include-in-framework-module -Werror\=non-modular-include-in-framework-module -Wno-trigraphs -Wno-missing-field-initializers -Wno-missing-prototypes -Wunreachable-code -Wno-non-virtual-dtor -Wno-overloaded-virtual -Wno-exit-time-destructors -Wno-missing-braces -Wparentheses -Wswitch -Wunused-function -Wno-unused-label -Wno-unused-parameter -Wunused-variable -Wunused-value -Wempty-body -Wuninitialized -Wno-unknown-pragmas -Wno-shadow -Wno-four-char-constants -Wno-conversion -Wconstant-conversion -Wint-conversion -Wbool-conversion -Wenum-conversion -Wno-float-conversion -Wnon-literal-null-conversion -Wobjc-literal-conversion -Wshorten-64-to-32 -Wno-newline-eof -Wno-c++11-extensions -Wno-implicit-fallthrough -fstrict-aliasing -Wdeprecated-declarations -Winvalid-offsetof -Wno-sign-conversion -Winfinite-recursion -Wmove -Wcomma -Wblock-capture-autoreleasing -Wstrict-prototypes -Wrange-loop-analysis -Wno-semicolon-before-method-body -index-store-path /Users/barriesanders/Library/Developer/Xcode/DerivedData/Gambatte-becswlhcwqssobflxvaxsqpzjhmw/Index.noindex/DataStore @/Users/barriesanders/Library/Developer/Xcode/DerivedData/Gambatte-becswlhcwqssobflxvaxsqpzjhmw/Build/Intermediates.noindex/Gambatte.build/Debug/Gambatte.build/Objects-normal/arm64/82b82416624d2658e5098eb0a28c15c5-common-args.resp -MMD -MT dependencies -MF /Users/barriesanders/Library/Developer/Xcode/DerivedData/Gambatte-becswlhcwqssobflxvaxsqpzjhmw/Build/Intermediates.noindex/Gambatte.build/Debug/Gambatte.build/Objects-normal/arm64/ly_counter.d --serialize-diagnostics /Users/barriesanders/Library/Developer/Xcode/DerivedData/Gambatte-becswlhcwqssobflxvaxsqpzjhmw/Build/Intermediates.noindex/Gambatte.build/Debug/Gambatte.build/Objects-normal/arm64/ly_counter.dia -c /Users/barriesanders/.gemini/antigravity/scratch/OpenEmu_Port/Gambatte/src/libgambatte/video/ly_counter.cpp -o /Users/barriesanders/Library/Developer/Xcode/DerivedData/Gambatte-becswlhcwqssobflxvaxsqpzjhmw/Build/Intermediates.noindex/Gambatte.build/Debug/Gambatte.build/Objects-normal/arm64/ly_counter.o -index-unit-output-path /Gambatte.build/Debug/Gambatte.build/Objects-normal/arm64/ly_counter.o
In file included from /Users/barriesanders/.gemini/antigravity/scratch/OpenEmu_Port/Gambatte/src/libgambatte/video/ly_counter.cpp:19:
/Users/barriesanders/.gemini/antigravity/scratch/OpenEmu_Port/Gambatte/src/libgambatte/video/ly_counter.h:39:30: warning: implicit conversion loses integer precision: 'unsigned long' to 'unsigned int' [-Wshorten-64-to-32]
   39 |                 return lcd_cycles_per_line - ((time_ - cc) >> isDoubleSpeed());
      |                 ~~~~~~ ~~~~~~~~~~~~~~~~~~~~^~~~~~~~~~~~~~~~~~~~~~~~~~~~~~~~~~~
1 warning generated.

CompileC /Users/barriesanders/Library/Developer/Xcode/DerivedData/Gambatte-becswlhcwqssobflxvaxsqpzjhmw/Build/Intermediates.noindex/Gambatte.build/Debug/Gambatte.build/Objects-normal/arm64/loadres.o /Users/barriesanders/.gemini/antigravity/scratch/OpenEmu_Port/Gambatte/src/libgambatte/loadres.cpp normal arm64 c++ com.apple.compilers.llvm.clang.1_0.compiler (in target 'Gambatte' from project 'Gambatte')
    cd /Users/barriesanders/.gemini/antigravity/scratch/OpenEmu_Port/Gambatte
    
    Using response file: /Users/barriesanders/Library/Developer/Xcode/DerivedData/Gambatte-becswlhcwqssobflxvaxsqpzjhmw/Build/Intermediates.noindex/Gambatte.build/Debug/Gambatte.build/Objects-normal/arm64/82b82416624d2658e5098eb0a28c15c5-common-args.resp
    
    /Applications/Xcode.app/Contents/Developer/Toolchains/XcodeDefault.xctoolchain/usr/bin/clang -x c++ -ivfsstatcache /Users/barriesanders/Library/Developer/Xcode/DerivedData/SDKStatCaches.noindex/macosx26.2-25C57-3885c01c3e6b6a337905948deab2002e00fa09913b459cbbc988d1f6730289ae.sdkstatcache -fmessage-length\=0 -fdiagnostics-show-note-include-stack -fmacro-backtrace-limit\=0 -fno-color-diagnostics -fmodules-prune-interval\=86400 -fmodules-prune-after\=345600 -fbuild-session-file\=/Users/barriesanders/Library/Developer/Xcode/DerivedData/ModuleCache.noindex/Session.modulevalidation -fmodules-validate-once-per-build-session -Wnon-modular-include-in-framework-module -Werror\=non-modular-include-in-framework-module -Wno-trigraphs -Wno-missing-field-initializers -Wno-missing-prototypes -Wunreachable-code -Wno-non-virtual-dtor -Wno-overloaded-virtual -Wno-exit-time-destructors -Wno-missing-braces -Wparentheses -Wswitch -Wunused-function -Wno-unused-label -Wno-unused-parameter -Wunused-variable -Wunused-value -Wempty-body -Wuninitialized -Wno-unknown-pragmas -Wno-shadow -Wno-four-char-constants -Wno-conversion -Wconstant-conversion -Wint-conversion -Wbool-conversion -Wenum-conversion -Wno-float-conversion -Wnon-literal-null-conversion -Wobjc-literal-conversion -Wshorten-64-to-32 -Wno-newline-eof -Wno-c++11-extensions -Wno-implicit-fallthrough -fstrict-aliasing -Wdeprecated-declarations -Winvalid-offsetof -Wno-sign-conversion -Winfinite-recursion -Wmove -Wcomma -Wblock-capture-autoreleasing -Wstrict-prototypes -Wrange-loop-analysis -Wno-semicolon-before-method-body -index-store-path /Users/barriesanders/Library/Developer/Xcode/DerivedData/Gambatte-becswlhcwqssobflxvaxsqpzjhmw/Index.noindex/DataStore @/Users/barriesanders/Library/Developer/Xcode/DerivedData/Gambatte-becswlhcwqssobflxvaxsqpzjhmw/Build/Intermediates.noindex/Gambatte.build/Debug/Gambatte.build/Objects-normal/arm64/82b82416624d2658e5098eb0a28c15c5-common-args.resp -MMD -MT dependencies -MF /Users/barriesanders/Library/Developer/Xcode/DerivedData/Gambatte-becswlhcwqssobflxvaxsqpzjhmw/Build/Intermediates.noindex/Gambatte.build/Debug/Gambatte.build/Objects-normal/arm64/loadres.d --serialize-diagnostics /Users/barriesanders/Library/Developer/Xcode/DerivedData/Gambatte-becswlhcwqssobflxvaxsqpzjhmw/Build/Intermediates.noindex/Gambatte.build/Debug/Gambatte.build/Objects-normal/arm64/loadres.dia -c /Users/barriesanders/.gemini/antigravity/scratch/OpenEmu_Port/Gambatte/src/libgambatte/loadres.cpp -o /Users/barriesanders/Library/Developer/Xcode/DerivedData/Gambatte-becswlhcwqssobflxvaxsqpzjhmw/Build/Intermediates.noindex/Gambatte.build/Debug/Gambatte.build/Objects-normal/arm64/loadres.o -index-unit-output-path /Gambatte.build/Debug/Gambatte.build/Objects-normal/arm64/loadres.o

CompileC /Users/barriesanders/Library/Developer/Xcode/DerivedData/Gambatte-becswlhcwqssobflxvaxsqpzjhmw/Build/Intermediates.noindex/Gambatte.build/Debug/Gambatte.build/Objects-normal/arm64/length_counter.o /Users/barriesanders/.gemini/antigravity/scratch/OpenEmu_Port/Gambatte/src/libgambatte/sound/length_counter.cpp normal arm64 c++ com.apple.compilers.llvm.clang.1_0.compiler (in target 'Gambatte' from project 'Gambatte')
    cd /Users/barriesanders/.gemini/antigravity/scratch/OpenEmu_Port/Gambatte
    
    Using response file: /Users/barriesanders/Library/Developer/Xcode/DerivedData/Gambatte-becswlhcwqssobflxvaxsqpzjhmw/Build/Intermediates.noindex/Gambatte.build/Debug/Gambatte.build/Objects-normal/arm64/82b82416624d2658e5098eb0a28c15c5-common-args.resp
    
    /Applications/Xcode.app/Contents/Developer/Toolchains/XcodeDefault.xctoolchain/usr/bin/clang -x c++ -ivfsstatcache /Users/barriesanders/Library/Developer/Xcode/DerivedData/SDKStatCaches.noindex/macosx26.2-25C57-3885c01c3e6b6a337905948deab2002e00fa09913b459cbbc988d1f6730289ae.sdkstatcache -fmessage-length\=0 -fdiagnostics-show-note-include-stack -fmacro-backtrace-limit\=0 -fno-color-diagnostics -fmodules-prune-interval\=86400 -fmodules-prune-after\=345600 -fbuild-session-file\=/Users/barriesanders/Library/Developer/Xcode/DerivedData/ModuleCache.noindex/Session.modulevalidation -fmodules-validate-once-per-build-session -Wnon-modular-include-in-framework-module -Werror\=non-modular-include-in-framework-module -Wno-trigraphs -Wno-missing-field-initializers -Wno-missing-prototypes -Wunreachable-code -Wno-non-virtual-dtor -Wno-overloaded-virtual -Wno-exit-time-destructors -Wno-missing-braces -Wparentheses -Wswitch -Wunused-function -Wno-unused-label -Wno-unused-parameter -Wunused-variable -Wunused-value -Wempty-body -Wuninitialized -Wno-unknown-pragmas -Wno-shadow -Wno-four-char-constants -Wno-conversion -Wconstant-conversion -Wint-conversion -Wbool-conversion -Wenum-conversion -Wno-float-conversion -Wnon-literal-null-conversion -Wobjc-literal-conversion -Wshorten-64-to-32 -Wno-newline-eof -Wno-c++11-extensions -Wno-implicit-fallthrough -fstrict-aliasing -Wdeprecated-declarations -Winvalid-offsetof -Wno-sign-conversion -Winfinite-recursion -Wmove -Wcomma -Wblock-capture-autoreleasing -Wstrict-prototypes -Wrange-loop-analysis -Wno-semicolon-before-method-body -index-store-path /Users/barriesanders/Library/Developer/Xcode/DerivedData/Gambatte-becswlhcwqssobflxvaxsqpzjhmw/Index.noindex/DataStore @/Users/barriesanders/Library/Developer/Xcode/DerivedData/Gambatte-becswlhcwqssobflxvaxsqpzjhmw/Build/Intermediates.noindex/Gambatte.build/Debug/Gambatte.build/Objects-normal/arm64/82b82416624d2658e5098eb0a28c15c5-common-args.resp -MMD -MT dependencies -MF /Users/barriesanders/Library/Developer/Xcode/DerivedData/Gambatte-becswlhcwqssobflxvaxsqpzjhmw/Build/Intermediates.noindex/Gambatte.build/Debug/Gambatte.build/Objects-normal/arm64/length_counter.d --serialize-diagnostics /Users/barriesanders/Library/Developer/Xcode/DerivedData/Gambatte-becswlhcwqssobflxvaxsqpzjhmw/Build/Intermediates.noindex/Gambatte.build/Debug/Gambatte.build/Objects-normal/arm64/length_counter.dia -c /Users/barriesanders/.gemini/antigravity/scratch/OpenEmu_Port/Gambatte/src/libgambatte/sound/length_counter.cpp -o /Users/barriesanders/Library/Developer/Xcode/DerivedData/Gambatte-becswlhcwqssobflxvaxsqpzjhmw/Build/Intermediates.noindex/Gambatte.build/Debug/Gambatte.build/Objects-normal/arm64/length_counter.o -index-unit-output-path /Gambatte.build/Debug/Gambatte.build/Objects-normal/arm64/length_counter.o

CompileC /Users/barriesanders/Library/Developer/Xcode/DerivedData/Gambatte-becswlhcwqssobflxvaxsqpzjhmw/Build/Intermediates.noindex/Gambatte.build/Debug/Gambatte.build/Objects-normal/arm64/kaiser70sinc.o /Users/barriesanders/.gemini/antigravity/scratch/OpenEmu_Port/Gambatte/src/resample/kaiser70sinc.cpp normal arm64 c++ com.apple.compilers.llvm.clang.1_0.compiler (in target 'Gambatte' from project 'Gambatte')
    cd /Users/barriesanders/.gemini/antigravity/scratch/OpenEmu_Port/Gambatte
    
    Using response file: /Users/barriesanders/Library/Developer/Xcode/DerivedData/Gambatte-becswlhcwqssobflxvaxsqpzjhmw/Build/Intermediates.noindex/Gambatte.build/Debug/Gambatte.build/Objects-normal/arm64/82b82416624d2658e5098eb0a28c15c5-common-args.resp
    
    /Applications/Xcode.app/Contents/Developer/Toolchains/XcodeDefault.xctoolchain/usr/bin/clang -x c++ -ivfsstatcache /Users/barriesanders/Library/Developer/Xcode/DerivedData/SDKStatCaches.noindex/macosx26.2-25C57-3885c01c3e6b6a337905948deab2002e00fa09913b459cbbc988d1f6730289ae.sdkstatcache -fmessage-length\=0 -fdiagnostics-show-note-include-stack -fmacro-backtrace-limit\=0 -fno-color-diagnostics -fmodules-prune-interval\=86400 -fmodules-prune-after\=345600 -fbuild-session-file\=/Users/barriesanders/Library/Developer/Xcode/DerivedData/ModuleCache.noindex/Session.modulevalidation -fmodules-validate-once-per-build-session -Wnon-modular-include-in-framework-module -Werror\=non-modular-include-in-framework-module -Wno-trigraphs -Wno-missing-field-initializers -Wno-missing-prototypes -Wunreachable-code -Wno-non-virtual-dtor -Wno-overloaded-virtual -Wno-exit-time-destructors -Wno-missing-braces -Wparentheses -Wswitch -Wunused-function -Wno-unused-label -Wno-unused-parameter -Wunused-variable -Wunused-value -Wempty-body -Wuninitialized -Wno-unknown-pragmas -Wno-shadow -Wno-four-char-constants -Wno-conversion -Wconstant-conversion -Wint-conversion -Wbool-conversion -Wenum-conversion -Wno-float-conversion -Wnon-literal-null-conversion -Wobjc-literal-conversion -Wshorten-64-to-32 -Wno-newline-eof -Wno-c++11-extensions -Wno-implicit-fallthrough -fstrict-aliasing -Wdeprecated-declarations -Winvalid-offsetof -Wno-sign-conversion -Winfinite-recursion -Wmove -Wcomma -Wblock-capture-autoreleasing -Wstrict-prototypes -Wrange-loop-analysis -Wno-semicolon-before-method-body -index-store-path /Users/barriesanders/Library/Developer/Xcode/DerivedData/Gambatte-becswlhcwqssobflxvaxsqpzjhmw/Index.noindex/DataStore @/Users/barriesanders/Library/Developer/Xcode/DerivedData/Gambatte-becswlhcwqssobflxvaxsqpzjhmw/Build/Intermediates.noindex/Gambatte.build/Debug/Gambatte.build/Objects-normal/arm64/82b82416624d2658e5098eb0a28c15c5-common-args.resp -MMD -MT dependencies -MF /Users/barriesanders/Library/Developer/Xcode/DerivedData/Gambatte-becswlhcwqssobflxvaxsqpzjhmw/Build/Intermediates.noindex/Gambatte.build/Debug/Gambatte.build/Objects-normal/arm64/kaiser70sinc.d --serialize-diagnostics /Users/barriesanders/Library/Developer/Xcode/DerivedData/Gambatte-becswlhcwqssobflxvaxsqpzjhmw/Build/Intermediates.noindex/Gambatte.build/Debug/Gambatte.build/Objects-normal/arm64/kaiser70sinc.dia -c /Users/barriesanders/.gemini/antigravity/scratch/OpenEmu_Port/Gambatte/src/resample/kaiser70sinc.cpp -o /Users/barriesanders/Library/Developer/Xcode/DerivedData/Gambatte-becswlhcwqssobflxvaxsqpzjhmw/Build/Intermediates.noindex/Gambatte.build/Debug/Gambatte.build/Objects-normal/arm64/kaiser70sinc.o -index-unit-output-path /Gambatte.build/Debug/Gambatte.build/Objects-normal/arm64/kaiser70sinc.o

CompileC /Users/barriesanders/Library/Developer/Xcode/DerivedData/Gambatte-becswlhcwqssobflxvaxsqpzjhmw/Build/Intermediates.noindex/Gambatte.build/Debug/Gambatte.build/Objects-normal/arm64/kaiser50sinc.o /Users/barriesanders/.gemini/antigravity/scratch/OpenEmu_Port/Gambatte/src/resample/kaiser50sinc.cpp normal arm64 c++ com.apple.compilers.llvm.clang.1_0.compiler (in target 'Gambatte' from project 'Gambatte')
    cd /Users/barriesanders/.gemini/antigravity/scratch/OpenEmu_Port/Gambatte
    
    Using response file: /Users/barriesanders/Library/Developer/Xcode/DerivedData/Gambatte-becswlhcwqssobflxvaxsqpzjhmw/Build/Intermediates.noindex/Gambatte.build/Debug/Gambatte.build/Objects-normal/arm64/82b82416624d2658e5098eb0a28c15c5-common-args.resp
    
    /Applications/Xcode.app/Contents/Developer/Toolchains/XcodeDefault.xctoolchain/usr/bin/clang -x c++ -ivfsstatcache /Users/barriesanders/Library/Developer/Xcode/DerivedData/SDKStatCaches.noindex/macosx26.2-25C57-3885c01c3e6b6a337905948deab2002e00fa09913b459cbbc988d1f6730289ae.sdkstatcache -fmessage-length\=0 -fdiagnostics-show-note-include-stack -fmacro-backtrace-limit\=0 -fno-color-diagnostics -fmodules-prune-interval\=86400 -fmodules-prune-after\=345600 -fbuild-session-file\=/Users/barriesanders/Library/Developer/Xcode/DerivedData/ModuleCache.noindex/Session.modulevalidation -fmodules-validate-once-per-build-session -Wnon-modular-include-in-framework-module -Werror\=non-modular-include-in-framework-module -Wno-trigraphs -Wno-missing-field-initializers -Wno-missing-prototypes -Wunreachable-code -Wno-non-virtual-dtor -Wno-overloaded-virtual -Wno-exit-time-destructors -Wno-missing-braces -Wparentheses -Wswitch -Wunused-function -Wno-unused-label -Wno-unused-parameter -Wunused-variable -Wunused-value -Wempty-body -Wuninitialized -Wno-unknown-pragmas -Wno-shadow -Wno-four-char-constants -Wno-conversion -Wconstant-conversion -Wint-conversion -Wbool-conversion -Wenum-conversion -Wno-float-conversion -Wnon-literal-null-conversion -Wobjc-literal-conversion -Wshorten-64-to-32 -Wno-newline-eof -Wno-c++11-extensions -Wno-implicit-fallthrough -fstrict-aliasing -Wdeprecated-declarations -Winvalid-offsetof -Wno-sign-conversion -Winfinite-recursion -Wmove -Wcomma -Wblock-capture-autoreleasing -Wstrict-prototypes -Wrange-loop-analysis -Wno-semicolon-before-method-body -index-store-path /Users/barriesanders/Library/Developer/Xcode/DerivedData/Gambatte-becswlhcwqssobflxvaxsqpzjhmw/Index.noindex/DataStore @/Users/barriesanders/Library/Developer/Xcode/DerivedData/Gambatte-becswlhcwqssobflxvaxsqpzjhmw/Build/Intermediates.noindex/Gambatte.build/Debug/Gambatte.build/Objects-normal/arm64/82b82416624d2658e5098eb0a28c15c5-common-args.resp -MMD -MT dependencies -MF /Users/barriesanders/Library/Developer/Xcode/DerivedData/Gambatte-becswlhcwqssobflxvaxsqpzjhmw/Build/Intermediates.noindex/Gambatte.build/Debug/Gambatte.build/Objects-normal/arm64/kaiser50sinc.d --serialize-diagnostics /Users/barriesanders/Library/Developer/Xcode/DerivedData/Gambatte-becswlhcwqssobflxvaxsqpzjhmw/Build/Intermediates.noindex/Gambatte.build/Debug/Gambatte.build/Objects-normal/arm64/kaiser50sinc.dia -c /Users/barriesanders/.gemini/antigravity/scratch/OpenEmu_Port/Gambatte/src/resample/kaiser50sinc.cpp -o /Users/barriesanders/Library/Developer/Xcode/DerivedData/Gambatte-becswlhcwqssobflxvaxsqpzjhmw/Build/Intermediates.noindex/Gambatte.build/Debug/Gambatte.build/Objects-normal/arm64/kaiser50sinc.o -index-unit-output-path /Gambatte.build/Debug/Gambatte.build/Objects-normal/arm64/kaiser50sinc.o

CompileC /Users/barriesanders/Library/Developer/Xcode/DerivedData/Gambatte-becswlhcwqssobflxvaxsqpzjhmw/Build/Intermediates.noindex/Gambatte.build/Debug/Gambatte.build/Objects-normal/arm64/interruptrequester.o /Users/barriesanders/.gemini/antigravity/scratch/OpenEmu_Port/Gambatte/src/libgambatte/interruptrequester.cpp normal arm64 c++ com.apple.compilers.llvm.clang.1_0.compiler (in target 'Gambatte' from project 'Gambatte')
    cd /Users/barriesanders/.gemini/antigravity/scratch/OpenEmu_Port/Gambatte
    
    Using response file: /Users/barriesanders/Library/Developer/Xcode/DerivedData/Gambatte-becswlhcwqssobflxvaxsqpzjhmw/Build/Intermediates.noindex/Gambatte.build/Debug/Gambatte.build/Objects-normal/arm64/82b82416624d2658e5098eb0a28c15c5-common-args.resp
    
    /Applications/Xcode.app/Contents/Developer/Toolchains/XcodeDefault.xctoolchain/usr/bin/clang -x c++ -ivfsstatcache /Users/barriesanders/Library/Developer/Xcode/DerivedData/SDKStatCaches.noindex/macosx26.2-25C57-3885c01c3e6b6a337905948deab2002e00fa09913b459cbbc988d1f6730289ae.sdkstatcache -fmessage-length\=0 -fdiagnostics-show-note-include-stack -fmacro-backtrace-limit\=0 -fno-color-diagnostics -fmodules-prune-interval\=86400 -fmodules-prune-after\=345600 -fbuild-session-file\=/Users/barriesanders/Library/Developer/Xcode/DerivedData/ModuleCache.noindex/Session.modulevalidation -fmodules-validate-once-per-build-session -Wnon-modular-include-in-framework-module -Werror\=non-modular-include-in-framework-module -Wno-trigraphs -Wno-missing-field-initializers -Wno-missing-prototypes -Wunreachable-code -Wno-non-virtual-dtor -Wno-overloaded-virtual -Wno-exit-time-destructors -Wno-missing-braces -Wparentheses -Wswitch -Wunused-function -Wno-unused-label -Wno-unused-parameter -Wunused-variable -Wunused-value -Wempty-body -Wuninitialized -Wno-unknown-pragmas -Wno-shadow -Wno-four-char-constants -Wno-conversion -Wconstant-conversion -Wint-conversion -Wbool-conversion -Wenum-conversion -Wno-float-conversion -Wnon-literal-null-conversion -Wobjc-literal-conversion -Wshorten-64-to-32 -Wno-newline-eof -Wno-c++11-extensions -Wno-implicit-fallthrough -fstrict-aliasing -Wdeprecated-declarations -Winvalid-offsetof -Wno-sign-conversion -Winfinite-recursion -Wmove -Wcomma -Wblock-capture-autoreleasing -Wstrict-prototypes -Wrange-loop-analysis -Wno-semicolon-before-method-body -index-store-path /Users/barriesanders/Library/Developer/Xcode/DerivedData/Gambatte-becswlhcwqssobflxvaxsqpzjhmw/Index.noindex/DataStore @/Users/barriesanders/Library/Developer/Xcode/DerivedData/Gambatte-becswlhcwqssobflxvaxsqpzjhmw/Build/Intermediates.noindex/Gambatte.build/Debug/Gambatte.build/Objects-normal/arm64/82b82416624d2658e5098eb0a28c15c5-common-args.resp -MMD -MT dependencies -MF /Users/barriesanders/Library/Developer/Xcode/DerivedData/Gambatte-becswlhcwqssobflxvaxsqpzjhmw/Build/Intermediates.noindex/Gambatte.build/Debug/Gambatte.build/Objects-normal/arm64/interruptrequester.d --serialize-diagnostics /Users/barriesanders/Library/Developer/Xcode/DerivedData/Gambatte-becswlhcwqssobflxvaxsqpzjhmw/Build/Intermediates.noindex/Gambatte.build/Debug/Gambatte.build/Objects-normal/arm64/interruptrequester.dia -c /Users/barriesanders/.gemini/antigravity/scratch/OpenEmu_Port/Gambatte/src/libgambatte/interruptrequester.cpp -o /Users/barriesanders/Library/Developer/Xcode/DerivedData/Gambatte-becswlhcwqssobflxvaxsqpzjhmw/Build/Intermediates.noindex/Gambatte.build/Debug/Gambatte.build/Objects-normal/arm64/interruptrequester.o -index-unit-output-path /Gambatte.build/Debug/Gambatte.build/Objects-normal/arm64/interruptrequester.o

CompileC /Users/barriesanders/Library/Developer/Xcode/DerivedData/Gambatte-becswlhcwqssobflxvaxsqpzjhmw/Build/Intermediates.noindex/Gambatte.build/Debug/Gambatte.build/Objects-normal/arm64/interrupter.o /Users/barriesanders/.gemini/antigravity/scratch/OpenEmu_Port/Gambatte/src/libgambatte/interrupter.cpp normal arm64 c++ com.apple.compilers.llvm.clang.1_0.compiler (in target 'Gambatte' from project 'Gambatte')
    cd /Users/barriesanders/.gemini/antigravity/scratch/OpenEmu_Port/Gambatte
    
    Using response file: /Users/barriesanders/Library/Developer/Xcode/DerivedData/Gambatte-becswlhcwqssobflxvaxsqpzjhmw/Build/Intermediates.noindex/Gambatte.build/Debug/Gambatte.build/Objects-normal/arm64/82b82416624d2658e5098eb0a28c15c5-common-args.resp
    
    /Applications/Xcode.app/Contents/Developer/Toolchains/XcodeDefault.xctoolchain/usr/bin/clang -x c++ -ivfsstatcache /Users/barriesanders/Library/Developer/Xcode/DerivedData/SDKStatCaches.noindex/macosx26.2-25C57-3885c01c3e6b6a337905948deab2002e00fa09913b459cbbc988d1f6730289ae.sdkstatcache -fmessage-length\=0 -fdiagnostics-show-note-include-stack -fmacro-backtrace-limit\=0 -fno-color-diagnostics -fmodules-prune-interval\=86400 -fmodules-prune-after\=345600 -fbuild-session-file\=/Users/barriesanders/Library/Developer/Xcode/DerivedData/ModuleCache.noindex/Session.modulevalidation -fmodules-validate-once-per-build-session -Wnon-modular-include-in-framework-module -Werror\=non-modular-include-in-framework-module -Wno-trigraphs -Wno-missing-field-initializers -Wno-missing-prototypes -Wunreachable-code -Wno-non-virtual-dtor -Wno-overloaded-virtual -Wno-exit-time-destructors -Wno-missing-braces -Wparentheses -Wswitch -Wunused-function -Wno-unused-label -Wno-unused-parameter -Wunused-variable -Wunused-value -Wempty-body -Wuninitialized -Wno-unknown-pragmas -Wno-shadow -Wno-four-char-constants -Wno-conversion -Wconstant-conversion -Wint-conversion -Wbool-conversion -Wenum-conversion -Wno-float-conversion -Wnon-literal-null-conversion -Wobjc-literal-conversion -Wshorten-64-to-32 -Wno-newline-eof -Wno-c++11-extensions -Wno-implicit-fallthrough -fstrict-aliasing -Wdeprecated-declarations -Winvalid-offsetof -Wno-sign-conversion -Winfinite-recursion -Wmove -Wcomma -Wblock-capture-autoreleasing -Wstrict-prototypes -Wrange-loop-analysis -Wno-semicolon-before-method-body -index-store-path /Users/barriesanders/Library/Developer/Xcode/DerivedData/Gambatte-becswlhcwqssobflxvaxsqpzjhmw/Index.noindex/DataStore @/Users/barriesanders/Library/Developer/Xcode/DerivedData/Gambatte-becswlhcwqssobflxvaxsqpzjhmw/Build/Intermediates.noindex/Gambatte.build/Debug/Gambatte.build/Objects-normal/arm64/82b82416624d2658e5098eb0a28c15c5-common-args.resp -MMD -MT dependencies -MF /Users/barriesanders/Library/Developer/Xcode/DerivedData/Gambatte-becswlhcwqssobflxvaxsqpzjhmw/Build/Intermediates.noindex/Gambatte.build/Debug/Gambatte.build/Objects-normal/arm64/interrupter.d --serialize-diagnostics /Users/barriesanders/Library/Developer/Xcode/DerivedData/Gambatte-becswlhcwqssobflxvaxsqpzjhmw/Build/Intermediates.noindex/Gambatte.build/Debug/Gambatte.build/Objects-normal/arm64/interrupter.dia -c /Users/barriesanders/.gemini/antigravity/scratch/OpenEmu_Port/Gambatte/src/libgambatte/interrupter.cpp -o /Users/barriesanders/Library/Developer/Xcode/DerivedData/Gambatte-becswlhcwqssobflxvaxsqpzjhmw/Build/Intermediates.noindex/Gambatte.build/Debug/Gambatte.build/Objects-normal/arm64/interrupter.o -index-unit-output-path /Gambatte.build/Debug/Gambatte.build/Objects-normal/arm64/interrupter.o
In file included from /Users/barriesanders/.gemini/antigravity/scratch/OpenEmu_Port/Gambatte/src/libgambatte/interrupter.cpp:20:
In file included from /Users/barriesanders/.gemini/antigravity/scratch/OpenEmu_Port/Gambatte/src/libgambatte/memory.h:27:
In file included from /Users/barriesanders/.gemini/antigravity/scratch/OpenEmu_Port/Gambatte/src/libgambatte/video.h:29:
In file included from /Users/barriesanders/.gemini/antigravity/scratch/OpenEmu_Port/Gambatte/src/libgambatte/video/ppu.h:23:
/Users/barriesanders/.gemini/antigravity/scratch/OpenEmu_Port/Gambatte/src/libgambatte/video/ly_counter.h:39:30: warning: implicit conversion loses integer precision: 'unsigned long' to 'unsigned int' [-Wshorten-64-to-32]
   39 |                 return lcd_cycles_per_line - ((time_ - cc) >> isDoubleSpeed());
      |                 ~~~~~~ ~~~~~~~~~~~~~~~~~~~~^~~~~~~~~~~~~~~~~~~~~~~~~~~~~~~~~~~
1 warning generated.

CompileC /Users/barriesanders/Library/Developer/Xcode/DerivedData/Gambatte-becswlhcwqssobflxvaxsqpzjhmw/Build/Intermediates.noindex/Gambatte.build/Debug/Gambatte.build/Objects-normal/arm64/initstate.o /Users/barriesanders/.gemini/antigravity/scratch/OpenEmu_Port/Gambatte/src/libgambatte/initstate.cpp normal arm64 c++ com.apple.compilers.llvm.clang.1_0.compiler (in target 'Gambatte' from project 'Gambatte')
    cd /Users/barriesanders/.gemini/antigravity/scratch/OpenEmu_Port/Gambatte
    
    Using response file: /Users/barriesanders/Library/Developer/Xcode/DerivedData/Gambatte-becswlhcwqssobflxvaxsqpzjhmw/Build/Intermediates.noindex/Gambatte.build/Debug/Gambatte.build/Objects-normal/arm64/82b82416624d2658e5098eb0a28c15c5-common-args.resp
    
    /Applications/Xcode.app/Contents/Developer/Toolchains/XcodeDefault.xctoolchain/usr/bin/clang -x c++ -ivfsstatcache /Users/barriesanders/Library/Developer/Xcode/DerivedData/SDKStatCaches.noindex/macosx26.2-25C57-3885c01c3e6b6a337905948deab2002e00fa09913b459cbbc988d1f6730289ae.sdkstatcache -fmessage-length\=0 -fdiagnostics-show-note-include-stack -fmacro-backtrace-limit\=0 -fno-color-diagnostics -fmodules-prune-interval\=86400 -fmodules-prune-after\=345600 -fbuild-session-file\=/Users/barriesanders/Library/Developer/Xcode/DerivedData/ModuleCache.noindex/Session.modulevalidation -fmodules-validate-once-per-build-session -Wnon-modular-include-in-framework-module -Werror\=non-modular-include-in-framework-module -Wno-trigraphs -Wno-missing-field-initializers -Wno-missing-prototypes -Wunreachable-code -Wno-non-virtual-dtor -Wno-overloaded-virtual -Wno-exit-time-destructors -Wno-missing-braces -Wparentheses -Wswitch -Wunused-function -Wno-unused-label -Wno-unused-parameter -Wunused-variable -Wunused-value -Wempty-body -Wuninitialized -Wno-unknown-pragmas -Wno-shadow -Wno-four-char-constants -Wno-conversion -Wconstant-conversion -Wint-conversion -Wbool-conversion -Wenum-conversion -Wno-float-conversion -Wnon-literal-null-conversion -Wobjc-literal-conversion -Wshorten-64-to-32 -Wno-newline-eof -Wno-c++11-extensions -Wno-implicit-fallthrough -fstrict-aliasing -Wdeprecated-declarations -Winvalid-offsetof -Wno-sign-conversion -Winfinite-recursion -Wmove -Wcomma -Wblock-capture-autoreleasing -Wstrict-prototypes -Wrange-loop-analysis -Wno-semicolon-before-method-body -index-store-path /Users/barriesanders/Library/Developer/Xcode/DerivedData/Gambatte-becswlhcwqssobflxvaxsqpzjhmw/Index.noindex/DataStore @/Users/barriesanders/Library/Developer/Xcode/DerivedData/Gambatte-becswlhcwqssobflxvaxsqpzjhmw/Build/Intermediates.noindex/Gambatte.build/Debug/Gambatte.build/Objects-normal/arm64/82b82416624d2658e5098eb0a28c15c5-common-args.resp -MMD -MT dependencies -MF /Users/barriesanders/Library/Developer/Xcode/DerivedData/Gambatte-becswlhcwqssobflxvaxsqpzjhmw/Build/Intermediates.noindex/Gambatte.build/Debug/Gambatte.build/Objects-normal/arm64/initstate.d --serialize-diagnostics /Users/barriesanders/Library/Developer/Xcode/DerivedData/Gambatte-becswlhcwqssobflxvaxsqpzjhmw/Build/Intermediates.noindex/Gambatte.build/Debug/Gambatte.build/Objects-normal/arm64/initstate.dia -c /Users/barriesanders/.gemini/antigravity/scratch/OpenEmu_Port/Gambatte/src/libgambatte/initstate.cpp -o /Users/barriesanders/Library/Developer/Xcode/DerivedData/Gambatte-becswlhcwqssobflxvaxsqpzjhmw/Build/Intermediates.noindex/Gambatte.build/Debug/Gambatte.build/Objects-normal/arm64/initstate.o -index-unit-output-path /Gambatte.build/Debug/Gambatte.build/Objects-normal/arm64/initstate.o

CompileC /Users/barriesanders/Library/Developer/Xcode/DerivedData/Gambatte-becswlhcwqssobflxvaxsqpzjhmw/Build/Intermediates.noindex/Gambatte.build/Debug/Gambatte.build/Objects-normal/arm64/i0.o /Users/barriesanders/.gemini/antigravity/scratch/OpenEmu_Port/Gambatte/src/resample/i0.cpp normal arm64 c++ com.apple.compilers.llvm.clang.1_0.compiler (in target 'Gambatte' from project 'Gambatte')
    cd /Users/barriesanders/.gemini/antigravity/scratch/OpenEmu_Port/Gambatte
    
    Using response file: /Users/barriesanders/Library/Developer/Xcode/DerivedData/Gambatte-becswlhcwqssobflxvaxsqpzjhmw/Build/Intermediates.noindex/Gambatte.build/Debug/Gambatte.build/Objects-normal/arm64/82b82416624d2658e5098eb0a28c15c5-common-args.resp
    
    /Applications/Xcode.app/Contents/Developer/Toolchains/XcodeDefault.xctoolchain/usr/bin/clang -x c++ -ivfsstatcache /Users/barriesanders/Library/Developer/Xcode/DerivedData/SDKStatCaches.noindex/macosx26.2-25C57-3885c01c3e6b6a337905948deab2002e00fa09913b459cbbc988d1f6730289ae.sdkstatcache -fmessage-length\=0 -fdiagnostics-show-note-include-stack -fmacro-backtrace-limit\=0 -fno-color-diagnostics -fmodules-prune-interval\=86400 -fmodules-prune-after\=345600 -fbuild-session-file\=/Users/barriesanders/Library/Developer/Xcode/DerivedData/ModuleCache.noindex/Session.modulevalidation -fmodules-validate-once-per-build-session -Wnon-modular-include-in-framework-module -Werror\=non-modular-include-in-framework-module -Wno-trigraphs -Wno-missing-field-initializers -Wno-missing-prototypes -Wunreachable-code -Wno-non-virtual-dtor -Wno-overloaded-virtual -Wno-exit-time-destructors -Wno-missing-braces -Wparentheses -Wswitch -Wunused-function -Wno-unused-label -Wno-unused-parameter -Wunused-variable -Wunused-value -Wempty-body -Wuninitialized -Wno-unknown-pragmas -Wno-shadow -Wno-four-char-constants -Wno-conversion -Wconstant-conversion -Wint-conversion -Wbool-conversion -Wenum-conversion -Wno-float-conversion -Wnon-literal-null-conversion -Wobjc-literal-conversion -Wshorten-64-to-32 -Wno-newline-eof -Wno-c++11-extensions -Wno-implicit-fallthrough -fstrict-aliasing -Wdeprecated-declarations -Winvalid-offsetof -Wno-sign-conversion -Winfinite-recursion -Wmove -Wcomma -Wblock-capture-autoreleasing -Wstrict-prototypes -Wrange-loop-analysis -Wno-semicolon-before-method-body -index-store-path /Users/barriesanders/Library/Developer/Xcode/DerivedData/Gambatte-becswlhcwqssobflxvaxsqpzjhmw/Index.noindex/DataStore @/Users/barriesanders/Library/Developer/Xcode/DerivedData/Gambatte-becswlhcwqssobflxvaxsqpzjhmw/Build/Intermediates.noindex/Gambatte.build/Debug/Gambatte.build/Objects-normal/arm64/82b82416624d2658e5098eb0a28c15c5-common-args.resp -MMD -MT dependencies -MF /Users/barriesanders/Library/Developer/Xcode/DerivedData/Gambatte-becswlhcwqssobflxvaxsqpzjhmw/Build/Intermediates.noindex/Gambatte.build/Debug/Gambatte.build/Objects-normal/arm64/i0.d --serialize-diagnostics /Users/barriesanders/Library/Developer/Xcode/DerivedData/Gambatte-becswlhcwqssobflxvaxsqpzjhmw/Build/Intermediates.noindex/Gambatte.build/Debug/Gambatte.build/Objects-normal/arm64/i0.dia -c /Users/barriesanders/.gemini/antigravity/scratch/OpenEmu_Port/Gambatte/src/resample/i0.cpp -o /Users/barriesanders/Library/Developer/Xcode/DerivedData/Gambatte-becswlhcwqssobflxvaxsqpzjhmw/Build/Intermediates.noindex/Gambatte.build/Debug/Gambatte.build/Objects-normal/arm64/i0.o -index-unit-output-path /Gambatte.build/Debug/Gambatte.build/Objects-normal/arm64/i0.o

CompileC /Users/barriesanders/Library/Developer/Xcode/DerivedData/Gambatte-becswlhcwqssobflxvaxsqpzjhmw/Build/Intermediates.noindex/Gambatte.build/Debug/Gambatte.build/Objects-normal/arm64/gambatte.o /Users/barriesanders/.gemini/antigravity/scratch/OpenEmu_Port/Gambatte/src/libgambatte/gambatte.cpp normal arm64 c++ com.apple.compilers.llvm.clang.1_0.compiler (in target 'Gambatte' from project 'Gambatte')
    cd /Users/barriesanders/.gemini/antigravity/scratch/OpenEmu_Port/Gambatte
    
    Using response file: /Users/barriesanders/Library/Developer/Xcode/DerivedData/Gambatte-becswlhcwqssobflxvaxsqpzjhmw/Build/Intermediates.noindex/Gambatte.build/Debug/Gambatte.build/Objects-normal/arm64/82b82416624d2658e5098eb0a28c15c5-common-args.resp
    
    /Applications/Xcode.app/Contents/Developer/Toolchains/XcodeDefault.xctoolchain/usr/bin/clang -x c++ -ivfsstatcache /Users/barriesanders/Library/Developer/Xcode/DerivedData/SDKStatCaches.noindex/macosx26.2-25C57-3885c01c3e6b6a337905948deab2002e00fa09913b459cbbc988d1f6730289ae.sdkstatcache -fmessage-length\=0 -fdiagnostics-show-note-include-stack -fmacro-backtrace-limit\=0 -fno-color-diagnostics -fmodules-prune-interval\=86400 -fmodules-prune-after\=345600 -fbuild-session-file\=/Users/barriesanders/Library/Developer/Xcode/DerivedData/ModuleCache.noindex/Session.modulevalidation -fmodules-validate-once-per-build-session -Wnon-modular-include-in-framework-module -Werror\=non-modular-include-in-framework-module -Wno-trigraphs -Wno-missing-field-initializers -Wno-missing-prototypes -Wunreachable-code -Wno-non-virtual-dtor -Wno-overloaded-virtual -Wno-exit-time-destructors -Wno-missing-braces -Wparentheses -Wswitch -Wunused-function -Wno-unused-label -Wno-unused-parameter -Wunused-variable -Wunused-value -Wempty-body -Wuninitialized -Wno-unknown-pragmas -Wno-shadow -Wno-four-char-constants -Wno-conversion -Wconstant-conversion -Wint-conversion -Wbool-conversion -Wenum-conversion -Wno-float-conversion -Wnon-literal-null-conversion -Wobjc-literal-conversion -Wshorten-64-to-32 -Wno-newline-eof -Wno-c++11-extensions -Wno-implicit-fallthrough -fstrict-aliasing -Wdeprecated-declarations -Winvalid-offsetof -Wno-sign-conversion -Winfinite-recursion -Wmove -Wcomma -Wblock-capture-autoreleasing -Wstrict-prototypes -Wrange-loop-analysis -Wno-semicolon-before-method-body -index-store-path /Users/barriesanders/Library/Developer/Xcode/DerivedData/Gambatte-becswlhcwqssobflxvaxsqpzjhmw/Index.noindex/DataStore @/Users/barriesanders/Library/Developer/Xcode/DerivedData/Gambatte-becswlhcwqssobflxvaxsqpzjhmw/Build/Intermediates.noindex/Gambatte.build/Debug/Gambatte.build/Objects-normal/arm64/82b82416624d2658e5098eb0a28c15c5-common-args.resp -MMD -MT dependencies -MF /Users/barriesanders/Library/Developer/Xcode/DerivedData/Gambatte-becswlhcwqssobflxvaxsqpzjhmw/Build/Intermediates.noindex/Gambatte.build/Debug/Gambatte.build/Objects-normal/arm64/gambatte.d --serialize-diagnostics /Users/barriesanders/Library/Developer/Xcode/DerivedData/Gambatte-becswlhcwqssobflxvaxsqpzjhmw/Build/Intermediates.noindex/Gambatte.build/Debug/Gambatte.build/Objects-normal/arm64/gambatte.dia -c /Users/barriesanders/.gemini/antigravity/scratch/OpenEmu_Port/Gambatte/src/libgambatte/gambatte.cpp -o /Users/barriesanders/Library/Developer/Xcode/DerivedData/Gambatte-becswlhcwqssobflxvaxsqpzjhmw/Build/Intermediates.noindex/Gambatte.build/Debug/Gambatte.build/Objects-normal/arm64/gambatte.o -index-unit-output-path /Gambatte.build/Debug/Gambatte.build/Objects-normal/arm64/gambatte.o
In file included from /Users/barriesanders/.gemini/antigravity/scratch/OpenEmu_Port/Gambatte/src/libgambatte/gambatte.cpp:22:
In file included from /Users/barriesanders/.gemini/antigravity/scratch/OpenEmu_Port/Gambatte/src/libgambatte/cpu.h:22:
In file included from /Users/barriesanders/.gemini/antigravity/scratch/OpenEmu_Port/Gambatte/src/libgambatte/memory.h:27:
In file included from /Users/barriesanders/.gemini/antigravity/scratch/OpenEmu_Port/Gambatte/src/libgambatte/video.h:29:
In file included from /Users/barriesanders/.gemini/antigravity/scratch/OpenEmu_Port/Gambatte/src/libgambatte/video/ppu.h:23:
/Users/barriesanders/.gemini/antigravity/scratch/OpenEmu_Port/Gambatte/src/libgambatte/video/ly_counter.h:39:30: warning: implicit conversion loses integer precision: 'unsigned long' to 'unsigned int' [-Wshorten-64-to-32]
   39 |                 return lcd_cycles_per_line - ((time_ - cc) >> isDoubleSpeed());
      |                 ~~~~~~ ~~~~~~~~~~~~~~~~~~~~^~~~~~~~~~~~~~~~~~~~~~~~~~~~~~~~~~~
1 warning generated.

CompileC /Users/barriesanders/Library/Developer/Xcode/DerivedData/Gambatte-becswlhcwqssobflxvaxsqpzjhmw/Build/Intermediates.noindex/Gambatte.build/Debug/Gambatte.build/Objects-normal/arm64/file.o /Users/barriesanders/.gemini/antigravity/scratch/OpenEmu_Port/Gambatte/src/libgambatte/file/file.cpp normal arm64 c++ com.apple.compilers.llvm.clang.1_0.compiler (in target 'Gambatte' from project 'Gambatte')
    cd /Users/barriesanders/.gemini/antigravity/scratch/OpenEmu_Port/Gambatte
    
    Using response file: /Users/barriesanders/Library/Developer/Xcode/DerivedData/Gambatte-becswlhcwqssobflxvaxsqpzjhmw/Build/Intermediates.noindex/Gambatte.build/Debug/Gambatte.build/Objects-normal/arm64/82b82416624d2658e5098eb0a28c15c5-common-args.resp
    
    /Applications/Xcode.app/Contents/Developer/Toolchains/XcodeDefault.xctoolchain/usr/bin/clang -x c++ -ivfsstatcache /Users/barriesanders/Library/Developer/Xcode/DerivedData/SDKStatCaches.noindex/macosx26.2-25C57-3885c01c3e6b6a337905948deab2002e00fa09913b459cbbc988d1f6730289ae.sdkstatcache -fmessage-length\=0 -fdiagnostics-show-note-include-stack -fmacro-backtrace-limit\=0 -fno-color-diagnostics -fmodules-prune-interval\=86400 -fmodules-prune-after\=345600 -fbuild-session-file\=/Users/barriesanders/Library/Developer/Xcode/DerivedData/ModuleCache.noindex/Session.modulevalidation -fmodules-validate-once-per-build-session -Wnon-modular-include-in-framework-module -Werror\=non-modular-include-in-framework-module -Wno-trigraphs -Wno-missing-field-initializers -Wno-missing-prototypes -Wunreachable-code -Wno-non-virtual-dtor -Wno-overloaded-virtual -Wno-exit-time-destructors -Wno-missing-braces -Wparentheses -Wswitch -Wunused-function -Wno-unused-label -Wno-unused-parameter -Wunused-variable -Wunused-value -Wempty-body -Wuninitialized -Wno-unknown-pragmas -Wno-shadow -Wno-four-char-constants -Wno-conversion -Wconstant-conversion -Wint-conversion -Wbool-conversion -Wenum-conversion -Wno-float-conversion -Wnon-literal-null-conversion -Wobjc-literal-conversion -Wshorten-64-to-32 -Wno-newline-eof -Wno-c++11-extensions -Wno-implicit-fallthrough -fstrict-aliasing -Wdeprecated-declarations -Winvalid-offsetof -Wno-sign-conversion -Winfinite-recursion -Wmove -Wcomma -Wblock-capture-autoreleasing -Wstrict-prototypes -Wrange-loop-analysis -Wno-semicolon-before-method-body -index-store-path /Users/barriesanders/Library/Developer/Xcode/DerivedData/Gambatte-becswlhcwqssobflxvaxsqpzjhmw/Index.noindex/DataStore @/Users/barriesanders/Library/Developer/Xcode/DerivedData/Gambatte-becswlhcwqssobflxvaxsqpzjhmw/Build/Intermediates.noindex/Gambatte.build/Debug/Gambatte.build/Objects-normal/arm64/82b82416624d2658e5098eb0a28c15c5-common-args.resp -MMD -MT dependencies -MF /Users/barriesanders/Library/Developer/Xcode/DerivedData/Gambatte-becswlhcwqssobflxvaxsqpzjhmw/Build/Intermediates.noindex/Gambatte.build/Debug/Gambatte.build/Objects-normal/arm64/file.d --serialize-diagnostics /Users/barriesanders/Library/Developer/Xcode/DerivedData/Gambatte-becswlhcwqssobflxvaxsqpzjhmw/Build/Intermediates.noindex/Gambatte.build/Debug/Gambatte.build/Objects-normal/arm64/file.dia -c /Users/barriesanders/.gemini/antigravity/scratch/OpenEmu_Port/Gambatte/src/libgambatte/file/file.cpp -o /Users/barriesanders/Library/Developer/Xcode/DerivedData/Gambatte-becswlhcwqssobflxvaxsqpzjhmw/Build/Intermediates.noindex/Gambatte.build/Debug/Gambatte.build/Objects-normal/arm64/file.o -index-unit-output-path /Gambatte.build/Debug/Gambatte.build/Objects-normal/arm64/file.o

CompileC /Users/barriesanders/Library/Developer/Xcode/DerivedData/Gambatte-becswlhcwqssobflxvaxsqpzjhmw/Build/Intermediates.noindex/Gambatte.build/Debug/Gambatte.build/Objects-normal/arm64/envelope_unit.o /Users/barriesanders/.gemini/antigravity/scratch/OpenEmu_Port/Gambatte/src/libgambatte/sound/envelope_unit.cpp normal arm64 c++ com.apple.compilers.llvm.clang.1_0.compiler (in target 'Gambatte' from project 'Gambatte')
    cd /Users/barriesanders/.gemini/antigravity/scratch/OpenEmu_Port/Gambatte
    
    Using response file: /Users/barriesanders/Library/Developer/Xcode/DerivedData/Gambatte-becswlhcwqssobflxvaxsqpzjhmw/Build/Intermediates.noindex/Gambatte.build/Debug/Gambatte.build/Objects-normal/arm64/82b82416624d2658e5098eb0a28c15c5-common-args.resp
    
    /Applications/Xcode.app/Contents/Developer/Toolchains/XcodeDefault.xctoolchain/usr/bin/clang -x c++ -ivfsstatcache /Users/barriesanders/Library/Developer/Xcode/DerivedData/SDKStatCaches.noindex/macosx26.2-25C57-3885c01c3e6b6a337905948deab2002e00fa09913b459cbbc988d1f6730289ae.sdkstatcache -fmessage-length\=0 -fdiagnostics-show-note-include-stack -fmacro-backtrace-limit\=0 -fno-color-diagnostics -fmodules-prune-interval\=86400 -fmodules-prune-after\=345600 -fbuild-session-file\=/Users/barriesanders/Library/Developer/Xcode/DerivedData/ModuleCache.noindex/Session.modulevalidation -fmodules-validate-once-per-build-session -Wnon-modular-include-in-framework-module -Werror\=non-modular-include-in-framework-module -Wno-trigraphs -Wno-missing-field-initializers -Wno-missing-prototypes -Wunreachable-code -Wno-non-virtual-dtor -Wno-overloaded-virtual -Wno-exit-time-destructors -Wno-missing-braces -Wparentheses -Wswitch -Wunused-function -Wno-unused-label -Wno-unused-parameter -Wunused-variable -Wunused-value -Wempty-body -Wuninitialized -Wno-unknown-pragmas -Wno-shadow -Wno-four-char-constants -Wno-conversion -Wconstant-conversion -Wint-conversion -Wbool-conversion -Wenum-conversion -Wno-float-conversion -Wnon-literal-null-conversion -Wobjc-literal-conversion -Wshorten-64-to-32 -Wno-newline-eof -Wno-c++11-extensions -Wno-implicit-fallthrough -fstrict-aliasing -Wdeprecated-declarations -Winvalid-offsetof -Wno-sign-conversion -Winfinite-recursion -Wmove -Wcomma -Wblock-capture-autoreleasing -Wstrict-prototypes -Wrange-loop-analysis -Wno-semicolon-before-method-body -index-store-path /Users/barriesanders/Library/Developer/Xcode/DerivedData/Gambatte-becswlhcwqssobflxvaxsqpzjhmw/Index.noindex/DataStore @/Users/barriesanders/Library/Developer/Xcode/DerivedData/Gambatte-becswlhcwqssobflxvaxsqpzjhmw/Build/Intermediates.noindex/Gambatte.build/Debug/Gambatte.build/Objects-normal/arm64/82b82416624d2658e5098eb0a28c15c5-common-args.resp -MMD -MT dependencies -MF /Users/barriesanders/Library/Developer/Xcode/DerivedData/Gambatte-becswlhcwqssobflxvaxsqpzjhmw/Build/Intermediates.noindex/Gambatte.build/Debug/Gambatte.build/Objects-normal/arm64/envelope_unit.d --serialize-diagnostics /Users/barriesanders/Library/Developer/Xcode/DerivedData/Gambatte-becswlhcwqssobflxvaxsqpzjhmw/Build/Intermediates.noindex/Gambatte.build/Debug/Gambatte.build/Objects-normal/arm64/envelope_unit.dia -c /Users/barriesanders/.gemini/antigravity/scratch/OpenEmu_Port/Gambatte/src/libgambatte/sound/envelope_unit.cpp -o /Users/barriesanders/Library/Developer/Xcode/DerivedData/Gambatte-becswlhcwqssobflxvaxsqpzjhmw/Build/Intermediates.noindex/Gambatte.build/Debug/Gambatte.build/Objects-normal/arm64/envelope_unit.o -index-unit-output-path /Gambatte.build/Debug/Gambatte.build/Objects-normal/arm64/envelope_unit.o

CompileC /Users/barriesanders/Library/Developer/Xcode/DerivedData/Gambatte-becswlhcwqssobflxvaxsqpzjhmw/Build/Intermediates.noindex/Gambatte.build/Debug/Gambatte.build/Objects-normal/arm64/duty_unit.o /Users/barriesanders/.gemini/antigravity/scratch/OpenEmu_Port/Gambatte/src/libgambatte/sound/duty_unit.cpp normal arm64 c++ com.apple.compilers.llvm.clang.1_0.compiler (in target 'Gambatte' from project 'Gambatte')
    cd /Users/barriesanders/.gemini/antigravity/scratch/OpenEmu_Port/Gambatte
    
    Using response file: /Users/barriesanders/Library/Developer/Xcode/DerivedData/Gambatte-becswlhcwqssobflxvaxsqpzjhmw/Build/Intermediates.noindex/Gambatte.build/Debug/Gambatte.build/Objects-normal/arm64/82b82416624d2658e5098eb0a28c15c5-common-args.resp
    
    /Applications/Xcode.app/Contents/Developer/Toolchains/XcodeDefault.xctoolchain/usr/bin/clang -x c++ -ivfsstatcache /Users/barriesanders/Library/Developer/Xcode/DerivedData/SDKStatCaches.noindex/macosx26.2-25C57-3885c01c3e6b6a337905948deab2002e00fa09913b459cbbc988d1f6730289ae.sdkstatcache -fmessage-length\=0 -fdiagnostics-show-note-include-stack -fmacro-backtrace-limit\=0 -fno-color-diagnostics -fmodules-prune-interval\=86400 -fmodules-prune-after\=345600 -fbuild-session-file\=/Users/barriesanders/Library/Developer/Xcode/DerivedData/ModuleCache.noindex/Session.modulevalidation -fmodules-validate-once-per-build-session -Wnon-modular-include-in-framework-module -Werror\=non-modular-include-in-framework-module -Wno-trigraphs -Wno-missing-field-initializers -Wno-missing-prototypes -Wunreachable-code -Wno-non-virtual-dtor -Wno-overloaded-virtual -Wno-exit-time-destructors -Wno-missing-braces -Wparentheses -Wswitch -Wunused-function -Wno-unused-label -Wno-unused-parameter -Wunused-variable -Wunused-value -Wempty-body -Wuninitialized -Wno-unknown-pragmas -Wno-shadow -Wno-four-char-constants -Wno-conversion -Wconstant-conversion -Wint-conversion -Wbool-conversion -Wenum-conversion -Wno-float-conversion -Wnon-literal-null-conversion -Wobjc-literal-conversion -Wshorten-64-to-32 -Wno-newline-eof -Wno-c++11-extensions -Wno-implicit-fallthrough -fstrict-aliasing -Wdeprecated-declarations -Winvalid-offsetof -Wno-sign-conversion -Winfinite-recursion -Wmove -Wcomma -Wblock-capture-autoreleasing -Wstrict-prototypes -Wrange-loop-analysis -Wno-semicolon-before-method-body -index-store-path /Users/barriesanders/Library/Developer/Xcode/DerivedData/Gambatte-becswlhcwqssobflxvaxsqpzjhmw/Index.noindex/DataStore @/Users/barriesanders/Library/Developer/Xcode/DerivedData/Gambatte-becswlhcwqssobflxvaxsqpzjhmw/Build/Intermediates.noindex/Gambatte.build/Debug/Gambatte.build/Objects-normal/arm64/82b82416624d2658e5098eb0a28c15c5-common-args.resp -MMD -MT dependencies -MF /Users/barriesanders/Library/Developer/Xcode/DerivedData/Gambatte-becswlhcwqssobflxvaxsqpzjhmw/Build/Intermediates.noindex/Gambatte.build/Debug/Gambatte.build/Objects-normal/arm64/duty_unit.d --serialize-diagnostics /Users/barriesanders/Library/Developer/Xcode/DerivedData/Gambatte-becswlhcwqssobflxvaxsqpzjhmw/Build/Intermediates.noindex/Gambatte.build/Debug/Gambatte.build/Objects-normal/arm64/duty_unit.dia -c /Users/barriesanders/.gemini/antigravity/scratch/OpenEmu_Port/Gambatte/src/libgambatte/sound/duty_unit.cpp -o /Users/barriesanders/Library/Developer/Xcode/DerivedData/Gambatte-becswlhcwqssobflxvaxsqpzjhmw/Build/Intermediates.noindex/Gambatte.build/Debug/Gambatte.build/Objects-normal/arm64/duty_unit.o -index-unit-output-path /Gambatte.build/Debug/Gambatte.build/Objects-normal/arm64/duty_unit.o

CompileC /Users/barriesanders/Library/Developer/Xcode/DerivedData/Gambatte-becswlhcwqssobflxvaxsqpzjhmw/Build/Intermediates.noindex/Gambatte.build/Debug/Gambatte.build/Objects-normal/arm64/cpu.o /Users/barriesanders/.gemini/antigravity/scratch/OpenEmu_Port/Gambatte/src/libgambatte/cpu.cpp normal arm64 c++ com.apple.compilers.llvm.clang.1_0.compiler (in target 'Gambatte' from project 'Gambatte')
    cd /Users/barriesanders/.gemini/antigravity/scratch/OpenEmu_Port/Gambatte
    
    Using response file: /Users/barriesanders/Library/Developer/Xcode/DerivedData/Gambatte-becswlhcwqssobflxvaxsqpzjhmw/Build/Intermediates.noindex/Gambatte.build/Debug/Gambatte.build/Objects-normal/arm64/82b82416624d2658e5098eb0a28c15c5-common-args.resp
    
    /Applications/Xcode.app/Contents/Developer/Toolchains/XcodeDefault.xctoolchain/usr/bin/clang -x c++ -ivfsstatcache /Users/barriesanders/Library/Developer/Xcode/DerivedData/SDKStatCaches.noindex/macosx26.2-25C57-3885c01c3e6b6a337905948deab2002e00fa09913b459cbbc988d1f6730289ae.sdkstatcache -fmessage-length\=0 -fdiagnostics-show-note-include-stack -fmacro-backtrace-limit\=0 -fno-color-diagnostics -fmodules-prune-interval\=86400 -fmodules-prune-after\=345600 -fbuild-session-file\=/Users/barriesanders/Library/Developer/Xcode/DerivedData/ModuleCache.noindex/Session.modulevalidation -fmodules-validate-once-per-build-session -Wnon-modular-include-in-framework-module -Werror\=non-modular-include-in-framework-module -Wno-trigraphs -Wno-missing-field-initializers -Wno-missing-prototypes -Wunreachable-code -Wno-non-virtual-dtor -Wno-overloaded-virtual -Wno-exit-time-destructors -Wno-missing-braces -Wparentheses -Wswitch -Wunused-function -Wno-unused-label -Wno-unused-parameter -Wunused-variable -Wunused-value -Wempty-body -Wuninitialized -Wno-unknown-pragmas -Wno-shadow -Wno-four-char-constants -Wno-conversion -Wconstant-conversion -Wint-conversion -Wbool-conversion -Wenum-conversion -Wno-float-conversion -Wnon-literal-null-conversion -Wobjc-literal-conversion -Wshorten-64-to-32 -Wno-newline-eof -Wno-c++11-extensions -Wno-implicit-fallthrough -fstrict-aliasing -Wdeprecated-declarations -Winvalid-offsetof -Wno-sign-conversion -Winfinite-recursion -Wmove -Wcomma -Wblock-capture-autoreleasing -Wstrict-prototypes -Wrange-loop-analysis -Wno-semicolon-before-method-body -index-store-path /Users/barriesanders/Library/Developer/Xcode/DerivedData/Gambatte-becswlhcwqssobflxvaxsqpzjhmw/Index.noindex/DataStore @/Users/barriesanders/Library/Developer/Xcode/DerivedData/Gambatte-becswlhcwqssobflxvaxsqpzjhmw/Build/Intermediates.noindex/Gambatte.build/Debug/Gambatte.build/Objects-normal/arm64/82b82416624d2658e5098eb0a28c15c5-common-args.resp -MMD -MT dependencies -MF /Users/barriesanders/Library/Developer/Xcode/DerivedData/Gambatte-becswlhcwqssobflxvaxsqpzjhmw/Build/Intermediates.noindex/Gambatte.build/Debug/Gambatte.build/Objects-normal/arm64/cpu.d --serialize-diagnostics /Users/barriesanders/Library/Developer/Xcode/DerivedData/Gambatte-becswlhcwqssobflxvaxsqpzjhmw/Build/Intermediates.noindex/Gambatte.build/Debug/Gambatte.build/Objects-normal/arm64/cpu.dia -c /Users/barriesanders/.gemini/antigravity/scratch/OpenEmu_Port/Gambatte/src/libgambatte/cpu.cpp -o /Users/barriesanders/Library/Developer/Xcode/DerivedData/Gambatte-becswlhcwqssobflxvaxsqpzjhmw/Build/Intermediates.noindex/Gambatte.build/Debug/Gambatte.build/Objects-normal/arm64/cpu.o -index-unit-output-path /Gambatte.build/Debug/Gambatte.build/Objects-normal/arm64/cpu.o
In file included from /Users/barriesanders/.gemini/antigravity/scratch/OpenEmu_Port/Gambatte/src/libgambatte/cpu.cpp:19:
In file included from /Users/barriesanders/.gemini/antigravity/scratch/OpenEmu_Port/Gambatte/src/libgambatte/cpu.h:22:
In file included from /Users/barriesanders/.gemini/antigravity/scratch/OpenEmu_Port/Gambatte/src/libgambatte/memory.h:27:
In file included from /Users/barriesanders/.gemini/antigravity/scratch/OpenEmu_Port/Gambatte/src/libgambatte/video.h:29:
In file included from /Users/barriesanders/.gemini/antigravity/scratch/OpenEmu_Port/Gambatte/src/libgambatte/video/ppu.h:23:
/Users/barriesanders/.gemini/antigravity/scratch/OpenEmu_Port/Gambatte/src/libgambatte/video/ly_counter.h:39:30: warning: implicit conversion loses integer precision: 'unsigned long' to 'unsigned int' [-Wshorten-64-to-32]
   39 |                 return lcd_cycles_per_line - ((time_ - cc) >> isDoubleSpeed());
      |                 ~~~~~~ ~~~~~~~~~~~~~~~~~~~~^~~~~~~~~~~~~~~~~~~~~~~~~~~~~~~~~~~
1 warning generated.

CompileC /Users/barriesanders/Library/Developer/Xcode/DerivedData/Gambatte-becswlhcwqssobflxvaxsqpzjhmw/Build/Intermediates.noindex/Gambatte.build/Debug/Gambatte.build/Objects-normal/arm64/channel4.o /Users/barriesanders/.gemini/antigravity/scratch/OpenEmu_Port/Gambatte/src/libgambatte/sound/channel4.cpp normal arm64 c++ com.apple.compilers.llvm.clang.1_0.compiler (in target 'Gambatte' from project 'Gambatte')
    cd /Users/barriesanders/.gemini/antigravity/scratch/OpenEmu_Port/Gambatte
    
    Using response file: /Users/barriesanders/Library/Developer/Xcode/DerivedData/Gambatte-becswlhcwqssobflxvaxsqpzjhmw/Build/Intermediates.noindex/Gambatte.build/Debug/Gambatte.build/Objects-normal/arm64/82b82416624d2658e5098eb0a28c15c5-common-args.resp
    
    /Applications/Xcode.app/Contents/Developer/Toolchains/XcodeDefault.xctoolchain/usr/bin/clang -x c++ -ivfsstatcache /Users/barriesanders/Library/Developer/Xcode/DerivedData/SDKStatCaches.noindex/macosx26.2-25C57-3885c01c3e6b6a337905948deab2002e00fa09913b459cbbc988d1f6730289ae.sdkstatcache -fmessage-length\=0 -fdiagnostics-show-note-include-stack -fmacro-backtrace-limit\=0 -fno-color-diagnostics -fmodules-prune-interval\=86400 -fmodules-prune-after\=345600 -fbuild-session-file\=/Users/barriesanders/Library/Developer/Xcode/DerivedData/ModuleCache.noindex/Session.modulevalidation -fmodules-validate-once-per-build-session -Wnon-modular-include-in-framework-module -Werror\=non-modular-include-in-framework-module -Wno-trigraphs -Wno-missing-field-initializers -Wno-missing-prototypes -Wunreachable-code -Wno-non-virtual-dtor -Wno-overloaded-virtual -Wno-exit-time-destructors -Wno-missing-braces -Wparentheses -Wswitch -Wunused-function -Wno-unused-label -Wno-unused-parameter -Wunused-variable -Wunused-value -Wempty-body -Wuninitialized -Wno-unknown-pragmas -Wno-shadow -Wno-four-char-constants -Wno-conversion -Wconstant-conversion -Wint-conversion -Wbool-conversion -Wenum-conversion -Wno-float-conversion -Wnon-literal-null-conversion -Wobjc-literal-conversion -Wshorten-64-to-32 -Wno-newline-eof -Wno-c++11-extensions -Wno-implicit-fallthrough -fstrict-aliasing -Wdeprecated-declarations -Winvalid-offsetof -Wno-sign-conversion -Winfinite-recursion -Wmove -Wcomma -Wblock-capture-autoreleasing -Wstrict-prototypes -Wrange-loop-analysis -Wno-semicolon-before-method-body -index-store-path /Users/barriesanders/Library/Developer/Xcode/DerivedData/Gambatte-becswlhcwqssobflxvaxsqpzjhmw/Index.noindex/DataStore @/Users/barriesanders/Library/Developer/Xcode/DerivedData/Gambatte-becswlhcwqssobflxvaxsqpzjhmw/Build/Intermediates.noindex/Gambatte.build/Debug/Gambatte.build/Objects-normal/arm64/82b82416624d2658e5098eb0a28c15c5-common-args.resp -MMD -MT dependencies -MF /Users/barriesanders/Library/Developer/Xcode/DerivedData/Gambatte-becswlhcwqssobflxvaxsqpzjhmw/Build/Intermediates.noindex/Gambatte.build/Debug/Gambatte.build/Objects-normal/arm64/channel4.d --serialize-diagnostics /Users/barriesanders/Library/Developer/Xcode/DerivedData/Gambatte-becswlhcwqssobflxvaxsqpzjhmw/Build/Intermediates.noindex/Gambatte.build/Debug/Gambatte.build/Objects-normal/arm64/channel4.dia -c /Users/barriesanders/.gemini/antigravity/scratch/OpenEmu_Port/Gambatte/src/libgambatte/sound/channel4.cpp -o /Users/barriesanders/Library/Developer/Xcode/DerivedData/Gambatte-becswlhcwqssobflxvaxsqpzjhmw/Build/Intermediates.noindex/Gambatte.build/Debug/Gambatte.build/Objects-normal/arm64/channel4.o -index-unit-output-path /Gambatte.build/Debug/Gambatte.build/Objects-normal/arm64/channel4.o

CompileC /Users/barriesanders/Library/Developer/Xcode/DerivedData/Gambatte-becswlhcwqssobflxvaxsqpzjhmw/Build/Intermediates.noindex/Gambatte.build/Debug/Gambatte.build/Objects-normal/arm64/channel3.o /Users/barriesanders/.gemini/antigravity/scratch/OpenEmu_Port/Gambatte/src/libgambatte/sound/channel3.cpp normal arm64 c++ com.apple.compilers.llvm.clang.1_0.compiler (in target 'Gambatte' from project 'Gambatte')
    cd /Users/barriesanders/.gemini/antigravity/scratch/OpenEmu_Port/Gambatte
    
    Using response file: /Users/barriesanders/Library/Developer/Xcode/DerivedData/Gambatte-becswlhcwqssobflxvaxsqpzjhmw/Build/Intermediates.noindex/Gambatte.build/Debug/Gambatte.build/Objects-normal/arm64/82b82416624d2658e5098eb0a28c15c5-common-args.resp
    
    /Applications/Xcode.app/Contents/Developer/Toolchains/XcodeDefault.xctoolchain/usr/bin/clang -x c++ -ivfsstatcache /Users/barriesanders/Library/Developer/Xcode/DerivedData/SDKStatCaches.noindex/macosx26.2-25C57-3885c01c3e6b6a337905948deab2002e00fa09913b459cbbc988d1f6730289ae.sdkstatcache -fmessage-length\=0 -fdiagnostics-show-note-include-stack -fmacro-backtrace-limit\=0 -fno-color-diagnostics -fmodules-prune-interval\=86400 -fmodules-prune-after\=345600 -fbuild-session-file\=/Users/barriesanders/Library/Developer/Xcode/DerivedData/ModuleCache.noindex/Session.modulevalidation -fmodules-validate-once-per-build-session -Wnon-modular-include-in-framework-module -Werror\=non-modular-include-in-framework-module -Wno-trigraphs -Wno-missing-field-initializers -Wno-missing-prototypes -Wunreachable-code -Wno-non-virtual-dtor -Wno-overloaded-virtual -Wno-exit-time-destructors -Wno-missing-braces -Wparentheses -Wswitch -Wunused-function -Wno-unused-label -Wno-unused-parameter -Wunused-variable -Wunused-value -Wempty-body -Wuninitialized -Wno-unknown-pragmas -Wno-shadow -Wno-four-char-constants -Wno-conversion -Wconstant-conversion -Wint-conversion -Wbool-conversion -Wenum-conversion -Wno-float-conversion -Wnon-literal-null-conversion -Wobjc-literal-conversion -Wshorten-64-to-32 -Wno-newline-eof -Wno-c++11-extensions -Wno-implicit-fallthrough -fstrict-aliasing -Wdeprecated-declarations -Winvalid-offsetof -Wno-sign-conversion -Winfinite-recursion -Wmove -Wcomma -Wblock-capture-autoreleasing -Wstrict-prototypes -Wrange-loop-analysis -Wno-semicolon-before-method-body -index-store-path /Users/barriesanders/Library/Developer/Xcode/DerivedData/Gambatte-becswlhcwqssobflxvaxsqpzjhmw/Index.noindex/DataStore @/Users/barriesanders/Library/Developer/Xcode/DerivedData/Gambatte-becswlhcwqssobflxvaxsqpzjhmw/Build/Intermediates.noindex/Gambatte.build/Debug/Gambatte.build/Objects-normal/arm64/82b82416624d2658e5098eb0a28c15c5-common-args.resp -MMD -MT dependencies -MF /Users/barriesanders/Library/Developer/Xcode/DerivedData/Gambatte-becswlhcwqssobflxvaxsqpzjhmw/Build/Intermediates.noindex/Gambatte.build/Debug/Gambatte.build/Objects-normal/arm64/channel3.d --serialize-diagnostics /Users/barriesanders/Library/Developer/Xcode/DerivedData/Gambatte-becswlhcwqssobflxvaxsqpzjhmw/Build/Intermediates.noindex/Gambatte.build/Debug/Gambatte.build/Objects-normal/arm64/channel3.dia -c /Users/barriesanders/.gemini/antigravity/scratch/OpenEmu_Port/Gambatte/src/libgambatte/sound/channel3.cpp -o /Users/barriesanders/Library/Developer/Xcode/DerivedData/Gambatte-becswlhcwqssobflxvaxsqpzjhmw/Build/Intermediates.noindex/Gambatte.build/Debug/Gambatte.build/Objects-normal/arm64/channel3.o -index-unit-output-path /Gambatte.build/Debug/Gambatte.build/Objects-normal/arm64/channel3.o

CompileC /Users/barriesanders/Library/Developer/Xcode/DerivedData/Gambatte-becswlhcwqssobflxvaxsqpzjhmw/Build/Intermediates.noindex/Gambatte.build/Debug/Gambatte.build/Objects-normal/arm64/channel2.o /Users/barriesanders/.gemini/antigravity/scratch/OpenEmu_Port/Gambatte/src/libgambatte/sound/channel2.cpp normal arm64 c++ com.apple.compilers.llvm.clang.1_0.compiler (in target 'Gambatte' from project 'Gambatte')
    cd /Users/barriesanders/.gemini/antigravity/scratch/OpenEmu_Port/Gambatte
    
    Using response file: /Users/barriesanders/Library/Developer/Xcode/DerivedData/Gambatte-becswlhcwqssobflxvaxsqpzjhmw/Build/Intermediates.noindex/Gambatte.build/Debug/Gambatte.build/Objects-normal/arm64/82b82416624d2658e5098eb0a28c15c5-common-args.resp
    
    /Applications/Xcode.app/Contents/Developer/Toolchains/XcodeDefault.xctoolchain/usr/bin/clang -x c++ -ivfsstatcache /Users/barriesanders/Library/Developer/Xcode/DerivedData/SDKStatCaches.noindex/macosx26.2-25C57-3885c01c3e6b6a337905948deab2002e00fa09913b459cbbc988d1f6730289ae.sdkstatcache -fmessage-length\=0 -fdiagnostics-show-note-include-stack -fmacro-backtrace-limit\=0 -fno-color-diagnostics -fmodules-prune-interval\=86400 -fmodules-prune-after\=345600 -fbuild-session-file\=/Users/barriesanders/Library/Developer/Xcode/DerivedData/ModuleCache.noindex/Session.modulevalidation -fmodules-validate-once-per-build-session -Wnon-modular-include-in-framework-module -Werror\=non-modular-include-in-framework-module -Wno-trigraphs -Wno-missing-field-initializers -Wno-missing-prototypes -Wunreachable-code -Wno-non-virtual-dtor -Wno-overloaded-virtual -Wno-exit-time-destructors -Wno-missing-braces -Wparentheses -Wswitch -Wunused-function -Wno-unused-label -Wno-unused-parameter -Wunused-variable -Wunused-value -Wempty-body -Wuninitialized -Wno-unknown-pragmas -Wno-shadow -Wno-four-char-constants -Wno-conversion -Wconstant-conversion -Wint-conversion -Wbool-conversion -Wenum-conversion -Wno-float-conversion -Wnon-literal-null-conversion -Wobjc-literal-conversion -Wshorten-64-to-32 -Wno-newline-eof -Wno-c++11-extensions -Wno-implicit-fallthrough -fstrict-aliasing -Wdeprecated-declarations -Winvalid-offsetof -Wno-sign-conversion -Winfinite-recursion -Wmove -Wcomma -Wblock-capture-autoreleasing -Wstrict-prototypes -Wrange-loop-analysis -Wno-semicolon-before-method-body -index-store-path /Users/barriesanders/Library/Developer/Xcode/DerivedData/Gambatte-becswlhcwqssobflxvaxsqpzjhmw/Index.noindex/DataStore @/Users/barriesanders/Library/Developer/Xcode/DerivedData/Gambatte-becswlhcwqssobflxvaxsqpzjhmw/Build/Intermediates.noindex/Gambatte.build/Debug/Gambatte.build/Objects-normal/arm64/82b82416624d2658e5098eb0a28c15c5-common-args.resp -MMD -MT dependencies -MF /Users/barriesanders/Library/Developer/Xcode/DerivedData/Gambatte-becswlhcwqssobflxvaxsqpzjhmw/Build/Intermediates.noindex/Gambatte.build/Debug/Gambatte.build/Objects-normal/arm64/channel2.d --serialize-diagnostics /Users/barriesanders/Library/Developer/Xcode/DerivedData/Gambatte-becswlhcwqssobflxvaxsqpzjhmw/Build/Intermediates.noindex/Gambatte.build/Debug/Gambatte.build/Objects-normal/arm64/channel2.dia -c /Users/barriesanders/.gemini/antigravity/scratch/OpenEmu_Port/Gambatte/src/libgambatte/sound/channel2.cpp -o /Users/barriesanders/Library/Developer/Xcode/DerivedData/Gambatte-becswlhcwqssobflxvaxsqpzjhmw/Build/Intermediates.noindex/Gambatte.build/Debug/Gambatte.build/Objects-normal/arm64/channel2.o -index-unit-output-path /Gambatte.build/Debug/Gambatte.build/Objects-normal/arm64/channel2.o

CompileC /Users/barriesanders/Library/Developer/Xcode/DerivedData/Gambatte-becswlhcwqssobflxvaxsqpzjhmw/Build/Intermediates.noindex/Gambatte.build/Debug/Gambatte.build/Objects-normal/arm64/channel1.o /Users/barriesanders/.gemini/antigravity/scratch/OpenEmu_Port/Gambatte/src/libgambatte/sound/channel1.cpp normal arm64 c++ com.apple.compilers.llvm.clang.1_0.compiler (in target 'Gambatte' from project 'Gambatte')
    cd /Users/barriesanders/.gemini/antigravity/scratch/OpenEmu_Port/Gambatte
    
    Using response file: /Users/barriesanders/Library/Developer/Xcode/DerivedData/Gambatte-becswlhcwqssobflxvaxsqpzjhmw/Build/Intermediates.noindex/Gambatte.build/Debug/Gambatte.build/Objects-normal/arm64/82b82416624d2658e5098eb0a28c15c5-common-args.resp
    
    /Applications/Xcode.app/Contents/Developer/Toolchains/XcodeDefault.xctoolchain/usr/bin/clang -x c++ -ivfsstatcache /Users/barriesanders/Library/Developer/Xcode/DerivedData/SDKStatCaches.noindex/macosx26.2-25C57-3885c01c3e6b6a337905948deab2002e00fa09913b459cbbc988d1f6730289ae.sdkstatcache -fmessage-length\=0 -fdiagnostics-show-note-include-stack -fmacro-backtrace-limit\=0 -fno-color-diagnostics -fmodules-prune-interval\=86400 -fmodules-prune-after\=345600 -fbuild-session-file\=/Users/barriesanders/Library/Developer/Xcode/DerivedData/ModuleCache.noindex/Session.modulevalidation -fmodules-validate-once-per-build-session -Wnon-modular-include-in-framework-module -Werror\=non-modular-include-in-framework-module -Wno-trigraphs -Wno-missing-field-initializers -Wno-missing-prototypes -Wunreachable-code -Wno-non-virtual-dtor -Wno-overloaded-virtual -Wno-exit-time-destructors -Wno-missing-braces -Wparentheses -Wswitch -Wunused-function -Wno-unused-label -Wno-unused-parameter -Wunused-variable -Wunused-value -Wempty-body -Wuninitialized -Wno-unknown-pragmas -Wno-shadow -Wno-four-char-constants -Wno-conversion -Wconstant-conversion -Wint-conversion -Wbool-conversion -Wenum-conversion -Wno-float-conversion -Wnon-literal-null-conversion -Wobjc-literal-conversion -Wshorten-64-to-32 -Wno-newline-eof -Wno-c++11-extensions -Wno-implicit-fallthrough -fstrict-aliasing -Wdeprecated-declarations -Winvalid-offsetof -Wno-sign-conversion -Winfinite-recursion -Wmove -Wcomma -Wblock-capture-autoreleasing -Wstrict-prototypes -Wrange-loop-analysis -Wno-semicolon-before-method-body -index-store-path /Users/barriesanders/Library/Developer/Xcode/DerivedData/Gambatte-becswlhcwqssobflxvaxsqpzjhmw/Index.noindex/DataStore @/Users/barriesanders/Library/Developer/Xcode/DerivedData/Gambatte-becswlhcwqssobflxvaxsqpzjhmw/Build/Intermediates.noindex/Gambatte.build/Debug/Gambatte.build/Objects-normal/arm64/82b82416624d2658e5098eb0a28c15c5-common-args.resp -MMD -MT dependencies -MF /Users/barriesanders/Library/Developer/Xcode/DerivedData/Gambatte-becswlhcwqssobflxvaxsqpzjhmw/Build/Intermediates.noindex/Gambatte.build/Debug/Gambatte.build/Objects-normal/arm64/channel1.d --serialize-diagnostics /Users/barriesanders/Library/Developer/Xcode/DerivedData/Gambatte-becswlhcwqssobflxvaxsqpzjhmw/Build/Intermediates.noindex/Gambatte.build/Debug/Gambatte.build/Objects-normal/arm64/channel1.dia -c /Users/barriesanders/.gemini/antigravity/scratch/OpenEmu_Port/Gambatte/src/libgambatte/sound/channel1.cpp -o /Users/barriesanders/Library/Developer/Xcode/DerivedData/Gambatte-becswlhcwqssobflxvaxsqpzjhmw/Build/Intermediates.noindex/Gambatte.build/Debug/Gambatte.build/Objects-normal/arm64/channel1.o -index-unit-output-path /Gambatte.build/Debug/Gambatte.build/Objects-normal/arm64/channel1.o
/Users/barriesanders/.gemini/antigravity/scratch/OpenEmu_Port/Gambatte/src/libgambatte/sound/channel1.cpp:221:15: warning: implicit conversion loses integer precision: 'unsigned long' to 'uint_least32_t' (aka 'unsigned int') [-Wshorten-64-to-32]
  221 |                         *buf = out - prevOut_;
      |                              ~ ~~~~^~~~~~~~~~
/Users/barriesanders/.gemini/antigravity/scratch/OpenEmu_Port/Gambatte/src/libgambatte/sound/channel1.cpp:229:15: warning: implicit conversion loses integer precision: 'unsigned long' to 'uint_least32_t' (aka 'unsigned int') [-Wshorten-64-to-32]
  229 |                         *buf = out - prevOut_;
      |                              ~ ~~~~^~~~~~~~~~
2 warnings generated.

CompileC /Users/barriesanders/Library/Developer/Xcode/DerivedData/Gambatte-becswlhcwqssobflxvaxsqpzjhmw/Build/Intermediates.noindex/Gambatte.build/Debug/Gambatte.build/Objects-normal/arm64/chainresampler.o /Users/barriesanders/.gemini/antigravity/scratch/OpenEmu_Port/Gambatte/src/resample/chainresampler.cpp normal arm64 c++ com.apple.compilers.llvm.clang.1_0.compiler (in target 'Gambatte' from project 'Gambatte')
    cd /Users/barriesanders/.gemini/antigravity/scratch/OpenEmu_Port/Gambatte
    
    Using response file: /Users/barriesanders/Library/Developer/Xcode/DerivedData/Gambatte-becswlhcwqssobflxvaxsqpzjhmw/Build/Intermediates.noindex/Gambatte.build/Debug/Gambatte.build/Objects-normal/arm64/82b82416624d2658e5098eb0a28c15c5-common-args.resp
    
    /Applications/Xcode.app/Contents/Developer/Toolchains/XcodeDefault.xctoolchain/usr/bin/clang -x c++ -ivfsstatcache /Users/barriesanders/Library/Developer/Xcode/DerivedData/SDKStatCaches.noindex/macosx26.2-25C57-3885c01c3e6b6a337905948deab2002e00fa09913b459cbbc988d1f6730289ae.sdkstatcache -fmessage-length\=0 -fdiagnostics-show-note-include-stack -fmacro-backtrace-limit\=0 -fno-color-diagnostics -fmodules-prune-interval\=86400 -fmodules-prune-after\=345600 -fbuild-session-file\=/Users/barriesanders/Library/Developer/Xcode/DerivedData/ModuleCache.noindex/Session.modulevalidation -fmodules-validate-once-per-build-session -Wnon-modular-include-in-framework-module -Werror\=non-modular-include-in-framework-module -Wno-trigraphs -Wno-missing-field-initializers -Wno-missing-prototypes -Wunreachable-code -Wno-non-virtual-dtor -Wno-overloaded-virtual -Wno-exit-time-destructors -Wno-missing-braces -Wparentheses -Wswitch -Wunused-function -Wno-unused-label -Wno-unused-parameter -Wunused-variable -Wunused-value -Wempty-body -Wuninitialized -Wno-unknown-pragmas -Wno-shadow -Wno-four-char-constants -Wno-conversion -Wconstant-conversion -Wint-conversion -Wbool-conversion -Wenum-conversion -Wno-float-conversion -Wnon-literal-null-conversion -Wobjc-literal-conversion -Wshorten-64-to-32 -Wno-newline-eof -Wno-c++11-extensions -Wno-implicit-fallthrough -fstrict-aliasing -Wdeprecated-declarations -Winvalid-offsetof -Wno-sign-conversion -Winfinite-recursion -Wmove -Wcomma -Wblock-capture-autoreleasing -Wstrict-prototypes -Wrange-loop-analysis -Wno-semicolon-before-method-body -index-store-path /Users/barriesanders/Library/Developer/Xcode/DerivedData/Gambatte-becswlhcwqssobflxvaxsqpzjhmw/Index.noindex/DataStore @/Users/barriesanders/Library/Developer/Xcode/DerivedData/Gambatte-becswlhcwqssobflxvaxsqpzjhmw/Build/Intermediates.noindex/Gambatte.build/Debug/Gambatte.build/Objects-normal/arm64/82b82416624d2658e5098eb0a28c15c5-common-args.resp -MMD -MT dependencies -MF /Users/barriesanders/Library/Developer/Xcode/DerivedData/Gambatte-becswlhcwqssobflxvaxsqpzjhmw/Build/Intermediates.noindex/Gambatte.build/Debug/Gambatte.build/Objects-normal/arm64/chainresampler.d --serialize-diagnostics /Users/barriesanders/Library/Developer/Xcode/DerivedData/Gambatte-becswlhcwqssobflxvaxsqpzjhmw/Build/Intermediates.noindex/Gambatte.build/Debug/Gambatte.build/Objects-normal/arm64/chainresampler.dia -c /Users/barriesanders/.gemini/antigravity/scratch/OpenEmu_Port/Gambatte/src/resample/chainresampler.cpp -o /Users/barriesanders/Library/Developer/Xcode/DerivedData/Gambatte-becswlhcwqssobflxvaxsqpzjhmw/Build/Intermediates.noindex/Gambatte.build/Debug/Gambatte.build/Objects-normal/arm64/chainresampler.o -index-unit-output-path /Gambatte.build/Debug/Gambatte.build/Objects-normal/arm64/chainresampler.o
/Users/barriesanders/.gemini/antigravity/scratch/OpenEmu_Port/Gambatte/src/resample/chainresampler.cpp:144:27: warning: implicit conversion loses integer precision: 'long' to 'const int' [-Wshorten-64-to-32]
  144 |                 int const div = outRate / std::max(inRate, 40000l);
      |                           ~~~   ~~~~~~~~^~~~~~~~~~~~~~~~~~~~~~~~~~
1 warning generated.

CompileC /Users/barriesanders/Library/Developer/Xcode/DerivedData/Gambatte-becswlhcwqssobflxvaxsqpzjhmw/Build/Intermediates.noindex/Gambatte.build/Debug/Gambatte.build/Objects-normal/arm64/cartridge.o /Users/barriesanders/.gemini/antigravity/scratch/OpenEmu_Port/Gambatte/src/libgambatte/mem/cartridge.cpp normal arm64 c++ com.apple.compilers.llvm.clang.1_0.compiler (in target 'Gambatte' from project 'Gambatte')
    cd /Users/barriesanders/.gemini/antigravity/scratch/OpenEmu_Port/Gambatte
    
    Using response file: /Users/barriesanders/Library/Developer/Xcode/DerivedData/Gambatte-becswlhcwqssobflxvaxsqpzjhmw/Build/Intermediates.noindex/Gambatte.build/Debug/Gambatte.build/Objects-normal/arm64/82b82416624d2658e5098eb0a28c15c5-common-args.resp
    
    /Applications/Xcode.app/Contents/Developer/Toolchains/XcodeDefault.xctoolchain/usr/bin/clang -x c++ -ivfsstatcache /Users/barriesanders/Library/Developer/Xcode/DerivedData/SDKStatCaches.noindex/macosx26.2-25C57-3885c01c3e6b6a337905948deab2002e00fa09913b459cbbc988d1f6730289ae.sdkstatcache -fmessage-length\=0 -fdiagnostics-show-note-include-stack -fmacro-backtrace-limit\=0 -fno-color-diagnostics -fmodules-prune-interval\=86400 -fmodules-prune-after\=345600 -fbuild-session-file\=/Users/barriesanders/Library/Developer/Xcode/DerivedData/ModuleCache.noindex/Session.modulevalidation -fmodules-validate-once-per-build-session -Wnon-modular-include-in-framework-module -Werror\=non-modular-include-in-framework-module -Wno-trigraphs -Wno-missing-field-initializers -Wno-missing-prototypes -Wunreachable-code -Wno-non-virtual-dtor -Wno-overloaded-virtual -Wno-exit-time-destructors -Wno-missing-braces -Wparentheses -Wswitch -Wunused-function -Wno-unused-label -Wno-unused-parameter -Wunused-variable -Wunused-value -Wempty-body -Wuninitialized -Wno-unknown-pragmas -Wno-shadow -Wno-four-char-constants -Wno-conversion -Wconstant-conversion -Wint-conversion -Wbool-conversion -Wenum-conversion -Wno-float-conversion -Wnon-literal-null-conversion -Wobjc-literal-conversion -Wshorten-64-to-32 -Wno-newline-eof -Wno-c++11-extensions -Wno-implicit-fallthrough -fstrict-aliasing -Wdeprecated-declarations -Winvalid-offsetof -Wno-sign-conversion -Winfinite-recursion -Wmove -Wcomma -Wblock-capture-autoreleasing -Wstrict-prototypes -Wrange-loop-analysis -Wno-semicolon-before-method-body -index-store-path /Users/barriesanders/Library/Developer/Xcode/DerivedData/Gambatte-becswlhcwqssobflxvaxsqpzjhmw/Index.noindex/DataStore @/Users/barriesanders/Library/Developer/Xcode/DerivedData/Gambatte-becswlhcwqssobflxvaxsqpzjhmw/Build/Intermediates.noindex/Gambatte.build/Debug/Gambatte.build/Objects-normal/arm64/82b82416624d2658e5098eb0a28c15c5-common-args.resp -MMD -MT dependencies -MF /Users/barriesanders/Library/Developer/Xcode/DerivedData/Gambatte-becswlhcwqssobflxvaxsqpzjhmw/Build/Intermediates.noindex/Gambatte.build/Debug/Gambatte.build/Objects-normal/arm64/cartridge.d --serialize-diagnostics /Users/barriesanders/Library/Developer/Xcode/DerivedData/Gambatte-becswlhcwqssobflxvaxsqpzjhmw/Build/Intermediates.noindex/Gambatte.build/Debug/Gambatte.build/Objects-normal/arm64/cartridge.dia -c /Users/barriesanders/.gemini/antigravity/scratch/OpenEmu_Port/Gambatte/src/libgambatte/mem/cartridge.cpp -o /Users/barriesanders/Library/Developer/Xcode/DerivedData/Gambatte-becswlhcwqssobflxvaxsqpzjhmw/Build/Intermediates.noindex/Gambatte.build/Debug/Gambatte.build/Objects-normal/arm64/cartridge.o -index-unit-output-path /Gambatte.build/Debug/Gambatte.build/Objects-normal/arm64/cartridge.o
/Users/barriesanders/.gemini/antigravity/scratch/OpenEmu_Port/Gambatte/src/libgambatte/mem/cartridge.cpp:75:60: warning: implicit conversion loses integer precision: 'std::size_t' (aka 'unsigned long') to 'unsigned int' [-Wshorten-64-to-32]
   75 |         return (memptrs.rambankdataend() - memptrs.rambankdata()) / rambank_size();
      |         ~~~~~~ ~~~~~~~~~~~~~~~~~~~~~~~~~~~~~~~~~~~~~~~~~~~~~~~~~~~^~~~~~~~~~~~~~~~
/Users/barriesanders/.gemini/antigravity/scratch/OpenEmu_Port/Gambatte/src/libgambatte/mem/cartridge.cpp:79:52: warning: implicit conversion loses integer precision: 'std::size_t' (aka 'unsigned long') to 'unsigned int' [-Wshorten-64-to-32]
   79 |         return (memptrs.romdataend() - memptrs.romdata()) / rombank_size();
      |         ~~~~~~ ~~~~~~~~~~~~~~~~~~~~~~~~~~~~~~~~~~~~~~~~~~~^~~~~~~~~~~~~~~~
/Users/barriesanders/.gemini/antigravity/scratch/OpenEmu_Port/Gambatte/src/libgambatte/mem/cartridge.cpp:482:10: warning: code will never be executed [-Wunreachable-code]
  482 |                 while (size--)
      |                        ^~~~
/Users/barriesanders/.gemini/antigravity/scratch/OpenEmu_Port/Gambatte/src/libgambatte/mem/cartridge.cpp:641:40: warning: implicit conversion loses integer precision: 'std::size_t' (aka 'unsigned long') to 'unsigned int' [-Wshorten-64-to-32]
  641 |         rombanks = std::max(pow2ceil(filesize / 0x4000), 2u);
      |                             ~~~~~~~~ ~~~~~~~~~^~~~~~~~
4 warnings generated.

CompileC /Users/barriesanders/Library/Developer/Xcode/DerivedData/Gambatte-becswlhcwqssobflxvaxsqpzjhmw/Build/Intermediates.noindex/Gambatte.build/Debug/Gambatte.build/Objects-normal/arm64/bitmap_font.o /Users/barriesanders/.gemini/antigravity/scratch/OpenEmu_Port/Gambatte/src/libgambatte/bitmap_font.cpp normal arm64 c++ com.apple.compilers.llvm.clang.1_0.compiler (in target 'Gambatte' from project 'Gambatte')
    cd /Users/barriesanders/.gemini/antigravity/scratch/OpenEmu_Port/Gambatte
    
    Using response file: /Users/barriesanders/Library/Developer/Xcode/DerivedData/Gambatte-becswlhcwqssobflxvaxsqpzjhmw/Build/Intermediates.noindex/Gambatte.build/Debug/Gambatte.build/Objects-normal/arm64/82b82416624d2658e5098eb0a28c15c5-common-args.resp
    
    /Applications/Xcode.app/Contents/Developer/Toolchains/XcodeDefault.xctoolchain/usr/bin/clang -x c++ -ivfsstatcache /Users/barriesanders/Library/Developer/Xcode/DerivedData/SDKStatCaches.noindex/macosx26.2-25C57-3885c01c3e6b6a337905948deab2002e00fa09913b459cbbc988d1f6730289ae.sdkstatcache -fmessage-length\=0 -fdiagnostics-show-note-include-stack -fmacro-backtrace-limit\=0 -fno-color-diagnostics -fmodules-prune-interval\=86400 -fmodules-prune-after\=345600 -fbuild-session-file\=/Users/barriesanders/Library/Developer/Xcode/DerivedData/ModuleCache.noindex/Session.modulevalidation -fmodules-validate-once-per-build-session -Wnon-modular-include-in-framework-module -Werror\=non-modular-include-in-framework-module -Wno-trigraphs -Wno-missing-field-initializers -Wno-missing-prototypes -Wunreachable-code -Wno-non-virtual-dtor -Wno-overloaded-virtual -Wno-exit-time-destructors -Wno-missing-braces -Wparentheses -Wswitch -Wunused-function -Wno-unused-label -Wno-unused-parameter -Wunused-variable -Wunused-value -Wempty-body -Wuninitialized -Wno-unknown-pragmas -Wno-shadow -Wno-four-char-constants -Wno-conversion -Wconstant-conversion -Wint-conversion -Wbool-conversion -Wenum-conversion -Wno-float-conversion -Wnon-literal-null-conversion -Wobjc-literal-conversion -Wshorten-64-to-32 -Wno-newline-eof -Wno-c++11-extensions -Wno-implicit-fallthrough -fstrict-aliasing -Wdeprecated-declarations -Winvalid-offsetof -Wno-sign-conversion -Winfinite-recursion -Wmove -Wcomma -Wblock-capture-autoreleasing -Wstrict-prototypes -Wrange-loop-analysis -Wno-semicolon-before-method-body -index-store-path /Users/barriesanders/Library/Developer/Xcode/DerivedData/Gambatte-becswlhcwqssobflxvaxsqpzjhmw/Index.noindex/DataStore @/Users/barriesanders/Library/Developer/Xcode/DerivedData/Gambatte-becswlhcwqssobflxvaxsqpzjhmw/Build/Intermediates.noindex/Gambatte.build/Debug/Gambatte.build/Objects-normal/arm64/82b82416624d2658e5098eb0a28c15c5-common-args.resp -MMD -MT dependencies -MF /Users/barriesanders/Library/Developer/Xcode/DerivedData/Gambatte-becswlhcwqssobflxvaxsqpzjhmw/Build/Intermediates.noindex/Gambatte.build/Debug/Gambatte.build/Objects-normal/arm64/bitmap_font.d --serialize-diagnostics /Users/barriesanders/Library/Developer/Xcode/DerivedData/Gambatte-becswlhcwqssobflxvaxsqpzjhmw/Build/Intermediates.noindex/Gambatte.build/Debug/Gambatte.build/Objects-normal/arm64/bitmap_font.dia -c /Users/barriesanders/.gemini/antigravity/scratch/OpenEmu_Port/Gambatte/src/libgambatte/bitmap_font.cpp -o /Users/barriesanders/Library/Developer/Xcode/DerivedData/Gambatte-becswlhcwqssobflxvaxsqpzjhmw/Build/Intermediates.noindex/Gambatte.build/Debug/Gambatte.build/Objects-normal/arm64/bitmap_font.o -index-unit-output-path /Gambatte.build/Debug/Gambatte.build/Objects-normal/arm64/bitmap_font.o
/Users/barriesanders/.gemini/antigravity/scratch/OpenEmu_Port/Gambatte/src/libgambatte/bitmap_font.cpp:296:11: warning: implicit conversion loses integer precision: 'const unsigned long' to 'gambatte::uint_least32_t' (aka 'unsigned int') [-Wshorten-64-to-32]
  296 |                 *dest = color_;
      |                       ~ ^~~~~~
1 warning generated.

CompileC /Users/barriesanders/Library/Developer/Xcode/DerivedData/Gambatte-becswlhcwqssobflxvaxsqpzjhmw/Build/Intermediates.noindex/Gambatte.build/Debug/Gambatte.build/Objects-normal/arm64/GBGameCore.o /Users/barriesanders/.gemini/antigravity/scratch/OpenEmu_Port/Gambatte/GBGameCore.mm normal arm64 objective-c++ com.apple.compilers.llvm.clang.1_0.compiler (in target 'Gambatte' from project 'Gambatte')
    cd /Users/barriesanders/.gemini/antigravity/scratch/OpenEmu_Port/Gambatte
    
    Using response file: /Users/barriesanders/Library/Developer/Xcode/DerivedData/Gambatte-becswlhcwqssobflxvaxsqpzjhmw/Build/Intermediates.noindex/Gambatte.build/Debug/Gambatte.build/Objects-normal/arm64/af3fcb34312c57c0f52879cdce924b91-common-args.resp
    
    /Applications/Xcode.app/Contents/Developer/Toolchains/XcodeDefault.xctoolchain/usr/bin/clang -x objective-c++ -ivfsstatcache /Users/barriesanders/Library/Developer/Xcode/DerivedData/SDKStatCaches.noindex/macosx26.2-25C57-3885c01c3e6b6a337905948deab2002e00fa09913b459cbbc988d1f6730289ae.sdkstatcache -fmessage-length\=0 -fdiagnostics-show-note-include-stack -fmacro-backtrace-limit\=0 -fno-color-diagnostics -fmodules-prune-interval\=86400 -fmodules-prune-after\=345600 -fbuild-session-file\=/Users/barriesanders/Library/Developer/Xcode/DerivedData/ModuleCache.noindex/Session.modulevalidation -fmodules-validate-once-per-build-session -Wnon-modular-include-in-framework-module -Werror\=non-modular-include-in-framework-module -Wno-trigraphs -Wno-missing-field-initializers -Wno-missing-prototypes -Wunreachable-code -Wno-implicit-atomic-properties -Wno-objc-interface-ivars -Wno-arc-repeated-use-of-weak -Wimplicit-retain-self -Wno-non-virtual-dtor -Wno-overloaded-virtual -Wno-exit-time-destructors -Wduplicate-method-match -Wno-missing-braces -Wparentheses -Wswitch -Wunused-function -Wno-unused-label -Wno-unused-parameter -Wunused-variable -Wunused-value -Wempty-body -Wuninitialized -Wno-unknown-pragmas -Wno-shadow -Wno-four-char-constants -Wno-conversion -Wconstant-conversion -Wint-conversion -Wbool-conversion -Wenum-conversion -Wno-float-conversion -Wnon-literal-null-conversion -Wobjc-literal-conversion -Wshorten-64-to-32 -Wno-newline-eof -Wno-selector -Wno-strict-selector-match -Wundeclared-selector -Wdeprecated-implementations -Wno-c++11-extensions -Wno-implicit-fallthrough -fstrict-aliasing -Wprotocol -Wdeprecated-declarations -Winvalid-offsetof -Wno-sign-conversion -Winfinite-recursion -Wmove -Wcomma -Wblock-capture-autoreleasing -Wstrict-prototypes -Wrange-loop-analysis -Wno-semicolon-before-method-body -index-store-path /Users/barriesanders/Library/Developer/Xcode/DerivedData/Gambatte-becswlhcwqssobflxvaxsqpzjhmw/Index.noindex/DataStore @/Users/barriesanders/Library/Developer/Xcode/DerivedData/Gambatte-becswlhcwqssobflxvaxsqpzjhmw/Build/Intermediates.noindex/Gambatte.build/Debug/Gambatte.build/Objects-normal/arm64/af3fcb34312c57c0f52879cdce924b91-common-args.resp -MMD -MT dependencies -MF /Users/barriesanders/Library/Developer/Xcode/DerivedData/Gambatte-becswlhcwqssobflxvaxsqpzjhmw/Build/Intermediates.noindex/Gambatte.build/Debug/Gambatte.build/Objects-normal/arm64/GBGameCore.d --serialize-diagnostics /Users/barriesanders/Library/Developer/Xcode/DerivedData/Gambatte-becswlhcwqssobflxvaxsqpzjhmw/Build/Intermediates.noindex/Gambatte.build/Debug/Gambatte.build/Objects-normal/arm64/GBGameCore.dia -c /Users/barriesanders/.gemini/antigravity/scratch/OpenEmu_Port/Gambatte/GBGameCore.mm -o /Users/barriesanders/Library/Developer/Xcode/DerivedData/Gambatte-becswlhcwqssobflxvaxsqpzjhmw/Build/Intermediates.noindex/Gambatte.build/Debug/Gambatte.build/Objects-normal/arm64/GBGameCore.o -index-unit-output-path /Gambatte.build/Debug/Gambatte.build/Objects-normal/arm64/GBGameCore.o
In file included from /Users/barriesanders/.gemini/antigravity/scratch/OpenEmu_Port/Gambatte/GBGameCore.mm:27:
/Users/barriesanders/.gemini/antigravity/scratch/OpenEmu_Port/Gambatte/GBGameCore.h:28:9: fatal error: 'OpenEmuBase/OEGameCore.h' file not found
   28 | #import <OpenEmuBase/OEGameCore.h>
      |         ^~~~~~~~~~~~~~~~~~~~~~~~~~
1 error generated.

** BUILD FAILED **


The following build commands failed:
	CompileC /Users/barriesanders/Library/Developer/Xcode/DerivedData/Gambatte-becswlhcwqssobflxvaxsqpzjhmw/Build/Intermediates.noindex/Gambatte.build/Debug/Gambatte.build/Objects-normal/arm64/GBGameCore.o /Users/barriesanders/.gemini/antigravity/scratch/OpenEmu_Port/Gambatte/GBGameCore.mm normal arm64 objective-c++ com.apple.compilers.llvm.clang.1_0.compiler (in target 'Gambatte' from project 'Gambatte')
	Building project Gambatte with scheme Gambatte
(2 failures)
