Command line invocation:
    /Applications/Xcode.app/Contents/Developer/usr/bin/xcodebuild -project O2EM.xcodeproj -scheme O2EM -arch arm64 build

Build settings from command line:
    ARCHS = arm64

2026-01-27 21:09:20.093 xcodebuild[98342:1372481] [MT] IDERunDestination: Supported platforms for the buildables in the current scheme is empty.
--- xcodebuild: WARNING: Using the first of multiple matching destinations:
{ platform:macOS, arch:arm64, id:00006001-001A50163A02801E, name:My Mac }
{ platform:macOS, arch:x86_64, id:00006001-001A50163A02801E, name:My Mac }
{ platform:macOS, name:Any Mac }
ComputePackagePrebuildTargetDependencyGraph

Prepare packages

CreateBuildRequest

SendProjectDescription

CreateBuildOperation

ComputeTargetDependencyGraph
note: Building targets in dependency order
note: Target dependency graph (1 target)
    Target 'O2EM' in project 'O2EM' (no dependencies)

GatherProvisioningInputs

CreateBuildDescription

ExecuteExternalTool /Applications/Xcode.app/Contents/Developer/Toolchains/XcodeDefault.xctoolchain/usr/bin/clang -v -E -dM -isysroot /Applications/Xcode.app/Contents/Developer/Platforms/MacOSX.platform/Developer/SDKs/MacOSX26.2.sdk -x c -c /dev/null

ExecuteExternalTool /Applications/Xcode.app/Contents/Developer/Toolchains/XcodeDefault.xctoolchain/usr/bin/clang -v -E -dM -arch arm64 -isysroot /Applications/Xcode.app/Contents/Developer/Platforms/MacOSX.platform/Developer/SDKs/MacOSX26.2.sdk -x c -c /dev/null

ExecuteExternalTool /Applications/Xcode.app/Contents/Developer/Toolchains/XcodeDefault.xctoolchain/usr/bin/clang -v -E -dM -arch arm64 -isysroot /Applications/Xcode.app/Contents/Developer/Platforms/MacOSX.platform/Developer/SDKs/MacOSX26.2.sdk -x objective-c -c /dev/null

ExecuteExternalTool /Applications/Xcode.app/Contents/Developer/Toolchains/XcodeDefault.xctoolchain/usr/bin/ld -version_details

Build description signature: 9599919bc49f9ef1a6fd4ba789d856bb
Build description path: /Users/barriesanders/Library/Developer/Xcode/DerivedData/O2EM-doayxuzonxiitoguphcalntlvwqe/Build/Intermediates.noindex/XCBuildData/9599919bc49f9ef1a6fd4ba789d856bb.xcbuilddata
CreateBuildDirectory /Users/barriesanders/Library/Developer/Xcode/DerivedData/O2EM-doayxuzonxiitoguphcalntlvwqe/Build/Products
    cd /Users/barriesanders/.gemini/antigravity/scratch/OpenEmu_Port/O2EM/O2EM.xcodeproj
    builtin-create-build-directory /Users/barriesanders/Library/Developer/Xcode/DerivedData/O2EM-doayxuzonxiitoguphcalntlvwqe/Build/Products

CreateBuildDirectory /Users/barriesanders/Library/Developer/Xcode/DerivedData/O2EM-doayxuzonxiitoguphcalntlvwqe/Build/Intermediates.noindex
    cd /Users/barriesanders/.gemini/antigravity/scratch/OpenEmu_Port/O2EM/O2EM.xcodeproj
    builtin-create-build-directory /Users/barriesanders/Library/Developer/Xcode/DerivedData/O2EM-doayxuzonxiitoguphcalntlvwqe/Build/Intermediates.noindex

ClangStatCache /Applications/Xcode.app/Contents/Developer/Toolchains/XcodeDefault.xctoolchain/usr/bin/clang-stat-cache /Applications/Xcode.app/Contents/Developer/Platforms/MacOSX.platform/Developer/SDKs/MacOSX26.2.sdk /Users/barriesanders/Library/Developer/Xcode/DerivedData/SDKStatCaches.noindex/macosx26.2-25C57-3885c01c3e6b6a337905948deab2002e00fa09913b459cbbc988d1f6730289ae.sdkstatcache
    cd /Users/barriesanders/.gemini/antigravity/scratch/OpenEmu_Port/O2EM/O2EM.xcodeproj
    /Applications/Xcode.app/Contents/Developer/Toolchains/XcodeDefault.xctoolchain/usr/bin/clang-stat-cache /Applications/Xcode.app/Contents/Developer/Platforms/MacOSX.platform/Developer/SDKs/MacOSX26.2.sdk -o /Users/barriesanders/Library/Developer/Xcode/DerivedData/SDKStatCaches.noindex/macosx26.2-25C57-3885c01c3e6b6a337905948deab2002e00fa09913b459cbbc988d1f6730289ae.sdkstatcache

CreateBuildDirectory /Users/barriesanders/Library/Developer/Xcode/DerivedData/O2EM-doayxuzonxiitoguphcalntlvwqe/Build/Intermediates.noindex/SwiftExplicitPrecompiledModules
    cd /Users/barriesanders/.gemini/antigravity/scratch/OpenEmu_Port/O2EM/O2EM.xcodeproj
    builtin-create-build-directory /Users/barriesanders/Library/Developer/Xcode/DerivedData/O2EM-doayxuzonxiitoguphcalntlvwqe/Build/Intermediates.noindex/SwiftExplicitPrecompiledModules

CreateBuildDirectory /Users/barriesanders/Library/Developer/Xcode/DerivedData/O2EM-doayxuzonxiitoguphcalntlvwqe/Build/Intermediates.noindex/EagerLinkingTBDs/Debug
    cd /Users/barriesanders/.gemini/antigravity/scratch/OpenEmu_Port/O2EM/O2EM.xcodeproj
    builtin-create-build-directory /Users/barriesanders/Library/Developer/Xcode/DerivedData/O2EM-doayxuzonxiitoguphcalntlvwqe/Build/Intermediates.noindex/EagerLinkingTBDs/Debug

CreateBuildDirectory /Users/barriesanders/Library/Developer/Xcode/DerivedData/O2EM-doayxuzonxiitoguphcalntlvwqe/Build/Intermediates.noindex/ExplicitPrecompiledModules
    cd /Users/barriesanders/.gemini/antigravity/scratch/OpenEmu_Port/O2EM/O2EM.xcodeproj
    builtin-create-build-directory /Users/barriesanders/Library/Developer/Xcode/DerivedData/O2EM-doayxuzonxiitoguphcalntlvwqe/Build/Intermediates.noindex/ExplicitPrecompiledModules

WriteAuxiliaryFile /Users/barriesanders/Library/Developer/Xcode/DerivedData/O2EM-doayxuzonxiitoguphcalntlvwqe/Build/Intermediates.noindex/O2EM.build/Debug/O2EM-04a1e8c0b058de080a5bda3ac6441280-VFS/all-product-headers.yaml
    cd /Users/barriesanders/.gemini/antigravity/scratch/OpenEmu_Port/O2EM/O2EM.xcodeproj
    write-file /Users/barriesanders/Library/Developer/Xcode/DerivedData/O2EM-doayxuzonxiitoguphcalntlvwqe/Build/Intermediates.noindex/O2EM.build/Debug/O2EM-04a1e8c0b058de080a5bda3ac6441280-VFS/all-product-headers.yaml

CreateBuildDirectory /Users/barriesanders/Library/Developer/Xcode/DerivedData/O2EM-doayxuzonxiitoguphcalntlvwqe/Build/Products/Debug
    cd /Users/barriesanders/.gemini/antigravity/scratch/OpenEmu_Port/O2EM/O2EM.xcodeproj
    builtin-create-build-directory /Users/barriesanders/Library/Developer/Xcode/DerivedData/O2EM-doayxuzonxiitoguphcalntlvwqe/Build/Products/Debug

WriteAuxiliaryFile /Users/barriesanders/Library/Developer/Xcode/DerivedData/O2EM-doayxuzonxiitoguphcalntlvwqe/Build/Intermediates.noindex/O2EM.build/Debug/O2EM.build/O2EM.hmap (in target 'O2EM' from project 'O2EM')
    cd /Users/barriesanders/.gemini/antigravity/scratch/OpenEmu_Port/O2EM
    write-file /Users/barriesanders/Library/Developer/Xcode/DerivedData/O2EM-doayxuzonxiitoguphcalntlvwqe/Build/Intermediates.noindex/O2EM.build/Debug/O2EM.build/O2EM.hmap

WriteAuxiliaryFile /Users/barriesanders/Library/Developer/Xcode/DerivedData/O2EM-doayxuzonxiitoguphcalntlvwqe/Build/Intermediates.noindex/O2EM.build/Debug/O2EM.build/Objects-normal/arm64/7187679823f38a2a940e0043cdf9d637-common-args.resp (in target 'O2EM' from project 'O2EM')
    cd /Users/barriesanders/.gemini/antigravity/scratch/OpenEmu_Port/O2EM
    write-file /Users/barriesanders/Library/Developer/Xcode/DerivedData/O2EM-doayxuzonxiitoguphcalntlvwqe/Build/Intermediates.noindex/O2EM.build/Debug/O2EM.build/Objects-normal/arm64/7187679823f38a2a940e0043cdf9d637-common-args.resp
-target arm64-apple-macos11.0 '-std=gnu99' -fmodules -gmodules '-fmodules-cache-path=/Users/barriesanders/Library/Developer/Xcode/DerivedData/ModuleCache.noindex' -fpascal-strings -O0 -isysroot /Applications/Xcode.app/Contents/Developer/Platforms/MacOSX.platform/Developer/SDKs/MacOSX26.2.sdk -g '-fvisibility=hidden' -iquote /Users/barriesanders/Library/Developer/Xcode/DerivedData/O2EM-doayxuzonxiitoguphcalntlvwqe/Build/Intermediates.noindex/O2EM.build/Debug/O2EM.build/O2EM-generated-files.hmap -I/Users/barriesanders/Library/Developer/Xcode/DerivedData/O2EM-doayxuzonxiitoguphcalntlvwqe/Build/Intermediates.noindex/O2EM.build/Debug/O2EM.build/O2EM-own-target-headers.hmap -I/Users/barriesanders/Library/Developer/Xcode/DerivedData/O2EM-doayxuzonxiitoguphcalntlvwqe/Build/Intermediates.noindex/O2EM.build/Debug/O2EM.build/O2EM-all-target-headers.hmap -iquote /Users/barriesanders/Library/Developer/Xcode/DerivedData/O2EM-doayxuzonxiitoguphcalntlvwqe/Build/Intermediates.noindex/O2EM.build/Debug/O2EM.build/O2EM-project-headers.hmap -I/Users/barriesanders/Library/Developer/Xcode/DerivedData/O2EM-doayxuzonxiitoguphcalntlvwqe/Build/Products/Debug/include -I/Users/barriesanders/.gemini/antigravity/scratch/OpenEmu_Port/O2EM/src -I/Users/barriesanders/.gemini/antigravity/scratch/OpenEmu_Port/O2EM/allegrowrapper -I/Users/barriesanders/Library/Developer/Xcode/DerivedData/O2EM-doayxuzonxiitoguphcalntlvwqe/Build/Intermediates.noindex/O2EM.build/Debug/O2EM.build/DerivedSources-normal/arm64 -I/Users/barriesanders/Library/Developer/Xcode/DerivedData/O2EM-doayxuzonxiitoguphcalntlvwqe/Build/Intermediates.noindex/O2EM.build/Debug/O2EM.build/DerivedSources/arm64 -I/Users/barriesanders/Library/Developer/Xcode/DerivedData/O2EM-doayxuzonxiitoguphcalntlvwqe/Build/Intermediates.noindex/O2EM.build/Debug/O2EM.build/DerivedSources -F/Users/barriesanders/Library/Developer/Xcode/DerivedData/O2EM-doayxuzonxiitoguphcalntlvwqe/Build/Products/Debug -D__LIBRETRO__

WriteAuxiliaryFile /Users/barriesanders/Library/Developer/Xcode/DerivedData/O2EM-doayxuzonxiitoguphcalntlvwqe/Build/Intermediates.noindex/O2EM.build/Debug/O2EM.build/O2EM.DependencyStaticMetadataFileList (in target 'O2EM' from project 'O2EM')
    cd /Users/barriesanders/.gemini/antigravity/scratch/OpenEmu_Port/O2EM
    write-file /Users/barriesanders/Library/Developer/Xcode/DerivedData/O2EM-doayxuzonxiitoguphcalntlvwqe/Build/Intermediates.noindex/O2EM.build/Debug/O2EM.build/O2EM.DependencyStaticMetadataFileList

WriteAuxiliaryFile /Users/barriesanders/Library/Developer/Xcode/DerivedData/O2EM-doayxuzonxiitoguphcalntlvwqe/Build/Intermediates.noindex/O2EM.build/Debug/O2EM.build/Objects-normal/arm64/e6072d4f65d7061329687fe24e3d63a7-common-args.resp (in target 'O2EM' from project 'O2EM')
    cd /Users/barriesanders/.gemini/antigravity/scratch/OpenEmu_Port/O2EM
    write-file /Users/barriesanders/Library/Developer/Xcode/DerivedData/O2EM-doayxuzonxiitoguphcalntlvwqe/Build/Intermediates.noindex/O2EM.build/Debug/O2EM.build/Objects-normal/arm64/e6072d4f65d7061329687fe24e3d63a7-common-args.resp
-target arm64-apple-macos11.0 '-std=gnu99' -fobjc-arc -fmodules -gmodules '-fmodules-cache-path=/Users/barriesanders/Library/Developer/Xcode/DerivedData/ModuleCache.noindex' -fpascal-strings -O0 '-DOBJC_OLD_DISPATCH_PROTOTYPES=0' -isysroot /Applications/Xcode.app/Contents/Developer/Platforms/MacOSX.platform/Developer/SDKs/MacOSX26.2.sdk -g '-fvisibility=hidden' -iquote /Users/barriesanders/Library/Developer/Xcode/DerivedData/O2EM-doayxuzonxiitoguphcalntlvwqe/Build/Intermediates.noindex/O2EM.build/Debug/O2EM.build/O2EM-generated-files.hmap -I/Users/barriesanders/Library/Developer/Xcode/DerivedData/O2EM-doayxuzonxiitoguphcalntlvwqe/Build/Intermediates.noindex/O2EM.build/Debug/O2EM.build/O2EM-own-target-headers.hmap -I/Users/barriesanders/Library/Developer/Xcode/DerivedData/O2EM-doayxuzonxiitoguphcalntlvwqe/Build/Intermediates.noindex/O2EM.build/Debug/O2EM.build/O2EM-all-target-headers.hmap -iquote /Users/barriesanders/Library/Developer/Xcode/DerivedData/O2EM-doayxuzonxiitoguphcalntlvwqe/Build/Intermediates.noindex/O2EM.build/Debug/O2EM.build/O2EM-project-headers.hmap -I/Users/barriesanders/Library/Developer/Xcode/DerivedData/O2EM-doayxuzonxiitoguphcalntlvwqe/Build/Products/Debug/include -I/Users/barriesanders/.gemini/antigravity/scratch/OpenEmu_Port/O2EM/src -I/Users/barriesanders/.gemini/antigravity/scratch/OpenEmu_Port/O2EM/allegrowrapper -I/Users/barriesanders/Library/Developer/Xcode/DerivedData/O2EM-doayxuzonxiitoguphcalntlvwqe/Build/Intermediates.noindex/O2EM.build/Debug/O2EM.build/DerivedSources-normal/arm64 -I/Users/barriesanders/Library/Developer/Xcode/DerivedData/O2EM-doayxuzonxiitoguphcalntlvwqe/Build/Intermediates.noindex/O2EM.build/Debug/O2EM.build/DerivedSources/arm64 -I/Users/barriesanders/Library/Developer/Xcode/DerivedData/O2EM-doayxuzonxiitoguphcalntlvwqe/Build/Intermediates.noindex/O2EM.build/Debug/O2EM.build/DerivedSources -F/Users/barriesanders/Library/Developer/Xcode/DerivedData/O2EM-doayxuzonxiitoguphcalntlvwqe/Build/Products/Debug -D__LIBRETRO__

WriteAuxiliaryFile /Users/barriesanders/Library/Developer/Xcode/DerivedData/O2EM-doayxuzonxiitoguphcalntlvwqe/Build/Intermediates.noindex/O2EM.build/Debug/O2EM.build/O2EM.DependencyMetadataFileList (in target 'O2EM' from project 'O2EM')
    cd /Users/barriesanders/.gemini/antigravity/scratch/OpenEmu_Port/O2EM
    write-file /Users/barriesanders/Library/Developer/Xcode/DerivedData/O2EM-doayxuzonxiitoguphcalntlvwqe/Build/Intermediates.noindex/O2EM.build/Debug/O2EM.build/O2EM.DependencyMetadataFileList

WriteAuxiliaryFile /Users/barriesanders/Library/Developer/Xcode/DerivedData/O2EM-doayxuzonxiitoguphcalntlvwqe/Build/Intermediates.noindex/O2EM.build/Debug/O2EM.build/O2EM-project-headers.hmap (in target 'O2EM' from project 'O2EM')
    cd /Users/barriesanders/.gemini/antigravity/scratch/OpenEmu_Port/O2EM
    write-file /Users/barriesanders/Library/Developer/Xcode/DerivedData/O2EM-doayxuzonxiitoguphcalntlvwqe/Build/Intermediates.noindex/O2EM.build/Debug/O2EM.build/O2EM-project-headers.hmap

WriteAuxiliaryFile /Users/barriesanders/Library/Developer/Xcode/DerivedData/O2EM-doayxuzonxiitoguphcalntlvwqe/Build/Intermediates.noindex/O2EM.build/Debug/O2EM.build/O2EM-own-target-headers.hmap (in target 'O2EM' from project 'O2EM')
    cd /Users/barriesanders/.gemini/antigravity/scratch/OpenEmu_Port/O2EM
    write-file /Users/barriesanders/Library/Developer/Xcode/DerivedData/O2EM-doayxuzonxiitoguphcalntlvwqe/Build/Intermediates.noindex/O2EM.build/Debug/O2EM.build/O2EM-own-target-headers.hmap

WriteAuxiliaryFile /Users/barriesanders/Library/Developer/Xcode/DerivedData/O2EM-doayxuzonxiitoguphcalntlvwqe/Build/Intermediates.noindex/O2EM.build/Debug/O2EM.build/O2EM-generated-files.hmap (in target 'O2EM' from project 'O2EM')
    cd /Users/barriesanders/.gemini/antigravity/scratch/OpenEmu_Port/O2EM
    write-file /Users/barriesanders/Library/Developer/Xcode/DerivedData/O2EM-doayxuzonxiitoguphcalntlvwqe/Build/Intermediates.noindex/O2EM.build/Debug/O2EM.build/O2EM-generated-files.hmap

WriteAuxiliaryFile /Users/barriesanders/Library/Developer/Xcode/DerivedData/O2EM-doayxuzonxiitoguphcalntlvwqe/Build/Intermediates.noindex/O2EM.build/Debug/O2EM.build/Objects-normal/arm64/O2EM.LinkFileList (in target 'O2EM' from project 'O2EM')
    cd /Users/barriesanders/.gemini/antigravity/scratch/OpenEmu_Port/O2EM
    write-file /Users/barriesanders/Library/Developer/Xcode/DerivedData/O2EM-doayxuzonxiitoguphcalntlvwqe/Build/Intermediates.noindex/O2EM.build/Debug/O2EM.build/Objects-normal/arm64/O2EM.LinkFileList

WriteAuxiliaryFile /Users/barriesanders/Library/Developer/Xcode/DerivedData/O2EM-doayxuzonxiitoguphcalntlvwqe/Build/Intermediates.noindex/O2EM.build/Debug/O2EM.build/O2EM-all-target-headers.hmap (in target 'O2EM' from project 'O2EM')
    cd /Users/barriesanders/.gemini/antigravity/scratch/OpenEmu_Port/O2EM
    write-file /Users/barriesanders/Library/Developer/Xcode/DerivedData/O2EM-doayxuzonxiitoguphcalntlvwqe/Build/Intermediates.noindex/O2EM.build/Debug/O2EM.build/O2EM-all-target-headers.hmap

WriteAuxiliaryFile /Users/barriesanders/Library/Developer/Xcode/DerivedData/O2EM-doayxuzonxiitoguphcalntlvwqe/Build/Intermediates.noindex/O2EM.build/Debug/O2EM.build/O2EM-all-non-framework-target-headers.hmap (in target 'O2EM' from project 'O2EM')
    cd /Users/barriesanders/.gemini/antigravity/scratch/OpenEmu_Port/O2EM
    write-file /Users/barriesanders/Library/Developer/Xcode/DerivedData/O2EM-doayxuzonxiitoguphcalntlvwqe/Build/Intermediates.noindex/O2EM.build/Debug/O2EM.build/O2EM-all-non-framework-target-headers.hmap

MkDir /Users/barriesanders/Library/Developer/Xcode/DerivedData/O2EM-doayxuzonxiitoguphcalntlvwqe/Build/Products/Debug/O2EM.oecoreplugin/Contents/Resources (in target 'O2EM' from project 'O2EM')
    cd /Users/barriesanders/.gemini/antigravity/scratch/OpenEmu_Port/O2EM
    /bin/mkdir -p /Users/barriesanders/Library/Developer/Xcode/DerivedData/O2EM-doayxuzonxiitoguphcalntlvwqe/Build/Products/Debug/O2EM.oecoreplugin/Contents/Resources

MkDir /Users/barriesanders/Library/Developer/Xcode/DerivedData/O2EM-doayxuzonxiitoguphcalntlvwqe/Build/Products/Debug/O2EM.oecoreplugin/Contents/MacOS (in target 'O2EM' from project 'O2EM')
    cd /Users/barriesanders/.gemini/antigravity/scratch/OpenEmu_Port/O2EM
    /bin/mkdir -p /Users/barriesanders/Library/Developer/Xcode/DerivedData/O2EM-doayxuzonxiitoguphcalntlvwqe/Build/Products/Debug/O2EM.oecoreplugin/Contents/MacOS

MkDir /Users/barriesanders/Library/Developer/Xcode/DerivedData/O2EM-doayxuzonxiitoguphcalntlvwqe/Build/Products/Debug/O2EM.oecoreplugin (in target 'O2EM' from project 'O2EM')
    cd /Users/barriesanders/.gemini/antigravity/scratch/OpenEmu_Port/O2EM
    /bin/mkdir -p /Users/barriesanders/Library/Developer/Xcode/DerivedData/O2EM-doayxuzonxiitoguphcalntlvwqe/Build/Products/Debug/O2EM.oecoreplugin

MkDir /Users/barriesanders/Library/Developer/Xcode/DerivedData/O2EM-doayxuzonxiitoguphcalntlvwqe/Build/Products/Debug/O2EM.oecoreplugin/Contents (in target 'O2EM' from project 'O2EM')
    cd /Users/barriesanders/.gemini/antigravity/scratch/OpenEmu_Port/O2EM
    /bin/mkdir -p /Users/barriesanders/Library/Developer/Xcode/DerivedData/O2EM-doayxuzonxiitoguphcalntlvwqe/Build/Products/Debug/O2EM.oecoreplugin/Contents

ProcessInfoPlistFile /Users/barriesanders/Library/Developer/Xcode/DerivedData/O2EM-doayxuzonxiitoguphcalntlvwqe/Build/Products/Debug/O2EM.oecoreplugin/Contents/Info.plist /Users/barriesanders/.gemini/antigravity/scratch/OpenEmu_Port/O2EM/Info.plist (in target 'O2EM' from project 'O2EM')
    cd /Users/barriesanders/.gemini/antigravity/scratch/OpenEmu_Port/O2EM
    builtin-infoPlistUtility /Users/barriesanders/.gemini/antigravity/scratch/OpenEmu_Port/O2EM/Info.plist -producttype com.apple.product-type.bundle -expandbuildsettings -platform macosx -o /Users/barriesanders/Library/Developer/Xcode/DerivedData/O2EM-doayxuzonxiitoguphcalntlvwqe/Build/Products/Debug/O2EM.oecoreplugin/Contents/Info.plist

CopyStringsFile /Users/barriesanders/Library/Developer/Xcode/DerivedData/O2EM-doayxuzonxiitoguphcalntlvwqe/Build/Products/Debug/O2EM.oecoreplugin/Contents/Resources/en.lproj/InfoPlist.strings /Users/barriesanders/.gemini/antigravity/scratch/OpenEmu_Port/O2EM/en.lproj/InfoPlist.strings (in target 'O2EM' from project 'O2EM')
    cd /Users/barriesanders/.gemini/antigravity/scratch/OpenEmu_Port/O2EM
    builtin-copyStrings --validate --inputencoding utf-8 --outputencoding UTF-16 --outfilename InfoPlist.strings --outdir /Users/barriesanders/Library/Developer/Xcode/DerivedData/O2EM-doayxuzonxiitoguphcalntlvwqe/Build/Products/Debug/O2EM.oecoreplugin/Contents/Resources/en.lproj -- /Users/barriesanders/.gemini/antigravity/scratch/OpenEmu_Port/O2EM/en.lproj/InfoPlist.strings

ScanDependencies /Users/barriesanders/Library/Developer/Xcode/DerivedData/O2EM-doayxuzonxiitoguphcalntlvwqe/Build/Intermediates.noindex/O2EM.build/Debug/O2EM.build/Objects-normal/arm64/wrapalleg.o /Users/barriesanders/.gemini/antigravity/scratch/OpenEmu_Port/O2EM/allegrowrapper/wrapalleg.c normal arm64 c com.apple.compilers.llvm.clang.1_0.compiler (in target 'O2EM' from project 'O2EM')
    cd /Users/barriesanders/.gemini/antigravity/scratch/OpenEmu_Port/O2EM
    
    Using response file: /Users/barriesanders/Library/Developer/Xcode/DerivedData/O2EM-doayxuzonxiitoguphcalntlvwqe/Build/Intermediates.noindex/O2EM.build/Debug/O2EM.build/Objects-normal/arm64/7187679823f38a2a940e0043cdf9d637-common-args.resp
    
    builtin-ScanDependencies -o /Users/barriesanders/Library/Developer/Xcode/DerivedData/O2EM-doayxuzonxiitoguphcalntlvwqe/Build/Intermediates.noindex/O2EM.build/Debug/O2EM.build/Objects-normal/arm64/wrapalleg.o.scan -- /Applications/Xcode.app/Contents/Developer/Toolchains/XcodeDefault.xctoolchain/usr/bin/clang -x c -ivfsstatcache /Users/barriesanders/Library/Developer/Xcode/DerivedData/SDKStatCaches.noindex/macosx26.2-25C57-3885c01c3e6b6a337905948deab2002e00fa09913b459cbbc988d1f6730289ae.sdkstatcache -fmessage-length\=0 -fdiagnostics-show-note-include-stack -fmacro-backtrace-limit\=0 -fno-color-diagnostics -fmodules-prune-interval\=86400 -fmodules-prune-after\=345600 -fbuild-session-file\=/Users/barriesanders/Library/Developer/Xcode/DerivedData/ModuleCache.noindex/Session.modulevalidation -fmodules-validate-once-per-build-session -Wnon-modular-include-in-framework-module -Werror\=non-modular-include-in-framework-module -Wno-trigraphs -Wno-missing-field-initializers -Wno-missing-prototypes -Wunreachable-code -Wno-missing-braces -Wparentheses -Wswitch -Wunused-function -Wno-unused-label -Wno-unused-parameter -Wunused-variable -Wunused-value -Wempty-body -Wuninitialized -Wno-unknown-pragmas -Wno-shadow -Wno-four-char-constants -Wno-conversion -Wconstant-conversion -Wint-conversion -Wbool-conversion -Wenum-conversion -Wno-float-conversion -Wno-non-literal-null-conversion -Wno-objc-literal-conversion -Wshorten-64-to-32 -Wpointer-sign -Wno-newline-eof -Wno-implicit-fallthrough -fstrict-aliasing -Wdeprecated-declarations -Wno-sign-conversion -Wno-infinite-recursion -Wno-comma -Wno-block-capture-autoreleasing -Wno-strict-prototypes -Wno-semicolon-before-method-body -index-store-path /Users/barriesanders/Library/Developer/Xcode/DerivedData/O2EM-doayxuzonxiitoguphcalntlvwqe/Index.noindex/DataStore @/Users/barriesanders/Library/Developer/Xcode/DerivedData/O2EM-doayxuzonxiitoguphcalntlvwqe/Build/Intermediates.noindex/O2EM.build/Debug/O2EM.build/Objects-normal/arm64/7187679823f38a2a940e0043cdf9d637-common-args.resp -MMD -MT dependencies -MF /Users/barriesanders/Library/Developer/Xcode/DerivedData/O2EM-doayxuzonxiitoguphcalntlvwqe/Build/Intermediates.noindex/O2EM.build/Debug/O2EM.build/Objects-normal/arm64/wrapalleg.d --serialize-diagnostics /Users/barriesanders/Library/Developer/Xcode/DerivedData/O2EM-doayxuzonxiitoguphcalntlvwqe/Build/Intermediates.noindex/O2EM.build/Debug/O2EM.build/Objects-normal/arm64/wrapalleg.dia -c /Users/barriesanders/.gemini/antigravity/scratch/OpenEmu_Port/O2EM/allegrowrapper/wrapalleg.c -o /Users/barriesanders/Library/Developer/Xcode/DerivedData/O2EM-doayxuzonxiitoguphcalntlvwqe/Build/Intermediates.noindex/O2EM.build/Debug/O2EM.build/Objects-normal/arm64/wrapalleg.o -index-unit-output-path /O2EM.build/Debug/O2EM.build/Objects-normal/arm64/wrapalleg.o

ScanDependencies /Users/barriesanders/Library/Developer/Xcode/DerivedData/O2EM-doayxuzonxiitoguphcalntlvwqe/Build/Intermediates.noindex/O2EM.build/Debug/O2EM.build/Objects-normal/arm64/vpp_cset.o /Users/barriesanders/.gemini/antigravity/scratch/OpenEmu_Port/O2EM/src/vpp_cset.c normal arm64 c com.apple.compilers.llvm.clang.1_0.compiler (in target 'O2EM' from project 'O2EM')
    cd /Users/barriesanders/.gemini/antigravity/scratch/OpenEmu_Port/O2EM
    
    Using response file: /Users/barriesanders/Library/Developer/Xcode/DerivedData/O2EM-doayxuzonxiitoguphcalntlvwqe/Build/Intermediates.noindex/O2EM.build/Debug/O2EM.build/Objects-normal/arm64/7187679823f38a2a940e0043cdf9d637-common-args.resp
    
    builtin-ScanDependencies -o /Users/barriesanders/Library/Developer/Xcode/DerivedData/O2EM-doayxuzonxiitoguphcalntlvwqe/Build/Intermediates.noindex/O2EM.build/Debug/O2EM.build/Objects-normal/arm64/vpp_cset.o.scan -- /Applications/Xcode.app/Contents/Developer/Toolchains/XcodeDefault.xctoolchain/usr/bin/clang -x c -ivfsstatcache /Users/barriesanders/Library/Developer/Xcode/DerivedData/SDKStatCaches.noindex/macosx26.2-25C57-3885c01c3e6b6a337905948deab2002e00fa09913b459cbbc988d1f6730289ae.sdkstatcache -fmessage-length\=0 -fdiagnostics-show-note-include-stack -fmacro-backtrace-limit\=0 -fno-color-diagnostics -fmodules-prune-interval\=86400 -fmodules-prune-after\=345600 -fbuild-session-file\=/Users/barriesanders/Library/Developer/Xcode/DerivedData/ModuleCache.noindex/Session.modulevalidation -fmodules-validate-once-per-build-session -Wnon-modular-include-in-framework-module -Werror\=non-modular-include-in-framework-module -Wno-trigraphs -Wno-missing-field-initializers -Wno-missing-prototypes -Wunreachable-code -Wno-missing-braces -Wparentheses -Wswitch -Wunused-function -Wno-unused-label -Wno-unused-parameter -Wunused-variable -Wunused-value -Wempty-body -Wuninitialized -Wno-unknown-pragmas -Wno-shadow -Wno-four-char-constants -Wno-conversion -Wconstant-conversion -Wint-conversion -Wbool-conversion -Wenum-conversion -Wno-float-conversion -Wno-non-literal-null-conversion -Wno-objc-literal-conversion -Wshorten-64-to-32 -Wpointer-sign -Wno-newline-eof -Wno-implicit-fallthrough -fstrict-aliasing -Wdeprecated-declarations -Wno-sign-conversion -Wno-infinite-recursion -Wno-comma -Wno-block-capture-autoreleasing -Wno-strict-prototypes -Wno-semicolon-before-method-body -index-store-path /Users/barriesanders/Library/Developer/Xcode/DerivedData/O2EM-doayxuzonxiitoguphcalntlvwqe/Index.noindex/DataStore @/Users/barriesanders/Library/Developer/Xcode/DerivedData/O2EM-doayxuzonxiitoguphcalntlvwqe/Build/Intermediates.noindex/O2EM.build/Debug/O2EM.build/Objects-normal/arm64/7187679823f38a2a940e0043cdf9d637-common-args.resp -MMD -MT dependencies -MF /Users/barriesanders/Library/Developer/Xcode/DerivedData/O2EM-doayxuzonxiitoguphcalntlvwqe/Build/Intermediates.noindex/O2EM.build/Debug/O2EM.build/Objects-normal/arm64/vpp_cset.d --serialize-diagnostics /Users/barriesanders/Library/Developer/Xcode/DerivedData/O2EM-doayxuzonxiitoguphcalntlvwqe/Build/Intermediates.noindex/O2EM.build/Debug/O2EM.build/Objects-normal/arm64/vpp_cset.dia -c /Users/barriesanders/.gemini/antigravity/scratch/OpenEmu_Port/O2EM/src/vpp_cset.c -o /Users/barriesanders/Library/Developer/Xcode/DerivedData/O2EM-doayxuzonxiitoguphcalntlvwqe/Build/Intermediates.noindex/O2EM.build/Debug/O2EM.build/Objects-normal/arm64/vpp_cset.o -index-unit-output-path /O2EM.build/Debug/O2EM.build/Objects-normal/arm64/vpp_cset.o

ScanDependencies /Users/barriesanders/Library/Developer/Xcode/DerivedData/O2EM-doayxuzonxiitoguphcalntlvwqe/Build/Intermediates.noindex/O2EM.build/Debug/O2EM.build/Objects-normal/arm64/vpp.o /Users/barriesanders/.gemini/antigravity/scratch/OpenEmu_Port/O2EM/src/vpp.c normal arm64 c com.apple.compilers.llvm.clang.1_0.compiler (in target 'O2EM' from project 'O2EM')
    cd /Users/barriesanders/.gemini/antigravity/scratch/OpenEmu_Port/O2EM
    
    Using response file: /Users/barriesanders/Library/Developer/Xcode/DerivedData/O2EM-doayxuzonxiitoguphcalntlvwqe/Build/Intermediates.noindex/O2EM.build/Debug/O2EM.build/Objects-normal/arm64/7187679823f38a2a940e0043cdf9d637-common-args.resp
    
    builtin-ScanDependencies -o /Users/barriesanders/Library/Developer/Xcode/DerivedData/O2EM-doayxuzonxiitoguphcalntlvwqe/Build/Intermediates.noindex/O2EM.build/Debug/O2EM.build/Objects-normal/arm64/vpp.o.scan -- /Applications/Xcode.app/Contents/Developer/Toolchains/XcodeDefault.xctoolchain/usr/bin/clang -x c -ivfsstatcache /Users/barriesanders/Library/Developer/Xcode/DerivedData/SDKStatCaches.noindex/macosx26.2-25C57-3885c01c3e6b6a337905948deab2002e00fa09913b459cbbc988d1f6730289ae.sdkstatcache -fmessage-length\=0 -fdiagnostics-show-note-include-stack -fmacro-backtrace-limit\=0 -fno-color-diagnostics -fmodules-prune-interval\=86400 -fmodules-prune-after\=345600 -fbuild-session-file\=/Users/barriesanders/Library/Developer/Xcode/DerivedData/ModuleCache.noindex/Session.modulevalidation -fmodules-validate-once-per-build-session -Wnon-modular-include-in-framework-module -Werror\=non-modular-include-in-framework-module -Wno-trigraphs -Wno-missing-field-initializers -Wno-missing-prototypes -Wunreachable-code -Wno-missing-braces -Wparentheses -Wswitch -Wunused-function -Wno-unused-label -Wno-unused-parameter -Wunused-variable -Wunused-value -Wempty-body -Wuninitialized -Wno-unknown-pragmas -Wno-shadow -Wno-four-char-constants -Wno-conversion -Wconstant-conversion -Wint-conversion -Wbool-conversion -Wenum-conversion -Wno-float-conversion -Wno-non-literal-null-conversion -Wno-objc-literal-conversion -Wshorten-64-to-32 -Wpointer-sign -Wno-newline-eof -Wno-implicit-fallthrough -fstrict-aliasing -Wdeprecated-declarations -Wno-sign-conversion -Wno-infinite-recursion -Wno-comma -Wno-block-capture-autoreleasing -Wno-strict-prototypes -Wno-semicolon-before-method-body -index-store-path /Users/barriesanders/Library/Developer/Xcode/DerivedData/O2EM-doayxuzonxiitoguphcalntlvwqe/Index.noindex/DataStore @/Users/barriesanders/Library/Developer/Xcode/DerivedData/O2EM-doayxuzonxiitoguphcalntlvwqe/Build/Intermediates.noindex/O2EM.build/Debug/O2EM.build/Objects-normal/arm64/7187679823f38a2a940e0043cdf9d637-common-args.resp -MMD -MT dependencies -MF /Users/barriesanders/Library/Developer/Xcode/DerivedData/O2EM-doayxuzonxiitoguphcalntlvwqe/Build/Intermediates.noindex/O2EM.build/Debug/O2EM.build/Objects-normal/arm64/vpp.d --serialize-diagnostics /Users/barriesanders/Library/Developer/Xcode/DerivedData/O2EM-doayxuzonxiitoguphcalntlvwqe/Build/Intermediates.noindex/O2EM.build/Debug/O2EM.build/Objects-normal/arm64/vpp.dia -c /Users/barriesanders/.gemini/antigravity/scratch/OpenEmu_Port/O2EM/src/vpp.c -o /Users/barriesanders/Library/Developer/Xcode/DerivedData/O2EM-doayxuzonxiitoguphcalntlvwqe/Build/Intermediates.noindex/O2EM.build/Debug/O2EM.build/Objects-normal/arm64/vpp.o -index-unit-output-path /O2EM.build/Debug/O2EM.build/Objects-normal/arm64/vpp.o

ScanDependencies /Users/barriesanders/Library/Developer/Xcode/DerivedData/O2EM-doayxuzonxiitoguphcalntlvwqe/Build/Intermediates.noindex/O2EM.build/Debug/O2EM.build/Objects-normal/arm64/voice.o /Users/barriesanders/.gemini/antigravity/scratch/OpenEmu_Port/O2EM/src/voice.c normal arm64 c com.apple.compilers.llvm.clang.1_0.compiler (in target 'O2EM' from project 'O2EM')
    cd /Users/barriesanders/.gemini/antigravity/scratch/OpenEmu_Port/O2EM
    
    Using response file: /Users/barriesanders/Library/Developer/Xcode/DerivedData/O2EM-doayxuzonxiitoguphcalntlvwqe/Build/Intermediates.noindex/O2EM.build/Debug/O2EM.build/Objects-normal/arm64/7187679823f38a2a940e0043cdf9d637-common-args.resp
    
    builtin-ScanDependencies -o /Users/barriesanders/Library/Developer/Xcode/DerivedData/O2EM-doayxuzonxiitoguphcalntlvwqe/Build/Intermediates.noindex/O2EM.build/Debug/O2EM.build/Objects-normal/arm64/voice.o.scan -- /Applications/Xcode.app/Contents/Developer/Toolchains/XcodeDefault.xctoolchain/usr/bin/clang -x c -ivfsstatcache /Users/barriesanders/Library/Developer/Xcode/DerivedData/SDKStatCaches.noindex/macosx26.2-25C57-3885c01c3e6b6a337905948deab2002e00fa09913b459cbbc988d1f6730289ae.sdkstatcache -fmessage-length\=0 -fdiagnostics-show-note-include-stack -fmacro-backtrace-limit\=0 -fno-color-diagnostics -fmodules-prune-interval\=86400 -fmodules-prune-after\=345600 -fbuild-session-file\=/Users/barriesanders/Library/Developer/Xcode/DerivedData/ModuleCache.noindex/Session.modulevalidation -fmodules-validate-once-per-build-session -Wnon-modular-include-in-framework-module -Werror\=non-modular-include-in-framework-module -Wno-trigraphs -Wno-missing-field-initializers -Wno-missing-prototypes -Wunreachable-code -Wno-missing-braces -Wparentheses -Wswitch -Wunused-function -Wno-unused-label -Wno-unused-parameter -Wunused-variable -Wunused-value -Wempty-body -Wuninitialized -Wno-unknown-pragmas -Wno-shadow -Wno-four-char-constants -Wno-conversion -Wconstant-conversion -Wint-conversion -Wbool-conversion -Wenum-conversion -Wno-float-conversion -Wno-non-literal-null-conversion -Wno-objc-literal-conversion -Wshorten-64-to-32 -Wpointer-sign -Wno-newline-eof -Wno-implicit-fallthrough -fstrict-aliasing -Wdeprecated-declarations -Wno-sign-conversion -Wno-infinite-recursion -Wno-comma -Wno-block-capture-autoreleasing -Wno-strict-prototypes -Wno-semicolon-before-method-body -index-store-path /Users/barriesanders/Library/Developer/Xcode/DerivedData/O2EM-doayxuzonxiitoguphcalntlvwqe/Index.noindex/DataStore @/Users/barriesanders/Library/Developer/Xcode/DerivedData/O2EM-doayxuzonxiitoguphcalntlvwqe/Build/Intermediates.noindex/O2EM.build/Debug/O2EM.build/Objects-normal/arm64/7187679823f38a2a940e0043cdf9d637-common-args.resp -MMD -MT dependencies -MF /Users/barriesanders/Library/Developer/Xcode/DerivedData/O2EM-doayxuzonxiitoguphcalntlvwqe/Build/Intermediates.noindex/O2EM.build/Debug/O2EM.build/Objects-normal/arm64/voice.d --serialize-diagnostics /Users/barriesanders/Library/Developer/Xcode/DerivedData/O2EM-doayxuzonxiitoguphcalntlvwqe/Build/Intermediates.noindex/O2EM.build/Debug/O2EM.build/Objects-normal/arm64/voice.dia -c /Users/barriesanders/.gemini/antigravity/scratch/OpenEmu_Port/O2EM/src/voice.c -o /Users/barriesanders/Library/Developer/Xcode/DerivedData/O2EM-doayxuzonxiitoguphcalntlvwqe/Build/Intermediates.noindex/O2EM.build/Debug/O2EM.build/Objects-normal/arm64/voice.o -index-unit-output-path /O2EM.build/Debug/O2EM.build/Objects-normal/arm64/voice.o

ScanDependencies /Users/barriesanders/Library/Developer/Xcode/DerivedData/O2EM-doayxuzonxiitoguphcalntlvwqe/Build/Intermediates.noindex/O2EM.build/Debug/O2EM.build/Objects-normal/arm64/vdc.o /Users/barriesanders/.gemini/antigravity/scratch/OpenEmu_Port/O2EM/src/vdc.c normal arm64 c com.apple.compilers.llvm.clang.1_0.compiler (in target 'O2EM' from project 'O2EM')
    cd /Users/barriesanders/.gemini/antigravity/scratch/OpenEmu_Port/O2EM
    
    Using response file: /Users/barriesanders/Library/Developer/Xcode/DerivedData/O2EM-doayxuzonxiitoguphcalntlvwqe/Build/Intermediates.noindex/O2EM.build/Debug/O2EM.build/Objects-normal/arm64/7187679823f38a2a940e0043cdf9d637-common-args.resp
    
    builtin-ScanDependencies -o /Users/barriesanders/Library/Developer/Xcode/DerivedData/O2EM-doayxuzonxiitoguphcalntlvwqe/Build/Intermediates.noindex/O2EM.build/Debug/O2EM.build/Objects-normal/arm64/vdc.o.scan -- /Applications/Xcode.app/Contents/Developer/Toolchains/XcodeDefault.xctoolchain/usr/bin/clang -x c -ivfsstatcache /Users/barriesanders/Library/Developer/Xcode/DerivedData/SDKStatCaches.noindex/macosx26.2-25C57-3885c01c3e6b6a337905948deab2002e00fa09913b459cbbc988d1f6730289ae.sdkstatcache -fmessage-length\=0 -fdiagnostics-show-note-include-stack -fmacro-backtrace-limit\=0 -fno-color-diagnostics -fmodules-prune-interval\=86400 -fmodules-prune-after\=345600 -fbuild-session-file\=/Users/barriesanders/Library/Developer/Xcode/DerivedData/ModuleCache.noindex/Session.modulevalidation -fmodules-validate-once-per-build-session -Wnon-modular-include-in-framework-module -Werror\=non-modular-include-in-framework-module -Wno-trigraphs -Wno-missing-field-initializers -Wno-missing-prototypes -Wunreachable-code -Wno-missing-braces -Wparentheses -Wswitch -Wunused-function -Wno-unused-label -Wno-unused-parameter -Wunused-variable -Wunused-value -Wempty-body -Wuninitialized -Wno-unknown-pragmas -Wno-shadow -Wno-four-char-constants -Wno-conversion -Wconstant-conversion -Wint-conversion -Wbool-conversion -Wenum-conversion -Wno-float-conversion -Wno-non-literal-null-conversion -Wno-objc-literal-conversion -Wshorten-64-to-32 -Wpointer-sign -Wno-newline-eof -Wno-implicit-fallthrough -fstrict-aliasing -Wdeprecated-declarations -Wno-sign-conversion -Wno-infinite-recursion -Wno-comma -Wno-block-capture-autoreleasing -Wno-strict-prototypes -Wno-semicolon-before-method-body -index-store-path /Users/barriesanders/Library/Developer/Xcode/DerivedData/O2EM-doayxuzonxiitoguphcalntlvwqe/Index.noindex/DataStore @/Users/barriesanders/Library/Developer/Xcode/DerivedData/O2EM-doayxuzonxiitoguphcalntlvwqe/Build/Intermediates.noindex/O2EM.build/Debug/O2EM.build/Objects-normal/arm64/7187679823f38a2a940e0043cdf9d637-common-args.resp -MMD -MT dependencies -MF /Users/barriesanders/Library/Developer/Xcode/DerivedData/O2EM-doayxuzonxiitoguphcalntlvwqe/Build/Intermediates.noindex/O2EM.build/Debug/O2EM.build/Objects-normal/arm64/vdc.d --serialize-diagnostics /Users/barriesanders/Library/Developer/Xcode/DerivedData/O2EM-doayxuzonxiitoguphcalntlvwqe/Build/Intermediates.noindex/O2EM.build/Debug/O2EM.build/Objects-normal/arm64/vdc.dia -c /Users/barriesanders/.gemini/antigravity/scratch/OpenEmu_Port/O2EM/src/vdc.c -o /Users/barriesanders/Library/Developer/Xcode/DerivedData/O2EM-doayxuzonxiitoguphcalntlvwqe/Build/Intermediates.noindex/O2EM.build/Debug/O2EM.build/Objects-normal/arm64/vdc.o -index-unit-output-path /O2EM.build/Debug/O2EM.build/Objects-normal/arm64/vdc.o

ScanDependencies /Users/barriesanders/Library/Developer/Xcode/DerivedData/O2EM-doayxuzonxiitoguphcalntlvwqe/Build/Intermediates.noindex/O2EM.build/Debug/O2EM.build/Objects-normal/arm64/table.o /Users/barriesanders/.gemini/antigravity/scratch/OpenEmu_Port/O2EM/src/table.c normal arm64 c com.apple.compilers.llvm.clang.1_0.compiler (in target 'O2EM' from project 'O2EM')
    cd /Users/barriesanders/.gemini/antigravity/scratch/OpenEmu_Port/O2EM
    
    Using response file: /Users/barriesanders/Library/Developer/Xcode/DerivedData/O2EM-doayxuzonxiitoguphcalntlvwqe/Build/Intermediates.noindex/O2EM.build/Debug/O2EM.build/Objects-normal/arm64/7187679823f38a2a940e0043cdf9d637-common-args.resp
    
    builtin-ScanDependencies -o /Users/barriesanders/Library/Developer/Xcode/DerivedData/O2EM-doayxuzonxiitoguphcalntlvwqe/Build/Intermediates.noindex/O2EM.build/Debug/O2EM.build/Objects-normal/arm64/table.o.scan -- /Applications/Xcode.app/Contents/Developer/Toolchains/XcodeDefault.xctoolchain/usr/bin/clang -x c -ivfsstatcache /Users/barriesanders/Library/Developer/Xcode/DerivedData/SDKStatCaches.noindex/macosx26.2-25C57-3885c01c3e6b6a337905948deab2002e00fa09913b459cbbc988d1f6730289ae.sdkstatcache -fmessage-length\=0 -fdiagnostics-show-note-include-stack -fmacro-backtrace-limit\=0 -fno-color-diagnostics -fmodules-prune-interval\=86400 -fmodules-prune-after\=345600 -fbuild-session-file\=/Users/barriesanders/Library/Developer/Xcode/DerivedData/ModuleCache.noindex/Session.modulevalidation -fmodules-validate-once-per-build-session -Wnon-modular-include-in-framework-module -Werror\=non-modular-include-in-framework-module -Wno-trigraphs -Wno-missing-field-initializers -Wno-missing-prototypes -Wunreachable-code -Wno-missing-braces -Wparentheses -Wswitch -Wunused-function -Wno-unused-label -Wno-unused-parameter -Wunused-variable -Wunused-value -Wempty-body -Wuninitialized -Wno-unknown-pragmas -Wno-shadow -Wno-four-char-constants -Wno-conversion -Wconstant-conversion -Wint-conversion -Wbool-conversion -Wenum-conversion -Wno-float-conversion -Wno-non-literal-null-conversion -Wno-objc-literal-conversion -Wshorten-64-to-32 -Wpointer-sign -Wno-newline-eof -Wno-implicit-fallthrough -fstrict-aliasing -Wdeprecated-declarations -Wno-sign-conversion -Wno-infinite-recursion -Wno-comma -Wno-block-capture-autoreleasing -Wno-strict-prototypes -Wno-semicolon-before-method-body -index-store-path /Users/barriesanders/Library/Developer/Xcode/DerivedData/O2EM-doayxuzonxiitoguphcalntlvwqe/Index.noindex/DataStore @/Users/barriesanders/Library/Developer/Xcode/DerivedData/O2EM-doayxuzonxiitoguphcalntlvwqe/Build/Intermediates.noindex/O2EM.build/Debug/O2EM.build/Objects-normal/arm64/7187679823f38a2a940e0043cdf9d637-common-args.resp -MMD -MT dependencies -MF /Users/barriesanders/Library/Developer/Xcode/DerivedData/O2EM-doayxuzonxiitoguphcalntlvwqe/Build/Intermediates.noindex/O2EM.build/Debug/O2EM.build/Objects-normal/arm64/table.d --serialize-diagnostics /Users/barriesanders/Library/Developer/Xcode/DerivedData/O2EM-doayxuzonxiitoguphcalntlvwqe/Build/Intermediates.noindex/O2EM.build/Debug/O2EM.build/Objects-normal/arm64/table.dia -c /Users/barriesanders/.gemini/antigravity/scratch/OpenEmu_Port/O2EM/src/table.c -o /Users/barriesanders/Library/Developer/Xcode/DerivedData/O2EM-doayxuzonxiitoguphcalntlvwqe/Build/Intermediates.noindex/O2EM.build/Debug/O2EM.build/Objects-normal/arm64/table.o -index-unit-output-path /O2EM.build/Debug/O2EM.build/Objects-normal/arm64/table.o

ScanDependencies /Users/barriesanders/Library/Developer/Xcode/DerivedData/O2EM-doayxuzonxiitoguphcalntlvwqe/Build/Intermediates.noindex/O2EM.build/Debug/O2EM.build/Objects-normal/arm64/vmachine.o /Users/barriesanders/.gemini/antigravity/scratch/OpenEmu_Port/O2EM/src/vmachine.c normal arm64 c com.apple.compilers.llvm.clang.1_0.compiler (in target 'O2EM' from project 'O2EM')
    cd /Users/barriesanders/.gemini/antigravity/scratch/OpenEmu_Port/O2EM
    
    Using response file: /Users/barriesanders/Library/Developer/Xcode/DerivedData/O2EM-doayxuzonxiitoguphcalntlvwqe/Build/Intermediates.noindex/O2EM.build/Debug/O2EM.build/Objects-normal/arm64/7187679823f38a2a940e0043cdf9d637-common-args.resp
    
    builtin-ScanDependencies -o /Users/barriesanders/Library/Developer/Xcode/DerivedData/O2EM-doayxuzonxiitoguphcalntlvwqe/Build/Intermediates.noindex/O2EM.build/Debug/O2EM.build/Objects-normal/arm64/vmachine.o.scan -- /Applications/Xcode.app/Contents/Developer/Toolchains/XcodeDefault.xctoolchain/usr/bin/clang -x c -ivfsstatcache /Users/barriesanders/Library/Developer/Xcode/DerivedData/SDKStatCaches.noindex/macosx26.2-25C57-3885c01c3e6b6a337905948deab2002e00fa09913b459cbbc988d1f6730289ae.sdkstatcache -fmessage-length\=0 -fdiagnostics-show-note-include-stack -fmacro-backtrace-limit\=0 -fno-color-diagnostics -fmodules-prune-interval\=86400 -fmodules-prune-after\=345600 -fbuild-session-file\=/Users/barriesanders/Library/Developer/Xcode/DerivedData/ModuleCache.noindex/Session.modulevalidation -fmodules-validate-once-per-build-session -Wnon-modular-include-in-framework-module -Werror\=non-modular-include-in-framework-module -Wno-trigraphs -Wno-missing-field-initializers -Wno-missing-prototypes -Wunreachable-code -Wno-missing-braces -Wparentheses -Wswitch -Wunused-function -Wno-unused-label -Wno-unused-parameter -Wunused-variable -Wunused-value -Wempty-body -Wuninitialized -Wno-unknown-pragmas -Wno-shadow -Wno-four-char-constants -Wno-conversion -Wconstant-conversion -Wint-conversion -Wbool-conversion -Wenum-conversion -Wno-float-conversion -Wno-non-literal-null-conversion -Wno-objc-literal-conversion -Wshorten-64-to-32 -Wpointer-sign -Wno-newline-eof -Wno-implicit-fallthrough -fstrict-aliasing -Wdeprecated-declarations -Wno-sign-conversion -Wno-infinite-recursion -Wno-comma -Wno-block-capture-autoreleasing -Wno-strict-prototypes -Wno-semicolon-before-method-body -index-store-path /Users/barriesanders/Library/Developer/Xcode/DerivedData/O2EM-doayxuzonxiitoguphcalntlvwqe/Index.noindex/DataStore @/Users/barriesanders/Library/Developer/Xcode/DerivedData/O2EM-doayxuzonxiitoguphcalntlvwqe/Build/Intermediates.noindex/O2EM.build/Debug/O2EM.build/Objects-normal/arm64/7187679823f38a2a940e0043cdf9d637-common-args.resp -MMD -MT dependencies -MF /Users/barriesanders/Library/Developer/Xcode/DerivedData/O2EM-doayxuzonxiitoguphcalntlvwqe/Build/Intermediates.noindex/O2EM.build/Debug/O2EM.build/Objects-normal/arm64/vmachine.d --serialize-diagnostics /Users/barriesanders/Library/Developer/Xcode/DerivedData/O2EM-doayxuzonxiitoguphcalntlvwqe/Build/Intermediates.noindex/O2EM.build/Debug/O2EM.build/Objects-normal/arm64/vmachine.dia -c /Users/barriesanders/.gemini/antigravity/scratch/OpenEmu_Port/O2EM/src/vmachine.c -o /Users/barriesanders/Library/Developer/Xcode/DerivedData/O2EM-doayxuzonxiitoguphcalntlvwqe/Build/Intermediates.noindex/O2EM.build/Debug/O2EM.build/Objects-normal/arm64/vmachine.o -index-unit-output-path /O2EM.build/Debug/O2EM.build/Objects-normal/arm64/vmachine.o

ScanDependencies /Users/barriesanders/Library/Developer/Xcode/DerivedData/O2EM-doayxuzonxiitoguphcalntlvwqe/Build/Intermediates.noindex/O2EM.build/Debug/O2EM.build/Objects-normal/arm64/score.o /Users/barriesanders/.gemini/antigravity/scratch/OpenEmu_Port/O2EM/src/score.c normal arm64 c com.apple.compilers.llvm.clang.1_0.compiler (in target 'O2EM' from project 'O2EM')
    cd /Users/barriesanders/.gemini/antigravity/scratch/OpenEmu_Port/O2EM
    
    Using response file: /Users/barriesanders/Library/Developer/Xcode/DerivedData/O2EM-doayxuzonxiitoguphcalntlvwqe/Build/Intermediates.noindex/O2EM.build/Debug/O2EM.build/Objects-normal/arm64/7187679823f38a2a940e0043cdf9d637-common-args.resp
    
    builtin-ScanDependencies -o /Users/barriesanders/Library/Developer/Xcode/DerivedData/O2EM-doayxuzonxiitoguphcalntlvwqe/Build/Intermediates.noindex/O2EM.build/Debug/O2EM.build/Objects-normal/arm64/score.o.scan -- /Applications/Xcode.app/Contents/Developer/Toolchains/XcodeDefault.xctoolchain/usr/bin/clang -x c -ivfsstatcache /Users/barriesanders/Library/Developer/Xcode/DerivedData/SDKStatCaches.noindex/macosx26.2-25C57-3885c01c3e6b6a337905948deab2002e00fa09913b459cbbc988d1f6730289ae.sdkstatcache -fmessage-length\=0 -fdiagnostics-show-note-include-stack -fmacro-backtrace-limit\=0 -fno-color-diagnostics -fmodules-prune-interval\=86400 -fmodules-prune-after\=345600 -fbuild-session-file\=/Users/barriesanders/Library/Developer/Xcode/DerivedData/ModuleCache.noindex/Session.modulevalidation -fmodules-validate-once-per-build-session -Wnon-modular-include-in-framework-module -Werror\=non-modular-include-in-framework-module -Wno-trigraphs -Wno-missing-field-initializers -Wno-missing-prototypes -Wunreachable-code -Wno-missing-braces -Wparentheses -Wswitch -Wunused-function -Wno-unused-label -Wno-unused-parameter -Wunused-variable -Wunused-value -Wempty-body -Wuninitialized -Wno-unknown-pragmas -Wno-shadow -Wno-four-char-constants -Wno-conversion -Wconstant-conversion -Wint-conversion -Wbool-conversion -Wenum-conversion -Wno-float-conversion -Wno-non-literal-null-conversion -Wno-objc-literal-conversion -Wshorten-64-to-32 -Wpointer-sign -Wno-newline-eof -Wno-implicit-fallthrough -fstrict-aliasing -Wdeprecated-declarations -Wno-sign-conversion -Wno-infinite-recursion -Wno-comma -Wno-block-capture-autoreleasing -Wno-strict-prototypes -Wno-semicolon-before-method-body -index-store-path /Users/barriesanders/Library/Developer/Xcode/DerivedData/O2EM-doayxuzonxiitoguphcalntlvwqe/Index.noindex/DataStore @/Users/barriesanders/Library/Developer/Xcode/DerivedData/O2EM-doayxuzonxiitoguphcalntlvwqe/Build/Intermediates.noindex/O2EM.build/Debug/O2EM.build/Objects-normal/arm64/7187679823f38a2a940e0043cdf9d637-common-args.resp -MMD -MT dependencies -MF /Users/barriesanders/Library/Developer/Xcode/DerivedData/O2EM-doayxuzonxiitoguphcalntlvwqe/Build/Intermediates.noindex/O2EM.build/Debug/O2EM.build/Objects-normal/arm64/score.d --serialize-diagnostics /Users/barriesanders/Library/Developer/Xcode/DerivedData/O2EM-doayxuzonxiitoguphcalntlvwqe/Build/Intermediates.noindex/O2EM.build/Debug/O2EM.build/Objects-normal/arm64/score.dia -c /Users/barriesanders/.gemini/antigravity/scratch/OpenEmu_Port/O2EM/src/score.c -o /Users/barriesanders/Library/Developer/Xcode/DerivedData/O2EM-doayxuzonxiitoguphcalntlvwqe/Build/Intermediates.noindex/O2EM.build/Debug/O2EM.build/Objects-normal/arm64/score.o -index-unit-output-path /O2EM.build/Debug/O2EM.build/Objects-normal/arm64/score.o

ScanDependencies /Users/barriesanders/Library/Developer/Xcode/DerivedData/O2EM-doayxuzonxiitoguphcalntlvwqe/Build/Intermediates.noindex/O2EM.build/Debug/O2EM.build/Objects-normal/arm64/timefunc.o /Users/barriesanders/.gemini/antigravity/scratch/OpenEmu_Port/O2EM/src/timefunc.c normal arm64 c com.apple.compilers.llvm.clang.1_0.compiler (in target 'O2EM' from project 'O2EM')
    cd /Users/barriesanders/.gemini/antigravity/scratch/OpenEmu_Port/O2EM
    
    Using response file: /Users/barriesanders/Library/Developer/Xcode/DerivedData/O2EM-doayxuzonxiitoguphcalntlvwqe/Build/Intermediates.noindex/O2EM.build/Debug/O2EM.build/Objects-normal/arm64/7187679823f38a2a940e0043cdf9d637-common-args.resp
    
    builtin-ScanDependencies -o /Users/barriesanders/Library/Developer/Xcode/DerivedData/O2EM-doayxuzonxiitoguphcalntlvwqe/Build/Intermediates.noindex/O2EM.build/Debug/O2EM.build/Objects-normal/arm64/timefunc.o.scan -- /Applications/Xcode.app/Contents/Developer/Toolchains/XcodeDefault.xctoolchain/usr/bin/clang -x c -ivfsstatcache /Users/barriesanders/Library/Developer/Xcode/DerivedData/SDKStatCaches.noindex/macosx26.2-25C57-3885c01c3e6b6a337905948deab2002e00fa09913b459cbbc988d1f6730289ae.sdkstatcache -fmessage-length\=0 -fdiagnostics-show-note-include-stack -fmacro-backtrace-limit\=0 -fno-color-diagnostics -fmodules-prune-interval\=86400 -fmodules-prune-after\=345600 -fbuild-session-file\=/Users/barriesanders/Library/Developer/Xcode/DerivedData/ModuleCache.noindex/Session.modulevalidation -fmodules-validate-once-per-build-session -Wnon-modular-include-in-framework-module -Werror\=non-modular-include-in-framework-module -Wno-trigraphs -Wno-missing-field-initializers -Wno-missing-prototypes -Wunreachable-code -Wno-missing-braces -Wparentheses -Wswitch -Wunused-function -Wno-unused-label -Wno-unused-parameter -Wunused-variable -Wunused-value -Wempty-body -Wuninitialized -Wno-unknown-pragmas -Wno-shadow -Wno-four-char-constants -Wno-conversion -Wconstant-conversion -Wint-conversion -Wbool-conversion -Wenum-conversion -Wno-float-conversion -Wno-non-literal-null-conversion -Wno-objc-literal-conversion -Wshorten-64-to-32 -Wpointer-sign -Wno-newline-eof -Wno-implicit-fallthrough -fstrict-aliasing -Wdeprecated-declarations -Wno-sign-conversion -Wno-infinite-recursion -Wno-comma -Wno-block-capture-autoreleasing -Wno-strict-prototypes -Wno-semicolon-before-method-body -index-store-path /Users/barriesanders/Library/Developer/Xcode/DerivedData/O2EM-doayxuzonxiitoguphcalntlvwqe/Index.noindex/DataStore @/Users/barriesanders/Library/Developer/Xcode/DerivedData/O2EM-doayxuzonxiitoguphcalntlvwqe/Build/Intermediates.noindex/O2EM.build/Debug/O2EM.build/Objects-normal/arm64/7187679823f38a2a940e0043cdf9d637-common-args.resp -MMD -MT dependencies -MF /Users/barriesanders/Library/Developer/Xcode/DerivedData/O2EM-doayxuzonxiitoguphcalntlvwqe/Build/Intermediates.noindex/O2EM.build/Debug/O2EM.build/Objects-normal/arm64/timefunc.d --serialize-diagnostics /Users/barriesanders/Library/Developer/Xcode/DerivedData/O2EM-doayxuzonxiitoguphcalntlvwqe/Build/Intermediates.noindex/O2EM.build/Debug/O2EM.build/Objects-normal/arm64/timefunc.dia -c /Users/barriesanders/.gemini/antigravity/scratch/OpenEmu_Port/O2EM/src/timefunc.c -o /Users/barriesanders/Library/Developer/Xcode/DerivedData/O2EM-doayxuzonxiitoguphcalntlvwqe/Build/Intermediates.noindex/O2EM.build/Debug/O2EM.build/Objects-normal/arm64/timefunc.o -index-unit-output-path /O2EM.build/Debug/O2EM.build/Objects-normal/arm64/timefunc.o

ScanDependencies /Users/barriesanders/Library/Developer/Xcode/DerivedData/O2EM-doayxuzonxiitoguphcalntlvwqe/Build/Intermediates.noindex/O2EM.build/Debug/O2EM.build/Objects-normal/arm64/keyboard.o /Users/barriesanders/.gemini/antigravity/scratch/OpenEmu_Port/O2EM/src/keyboard.c normal arm64 c com.apple.compilers.llvm.clang.1_0.compiler (in target 'O2EM' from project 'O2EM')
    cd /Users/barriesanders/.gemini/antigravity/scratch/OpenEmu_Port/O2EM
    
    Using response file: /Users/barriesanders/Library/Developer/Xcode/DerivedData/O2EM-doayxuzonxiitoguphcalntlvwqe/Build/Intermediates.noindex/O2EM.build/Debug/O2EM.build/Objects-normal/arm64/7187679823f38a2a940e0043cdf9d637-common-args.resp
    
    builtin-ScanDependencies -o /Users/barriesanders/Library/Developer/Xcode/DerivedData/O2EM-doayxuzonxiitoguphcalntlvwqe/Build/Intermediates.noindex/O2EM.build/Debug/O2EM.build/Objects-normal/arm64/keyboard.o.scan -- /Applications/Xcode.app/Contents/Developer/Toolchains/XcodeDefault.xctoolchain/usr/bin/clang -x c -ivfsstatcache /Users/barriesanders/Library/Developer/Xcode/DerivedData/SDKStatCaches.noindex/macosx26.2-25C57-3885c01c3e6b6a337905948deab2002e00fa09913b459cbbc988d1f6730289ae.sdkstatcache -fmessage-length\=0 -fdiagnostics-show-note-include-stack -fmacro-backtrace-limit\=0 -fno-color-diagnostics -fmodules-prune-interval\=86400 -fmodules-prune-after\=345600 -fbuild-session-file\=/Users/barriesanders/Library/Developer/Xcode/DerivedData/ModuleCache.noindex/Session.modulevalidation -fmodules-validate-once-per-build-session -Wnon-modular-include-in-framework-module -Werror\=non-modular-include-in-framework-module -Wno-trigraphs -Wno-missing-field-initializers -Wno-missing-prototypes -Wunreachable-code -Wno-missing-braces -Wparentheses -Wswitch -Wunused-function -Wno-unused-label -Wno-unused-parameter -Wunused-variable -Wunused-value -Wempty-body -Wuninitialized -Wno-unknown-pragmas -Wno-shadow -Wno-four-char-constants -Wno-conversion -Wconstant-conversion -Wint-conversion -Wbool-conversion -Wenum-conversion -Wno-float-conversion -Wno-non-literal-null-conversion -Wno-objc-literal-conversion -Wshorten-64-to-32 -Wpointer-sign -Wno-newline-eof -Wno-implicit-fallthrough -fstrict-aliasing -Wdeprecated-declarations -Wno-sign-conversion -Wno-infinite-recursion -Wno-comma -Wno-block-capture-autoreleasing -Wno-strict-prototypes -Wno-semicolon-before-method-body -index-store-path /Users/barriesanders/Library/Developer/Xcode/DerivedData/O2EM-doayxuzonxiitoguphcalntlvwqe/Index.noindex/DataStore @/Users/barriesanders/Library/Developer/Xcode/DerivedData/O2EM-doayxuzonxiitoguphcalntlvwqe/Build/Intermediates.noindex/O2EM.build/Debug/O2EM.build/Objects-normal/arm64/7187679823f38a2a940e0043cdf9d637-common-args.resp -MMD -MT dependencies -MF /Users/barriesanders/Library/Developer/Xcode/DerivedData/O2EM-doayxuzonxiitoguphcalntlvwqe/Build/Intermediates.noindex/O2EM.build/Debug/O2EM.build/Objects-normal/arm64/keyboard.d --serialize-diagnostics /Users/barriesanders/Library/Developer/Xcode/DerivedData/O2EM-doayxuzonxiitoguphcalntlvwqe/Build/Intermediates.noindex/O2EM.build/Debug/O2EM.build/Objects-normal/arm64/keyboard.dia -c /Users/barriesanders/.gemini/antigravity/scratch/OpenEmu_Port/O2EM/src/keyboard.c -o /Users/barriesanders/Library/Developer/Xcode/DerivedData/O2EM-doayxuzonxiitoguphcalntlvwqe/Build/Intermediates.noindex/O2EM.build/Debug/O2EM.build/Objects-normal/arm64/keyboard.o -index-unit-output-path /O2EM.build/Debug/O2EM.build/Objects-normal/arm64/keyboard.o

ScanDependencies /Users/barriesanders/Library/Developer/Xcode/DerivedData/O2EM-doayxuzonxiitoguphcalntlvwqe/Build/Intermediates.noindex/O2EM.build/Debug/O2EM.build/Objects-normal/arm64/debug.o /Users/barriesanders/.gemini/antigravity/scratch/OpenEmu_Port/O2EM/src/debug.c normal arm64 c com.apple.compilers.llvm.clang.1_0.compiler (in target 'O2EM' from project 'O2EM')
    cd /Users/barriesanders/.gemini/antigravity/scratch/OpenEmu_Port/O2EM
    
    Using response file: /Users/barriesanders/Library/Developer/Xcode/DerivedData/O2EM-doayxuzonxiitoguphcalntlvwqe/Build/Intermediates.noindex/O2EM.build/Debug/O2EM.build/Objects-normal/arm64/7187679823f38a2a940e0043cdf9d637-common-args.resp
    
    builtin-ScanDependencies -o /Users/barriesanders/Library/Developer/Xcode/DerivedData/O2EM-doayxuzonxiitoguphcalntlvwqe/Build/Intermediates.noindex/O2EM.build/Debug/O2EM.build/Objects-normal/arm64/debug.o.scan -- /Applications/Xcode.app/Contents/Developer/Toolchains/XcodeDefault.xctoolchain/usr/bin/clang -x c -ivfsstatcache /Users/barriesanders/Library/Developer/Xcode/DerivedData/SDKStatCaches.noindex/macosx26.2-25C57-3885c01c3e6b6a337905948deab2002e00fa09913b459cbbc988d1f6730289ae.sdkstatcache -fmessage-length\=0 -fdiagnostics-show-note-include-stack -fmacro-backtrace-limit\=0 -fno-color-diagnostics -fmodules-prune-interval\=86400 -fmodules-prune-after\=345600 -fbuild-session-file\=/Users/barriesanders/Library/Developer/Xcode/DerivedData/ModuleCache.noindex/Session.modulevalidation -fmodules-validate-once-per-build-session -Wnon-modular-include-in-framework-module -Werror\=non-modular-include-in-framework-module -Wno-trigraphs -Wno-missing-field-initializers -Wno-missing-prototypes -Wunreachable-code -Wno-missing-braces -Wparentheses -Wswitch -Wunused-function -Wno-unused-label -Wno-unused-parameter -Wunused-variable -Wunused-value -Wempty-body -Wuninitialized -Wno-unknown-pragmas -Wno-shadow -Wno-four-char-constants -Wno-conversion -Wconstant-conversion -Wint-conversion -Wbool-conversion -Wenum-conversion -Wno-float-conversion -Wno-non-literal-null-conversion -Wno-objc-literal-conversion -Wshorten-64-to-32 -Wpointer-sign -Wno-newline-eof -Wno-implicit-fallthrough -fstrict-aliasing -Wdeprecated-declarations -Wno-sign-conversion -Wno-infinite-recursion -Wno-comma -Wno-block-capture-autoreleasing -Wno-strict-prototypes -Wno-semicolon-before-method-body -index-store-path /Users/barriesanders/Library/Developer/Xcode/DerivedData/O2EM-doayxuzonxiitoguphcalntlvwqe/Index.noindex/DataStore @/Users/barriesanders/Library/Developer/Xcode/DerivedData/O2EM-doayxuzonxiitoguphcalntlvwqe/Build/Intermediates.noindex/O2EM.build/Debug/O2EM.build/Objects-normal/arm64/7187679823f38a2a940e0043cdf9d637-common-args.resp -MMD -MT dependencies -MF /Users/barriesanders/Library/Developer/Xcode/DerivedData/O2EM-doayxuzonxiitoguphcalntlvwqe/Build/Intermediates.noindex/O2EM.build/Debug/O2EM.build/Objects-normal/arm64/debug.d --serialize-diagnostics /Users/barriesanders/Library/Developer/Xcode/DerivedData/O2EM-doayxuzonxiitoguphcalntlvwqe/Build/Intermediates.noindex/O2EM.build/Debug/O2EM.build/Objects-normal/arm64/debug.dia -c /Users/barriesanders/.gemini/antigravity/scratch/OpenEmu_Port/O2EM/src/debug.c -o /Users/barriesanders/Library/Developer/Xcode/DerivedData/O2EM-doayxuzonxiitoguphcalntlvwqe/Build/Intermediates.noindex/O2EM.build/Debug/O2EM.build/Objects-normal/arm64/debug.o -index-unit-output-path /O2EM.build/Debug/O2EM.build/Objects-normal/arm64/debug.o

ScanDependencies /Users/barriesanders/Library/Developer/Xcode/DerivedData/O2EM-doayxuzonxiitoguphcalntlvwqe/Build/Intermediates.noindex/O2EM.build/Debug/O2EM.build/Objects-normal/arm64/cset.o /Users/barriesanders/.gemini/antigravity/scratch/OpenEmu_Port/O2EM/src/cset.c normal arm64 c com.apple.compilers.llvm.clang.1_0.compiler (in target 'O2EM' from project 'O2EM')
    cd /Users/barriesanders/.gemini/antigravity/scratch/OpenEmu_Port/O2EM
    
    Using response file: /Users/barriesanders/Library/Developer/Xcode/DerivedData/O2EM-doayxuzonxiitoguphcalntlvwqe/Build/Intermediates.noindex/O2EM.build/Debug/O2EM.build/Objects-normal/arm64/7187679823f38a2a940e0043cdf9d637-common-args.resp
    
    builtin-ScanDependencies -o /Users/barriesanders/Library/Developer/Xcode/DerivedData/O2EM-doayxuzonxiitoguphcalntlvwqe/Build/Intermediates.noindex/O2EM.build/Debug/O2EM.build/Objects-normal/arm64/cset.o.scan -- /Applications/Xcode.app/Contents/Developer/Toolchains/XcodeDefault.xctoolchain/usr/bin/clang -x c -ivfsstatcache /Users/barriesanders/Library/Developer/Xcode/DerivedData/SDKStatCaches.noindex/macosx26.2-25C57-3885c01c3e6b6a337905948deab2002e00fa09913b459cbbc988d1f6730289ae.sdkstatcache -fmessage-length\=0 -fdiagnostics-show-note-include-stack -fmacro-backtrace-limit\=0 -fno-color-diagnostics -fmodules-prune-interval\=86400 -fmodules-prune-after\=345600 -fbuild-session-file\=/Users/barriesanders/Library/Developer/Xcode/DerivedData/ModuleCache.noindex/Session.modulevalidation -fmodules-validate-once-per-build-session -Wnon-modular-include-in-framework-module -Werror\=non-modular-include-in-framework-module -Wno-trigraphs -Wno-missing-field-initializers -Wno-missing-prototypes -Wunreachable-code -Wno-missing-braces -Wparentheses -Wswitch -Wunused-function -Wno-unused-label -Wno-unused-parameter -Wunused-variable -Wunused-value -Wempty-body -Wuninitialized -Wno-unknown-pragmas -Wno-shadow -Wno-four-char-constants -Wno-conversion -Wconstant-conversion -Wint-conversion -Wbool-conversion -Wenum-conversion -Wno-float-conversion -Wno-non-literal-null-conversion -Wno-objc-literal-conversion -Wshorten-64-to-32 -Wpointer-sign -Wno-newline-eof -Wno-implicit-fallthrough -fstrict-aliasing -Wdeprecated-declarations -Wno-sign-conversion -Wno-infinite-recursion -Wno-comma -Wno-block-capture-autoreleasing -Wno-strict-prototypes -Wno-semicolon-before-method-body -index-store-path /Users/barriesanders/Library/Developer/Xcode/DerivedData/O2EM-doayxuzonxiitoguphcalntlvwqe/Index.noindex/DataStore @/Users/barriesanders/Library/Developer/Xcode/DerivedData/O2EM-doayxuzonxiitoguphcalntlvwqe/Build/Intermediates.noindex/O2EM.build/Debug/O2EM.build/Objects-normal/arm64/7187679823f38a2a940e0043cdf9d637-common-args.resp -MMD -MT dependencies -MF /Users/barriesanders/Library/Developer/Xcode/DerivedData/O2EM-doayxuzonxiitoguphcalntlvwqe/Build/Intermediates.noindex/O2EM.build/Debug/O2EM.build/Objects-normal/arm64/cset.d --serialize-diagnostics /Users/barriesanders/Library/Developer/Xcode/DerivedData/O2EM-doayxuzonxiitoguphcalntlvwqe/Build/Intermediates.noindex/O2EM.build/Debug/O2EM.build/Objects-normal/arm64/cset.dia -c /Users/barriesanders/.gemini/antigravity/scratch/OpenEmu_Port/O2EM/src/cset.c -o /Users/barriesanders/Library/Developer/Xcode/DerivedData/O2EM-doayxuzonxiitoguphcalntlvwqe/Build/Intermediates.noindex/O2EM.build/Debug/O2EM.build/Objects-normal/arm64/cset.o -index-unit-output-path /O2EM.build/Debug/O2EM.build/Objects-normal/arm64/cset.o

CompileC /Users/barriesanders/Library/Developer/Xcode/DerivedData/O2EM-doayxuzonxiitoguphcalntlvwqe/Build/Intermediates.noindex/O2EM.build/Debug/O2EM.build/Objects-normal/arm64/vpp_cset.o /Users/barriesanders/.gemini/antigravity/scratch/OpenEmu_Port/O2EM/src/vpp_cset.c normal arm64 c com.apple.compilers.llvm.clang.1_0.compiler (in target 'O2EM' from project 'O2EM')
    cd /Users/barriesanders/.gemini/antigravity/scratch/OpenEmu_Port/O2EM
    
    Using response file: /Users/barriesanders/Library/Developer/Xcode/DerivedData/O2EM-doayxuzonxiitoguphcalntlvwqe/Build/Intermediates.noindex/O2EM.build/Debug/O2EM.build/Objects-normal/arm64/7187679823f38a2a940e0043cdf9d637-common-args.resp
    
    /Applications/Xcode.app/Contents/Developer/Toolchains/XcodeDefault.xctoolchain/usr/bin/clang -x c -ivfsstatcache /Users/barriesanders/Library/Developer/Xcode/DerivedData/SDKStatCaches.noindex/macosx26.2-25C57-3885c01c3e6b6a337905948deab2002e00fa09913b459cbbc988d1f6730289ae.sdkstatcache -fmessage-length\=0 -fdiagnostics-show-note-include-stack -fmacro-backtrace-limit\=0 -fno-color-diagnostics -fmodules-prune-interval\=86400 -fmodules-prune-after\=345600 -fbuild-session-file\=/Users/barriesanders/Library/Developer/Xcode/DerivedData/ModuleCache.noindex/Session.modulevalidation -fmodules-validate-once-per-build-session -Wnon-modular-include-in-framework-module -Werror\=non-modular-include-in-framework-module -Wno-trigraphs -Wno-missing-field-initializers -Wno-missing-prototypes -Wunreachable-code -Wno-missing-braces -Wparentheses -Wswitch -Wunused-function -Wno-unused-label -Wno-unused-parameter -Wunused-variable -Wunused-value -Wempty-body -Wuninitialized -Wno-unknown-pragmas -Wno-shadow -Wno-four-char-constants -Wno-conversion -Wconstant-conversion -Wint-conversion -Wbool-conversion -Wenum-conversion -Wno-float-conversion -Wno-non-literal-null-conversion -Wno-objc-literal-conversion -Wshorten-64-to-32 -Wpointer-sign -Wno-newline-eof -Wno-implicit-fallthrough -fstrict-aliasing -Wdeprecated-declarations -Wno-sign-conversion -Wno-infinite-recursion -Wno-comma -Wno-block-capture-autoreleasing -Wno-strict-prototypes -Wno-semicolon-before-method-body -index-store-path /Users/barriesanders/Library/Developer/Xcode/DerivedData/O2EM-doayxuzonxiitoguphcalntlvwqe/Index.noindex/DataStore @/Users/barriesanders/Library/Developer/Xcode/DerivedData/O2EM-doayxuzonxiitoguphcalntlvwqe/Build/Intermediates.noindex/O2EM.build/Debug/O2EM.build/Objects-normal/arm64/7187679823f38a2a940e0043cdf9d637-common-args.resp -MMD -MT dependencies -MF /Users/barriesanders/Library/Developer/Xcode/DerivedData/O2EM-doayxuzonxiitoguphcalntlvwqe/Build/Intermediates.noindex/O2EM.build/Debug/O2EM.build/Objects-normal/arm64/vpp_cset.d --serialize-diagnostics /Users/barriesanders/Library/Developer/Xcode/DerivedData/O2EM-doayxuzonxiitoguphcalntlvwqe/Build/Intermediates.noindex/O2EM.build/Debug/O2EM.build/Objects-normal/arm64/vpp_cset.dia -c /Users/barriesanders/.gemini/antigravity/scratch/OpenEmu_Port/O2EM/src/vpp_cset.c -o /Users/barriesanders/Library/Developer/Xcode/DerivedData/O2EM-doayxuzonxiitoguphcalntlvwqe/Build/Intermediates.noindex/O2EM.build/Debug/O2EM.build/Objects-normal/arm64/vpp_cset.o -index-unit-output-path /O2EM.build/Debug/O2EM.build/Objects-normal/arm64/vpp_cset.o

CompileC /Users/barriesanders/Library/Developer/Xcode/DerivedData/O2EM-doayxuzonxiitoguphcalntlvwqe/Build/Intermediates.noindex/O2EM.build/Debug/O2EM.build/Objects-normal/arm64/table.o /Users/barriesanders/.gemini/antigravity/scratch/OpenEmu_Port/O2EM/src/table.c normal arm64 c com.apple.compilers.llvm.clang.1_0.compiler (in target 'O2EM' from project 'O2EM')
    cd /Users/barriesanders/.gemini/antigravity/scratch/OpenEmu_Port/O2EM
    
    Using response file: /Users/barriesanders/Library/Developer/Xcode/DerivedData/O2EM-doayxuzonxiitoguphcalntlvwqe/Build/Intermediates.noindex/O2EM.build/Debug/O2EM.build/Objects-normal/arm64/7187679823f38a2a940e0043cdf9d637-common-args.resp
    
    /Applications/Xcode.app/Contents/Developer/Toolchains/XcodeDefault.xctoolchain/usr/bin/clang -x c -ivfsstatcache /Users/barriesanders/Library/Developer/Xcode/DerivedData/SDKStatCaches.noindex/macosx26.2-25C57-3885c01c3e6b6a337905948deab2002e00fa09913b459cbbc988d1f6730289ae.sdkstatcache -fmessage-length\=0 -fdiagnostics-show-note-include-stack -fmacro-backtrace-limit\=0 -fno-color-diagnostics -fmodules-prune-interval\=86400 -fmodules-prune-after\=345600 -fbuild-session-file\=/Users/barriesanders/Library/Developer/Xcode/DerivedData/ModuleCache.noindex/Session.modulevalidation -fmodules-validate-once-per-build-session -Wnon-modular-include-in-framework-module -Werror\=non-modular-include-in-framework-module -Wno-trigraphs -Wno-missing-field-initializers -Wno-missing-prototypes -Wunreachable-code -Wno-missing-braces -Wparentheses -Wswitch -Wunused-function -Wno-unused-label -Wno-unused-parameter -Wunused-variable -Wunused-value -Wempty-body -Wuninitialized -Wno-unknown-pragmas -Wno-shadow -Wno-four-char-constants -Wno-conversion -Wconstant-conversion -Wint-conversion -Wbool-conversion -Wenum-conversion -Wno-float-conversion -Wno-non-literal-null-conversion -Wno-objc-literal-conversion -Wshorten-64-to-32 -Wpointer-sign -Wno-newline-eof -Wno-implicit-fallthrough -fstrict-aliasing -Wdeprecated-declarations -Wno-sign-conversion -Wno-infinite-recursion -Wno-comma -Wno-block-capture-autoreleasing -Wno-strict-prototypes -Wno-semicolon-before-method-body -index-store-path /Users/barriesanders/Library/Developer/Xcode/DerivedData/O2EM-doayxuzonxiitoguphcalntlvwqe/Index.noindex/DataStore @/Users/barriesanders/Library/Developer/Xcode/DerivedData/O2EM-doayxuzonxiitoguphcalntlvwqe/Build/Intermediates.noindex/O2EM.build/Debug/O2EM.build/Objects-normal/arm64/7187679823f38a2a940e0043cdf9d637-common-args.resp -MMD -MT dependencies -MF /Users/barriesanders/Library/Developer/Xcode/DerivedData/O2EM-doayxuzonxiitoguphcalntlvwqe/Build/Intermediates.noindex/O2EM.build/Debug/O2EM.build/Objects-normal/arm64/table.d --serialize-diagnostics /Users/barriesanders/Library/Developer/Xcode/DerivedData/O2EM-doayxuzonxiitoguphcalntlvwqe/Build/Intermediates.noindex/O2EM.build/Debug/O2EM.build/Objects-normal/arm64/table.dia -c /Users/barriesanders/.gemini/antigravity/scratch/OpenEmu_Port/O2EM/src/table.c -o /Users/barriesanders/Library/Developer/Xcode/DerivedData/O2EM-doayxuzonxiitoguphcalntlvwqe/Build/Intermediates.noindex/O2EM.build/Debug/O2EM.build/Objects-normal/arm64/table.o -index-unit-output-path /O2EM.build/Debug/O2EM.build/Objects-normal/arm64/table.o

CompileC /Users/barriesanders/Library/Developer/Xcode/DerivedData/O2EM-doayxuzonxiitoguphcalntlvwqe/Build/Intermediates.noindex/O2EM.build/Debug/O2EM.build/Objects-normal/arm64/cset.o /Users/barriesanders/.gemini/antigravity/scratch/OpenEmu_Port/O2EM/src/cset.c normal arm64 c com.apple.compilers.llvm.clang.1_0.compiler (in target 'O2EM' from project 'O2EM')
    cd /Users/barriesanders/.gemini/antigravity/scratch/OpenEmu_Port/O2EM
    
    Using response file: /Users/barriesanders/Library/Developer/Xcode/DerivedData/O2EM-doayxuzonxiitoguphcalntlvwqe/Build/Intermediates.noindex/O2EM.build/Debug/O2EM.build/Objects-normal/arm64/7187679823f38a2a940e0043cdf9d637-common-args.resp
    
    /Applications/Xcode.app/Contents/Developer/Toolchains/XcodeDefault.xctoolchain/usr/bin/clang -x c -ivfsstatcache /Users/barriesanders/Library/Developer/Xcode/DerivedData/SDKStatCaches.noindex/macosx26.2-25C57-3885c01c3e6b6a337905948deab2002e00fa09913b459cbbc988d1f6730289ae.sdkstatcache -fmessage-length\=0 -fdiagnostics-show-note-include-stack -fmacro-backtrace-limit\=0 -fno-color-diagnostics -fmodules-prune-interval\=86400 -fmodules-prune-after\=345600 -fbuild-session-file\=/Users/barriesanders/Library/Developer/Xcode/DerivedData/ModuleCache.noindex/Session.modulevalidation -fmodules-validate-once-per-build-session -Wnon-modular-include-in-framework-module -Werror\=non-modular-include-in-framework-module -Wno-trigraphs -Wno-missing-field-initializers -Wno-missing-prototypes -Wunreachable-code -Wno-missing-braces -Wparentheses -Wswitch -Wunused-function -Wno-unused-label -Wno-unused-parameter -Wunused-variable -Wunused-value -Wempty-body -Wuninitialized -Wno-unknown-pragmas -Wno-shadow -Wno-four-char-constants -Wno-conversion -Wconstant-conversion -Wint-conversion -Wbool-conversion -Wenum-conversion -Wno-float-conversion -Wno-non-literal-null-conversion -Wno-objc-literal-conversion -Wshorten-64-to-32 -Wpointer-sign -Wno-newline-eof -Wno-implicit-fallthrough -fstrict-aliasing -Wdeprecated-declarations -Wno-sign-conversion -Wno-infinite-recursion -Wno-comma -Wno-block-capture-autoreleasing -Wno-strict-prototypes -Wno-semicolon-before-method-body -index-store-path /Users/barriesanders/Library/Developer/Xcode/DerivedData/O2EM-doayxuzonxiitoguphcalntlvwqe/Index.noindex/DataStore @/Users/barriesanders/Library/Developer/Xcode/DerivedData/O2EM-doayxuzonxiitoguphcalntlvwqe/Build/Intermediates.noindex/O2EM.build/Debug/O2EM.build/Objects-normal/arm64/7187679823f38a2a940e0043cdf9d637-common-args.resp -MMD -MT dependencies -MF /Users/barriesanders/Library/Developer/Xcode/DerivedData/O2EM-doayxuzonxiitoguphcalntlvwqe/Build/Intermediates.noindex/O2EM.build/Debug/O2EM.build/Objects-normal/arm64/cset.d --serialize-diagnostics /Users/barriesanders/Library/Developer/Xcode/DerivedData/O2EM-doayxuzonxiitoguphcalntlvwqe/Build/Intermediates.noindex/O2EM.build/Debug/O2EM.build/Objects-normal/arm64/cset.dia -c /Users/barriesanders/.gemini/antigravity/scratch/OpenEmu_Port/O2EM/src/cset.c -o /Users/barriesanders/Library/Developer/Xcode/DerivedData/O2EM-doayxuzonxiitoguphcalntlvwqe/Build/Intermediates.noindex/O2EM.build/Debug/O2EM.build/Objects-normal/arm64/cset.o -index-unit-output-path /O2EM.build/Debug/O2EM.build/Objects-normal/arm64/cset.o

ScanDependencies /Users/barriesanders/Library/Developer/Xcode/DerivedData/O2EM-doayxuzonxiitoguphcalntlvwqe/Build/Intermediates.noindex/O2EM.build/Debug/O2EM.build/Objects-normal/arm64/crc32.o /Users/barriesanders/.gemini/antigravity/scratch/OpenEmu_Port/O2EM/src/crc32.c normal arm64 c com.apple.compilers.llvm.clang.1_0.compiler (in target 'O2EM' from project 'O2EM')
    cd /Users/barriesanders/.gemini/antigravity/scratch/OpenEmu_Port/O2EM
    
    Using response file: /Users/barriesanders/Library/Developer/Xcode/DerivedData/O2EM-doayxuzonxiitoguphcalntlvwqe/Build/Intermediates.noindex/O2EM.build/Debug/O2EM.build/Objects-normal/arm64/7187679823f38a2a940e0043cdf9d637-common-args.resp
    
    builtin-ScanDependencies -o /Users/barriesanders/Library/Developer/Xcode/DerivedData/O2EM-doayxuzonxiitoguphcalntlvwqe/Build/Intermediates.noindex/O2EM.build/Debug/O2EM.build/Objects-normal/arm64/crc32.o.scan -- /Applications/Xcode.app/Contents/Developer/Toolchains/XcodeDefault.xctoolchain/usr/bin/clang -x c -ivfsstatcache /Users/barriesanders/Library/Developer/Xcode/DerivedData/SDKStatCaches.noindex/macosx26.2-25C57-3885c01c3e6b6a337905948deab2002e00fa09913b459cbbc988d1f6730289ae.sdkstatcache -fmessage-length\=0 -fdiagnostics-show-note-include-stack -fmacro-backtrace-limit\=0 -fno-color-diagnostics -fmodules-prune-interval\=86400 -fmodules-prune-after\=345600 -fbuild-session-file\=/Users/barriesanders/Library/Developer/Xcode/DerivedData/ModuleCache.noindex/Session.modulevalidation -fmodules-validate-once-per-build-session -Wnon-modular-include-in-framework-module -Werror\=non-modular-include-in-framework-module -Wno-trigraphs -Wno-missing-field-initializers -Wno-missing-prototypes -Wunreachable-code -Wno-missing-braces -Wparentheses -Wswitch -Wunused-function -Wno-unused-label -Wno-unused-parameter -Wunused-variable -Wunused-value -Wempty-body -Wuninitialized -Wno-unknown-pragmas -Wno-shadow -Wno-four-char-constants -Wno-conversion -Wconstant-conversion -Wint-conversion -Wbool-conversion -Wenum-conversion -Wno-float-conversion -Wno-non-literal-null-conversion -Wno-objc-literal-conversion -Wshorten-64-to-32 -Wpointer-sign -Wno-newline-eof -Wno-implicit-fallthrough -fstrict-aliasing -Wdeprecated-declarations -Wno-sign-conversion -Wno-infinite-recursion -Wno-comma -Wno-block-capture-autoreleasing -Wno-strict-prototypes -Wno-semicolon-before-method-body -index-store-path /Users/barriesanders/Library/Developer/Xcode/DerivedData/O2EM-doayxuzonxiitoguphcalntlvwqe/Index.noindex/DataStore @/Users/barriesanders/Library/Developer/Xcode/DerivedData/O2EM-doayxuzonxiitoguphcalntlvwqe/Build/Intermediates.noindex/O2EM.build/Debug/O2EM.build/Objects-normal/arm64/7187679823f38a2a940e0043cdf9d637-common-args.resp -MMD -MT dependencies -MF /Users/barriesanders/Library/Developer/Xcode/DerivedData/O2EM-doayxuzonxiitoguphcalntlvwqe/Build/Intermediates.noindex/O2EM.build/Debug/O2EM.build/Objects-normal/arm64/crc32.d --serialize-diagnostics /Users/barriesanders/Library/Developer/Xcode/DerivedData/O2EM-doayxuzonxiitoguphcalntlvwqe/Build/Intermediates.noindex/O2EM.build/Debug/O2EM.build/Objects-normal/arm64/crc32.dia -c /Users/barriesanders/.gemini/antigravity/scratch/OpenEmu_Port/O2EM/src/crc32.c -o /Users/barriesanders/Library/Developer/Xcode/DerivedData/O2EM-doayxuzonxiitoguphcalntlvwqe/Build/Intermediates.noindex/O2EM.build/Debug/O2EM.build/Objects-normal/arm64/crc32.o -index-unit-output-path /O2EM.build/Debug/O2EM.build/Objects-normal/arm64/crc32.o

ScanDependencies /Users/barriesanders/Library/Developer/Xcode/DerivedData/O2EM-doayxuzonxiitoguphcalntlvwqe/Build/Intermediates.noindex/O2EM.build/Debug/O2EM.build/Objects-normal/arm64/cpu.o /Users/barriesanders/.gemini/antigravity/scratch/OpenEmu_Port/O2EM/src/cpu.c normal arm64 c com.apple.compilers.llvm.clang.1_0.compiler (in target 'O2EM' from project 'O2EM')
    cd /Users/barriesanders/.gemini/antigravity/scratch/OpenEmu_Port/O2EM
    
    Using response file: /Users/barriesanders/Library/Developer/Xcode/DerivedData/O2EM-doayxuzonxiitoguphcalntlvwqe/Build/Intermediates.noindex/O2EM.build/Debug/O2EM.build/Objects-normal/arm64/7187679823f38a2a940e0043cdf9d637-common-args.resp
    
    builtin-ScanDependencies -o /Users/barriesanders/Library/Developer/Xcode/DerivedData/O2EM-doayxuzonxiitoguphcalntlvwqe/Build/Intermediates.noindex/O2EM.build/Debug/O2EM.build/Objects-normal/arm64/cpu.o.scan -- /Applications/Xcode.app/Contents/Developer/Toolchains/XcodeDefault.xctoolchain/usr/bin/clang -x c -ivfsstatcache /Users/barriesanders/Library/Developer/Xcode/DerivedData/SDKStatCaches.noindex/macosx26.2-25C57-3885c01c3e6b6a337905948deab2002e00fa09913b459cbbc988d1f6730289ae.sdkstatcache -fmessage-length\=0 -fdiagnostics-show-note-include-stack -fmacro-backtrace-limit\=0 -fno-color-diagnostics -fmodules-prune-interval\=86400 -fmodules-prune-after\=345600 -fbuild-session-file\=/Users/barriesanders/Library/Developer/Xcode/DerivedData/ModuleCache.noindex/Session.modulevalidation -fmodules-validate-once-per-build-session -Wnon-modular-include-in-framework-module -Werror\=non-modular-include-in-framework-module -Wno-trigraphs -Wno-missing-field-initializers -Wno-missing-prototypes -Wunreachable-code -Wno-missing-braces -Wparentheses -Wswitch -Wunused-function -Wno-unused-label -Wno-unused-parameter -Wunused-variable -Wunused-value -Wempty-body -Wuninitialized -Wno-unknown-pragmas -Wno-shadow -Wno-four-char-constants -Wno-conversion -Wconstant-conversion -Wint-conversion -Wbool-conversion -Wenum-conversion -Wno-float-conversion -Wno-non-literal-null-conversion -Wno-objc-literal-conversion -Wshorten-64-to-32 -Wpointer-sign -Wno-newline-eof -Wno-implicit-fallthrough -fstrict-aliasing -Wdeprecated-declarations -Wno-sign-conversion -Wno-infinite-recursion -Wno-comma -Wno-block-capture-autoreleasing -Wno-strict-prototypes -Wno-semicolon-before-method-body -index-store-path /Users/barriesanders/Library/Developer/Xcode/DerivedData/O2EM-doayxuzonxiitoguphcalntlvwqe/Index.noindex/DataStore @/Users/barriesanders/Library/Developer/Xcode/DerivedData/O2EM-doayxuzonxiitoguphcalntlvwqe/Build/Intermediates.noindex/O2EM.build/Debug/O2EM.build/Objects-normal/arm64/7187679823f38a2a940e0043cdf9d637-common-args.resp -MMD -MT dependencies -MF /Users/barriesanders/Library/Developer/Xcode/DerivedData/O2EM-doayxuzonxiitoguphcalntlvwqe/Build/Intermediates.noindex/O2EM.build/Debug/O2EM.build/Objects-normal/arm64/cpu.d --serialize-diagnostics /Users/barriesanders/Library/Developer/Xcode/DerivedData/O2EM-doayxuzonxiitoguphcalntlvwqe/Build/Intermediates.noindex/O2EM.build/Debug/O2EM.build/Objects-normal/arm64/cpu.dia -c /Users/barriesanders/.gemini/antigravity/scratch/OpenEmu_Port/O2EM/src/cpu.c -o /Users/barriesanders/Library/Developer/Xcode/DerivedData/O2EM-doayxuzonxiitoguphcalntlvwqe/Build/Intermediates.noindex/O2EM.build/Debug/O2EM.build/Objects-normal/arm64/cpu.o -index-unit-output-path /O2EM.build/Debug/O2EM.build/Objects-normal/arm64/cpu.o

PrecompileModule /Users/barriesanders/Library/Developer/Xcode/DerivedData/O2EM-doayxuzonxiitoguphcalntlvwqe/Build/Intermediates.noindex/ExplicitPrecompiledModules/ptrcheck-S8BQTYJGGUZWPYD64R7M16WO.scan
    cd /
    builtin-precompileModule /Users/barriesanders/Library/Developer/Xcode/DerivedData/O2EM-doayxuzonxiitoguphcalntlvwqe/Build/Intermediates.noindex/ExplicitPrecompiledModules/ptrcheck-S8BQTYJGGUZWPYD64R7M16WO.scan

PrecompileModule /Users/barriesanders/Library/Developer/Xcode/DerivedData/O2EM-doayxuzonxiitoguphcalntlvwqe/Build/Intermediates.noindex/ExplicitPrecompiledModules/_AvailabilityInternal-B85IYO4K77E93L2KMJ2LOMLM9.scan
    cd /
    builtin-precompileModule /Users/barriesanders/Library/Developer/Xcode/DerivedData/O2EM-doayxuzonxiitoguphcalntlvwqe/Build/Intermediates.noindex/ExplicitPrecompiledModules/_AvailabilityInternal-B85IYO4K77E93L2KMJ2LOMLM9.scan

PrecompileModule /Users/barriesanders/Library/Developer/Xcode/DerivedData/O2EM-doayxuzonxiitoguphcalntlvwqe/Build/Intermediates.noindex/ExplicitPrecompiledModules/_Builtin_stdarg-6T9M0MWPLN6WCPMYMIBPOJ0E1.scan
    cd /
    builtin-precompileModule /Users/barriesanders/Library/Developer/Xcode/DerivedData/O2EM-doayxuzonxiitoguphcalntlvwqe/Build/Intermediates.noindex/ExplicitPrecompiledModules/_Builtin_stdarg-6T9M0MWPLN6WCPMYMIBPOJ0E1.scan

PrecompileModule /Users/barriesanders/Library/Developer/Xcode/DerivedData/O2EM-doayxuzonxiitoguphcalntlvwqe/Build/Intermediates.noindex/ExplicitPrecompiledModules/_Builtin_stddef-7ZDDB6K38EA6IQZ98UXJBCX5.scan
    cd /
    builtin-precompileModule /Users/barriesanders/Library/Developer/Xcode/DerivedData/O2EM-doayxuzonxiitoguphcalntlvwqe/Build/Intermediates.noindex/ExplicitPrecompiledModules/_Builtin_stddef-7ZDDB6K38EA6IQZ98UXJBCX5.scan

ScanDependencies /Users/barriesanders/Library/Developer/Xcode/DerivedData/O2EM-doayxuzonxiitoguphcalntlvwqe/Build/Intermediates.noindex/O2EM.build/Debug/O2EM.build/Objects-normal/arm64/audio.o /Users/barriesanders/.gemini/antigravity/scratch/OpenEmu_Port/O2EM/src/audio.c normal arm64 c com.apple.compilers.llvm.clang.1_0.compiler (in target 'O2EM' from project 'O2EM')
    cd /Users/barriesanders/.gemini/antigravity/scratch/OpenEmu_Port/O2EM
    
    Using response file: /Users/barriesanders/Library/Developer/Xcode/DerivedData/O2EM-doayxuzonxiitoguphcalntlvwqe/Build/Intermediates.noindex/O2EM.build/Debug/O2EM.build/Objects-normal/arm64/7187679823f38a2a940e0043cdf9d637-common-args.resp
    
    builtin-ScanDependencies -o /Users/barriesanders/Library/Developer/Xcode/DerivedData/O2EM-doayxuzonxiitoguphcalntlvwqe/Build/Intermediates.noindex/O2EM.build/Debug/O2EM.build/Objects-normal/arm64/audio.o.scan -- /Applications/Xcode.app/Contents/Developer/Toolchains/XcodeDefault.xctoolchain/usr/bin/clang -x c -ivfsstatcache /Users/barriesanders/Library/Developer/Xcode/DerivedData/SDKStatCaches.noindex/macosx26.2-25C57-3885c01c3e6b6a337905948deab2002e00fa09913b459cbbc988d1f6730289ae.sdkstatcache -fmessage-length\=0 -fdiagnostics-show-note-include-stack -fmacro-backtrace-limit\=0 -fno-color-diagnostics -fmodules-prune-interval\=86400 -fmodules-prune-after\=345600 -fbuild-session-file\=/Users/barriesanders/Library/Developer/Xcode/DerivedData/ModuleCache.noindex/Session.modulevalidation -fmodules-validate-once-per-build-session -Wnon-modular-include-in-framework-module -Werror\=non-modular-include-in-framework-module -Wno-trigraphs -Wno-missing-field-initializers -Wno-missing-prototypes -Wunreachable-code -Wno-missing-braces -Wparentheses -Wswitch -Wunused-function -Wno-unused-label -Wno-unused-parameter -Wunused-variable -Wunused-value -Wempty-body -Wuninitialized -Wno-unknown-pragmas -Wno-shadow -Wno-four-char-constants -Wno-conversion -Wconstant-conversion -Wint-conversion -Wbool-conversion -Wenum-conversion -Wno-float-conversion -Wno-non-literal-null-conversion -Wno-objc-literal-conversion -Wshorten-64-to-32 -Wpointer-sign -Wno-newline-eof -Wno-implicit-fallthrough -fstrict-aliasing -Wdeprecated-declarations -Wno-sign-conversion -Wno-infinite-recursion -Wno-comma -Wno-block-capture-autoreleasing -Wno-strict-prototypes -Wno-semicolon-before-method-body -index-store-path /Users/barriesanders/Library/Developer/Xcode/DerivedData/O2EM-doayxuzonxiitoguphcalntlvwqe/Index.noindex/DataStore @/Users/barriesanders/Library/Developer/Xcode/DerivedData/O2EM-doayxuzonxiitoguphcalntlvwqe/Build/Intermediates.noindex/O2EM.build/Debug/O2EM.build/Objects-normal/arm64/7187679823f38a2a940e0043cdf9d637-common-args.resp -MMD -MT dependencies -MF /Users/barriesanders/Library/Developer/Xcode/DerivedData/O2EM-doayxuzonxiitoguphcalntlvwqe/Build/Intermediates.noindex/O2EM.build/Debug/O2EM.build/Objects-normal/arm64/audio.d --serialize-diagnostics /Users/barriesanders/Library/Developer/Xcode/DerivedData/O2EM-doayxuzonxiitoguphcalntlvwqe/Build/Intermediates.noindex/O2EM.build/Debug/O2EM.build/Objects-normal/arm64/audio.dia -c /Users/barriesanders/.gemini/antigravity/scratch/OpenEmu_Port/O2EM/src/audio.c -o /Users/barriesanders/Library/Developer/Xcode/DerivedData/O2EM-doayxuzonxiitoguphcalntlvwqe/Build/Intermediates.noindex/O2EM.build/Debug/O2EM.build/Objects-normal/arm64/audio.o -index-unit-output-path /O2EM.build/Debug/O2EM.build/Objects-normal/arm64/audio.o

ScanDependencies /Users/barriesanders/Library/Developer/Xcode/DerivedData/O2EM-doayxuzonxiitoguphcalntlvwqe/Build/Intermediates.noindex/O2EM.build/Debug/O2EM.build/Objects-normal/arm64/OdysseyGameCore.o /Users/barriesanders/.gemini/antigravity/scratch/OpenEmu_Port/O2EM/OdysseyGameCore.m normal arm64 objective-c com.apple.compilers.llvm.clang.1_0.compiler (in target 'O2EM' from project 'O2EM')
    cd /Users/barriesanders/.gemini/antigravity/scratch/OpenEmu_Port/O2EM
    
    Using response file: /Users/barriesanders/Library/Developer/Xcode/DerivedData/O2EM-doayxuzonxiitoguphcalntlvwqe/Build/Intermediates.noindex/O2EM.build/Debug/O2EM.build/Objects-normal/arm64/e6072d4f65d7061329687fe24e3d63a7-common-args.resp
    
    builtin-ScanDependencies -o /Users/barriesanders/Library/Developer/Xcode/DerivedData/O2EM-doayxuzonxiitoguphcalntlvwqe/Build/Intermediates.noindex/O2EM.build/Debug/O2EM.build/Objects-normal/arm64/OdysseyGameCore.o.scan -- /Applications/Xcode.app/Contents/Developer/Toolchains/XcodeDefault.xctoolchain/usr/bin/clang -x objective-c -ivfsstatcache /Users/barriesanders/Library/Developer/Xcode/DerivedData/SDKStatCaches.noindex/macosx26.2-25C57-3885c01c3e6b6a337905948deab2002e00fa09913b459cbbc988d1f6730289ae.sdkstatcache -fmessage-length\=0 -fdiagnostics-show-note-include-stack -fmacro-backtrace-limit\=0 -fno-color-diagnostics -fmodules-prune-interval\=86400 -fmodules-prune-after\=345600 -fbuild-session-file\=/Users/barriesanders/Library/Developer/Xcode/DerivedData/ModuleCache.noindex/Session.modulevalidation -fmodules-validate-once-per-build-session -Wnon-modular-include-in-framework-module -Werror\=non-modular-include-in-framework-module -Wno-trigraphs -Wno-missing-field-initializers -Wno-missing-prototypes -Wunreachable-code -Wno-implicit-atomic-properties -Wno-objc-interface-ivars -Wno-arc-repeated-use-of-weak -Wduplicate-method-match -Wno-missing-braces -Wparentheses -Wswitch -Wunused-function -Wno-unused-label -Wno-unused-parameter -Wunused-variable -Wunused-value -Wempty-body -Wuninitialized -Wno-unknown-pragmas -Wno-shadow -Wno-four-char-constants -Wno-conversion -Wconstant-conversion -Wint-conversion -Wbool-conversion -Wenum-conversion -Wno-float-conversion -Wno-non-literal-null-conversion -Wno-objc-literal-conversion -Wshorten-64-to-32 -Wpointer-sign -Wno-newline-eof -Wno-selector -Wno-strict-selector-match -Wundeclared-selector -Wno-deprecated-implementations -Wno-implicit-fallthrough -fstrict-aliasing -Wprotocol -Wdeprecated-declarations -Wno-sign-conversion -Wno-infinite-recursion -Wno-comma -Wno-block-capture-autoreleasing -Wno-strict-prototypes -Wno-semicolon-before-method-body -index-store-path /Users/barriesanders/Library/Developer/Xcode/DerivedData/O2EM-doayxuzonxiitoguphcalntlvwqe/Index.noindex/DataStore @/Users/barriesanders/Library/Developer/Xcode/DerivedData/O2EM-doayxuzonxiitoguphcalntlvwqe/Build/Intermediates.noindex/O2EM.build/Debug/O2EM.build/Objects-normal/arm64/e6072d4f65d7061329687fe24e3d63a7-common-args.resp -MMD -MT dependencies -MF /Users/barriesanders/Library/Developer/Xcode/DerivedData/O2EM-doayxuzonxiitoguphcalntlvwqe/Build/Intermediates.noindex/O2EM.build/Debug/O2EM.build/Objects-normal/arm64/OdysseyGameCore.d --serialize-diagnostics /Users/barriesanders/Library/Developer/Xcode/DerivedData/O2EM-doayxuzonxiitoguphcalntlvwqe/Build/Intermediates.noindex/O2EM.build/Debug/O2EM.build/Objects-normal/arm64/OdysseyGameCore.dia -c /Users/barriesanders/.gemini/antigravity/scratch/OpenEmu_Port/O2EM/OdysseyGameCore.m -o /Users/barriesanders/Library/Developer/Xcode/DerivedData/O2EM-doayxuzonxiitoguphcalntlvwqe/Build/Intermediates.noindex/O2EM.build/Debug/O2EM.build/Objects-normal/arm64/OdysseyGameCore.o -index-unit-output-path /O2EM.build/Debug/O2EM.build/Objects-normal/arm64/OdysseyGameCore.o
/Users/barriesanders/.gemini/antigravity/scratch/OpenEmu_Port/O2EM/OdysseyGameCore.h:29:9: error: 'OpenEmuBase/OEGameCore.h' file not found (in target 'O2EM' from project 'O2EM')
    /Users/barriesanders/.gemini/antigravity/scratch/OpenEmu_Port/O2EM/OdysseyGameCore.m:28:9: note: in file included from /Users/barriesanders/.gemini/antigravity/scratch/OpenEmu_Port/O2EM/OdysseyGameCore.m:28:

PrecompileModule /Users/barriesanders/Library/Developer/Xcode/DerivedData/O2EM-doayxuzonxiitoguphcalntlvwqe/Build/Intermediates.noindex/ExplicitPrecompiledModules/_Builtin_stdbool-70VBRBCE44M1SYLG05XZWN44W.scan
    cd /
    builtin-precompileModule /Users/barriesanders/Library/Developer/Xcode/DerivedData/O2EM-doayxuzonxiitoguphcalntlvwqe/Build/Intermediates.noindex/ExplicitPrecompiledModules/_Builtin_stdbool-70VBRBCE44M1SYLG05XZWN44W.scan

PrecompileModule /Users/barriesanders/Library/Developer/Xcode/DerivedData/O2EM-doayxuzonxiitoguphcalntlvwqe/Build/Intermediates.noindex/ExplicitPrecompiledModules/_DarwinFoundation1-K8BA6DXRWGQTRTPAH81C08E1.scan
    cd /
    builtin-precompileModule /Users/barriesanders/Library/Developer/Xcode/DerivedData/O2EM-doayxuzonxiitoguphcalntlvwqe/Build/Intermediates.noindex/ExplicitPrecompiledModules/_DarwinFoundation1-K8BA6DXRWGQTRTPAH81C08E1.scan

PrecompileModule /Users/barriesanders/Library/Developer/Xcode/DerivedData/O2EM-doayxuzonxiitoguphcalntlvwqe/Build/Intermediates.noindex/ExplicitPrecompiledModules/_DarwinFoundation2-ANRHT31FIKTSM1IZ4RLYO9QNW.scan
    cd /
    builtin-precompileModule /Users/barriesanders/Library/Developer/Xcode/DerivedData/O2EM-doayxuzonxiitoguphcalntlvwqe/Build/Intermediates.noindex/ExplicitPrecompiledModules/_DarwinFoundation2-ANRHT31FIKTSM1IZ4RLYO9QNW.scan

PrecompileModule /Users/barriesanders/Library/Developer/Xcode/DerivedData/O2EM-doayxuzonxiitoguphcalntlvwqe/Build/Intermediates.noindex/ExplicitPrecompiledModules/_Builtin_limits-DK7ZD52BG02K7LCHVQQIFD90F.scan
    cd /
    builtin-precompileModule /Users/barriesanders/Library/Developer/Xcode/DerivedData/O2EM-doayxuzonxiitoguphcalntlvwqe/Build/Intermediates.noindex/ExplicitPrecompiledModules/_Builtin_limits-DK7ZD52BG02K7LCHVQQIFD90F.scan

CompileC /Users/barriesanders/Library/Developer/Xcode/DerivedData/O2EM-doayxuzonxiitoguphcalntlvwqe/Build/Intermediates.noindex/O2EM.build/Debug/O2EM.build/Objects-normal/arm64/voice.o /Users/barriesanders/.gemini/antigravity/scratch/OpenEmu_Port/O2EM/src/voice.c normal arm64 c com.apple.compilers.llvm.clang.1_0.compiler (in target 'O2EM' from project 'O2EM')
    cd /Users/barriesanders/.gemini/antigravity/scratch/OpenEmu_Port/O2EM
    
    Using response file: /Users/barriesanders/Library/Developer/Xcode/DerivedData/O2EM-doayxuzonxiitoguphcalntlvwqe/Build/Intermediates.noindex/O2EM.build/Debug/O2EM.build/Objects-normal/arm64/7187679823f38a2a940e0043cdf9d637-common-args.resp
    
    /Applications/Xcode.app/Contents/Developer/Toolchains/XcodeDefault.xctoolchain/usr/bin/clang -x c -ivfsstatcache /Users/barriesanders/Library/Developer/Xcode/DerivedData/SDKStatCaches.noindex/macosx26.2-25C57-3885c01c3e6b6a337905948deab2002e00fa09913b459cbbc988d1f6730289ae.sdkstatcache -fmessage-length\=0 -fdiagnostics-show-note-include-stack -fmacro-backtrace-limit\=0 -fno-color-diagnostics -fmodules-prune-interval\=86400 -fmodules-prune-after\=345600 -fbuild-session-file\=/Users/barriesanders/Library/Developer/Xcode/DerivedData/ModuleCache.noindex/Session.modulevalidation -fmodules-validate-once-per-build-session -Wnon-modular-include-in-framework-module -Werror\=non-modular-include-in-framework-module -Wno-trigraphs -Wno-missing-field-initializers -Wno-missing-prototypes -Wunreachable-code -Wno-missing-braces -Wparentheses -Wswitch -Wunused-function -Wno-unused-label -Wno-unused-parameter -Wunused-variable -Wunused-value -Wempty-body -Wuninitialized -Wno-unknown-pragmas -Wno-shadow -Wno-four-char-constants -Wno-conversion -Wconstant-conversion -Wint-conversion -Wbool-conversion -Wenum-conversion -Wno-float-conversion -Wno-non-literal-null-conversion -Wno-objc-literal-conversion -Wshorten-64-to-32 -Wpointer-sign -Wno-newline-eof -Wno-implicit-fallthrough -fstrict-aliasing -Wdeprecated-declarations -Wno-sign-conversion -Wno-infinite-recursion -Wno-comma -Wno-block-capture-autoreleasing -Wno-strict-prototypes -Wno-semicolon-before-method-body -index-store-path /Users/barriesanders/Library/Developer/Xcode/DerivedData/O2EM-doayxuzonxiitoguphcalntlvwqe/Index.noindex/DataStore @/Users/barriesanders/Library/Developer/Xcode/DerivedData/O2EM-doayxuzonxiitoguphcalntlvwqe/Build/Intermediates.noindex/O2EM.build/Debug/O2EM.build/Objects-normal/arm64/7187679823f38a2a940e0043cdf9d637-common-args.resp -MMD -MT dependencies -MF /Users/barriesanders/Library/Developer/Xcode/DerivedData/O2EM-doayxuzonxiitoguphcalntlvwqe/Build/Intermediates.noindex/O2EM.build/Debug/O2EM.build/Objects-normal/arm64/voice.d --serialize-diagnostics /Users/barriesanders/Library/Developer/Xcode/DerivedData/O2EM-doayxuzonxiitoguphcalntlvwqe/Build/Intermediates.noindex/O2EM.build/Debug/O2EM.build/Objects-normal/arm64/voice.dia -c /Users/barriesanders/.gemini/antigravity/scratch/OpenEmu_Port/O2EM/src/voice.c -o /Users/barriesanders/Library/Developer/Xcode/DerivedData/O2EM-doayxuzonxiitoguphcalntlvwqe/Build/Intermediates.noindex/O2EM.build/Debug/O2EM.build/Objects-normal/arm64/voice.o -index-unit-output-path /O2EM.build/Debug/O2EM.build/Objects-normal/arm64/voice.o
/Users/barriesanders/.gemini/antigravity/scratch/OpenEmu_Port/O2EM/src/voice.c:29:16: warning: unused variable 'voices' [-Wunused-variable]
   29 | static SAMPLE *voices[9][128];
      |                ^~~~~~
/Users/barriesanders/.gemini/antigravity/scratch/OpenEmu_Port/O2EM/src/voice.c:30:12: warning: unused variable 'voice_bank' [-Wunused-variable]
   30 | static int voice_bank=0;
      |            ^~~~~~~~~~
/Users/barriesanders/.gemini/antigravity/scratch/OpenEmu_Port/O2EM/src/voice.c:31:12: warning: unused variable 'voice_num' [-Wunused-variable]
   31 | static int voice_num=-1;
      |            ^~~~~~~~~
/Users/barriesanders/.gemini/antigravity/scratch/OpenEmu_Port/O2EM/src/voice.c:32:12: warning: unused variable 'voice_addr' [-Wunused-variable]
   32 | static int voice_addr=0;
      |            ^~~~~~~~~~
/Users/barriesanders/.gemini/antigravity/scratch/OpenEmu_Port/O2EM/src/voice.c:34:12: warning: unused variable 'voice_st' [-Wunused-variable]
   34 | static int voice_st=0;
      |            ^~~~~~~~
/Users/barriesanders/.gemini/antigravity/scratch/OpenEmu_Port/O2EM/src/voice.c:35:22: warning: unused variable 'clk_voice_start' [-Wunused-variable]
   35 | static unsigned long clk_voice_start=0;
      |                      ^~~~~~~~~~~~~~~
6 warnings generated.

PrecompileModule /Users/barriesanders/Library/Developer/Xcode/DerivedData/O2EM-doayxuzonxiitoguphcalntlvwqe/Build/Intermediates.noindex/ExplicitPrecompiledModules/_Builtin_stdint-DP6SAGX62DRE3H8U9P3CRMFZM.scan
    cd /
    builtin-precompileModule /Users/barriesanders/Library/Developer/Xcode/DerivedData/O2EM-doayxuzonxiitoguphcalntlvwqe/Build/Intermediates.noindex/ExplicitPrecompiledModules/_Builtin_stdint-DP6SAGX62DRE3H8U9P3CRMFZM.scan

CompileC /Users/barriesanders/Library/Developer/Xcode/DerivedData/O2EM-doayxuzonxiitoguphcalntlvwqe/Build/Intermediates.noindex/O2EM.build/Debug/O2EM.build/Objects-normal/arm64/cpu.o /Users/barriesanders/.gemini/antigravity/scratch/OpenEmu_Port/O2EM/src/cpu.c normal arm64 c com.apple.compilers.llvm.clang.1_0.compiler (in target 'O2EM' from project 'O2EM')
    cd /Users/barriesanders/.gemini/antigravity/scratch/OpenEmu_Port/O2EM
    
    Using response file: /Users/barriesanders/Library/Developer/Xcode/DerivedData/O2EM-doayxuzonxiitoguphcalntlvwqe/Build/Intermediates.noindex/O2EM.build/Debug/O2EM.build/Objects-normal/arm64/7187679823f38a2a940e0043cdf9d637-common-args.resp
    
    /Applications/Xcode.app/Contents/Developer/Toolchains/XcodeDefault.xctoolchain/usr/bin/clang -x c -ivfsstatcache /Users/barriesanders/Library/Developer/Xcode/DerivedData/SDKStatCaches.noindex/macosx26.2-25C57-3885c01c3e6b6a337905948deab2002e00fa09913b459cbbc988d1f6730289ae.sdkstatcache -fmessage-length\=0 -fdiagnostics-show-note-include-stack -fmacro-backtrace-limit\=0 -fno-color-diagnostics -fmodules-prune-interval\=86400 -fmodules-prune-after\=345600 -fbuild-session-file\=/Users/barriesanders/Library/Developer/Xcode/DerivedData/ModuleCache.noindex/Session.modulevalidation -fmodules-validate-once-per-build-session -Wnon-modular-include-in-framework-module -Werror\=non-modular-include-in-framework-module -Wno-trigraphs -Wno-missing-field-initializers -Wno-missing-prototypes -Wunreachable-code -Wno-missing-braces -Wparentheses -Wswitch -Wunused-function -Wno-unused-label -Wno-unused-parameter -Wunused-variable -Wunused-value -Wempty-body -Wuninitialized -Wno-unknown-pragmas -Wno-shadow -Wno-four-char-constants -Wno-conversion -Wconstant-conversion -Wint-conversion -Wbool-conversion -Wenum-conversion -Wno-float-conversion -Wno-non-literal-null-conversion -Wno-objc-literal-conversion -Wshorten-64-to-32 -Wpointer-sign -Wno-newline-eof -Wno-implicit-fallthrough -fstrict-aliasing -Wdeprecated-declarations -Wno-sign-conversion -Wno-infinite-recursion -Wno-comma -Wno-block-capture-autoreleasing -Wno-strict-prototypes -Wno-semicolon-before-method-body -index-store-path /Users/barriesanders/Library/Developer/Xcode/DerivedData/O2EM-doayxuzonxiitoguphcalntlvwqe/Index.noindex/DataStore @/Users/barriesanders/Library/Developer/Xcode/DerivedData/O2EM-doayxuzonxiitoguphcalntlvwqe/Build/Intermediates.noindex/O2EM.build/Debug/O2EM.build/Objects-normal/arm64/7187679823f38a2a940e0043cdf9d637-common-args.resp -MMD -MT dependencies -MF /Users/barriesanders/Library/Developer/Xcode/DerivedData/O2EM-doayxuzonxiitoguphcalntlvwqe/Build/Intermediates.noindex/O2EM.build/Debug/O2EM.build/Objects-normal/arm64/cpu.d --serialize-diagnostics /Users/barriesanders/Library/Developer/Xcode/DerivedData/O2EM-doayxuzonxiitoguphcalntlvwqe/Build/Intermediates.noindex/O2EM.build/Debug/O2EM.build/Objects-normal/arm64/cpu.dia -c /Users/barriesanders/.gemini/antigravity/scratch/OpenEmu_Port/O2EM/src/cpu.c -o /Users/barriesanders/Library/Developer/Xcode/DerivedData/O2EM-doayxuzonxiitoguphcalntlvwqe/Build/Intermediates.noindex/O2EM.build/Debug/O2EM.build/Objects-normal/arm64/cpu.o -index-unit-output-path /O2EM.build/Debug/O2EM.build/Objects-normal/arm64/cpu.o

PrecompileModule /Users/barriesanders/Library/Developer/Xcode/DerivedData/O2EM-doayxuzonxiitoguphcalntlvwqe/Build/Intermediates.noindex/ExplicitPrecompiledModules/_DarwinFoundation3-89E2KYM5OELOBR3ZYO9JELTP8.scan
    cd /
    builtin-precompileModule /Users/barriesanders/Library/Developer/Xcode/DerivedData/O2EM-doayxuzonxiitoguphcalntlvwqe/Build/Intermediates.noindex/ExplicitPrecompiledModules/_DarwinFoundation3-89E2KYM5OELOBR3ZYO9JELTP8.scan

CompileC /Users/barriesanders/Library/Developer/Xcode/DerivedData/O2EM-doayxuzonxiitoguphcalntlvwqe/Build/Intermediates.noindex/O2EM.build/Debug/O2EM.build/Objects-normal/arm64/vdc.o /Users/barriesanders/.gemini/antigravity/scratch/OpenEmu_Port/O2EM/src/vdc.c normal arm64 c com.apple.compilers.llvm.clang.1_0.compiler (in target 'O2EM' from project 'O2EM')
    cd /Users/barriesanders/.gemini/antigravity/scratch/OpenEmu_Port/O2EM
    
    Using response file: /Users/barriesanders/Library/Developer/Xcode/DerivedData/O2EM-doayxuzonxiitoguphcalntlvwqe/Build/Intermediates.noindex/O2EM.build/Debug/O2EM.build/Objects-normal/arm64/7187679823f38a2a940e0043cdf9d637-common-args.resp
    
    /Applications/Xcode.app/Contents/Developer/Toolchains/XcodeDefault.xctoolchain/usr/bin/clang -x c -ivfsstatcache /Users/barriesanders/Library/Developer/Xcode/DerivedData/SDKStatCaches.noindex/macosx26.2-25C57-3885c01c3e6b6a337905948deab2002e00fa09913b459cbbc988d1f6730289ae.sdkstatcache -fmessage-length\=0 -fdiagnostics-show-note-include-stack -fmacro-backtrace-limit\=0 -fno-color-diagnostics -fmodules-prune-interval\=86400 -fmodules-prune-after\=345600 -fbuild-session-file\=/Users/barriesanders/Library/Developer/Xcode/DerivedData/ModuleCache.noindex/Session.modulevalidation -fmodules-validate-once-per-build-session -Wnon-modular-include-in-framework-module -Werror\=non-modular-include-in-framework-module -Wno-trigraphs -Wno-missing-field-initializers -Wno-missing-prototypes -Wunreachable-code -Wno-missing-braces -Wparentheses -Wswitch -Wunused-function -Wno-unused-label -Wno-unused-parameter -Wunused-variable -Wunused-value -Wempty-body -Wuninitialized -Wno-unknown-pragmas -Wno-shadow -Wno-four-char-constants -Wno-conversion -Wconstant-conversion -Wint-conversion -Wbool-conversion -Wenum-conversion -Wno-float-conversion -Wno-non-literal-null-conversion -Wno-objc-literal-conversion -Wshorten-64-to-32 -Wpointer-sign -Wno-newline-eof -Wno-implicit-fallthrough -fstrict-aliasing -Wdeprecated-declarations -Wno-sign-conversion -Wno-infinite-recursion -Wno-comma -Wno-block-capture-autoreleasing -Wno-strict-prototypes -Wno-semicolon-before-method-body -index-store-path /Users/barriesanders/Library/Developer/Xcode/DerivedData/O2EM-doayxuzonxiitoguphcalntlvwqe/Index.noindex/DataStore @/Users/barriesanders/Library/Developer/Xcode/DerivedData/O2EM-doayxuzonxiitoguphcalntlvwqe/Build/Intermediates.noindex/O2EM.build/Debug/O2EM.build/Objects-normal/arm64/7187679823f38a2a940e0043cdf9d637-common-args.resp -MMD -MT dependencies -MF /Users/barriesanders/Library/Developer/Xcode/DerivedData/O2EM-doayxuzonxiitoguphcalntlvwqe/Build/Intermediates.noindex/O2EM.build/Debug/O2EM.build/Objects-normal/arm64/vdc.d --serialize-diagnostics /Users/barriesanders/Library/Developer/Xcode/DerivedData/O2EM-doayxuzonxiitoguphcalntlvwqe/Build/Intermediates.noindex/O2EM.build/Debug/O2EM.build/Objects-normal/arm64/vdc.dia -c /Users/barriesanders/.gemini/antigravity/scratch/OpenEmu_Port/O2EM/src/vdc.c -o /Users/barriesanders/Library/Developer/Xcode/DerivedData/O2EM-doayxuzonxiitoguphcalntlvwqe/Build/Intermediates.noindex/O2EM.build/Debug/O2EM.build/Objects-normal/arm64/vdc.o -index-unit-output-path /O2EM.build/Debug/O2EM.build/Objects-normal/arm64/vdc.o
/Users/barriesanders/.gemini/antigravity/scratch/OpenEmu_Port/O2EM/src/vdc.c:100:21: warning: implicit conversion loses integer precision: 'long' to 'int' [-Wshorten-64-to-32]
  100 |                 i = (master_clk/22+regionoff); 
      |                   ~  ~~~~~~~~~~~~~^~~~~~~~~~
/Users/barriesanders/.gemini/antigravity/scratch/OpenEmu_Port/O2EM/src/vdc.c:105:53: warning: implicit conversion loses integer precision: 'long' to 'int' [-Wshorten-64-to-32]
  105 |                       {i = (master_clk/22+regionoff)+6; 
      |                          ~ ~~~~~~~~~~~~~~~~~~~~~~~~~^~
/Users/barriesanders/.gemini/antigravity/scratch/OpenEmu_Port/O2EM/src/vdc.c:110:53: warning: implicit conversion loses integer precision: 'long' to 'int' [-Wshorten-64-to-32]
  110 |                       {i = (master_clk/24+regionoff)-6; 
      |                          ~ ~~~~~~~~~~~~~~~~~~~~~~~~~^~
/Users/barriesanders/.gemini/antigravity/scratch/OpenEmu_Port/O2EM/src/vdc.c:115:42: warning: implicit conversion loses integer precision: 'long' to 'int' [-Wshorten-64-to-32]
  115 |                       {i = (master_clk/22+regionoff); 
      |                          ~  ~~~~~~~~~~~~~^~~~~~~~~~
/Users/barriesanders/.gemini/antigravity/scratch/OpenEmu_Port/O2EM/src/vdc.c:457:17: warning: implicit conversion loses integer precision: 'long' to 'int' [-Wshorten-64-to-32]
  457 |         for (i=clip_low/BMPW; i<clip_high/BMPW; i++) memset(vscreen+i*BMPW, ((ColorVector[i] & 0x38) >> 3) | (ColorVector[i] & 0x80 ? 0 : 8), BMPW);
      |               ~~~~~~~~~^~~~~
/Users/barriesanders/.gemini/antigravity/scratch/OpenEmu_Port/O2EM/src/vdc.c:760:13: warning: unused variable 'hl' [-Wunused-variable]
  760 | static char hl[96][70]=
      |             ^~
/Users/barriesanders/.gemini/antigravity/scratch/OpenEmu_Port/O2EM/src/vdc.c:70:23: warning: unused variable 'oldcol' [-Wunused-variable]
   70 | static PALETTE colors,oldcol;
      |                       ^~~~~~
7 warnings generated.

PrecompileModule /Users/barriesanders/Library/Developer/Xcode/DerivedData/O2EM-doayxuzonxiitoguphcalntlvwqe/Build/Intermediates.noindex/ExplicitPrecompiledModules/_Builtin_inttypes-90HYFADQNM33WSV9IK4DQQEGX.scan
    cd /
    builtin-precompileModule /Users/barriesanders/Library/Developer/Xcode/DerivedData/O2EM-doayxuzonxiitoguphcalntlvwqe/Build/Intermediates.noindex/ExplicitPrecompiledModules/_Builtin_inttypes-90HYFADQNM33WSV9IK4DQQEGX.scan

CompileC /Users/barriesanders/Library/Developer/Xcode/DerivedData/O2EM-doayxuzonxiitoguphcalntlvwqe/Build/Intermediates.noindex/O2EM.build/Debug/O2EM.build/Objects-normal/arm64/vmachine.o /Users/barriesanders/.gemini/antigravity/scratch/OpenEmu_Port/O2EM/src/vmachine.c normal arm64 c com.apple.compilers.llvm.clang.1_0.compiler (in target 'O2EM' from project 'O2EM')
    cd /Users/barriesanders/.gemini/antigravity/scratch/OpenEmu_Port/O2EM
    
    Using response file: /Users/barriesanders/Library/Developer/Xcode/DerivedData/O2EM-doayxuzonxiitoguphcalntlvwqe/Build/Intermediates.noindex/O2EM.build/Debug/O2EM.build/Objects-normal/arm64/7187679823f38a2a940e0043cdf9d637-common-args.resp
    
    /Applications/Xcode.app/Contents/Developer/Toolchains/XcodeDefault.xctoolchain/usr/bin/clang -x c -ivfsstatcache /Users/barriesanders/Library/Developer/Xcode/DerivedData/SDKStatCaches.noindex/macosx26.2-25C57-3885c01c3e6b6a337905948deab2002e00fa09913b459cbbc988d1f6730289ae.sdkstatcache -fmessage-length\=0 -fdiagnostics-show-note-include-stack -fmacro-backtrace-limit\=0 -fno-color-diagnostics -fmodules-prune-interval\=86400 -fmodules-prune-after\=345600 -fbuild-session-file\=/Users/barriesanders/Library/Developer/Xcode/DerivedData/ModuleCache.noindex/Session.modulevalidation -fmodules-validate-once-per-build-session -Wnon-modular-include-in-framework-module -Werror\=non-modular-include-in-framework-module -Wno-trigraphs -Wno-missing-field-initializers -Wno-missing-prototypes -Wunreachable-code -Wno-missing-braces -Wparentheses -Wswitch -Wunused-function -Wno-unused-label -Wno-unused-parameter -Wunused-variable -Wunused-value -Wempty-body -Wuninitialized -Wno-unknown-pragmas -Wno-shadow -Wno-four-char-constants -Wno-conversion -Wconstant-conversion -Wint-conversion -Wbool-conversion -Wenum-conversion -Wno-float-conversion -Wno-non-literal-null-conversion -Wno-objc-literal-conversion -Wshorten-64-to-32 -Wpointer-sign -Wno-newline-eof -Wno-implicit-fallthrough -fstrict-aliasing -Wdeprecated-declarations -Wno-sign-conversion -Wno-infinite-recursion -Wno-comma -Wno-block-capture-autoreleasing -Wno-strict-prototypes -Wno-semicolon-before-method-body -index-store-path /Users/barriesanders/Library/Developer/Xcode/DerivedData/O2EM-doayxuzonxiitoguphcalntlvwqe/Index.noindex/DataStore @/Users/barriesanders/Library/Developer/Xcode/DerivedData/O2EM-doayxuzonxiitoguphcalntlvwqe/Build/Intermediates.noindex/O2EM.build/Debug/O2EM.build/Objects-normal/arm64/7187679823f38a2a940e0043cdf9d637-common-args.resp -MMD -MT dependencies -MF /Users/barriesanders/Library/Developer/Xcode/DerivedData/O2EM-doayxuzonxiitoguphcalntlvwqe/Build/Intermediates.noindex/O2EM.build/Debug/O2EM.build/Objects-normal/arm64/vmachine.d --serialize-diagnostics /Users/barriesanders/Library/Developer/Xcode/DerivedData/O2EM-doayxuzonxiitoguphcalntlvwqe/Build/Intermediates.noindex/O2EM.build/Debug/O2EM.build/Objects-normal/arm64/vmachine.dia -c /Users/barriesanders/.gemini/antigravity/scratch/OpenEmu_Port/O2EM/src/vmachine.c -o /Users/barriesanders/Library/Developer/Xcode/DerivedData/O2EM-doayxuzonxiitoguphcalntlvwqe/Build/Intermediates.noindex/O2EM.build/Debug/O2EM.build/Objects-normal/arm64/vmachine.o -index-unit-output-path /O2EM.build/Debug/O2EM.build/Objects-normal/arm64/vmachine.o

CompileC /Users/barriesanders/Library/Developer/Xcode/DerivedData/O2EM-doayxuzonxiitoguphcalntlvwqe/Build/Intermediates.noindex/O2EM.build/Debug/O2EM.build/Objects-normal/arm64/keyboard.o /Users/barriesanders/.gemini/antigravity/scratch/OpenEmu_Port/O2EM/src/keyboard.c normal arm64 c com.apple.compilers.llvm.clang.1_0.compiler (in target 'O2EM' from project 'O2EM')
    cd /Users/barriesanders/.gemini/antigravity/scratch/OpenEmu_Port/O2EM
    
    Using response file: /Users/barriesanders/Library/Developer/Xcode/DerivedData/O2EM-doayxuzonxiitoguphcalntlvwqe/Build/Intermediates.noindex/O2EM.build/Debug/O2EM.build/Objects-normal/arm64/7187679823f38a2a940e0043cdf9d637-common-args.resp
    
    /Applications/Xcode.app/Contents/Developer/Toolchains/XcodeDefault.xctoolchain/usr/bin/clang -x c -ivfsstatcache /Users/barriesanders/Library/Developer/Xcode/DerivedData/SDKStatCaches.noindex/macosx26.2-25C57-3885c01c3e6b6a337905948deab2002e00fa09913b459cbbc988d1f6730289ae.sdkstatcache -fmessage-length\=0 -fdiagnostics-show-note-include-stack -fmacro-backtrace-limit\=0 -fno-color-diagnostics -fmodules-prune-interval\=86400 -fmodules-prune-after\=345600 -fbuild-session-file\=/Users/barriesanders/Library/Developer/Xcode/DerivedData/ModuleCache.noindex/Session.modulevalidation -fmodules-validate-once-per-build-session -Wnon-modular-include-in-framework-module -Werror\=non-modular-include-in-framework-module -Wno-trigraphs -Wno-missing-field-initializers -Wno-missing-prototypes -Wunreachable-code -Wno-missing-braces -Wparentheses -Wswitch -Wunused-function -Wno-unused-label -Wno-unused-parameter -Wunused-variable -Wunused-value -Wempty-body -Wuninitialized -Wno-unknown-pragmas -Wno-shadow -Wno-four-char-constants -Wno-conversion -Wconstant-conversion -Wint-conversion -Wbool-conversion -Wenum-conversion -Wno-float-conversion -Wno-non-literal-null-conversion -Wno-objc-literal-conversion -Wshorten-64-to-32 -Wpointer-sign -Wno-newline-eof -Wno-implicit-fallthrough -fstrict-aliasing -Wdeprecated-declarations -Wno-sign-conversion -Wno-infinite-recursion -Wno-comma -Wno-block-capture-autoreleasing -Wno-strict-prototypes -Wno-semicolon-before-method-body -index-store-path /Users/barriesanders/Library/Developer/Xcode/DerivedData/O2EM-doayxuzonxiitoguphcalntlvwqe/Index.noindex/DataStore @/Users/barriesanders/Library/Developer/Xcode/DerivedData/O2EM-doayxuzonxiitoguphcalntlvwqe/Build/Intermediates.noindex/O2EM.build/Debug/O2EM.build/Objects-normal/arm64/7187679823f38a2a940e0043cdf9d637-common-args.resp -MMD -MT dependencies -MF /Users/barriesanders/Library/Developer/Xcode/DerivedData/O2EM-doayxuzonxiitoguphcalntlvwqe/Build/Intermediates.noindex/O2EM.build/Debug/O2EM.build/Objects-normal/arm64/keyboard.d --serialize-diagnostics /Users/barriesanders/Library/Developer/Xcode/DerivedData/O2EM-doayxuzonxiitoguphcalntlvwqe/Build/Intermediates.noindex/O2EM.build/Debug/O2EM.build/Objects-normal/arm64/keyboard.dia -c /Users/barriesanders/.gemini/antigravity/scratch/OpenEmu_Port/O2EM/src/keyboard.c -o /Users/barriesanders/Library/Developer/Xcode/DerivedData/O2EM-doayxuzonxiitoguphcalntlvwqe/Build/Intermediates.noindex/O2EM.build/Debug/O2EM.build/Objects-normal/arm64/keyboard.o -index-unit-output-path /O2EM.build/Debug/O2EM.build/Objects-normal/arm64/keyboard.o

CompileC /Users/barriesanders/Library/Developer/Xcode/DerivedData/O2EM-doayxuzonxiitoguphcalntlvwqe/Build/Intermediates.noindex/O2EM.build/Debug/O2EM.build/Objects-normal/arm64/wrapalleg.o /Users/barriesanders/.gemini/antigravity/scratch/OpenEmu_Port/O2EM/allegrowrapper/wrapalleg.c normal arm64 c com.apple.compilers.llvm.clang.1_0.compiler (in target 'O2EM' from project 'O2EM')
    cd /Users/barriesanders/.gemini/antigravity/scratch/OpenEmu_Port/O2EM
    
    Using response file: /Users/barriesanders/Library/Developer/Xcode/DerivedData/O2EM-doayxuzonxiitoguphcalntlvwqe/Build/Intermediates.noindex/O2EM.build/Debug/O2EM.build/Objects-normal/arm64/7187679823f38a2a940e0043cdf9d637-common-args.resp
    
    /Applications/Xcode.app/Contents/Developer/Toolchains/XcodeDefault.xctoolchain/usr/bin/clang -x c -ivfsstatcache /Users/barriesanders/Library/Developer/Xcode/DerivedData/SDKStatCaches.noindex/macosx26.2-25C57-3885c01c3e6b6a337905948deab2002e00fa09913b459cbbc988d1f6730289ae.sdkstatcache -fmessage-length\=0 -fdiagnostics-show-note-include-stack -fmacro-backtrace-limit\=0 -fno-color-diagnostics -fmodules-prune-interval\=86400 -fmodules-prune-after\=345600 -fbuild-session-file\=/Users/barriesanders/Library/Developer/Xcode/DerivedData/ModuleCache.noindex/Session.modulevalidation -fmodules-validate-once-per-build-session -Wnon-modular-include-in-framework-module -Werror\=non-modular-include-in-framework-module -Wno-trigraphs -Wno-missing-field-initializers -Wno-missing-prototypes -Wunreachable-code -Wno-missing-braces -Wparentheses -Wswitch -Wunused-function -Wno-unused-label -Wno-unused-parameter -Wunused-variable -Wunused-value -Wempty-body -Wuninitialized -Wno-unknown-pragmas -Wno-shadow -Wno-four-char-constants -Wno-conversion -Wconstant-conversion -Wint-conversion -Wbool-conversion -Wenum-conversion -Wno-float-conversion -Wno-non-literal-null-conversion -Wno-objc-literal-conversion -Wshorten-64-to-32 -Wpointer-sign -Wno-newline-eof -Wno-implicit-fallthrough -fstrict-aliasing -Wdeprecated-declarations -Wno-sign-conversion -Wno-infinite-recursion -Wno-comma -Wno-block-capture-autoreleasing -Wno-strict-prototypes -Wno-semicolon-before-method-body -index-store-path /Users/barriesanders/Library/Developer/Xcode/DerivedData/O2EM-doayxuzonxiitoguphcalntlvwqe/Index.noindex/DataStore @/Users/barriesanders/Library/Developer/Xcode/DerivedData/O2EM-doayxuzonxiitoguphcalntlvwqe/Build/Intermediates.noindex/O2EM.build/Debug/O2EM.build/Objects-normal/arm64/7187679823f38a2a940e0043cdf9d637-common-args.resp -MMD -MT dependencies -MF /Users/barriesanders/Library/Developer/Xcode/DerivedData/O2EM-doayxuzonxiitoguphcalntlvwqe/Build/Intermediates.noindex/O2EM.build/Debug/O2EM.build/Objects-normal/arm64/wrapalleg.d --serialize-diagnostics /Users/barriesanders/Library/Developer/Xcode/DerivedData/O2EM-doayxuzonxiitoguphcalntlvwqe/Build/Intermediates.noindex/O2EM.build/Debug/O2EM.build/Objects-normal/arm64/wrapalleg.dia -c /Users/barriesanders/.gemini/antigravity/scratch/OpenEmu_Port/O2EM/allegrowrapper/wrapalleg.c -o /Users/barriesanders/Library/Developer/Xcode/DerivedData/O2EM-doayxuzonxiitoguphcalntlvwqe/Build/Intermediates.noindex/O2EM.build/Debug/O2EM.build/Objects-normal/arm64/wrapalleg.o -index-unit-output-path /O2EM.build/Debug/O2EM.build/Objects-normal/arm64/wrapalleg.o

CompileC /Users/barriesanders/Library/Developer/Xcode/DerivedData/O2EM-doayxuzonxiitoguphcalntlvwqe/Build/Intermediates.noindex/O2EM.build/Debug/O2EM.build/Objects-normal/arm64/vpp.o /Users/barriesanders/.gemini/antigravity/scratch/OpenEmu_Port/O2EM/src/vpp.c normal arm64 c com.apple.compilers.llvm.clang.1_0.compiler (in target 'O2EM' from project 'O2EM')
    cd /Users/barriesanders/.gemini/antigravity/scratch/OpenEmu_Port/O2EM
    
    Using response file: /Users/barriesanders/Library/Developer/Xcode/DerivedData/O2EM-doayxuzonxiitoguphcalntlvwqe/Build/Intermediates.noindex/O2EM.build/Debug/O2EM.build/Objects-normal/arm64/7187679823f38a2a940e0043cdf9d637-common-args.resp
    
    /Applications/Xcode.app/Contents/Developer/Toolchains/XcodeDefault.xctoolchain/usr/bin/clang -x c -ivfsstatcache /Users/barriesanders/Library/Developer/Xcode/DerivedData/SDKStatCaches.noindex/macosx26.2-25C57-3885c01c3e6b6a337905948deab2002e00fa09913b459cbbc988d1f6730289ae.sdkstatcache -fmessage-length\=0 -fdiagnostics-show-note-include-stack -fmacro-backtrace-limit\=0 -fno-color-diagnostics -fmodules-prune-interval\=86400 -fmodules-prune-after\=345600 -fbuild-session-file\=/Users/barriesanders/Library/Developer/Xcode/DerivedData/ModuleCache.noindex/Session.modulevalidation -fmodules-validate-once-per-build-session -Wnon-modular-include-in-framework-module -Werror\=non-modular-include-in-framework-module -Wno-trigraphs -Wno-missing-field-initializers -Wno-missing-prototypes -Wunreachable-code -Wno-missing-braces -Wparentheses -Wswitch -Wunused-function -Wno-unused-label -Wno-unused-parameter -Wunused-variable -Wunused-value -Wempty-body -Wuninitialized -Wno-unknown-pragmas -Wno-shadow -Wno-four-char-constants -Wno-conversion -Wconstant-conversion -Wint-conversion -Wbool-conversion -Wenum-conversion -Wno-float-conversion -Wno-non-literal-null-conversion -Wno-objc-literal-conversion -Wshorten-64-to-32 -Wpointer-sign -Wno-newline-eof -Wno-implicit-fallthrough -fstrict-aliasing -Wdeprecated-declarations -Wno-sign-conversion -Wno-infinite-recursion -Wno-comma -Wno-block-capture-autoreleasing -Wno-strict-prototypes -Wno-semicolon-before-method-body -index-store-path /Users/barriesanders/Library/Developer/Xcode/DerivedData/O2EM-doayxuzonxiitoguphcalntlvwqe/Index.noindex/DataStore @/Users/barriesanders/Library/Developer/Xcode/DerivedData/O2EM-doayxuzonxiitoguphcalntlvwqe/Build/Intermediates.noindex/O2EM.build/Debug/O2EM.build/Objects-normal/arm64/7187679823f38a2a940e0043cdf9d637-common-args.resp -MMD -MT dependencies -MF /Users/barriesanders/Library/Developer/Xcode/DerivedData/O2EM-doayxuzonxiitoguphcalntlvwqe/Build/Intermediates.noindex/O2EM.build/Debug/O2EM.build/Objects-normal/arm64/vpp.d --serialize-diagnostics /Users/barriesanders/Library/Developer/Xcode/DerivedData/O2EM-doayxuzonxiitoguphcalntlvwqe/Build/Intermediates.noindex/O2EM.build/Debug/O2EM.build/Objects-normal/arm64/vpp.dia -c /Users/barriesanders/.gemini/antigravity/scratch/OpenEmu_Port/O2EM/src/vpp.c -o /Users/barriesanders/Library/Developer/Xcode/DerivedData/O2EM-doayxuzonxiitoguphcalntlvwqe/Build/Intermediates.noindex/O2EM.build/Debug/O2EM.build/Objects-normal/arm64/vpp.o -index-unit-output-path /O2EM.build/Debug/O2EM.build/Objects-normal/arm64/vpp.o

CompileC /Users/barriesanders/Library/Developer/Xcode/DerivedData/O2EM-doayxuzonxiitoguphcalntlvwqe/Build/Intermediates.noindex/O2EM.build/Debug/O2EM.build/Objects-normal/arm64/debug.o /Users/barriesanders/.gemini/antigravity/scratch/OpenEmu_Port/O2EM/src/debug.c normal arm64 c com.apple.compilers.llvm.clang.1_0.compiler (in target 'O2EM' from project 'O2EM')
    cd /Users/barriesanders/.gemini/antigravity/scratch/OpenEmu_Port/O2EM
    
    Using response file: /Users/barriesanders/Library/Developer/Xcode/DerivedData/O2EM-doayxuzonxiitoguphcalntlvwqe/Build/Intermediates.noindex/O2EM.build/Debug/O2EM.build/Objects-normal/arm64/7187679823f38a2a940e0043cdf9d637-common-args.resp
    
    /Applications/Xcode.app/Contents/Developer/Toolchains/XcodeDefault.xctoolchain/usr/bin/clang -x c -ivfsstatcache /Users/barriesanders/Library/Developer/Xcode/DerivedData/SDKStatCaches.noindex/macosx26.2-25C57-3885c01c3e6b6a337905948deab2002e00fa09913b459cbbc988d1f6730289ae.sdkstatcache -fmessage-length\=0 -fdiagnostics-show-note-include-stack -fmacro-backtrace-limit\=0 -fno-color-diagnostics -fmodules-prune-interval\=86400 -fmodules-prune-after\=345600 -fbuild-session-file\=/Users/barriesanders/Library/Developer/Xcode/DerivedData/ModuleCache.noindex/Session.modulevalidation -fmodules-validate-once-per-build-session -Wnon-modular-include-in-framework-module -Werror\=non-modular-include-in-framework-module -Wno-trigraphs -Wno-missing-field-initializers -Wno-missing-prototypes -Wunreachable-code -Wno-missing-braces -Wparentheses -Wswitch -Wunused-function -Wno-unused-label -Wno-unused-parameter -Wunused-variable -Wunused-value -Wempty-body -Wuninitialized -Wno-unknown-pragmas -Wno-shadow -Wno-four-char-constants -Wno-conversion -Wconstant-conversion -Wint-conversion -Wbool-conversion -Wenum-conversion -Wno-float-conversion -Wno-non-literal-null-conversion -Wno-objc-literal-conversion -Wshorten-64-to-32 -Wpointer-sign -Wno-newline-eof -Wno-implicit-fallthrough -fstrict-aliasing -Wdeprecated-declarations -Wno-sign-conversion -Wno-infinite-recursion -Wno-comma -Wno-block-capture-autoreleasing -Wno-strict-prototypes -Wno-semicolon-before-method-body -index-store-path /Users/barriesanders/Library/Developer/Xcode/DerivedData/O2EM-doayxuzonxiitoguphcalntlvwqe/Index.noindex/DataStore @/Users/barriesanders/Library/Developer/Xcode/DerivedData/O2EM-doayxuzonxiitoguphcalntlvwqe/Build/Intermediates.noindex/O2EM.build/Debug/O2EM.build/Objects-normal/arm64/7187679823f38a2a940e0043cdf9d637-common-args.resp -MMD -MT dependencies -MF /Users/barriesanders/Library/Developer/Xcode/DerivedData/O2EM-doayxuzonxiitoguphcalntlvwqe/Build/Intermediates.noindex/O2EM.build/Debug/O2EM.build/Objects-normal/arm64/debug.d --serialize-diagnostics /Users/barriesanders/Library/Developer/Xcode/DerivedData/O2EM-doayxuzonxiitoguphcalntlvwqe/Build/Intermediates.noindex/O2EM.build/Debug/O2EM.build/Objects-normal/arm64/debug.dia -c /Users/barriesanders/.gemini/antigravity/scratch/OpenEmu_Port/O2EM/src/debug.c -o /Users/barriesanders/Library/Developer/Xcode/DerivedData/O2EM-doayxuzonxiitoguphcalntlvwqe/Build/Intermediates.noindex/O2EM.build/Debug/O2EM.build/Objects-normal/arm64/debug.o -index-unit-output-path /O2EM.build/Debug/O2EM.build/Objects-normal/arm64/debug.o
/Users/barriesanders/.gemini/antigravity/scratch/OpenEmu_Port/O2EM/src/debug.c:599:17: warning: implicit conversion loses integer precision: 'long' to 'int' [-Wshorten-64-to-32]
  599 |                                                         length = ftell(fn);
      |                                                                ~ ^~~~~~~~~
1 warning generated.

CompileC /Users/barriesanders/Library/Developer/Xcode/DerivedData/O2EM-doayxuzonxiitoguphcalntlvwqe/Build/Intermediates.noindex/O2EM.build/Debug/O2EM.build/Objects-normal/arm64/crc32.o /Users/barriesanders/.gemini/antigravity/scratch/OpenEmu_Port/O2EM/src/crc32.c normal arm64 c com.apple.compilers.llvm.clang.1_0.compiler (in target 'O2EM' from project 'O2EM')
    cd /Users/barriesanders/.gemini/antigravity/scratch/OpenEmu_Port/O2EM
    
    Using response file: /Users/barriesanders/Library/Developer/Xcode/DerivedData/O2EM-doayxuzonxiitoguphcalntlvwqe/Build/Intermediates.noindex/O2EM.build/Debug/O2EM.build/Objects-normal/arm64/7187679823f38a2a940e0043cdf9d637-common-args.resp
    
    /Applications/Xcode.app/Contents/Developer/Toolchains/XcodeDefault.xctoolchain/usr/bin/clang -x c -ivfsstatcache /Users/barriesanders/Library/Developer/Xcode/DerivedData/SDKStatCaches.noindex/macosx26.2-25C57-3885c01c3e6b6a337905948deab2002e00fa09913b459cbbc988d1f6730289ae.sdkstatcache -fmessage-length\=0 -fdiagnostics-show-note-include-stack -fmacro-backtrace-limit\=0 -fno-color-diagnostics -fmodules-prune-interval\=86400 -fmodules-prune-after\=345600 -fbuild-session-file\=/Users/barriesanders/Library/Developer/Xcode/DerivedData/ModuleCache.noindex/Session.modulevalidation -fmodules-validate-once-per-build-session -Wnon-modular-include-in-framework-module -Werror\=non-modular-include-in-framework-module -Wno-trigraphs -Wno-missing-field-initializers -Wno-missing-prototypes -Wunreachable-code -Wno-missing-braces -Wparentheses -Wswitch -Wunused-function -Wno-unused-label -Wno-unused-parameter -Wunused-variable -Wunused-value -Wempty-body -Wuninitialized -Wno-unknown-pragmas -Wno-shadow -Wno-four-char-constants -Wno-conversion -Wconstant-conversion -Wint-conversion -Wbool-conversion -Wenum-conversion -Wno-float-conversion -Wno-non-literal-null-conversion -Wno-objc-literal-conversion -Wshorten-64-to-32 -Wpointer-sign -Wno-newline-eof -Wno-implicit-fallthrough -fstrict-aliasing -Wdeprecated-declarations -Wno-sign-conversion -Wno-infinite-recursion -Wno-comma -Wno-block-capture-autoreleasing -Wno-strict-prototypes -Wno-semicolon-before-method-body -index-store-path /Users/barriesanders/Library/Developer/Xcode/DerivedData/O2EM-doayxuzonxiitoguphcalntlvwqe/Index.noindex/DataStore @/Users/barriesanders/Library/Developer/Xcode/DerivedData/O2EM-doayxuzonxiitoguphcalntlvwqe/Build/Intermediates.noindex/O2EM.build/Debug/O2EM.build/Objects-normal/arm64/7187679823f38a2a940e0043cdf9d637-common-args.resp -MMD -MT dependencies -MF /Users/barriesanders/Library/Developer/Xcode/DerivedData/O2EM-doayxuzonxiitoguphcalntlvwqe/Build/Intermediates.noindex/O2EM.build/Debug/O2EM.build/Objects-normal/arm64/crc32.d --serialize-diagnostics /Users/barriesanders/Library/Developer/Xcode/DerivedData/O2EM-doayxuzonxiitoguphcalntlvwqe/Build/Intermediates.noindex/O2EM.build/Debug/O2EM.build/Objects-normal/arm64/crc32.dia -c /Users/barriesanders/.gemini/antigravity/scratch/OpenEmu_Port/O2EM/src/crc32.c -o /Users/barriesanders/Library/Developer/Xcode/DerivedData/O2EM-doayxuzonxiitoguphcalntlvwqe/Build/Intermediates.noindex/O2EM.build/Debug/O2EM.build/Objects-normal/arm64/crc32.o -index-unit-output-path /O2EM.build/Debug/O2EM.build/Objects-normal/arm64/crc32.o
/Users/barriesanders/.gemini/antigravity/scratch/OpenEmu_Port/O2EM/src/crc32.c:93:33: warning: implicit conversion loses integer precision: 'unsigned long' to 'unsigned int' [-Wshorten-64-to-32]
   93 |         while (len--) crc = (crc >> 8) ^ crc32tab[(crc ^ (*p++)) & 0xff];
      |                           ~ ~~~~~~~~~~~^~~~~~~~~~~~~~~~~~~~~~~~~~~~~~~~~
/Users/barriesanders/.gemini/antigravity/scratch/OpenEmu_Port/O2EM/src/crc32.c:90:26: warning: variable 'crc' is uninitialized when used within its own initialization [-Wuninitialized]
   90 |         unsigned /*long*/ crc = crc ^ 0xffffffffUL;//~0;
      |                           ~~~   ^~~
/Users/barriesanders/.gemini/antigravity/scratch/OpenEmu_Port/O2EM/src/crc32.c:104:48: warning: implicit conversion loses integer precision: 'unsigned long' to 'unsigned int' [-Wshorten-64-to-32]
  104 |                 while ((c=fgetc(f)) != EOF) crc = (crc >> 8) ^ crc32tab[(crc ^ c) & 0xff];
      |                                                 ~ ~~~~~~~~~~~^~~~~~~~~~~~~~~~~~~~~~~~~~~~
/Users/barriesanders/.gemini/antigravity/scratch/OpenEmu_Port/O2EM/src/crc32.c:99:26: warning: variable 'crc' is uninitialized when used within its own initialization [-Wuninitialized]
   99 |         unsigned /*long*/ crc = crc ^ 0xffffffffUL;//crc = ~0;
      |                           ~~~   ^~~
4 warnings generated.

CompileC /Users/barriesanders/Library/Developer/Xcode/DerivedData/O2EM-doayxuzonxiitoguphcalntlvwqe/Build/Intermediates.noindex/O2EM.build/Debug/O2EM.build/Objects-normal/arm64/audio.o /Users/barriesanders/.gemini/antigravity/scratch/OpenEmu_Port/O2EM/src/audio.c normal arm64 c com.apple.compilers.llvm.clang.1_0.compiler (in target 'O2EM' from project 'O2EM')
    cd /Users/barriesanders/.gemini/antigravity/scratch/OpenEmu_Port/O2EM
    
    Using response file: /Users/barriesanders/Library/Developer/Xcode/DerivedData/O2EM-doayxuzonxiitoguphcalntlvwqe/Build/Intermediates.noindex/O2EM.build/Debug/O2EM.build/Objects-normal/arm64/7187679823f38a2a940e0043cdf9d637-common-args.resp
    
    /Applications/Xcode.app/Contents/Developer/Toolchains/XcodeDefault.xctoolchain/usr/bin/clang -x c -ivfsstatcache /Users/barriesanders/Library/Developer/Xcode/DerivedData/SDKStatCaches.noindex/macosx26.2-25C57-3885c01c3e6b6a337905948deab2002e00fa09913b459cbbc988d1f6730289ae.sdkstatcache -fmessage-length\=0 -fdiagnostics-show-note-include-stack -fmacro-backtrace-limit\=0 -fno-color-diagnostics -fmodules-prune-interval\=86400 -fmodules-prune-after\=345600 -fbuild-session-file\=/Users/barriesanders/Library/Developer/Xcode/DerivedData/ModuleCache.noindex/Session.modulevalidation -fmodules-validate-once-per-build-session -Wnon-modular-include-in-framework-module -Werror\=non-modular-include-in-framework-module -Wno-trigraphs -Wno-missing-field-initializers -Wno-missing-prototypes -Wunreachable-code -Wno-missing-braces -Wparentheses -Wswitch -Wunused-function -Wno-unused-label -Wno-unused-parameter -Wunused-variable -Wunused-value -Wempty-body -Wuninitialized -Wno-unknown-pragmas -Wno-shadow -Wno-four-char-constants -Wno-conversion -Wconstant-conversion -Wint-conversion -Wbool-conversion -Wenum-conversion -Wno-float-conversion -Wno-non-literal-null-conversion -Wno-objc-literal-conversion -Wshorten-64-to-32 -Wpointer-sign -Wno-newline-eof -Wno-implicit-fallthrough -fstrict-aliasing -Wdeprecated-declarations -Wno-sign-conversion -Wno-infinite-recursion -Wno-comma -Wno-block-capture-autoreleasing -Wno-strict-prototypes -Wno-semicolon-before-method-body -index-store-path /Users/barriesanders/Library/Developer/Xcode/DerivedData/O2EM-doayxuzonxiitoguphcalntlvwqe/Index.noindex/DataStore @/Users/barriesanders/Library/Developer/Xcode/DerivedData/O2EM-doayxuzonxiitoguphcalntlvwqe/Build/Intermediates.noindex/O2EM.build/Debug/O2EM.build/Objects-normal/arm64/7187679823f38a2a940e0043cdf9d637-common-args.resp -MMD -MT dependencies -MF /Users/barriesanders/Library/Developer/Xcode/DerivedData/O2EM-doayxuzonxiitoguphcalntlvwqe/Build/Intermediates.noindex/O2EM.build/Debug/O2EM.build/Objects-normal/arm64/audio.d --serialize-diagnostics /Users/barriesanders/Library/Developer/Xcode/DerivedData/O2EM-doayxuzonxiitoguphcalntlvwqe/Build/Intermediates.noindex/O2EM.build/Debug/O2EM.build/Objects-normal/arm64/audio.dia -c /Users/barriesanders/.gemini/antigravity/scratch/OpenEmu_Port/O2EM/src/audio.c -o /Users/barriesanders/Library/Developer/Xcode/DerivedData/O2EM-doayxuzonxiitoguphcalntlvwqe/Build/Intermediates.noindex/O2EM.build/Debug/O2EM.build/Objects-normal/arm64/audio.o -index-unit-output-path /O2EM.build/Debug/O2EM.build/Objects-normal/arm64/audio.o
/Users/barriesanders/.gemini/antigravity/scratch/OpenEmu_Port/O2EM/src/audio.c:124:6: warning: unused variable 'i' [-Wunused-variable]
  124 |         int i;
      |             ^
1 warning generated.

PrecompileModule /Users/barriesanders/Library/Developer/Xcode/DerivedData/O2EM-doayxuzonxiitoguphcalntlvwqe/Build/Intermediates.noindex/ExplicitPrecompiledModules/Darwin-A388W0SV183JEMWK5US4GNGXE.scan
    cd /
    builtin-precompileModule /Users/barriesanders/Library/Developer/Xcode/DerivedData/O2EM-doayxuzonxiitoguphcalntlvwqe/Build/Intermediates.noindex/ExplicitPrecompiledModules/Darwin-A388W0SV183JEMWK5US4GNGXE.scan

** BUILD FAILED **


The following build commands failed:
	ScanDependencies /Users/barriesanders/Library/Developer/Xcode/DerivedData/O2EM-doayxuzonxiitoguphcalntlvwqe/Build/Intermediates.noindex/O2EM.build/Debug/O2EM.build/Objects-normal/arm64/OdysseyGameCore.o /Users/barriesanders/.gemini/antigravity/scratch/OpenEmu_Port/O2EM/OdysseyGameCore.m normal arm64 objective-c com.apple.compilers.llvm.clang.1_0.compiler (in target 'O2EM' from project 'O2EM')
	Building project O2EM with scheme O2EM
(2 failures)
