This file contains any messages produced by compilers while
running configure, to aid debugging if configure makes a mistake.

It was created by configure, which was
generated by GNU Autoconf 2.71.  Invocation command line was

  $ ./configure --prefix=/usr/local --disable-option-checking --enable-static --disable-shared --without-pulse --without-alsa --without-oss --without-sdlsound --without-gtk3 --without-gtk2 --without-headless --enable-external-ffmpeg --disable-catweasel --disable-hardsid --disable-parsid --disable-ethernet --disable-ipv6 --disable-cpuhistory --disable-debug --disable-option-checking --srcdir=. --cache-file=/dev/null

## --------- ##
## Platform. ##
## --------- ##

hostname = MacBookPro
uname -m = arm64
uname -r = 25.3.0
uname -s = Darwin
uname -v = Darwin Kernel Version 25.3.0: Sun Jan  4 19:17:33 PST 2026; root:xnu-12377.80.267~81/RELEASE_ARM64_T6000

/usr/bin/uname -p = arm
/bin/uname -X     = unknown

/bin/arch              = unknown
/usr/bin/arch -k       = unknown
/usr/convex/getsysinfo = unknown
/usr/bin/hostinfo      = Mach kernel version:
	 Darwin Kernel Version 25.3.0: Sun Jan  4 19:17:33 PST 2026; root:xnu-12377.80.267~81/RELEASE_ARM64_T6000
Kernel configured for up to 10 processors.
10 processors are physically available.
10 processors are logically available.
Processor type: arm64e (ARM64E)
Processors active: 0 1 2 3 4 5 6 7 8 9
Primary memory available: 64.00 gigabytes
Default processor set: 734 tasks, 3894 threads, 10 processors
Load average: 3.94, Mach factor: 6.05
/bin/machine           = unknown
/usr/bin/oslevel       = unknown
/bin/universe          = unknown

PATH: /opt/homebrew/bin/
PATH: /opt/homebrew/sbin/
PATH: /usr/local/bin/
PATH: /usr/bin/
PATH: /bin/
PATH: /usr/sbin/
PATH: /sbin/
PATH: /Users/barriesanders/Library/Python/3.8/bin/
PATH: /var/run/com.apple.security.cryptexd/codex.system/bootstrap/usr/local/bin/
PATH: /var/run/com.apple.security.cryptexd/codex.system/bootstrap/usr/bin/
PATH: /var/run/com.apple.security.cryptexd/codex.system/bootstrap/usr/appleinternal/bin/
PATH: /opt/pmk/env/global/bin/
PATH: /Library/Apple/usr/bin/
PATH: /Applications/VMware Fusion.app/Contents/Public/
PATH: /usr/local/share/dotnet/
PATH: ~/.dotnet/tools/
PATH: /Library/Frameworks/Mono.framework/Versions/Current/Commands/
PATH: /Users/barriesanders/.cache/lm-studio/bin/
PATH: /Users/barriesanders/.cache/lm-studio/bin/


## ----------- ##
## Core tests. ##
## ----------- ##

configure:2335: looking for aux files: config.guess config.sub missing install-sh
configure:2348:  trying ./
configure:2348:  trying ./../
configure:2348:  trying ./../../
configure:2377:   ./../../config.guess found
configure:2377:   ./../../config.sub found
configure:2377:   ./../../missing found
configure:2359:   ./../../install-sh found
configure:2512: checking for a BSD-compatible install
configure:2585: result: /usr/bin/install -c
configure:2596: checking whether build environment is sane
configure:2651: result: yes
configure:2810: checking for a race-free mkdir -p
configure:2854: result: ./../../install-sh -c -d
configure:2861: checking for gawk
configure:2896: result: no
configure:2861: checking for mawk
configure:2896: result: no
configure:2861: checking for nawk
configure:2896: result: no
configure:2861: checking for awk
configure:2882: found /usr/bin/awk
configure:2893: result: awk
configure:2904: checking whether make sets $(MAKE)
configure:2927: result: yes
configure:2957: checking whether make supports nested variables
configure:2975: result: yes
configure:3127: checking build system type
configure:3142: result: aarch64-apple-darwin25.3.0
configure:3162: checking host system type
configure:3176: result: aarch64-apple-darwin25.3.0
configure:3285: checking for c++
configure:3306: found /usr/bin/c++
configure:3317: result: c++
configure:3344: checking for C++ compiler version
configure:3353: c++ --version >&5
Apple clang version 17.0.0 (clang-1700.6.3.2)
Target: arm64-apple-darwin25.3.0
Thread model: posix
InstalledDir: /Applications/Xcode.app/Contents/Developer/Toolchains/XcodeDefault.xctoolchain/usr/bin
configure:3364: $? = 0
configure:3353: c++ -v >&5
Apple clang version 17.0.0 (clang-1700.6.3.2)
Target: arm64-apple-darwin25.3.0
Thread model: posix
InstalledDir: /Applications/Xcode.app/Contents/Developer/Toolchains/XcodeDefault.xctoolchain/usr/bin
configure:3364: $? = 0
configure:3353: c++ -V >&5
clang++: error: argument to '-V' is missing (expected 1 value)
clang++: error: no input files
configure:3364: $? = 1
configure:3353: c++ -qversion >&5
clang++: error: unknown argument '-qversion'; did you mean '--version'?
clang++: error: no input files
configure:3364: $? = 1
configure:3384: checking whether the C++ compiler works
configure:3406: c++    conftest.cpp  >&5
configure:3410: $? = 0
configure:3460: result: yes
configure:3463: checking for C++ compiler default output file name
configure:3465: result: a.out
configure:3471: checking for suffix of executables
configure:3478: c++ -o conftest    conftest.cpp  >&5
configure:3482: $? = 0
configure:3505: result: 
configure:3527: checking whether we are cross compiling
configure:3535: c++ -o conftest    conftest.cpp  >&5
configure:3539: $? = 0
configure:3546: ./conftest
configure:3550: $? = 0
configure:3565: result: no
configure:3570: checking for suffix of object files
configure:3593: c++ -c   conftest.cpp >&5
configure:3597: $? = 0
configure:3619: result: o
configure:3623: checking whether the compiler supports GNU C++
configure:3643: c++ -c   conftest.cpp >&5
configure:3643: $? = 0
configure:3653: result: yes
configure:3664: checking whether c++ accepts -g
configure:3685: c++ -c -g  conftest.cpp >&5
configure:3685: $? = 0
configure:3729: result: yes
configure:3749: checking for c++ option to enable C++11 features
configure:3764: c++  -c -g -O2  conftest.cpp >&5
conftest.cpp:177:25: warning: empty parentheses interpreted as a function declaration [-Wvexing-parse]
  177 |   cxx11test::delegate d2();
      |                         ^~
conftest.cpp:177:25: note: remove parentheses to declare a variable
  177 |   cxx11test::delegate d2();
      |                         ^~
1 warning generated.
configure:3764: $? = 0
configure:3782: result: none needed
configure:3849: checking whether make supports the include directive
configure:3864: make -f confmf.GNU && cat confinc.out
this is the am__doit target
configure:3867: $? = 0
configure:3886: result: yes (GNU style)
configure:3912: checking dependency style of c++
configure:4024: result: gcc3
configure:4043: checking whether the C++ compiler (c++ -g -Wall -O2 -funroll-loops -fomit-frame-pointer -fno-exceptions ) works
configure:4057: c++ -c -g -Wall -O2 -funroll-loops -fomit-frame-pointer -fno-exceptions  conftest.cpp >&5
conftest.cpp:15:5: warning: unused variable 'test' [-Wunused-variable]
   15 | int test;
      |     ^~~~
1 warning generated.
configure:4057: $? = 0
configure:4059: result: yes
configure:4095: checking for ar
configure:4116: found /usr/bin/ar
configure:4128: result: ar
configure:4184: checking for ranlib
configure:4205: found /usr/bin/ranlib
configure:4216: result: ranlib
configure:4247: checking for stdio.h
configure:4247: c++ -c -g -Wall -O2 -funroll-loops -fomit-frame-pointer -fno-exceptions -mmacosx-version-min=10.10  conftest.cpp >&5
configure:4247: $? = 0
configure:4247: result: yes
configure:4247: checking for stdlib.h
configure:4247: c++ -c -g -Wall -O2 -funroll-loops -fomit-frame-pointer -fno-exceptions -mmacosx-version-min=10.10  conftest.cpp >&5
configure:4247: $? = 0
configure:4247: result: yes
configure:4247: checking for string.h
configure:4247: c++ -c -g -Wall -O2 -funroll-loops -fomit-frame-pointer -fno-exceptions -mmacosx-version-min=10.10  conftest.cpp >&5
configure:4247: $? = 0
configure:4247: result: yes
configure:4247: checking for inttypes.h
configure:4247: c++ -c -g -Wall -O2 -funroll-loops -fomit-frame-pointer -fno-exceptions -mmacosx-version-min=10.10  conftest.cpp >&5
configure:4247: $? = 0
configure:4247: result: yes
configure:4247: checking for stdint.h
configure:4247: c++ -c -g -Wall -O2 -funroll-loops -fomit-frame-pointer -fno-exceptions -mmacosx-version-min=10.10  conftest.cpp >&5
configure:4247: $? = 0
configure:4247: result: yes
configure:4247: checking for strings.h
configure:4247: c++ -c -g -Wall -O2 -funroll-loops -fomit-frame-pointer -fno-exceptions -mmacosx-version-min=10.10  conftest.cpp >&5
configure:4247: $? = 0
configure:4247: result: yes
configure:4247: checking for sys/stat.h
configure:4247: c++ -c -g -Wall -O2 -funroll-loops -fomit-frame-pointer -fno-exceptions -mmacosx-version-min=10.10  conftest.cpp >&5
configure:4247: $? = 0
configure:4247: result: yes
configure:4247: checking for sys/types.h
configure:4247: c++ -c -g -Wall -O2 -funroll-loops -fomit-frame-pointer -fno-exceptions -mmacosx-version-min=10.10  conftest.cpp >&5
configure:4247: $? = 0
configure:4247: result: yes
configure:4247: checking for unistd.h
configure:4247: c++ -c -g -Wall -O2 -funroll-loops -fomit-frame-pointer -fno-exceptions -mmacosx-version-min=10.10  conftest.cpp >&5
configure:4247: $? = 0
configure:4247: result: yes
configure:4276: checking size of int
configure:4282: c++ -o conftest -g -Wall -O2 -funroll-loops -fomit-frame-pointer -fno-exceptions -mmacosx-version-min=10.10   -mmacosx-version-min=10.10 conftest.cpp  >&5
configure:4282: $? = 0
configure:4282: ./conftest
configure:4282: $? = 0
configure:4297: result: 4
configure:4310: checking for working bool
configure:4329: c++ -c -g -Wall -O2 -funroll-loops -fomit-frame-pointer -fno-exceptions -mmacosx-version-min=10.10  conftest.cpp >&5
conftest.cpp:27:6: warning: unused variable 'flag' [-Wunused-variable]
   27 | bool flag;
      |      ^~~~
1 warning generated.
configure:4329: $? = 0
configure:4337: result: yes
configure:4348: checking if the mmintrin.h include can be used
configure:4361: c++ -c -g -Wall -O2 -funroll-loops -fomit-frame-pointer -fno-exceptions -mmacosx-version-min=10.10  conftest.cpp >&5
In file included from conftest.cpp:22:
/Applications/Xcode.app/Contents/Developer/Toolchains/XcodeDefault.xctoolchain/usr/lib/clang/17/include/mmintrin.h:14:2: error: "This header is only meant to be used on x86 and x64 architecture"
   14 | #error "This header is only meant to be used on x86 and x64 architecture"
      |  ^
/Applications/Xcode.app/Contents/Developer/Toolchains/XcodeDefault.xctoolchain/usr/lib/clang/17/include/mmintrin.h:39:3: error: use of undeclared identifier '__builtin_ia32_emms'; did you mean '__builtin_isless'?
   39 |   __builtin_ia32_emms();
      |   ^
/Applications/Xcode.app/Contents/Developer/Toolchains/XcodeDefault.xctoolchain/usr/lib/clang/17/include/mmintrin.h:39:23: error: too few arguments to function call, expected 2, have 0
   39 |   __builtin_ia32_emms();
      |   ~~~~~~~~~~~~~~~~~~~~^
/Applications/Xcode.app/Contents/Developer/Toolchains/XcodeDefault.xctoolchain/usr/lib/clang/17/include/mmintrin.h:56:19: error: use of undeclared identifier '__builtin_ia32_vec_init_v2si'
   56 |     return (__m64)__builtin_ia32_vec_init_v2si(__i, 0);
      |                   ^
/Applications/Xcode.app/Contents/Developer/Toolchains/XcodeDefault.xctoolchain/usr/lib/clang/17/include/mmintrin.h:73:12: error: use of undeclared identifier '__builtin_ia32_vec_ext_v2si'
   73 |     return __builtin_ia32_vec_ext_v2si((__v2si)__m, 0);
      |            ^
/Applications/Xcode.app/Contents/Developer/Toolchains/XcodeDefault.xctoolchain/usr/lib/clang/17/include/mmintrin.h:130:19: error: use of undeclared identifier '__builtin_ia32_packsswb'
  130 |     return (__m64)__builtin_ia32_packsswb((__v4hi)__m1, (__v4hi)__m2);
      |                   ^
/Applications/Xcode.app/Contents/Developer/Toolchains/XcodeDefault.xctoolchain/usr/lib/clang/17/include/mmintrin.h:155:19: error: use of undeclared identifier '__builtin_ia32_packssdw'
  155 |     return (__m64)__builtin_ia32_packssdw((__v2si)__m1, (__v2si)__m2);
      |                   ^
/Applications/Xcode.app/Contents/Developer/Toolchains/XcodeDefault.xctoolchain/usr/lib/clang/17/include/mmintrin.h:180:19: error: use of undeclared identifier '__builtin_ia32_packuswb'
  180 |     return (__m64)__builtin_ia32_packuswb((__v4hi)__m1, (__v4hi)__m2);
      |                   ^
/Applications/Xcode.app/Contents/Developer/Toolchains/XcodeDefault.xctoolchain/usr/lib/clang/17/include/mmintrin.h:207:19: error: use of undeclared identifier '__builtin_ia32_punpckhbw'
  207 |     return (__m64)__builtin_ia32_punpckhbw((__v8qi)__m1, (__v8qi)__m2);
      |                   ^
/Applications/Xcode.app/Contents/Developer/Toolchains/XcodeDefault.xctoolchain/usr/lib/clang/17/include/mmintrin.h:230:19: error: use of undeclared identifier '__builtin_ia32_punpckhwd'
  230 |     return (__m64)__builtin_ia32_punpckhwd((__v4hi)__m1, (__v4hi)__m2);
      |                   ^
/Applications/Xcode.app/Contents/Developer/Toolchains/XcodeDefault.xctoolchain/usr/lib/clang/17/include/mmintrin.h:251:19: error: use of undeclared identifier '__builtin_ia32_punpckhdq'
  251 |     return (__m64)__builtin_ia32_punpckhdq((__v2si)__m1, (__v2si)__m2);
      |                   ^
/Applications/Xcode.app/Contents/Developer/Toolchains/XcodeDefault.xctoolchain/usr/lib/clang/17/include/mmintrin.h:278:19: error: use of undeclared identifier '__builtin_ia32_punpcklbw'
  278 |     return (__m64)__builtin_ia32_punpcklbw((__v8qi)__m1, (__v8qi)__m2);
      |                   ^
/Applications/Xcode.app/Contents/Developer/Toolchains/XcodeDefault.xctoolchain/usr/lib/clang/17/include/mmintrin.h:301:19: error: use of undeclared identifier '__builtin_ia32_punpcklwd'
  301 |     return (__m64)__builtin_ia32_punpcklwd((__v4hi)__m1, (__v4hi)__m2);
      |                   ^
/Applications/Xcode.app/Contents/Developer/Toolchains/XcodeDefault.xctoolchain/usr/lib/clang/17/include/mmintrin.h:322:19: error: use of undeclared identifier '__builtin_ia32_punpckldq'
  322 |     return (__m64)__builtin_ia32_punpckldq((__v2si)__m1, (__v2si)__m2);
      |                   ^
/Applications/Xcode.app/Contents/Developer/Toolchains/XcodeDefault.xctoolchain/usr/lib/clang/17/include/mmintrin.h:343:19: error: use of undeclared identifier '__builtin_ia32_paddb'; did you mean '__builtin_arm_addg'?
  343 |     return (__m64)__builtin_ia32_paddb((__v8qi)__m1, (__v8qi)__m2);
      |                   ^
/Applications/Xcode.app/Contents/Developer/Toolchains/XcodeDefault.xctoolchain/usr/lib/clang/17/include/mmintrin.h:343:19: error: first argument of MTE builtin function must be a pointer ('__v8qi' (vector of 8 'char' values) invalid)
  343 |     return (__m64)__builtin_ia32_paddb((__v8qi)__m1, (__v8qi)__m2);
      |                   ^                    ~~~~~~~~~~~~
/Applications/Xcode.app/Contents/Developer/Toolchains/XcodeDefault.xctoolchain/usr/lib/clang/17/include/mmintrin.h:364:19: error: use of undeclared identifier '__builtin_ia32_paddw'; did you mean '__builtin_arm_addg'?
  364 |     return (__m64)__builtin_ia32_paddw((__v4hi)__m1, (__v4hi)__m2);
      |                   ^
/Applications/Xcode.app/Contents/Developer/Toolchains/XcodeDefault.xctoolchain/usr/lib/clang/17/include/mmintrin.h:343:19: note: '__builtin_arm_addg' declared here
  343 |     return (__m64)__builtin_ia32_paddb((__v8qi)__m1, (__v8qi)__m2);
      |                   ^
/Applications/Xcode.app/Contents/Developer/Toolchains/XcodeDefault.xctoolchain/usr/lib/clang/17/include/mmintrin.h:364:19: error: first argument of MTE builtin function must be a pointer ('__v4hi' (vector of 4 'short' values) invalid)
  364 |     return (__m64)__builtin_ia32_paddw((__v4hi)__m1, (__v4hi)__m2);
      |                   ^                    ~~~~~~~~~~~~
/Applications/Xcode.app/Contents/Developer/Toolchains/XcodeDefault.xctoolchain/usr/lib/clang/17/include/mmintrin.h:385:19: error: use of undeclared identifier '__builtin_ia32_paddd'; did you mean '__builtin_arm_addg'?
  385 |     return (__m64)__builtin_ia32_paddd((__v2si)__m1, (__v2si)__m2);
      |                   ^
/Applications/Xcode.app/Contents/Developer/Toolchains/XcodeDefault.xctoolchain/usr/lib/clang/17/include/mmintrin.h:343:19: note: '__builtin_arm_addg' declared here
  343 |     return (__m64)__builtin_ia32_paddb((__v8qi)__m1, (__v8qi)__m2);
      |                   ^
fatal error: too many errors emitted, stopping now [-ferror-limit=]
20 errors generated.
configure:4361: $? = 1
configure: failed program was:
| /* confdefs.h */
| #define PACKAGE_NAME ""
| #define PACKAGE_TARNAME ""
| #define PACKAGE_VERSION ""
| #define PACKAGE_STRING ""
| #define PACKAGE_BUGREPORT ""
| #define PACKAGE_URL ""
| #define PACKAGE "resid"
| #define VERSION "0.16vice"
| #define HAVE_STDIO_H 1
| #define HAVE_STDLIB_H 1
| #define HAVE_STRING_H 1
| #define HAVE_INTTYPES_H 1
| #define HAVE_STDINT_H 1
| #define HAVE_STRINGS_H 1
| #define HAVE_SYS_STAT_H 1
| #define HAVE_SYS_TYPES_H 1
| #define HAVE_UNISTD_H 1
| #define STDC_HEADERS 1
| #define SIZEOF_INT 4
| /* end confdefs.h.  */
| #include <mmintrin.h>
| int
| main (void)
| {
| int test;
|   ;
|   return 0;
| }
configure:4368: result: no
configure:4378: checking if -mmmx is needed to activate MMX
configure:4391: c++ -c -g -Wall -O2 -funroll-loops -fomit-frame-pointer -fno-exceptions -mmacosx-version-min=10.10 -mmmx  conftest.cpp >&5
clang++: error: unsupported option '-mmmx' for target 'arm64-apple-darwin25.3.0'
configure:4391: $? = 1
configure: failed program was:
| /* confdefs.h */
| #define PACKAGE_NAME ""
| #define PACKAGE_TARNAME ""
| #define PACKAGE_VERSION ""
| #define PACKAGE_STRING ""
| #define PACKAGE_BUGREPORT ""
| #define PACKAGE_URL ""
| #define PACKAGE "resid"
| #define VERSION "0.16vice"
| #define HAVE_STDIO_H 1
| #define HAVE_STDLIB_H 1
| #define HAVE_STRING_H 1
| #define HAVE_INTTYPES_H 1
| #define HAVE_STDINT_H 1
| #define HAVE_STRINGS_H 1
| #define HAVE_SYS_STAT_H 1
| #define HAVE_SYS_TYPES_H 1
| #define HAVE_UNISTD_H 1
| #define STDC_HEADERS 1
| #define SIZEOF_INT 4
| /* end confdefs.h.  */
| #include <mmintrin.h>
| int
| main (void)
| {
| int test;
|   ;
|   return 0;
| }
configure:4398: result: no
configure:4557: checking that generated files are newer than configure
configure:4563: result: done
configure:4586: creating ./config.status

## ---------------------- ##
## Running config.status. ##
## ---------------------- ##

This file was extended by config.status, which was
generated by GNU Autoconf 2.71.  Invocation command line was

  CONFIG_FILES    = 
  CONFIG_HEADERS  = 
  CONFIG_LINKS    = 
  CONFIG_COMMANDS = 
  $ ./config.status 

on MacBookPro

config.status:787: creating Makefile
config.status:787: creating siddtvdefs.h
config.status:959: executing depfiles commands
config.status:1036: cd .       && sed -e '/# am--include-marker/d' Makefile         | make -f - am--depfiles
config.status:1041: $? = 0

## ---------------- ##
## Cache variables. ##
## ---------------- ##

ac_cv_build=aarch64-apple-darwin25.3.0
ac_cv_cxx_bool=yes
ac_cv_cxx_compiler_gnu=yes
ac_cv_env_CCC_set=
ac_cv_env_CCC_value=
ac_cv_env_CPPFLAGS_set=
ac_cv_env_CPPFLAGS_value=
ac_cv_env_CXXFLAGS_set=
ac_cv_env_CXXFLAGS_value=
ac_cv_env_CXX_set=
ac_cv_env_CXX_value=
ac_cv_env_LDFLAGS_set=
ac_cv_env_LDFLAGS_value=
ac_cv_env_LIBS_set=
ac_cv_env_LIBS_value=
ac_cv_env_build_alias_set=
ac_cv_env_build_alias_value=
ac_cv_env_host_alias_set=
ac_cv_env_host_alias_value=
ac_cv_env_target_alias_set=
ac_cv_env_target_alias_value=
ac_cv_header_inttypes_h=yes
ac_cv_header_stdint_h=yes
ac_cv_header_stdio_h=yes
ac_cv_header_stdlib_h=yes
ac_cv_header_string_h=yes
ac_cv_header_strings_h=yes
ac_cv_header_sys_stat_h=yes
ac_cv_header_sys_types_h=yes
ac_cv_header_unistd_h=yes
ac_cv_host=aarch64-apple-darwin25.3.0
ac_cv_objext=o
ac_cv_path_install='/usr/bin/install -c'
ac_cv_prog_AR=ar
ac_cv_prog_AWK=awk
ac_cv_prog_ac_ct_CXX=c++
ac_cv_prog_ac_ct_RANLIB=ranlib
ac_cv_prog_cxx_cxx11=
ac_cv_prog_cxx_g=yes
ac_cv_prog_cxx_stdcxx=
ac_cv_prog_make_make_set=yes
ac_cv_sizeof_int=4
am_cv_CXX_dependencies_compiler_type=gcc3
am_cv_make_support_nested_variables=yes

## ----------------- ##
## Output variables. ##
## ----------------- ##

ACLOCAL='${SHELL} '\''/Users/barriesanders/.gemini/antigravity/scratch/OpenEmu_Port/vice-3.10/missing'\'' aclocal-1.16'
AMDEPBACKSLASH='\'
AMDEP_FALSE='#'
AMDEP_TRUE=''
AMTAR='$${TAR-tar}'
AM_BACKSLASH='\'
AM_DEFAULT_V='$(AM_DEFAULT_VERBOSITY)'
AM_DEFAULT_VERBOSITY='1'
AM_V='$(V)'
AR='ar'
ARFLAGS='cr'
AR_FLAGS='cr'
AUTOCONF='${SHELL} '\''/Users/barriesanders/.gemini/antigravity/scratch/OpenEmu_Port/vice-3.10/missing'\'' autoconf'
AUTOHEADER='${SHELL} '\''/Users/barriesanders/.gemini/antigravity/scratch/OpenEmu_Port/vice-3.10/missing'\'' autoheader'
AUTOMAKE='${SHELL} '\''/Users/barriesanders/.gemini/antigravity/scratch/OpenEmu_Port/vice-3.10/missing'\'' automake-1.16'
AWK='awk'
CPPFLAGS=''
CSCOPE='cscope'
CTAGS='ctags'
CXX='c++'
CXXDEPMODE='depmode=gcc3'
CXXFLAGS='-g -Wall -O2 -funroll-loops -fomit-frame-pointer -fno-exceptions -mmacosx-version-min=10.10'
CYGPATH_W='echo'
DEFS='-DPACKAGE_NAME=\"\" -DPACKAGE_TARNAME=\"\" -DPACKAGE_VERSION=\"\" -DPACKAGE_STRING=\"\" -DPACKAGE_BUGREPORT=\"\" -DPACKAGE_URL=\"\" -DPACKAGE=\"resid\" -DVERSION=\"0.16vice\" -DHAVE_STDIO_H=1 -DHAVE_STDLIB_H=1 -DHAVE_STRING_H=1 -DHAVE_INTTYPES_H=1 -DHAVE_STDINT_H=1 -DHAVE_STRINGS_H=1 -DHAVE_SYS_STAT_H=1 -DHAVE_SYS_TYPES_H=1 -DHAVE_UNISTD_H=1 -DSTDC_HEADERS=1 -DSIZEOF_INT=4'
DEPDIR='.deps'
ECHO_C='\c'
ECHO_N=''
ECHO_T=''
ETAGS='etags'
EXEEXT=''
HAVE_MMINTRIN_H='0'
INSTALL_DATA='${INSTALL} -m 644'
INSTALL_PROGRAM='${INSTALL}'
INSTALL_SCRIPT='${INSTALL}'
INSTALL_STRIP_PROGRAM='$(install_sh) -c -s'
LDFLAGS=' -mmacosx-version-min=10.10'
LIBOBJS=''
LIBS=''
LTLIBOBJS=''
MAKEINFO='${SHELL} '\''/Users/barriesanders/.gemini/antigravity/scratch/OpenEmu_Port/vice-3.10/missing'\'' makeinfo'
MKDIR_P='./../../install-sh -c -d'
OBJEXT='o'
PACKAGE='resid'
PACKAGE_BUGREPORT=''
PACKAGE_NAME=''
PACKAGE_STRING=''
PACKAGE_TARNAME=''
PACKAGE_URL=''
PACKAGE_VERSION=''
PATH_SEPARATOR=':'
RANLIB='ranlib'
RESID_HAVE_BOOL='1'
RESID_INLINE='inline'
RESID_INLINING='1'
SET_MAKE=''
SHELL='/bin/sh'
STRIP=''
VERSION='0.16vice'
ac_ct_CXX='c++'
am__EXEEXT_FALSE=''
am__EXEEXT_TRUE='#'
am__fastdepCXX_FALSE='#'
am__fastdepCXX_TRUE=''
am__include='include'
am__isrc=''
am__leading_dot='.'
am__nodep='_no'
am__quote=''
am__tar='$${TAR-tar} chof - "$$tardir"'
am__untar='$${TAR-tar} xf -'
bindir='${exec_prefix}/bin'
build='aarch64-apple-darwin25.3.0'
build_alias=''
build_cpu='aarch64'
build_os='darwin25.3.0'
build_vendor='apple'
datadir='${datarootdir}'
datarootdir='${prefix}/share'
docdir='${datarootdir}/doc/${PACKAGE}'
dvidir='${docdir}'
exec_prefix='${prefix}'
host='aarch64-apple-darwin25.3.0'
host_alias=''
host_cpu='aarch64'
host_os='darwin25.3.0'
host_vendor='apple'
htmldir='${docdir}'
includedir='${prefix}/include'
infodir='${datarootdir}/info'
install_sh='${SHELL} /Users/barriesanders/.gemini/antigravity/scratch/OpenEmu_Port/vice-3.10/install-sh'
libdir='${exec_prefix}/lib'
libexecdir='${exec_prefix}/libexec'
localedir='${datarootdir}/locale'
localstatedir='${prefix}/var'
mandir='${datarootdir}/man'
mkdir_p='$(MKDIR_P)'
oldincludedir='/usr/include'
pdfdir='${docdir}'
prefix='/usr/local'
program_transform_name='s,x,x,'
psdir='${docdir}'
runstatedir='${localstatedir}/run'
sbindir='${exec_prefix}/sbin'
sharedstatedir='${prefix}/com'
sysconfdir='${prefix}/etc'
target_alias=''

## ----------- ##
## confdefs.h. ##
## ----------- ##

/* confdefs.h */
#define PACKAGE_NAME ""
#define PACKAGE_TARNAME ""
#define PACKAGE_VERSION ""
#define PACKAGE_STRING ""
#define PACKAGE_BUGREPORT ""
#define PACKAGE_URL ""
#define PACKAGE "resid"
#define VERSION "0.16vice"
#define HAVE_STDIO_H 1
#define HAVE_STDLIB_H 1
#define HAVE_STRING_H 1
#define HAVE_INTTYPES_H 1
#define HAVE_STDINT_H 1
#define HAVE_STRINGS_H 1
#define HAVE_SYS_STAT_H 1
#define HAVE_SYS_TYPES_H 1
#define HAVE_UNISTD_H 1
#define STDC_HEADERS 1
#define SIZEOF_INT 4

configure: exit 0
