Command line invocation:
    /Applications/Xcode.app/Contents/Developer/usr/bin/xcodebuild -project BSNES.xcodeproj -scheme BSNES -arch arm64 build

Build settings from command line:
    ARCHS = arm64

2026-01-27 21:32:39.138 xcodebuild[2542:1394111] [MT] IDERunDestination: Supported platforms for the buildables in the current scheme is empty.
--- xcodebuild: WARNING: Using the first of multiple matching destinations:
{ platform:macOS, arch:arm64, id:00006001-001A50163A02801E, name:My Mac }
{ platform:macOS, arch:x86_64, id:00006001-001A50163A02801E, name:My Mac }
{ platform:macOS, name:Any Mac }
ComputePackagePrebuildTargetDependencyGraph

Prepare packages

CreateBuildRequest

SendProjectDescription

CreateBuildOperation

ComputeTargetDependencyGraph
note: Building targets in dependency order
note: Target dependency graph (1 target)
    Target 'BSNES' in project 'BSNES' (no dependencies)

GatherProvisioningInputs

CreateBuildDescription

ClangStatCache /Applications/Xcode.app/Contents/Developer/Toolchains/XcodeDefault.xctoolchain/usr/bin/clang-stat-cache /Applications/Xcode.app/Contents/Developer/Platforms/MacOSX.platform/Developer/SDKs/MacOSX26.2.sdk /Users/barriesanders/Library/Developer/Xcode/DerivedData/SDKStatCaches.noindex/macosx26.2-25C57-3885c01c3e6b6a337905948deab2002e00fa09913b459cbbc988d1f6730289ae.sdkstatcache
    cd /Users/barriesanders/.gemini/antigravity/scratch/OpenEmu_Port/BSNES/BSNES.xcodeproj
    /Applications/Xcode.app/Contents/Developer/Toolchains/XcodeDefault.xctoolchain/usr/bin/clang-stat-cache /Applications/Xcode.app/Contents/Developer/Platforms/MacOSX.platform/Developer/SDKs/MacOSX26.2.sdk -o /Users/barriesanders/Library/Developer/Xcode/DerivedData/SDKStatCaches.noindex/macosx26.2-25C57-3885c01c3e6b6a337905948deab2002e00fa09913b459cbbc988d1f6730289ae.sdkstatcache

CompileC /Users/barriesanders/Library/Developer/Xcode/DerivedData/BSNES-ctmtzphmbkzmsibpffiarmkztbui/Build/Intermediates.noindex/BSNES.build/Debug/BSNES.build/Objects-normal/arm64/coprocessor.o /Users/barriesanders/.gemini/antigravity/scratch/OpenEmu_Port/BSNES/bsnes/bsnes/sfc/coprocessor/coprocessor.cpp normal arm64 c++ com.apple.compilers.llvm.clang.1_0.compiler (in target 'BSNES' from project 'BSNES')
    cd /Users/barriesanders/.gemini/antigravity/scratch/OpenEmu_Port/BSNES
    
    Using response file: /Users/barriesanders/Library/Developer/Xcode/DerivedData/BSNES-ctmtzphmbkzmsibpffiarmkztbui/Build/Intermediates.noindex/BSNES.build/Debug/BSNES.build/Objects-normal/arm64/82b82416624d2658e5098eb0a28c15c5-common-args.resp
    
    /Applications/Xcode.app/Contents/Developer/Toolchains/XcodeDefault.xctoolchain/usr/bin/clang -x c++ -ivfsstatcache /Users/barriesanders/Library/Developer/Xcode/DerivedData/SDKStatCaches.noindex/macosx26.2-25C57-3885c01c3e6b6a337905948deab2002e00fa09913b459cbbc988d1f6730289ae.sdkstatcache -fmessage-length\=0 -fdiagnostics-show-note-include-stack -fmacro-backtrace-limit\=0 -fno-color-diagnostics -fmodules-prune-interval\=86400 -fmodules-prune-after\=345600 -fbuild-session-file\=/Users/barriesanders/Library/Developer/Xcode/DerivedData/ModuleCache.noindex/Session.modulevalidation -fmodules-validate-once-per-build-session -Wnon-modular-include-in-framework-module -Werror\=non-modular-include-in-framework-module -Wno-trigraphs -Wno-missing-field-initializers -Wno-missing-prototypes -Wunreachable-code -Wno-non-virtual-dtor -Wno-overloaded-virtual -Wno-exit-time-destructors -Wno-missing-braces -Wparentheses -Wswitch -Wunused-function -Wno-unused-label -Wno-unused-parameter -Wno-unused-variable -Wunused-value -Wempty-body -Wuninitialized -Wno-unknown-pragmas -Wno-shadow -Wno-four-char-constants -Wno-conversion -Wconstant-conversion -Wint-conversion -Wbool-conversion -Wenum-conversion -Wno-float-conversion -Wnon-literal-null-conversion -Wobjc-literal-conversion -Wshorten-64-to-32 -Wno-newline-eof -Wno-c++11-extensions -Wno-implicit-fallthrough -fstrict-aliasing -Wdeprecated-declarations -Winvalid-offsetof -Wno-sign-conversion -Winfinite-recursion -Wmove -Wcomma -Wblock-capture-autoreleasing -Wstrict-prototypes -Wrange-loop-analysis -Wno-semicolon-before-method-body -index-store-path /Users/barriesanders/Library/Developer/Xcode/DerivedData/BSNES-ctmtzphmbkzmsibpffiarmkztbui/Index.noindex/DataStore @/Users/barriesanders/Library/Developer/Xcode/DerivedData/BSNES-ctmtzphmbkzmsibpffiarmkztbui/Build/Intermediates.noindex/BSNES.build/Debug/BSNES.build/Objects-normal/arm64/82b82416624d2658e5098eb0a28c15c5-common-args.resp -MMD -MT dependencies -MF /Users/barriesanders/Library/Developer/Xcode/DerivedData/BSNES-ctmtzphmbkzmsibpffiarmkztbui/Build/Intermediates.noindex/BSNES.build/Debug/BSNES.build/Objects-normal/arm64/coprocessor.d --serialize-diagnostics /Users/barriesanders/Library/Developer/Xcode/DerivedData/BSNES-ctmtzphmbkzmsibpffiarmkztbui/Build/Intermediates.noindex/BSNES.build/Debug/BSNES.build/Objects-normal/arm64/coprocessor.dia -c /Users/barriesanders/.gemini/antigravity/scratch/OpenEmu_Port/BSNES/bsnes/bsnes/sfc/coprocessor/coprocessor.cpp -o /Users/barriesanders/Library/Developer/Xcode/DerivedData/BSNES-ctmtzphmbkzmsibpffiarmkztbui/Build/Intermediates.noindex/BSNES.build/Debug/BSNES.build/Objects-normal/arm64/coprocessor.o -index-unit-output-path /BSNES.build/Debug/BSNES.build/Objects-normal/arm64/coprocessor.o

CompileC /Users/barriesanders/Library/Developer/Xcode/DerivedData/BSNES-ctmtzphmbkzmsibpffiarmkztbui/Build/Intermediates.noindex/BSNES.build/Debug/BSNES.build/Objects-normal/arm64/cartridge.o /Users/barriesanders/.gemini/antigravity/scratch/OpenEmu_Port/BSNES/bsnes/bsnes/sfc/cartridge/cartridge.cpp normal arm64 c++ com.apple.compilers.llvm.clang.1_0.compiler (in target 'BSNES' from project 'BSNES')
    cd /Users/barriesanders/.gemini/antigravity/scratch/OpenEmu_Port/BSNES
    
    Using response file: /Users/barriesanders/Library/Developer/Xcode/DerivedData/BSNES-ctmtzphmbkzmsibpffiarmkztbui/Build/Intermediates.noindex/BSNES.build/Debug/BSNES.build/Objects-normal/arm64/82b82416624d2658e5098eb0a28c15c5-common-args.resp
    
    /Applications/Xcode.app/Contents/Developer/Toolchains/XcodeDefault.xctoolchain/usr/bin/clang -x c++ -ivfsstatcache /Users/barriesanders/Library/Developer/Xcode/DerivedData/SDKStatCaches.noindex/macosx26.2-25C57-3885c01c3e6b6a337905948deab2002e00fa09913b459cbbc988d1f6730289ae.sdkstatcache -fmessage-length\=0 -fdiagnostics-show-note-include-stack -fmacro-backtrace-limit\=0 -fno-color-diagnostics -fmodules-prune-interval\=86400 -fmodules-prune-after\=345600 -fbuild-session-file\=/Users/barriesanders/Library/Developer/Xcode/DerivedData/ModuleCache.noindex/Session.modulevalidation -fmodules-validate-once-per-build-session -Wnon-modular-include-in-framework-module -Werror\=non-modular-include-in-framework-module -Wno-trigraphs -Wno-missing-field-initializers -Wno-missing-prototypes -Wunreachable-code -Wno-non-virtual-dtor -Wno-overloaded-virtual -Wno-exit-time-destructors -Wno-missing-braces -Wparentheses -Wswitch -Wunused-function -Wno-unused-label -Wno-unused-parameter -Wno-unused-variable -Wunused-value -Wempty-body -Wuninitialized -Wno-unknown-pragmas -Wno-shadow -Wno-four-char-constants -Wno-conversion -Wconstant-conversion -Wint-conversion -Wbool-conversion -Wenum-conversion -Wno-float-conversion -Wnon-literal-null-conversion -Wobjc-literal-conversion -Wshorten-64-to-32 -Wno-newline-eof -Wno-c++11-extensions -Wno-implicit-fallthrough -fstrict-aliasing -Wdeprecated-declarations -Winvalid-offsetof -Wno-sign-conversion -Winfinite-recursion -Wmove -Wcomma -Wblock-capture-autoreleasing -Wstrict-prototypes -Wrange-loop-analysis -Wno-semicolon-before-method-body -index-store-path /Users/barriesanders/Library/Developer/Xcode/DerivedData/BSNES-ctmtzphmbkzmsibpffiarmkztbui/Index.noindex/DataStore @/Users/barriesanders/Library/Developer/Xcode/DerivedData/BSNES-ctmtzphmbkzmsibpffiarmkztbui/Build/Intermediates.noindex/BSNES.build/Debug/BSNES.build/Objects-normal/arm64/82b82416624d2658e5098eb0a28c15c5-common-args.resp -MMD -MT dependencies -MF /Users/barriesanders/Library/Developer/Xcode/DerivedData/BSNES-ctmtzphmbkzmsibpffiarmkztbui/Build/Intermediates.noindex/BSNES.build/Debug/BSNES.build/Objects-normal/arm64/cartridge.d --serialize-diagnostics /Users/barriesanders/Library/Developer/Xcode/DerivedData/BSNES-ctmtzphmbkzmsibpffiarmkztbui/Build/Intermediates.noindex/BSNES.build/Debug/BSNES.build/Objects-normal/arm64/cartridge.dia -c /Users/barriesanders/.gemini/antigravity/scratch/OpenEmu_Port/BSNES/bsnes/bsnes/sfc/cartridge/cartridge.cpp -o /Users/barriesanders/Library/Developer/Xcode/DerivedData/BSNES-ctmtzphmbkzmsibpffiarmkztbui/Build/Intermediates.noindex/BSNES.build/Debug/BSNES.build/Objects-normal/arm64/cartridge.o -index-unit-output-path /BSNES.build/Debug/BSNES.build/Objects-normal/arm64/cartridge.o
In file included from /Users/barriesanders/.gemini/antigravity/scratch/OpenEmu_Port/BSNES/bsnes/bsnes/sfc/cartridge/cartridge.cpp:5:
/Users/barriesanders/.gemini/antigravity/scratch/OpenEmu_Port/BSNES/bsnes/bsnes/sfc/cartridge/load.cpp:78:30: warning: implicit conversion loses integer precision: 'utype' (aka 'unsigned long long') to 'uint' (aka 'unsigned int') [-Wshorten-64-to-32]
   78 |     bsmemory.memory.allocate(memory.size);
      |                     ~~~~~~~~ ^~~~~~~~~~~
/Users/barriesanders/.gemini/antigravity/scratch/OpenEmu_Port/BSNES/bsnes/bsnes/sfc/cartridge/load.cpp:87:31: warning: implicit conversion loses integer precision: 'utype' (aka 'unsigned long long') to 'uint' (aka 'unsigned int') [-Wshorten-64-to-32]
   87 |     sufamiturboA.rom.allocate(memory.size);
      |                      ~~~~~~~~ ^~~~~~~~~~~
/Users/barriesanders/.gemini/antigravity/scratch/OpenEmu_Port/BSNES/bsnes/bsnes/sfc/cartridge/load.cpp:94:31: warning: implicit conversion loses integer precision: 'utype' (aka 'unsigned long long') to 'uint' (aka 'unsigned int') [-Wshorten-64-to-32]
   94 |     sufamiturboA.ram.allocate(memory.size);
      |                      ~~~~~~~~ ^~~~~~~~~~~
/Users/barriesanders/.gemini/antigravity/scratch/OpenEmu_Port/BSNES/bsnes/bsnes/sfc/cartridge/load.cpp:103:31: warning: implicit conversion loses integer precision: 'utype' (aka 'unsigned long long') to 'uint' (aka 'unsigned int') [-Wshorten-64-to-32]
  103 |     sufamiturboB.rom.allocate(memory.size);
      |                      ~~~~~~~~ ^~~~~~~~~~~
/Users/barriesanders/.gemini/antigravity/scratch/OpenEmu_Port/BSNES/bsnes/bsnes/sfc/cartridge/load.cpp:110:31: warning: implicit conversion loses integer precision: 'utype' (aka 'unsigned long long') to 'uint' (aka 'unsigned int') [-Wshorten-64-to-32]
  110 |     sufamiturboB.ram.allocate(memory.size);
      |                      ~~~~~~~~ ^~~~~~~~~~~
/Users/barriesanders/.gemini/antigravity/scratch/OpenEmu_Port/BSNES/bsnes/bsnes/sfc/cartridge/load.cpp:121:18: warning: implicit conversion loses integer precision: 'utype' (aka 'unsigned long long') to 'uint' (aka 'unsigned int') [-Wshorten-64-to-32]
  121 |     ram.allocate(memory->size);
      |         ~~~~~~~~ ^~~~~~~~~~~~
/Users/barriesanders/.gemini/antigravity/scratch/OpenEmu_Port/BSNES/bsnes/bsnes/sfc/cartridge/load.cpp:150:52: warning: implicit conversion loses integer precision: 'uint64_t' (aka 'unsigned long long') to 'uint' (aka 'unsigned int') [-Wshorten-64-to-32]
  150 |   return bus.map(reader, writer, addr, size, base, mask);
      |              ~~~                                   ^~~~
/Users/barriesanders/.gemini/antigravity/scratch/OpenEmu_Port/BSNES/bsnes/bsnes/sfc/cartridge/load.cpp:150:46: warning: implicit conversion loses integer precision: 'uint64_t' (aka 'unsigned long long') to 'uint' (aka 'unsigned int') [-Wshorten-64-to-32]
  150 |   return bus.map(reader, writer, addr, size, base, mask);
      |              ~~~                             ^~~~
/Users/barriesanders/.gemini/antigravity/scratch/OpenEmu_Port/BSNES/bsnes/bsnes/sfc/cartridge/load.cpp:150:40: warning: implicit conversion loses integer precision: 'uint64_t' (aka 'unsigned long long') to 'uint' (aka 'unsigned int') [-Wshorten-64-to-32]
  150 |   return bus.map(reader, writer, addr, size, base, mask);
      |              ~~~                       ^~~~
/Users/barriesanders/.gemini/antigravity/scratch/OpenEmu_Port/BSNES/bsnes/bsnes/sfc/cartridge/load.cpp:170:35: warning: implicit conversion loses integer precision: 'uint64_t' (aka 'unsigned long long') to 'uint' (aka 'unsigned int') [-Wshorten-64-to-32]
  170 |   icd.Revision = node["revision"].natural();
      |                ~ ~~~~~~~~~~~~~~~~~^~~~~~~~~
/Users/barriesanders/.gemini/antigravity/scratch/OpenEmu_Port/BSNES/bsnes/bsnes/sfc/cartridge/load.cpp:172:21: warning: implicit conversion loses integer precision: 'utype' (aka 'unsigned long long') to 'uint' (aka 'unsigned int') [-Wshorten-64-to-32]
  172 |     icd.Frequency = oscillator->frequency;
      |                   ~ ^~~~~~~~~~~~~~~~~~~~~
/Users/barriesanders/.gemini/antigravity/scratch/OpenEmu_Port/BSNES/bsnes/bsnes/sfc/cartridge/load.cpp:337:25: warning: implicit conversion loses integer precision: 'utype' (aka 'unsigned long long') to 'uint' (aka 'unsigned int') [-Wshorten-64-to-32]
  337 |     superfx.Frequency = oscillator->frequency;  //GSU-1, GSU-2
      |                       ~ ^~~~~~~~~~~~~~~~~~~~~
/Users/barriesanders/.gemini/antigravity/scratch/OpenEmu_Port/BSNES/bsnes/bsnes/sfc/cartridge/load.cpp:370:24: warning: implicit conversion loses integer precision: 'utype' (aka 'unsigned long long') to 'uint' (aka 'unsigned int') [-Wshorten-64-to-32]
  370 |     armdsp.Frequency = oscillator->frequency;
      |                      ~ ^~~~~~~~~~~~~~~~~~~~~
/Users/barriesanders/.gemini/antigravity/scratch/OpenEmu_Port/BSNES/bsnes/bsnes/sfc/cartridge/load.cpp:410:28: warning: implicit conversion loses integer precision: 'utype' (aka 'unsigned long long') to 'uint' (aka 'unsigned int') [-Wshorten-64-to-32]
  410 |     hitachidsp.Frequency = oscillator->frequency;
      |                          ~ ^~~~~~~~~~~~~~~~~~~~~
/Users/barriesanders/.gemini/antigravity/scratch/OpenEmu_Port/BSNES/bsnes/bsnes/sfc/cartridge/load.cpp:483:24: warning: implicit conversion loses integer precision: 'utype' (aka 'unsigned long long') to 'uint' (aka 'unsigned int') [-Wshorten-64-to-32]
  483 |     necdsp.Frequency = oscillator->frequency;
      |                      ~ ^~~~~~~~~~~~~~~~~~~~~
/Users/barriesanders/.gemini/antigravity/scratch/OpenEmu_Port/BSNES/bsnes/bsnes/sfc/cartridge/load.cpp:563:24: warning: implicit conversion loses integer precision: 'utype' (aka 'unsigned long long') to 'uint' (aka 'unsigned int') [-Wshorten-64-to-32]
  563 |     necdsp.Frequency = oscillator->frequency;
      |                      ~ ^~~~~~~~~~~~~~~~~~~~~
/Users/barriesanders/.gemini/antigravity/scratch/OpenEmu_Port/BSNES/bsnes/bsnes/sfc/cartridge/load.cpp:138:79: warning: implicit conversion loses integer precision: 'uint64_t' (aka 'unsigned long long') to 'uint' (aka 'unsigned int') [-Wshorten-64-to-32]
  138 |   return bus.map({&T::read, &memory}, {&T::write, &memory}, addr, size, base, mask);
      |              ~~~                                                              ^~~~
/Users/barriesanders/.gemini/antigravity/scratch/OpenEmu_Port/BSNES/bsnes/bsnes/sfc/cartridge/load.cpp:156:37: note: in instantiation of function template specialization 'SuperFamicom::Cartridge::loadMap<SuperFamicom::ReadableMemory>' requested here
  156 |   for(auto leaf : node.find("map")) loadMap(leaf, rom);
      |                                     ^
/Users/barriesanders/.gemini/antigravity/scratch/OpenEmu_Port/BSNES/bsnes/bsnes/sfc/cartridge/load.cpp:138:73: warning: implicit conversion loses integer precision: 'uint64_t' (aka 'unsigned long long') to 'uint' (aka 'unsigned int') [-Wshorten-64-to-32]
  138 |   return bus.map({&T::read, &memory}, {&T::write, &memory}, addr, size, base, mask);
      |              ~~~                                                        ^~~~
/Users/barriesanders/.gemini/antigravity/scratch/OpenEmu_Port/BSNES/bsnes/bsnes/sfc/cartridge/load.cpp:138:67: warning: implicit conversion loses integer precision: 'uint64_t' (aka 'unsigned long long') to 'uint' (aka 'unsigned int') [-Wshorten-64-to-32]
  138 |   return bus.map({&T::read, &memory}, {&T::write, &memory}, addr, size, base, mask);
      |              ~~~                                                  ^~~~
/Users/barriesanders/.gemini/antigravity/scratch/OpenEmu_Port/BSNES/bsnes/bsnes/sfc/cartridge/load.cpp:138:79: warning: implicit conversion loses integer precision: 'uint64_t' (aka 'unsigned long long') to 'uint' (aka 'unsigned int') [-Wshorten-64-to-32]
  138 |   return bus.map({&T::read, &memory}, {&T::write, &memory}, addr, size, base, mask);
      |              ~~~                                                              ^~~~
/Users/barriesanders/.gemini/antigravity/scratch/OpenEmu_Port/BSNES/bsnes/bsnes/sfc/cartridge/load.cpp:162:37: note: in instantiation of function template specialization 'SuperFamicom::Cartridge::loadMap<SuperFamicom::WritableMemory>' requested here
  162 |   for(auto leaf : node.find("map")) loadMap(leaf, ram);
      |                                     ^
/Users/barriesanders/.gemini/antigravity/scratch/OpenEmu_Port/BSNES/bsnes/bsnes/sfc/cartridge/load.cpp:138:73: warning: implicit conversion loses integer precision: 'uint64_t' (aka 'unsigned long long') to 'uint' (aka 'unsigned int') [-Wshorten-64-to-32]
  138 |   return bus.map({&T::read, &memory}, {&T::write, &memory}, addr, size, base, mask);
      |              ~~~                                                        ^~~~
/Users/barriesanders/.gemini/antigravity/scratch/OpenEmu_Port/BSNES/bsnes/bsnes/sfc/cartridge/load.cpp:138:67: warning: implicit conversion loses integer precision: 'uint64_t' (aka 'unsigned long long') to 'uint' (aka 'unsigned int') [-Wshorten-64-to-32]
  138 |   return bus.map({&T::read, &memory}, {&T::write, &memory}, addr, size, base, mask);
      |              ~~~                                                  ^~~~
/Users/barriesanders/.gemini/antigravity/scratch/OpenEmu_Port/BSNES/bsnes/bsnes/sfc/cartridge/load.cpp:138:79: warning: implicit conversion loses integer precision: 'uint64_t' (aka 'unsigned long long') to 'uint' (aka 'unsigned int') [-Wshorten-64-to-32]
  138 |   return bus.map({&T::read, &memory}, {&T::write, &memory}, addr, size, base, mask);
      |              ~~~                                                              ^~~~
/Users/barriesanders/.gemini/antigravity/scratch/OpenEmu_Port/BSNES/bsnes/bsnes/sfc/cartridge/load.cpp:216:7: note: in instantiation of function template specialization 'SuperFamicom::Cartridge::loadMap<SuperFamicom::BSMemory>' requested here
  216 |       loadMap(map, bsmemory);
      |       ^
/Users/barriesanders/.gemini/antigravity/scratch/OpenEmu_Port/BSNES/bsnes/bsnes/sfc/cartridge/load.cpp:138:73: warning: implicit conversion loses integer precision: 'uint64_t' (aka 'unsigned long long') to 'uint' (aka 'unsigned int') [-Wshorten-64-to-32]
  138 |   return bus.map({&T
::read, &memory}, {&T::write, &memory}, addr, size, base, mask);
      |              ~~~                                                        ^~~~
/Users/barriesanders/.gemini/antigravity/scratch/OpenEmu_Port/BSNES/bsnes/bsnes/sfc/cartridge/load.cpp:138:67: warning: implicit conversion loses integer precision: 'uint64_t' (aka 'unsigned long long') to 'uint' (aka 'unsigned int') [-Wshorten-64-to-32]
  138 |   return bus.map({&T::read, &memory}, {&T::write, &memory}, addr, size, base, mask);
      |              ~~~                                                  ^~~~
/Users/barriesanders/.gemini/antigravity/scratch/OpenEmu_Port/BSNES/bsnes/bsnes/sfc/cartridge/load.cpp:138:79: warning: implicit conversion loses integer precision: 'uint64_t' (aka 'unsigned long long') to 'uint' (aka 'unsigned int') [-Wshorten-64-to-32]
  138 |   return bus.map({&T::read, &memory}, {&T::write, &memory}, addr, size, base, mask);
      |              ~~~                                                              ^~~~
/Users/barriesanders/.gemini/antigravity/scratch/OpenEmu_Port/BSNES/bsnes/bsnes/sfc/cartridge/load.cpp:349:7: note: in instantiation of function template specialization 'SuperFamicom::Cartridge::loadMap<SuperFamicom::SuperFX::CPUROM>' requested here
  349 |       loadMap(map, superfx.cpurom);
      |       ^
/Users/barriesanders/.gemini/antigravity/scratch/OpenEmu_Port/BSNES/bsnes/bsnes/sfc/cartridge/load.cpp:138:73: warning: implicit conversion loses integer precision: 'uint64_t' (aka 'unsigned long long') to 'uint' (aka 'unsigned int') [-Wshorten-64-to-32]
  138 |   return bus.map({&T::read, &memory}, {&T::write, &memory}, addr, size, base, mask);
      |              ~~~                                                        ^~~~
/Users/barriesanders/.gemini/antigravity/scratch/OpenEmu_Port/BSNES/bsnes/bsnes/sfc/cartridge/load.cpp:138:67: warning: implicit conversion loses integer precision: 'uint64_t' (aka 'unsigned long long') to 'uint' (aka 'unsigned int') [-Wshorten-64-to-32]
  138 |   return bus.map({&T::read, &memory}, {&T::write, &memory}, addr, size, base, mask);
      |              ~~~                                                  ^~~~
/Users/barriesanders/.gemini/antigravity/scratch/OpenEmu_Port/BSNES/bsnes/bsnes/sfc/cartridge/load.cpp:138:79: warning: implicit conversion loses integer precision: 'uint64_t' (aka 'unsigned long long') to 'uint' (aka 'unsigned int') [-Wshorten-64-to-32]
  138 |   return bus.map({&T::read, &memory}, {&T::write, &memory}, addr, size, base, mask);
      |              ~~~                                                              ^~~~
/Users/barriesanders/.gemini/antigravity/scratch/OpenEmu_Port/BSNES/bsnes/bsnes/sfc/cartridge/load.cpp:356:7: note: in instantiation of function template specialization 'SuperFamicom::Cartridge::loadMap<SuperFamicom::SuperFX::CPURAM>' requested here
  356 |       loadMap(map, superfx.cpuram);
      |       ^
/Users/barriesanders/.gemini/antigravity/scratch/OpenEmu_Port/BSNES/bsnes/bsnes/sfc/cartridge/load.cpp:138:73: warning: implicit conversion loses integer precision: 'uint64_t' (aka 'unsigned long long') to 'uint' (aka 'unsigned int') [-Wshorten-64-to-32]
  138 |   return bus.map({&T::read, &memory}, {&T::write, &memory}, addr, size, base, mask);
      |              ~~~                                                        ^~~~
/Users/barriesanders/.gemini/antigravity/scratch/OpenEmu_Port/BSNES/bsnes/bsnes/sfc/cartridge/load.cpp:138:67: warning: implicit conversion loses integer precision: 'uint64_t' (aka 'unsigned long long') to 'uint' (aka 'unsigned int') [-Wshorten-64-to-32]
  138 |   return bus.map({&T::read, &memory}, {&T::write, &memory}, addr, size, base, mask);
      |              ~~~                                                  ^~~~

CompileC /Users/barriesanders/Library/Developer/Xcode/DerivedData/BSNES-ctmtzphmbkzmsibpffiarmkztbui/Build/Intermediates.noindex/BSNES.build/Debug/BSNES.build/Objects-normal/arm64/arm7tdmi.o /Users/barriesanders/.gemini/antigravity/scratch/OpenEmu_Port/BSNES/bsnes/bsnes/processor/arm7tdmi/arm7tdmi.cpp normal arm64 c++ com.apple.compilers.llvm.clang.1_0.compiler (in target 'BSNES' from project 'BSNES')
    cd /Users/barriesanders/.gemini/antigravity/scratch/OpenEmu_Port/BSNES
    
    Using response file: /Users/barriesanders/Library/Developer/Xcode/DerivedData/BSNES-ctmtzphmbkzmsibpffiarmkztbui/Build/Intermediates.noindex/BSNES.build/Debug/BSNES.build/Objects-normal/arm64/82b82416624d2658e5098eb0a28c15c5-common-args.resp
    
    /Applications/Xcode.app/Contents/Developer/Toolchains/XcodeDefault.xctoolchain/usr/bin/clang -x c++ -ivfsstatcache /Users/barriesanders/Library/Developer/Xcode/DerivedData/SDKStatCaches.noindex/macosx26.2-25C57-3885c01c3e6b6a337905948deab2002e00fa09913b459cbbc988d1f6730289ae.sdkstatcache -fmessage-length\=0 -fdiagnostics-show-note-include-stack -fmacro-backtrace-limit\=0 -fno-color-diagnostics -fmodules-prune-interval\=86400 -fmodules-prune-after\=345600 -fbuild-session-file\=/Users/barriesanders/Library/Developer/Xcode/DerivedData/ModuleCache.noindex/Session.modulevalidation -fmodules-validate-once-per-build-session -Wnon-modular-include-in-framework-module -Werror\=non-modular-include-in-framework-module -Wno-trigraphs -Wno-missing-field-initializers -Wno-missing-prototypes -Wunreachable-code -Wno-non-virtual-dtor -Wno-overloaded-virtual -Wno-exit-time-destructors -Wno-missing-braces -Wparentheses -Wswitch -Wunused-function -Wno-unused-label -Wno-unused-parameter -Wno-unused-variable -Wunused-value -Wempty-body -Wuninitialized -Wno-unknown-pragmas -Wno-shadow -Wno-four-char-constants -Wno-conversion -Wconstant-conversion -Wint-conversion -Wbool-conversion -Wenum-conversion -Wno-float-conversion -Wnon-literal-null-conversion -Wobjc-literal-conversion -Wshorten-64-to-32 -Wno-newline-eof -Wno-c++11-extensions -Wno-implicit-fallthrough -fstrict-aliasing -Wdeprecated-declarations -Winvalid-offsetof -Wno-sign-conversion -Winfinite-recursion -Wmove -Wcomma -Wblock-capture-autoreleasing -Wstrict-prototypes -Wrange-loop-analysis -Wno-semicolon-before-method-body -index-store-path /Users/barriesanders/Library/Developer/Xcode/DerivedData/BSNES-ctmtzphmbkzmsibpffiarmkztbui/Index.noindex/DataStore @/Users/barriesanders/Library/Developer/Xcode/DerivedData/BSNES-ctmtzphmbkzmsibpffiarmkztbui/Build/Intermediates.noindex/BSNES.build/Debug/BSNES.build/Objects-normal/arm64/82b82416624d2658e5098eb0a28c15c5-common-args.resp -MMD -MT dependencies -MF /Users/barriesanders/Library/Developer/Xcode/DerivedData/BSNES-ctmtzphmbkzmsibpffiarmkztbui/Build/Intermediates.noindex/BSNES.build/Debug/BSNES.build/Objects-normal/arm64/arm7tdmi.d --serialize-diagnostics /Users/barriesanders/Library/Developer/Xcode/DerivedData/BSNES-ctmtzphmbkzmsibpffiarmkztbui/Build/Intermediates.noindex/BSNES.build/Debug/BSNES.build/Objects-normal/arm64/arm7tdmi.dia -c /Users/barriesanders/.gemini/antigravity/scratch/OpenEmu_Port/BSNES/bsnes/bsnes/processor/arm7tdmi/arm7tdmi.cpp -o /Users/barriesanders/Library/Developer/Xcode/DerivedData/BSNES-ctmtzphmbkzmsibpffiarmkztbui/Build/Intermediates.noindex/BSNES.build/Debug/BSNES.build/Objects-normal/arm64/arm7tdmi.o -index-unit-output-path /BSNES.build/Debug/BSNES.build/Objects-normal/arm64/arm7tdmi.o
In file included from /Users/barriesanders/.gemini/antigravity/scratch/OpenEmu_Port/BSNES/bsnes/bsnes/processor/arm7tdmi/arm7tdmi.cpp:10:
/Users/barriesanders/.gemini/antigravity/scratch/OpenEmu_Port/BSNES/bsnes/bsnes/processor/arm7tdmi/instructions-arm.cpp:201:14: warning: implicit conversion loses integer precision: 'int64_t' (aka 'long long') to 'uint' (aka 'unsigned int') [-Wshorten-64-to-32]
  201 |   for(uint m : range(16)) {
      |            ~ ^
/Users/barriesanders/.gemini/antigravity/scratch/OpenEmu_Port/BSNES/bsnes/bsnes/processor/arm7tdmi/instructions-arm.cpp:298:13: warning: implicit conversion loses integer precision: 'uint64' (aka 'unsigned long long') to 'uint32' (aka 'unsigned int') [-Wshorten-64-to-32]
  298 |   r(l) = rd >>  0;
      |        ~ ~~~^~~~~
In file included from /Users/barriesanders/.gemini/antigravity/scratch/OpenEmu_Port/BSNES/bsnes/bsnes/processor/arm7tdmi/arm7tdmi.cpp:11:
/Users/barriesanders/.gemini/antigravity/scratch/OpenEmu_Port/BSNES/bsnes/bsnes/processor/arm7tdmi/instructions-thumb.cpp:129:14: warning: implicit conversion loses integer precision: 'int64_t' (aka 'long long') to 'uint' (aka 'unsigned int') [-Wshorten-64-to-32]
  129 |   for(uint m : range(8)) {
      |            ~ ^
/Users/barriesanders/.gemini/antigravity/scratch/OpenEmu_Port/BSNES/bsnes/bsnes/processor/arm7tdmi/instructions-thumb.cpp:195:14: warning: implicit conversion loses integer precision: 'int64_t' (aka 'long long') to 'uint' (aka 'unsigned int') [-Wshorten-64-to-32]
  195 |   for(uint m : range(8)) {
      |            ~ ^
In file included from /Users/barriesanders/.gemini/antigravity/scratch/OpenEmu_Port/BSNES/bsnes/bsnes/processor/arm7tdmi/arm7tdmi.cpp:13:
/Users/barriesanders/.gemini/antigravity/scratch/OpenEmu_Port/BSNES/bsnes/bsnes/processor/arm7tdmi/disassembler.cpp:32:14: warning: implicit conversion loses integer precision: 'int64_t' (aka 'long long') to 'uint' (aka 'unsigned int') [-Wshorten-64-to-32]
   32 |   for(uint n : range(16)) {
      |            ~ ^
/Users/barriesanders/.gemini/antigravity/scratch/OpenEmu_Port/BSNES/bsnes/bsnes/processor/arm7tdmi/disassembler.cpp:360:14: warning: implicit conversion loses integer precision: 'int64_t' (aka 'long long') to 'uint' (aka 'unsigned int') [-Wshorten-64-to-32]
  360 |   for(uint m : range(8)) {
      |            ~ ^
/Users/barriesanders/.gemini/antigravity/scratch/OpenEmu_Port/BSNES/bsnes/bsnes/processor/arm7tdmi/disassembler.cpp:397:14: warning: implicit conversion loses integer precision: 'int64_t' (aka 'long long') to 'uint' (aka 'unsigned int') [-Wshorten-64-to-32]
  397 |   for(uint m : range(8)) {
      |            ~ ^

CompileC /Users/barriesanders/Library/Developer/Xcode/DerivedData/BSNES-ctmtzphmbkzmsibpffiarmkztbui/Build/Intermediates.noindex/BSNES.build/Debug/BSNES.build/Objects-normal/arm64/BSNESGameCore.o /Users/barriesanders/.gemini/antigravity/scratch/OpenEmu_Port/BSNES/BSNESGameCore.mm normal arm64 objective-c++ com.apple.compilers.llvm.clang.1_0.compiler (in target 'BSNES' from project 'BSNES')
    cd /Users/barriesanders/.gemini/antigravity/scratch/OpenEmu_Port/BSNES
    
    Using response file: /Users/barriesanders/Library/Developer/Xcode/DerivedData/BSNES-ctmtzphmbkzmsibpffiarmkztbui/Build/Intermediates.noindex/BSNES.build/Debug/BSNES.build/Objects-normal/arm64/af3fcb34312c57c0f52879cdce924b91-common-args.resp
    
    /Applications/Xcode.app/Contents/Developer/Toolchains/XcodeDefault.xctoolchain/usr/bin/clang -x objective-c++ -ivfsstatcache /Users/barriesanders/Library/Developer/Xcode/DerivedData/SDKStatCaches.noindex/macosx26.2-25C57-3885c01c3e6b6a337905948deab2002e00fa09913b459cbbc988d1f6730289ae.sdkstatcache -fmessage-length\=0 -fdiagnostics-show-note-include-stack -fmacro-backtrace-limit\=0 -fno-color-diagnostics -fmodules-prune-interval\=86400 -fmodules-prune-after\=345600 -fbuild-session-file\=/Users/barriesanders/Library/Developer/Xcode/DerivedData/ModuleCache.noindex/Session.modulevalidation -fmodules-validate-once-per-build-session -Wnon-modular-include-in-framework-module -Werror\=non-modular-include-in-framework-module -Wno-trigraphs -Wno-missing-field-initializers -Wno-missing-prototypes -Wunreachable-code -Wno-implicit-atomic-properties -Wno-objc-interface-ivars -Wno-arc-repeated-use-of-weak -Wimplicit-retain-self -Wno-non-virtual-dtor -Wno-overloaded-virtual -Wno-exit-time-destructors -Wduplicate-method-match -Wno-missing-braces -Wparentheses -Wswitch -Wunused-function -Wno-unused-label -Wno-unused-parameter -Wno-unused-variable -Wunused-value -Wempty-body -Wuninitialized -Wno-unknown-pragmas -Wno-shadow -Wno-four-char-constants -Wno-conversion -Wconstant-conversion -Wint-conversion -Wbool-conversion -Wenum-conversion -Wno-float-conversion -Wnon-literal-null-conversion -Wobjc-literal-conversion -Wshorten-64-to-32 -Wno-newline-eof -Wno-selector -Wno-strict-selector-match -Wundeclared-selector -Wdeprecated-implementations -Wno-c++11-extensions -Wno-implicit-fallthrough -fstrict-aliasing -Wprotocol -Wdeprecated-declarations -Winvalid-offsetof -Wno-sign-conversion -Winfinite-recursion -Wmove -Wcomma -Wblock-capture-autoreleasing -Wstrict-prototypes -Wrange-loop-analysis -Wno-semicolon-before-method-body -index-store-path /Users/barriesanders/Library/Developer/Xcode/DerivedData/BSNES-ctmtzphmbkzmsibpffiarmkztbui/Index.noindex/DataStore @/Users/barriesanders/Library/Developer/Xcode/DerivedData/BSNES-ctmtzphmbkzmsibpffiarmkztbui/Build/Intermediates.noindex/BSNES.build/Debug/BSNES.build/Objects-normal/arm64/af3fcb34312c57c0f52879cdce924b91-common-args.resp -MMD -MT dependencies -MF /Users/barriesanders/Library/Developer/Xcode/DerivedData/BSNES-ctmtzphmbkzmsibpffiarmkztbui/Build/Intermediates.noindex/BSNES.build/Debug/BSNES.build/Objects-normal/arm64/BSNESGameCore.d --serialize-diagnostics /Users/barriesanders/Library/Developer/Xcode/DerivedData/BSNES-ctmtzphmbkzmsibpffiarmkztbui/Build/Intermediates.noindex/BSNES.build/Debug/BSNES.build/Objects-normal/arm64/BSNESGameCore.dia -c /Users/barriesanders/.gemini/antigravity/scratch/OpenEmu_Port/BSNES/BSNESGameCore.mm -o /Users/barriesanders/Library/Developer/Xcode/DerivedData/BSNES-ctmtzphmbkzmsibpffiarmkztbui/Build/Intermediates.noindex/BSNES.build/Debug/BSNES.build/Objects-normal/arm64/BSNESGameCore.o -index-unit-output-path /BSNES.build/Debug/BSNES.build/Objects-normal/arm64/BSNESGameCore.o
In file included from /Users/barriesanders/.gemini/antigravity/scratch/OpenEmu_Port/BSNES/BSNESGameCore.mm:29:
/Users/barriesanders/.gemini/antigravity/scratch/OpenEmu_Port/BSNES/BSNESGameCore.h:27:9: fatal error: 'OpenEmuBase/OpenEmuBase.h' file not found
   27 | #import <OpenEmuBase/OpenEmuBase.h>
      |         ^~~~~~~~~~~~~~~~~~~~~~~~~~~
1 error generated.

ScanDependencies /Users/barriesanders/Library/Developer/Xcode/DerivedData/BSNES-ctmtzphmbkzmsibpffiarmkztbui/Build/Intermediates.noindex/BSNES.build/Debug/BSNES.build/Objects-normal/arm64/symbol_hash.o /Users/barriesanders/.gemini/antigravity/scratch/OpenEmu_Port/BSNES/bsnes/bsnes/gb/Core/symbol_hash.c normal arm64 c com.apple.compilers.llvm.clang.1_0.compiler (in target 'BSNES' from project 'BSNES')
    cd /Users/barriesanders/.gemini/antigravity/scratch/OpenEmu_Port/BSNES
    
    Using response file: /Users/barriesanders/Library/Developer/Xcode/DerivedData/BSNES-ctmtzphmbkzmsibpffiarmkztbui/Build/Intermediates.noindex/BSNES.build/Debug/BSNES.build/Objects-normal/arm64/7187679823f38a2a940e0043cdf9d637-common-args.resp
    
    builtin-ScanDependencies -o /Users/barriesanders/Library/Developer/Xcode/DerivedData/BSNES-ctmtzphmbkzmsibpffiarmkztbui/Build/Intermediates.noindex/BSNES.build/Debug/BSNES.build/Objects-normal/arm64/symbol_hash.o.scan -- /Applications/Xcode.app/Contents/Developer/Toolchains/XcodeDefault.xctoolchain/usr/bin/clang -x c -ivfsstatcache /Users/barriesanders/Library/Developer/Xcode/DerivedData/SDKStatCaches.noindex/macosx26.2-25C57-3885c01c3e6b6a337905948deab2002e00fa09913b459cbbc988d1f6730289ae.sdkstatcache -fmessage-length\=0 -fdiagnostics-show-note-include-stack -fmacro-backtrace-limit\=0 -fno-color-diagnostics -fmodules-prune-interval\=86400 -fmodules-prune-after\=345600 -fbuild-session-file\=/Users/barriesanders/Library/Developer/Xcode/DerivedData/ModuleCache.noindex/Session.modulevalidation -fmodules-validate-once-per-build-session -Wnon-modular-include-in-framework-module -Werror\=non-modular-include-in-framework-module -Wno-trigraphs -Wno-missing-field-initializers -Wno-missing-prototypes -Wunreachable-code -Wno-missing-braces -Wparentheses -Wswitch -Wunused-function -Wno-unused-label -Wno-unused-parameter -Wno-unused-variable -Wunused-value -Wempty-body -Wuninitialized -Wno-unknown-pragmas -Wno-shadow -Wno-four-char-constants -Wno-conversion -Wconstant-conversion -Wint-conversion -Wbool-conversion -Wenum-conversion -Wno-float-conversion -Wnon-literal-null-conversion -Wobjc-literal-conversion -Wshorten-64-to-32 -Wpointer-sign -Wno-newline-eof -Wno-implicit-fallthrough -fstrict-aliasing -Wdeprecated-declarations -Wno-sign-conversion -Winfinite-recursion -Wcomma -Wblock-capture-autoreleasing -Wstrict-prototypes -Wno-semicolon-before-method-body -index-store-path /Users/barriesanders/Library/Developer/Xcode/DerivedData/BSNES-ctmtzphmbkzmsibpffiarmkztbui/Index.noindex/DataStore @/Users/barriesanders/Library/Developer/Xcode/DerivedData/BSNES-ctmtzphmbkzmsibpffiarmkztbui/Build/Intermediates.noindex/BSNES.build/Debug/BSNES.build/Objects-normal/arm64/7187679823f38a2a940e0043cdf9d637-common-args.resp -MMD -MT dependencies -MF /Users/barriesanders/Library/Developer/Xcode/DerivedData/BSNES-ctmtzphmbkzmsibpffiarmkztbui/Build/Intermediates.noindex/BSNES.build/Debug/BSNES.build/Objects-normal/arm64/symbol_hash.d --serialize-diagnostics /Users/barriesanders/Library/Developer/Xcode/DerivedData/BSNES-ctmtzphmbkzmsibpffiarmkztbui/Build/Intermediates.noindex/BSNES.build/Debug/BSNES.build/Objects-normal/arm64/symbol_hash.dia -c /Users/barriesanders/.gemini/antigravity/scratch/OpenEmu_Port/BSNES/bsnes/bsnes/gb/Core/symbol_hash.c -o /Users/barriesanders/Library/Developer/Xcode/DerivedData/BSNES-ctmtzphmbkzmsibpffiarmkztbui/Build/Intermediates.noindex/BSNES.build/Debug/BSNES.build/Objects-normal/arm64/symbol_hash.o -index-unit-output-path /BSNES.build/Debug/BSNES.build/Objects-normal/arm64/symbol_hash.o

ScanDependencies /Users/barriesanders/Library/Developer/Xcode/DerivedData/BSNES-ctmtzphmbkzmsibpffiarmkztbui/Build/Intermediates.noindex/BSNES.build/Debug/BSNES.build/Objects-normal/arm64/timing.o /Users/barriesanders/.gemini/antigravity/scratch/OpenEmu_Port/BSNES/bsnes/bsnes/gb/Core/timing.c normal arm64 c com.apple.compilers.llvm.clang.1_0.compiler (in target 'BSNES' from project 'BSNES')
    cd /Users/barriesanders/.gemini/antigravity/scratch/OpenEmu_Port/BSNES
    
    Using response file: /Users/barriesanders/Library/Developer/Xcode/DerivedData/BSNES-ctmtzphmbkzmsibpffiarmkztbui/Build/Intermediates.noindex/BSNES.build/Debug/BSNES.build/Objects-normal/arm64/7187679823f38a2a940e0043cdf9d637-common-args.resp
    
    builtin-ScanDependencies -o /Users/barriesanders/Library/Developer/Xcode/DerivedData/BSNES-ctmtzphmbkzmsibpffiarmkztbui/Build/Intermediates.noindex/BSNES.build/Debug/BSNES.build/Objects-normal/arm64/timing.o.scan -- /Applications/Xcode.app/Contents/Developer/Toolchains/XcodeDefault.xctoolchain/usr/bin/clang -x c -ivfsstatcache /Users/barriesanders/Library/Developer/Xcode/DerivedData/SDKStatCaches.noindex/macosx26.2-25C57-3885c01c3e6b6a337905948deab2002e00fa09913b459cbbc988d1f6730289ae.sdkstatcache -fmessage-length\=0 -fdiagnostics-show-note-include-stack -fmacro-backtrace-limit\=0 -fno-color-diagnostics -fmodules-prune-interval\=86400 -fmodules-prune-after\=345600 -fbuild-session-file\=/Users/barriesanders/Library/Developer/Xcode/DerivedData/ModuleCache.noindex/Session.modulevalidation -fmodules-validate-once-per-build-session -Wnon-modular-include-in-framework-module -Werror\=non-modular-include-in-framework-module -Wno-trigraphs -Wno-missing-field-initializers -Wno-missing-prototypes -Wunreachable-code -Wno-missing-braces -Wparentheses -Wswitch -Wunused-function -Wno-unused-label -Wno-unused-parameter -Wno-unused-variable -Wunused-value -Wempty-body -Wuninitialized -Wno-unknown-pragmas -Wno-shadow -Wno-four-char-constants -Wno-conversion -Wconstant-conversion -Wint-conversion -Wbool-conversion -Wenum-conversion -Wno-float-conversion -Wnon-literal-null-conversion -Wobjc-literal-conversion -Wshorten-64-to-32 -Wpointer-sign -Wno-newline-eof -Wno-implicit-fallthrough -fstrict-aliasing -Wdeprecated-declarations -Wno-sign-conversion -Winfinite-recursion -Wcomma -Wblock-capture-autoreleasing -Wstrict-prototypes -Wno-semicolon-before-method-body -index-store-path /Users/barriesanders/Library/Developer/Xcode/DerivedData/BSNES-ctmtzphmbkzmsibpffiarmkztbui/Index.noindex/DataStore @/Users/barriesanders/Library/Developer/Xcode/DerivedData/BSNES-ctmtzphmbkzmsibpffiarmkztbui/Build/Intermediates.noindex/BSNES.build/Debug/BSNES.build/Objects-normal/arm64/7187679823f38a2a940e0043cdf9d637-common-args.resp -MMD -MT dependencies -MF /Users/barriesanders/Library/Developer/Xcode/DerivedData/BSNES-ctmtzphmbkzmsibpffiarmkztbui/Build/Intermediates.noindex/BSNES.build/Debug/BSNES.build/Objects-normal/arm64/timing.d --serialize-diagnostics /Users/barriesanders/Library/Developer/Xcode/DerivedData/BSNES-ctmtzphmbkzmsibpffiarmkztbui/Build/Intermediates.noindex/BSNES.build/Debug/BSNES.build/Objects-normal/arm64/timing.dia -c /Users/barriesanders/.gemini/antigravity/scratch/OpenEmu_Port/BSNES/bsnes/bsnes/gb/Core/timing.c -o /Users/barriesanders/Library/Developer/Xcode/DerivedData/BSNES-ctmtzphmbkzmsibpffiarmkztbui/Build/Intermediates.noindex/BSNES.build/Debug/BSNES.build/Objects-normal/arm64/timing.o -index-unit-output-path /BSNES.build/Debug/BSNES.build/Objects-normal/arm64/timing.o

ScanDependencies /Users/barriesanders/Library/Developer/Xcode/DerivedData/BSNES-ctmtzphmbkzmsibpffiarmkztbui/Build/Intermediates.noindex/BSNES.build/Debug/BSNES.build/Objects-normal/arm64/sm83_cpu.o /Users/barriesanders/.gemini/antigravity/scratch/OpenEmu_Port/BSNES/bsnes/bsnes/gb/Core/sm83_cpu.c normal arm64 c com.apple.compilers.llvm.clang.1_0.compiler (in target 'BSNES' from project 'BSNES')
    cd /Users/barriesanders/.gemini/antigravity/scratch/OpenEmu_Port/BSNES
    
    Using response file: /Users/barriesanders/Library/Developer/Xcode/DerivedData/BSNES-ctmtzphmbkzmsibpffiarmkztbui/Build/Intermediates.noindex/BSNES.build/Debug/BSNES.build/Objects-normal/arm64/7187679823f38a2a940e0043cdf9d637-common-args.resp
    
    builtin-ScanDependencies -o /Users/barriesanders/Library/Developer/Xcode/DerivedData/BSNES-ctmtzphmbkzmsibpffiarmkztbui/Build/Intermediates.noindex/BSNES.build/Debug/BSNES.build/Objects-normal/arm64/sm83_cpu.o.scan -- /Applications/Xcode.app/Contents/Developer/Toolchains/XcodeDefault.xctoolchain/usr/bin/clang -x c -ivfsstatcache /Users/barriesanders/Library/Developer/Xcode/DerivedData/SDKStatCaches.noindex/macosx26.2-25C57-3885c01c3e6b6a337905948deab2002e00fa09913b459cbbc988d1f6730289ae.sdkstatcache -fmessage-length\=0 -fdiagnostics-show-note-include-stack -fmacro-backtrace-limit\=0 -fno-color-diagnostics -fmodules-prune-interval\=86400 -fmodules-prune-after\=345600 -fbuild-session-file\=/Users/barriesanders/Library/Developer/Xcode/DerivedData/ModuleCache.noindex/Session.modulevalidation -fmodules-validate-once-per-build-session -Wnon-modular-include-in-framework-module -Werror\=non-modular-include-in-framework-module -Wno-trigraphs -Wno-missing-field-initializers -Wno-missing-prototypes -Wunreachable-code -Wno-missing-braces -Wparentheses -Wswitch -Wunused-function -Wno-unused-label -Wno-unused-parameter -Wno-unused-variable -Wunused-value -Wempty-body -Wuninitialized -Wno-unknown-pragmas -Wno-shadow -Wno-four-char-constants -Wno-conversion -Wconstant-conversion -Wint-conversion -Wbool-conversion -Wenum-conversion -Wno-float-conversion -Wnon-literal-null-conversion -Wobjc-literal-conversion -Wshorten-64-to-32 -Wpointer-sign -Wno-newline-eof -Wno-implicit-fallthrough -fstrict-aliasing -Wdeprecated-declarations -Wno-sign-conversion -Winfinite-recursion -Wcomma -Wblock-capture-autoreleasing -Wstrict-prototypes -Wno-semicolon-before-method-body -index-store-path /Users/barriesanders/Library/Developer/Xcode/DerivedData/BSNES-ctmtzphmbkzmsibpffiarmkztbui/Index.noindex/DataStore @/Users/barriesanders/Library/Developer/Xcode/DerivedData/BSNES-ctmtzphmbkzmsibpffiarmkztbui/Build/Intermediates.noindex/BSNES.build/Debug/BSNES.build/Objects-normal/arm64/7187679823f38a2a940e0043cdf9d637-common-args.resp -MMD -MT dependencies -MF /Users/barriesanders/Library/Developer/Xcode/DerivedData/BSNES-ctmtzphmbkzmsibpffiarmkztbui/Build/Intermediates.noindex/BSNES.build/Debug/BSNES.build/Objects-normal/arm64/sm83_cpu.d --serialize-diagnostics /Users/barriesanders/Library/Developer/Xcode/DerivedData/BSNES-ctmtzphmbkzmsibpffiarmkztbui/Build/Intermediates.noindex/BSNES.build/Debug/BSNES.build/Objects-normal/arm64/sm83_cpu.dia -c /Users/barriesanders/.gemini/antigravity/scratch/OpenEmu_Port/BSNES/bsnes/bsnes/gb/Core/sm83_cpu.c -o /Users/barriesanders/Library/Developer/Xcode/DerivedData/BSNES-ctmtzphmbkzmsibpffiarmkztbui/Build/Intermediates.noindex/BSNES.build/Debug/BSNES.build/Objects-normal/arm64/sm83_cpu.o -index-unit-output-path /BSNES.build/Debug/BSNES.build/Objects-normal/arm64/sm83_cpu.o

ScanDependencies /Users/barriesanders/Library/Developer/Xcode/DerivedData/BSNES-ctmtzphmbkzmsibpffiarmkztbui/Build/Intermediates.noindex/BSNES.build/Debug/BSNES.build/Objects-normal/arm64/save_state.o /Users/barriesanders/.gemini/antigravity/scratch/OpenEmu_Port/BSNES/bsnes/bsnes/gb/Core/save_state.c normal arm64 c com.apple.compilers.llvm.clang.1_0.compiler (in target 'BSNES' from project 'BSNES')
    cd /Users/barriesanders/.gemini/antigravity/scratch/OpenEmu_Port/BSNES
    
    Using response file: /Users/barriesanders/Library/Developer/Xcode/DerivedData/BSNES-ctmtzphmbkzmsibpffiarmkztbui/Build/Intermediates.noindex/BSNES.build/Debug/BSNES.build/Objects-normal/arm64/7187679823f38a2a940e0043cdf9d637-common-args.resp
    
    builtin-ScanDependencies -o /Users/barriesanders/Library/Developer/Xcode/DerivedData/BSNES-ctmtzphmbkzmsibpffiarmkztbui/Build/Intermediates.noindex/BSNES.build/Debug/BSNES.build/Objects-normal/arm64/save_state.o.scan -- /Applications/Xcode.app/Contents/Developer/Toolchains/XcodeDefault.xctoolchain/usr/bin/clang -x c -ivfsstatcache /Users/barriesanders/Library/Developer/Xcode/DerivedData/SDKStatCaches.noindex/macosx26.2-25C57-3885c01c3e6b6a337905948deab2002e00fa09913b459cbbc988d1f6730289ae.sdkstatcache -fmessage-length\=0 -fdiagnostics-show-note-include-stack -fmacro-backtrace-limit\=0 -fno-color-diagnostics -fmodules-prune-interval\=86400 -fmodules-prune-after\=345600 -fbuild-session-file\=/Users/barriesanders/Library/Developer/Xcode/DerivedData/ModuleCache.noindex/Session.modulevalidation -fmodules-validate-once-per-build-session -Wnon-modular-include-in-framework-module -Werror\=non-modular-include-in-framework-module -Wno-trigraphs -Wno-missing-field-initializers -Wno-missing-prototypes -Wunreachable-code -Wno-missing-braces -Wparentheses -Wswitch -Wunused-function -Wno-unused-label -Wno-unused-parameter -Wno-unused-variable -Wunused-value -Wempty-body -Wuninitialized -Wno-unknown-pragmas -Wno-shadow -Wno-four-char-constants -Wno-conversion -Wconstant-conversion -Wint-conversion -Wbool-conversion -Wenum-conversion -Wno-float-conversion -Wnon-literal-null-conversion -Wobjc-literal-conversion -Wshorten-64-to-32 -Wpointer-sign -Wno-newline-eof -Wno-implicit-fallthrough -fstrict-aliasing -Wdeprecated-declarations -Wno-sign-conversion -Winfinite-recursion -Wcomma -Wblock-capture-autoreleasing -Wstrict-prototypes -Wno-semicolon-before-method-body -index-store-path /Users/barriesanders/Library/Developer/Xcode/DerivedData/BSNES-ctmtzphmbkzmsibpffiarmkztbui/Index.noindex/DataStore @/Users/barriesanders/Library/Developer/Xcode/DerivedData/BSNES-ctmtzphmbkzmsibpffiarmkztbui/Build/Intermediates.noindex/BSNES.build/Debug/BSNES.build/Objects-normal/arm64/7187679823f38a2a940e0043cdf9d637-common-args.resp -MMD -MT dependencies -MF /Users/barriesanders/Library/Developer/Xcode/DerivedData/BSNES-ctmtzphmbkzmsibpffiarmkztbui/Build/Intermediates.noindex/BSNES.build/Debug/BSNES.build/Objects-normal/arm64/save_state.d --serialize-diagnostics /Users/barriesanders/Library/Developer/Xcode/DerivedData/BSNES-ctmtzphmbkzmsibpffiarmkztbui/Build/Intermediates.noindex/BSNES.build/Debug/BSNES.build/Objects-normal/arm64/save_state.dia -c /Users/barriesanders/.gemini/antigravity/scratch/OpenEmu_Port/BSNES/bsnes/bsnes/gb/Core/save_state.c -o /Users/barriesanders/Library/Developer/Xcode/DerivedData/BSNES-ctmtzphmbkzmsibpffiarmkztbui/Build/Intermediates.noindex/BSNES.build/Debug/BSNES.build/Objects-normal/arm64/save_state.o -index-unit-output-path /BSNES.build/Debug/BSNES.build/Objects-normal/arm64/save_state.o

ScanDependencies /Users/barriesanders/Library/Developer/Xcode/DerivedData/BSNES-ctmtzphmbkzmsibpffiarmkztbui/Build/Intermediates.noindex/BSNES.build/Debug/BSNES.build/Objects-normal/arm64/rewind.o /Users/barriesanders/.gemini/antigravity/scratch/OpenEmu_Port/BSNES/bsnes/bsnes/gb/Core/rewind.c normal arm64 c com.apple.compilers.llvm.clang.1_0.compiler (in target 'BSNES' from project 'BSNES')
    cd /Users/barriesanders/.gemini/antigravity/scratch/OpenEmu_Port/BSNES
    
    Using response file: /Users/barriesanders/Library/Developer/Xcode/DerivedData/BSNES-ctmtzphmbkzmsibpffiarmkztbui/Build/Intermediates.noindex/BSNES.build/Debug/BSNES.build/Objects-normal/arm64/7187679823f38a2a940e0043cdf9d637-common-args.resp
    
    builtin-ScanDependencies -o /Users/barriesanders/Library/Developer/Xcode/DerivedData/BSNES-ctmtzphmbkzmsibpffiarmkztbui/Build/Intermediates.noindex/BSNES.build/Debug/BSNES.build/Objects-normal/arm64/rewind.o.scan -- /Applications/Xcode.app/Contents/Developer/Toolchains/XcodeDefault.xctoolchain/usr/bin/clang -x c -ivfsstatcache /Users/barriesanders/Library/Developer/Xcode/DerivedData/SDKStatCaches.noindex/macosx26.2-25C57-3885c01c3e6b6a337905948deab2002e00fa09913b459cbbc988d1f6730289ae.sdkstatcache -fmessage-length\=0 -fdiagnostics-show-note-include-stack -fmacro-backtrace-limit\=0 -fno-color-diagnostics -fmodules-prune-interval\=86400 -fmodules-prune-after\=345600 -fbuild-session-file\=/Users/barriesanders/Library/Developer/Xcode/DerivedData/ModuleCache.noindex/Session.modulevalidation -fmodules-validate-once-per-build-session -Wnon-modular-include-in-framework-module -Werror\=non-modular-include-in-framework-module -Wno-trigraphs -Wno-missing-field-initializers -Wno-missing-prototypes -Wunreachable-code -Wno-missing-braces -Wparentheses -Wswitch -Wunused-function -Wno-unused-label -Wno-unused-parameter -Wno-unused-variable -Wunused-value -Wempty-body -Wuninitialized -Wno-unknown-pragmas -Wno-shadow -Wno-four-char-constants -Wno-conversion -Wconstant-conversion -Wint-conversion -Wbool-conversion -Wenum-conversion -Wno-float-conversion -Wnon-literal-null-conversion -Wobjc-literal-conversion -Wshorten-64-to-32 -Wpointer-sign -Wno-newline-eof -Wno-implicit-fallthrough -fstrict-aliasing -Wdeprecated-declarations -Wno-sign-conversion -Winfinite-recursion -Wcomma -Wblock-capture-autoreleasing -Wstrict-prototypes -Wno-semicolon-before-method-body -index-store-path /Users/barriesanders/Library/Developer/Xcode/DerivedData/BSNES-ctmtzphmbkzmsibpffiarmkztbui/Index.noindex/DataStore @/Users/barriesanders/Library/Developer/Xcode/DerivedData/BSNES-ctmtzphmbkzmsibpffiarmkztbui/Build/Intermediates.noindex/BSNES.build/Debug/BSNES.build/Objects-normal/arm64/7187679823f38a2a940e0043cdf9d637-common-args.resp -MMD -MT dependencies -MF /Users/barriesanders/Library/Developer/Xcode/DerivedData/BSNES-ctmtzphmbkzmsibpffiarmkztbui/Build/Intermediates.noindex/BSNES.build/Debug/BSNES.build/Objects-normal/arm64/rewind.d --serialize-diagnostics /Users/barriesanders/Library/Developer/Xcode/DerivedData/BSNES-ctmtzphmbkzmsibpffiarmkztbui/Build/Intermediates.noindex/BSNES.build/Debug/BSNES.build/Objects-normal/arm64/rewind.dia -c /Users/barriesanders/.gemini/antigravity/scratch/OpenEmu_Port/BSNES/bsnes/bsnes/gb/Core/rewind.c -o /Users/barriesanders/Library/Developer/Xcode/DerivedData/BSNES-ctmtzphmbkzmsibpffiarmkztbui/Build/Intermediates.noindex/BSNES.build/Debug/BSNES.build/Objects-normal/arm64/rewind.o -index-unit-output-path /BSNES.build/Debug/BSNES.build/Objects-normal/arm64/rewind.o

ScanDependencies /Users/barriesanders/Library/Developer/Xcode/DerivedData/BSNES-ctmtzphmbkzmsibpffiarmkztbui/Build/Intermediates.noindex/BSNES.build/Debug/BSNES.build/Objects-normal/arm64/sgb.o /Users/barriesanders/.gemini/antigravity/scratch/OpenEmu_Port/BSNES/bsnes/bsnes/gb/Core/sgb.c normal arm64 c com.apple.compilers.llvm.clang.1_0.compiler (in target 'BSNES' from project 'BSNES')
    cd /Users/barriesanders/.gemini/antigravity/scratch/OpenEmu_Port/BSNES
    
    Using response file: /Users/barriesanders/Library/Developer/Xcode/DerivedData/BSNES-ctmtzphmbkzmsibpffiarmkztbui/Build/Intermediates.noindex/BSNES.build/Debug/BSNES.build/Objects-normal/arm64/7187679823f38a2a940e0043cdf9d637-common-args.resp
    
    builtin-ScanDependencies -o /Users/barriesanders/Library/Developer/Xcode/DerivedData/BSNES-ctmtzphmbkzmsibpffiarmkztbui/Build/Intermediates.noindex/BSNES.build/Debug/BSNES.build/Objects-normal/arm64/sgb.o.scan -- /Applications/Xcode.app/Contents/Developer/Toolchains/XcodeDefault.xctoolchain/usr/bin/clang -x c -ivfsstatcache /Users/barriesanders/Library/Developer/Xcode/DerivedData/SDKStatCaches.noindex/macosx26.2-25C57-3885c01c3e6b6a337905948deab2002e00fa09913b459cbbc988d1f6730289ae.sdkstatcache -fmessage-length\=0 -fdiagnostics-show-note-include-stack -fmacro-backtrace-limit\=0 -fno-color-diagnostics -fmodules-prune-interval\=86400 -fmodules-prune-after\=345600 -fbuild-session-file\=/Users/barriesanders/Library/Developer/Xcode/DerivedData/ModuleCache.noindex/Session.modulevalidation -fmodules-validate-once-per-build-session -Wnon-modular-include-in-framework-module -Werror\=non-modular-include-in-framework-module -Wno-trigraphs -Wno-missing-field-initializers -Wno-missing-prototypes -Wunreachable-code -Wno-missing-braces -Wparentheses -Wswitch -Wunused-function -Wno-unused-label -Wno-unused-parameter -Wno-unused-variable -Wunused-value -Wempty-body -Wuninitialized -Wno-unknown-pragmas -Wno-shadow -Wno-four-char-constants -Wno-conversion -Wconstant-conversion -Wint-conversion -Wbool-conversion -Wenum-conversion -Wno-float-conversion -Wnon-literal-null-conversion -Wobjc-literal-conversion -Wshorten-64-to-32 -Wpointer-sign -Wno-newline-eof -Wno-implicit-fallthrough -fstrict-aliasing -Wdeprecated-declarations -Wno-sign-conversion -Winfinite-recursion -Wcomma -Wblock-capture-autoreleasing -Wstrict-prototypes -Wno-semicolon-before-method-body -index-store-path /Users/barriesanders/Library/Developer/Xcode/DerivedData/BSNES-ctmtzphmbkzmsibpffiarmkztbui/Index.noindex/DataStore @/Users/barriesanders/Library/Developer/Xcode/DerivedData/BSNES-ctmtzphmbkzmsibpffiarmkztbui/Build/Intermediates.noindex/BSNES.build/Debug/BSNES.build/Objects-normal/arm64/7187679823f38a2a940e0043cdf9d637-common-args.resp -MMD -MT dependencies -MF /Users/barriesanders/Library/Developer/Xcode/DerivedData/BSNES-ctmtzphmbkzmsibpffiarmkztbui/Build/Intermediates.noindex/BSNES.build/Debug/BSNES.build/Objects-normal/arm64/sgb.d --serialize-diagnostics /Users/barriesanders/Library/Developer/Xcode/DerivedData/BSNES-ctmtzphmbkzmsibpffiarmkztbui/Build/Intermediates.noindex/BSNES.build/Debug/BSNES.build/Objects-normal/arm64/sgb.dia -c /Users/barriesanders/.gemini/antigravity/scratch/OpenEmu_Port/BSNES/bsnes/bsnes/gb/Core/sgb.c -o /Users/barriesanders/Library/Developer/Xcode/DerivedData/BSNES-ctmtzphmbkzmsibpffiarmkztbui/Build/Intermediates.noindex/BSNES.build/Debug/BSNES.build/Objects-normal/arm64/sgb.o -index-unit-output-path /BSNES.build/Debug/BSNES.build/Objects-normal/arm64/sgb.o

PrecompileModule /Users/barriesanders/Library/Developer/Xcode/DerivedData/BSNES-ctmtzphmbkzmsibpffiarmkztbui/Build/Intermediates.noindex/ExplicitPrecompiledModules/Darwin-3KJDWK89J5IIJNI0F4EWKYXFC.scan
    cd /
    builtin-precompileModule /Users/barriesanders/Library/Developer/Xcode/DerivedData/BSNES-ctmtzphmbkzmsibpffiarmkztbui/Build/Intermediates.noindex/ExplicitPrecompiledModules/Darwin-3KJDWK89J5IIJNI0F4EWKYXFC.scan

ScanDependencies /Users/barriesanders/Library/Developer/Xcode/DerivedData/BSNES-ctmtzphmbkzmsibpffiarmkztbui/Build/Intermediates.noindex/BSNES.build/Debug/BSNES.build/Objects-normal/arm64/random.o /Users/barriesanders/.gemini/antigravity/scratch/OpenEmu_Port/BSNES/bsnes/bsnes/gb/Core/random.c normal arm64 c com.apple.compilers.llvm.clang.1_0.compiler (in target 'BSNES' from project 'BSNES')
    cd /Users/barriesanders/.gemini/antigravity/scratch/OpenEmu_Port/BSNES
    
    Using response file: /Users/barriesanders/Library/Developer/Xcode/DerivedData/BSNES-ctmtzphmbkzmsibpffiarmkztbui/Build/Intermediates.noindex/BSNES.build/Debug/BSNES.build/Objects-normal/arm64/7187679823f38a2a940e0043cdf9d637-common-args.resp
    
    builtin-ScanDependencies -o /Users/barriesanders/Library/Developer/Xcode/DerivedData/BSNES-ctmtzphmbkzmsibpffiarmkztbui/Build/Intermediates.noindex/BSNES.build/Debug/BSNES.build/Objects-normal/arm64/random.o.scan -- /Applications/Xcode.app/Contents/Developer/Toolchains/XcodeDefault.xctoolchain/usr/bin/clang -x c -ivfsstatcache /Users/barriesanders/Library/Developer/Xcode/DerivedData/SDKStatCaches.noindex/macosx26.2-25C57-3885c01c3e6b6a337905948deab2002e00fa09913b459cbbc988d1f6730289ae.sdkstatcache -fmessage-length\=0 -fdiagnostics-show-note-include-stack -fmacro-backtrace-limit\=0 -fno-color-diagnostics -fmodules-prune-interval\=86400 -fmodules-prune-after\=345600 -fbuild-session-file\=/Users/barriesanders/Library/Developer/Xcode/DerivedData/ModuleCache.noindex/Session.modulevalidation -fmodules-validate-once-per-build-session -Wnon-modular-include-in-framework-module -Werror\=non-modular-include-in-framework-module -Wno-trigraphs -Wno-missing-field-initializers -Wno-missing-prototypes -Wunreachable-code -Wno-missing-braces -Wparentheses -Wswitch -Wunused-function -Wno-unused-label -Wno-unused-parameter -Wno-unused-variable -Wunused-value -Wempty-body -Wuninitialized -Wno-unknown-pragmas -Wno-shadow -Wno-four-char-constants -Wno-conversion -Wconstant-conversion -Wint-conversion -Wbool-conversion -Wenum-conversion -Wno-float-conversion -Wnon-literal-null-conversion -Wobjc-literal-conversion -Wshorten-64-to-32 -Wpointer-sign -Wno-newline-eof -Wno-implicit-fallthrough -fstrict-aliasing -Wdeprecated-declarations -Wno-sign-conversion -Winfinite-recursion -Wcomma -Wblock-capture-autoreleasing -Wstrict-prototypes -Wno-semicolon-before-method-body -index-store-path /Users/barriesanders/Library/Developer/Xcode/DerivedData/BSNES-ctmtzphmbkzmsibpffiarmkztbui/Index.noindex/DataStore @/Users/barriesanders/Library/Developer/Xcode/DerivedData/BSNES-ctmtzphmbkzmsibpffiarmkztbui/Build/Intermediates.noindex/BSNES.build/Debug/BSNES.build/Objects-normal/arm64/7187679823f38a2a940e0043cdf9d637-common-args.resp -MMD -MT dependencies -MF /Users/barriesanders/Library/Developer/Xcode/DerivedData/BSNES-ctmtzphmbkzmsibpffiarmkztbui/Build/Intermediates.noindex/BSNES.build/Debug/BSNES.build/Objects-normal/arm64/random.d --serialize-diagnostics /Users/barriesanders/Library/Developer/Xcode/DerivedData/BSNES-ctmtzphmbkzmsibpffiarmkztbui/Build/Intermediates.noindex/BSNES.build/Debug/BSNES.build/Objects-normal/arm64/random.dia -c /Users/barriesanders/.gemini/antigravity/scratch/OpenEmu_Port/BSNES/bsnes/bsnes/gb/Core/random.c -o /Users/barriesanders/Library/Developer/Xcode/DerivedData/BSNES-ctmtzphmbkzmsibpffiarmkztbui/Build/Intermediates.noindex/BSNES.build/Debug/BSNES.build/Objects-normal/arm64/random.o -index-unit-output-path /BSNES.build/Debug/BSNES.build/Objects-normal/arm64/random.o

ScanDependencies /Users/barriesanders/Library/Developer/Xcode/DerivedData/BSNES-ctmtzphmbkzmsibpffiarmkztbui/Build/Intermediates.noindex/BSNES.build/Debug/BSNES.build/Objects-normal/arm64/printer.o /Users/barriesanders/.gemini/antigravity/scratch/OpenEmu_Port/BSNES/bsnes/bsnes/gb/Core/printer.c normal arm64 c com.apple.compilers.llvm.clang.1_0.compiler (in target 'BSNES' from project 'BSNES')
    cd /Users/barriesanders/.gemini/antigravity/scratch/OpenEmu_Port/BSNES
    
    Using response file: /Users/barriesanders/Library/Developer/Xcode/DerivedData/BSNES-ctmtzphmbkzmsibpffiarmkztbui/Build/Intermediates.noindex/BSNES.build/Debug/BSNES.build/Objects-normal/arm64/7187679823f38a2a940e0043cdf9d637-common-args.resp
    
    builtin-ScanDependencies -o /Users/barriesanders/Library/Developer/Xcode/DerivedData/BSNES-ctmtzphmbkzmsibpffiarmkztbui/Build/Intermediates.noindex/BSNES.build/Debug/BSNES.build/Objects-normal/arm64/printer.o.scan -- /Applications/Xcode.app/Contents/Developer/Toolchains/XcodeDefault.xctoolchain/usr/bin/clang -x c -ivfsstatcache /Users/barriesanders/Library/Developer/Xcode/DerivedData/SDKStatCaches.noindex/macosx26.2-25C57-3885c01c3e6b6a337905948deab2002e00fa09913b459cbbc988d1f6730289ae.sdkstatcache -fmessage-length\=0 -fdiagnostics-show-note-include-stack -fmacro-backtrace-limit\=0 -fno-color-diagnostics -fmodules-prune-interval\=86400 -fmodules-prune-after\=345600 -fbuild-session-file\=/Users/barriesanders/Library/Developer/Xcode/DerivedData/ModuleCache.noindex/Session.modulevalidation -fmodules-validate-once-per-build-session -Wnon-modular-include-in-framework-module -Werror\=non-modular-include-in-framework-module -Wno-trigraphs -Wno-missing-field-initializers -Wno-missing-prototypes -Wunreachable-code -Wno-missing-braces -Wparentheses -Wswitch -Wunused-function -Wno-unused-label -Wno-unused-parameter -Wno-unused-variable -Wunused-value -Wempty-body -Wuninitialized -Wno-unknown-pragmas -Wno-shadow -Wno-four-char-constants -Wno-conversion -Wconstant-conversion -Wint-conversion -Wbool-conversion -Wenum-conversion -Wno-float-conversion -Wnon-literal-null-conversion -Wobjc-literal-conversion -Wshorten-64-to-32 -Wpointer-sign -Wno-newline-eof -Wno-implicit-fallthrough -fstrict-aliasing -Wdeprecated-declarations -Wno-sign-conversion -Winfinite-recursion -Wcomma -Wblock-capture-autoreleasing -Wstrict-prototypes -Wno-semicolon-before-method-body -index-store-path /Users/barriesanders/Library/Developer/Xcode/DerivedData/BSNES-ctmtzphmbkzmsibpffiarmkztbui/Index.noindex/DataStore @/Users/barriesanders/Library/Developer/Xcode/DerivedData/BSNES-ctmtzphmbkzmsibpffiarmkztbui/Build/Intermediates.noindex/BSNES.build/Debug/BSNES.build/Objects-normal/arm64/7187679823f38a2a940e0043cdf9d637-common-args.resp -MMD -MT dependencies -MF /Users/barriesanders/Library/Developer/Xcode/DerivedData/BSNES-ctmtzphmbkzmsibpffiarmkztbui/Build/Intermediates.noindex/BSNES.build/Debug/BSNES.build/Objects-normal/arm64/printer.d --serialize-diagnostics /Users/barriesanders/Library/Developer/Xcode/DerivedData/BSNES-ctmtzphmbkzmsibpffiarmkztbui/Build/Intermediates.noindex/BSNES.build/Debug/BSNES.build/Objects-normal/arm64/printer.dia -c /Users/barriesanders/.gemini/antigravity/scratch/OpenEmu_Port/BSNES/bsnes/bsnes/gb/Core/printer.c -o /Users/barriesanders/Library/Developer/Xcode/DerivedData/BSNES-ctmtzphmbkzmsibpffiarmkztbui/Build/Intermediates.noindex/BSNES.build/Debug/BSNES.build/Objects-normal/arm64/printer.o -index-unit-output-path /BSNES.build/Debug/BSNES.build/Objects-normal/arm64/printer.o

ScanDependencies /Users/barriesanders/Library/Developer/Xcode/DerivedData/BSNES-ctmtzphmbkzmsibpffiarmkztbui/Build/Intermediates.noindex/BSNES.build/Debug/BSNES.build/Objects-normal/arm64/memory-6e6150eacbfb4f3c1071af3282829c1f.o /Users/barriesanders/.gemini/antigravity/scratch/OpenEmu_Port/BSNES/bsnes/bsnes/gb/Core/memory.c normal arm64 c com.apple.compilers.llvm.clang.1_0.compiler (in target 'BSNES' from project 'BSNES')
    cd /Users/barriesanders/.gemini/antigravity/scratch/OpenEmu_Port/BSNES
    
    Using response file: /Users/barriesanders/Library/Developer/Xcode/DerivedData/BSNES-ctmtzphmbkzmsibpffiarmkztbui/Build/Intermediates.noindex/BSNES.build/Debug/BSNES.build/Objects-normal/arm64/7187679823f38a2a940e0043cdf9d637-common-args.resp
    
    builtin-ScanDependencies -o /Users/barriesanders/Library/Developer/Xcode/DerivedData/BSNES-ctmtzphmbkzmsibpffiarmkztbui/Build/Intermediates.noindex/BSNES.build/Debug/BSNES.build/Objects-normal/arm64/memory-6e6150eacbfb4f3c1071af3282829c1f.o.scan -- /Applications/Xcode.app/Contents/Developer/Toolchains/XcodeDefault.xctoolchain/usr/bin/clang -x c -ivfsstatcache /Users/barriesanders/Library/Developer/Xcode/DerivedData/SDKStatCaches.noindex/macosx26.2-25C57-3885c01c3e6b6a337905948deab2002e00fa09913b459cbbc988d1f6730289ae.sdkstatcache -fmessage-length\=0 -fdiagnostics-show-note-include-stack -fmacro-backtrace-limit\=0 -fno-color-diagnostics -fmodules-prune-interval\=86400 -fmodules-prune-after\=345600 -fbuild-session-file\=/Users/barriesanders/Library/Developer/Xcode/DerivedData/ModuleCache.noindex/Session.modulevalidation -fmodules-validate-once-per-build-session -Wnon-modular-include-in-framework-module -Werror\=non-modular-include-in-framework-module -Wno-trigraphs -Wno-missing-field-initializers -Wno-missing-prototypes -Wunreachable-code -Wno-missing-braces -Wparentheses -Wswitch -Wunused-function -Wno-unused-label -Wno-unused-parameter -Wno-unused-variable -Wunused-value -Wempty-body -Wuninitialized -Wno-unknown-pragmas -Wno-shadow -Wno-four-char-constants -Wno-conversion -Wconstant-conversion -Wint-conversion -Wbool-conversion -Wenum-conversion -Wno-float-conversion -Wnon-literal-null-conversion -Wobjc-literal-conversion -Wshorten-64-to-32 -Wpointer-sign -Wno-newline-eof -Wno-implicit-fallthrough -fstrict-aliasing -Wdeprecated-declarations -Wno-sign-conversion -Winfinite-recursion -Wcomma -Wblock-capture-autoreleasing -Wstrict-prototypes -Wno-semicolon-before-method-body -index-store-path /Users/barriesanders/Library/Developer/Xcode/DerivedData/BSNES-ctmtzphmbkzmsibpffiarmkztbui/Index.noindex/DataStore @/Users/barriesanders/Library/Developer/Xcode/DerivedData/BSNES-ctmtzphmbkzmsibpffiarmkztbui/Build/Intermediates.noindex/BSNES.build/Debug/BSNES.build/Objects-normal/arm64/7187679823f38a2a940e0043cdf9d637-common-args.resp -MMD -MT dependencies -MF /Users/barriesanders/Library/Developer/Xcode/DerivedData/BSNES-ctmtzphmbkzmsibpffiarmkztbui/Build/Intermediates.noindex/BSNES.build/Debug/BSNES.build/Objects-normal/arm64/memory-6e6150eacbfb4f3c1071af3282829c1f.d --serialize-diagnostics /Users/barriesanders/Library/Developer/Xcode/DerivedData/BSNES-ctmtzphmbkzmsibpffiarmkztbui/Build/Intermediates.noindex/BSNES.build/Debug/BSNES.build/Objects-normal/arm64/memory-6e6150eacbfb4f3c1071af3282829c1f.dia -c /Users/barriesanders/.gemini/antigravity/scratch/OpenEmu_Port/BSNES/bsnes/bsnes/gb/Core/memory.c -o /Users/barriesanders/Library/Developer/Xcode/DerivedData/BSNES-ctmtzphmbkzmsibpffiarmkztbui/Build/Intermediates.noindex/BSNES.build/Debug/BSNES.build/Objects-normal/arm64/memory-6e6150eacbfb4f3c1071af3282829c1f.o -index-unit-output-path /BSNES.build/Debug/BSNES.build/Objects-normal/arm64/memory-6e6150eacbfb4f3c1071af3282829c1f.o

ScanDependencies /Users/barriesanders/Library/Developer/Xcode/DerivedData/BSNES-ctmtzphmbkzmsibpffiarmkztbui/Build/Intermediates.noindex/BSNES.build/Debug/BSNES.build/Objects-normal/arm64/mbc.o /Users/barriesanders/.gemini/antigravity/scratch/OpenEmu_Port/BSNES/bsnes/bsnes/gb/Core/mbc.c normal arm64 c com.apple.compilers.llvm.clang.1_0.compiler (in target 'BSNES' from project 'BSNES')
    cd /Users/barriesanders/.gemini/antigravity/scratch/OpenEmu_Port/BSNES
    
    Using response file: /Users/barriesanders/Library/Developer/Xcode/DerivedData/BSNES-ctmtzphmbkzmsibpffiarmkztbui/Build/Intermediates.noindex/BSNES.build/Debug/BSNES.build/Objects-normal/arm64/7187679823f38a2a940e0043cdf9d637-common-args.resp
    
    builtin-ScanDependencies -o /Users/barriesanders/Library/Developer/Xcode/DerivedData/BSNES-ctmtzphmbkzmsibpffiarmkztbui/Build/Intermediates.noindex/BSNES.build/Debug/BSNES.build/Objects-normal/arm64/mbc.o.scan -- /Applications/Xcode.app/Contents/Developer/Toolchains/XcodeDefault.xctoolchain/usr/bin/clang -x c -ivfsstatcache /Users/barriesanders/Library/Developer/Xcode/DerivedData/SDKStatCaches.noindex/macosx26.2-25C57-3885c01c3e6b6a337905948deab2002e00fa09913b459cbbc988d1f6730289ae.sdkstatcache -fmessage-length\=0 -fdiagnostics-show-note-include-stack -fmacro-backtrace-limit\=0 -fno-color-diagnostics -fmodules-prune-interval\=86400 -fmodules-prune-after\=345600 -fbuild-session-file\=/Users/barriesanders/Library/Developer/Xcode/DerivedData/ModuleCache.noindex/Session.modulevalidation -fmodules-validate-once-per-build-session -Wnon-modular-include-in-framework-module -Werror\=non-modular-include-in-framework-module -Wno-trigraphs -Wno-missing-field-initializers -Wno-missing-prototypes -Wunreachable-code -Wno-missing-braces -Wparentheses -Wswitch -Wunused-function -Wno-unused-label -Wno-unused-parameter -Wno-unused-variable -Wunused-value -Wempty-body -Wuninitialized -Wno-unknown-pragmas -Wno-shadow -Wno-four-char-constants -Wno-conversion -Wconstant-conversion -Wint-conversion -Wbool-conversion -Wenum-conversion -Wno-float-conversion -Wnon-literal-null-conversion -Wobjc-literal-conversion -Wshorten-64-to-32 -Wpointer-sign -Wno-newline-eof -Wno-implicit-fallthrough -fstrict-aliasing -Wdeprecated-declarations -Wno-sign-conversion -Winfinite-recursion -Wcomma -Wblock-capture-autoreleasing -Wstrict-prototypes -Wno-semicolon-before-method-body -index-store-path /Users/barriesanders/Library/Developer/Xcode/DerivedData/BSNES-ctmtzphmbkzmsibpffiarmkztbui/Index.noindex/DataStore @/Users/barriesanders/Library/Developer/Xcode/DerivedData/BSNES-ctmtzphmbkzmsibpffiarmkztbui/Build/Intermediates.noindex/BSNES.build/Debug/BSNES.build/Objects-normal/arm64/7187679823f38a2a940e0043cdf9d637-common-args.resp -MMD -MT dependencies -MF /Users/barriesanders/Library/Developer/Xcode/DerivedData/BSNES-ctmtzphmbkzmsibpffiarmkztbui/Build/Intermediates.noindex/BSNES.build/Debug/BSNES.build/Objects-normal/arm64/mbc.d --serialize-diagnostics /Users/barriesanders/Library/Developer/Xcode/DerivedData/BSNES-ctmtzphmbkzmsibpffiarmkztbui/Build/Intermediates.noindex/BSNES.build/Debug/BSNES.build/Objects-normal/arm64/mbc.dia -c /Users/barriesanders/.gemini/antigravity/scratch/OpenEmu_Port/BSNES/bsnes/bsnes/gb/Core/mbc.c -o /Users/barriesanders/Library/Developer/Xcode/DerivedData/BSNES-ctmtzphmbkzmsibpffiarmkztbui/Build/Intermediates.noindex/BSNES.build/Debug/BSNES.build/Objects-normal/arm64/mbc.o -index-unit-output-path /BSNES.build/Debug/BSNES.build/Objects-normal/arm64/mbc.o

CompileC /Users/barriesanders/Library/Developer/Xcode/DerivedData/BSNES-ctmtzphmbkzmsibpffiarmkztbui/Build/Intermediates.noindex/BSNES.build/Debug/BSNES.build/Objects-normal/arm64/symbol_hash.o /Users/barriesanders/.gemini/antigravity/scratch/OpenEmu_Port/BSNES/bsnes/bsnes/gb/Core/symbol_hash.c normal arm64 c com.apple.compilers.llvm.clang.1_0.compiler (in target 'BSNES' from project 'BSNES')
    cd /Users/barriesanders/.gemini/antigravity/scratch/OpenEmu_Port/BSNES
    
    Using response file: /Users/barriesanders/Library/Developer/Xcode/DerivedData/BSNES-ctmtzphmbkzmsibpffiarmkztbui/Build/Intermediates.noindex/BSNES.build/Debug/BSNES.build/Objects-normal/arm64/7187679823f38a2a940e0043cdf9d637-common-args.resp
    
    /Applications/Xcode.app/Contents/Developer/Toolchains/XcodeDefault.xctoolchain/usr/bin/clang -x c -ivfsstatcache /Users/barriesanders/Library/Developer/Xcode/DerivedData/SDKStatCaches.noindex/macosx26.2-25C57-3885c01c3e6b6a337905948deab2002e00fa09913b459cbbc988d1f6730289ae.sdkstatcache -fmessage-length\=0 -fdiagnostics-show-note-include-stack -fmacro-backtrace-limit\=0 -fno-color-diagnostics -fmodules-prune-interval\=86400 -fmodules-prune-after\=345600 -fbuild-session-file\=/Users/barriesanders/Library/Developer/Xcode/DerivedData/ModuleCache.noindex/Session.modulevalidation -fmodules-validate-once-per-build-session -Wnon-modular-include-in-framework-module -Werror\=non-modular-include-in-framework-module -Wno-trigraphs -Wno-missing-field-initializers -Wno-missing-prototypes -Wunreachable-code -Wno-missing-braces -Wparentheses -Wswitch -Wunused-function -Wno-unused-label -Wno-unused-parameter -Wno-unused-variable -Wunused-value -Wempty-body -Wuninitialized -Wno-unknown-pragmas -Wno-shadow -Wno-four-char-constants -Wno-conversion -Wconstant-conversion -Wint-conversion -Wbool-conversion -Wenum-conversion -Wno-float-conversion -Wnon-literal-null-conversion -Wobjc-literal-conversion -Wshorten-64-to-32 -Wpointer-sign -Wno-newline-eof -Wno-implicit-fallthrough -fstrict-aliasing -Wdeprecated-declarations -Wno-sign-conversion -Winfinite-recursion -Wcomma -Wblock-capture-autoreleasing -Wstrict-prototypes -Wno-semicolon-before-method-body -index-store-path /Users/barriesanders/Library/Developer/Xcode/DerivedData/BSNES-ctmtzphmbkzmsibpffiarmkztbui/Index.noindex/DataStore @/Users/barriesanders/Library/Developer/Xcode/DerivedData/BSNES-ctmtzphmbkzmsibpffiarmkztbui/Build/Intermediates.noindex/BSNES.build/Debug/BSNES.build/Objects-normal/arm64/7187679823f38a2a940e0043cdf9d637-common-args.resp -MMD -MT dependencies -MF /Users/barriesanders/Library/Developer/Xcode/DerivedData/BSNES-ctmtzphmbkzmsibpffiarmkztbui/Build/Intermediates.noindex/BSNES.build/Debug/BSNES.build/Objects-normal/arm64/symbol_hash.d --serialize-diagnostics /Users/barriesanders/Library/Developer/Xcode/DerivedData/BSNES-ctmtzphmbkzmsibpffiarmkztbui/Build/Intermediates.noindex/BSNES.build/Debug/BSNES.build/Objects-normal/arm64/symbol_hash.dia -c /Users/barriesanders/.gemini/antigravity/scratch/OpenEmu_Port/BSNES/bsnes/bsnes/gb/Core/symbol_hash.c -o /Users/barriesanders/Library/Developer/Xcode/DerivedData/BSNES-ctmtzphmbkzmsibpffiarmkztbui/Build/Intermediates.noindex/BSNES.build/Debug/BSNES.build/Objects-normal/arm64/symbol_hash.o -index-unit-output-path /BSNES.build/Debug/BSNES.build/Objects-normal/arm64/symbol_hash.o

CompileC /Users/barriesanders/Library/Developer/Xcode/DerivedData/BSNES-ctmtzphmbkzmsibpffiarmkztbui/Build/Intermediates.noindex/BSNES.build/Debug/BSNES.build/Objects-normal/arm64/sm83_cpu.o /Users/barriesanders/.gemini/antigravity/scratch/OpenEmu_Port/BSNES/bsnes/bsnes/gb/Core/sm83_cpu.c normal arm64 c com.apple.compilers.llvm.clang.1_0.compiler (in target 'BSNES' from project 'BSNES')
    cd /Users/barriesanders/.gemini/antigravity/scratch/OpenEmu_Port/BSNES
    
    Using response file: /Users/barriesanders/Library/Developer/Xcode/DerivedData/BSNES-ctmtzphmbkzmsibpffiarmkztbui/Build/Intermediates.noindex/BSNES.build/Debug/BSNES.build/Objects-normal/arm64/7187679823f38a2a940e0043cdf9d637-common-args.resp
    
    /Applications/Xcode.app/Contents/Developer/Toolchains/XcodeDefault.xctoolchain/usr/bin/clang -x c -ivfsstatcache /Users/barriesanders/Library/Developer/Xcode/DerivedData/SDKStatCaches.noindex/macosx26.2-25C57-3885c01c3e6b6a337905948deab2002e00fa09913b459cbbc988d1f6730289ae.sdkstatcache -fmessage-length\=0 -fdiagnostics-show-note-include-stack -fmacro-backtrace-limit\=0 -fno-color-diagnostics -fmodules-prune-interval\=86400 -fmodules-prune-after\=345600 -fbuild-session-file\=/Users/barriesanders/Library/Developer/Xcode/DerivedData/ModuleCache.noindex/Session.modulevalidation -fmodules-validate-once-per-build-session -Wnon-modular-include-in-framework-module -Werror\=non-modular-include-in-framework-module -Wno-trigraphs -Wno-missing-field-initializers -Wno-missing-prototypes -Wunreachable-code -Wno-missing-braces -Wparentheses -Wswitch -Wunused-function -Wno-unused-label -Wno-unused-parameter -Wno-unused-variable -Wunused-value -Wempty-body -Wuninitialized -Wno-unknown-pragmas -Wno-shadow -Wno-four-char-constants -Wno-conversion -Wconstant-conversion -Wint-conversion -Wbool-conversion -Wenum-conversion -Wno-float-conversion -Wnon-literal-null-conversion -Wobjc-literal-conversion -Wshorten-64-to-32 -Wpointer-sign -Wno-newline-eof -Wno-implicit-fallthrough -fstrict-aliasing -Wdeprecated-declarations -Wno-sign-conversion -Winfinite-recursion -Wcomma -Wblock-capture-autoreleasing -Wstrict-prototypes -Wno-semicolon-before-method-body -index-store-path /Users/barriesanders/Library/Developer/Xcode/DerivedData/BSNES-ctmtzphmbkzmsibpffiarmkztbui/Index.noindex/DataStore @/Users/barriesanders/Library/Developer/Xcode/DerivedData/BSNES-ctmtzphmbkzmsibpffiarmkztbui/Build/Intermediates.noindex/BSNES.build/Debug/BSNES.build/Objects-normal/arm64/7187679823f38a2a940e0043cdf9d637-common-args.resp -MMD -MT dependencies -MF /Users/barriesanders/Library/Developer/Xcode/DerivedData/BSNES-ctmtzphmbkzmsibpffiarmkztbui/Build/Intermediates.noindex/BSNES.build/Debug/BSNES.build/Objects-normal/arm64/sm83_cpu.d --serialize-diagnostics /Users/barriesanders/Library/Developer/Xcode/DerivedData/BSNES-ctmtzphmbkzmsibpffiarmkztbui/Build/Intermediates.noindex/BSNES.build/Debug/BSNES.build/Objects-normal/arm64/sm83_cpu.dia -c /Users/barriesanders/.gemini/antigravity/scratch/OpenEmu_Port/BSNES/bsnes/bsnes/gb/Core/sm83_cpu.c -o /Users/barriesanders/Library/Developer/Xcode/DerivedData/BSNES-ctmtzphmbkzmsibpffiarmkztbui/Build/Intermediates.noindex/BSNES.build/Debug/BSNES.build/Objects-normal/arm64/sm83_cpu.o -index-unit-output-path /BSNES.build/Debug/BSNES.build/Objects-normal/arm64/sm83_cpu.o

CompileC /Users/barriesanders/Library/Developer/Xcode/DerivedData/BSNES-ctmtzphmbkzmsibpffiarmkztbui/Build/Intermediates.noindex/BSNES.build/Debug/BSNES.build/Objects-normal/arm64/sgb.o /Users/barriesanders/.gemini/antigravity/scratch/OpenEmu_Port/BSNES/bsnes/bsnes/gb/Core/sgb.c normal arm64 c com.apple.compilers.llvm.clang.1_0.compiler (in target 'BSNES' from project 'BSNES')
    cd /Users/barriesanders/.gemini/antigravity/scratch/OpenEmu_Port/BSNES
    
    Using response file: /Users/barriesanders/Library/Developer/Xcode/DerivedData/BSNES-ctmtzphmbkzmsibpffiarmkztbui/Build/Intermediates.noindex/BSNES.build/Debug/BSNES.build/Objects-normal/arm64/7187679823f38a2a940e0043cdf9d637-common-args.resp
    
    /Applications/Xcode.app/Contents/Developer/Toolchains/XcodeDefault.xctoolchain/usr/bin/clang -x c -ivfsstatcache /Users/barriesanders/Library/Developer/Xcode/DerivedData/SDKStatCaches.noindex/macosx26.2-25C57-3885c01c3e6b6a337905948deab2002e00fa09913b459cbbc988d1f6730289ae.sdkstatcache -fmessage-length\=0 -fdiagnostics-show-note-include-stack -fmacro-backtrace-limit\=0 -fno-color-diagnostics -fmodules-prune-interval\=86400 -fmodules-prune-after\=345600 -fbuild-session-file\=/Users/barriesanders/Library/Developer/Xcode/DerivedData/ModuleCache.noindex/Session.modulevalidation -fmodules-validate-once-per-build-session -Wnon-modular-include-in-framework-module -Werror\=non-modular-include-in-framework-module -Wno-trigraphs -Wno-missing-field-initializers -Wno-missing-prototypes -Wunreachable-code -Wno-missing-braces -Wparentheses -Wswitch -Wunused-function -Wno-unused-label -Wno-unused-parameter -Wno-unused-variable -Wunused-value -Wempty-body -Wuninitialized -Wno-unknown-pragmas -Wno-shadow -Wno-four-char-constants -Wno-conversion -Wconstant-conversion -Wint-conversion -Wbool-conversion -Wenum-conversion -Wno-float-conversion -Wnon-literal-null-conversion -Wobjc-literal-conversion -Wshorten-64-to-32 -Wpointer-sign -Wno-newline-eof -Wno-implicit-fallthrough -fstrict-aliasing -Wdeprecated-declarations -Wno-sign-conversion -Winfinite-recursion -Wcomma -Wblock-capture-autoreleasing -Wstrict-prototypes -Wno-semicolon-before-method-body -index-store-path /Users/barriesanders/Library/Developer/Xcode/DerivedData/BSNES-ctmtzphmbkzmsibpffiarmkztbui/Index.noindex/DataStore @/Users/barriesanders/Library/Developer/Xcode/DerivedData/BSNES-ctmtzphmbkzmsibpffiarmkztbui/Build/Intermediates.noindex/BSNES.build/Debug/BSNES.build/Objects-normal/arm64/7187679823f38a2a940e0043cdf9d637-common-args.resp -MMD -MT dependencies -MF /Users/barriesanders/Library/Developer/Xcode/DerivedData/BSNES-ctmtzphmbkzmsibpffiarmkztbui/Build/Intermediates.noindex/BSNES.build/Debug/BSNES.build/Objects-normal/arm64/sgb.d --serialize-diagnostics /Users/barriesanders/Library/Developer/Xcode/DerivedData/BSNES-ctmtzphmbkzmsibpffiarmkztbui/Build/Intermediates.noindex/BSNES.build/Debug/BSNES.build/Objects-normal/arm64/sgb.dia -c /Users/barriesanders/.gemini/antigravity/scratch/OpenEmu_Port/BSNES/bsnes/bsnes/gb/Core/sgb.c -o /Users/barriesanders/Library/Developer/Xcode/DerivedData/BSNES-ctmtzphmbkzmsibpffiarmkztbui/Build/Intermediates.noindex/BSNES.build/Debug/BSNES.build/Objects-normal/arm64/sgb.o -index-unit-output-path /BSNES.build/Debug/BSNES.build/Objects-normal/arm64/sgb.o

CompileC /Users/barriesanders/Library/Developer/Xcode/DerivedData/BSNES-ctmtzphmbkzmsibpffiarmkztbui/Build/Intermediates.noindex/BSNES.build/Debug/BSNES.build/Objects-normal/arm64/save_state.o /Users/barriesanders/.gemini/antigravity/scratch/OpenEmu_Port/BSNES/bsnes/bsnes/gb/Core/save_state.c normal arm64 c com.apple.compilers.llvm.clang.1_0.compiler (in target 'BSNES' from project 'BSNES')
    cd /Users/barriesanders/.gemini/antigravity/scratch/OpenEmu_Port/BSNES
    
    Using response file: /Users/barriesanders/Library/Developer/Xcode/DerivedData/BSNES-ctmtzphmbkzmsibpffiarmkztbui/Build/Intermediates.noindex/BSNES.build/Debug/BSNES.build/Objects-normal/arm64/7187679823f38a2a940e0043cdf9d637-common-args.resp
    
    /Applications/Xcode.app/Contents/Developer/Toolchains/XcodeDefault.xctoolchain/usr/bin/clang -x c -ivfsstatcache /Users/barriesanders/Library/Developer/Xcode/DerivedData/SDKStatCaches.noindex/macosx26.2-25C57-3885c01c3e6b6a337905948deab2002e00fa09913b459cbbc988d1f6730289ae.sdkstatcache -fmessage-length\=0 -fdiagnostics-show-note-include-stack -fmacro-backtrace-limit\=0 -fno-color-diagnostics -fmodules-prune-interval\=86400 -fmodules-prune-after\=345600 -fbuild-session-file\=/Users/barriesanders/Library/Developer/Xcode/DerivedData/ModuleCache.noindex/Session.modulevalidation -fmodules-validate-once-per-build-session -Wnon-modular-include-in-framework-module -Werror\=non-modular-include-in-framework-module -Wno-trigraphs -Wno-missing-field-initializers -Wno-missing-prototypes -Wunreachable-code -Wno-missing-braces -Wparentheses -Wswitch -Wunused-function -Wno-unused-label -Wno-unused-parameter -Wno-unused-variable -Wunused-value -Wempty-body -Wuninitialized -Wno-unknown-pragmas -Wno-shadow -Wno-four-char-constants -Wno-conversion -Wconstant-conversion -Wint-conversion -Wbool-conversion -Wenum-conversion -Wno-float-conversion -Wnon-literal-null-conversion -Wobjc-literal-conversion -Wshorten-64-to-32 -Wpointer-sign -Wno-newline-eof -Wno-implicit-fallthrough -fstrict-aliasing -Wdeprecated-declarations -Wno-sign-conversion -Winfinite-recursion -Wcomma -Wblock-capture-autoreleasing -Wstrict-prototypes -Wno-semicolon-before-method-body -index-store-path /Users/barriesanders/Library/Developer/Xcode/DerivedData/BSNES-ctmtzphmbkzmsibpffiarmkztbui/Index.noindex/DataStore @/Users/barriesanders/Library/Developer/Xcode/DerivedData/BSNES-ctmtzphmbkzmsibpffiarmkztbui/Build/Intermediates.noindex/BSNES.build/Debug/BSNES.build/Objects-normal/arm64/7187679823f38a2a940e0043cdf9d637-common-args.resp -MMD -MT dependencies -MF /Users/barriesanders/Library/Developer/Xcode/DerivedData/BSNES-ctmtzphmbkzmsibpffiarmkztbui/Build/Intermediates.noindex/BSNES.build/Debug/BSNES.build/Objects-normal/arm64/save_state.d --serialize-diagnostics /Users/barriesanders/Library/Developer/Xcode/DerivedData/BSNES-ctmtzphmbkzmsibpffiarmkztbui/Build/Intermediates.noindex/BSNES.build/Debug/BSNES.build/Objects-normal/arm64/save_state.dia -c /Users/barriesanders/.gemini/antigravity/scratch/OpenEmu_Port/BSNES/bsnes/bsnes/gb/Core/save_state.c -o /Users/barriesanders/Library/Developer/Xcode/DerivedData/BSNES-ctmtzphmbkzmsibpffiarmkztbui/Build/Intermediates.noindex/BSNES.build/Debug/BSNES.build/Objects-normal/arm64/save_state.o -index-unit-output-path /BSNES.build/Debug/BSNES.build/Objects-normal/arm64/save_state.o
/Users/barriesanders/.gemini/antigravity/scratch/OpenEmu_Port/BSNES/bsnes/bsnes/gb/Core/save_state.c:559:45: warning: implicit conversion loses integer precision: 'size_t' (aka 'unsigned long') to 'uint32_t' (aka 'unsigned int') [-Wshorten-64-to-32]
  559 |     uint32_t hram_offset = file->tell(file) + 4;
      |              ~~~~~~~~~~~   ~~~~~~~~~~~~~~~~~^~~
/Users/barriesanders/.gemini/antigravity/scratch/OpenEmu_Port/BSNES/bsnes/bsnes/gb/Core/save_state.c:564:46: warning: implicit conversion loses integer precision: 'size_t' (aka 'unsigned long') to 'uint32_t' (aka 'unsigned int') [-Wshorten-64-to-32]
  564 |     uint32_t video_offset = file->tell(file) + 4;
      |              ~~~~~~~~~~~~   ~~~~~~~~~~~~~~~~~^~~
/Users/barriesanders/.gemini/antigravity/scratch/OpenEmu_Port/BSNES/bsnes/bsnes/gb/Core/save_state.c:571:39: warning: implicit conversion loses integer precision: 'size_t' (aka 'unsigned long') to 'uint32_t' (aka 'unsigned int') [-Wshorten-64-to-32]
  571 |         sgb_offset = file->tell(file) + 4;
      |                    ~ ~~~~~~~~~~~~~~~~~^~~
/Users/barriesanders/.gemini/antigravity/scratch/OpenEmu_Port/BSNES/bsnes/bsnes/gb/Core/save_state.c:578:37: warning: implicit conversion loses integer precision: 'size_t' (aka 'unsigned long') to 'uint32_t' (aka 'unsigned int') [-Wshorten-64-to-32]
  578 |     bess_core.mbc_ram.offset = LE32(file->tell(file));
      |                              ~      ^~~~~~~~~~~~~~~~
In file included from /Users/barriesanders/.gemini/antigravity/scratch/OpenEmu_Port/BSNES/bsnes/bsnes/gb/Core/save_state.c:1:
In file included from /Users/barriesanders/.gemini/antigravity/scratch/OpenEmu_Port/BSNES/bsnes/bsnes/gb/Core/gb.h:23:
/Users/barriesanders/.gemini/antigravity/scratch/OpenEmu_Port/BSNES/bsnes/bsnes/gb/Core/defs.h:61:18: note: expanded from macro 'LE32'
   61 | #define LE32(x) (x)
      |                  ^
/Users/barriesanders/.gemini/antigravity/scratch/OpenEmu_Port/BSNES/bsnes/bsnes/gb/Core/save_state.c:584:33: warning: implicit conversion loses integer precision: 'size_t' (aka 'unsigned long') to 'uint32_t' (aka 'unsigned int') [-Wshorten-64-to-32]
  584 |     bess_core.ram.offset = LE32(file->tell(file));
      |                          ~      ^~~~~~~~~~~~~~~~
In file included from /Users/barriesanders/.gemini/antigravity/scratch/OpenEmu_Port/BSNES/bsnes/bsnes/gb/Core/save_state.c:1:
In file included from /Users/barriesanders/.gemini/antigravity/scratch/OpenEmu_Port/BSNES/bsnes/bsnes/gb/Core/gb.h:23:
/Users/barriesanders/.gemini/antigravity/scratch/OpenEmu_Port/BSNES/bsnes/bsnes/gb/Core/defs.h:61:18: note: expanded from macro 'LE32'
   61 | #define LE32(x) (x)
      |                  ^
/Users/barriesanders/.gemini/antigravity/scratch/OpenEmu_Port/BSNES/bsnes/bsnes/gb/Core/save_state.c:590:34: warning: implicit conversion loses integer precision: 'size_t' (aka 'unsigned long') to 'uint32_t' (aka 'unsigned int') [-Wshorten-64-to-32]
  590 |     bess_core.vram.offset = LE32(file->tell(file));
      |                           ~      ^~~~~~~~~~~~~~~~
In file included from /Users/barriesanders/.gemini/antigravity/scratch/OpenEmu_Port/BSNES/bsnes/bsnes/gb/Core/save_state.c:1:
In file included from /Users/barriesanders/.gemini/antigravity/scratch/OpenEmu_Port/BSNES/bsnes/bsnes/gb/Core/gb.h:23:
/Users/barriesanders/.gemini/antigravity/scratch/OpenEmu_Port/BSNES/bsnes/bsnes/gb/Core/defs.h:61:18: note: expanded from macro 'LE32'
   61 | #define LE32(x) (x)
      |                  ^
/Users/barriesanders/.gemini/antigravity/scratch/OpenEmu_Port/BSNES/bsnes/bsnes/gb/Core/save_state.c:599:30: warning: implicit conversion loses integer precision: 'size_t' (aka 'unsigned long') to 'uint32_t' (aka 'unsigned int') [-Wshorten-64-to-32]
  598 |     BESS_footer_t bess_footer = {
      |                                 ~
  599 |         .start_offset = LE32(file->tell(file)),
      |                              ^~~~~~~~~~~~~~~~
In file included from /Users/barriesanders/.gemini/antigravity/scratch/OpenEmu_Port/BSNES/bsnes/bsnes/gb/Core/save_state.c:1:
In file included from /Users/barriesanders/.gemini/antigravity/scratch/OpenEmu_Port/BSNES/bsnes/bsnes/gb/Core/gb.h:23:
/Users/barriesanders/.gemini/antigravity/scratch/OpenEmu_Port/BSNES/bsnes/bsnes/gb/Core/defs.h:61:18: note: expanded from macro 'LE32'
   61 | #define LE32(x) (x)
      |                  ^
7 warnings generated.

CompileC /Users/barriesanders/Library/Developer/Xcode/DerivedData/BSNES-ctmtzphmbkzmsibpffiarmkztbui/Build/Intermediates.noindex/BSNES.build/Debug/BSNES.build/Objects-normal/arm64/rewind.o /Users/barriesanders/.gemini/antigravity/scratch/OpenEmu_Port/BSNES/bsnes/bsnes/gb/Core/rewind.c normal arm64 c com.apple.compilers.llvm.clang.1_0.compiler (in target 'BSNES' from project 'BSNES')
    cd /Users/barriesanders/.gemini/antigravity/scratch/OpenEmu_Port/BSNES
    
    Using response file: /Users/barriesanders/Library/Developer/Xcode/DerivedData/BSNES-ctmtzphmbkzmsibpffiarmkztbui/Build/Intermediates.noindex/BSNES.build/Debug/BSNES.build/Objects-normal/arm64/7187679823f38a2a940e0043cdf9d637-common-args.resp
    
    /Applications/Xcode.app/Contents/Developer/Toolchains/XcodeDefault.xctoolchain/usr/bin/clang -x c -ivfsstatcache /Users/barriesanders/Library/Developer/Xcode/DerivedData/SDKStatCaches.noindex/macosx26.2-25C57-3885c01c3e6b6a337905948deab2002e00fa09913b459cbbc988d1f6730289ae.sdkstatcache -fmessage-length\=0 -fdiagnostics-show-note-include-stack -fmacro-backtrace-limit\=0 -fno-color-diagnostics -fmodules-prune-interval\=86400 -fmodules-prune-after\=345600 -fbuild-session-file\=/Users/barriesanders/Library/Developer/Xcode/DerivedData/ModuleCache.noindex/Session.modulevalidation -fmodules-validate-once-per-build-session -Wnon-modular-include-in-framework-module -Werror\=non-modular-include-in-framework-module -Wno-trigraphs -Wno-missing-field-initializers -Wno-missing-prototypes -Wunreachable-code -Wno-missing-braces -Wparentheses -Wswitch -Wunused-function -Wno-unused-label -Wno-unused-parameter -Wno-unused-variable -Wunused-value -Wempty-body -Wuninitialized -Wno-unknown-pragmas -Wno-shadow -Wno-four-char-constants -Wno-conversion -Wconstant-conversion -Wint-conversion -Wbool-conversion -Wenum-conversion -Wno-float-conversion -Wnon-literal-null-conversion -Wobjc-literal-conversion -Wshorten-64-to-32 -Wpointer-sign -Wno-newline-eof -Wno-implicit-fallthrough -fstrict-aliasing -Wdeprecated-declarations -Wno-sign-conversion -Winfinite-recursion -Wcomma -Wblock-capture-autoreleasing -Wstrict-prototypes -Wno-semicolon-before-method-body -index-store-path /Users/barriesanders/Library/Developer/Xcode/DerivedData/BSNES-ctmtzphmbkzmsibpffiarmkztbui/Index.noindex/DataStore @/Users/barriesanders/Library/Developer/Xcode/DerivedData/BSNES-ctmtzphmbkzmsibpffiarmkztbui/Build/Intermediates.noindex/BSNES.build/Debug/BSNES.build/Objects-normal/arm64/7187679823f38a2a940e0043cdf9d637-common-args.resp -MMD -MT dependencies -MF /Users/barriesanders/Library/Developer/Xcode/DerivedData/BSNES-ctmtzphmbkzmsibpffiarmkztbui/Build/Intermediates.noindex/BSNES.build/Debug/BSNES.build/Objects-normal/arm64/rewind.d --serialize-diagnostics /Users/barriesanders/Library/Developer/Xcode/DerivedData/BSNES-ctmtzphmbkzmsibpffiarmkztbui/Build/Intermediates.noindex/BSNES.build/Debug/BSNES.build/Objects-normal/arm64/rewind.dia -c /Users/barriesanders/.gemini/antigravity/scratch/OpenEmu_Port/BSNES/bsnes/bsnes/gb/Core/rewind.c -o /Users/barriesanders/Library/Developer/Xcode/DerivedData/BSNES-ctmtzphmbkzmsibpffiarmkztbui/Build/Intermediates.noindex/BSNES.build/Debug/BSNES.build/Objects-normal/arm64/rewind.o -index-unit-output-path /BSNES.build/Debug/BSNES.build/Objects-normal/arm64/rewind.o

CompileC /Users/barriesanders/Library/Developer/Xcode/DerivedData/BSNES-ctmtzphmbkzmsibpffiarmkztbui/Build/Intermediates.noindex/BSNES.build/Debug/BSNES.build/Objects-normal/arm64/random.o /Users/barriesanders/.gemini/antigravity/scratch/OpenEmu_Port/BSNES/bsnes/bsnes/gb/Core/random.c normal arm64 c com.apple.compilers.llvm.clang.1_0.compiler (in target 'BSNES' from project 'BSNES')
    cd /Users/barriesanders/.gemini/antigravity/scratch/OpenEmu_Port/BSNES
    
    Using response file: /Users/barriesanders/Library/Developer/Xcode/DerivedData/BSNES-ctmtzphmbkzmsibpffiarmkztbui/Build/Intermediates.noindex/BSNES.build/Debug/BSNES.build/Objects-normal/arm64/7187679823f38a2a940e0043cdf9d637-common-args.resp
    
    /Applications/Xcode.app/Contents/Developer/Toolchains/XcodeDefault.xctoolchain/usr/bin/clang -x c -ivfsstatcache /Users/barriesanders/Library/Developer/Xcode/DerivedData/SDKStatCaches.noindex/macosx26.2-25C57-3885c01c3e6b6a337905948deab2002e00fa09913b459cbbc988d1f6730289ae.sdkstatcache -fmessage-length\=0 -fdiagnostics-show-note-include-stack -fmacro-backtrace-limit\=0 -fno-color-diagnostics -fmodules-prune-interval\=86400 -fmodules-prune-after\=345600 -fbuild-session-file\=/Users/barriesanders/Library/Developer/Xcode/DerivedData/ModuleCache.noindex/Session.modulevalidation -fmodules-validate-once-per-build-session -Wnon-modular-include-in-framework-module -Werror\=non-modular-include-in-framework-module -Wno-trigraphs -Wno-missing-field-initializers -Wno-missing-prototypes -Wunreachable-code -Wno-missing-braces -Wparentheses -Wswitch -Wunused-function -Wno-unused-label -Wno-unused-parameter -Wno-unused-variable -Wunused-value -Wempty-body -Wuninitialized -Wno-unknown-pragmas -Wno-shadow -Wno-four-char-constants -Wno-conversion -Wconstant-conversion -Wint-conversion -Wbool-conversion -Wenum-conversion -Wno-float-conversion -Wnon-literal-null-conversion -Wobjc-literal-conversion -Wshorten-64-to-32 -Wpointer-sign -Wno-newline-eof -Wno-implicit-fallthrough -fstrict-aliasing -Wdeprecated-declarations -Wno-sign-conversion -Winfinite-recursion -Wcomma -Wblock-capture-autoreleasing -Wstrict-prototypes -Wno-semicolon-before-method-body -index-store-path /Users/barriesanders/Library/Developer/Xcode/DerivedData/BSNES-ctmtzphmbkzmsibpffiarmkztbui/Index.noindex/DataStore @/Users/barriesanders/Library/Developer/Xcode/DerivedData/BSNES-ctmtzphmbkzmsibpffiarmkztbui/Build/Intermediates.noindex/BSNES.build/Debug/BSNES.build/Objects-normal/arm64/7187679823f38a2a940e0043cdf9d637-common-args.resp -MMD -MT dependencies -MF /Users/barriesanders/Library/Developer/Xcode/DerivedData/BSNES-ctmtzphmbkzmsibpffiarmkztbui/Build/Intermediates.noindex/BSNES.build/Debug/BSNES.build/Objects-normal/arm64/random.d --serialize-diagnostics /Users/barriesanders/Library/Developer/Xcode/DerivedData/BSNES-ctmtzphmbkzmsibpffiarmkztbui/Build/Intermediates.noindex/BSNES.build/Debug/BSNES.build/Objects-normal/arm64/random.dia -c /Users/barriesanders/.gemini/antigravity/scratch/OpenEmu_Port/BSNES/bsnes/bsnes/gb/Core/random.c -o /Users/barriesanders/Library/Developer/Xcode/DerivedData/BSNES-ctmtzphmbkzmsibpffiarmkztbui/Build/Intermediates.noindex/BSNES.build/Debug/BSNES.build/Objects-normal/arm64/random.o -index-unit-output-path /BSNES.build/Debug/BSNES.build/Objects-normal/arm64/random.o

CompileC /Users/barriesanders/Library/Developer/Xcode/DerivedData/BSNES-ctmtzphmbkzmsibpffiarmkztbui/Build/Intermediates.noindex/BSNES.build/Debug/BSNES.build/Objects-normal/arm64/printer.o /Users/barriesanders/.gemini/antigravity/scratch/OpenEmu_Port/BSNES/bsnes/bsnes/gb/Core/printer.c normal arm64 c com.apple.compilers.llvm.clang.1_0.compiler (in target 'BSNES' from project 'BSNES')
    cd /Users/barriesanders/.gemini/antigravity/scratch/OpenEmu_Port/BSNES
    
    Using response file: /Users/barriesanders/Library/Developer/Xcode/DerivedData/BSNES-ctmtzphmbkzmsibpffiarmkztbui/Build/Intermediates.noindex/BSNES.build/Debug/BSNES.build/Objects-normal/arm64/7187679823f38a2a940e0043cdf9d637-common-args.resp
    
    /Applications/Xcode.app/Contents/Developer/Toolchains/XcodeDefault.xctoolchain/usr/bin/clang -x c -ivfsstatcache /Users/barriesanders/Library/Developer/Xcode/DerivedData/SDKStatCaches.noindex/macosx26.2-25C57-3885c01c3e6b6a337905948deab2002e00fa09913b459cbbc988d1f6730289ae.sdkstatcache -fmessage-length\=0 -fdiagnostics-show-note-include-stack -fmacro-backtrace-limit\=0 -fno-color-diagnostics -fmodules-prune-interval\=86400 -fmodules-prune-after\=345600 -fbuild-session-file\=/Users/barriesanders/Library/Developer/Xcode/DerivedData/ModuleCache.noindex/Session.modulevalidation -fmodules-validate-once-per-build-session -Wnon-modular-include-in-framework-module -Werror\=non-modular-include-in-framework-module -Wno-trigraphs -Wno-missing-field-initializers -Wno-missing-prototypes -Wunreachable-code -Wno-missing-braces -Wparentheses -Wswitch -Wunused-function -Wno-unused-label -Wno-unused-parameter -Wno-unused-variable -Wunused-value -Wempty-body -Wuninitialized -Wno-unknown-pragmas -Wno-shadow -Wno-four-char-constants -Wno-conversion -Wconstant-conversion -Wint-conversion -Wbool-conversion -Wenum-conversion -Wno-float-conversion -Wnon-literal-null-conversion -Wobjc-literal-conversion -Wshorten-64-to-32 -Wpointer-sign -Wno-newline-eof -Wno-implicit-fallthrough -fstrict-aliasing -Wdeprecated-declarations -Wno-sign-conversion -Winfinite-recursion -Wcomma -Wblock-capture-autoreleasing -Wstrict-prototypes -Wno-semicolon-before-method-body -index-store-path /Users/barriesanders/Library/Developer/Xcode/DerivedData/BSNES-ctmtzphmbkzmsibpffiarmkztbui/Index.noindex/DataStore @/Users/barriesanders/Library/Developer/Xcode/DerivedData/BSNES-ctmtzphmbkzmsibpffiarmkztbui/Build/Intermediates.noindex/BSNES.build/Debug/BSNES.build/Objects-normal/arm64/7187679823f38a2a940e0043cdf9d637-common-args.resp -MMD -MT dependencies -MF /Users/barriesanders/Library/Developer/Xcode/DerivedData/BSNES-ctmtzphmbkzmsibpffiarmkztbui/Build/Intermediates.noindex/BSNES.build/Debug/BSNES.build/Objects-normal/arm64/printer.d --serialize-diagnostics /Users/barriesanders/Library/Developer/Xcode/DerivedData/BSNES-ctmtzphmbkzmsibpffiarmkztbui/Build/Intermediates.noindex/BSNES.build/Debug/BSNES.build/Objects-normal/arm64/printer.dia -c /Users/barriesanders/.gemini/antigravity/scratch/OpenEmu_Port/BSNES/bsnes/bsnes/gb/Core/printer.c -o /Users/barriesanders/Library/Developer/Xcode/DerivedData/BSNES-ctmtzphmbkzmsibpffiarmkztbui/Build/Intermediates.noindex/BSNES.build/Debug/BSNES.build/Objects-normal/arm64/printer.o -index-unit-output-path /BSNES.build/Debug/BSNES.build/Objects-normal/arm64/printer.o

CompileC /Users/barriesanders/Library/Developer/Xcode/DerivedData/BSNES-ctmtzphmbkzmsibpffiarmkztbui/Build/Intermediates.noindex/BSNES.build/Debug/BSNES.build/Objects-normal/arm64/memory-6e6150eacbfb4f3c1071af3282829c1f.o /Users/barriesanders/.gemini/antigravity/scratch/OpenEmu_Port/BSNES/bsnes/bsnes/gb/Core/memory.c normal arm64 c com.apple.compilers.llvm.clang.1_0.compiler (in target 'BSNES' from project 'BSNES')
    cd /Users/barriesanders/.gemini/antigravity/scratch/OpenEmu_Port/BSNES
    
    Using response file: /Users/barriesanders/Library/Developer/Xcode/DerivedData/BSNES-ctmtzphmbkzmsibpffiarmkztbui/Build/Intermediates.noindex/BSNES.build/Debug/BSNES.build/Objects-normal/arm64/7187679823f38a2a940e0043cdf9d637-common-args.resp
    
    /Applications/Xcode.app/Contents/Developer/Toolchains/XcodeDefault.xctoolchain/usr/bin/clang -x c -ivfsstatcache /Users/barriesanders/Library/Developer/Xcode/DerivedData/SDKStatCaches.noindex/macosx26.2-25C57-3885c01c3e6b6a337905948deab2002e00fa09913b459cbbc988d1f6730289ae.sdkstatcache -fmessage-length\=0 -fdiagnostics-show-note-include-stack -fmacro-backtrace-limit\=0 -fno-color-diagnostics -fmodules-prune-interval\=86400 -fmodules-prune-after\=345600 -fbuild-session-file\=/Users/barriesanders/Library/Developer/Xcode/DerivedData/ModuleCache.noindex/Session.modulevalidation -fmodules-validate-once-per-build-session -Wnon-modular-include-in-framework-module -Werror\=non-modular-include-in-framework-module -Wno-trigraphs -Wno-missing-field-initializers -Wno-missing-prototypes -Wunreachable-code -Wno-missing-braces -Wparentheses -Wswitch -Wunused-function -Wno-unused-label -Wno-unused-parameter -Wno-unused-variable -Wunused-value -Wempty-body -Wuninitialized -Wno-unknown-pragmas -Wno-shadow -Wno-four-char-constants -Wno-conversion -Wconstant-conversion -Wint-conversion -Wbool-conversion -Wenum-conversion -Wno-float-conversion -Wnon-literal-null-conversion -Wobjc-literal-conversion -Wshorten-64-to-32 -Wpointer-sign -Wno-newline-eof -Wno-implicit-fallthrough -fstrict-aliasing -Wdeprecated-declarations -Wno-sign-conversion -Winfinite-recursion -Wcomma -Wblock-capture-autoreleasing -Wstrict-prototypes -Wno-semicolon-before-method-body -index-store-path /Users/barriesanders/Library/Developer/Xcode/DerivedData/BSNES-ctmtzphmbkzmsibpffiarmkztbui/Index.noindex/DataStore @/Users/barriesanders/Library/Developer/Xcode/DerivedData/BSNES-ctmtzphmbkzmsibpffiarmkztbui/Build/Intermediates.noindex/BSNES.build/Debug/BSNES.build/Objects-normal/arm64/7187679823f38a2a940e0043cdf9d637-common-args.resp -MMD -MT dependencies -MF /Users/barriesanders/Library/Developer/Xcode/DerivedData/BSNES-ctmtzphmbkzmsibpffiarmkztbui/Build/Intermediates.noindex/BSNES.build/Debug/BSNES.build/Objects-normal/arm64/memory-6e6150eacbfb4f3c1071af3282829c1f.d --serialize-diagnostics /Users/barriesanders/Library/Developer/Xcode/DerivedData/BSNES-ctmtzphmbkzmsibpffiarmkztbui/Build/Intermediates.noindex/BSNES.build/Debug/BSNES.build/Objects-normal/arm64/memory-6e6150eacbfb4f3c1071af3282829c1f.dia -c /Users/barriesanders/.gemini/antigravity/scratch/OpenEmu_Port/BSNES/bsnes/bsnes/gb/Core/memory.c -o /Users/barriesanders/Library/Developer/Xcode/DerivedData/BSNES-ctmtzphmbkzmsibpffiarmkztbui/Build/Intermediates.noindex/BSNES.build/Debug/BSNES.build/Objects-normal/arm64/memory-6e6150eacbfb4f3c1071af3282829c1f.o -index-unit-output-path /BSNES.build/Debug/BSNES.build/Objects-normal/arm64/memory-6e6150eacbfb4f3c1071af3282829c1f.o

CompileC /Users/barriesanders/Library/Developer/Xcode/DerivedData/BSNES-ctmtzphmbkzmsibpffiarmkztbui/Build/Intermediates.noindex/BSNES.build/Debug/BSNES.build/Objects-normal/arm64/mbc.o /Users/barriesanders/.gemini/antigravity/scratch/OpenEmu_Port/BSNES/bsnes/bsnes/gb/Core/mbc.c normal arm64 c com.apple.compilers.llvm.clang.1_0.compiler (in target 'BSNES' from project 'BSNES')
    cd /Users/barriesanders/.gemini/antigravity/scratch/OpenEmu_Port/BSNES
    
    Using response file: /Users/barriesanders/Library/Developer/Xcode/DerivedData/BSNES-ctmtzphmbkzmsibpffiarmkztbui/Build/Intermediates.noindex/BSNES.build/Debug/BSNES.build/Objects-normal/arm64/7187679823f38a2a940e0043cdf9d637-common-args.resp
    
    /Applications/Xcode.app/Contents/Developer/Toolchains/XcodeDefault.xctoolchain/usr/bin/clang -x c -ivfsstatcache /Users/barriesanders/Library/Developer/Xcode/DerivedData/SDKStatCaches.noindex/macosx26.2-25C57-3885c01c3e6b6a337905948deab2002e00fa09913b459cbbc988d1f6730289ae.sdkstatcache -fmessage-length\=0 -fdiagnostics-show-note-include-stack -fmacro-backtrace-limit\=0 -fno-color-diagnostics -fmodules-prune-interval\=86400 -fmodules-prune-after\=345600 -fbuild-session-file\=/Users/barriesanders/Library/Developer/Xcode/DerivedData/ModuleCache.noindex/Session.modulevalidation -fmodules-validate-once-per-build-session -Wnon-modular-include-in-framework-module -Werror\=non-modular-include-in-framework-module -Wno-trigraphs -Wno-missing-field-initializers -Wno-missing-prototypes -Wunreachable-code -Wno-missing-braces -Wparentheses -Wswitch -Wunused-function -Wno-unused-label -Wno-unused-parameter -Wno-unused-variable -Wunused-value -Wempty-body -Wuninitialized -Wno-unknown-pragmas -Wno-shadow -Wno-four-char-constants -Wno-conversion -Wconstant-conversion -Wint-conversion -Wbool-conversion -Wenum-conversion -Wno-float-conversion -Wnon-literal-null-conversion -Wobjc-literal-conversion -Wshorten-64-to-32 -Wpointer-sign -Wno-newline-eof -Wno-implicit-fallthrough -fstrict-aliasing -Wdeprecated-declarations -Wno-sign-conversion -Winfinite-recursion -Wcomma -Wblock-capture-autoreleasing -Wstrict-prototypes -Wno-semicolon-before-method-body -index-store-path /Users/barriesanders/Library/Developer/Xcode/DerivedData/BSNES-ctmtzphmbkzmsibpffiarmkztbui/Index.noindex/DataStore @/Users/barriesanders/Library/Developer/Xcode/DerivedData/BSNES-ctmtzphmbkzmsibpffiarmkztbui/Build/Intermediates.noindex/BSNES.build/Debug/BSNES.build/Objects-normal/arm64/7187679823f38a2a940e0043cdf9d637-common-args.resp -MMD -MT dependencies -MF /Users/barriesanders/Library/Developer/Xcode/DerivedData/BSNES-ctmtzphmbkzmsibpffiarmkztbui/Build/Intermediates.noindex/BSNES.build/Debug/BSNES.build/Objects-normal/arm64/mbc.d --serialize-diagnostics /Users/barriesanders/Library/Developer/Xcode/DerivedData/BSNES-ctmtzphmbkzmsibpffiarmkztbui/Build/Intermediates.noindex/BSNES.build/Debug/BSNES.build/Objects-normal/arm64/mbc.dia -c /Users/barriesanders/.gemini/antigravity/scratch/OpenEmu_Port/BSNES/bsnes/bsnes/gb/Core/mbc.c -o /Users/barriesanders/Library/Developer/Xcode/DerivedData/BSNES-ctmtzphmbkzmsibpffiarmkztbui/Build/Intermediates.noindex/BSNES.build/Debug/BSNES.build/Objects-normal/arm64/mbc.o -index-unit-output-path /BSNES.build/Debug/BSNES.build/Objects-normal/arm64/mbc.o

ScanDependencies /Users/barriesanders/Library/Developer/Xcode/DerivedData/BSNES-ctmtzphmbkzmsibpffiarmkztbui/Build/Intermediates.noindex/BSNES.build/Debug/BSNES.build/Objects-normal/arm64/joypad.o /Users/barriesanders/.gemini/antigravity/scratch/OpenEmu_Port/BSNES/bsnes/bsnes/gb/Core/joypad.c normal arm64 c com.apple.compilers.llvm.clang.1_0.compiler (in target 'BSNES' from project 'BSNES')
    cd /Users/barriesanders/.gemini/antigravity/scratch/OpenEmu_Port/BSNES
    
    Using response file: /Users/barriesanders/Library/Developer/Xcode/DerivedData/BSNES-ctmtzphmbkzmsibpffiarmkztbui/Build/Intermediates.noindex/BSNES.build/Debug/BSNES.build/Objects-normal/arm64/7187679823f38a2a940e0043cdf9d637-common-args.resp
    
    builtin-ScanDependencies -o /Users/barriesanders/Library/Developer/Xcode/DerivedData/BSNES-ctmtzphmbkzmsibpffiarmkztbui/Build/Intermediates.noindex/BSNES.build/Debug/BSNES.build/Objects-normal/arm64/joypad.o.scan -- /Applications/Xcode.app/Contents/Developer/Toolchains/XcodeDefault.xctoolchain/usr/bin/clang -x c -ivfsstatcache /Users/barriesanders/Library/Developer/Xcode/DerivedData/SDKStatCaches.noindex/macosx26.2-25C57-3885c01c3e6b6a337905948deab2002e00fa09913b459cbbc988d1f6730289ae.sdkstatcache -fmessage-length\=0 -fdiagnostics-show-note-include-stack -fmacro-backtrace-limit\=0 -fno-color-diagnostics -fmodules-prune-interval\=86400 -fmodules-prune-after\=345600 -fbuild-session-file\=/Users/barriesanders/Library/Developer/Xcode/DerivedData/ModuleCache.noindex/Session.modulevalidation -fmodules-validate-once-per-build-session -Wnon-modular-include-in-framework-module -Werror\=non-modular-include-in-framework-module -Wno-trigraphs -Wno-missing-field-initializers -Wno-missing-prototypes -Wunreachable-code -Wno-missing-braces -Wparentheses -Wswitch -Wunused-function -Wno-unused-label -Wno-unused-parameter -Wno-unused-variable -Wunused-value -Wempty-body -Wuninitialized -Wno-unknown-pragmas -Wno-shadow -Wno-four-char-constants -Wno-conversion -Wconstant-conversion -Wint-conversion -Wbool-conversion -Wenum-conversion -Wno-float-conversion -Wnon-literal-null-conversion -Wobjc-literal-conversion -Wshorten-64-to-32 -Wpointer-sign -Wno-newline-eof -Wno-implicit-fallthrough -fstrict-aliasing -Wdeprecated-declarations -Wno-sign-conversion -Winfinite-recursion -Wcomma -Wblock-capture-autoreleasing -Wstrict-prototypes -Wno-semicolon-before-method-body -index-store-path /Users/barriesanders/Library/Developer/Xcode/DerivedData/BSNES-ctmtzphmbkzmsibpffiarmkztbui/Index.noindex/DataStore @/Users/barriesanders/Library/Developer/Xcode/DerivedData/BSNES-ctmtzphmbkzmsibpffiarmkztbui/Build/Intermediates.noindex/BSNES.build/Debug/BSNES.build/Objects-normal/arm64/7187679823f38a2a940e0043cdf9d637-common-args.resp -MMD -MT dependencies -MF /Users/barriesanders/Library/Developer/Xcode/DerivedData/BSNES-ctmtzphmbkzmsibpffiarmkztbui/Build/Intermediates.noindex/BSNES.build/Debug/BSNES.build/Objects-normal/arm64/joypad.d --serialize-diagnostics /Users/barriesanders/Library/Developer/Xcode/DerivedData/BSNES-ctmtzphmbkzmsibpffiarmkztbui/Build/Intermediates.noindex/BSNES.build/Debug/BSNES.build/Objects-normal/arm64/joypad.dia -c /Users/barriesanders/.gemini/antigravity/scratch/OpenEmu_Port/BSNES/bsnes/bsnes/gb/Core/joypad.c -o /Users/barriesanders/Library/Developer/Xcode/DerivedData/BSNES-ctmtzphmbkzmsibpffiarmkztbui/Build/Intermediates.noindex/BSNES.build/Debug/BSNES.build/Objects-normal/arm64/joypad.o -index-unit-output-path /BSNES.build/Debug/BSNES.build/Objects-normal/arm64/joypad.o

ScanDependencies /Users/barriesanders/Library/Developer/Xcode/DerivedData/BSNES-ctmtzphmbkzmsibpffiarmkztbui/Build/Intermediates.noindex/BSNES.build/Debug/BSNES.build/Objects-normal/arm64/gb.o /Users/barriesanders/.gemini/antigravity/scratch/OpenEmu_Port/BSNES/bsnes/bsnes/gb/Core/gb.c normal arm64 c com.apple.compilers.llvm.clang.1_0.compiler (in target 'BSNES' from project 'BSNES')
    cd /Users/barriesanders/.gemini/antigravity/scratch/OpenEmu_Port/BSNES
    
    Using response file: /Users/barriesanders/Library/Developer/Xcode/DerivedData/BSNES-ctmtzphmbkzmsibpffiarmkztbui/Build/Intermediates.noindex/BSNES.build/Debug/BSNES.build/Objects-normal/arm64/7187679823f38a2a940e0043cdf9d637-common-args.resp
    
    builtin-ScanDependencies -o /Users/barriesanders/Library/Developer/Xcode/DerivedData/BSNES-ctmtzphmbkzmsibpffiarmkztbui/Build/Intermediates.noindex/BSNES.build/Debug/BSNES.build/Objects-normal/arm64/gb.o.scan -- /Applications/Xcode.app/Contents/Developer/Toolchains/XcodeDefault.xctoolchain/usr/bin/clang -x c -ivfsstatcache /Users/barriesanders/Library/Developer/Xcode/DerivedData/SDKStatCaches.noindex/macosx26.2-25C57-3885c01c3e6b6a337905948deab2002e00fa09913b459cbbc988d1f6730289ae.sdkstatcache -fmessage-length\=0 -fdiagnostics-show-note-include-stack -fmacro-backtrace-limit\=0 -fno-color-diagnostics -fmodules-prune-interval\=86400 -fmodules-prune-after\=345600 -fbuild-session-file\=/Users/barriesanders/Library/Developer/Xcode/DerivedData/ModuleCache.noindex/Session.modulevalidation -fmodules-validate-once-per-build-session -Wnon-modular-include-in-framework-module -Werror\=non-modular-include-in-framework-module -Wno-trigraphs -Wno-missing-field-initializers -Wno-missing-prototypes -Wunreachable-code -Wno-missing-braces -Wparentheses -Wswitch -Wunused-function -Wno-unused-label -Wno-unused-parameter -Wno-unused-variable -Wunused-value -Wempty-body -Wuninitialized -Wno-unknown-pragmas -Wno-shadow -Wno-four-char-constants -Wno-conversion -Wconstant-conversion -Wint-conversion -Wbool-conversion -Wenum-conversion -Wno-float-conversion -Wnon-literal-null-conversion -Wobjc-literal-conversion -Wshorten-64-to-32 -Wpointer-sign -Wno-newline-eof -Wno-implicit-fallthrough -fstrict-aliasing -Wdeprecated-declarations -Wno-sign-conversion -Winfinite-recursion -Wcomma -Wblock-capture-autoreleasing -Wstrict-prototypes -Wno-semicolon-before-method-body -index-store-path /Users/barriesanders/Library/Developer/Xcode/DerivedData/BSNES-ctmtzphmbkzmsibpffiarmkztbui/Index.noindex/DataStore @/Users/barriesanders/Library/Developer/Xcode/DerivedData/BSNES-ctmtzphmbkzmsibpffiarmkztbui/Build/Intermediates.noindex/BSNES.build/Debug/BSNES.build/Objects-normal/arm64/7187679823f38a2a940e0043cdf9d637-common-args.resp -MMD -MT dependencies -MF /Users/barriesanders/Library/Developer/Xcode/DerivedData/BSNES-ctmtzphmbkzmsibpffiarmkztbui/Build/Intermediates.noindex/BSNES.build/Debug/BSNES.build/Objects-normal/arm64/gb.d --serialize-diagnostics /Users/barriesanders/Library/Developer/Xcode/DerivedData/BSNES-ctmtzphmbkzmsibpffiarmkztbui/Build/Intermediates.noindex/BSNES.build/Debug/BSNES.build/Objects-normal/arm64/gb.dia -c /Users/barriesanders/.gemini/antigravity/scratch/OpenEmu_Port/BSNES/bsnes/bsnes/gb/Core/gb.c -o /Users/barriesanders/Library/Developer/Xcode/DerivedData/BSNES-ctmtzphmbkzmsibpffiarmkztbui/Build/Intermediates.noindex/BSNES.build/Debug/BSNES.build/Objects-normal/arm64/gb.o -index-unit-output-path /BSNES.build/Debug/BSNES.build/Objects-normal/arm64/gb.o

ScanDependencies /Users/barriesanders/Library/Developer/Xcode/DerivedData/BSNES-ctmtzphmbkzmsibpffiarmkztbui/Build/Intermediates.noindex/BSNES.build/Debug/BSNES.build/Objects-normal/arm64/display.o /Users/barriesanders/.gemini/antigravity/scratch/OpenEmu_Port/BSNES/bsnes/bsnes/gb/Core/display.c normal arm64 c com.apple.compilers.llvm.clang.1_0.compiler (in target 'BSNES' from project 'BSNES')
    cd /Users/barriesanders/.gemini/antigravity/scratch/OpenEmu_Port/BSNES
    
    Using response file: /Users/barriesanders/Library/Developer/Xcode/DerivedData/BSNES-ctmtzphmbkzmsibpffiarmkztbui/Build/Intermediates.noindex/BSNES.build/Debug/BSNES.build/Objects-normal/arm64/7187679823f38a2a940e0043cdf9d637-common-args.resp
    
    builtin-ScanDependencies -o /Users/barriesanders/Library/Developer/Xcode/DerivedData/BSNES-ctmtzphmbkzmsibpffiarmkztbui/Build/Intermediates.noindex/BSNES.build/Debug/BSNES.build/Objects-normal/arm64/display.o.scan -- /Applications/Xcode.app/Contents/Developer/Toolchains/XcodeDefault.xctoolchain/usr/bin/clang -x c -ivfsstatcache /Users/barriesanders/Library/Developer/Xcode/DerivedData/SDKStatCaches.noindex/macosx26.2-25C57-3885c01c3e6b6a337905948deab2002e00fa09913b459cbbc988d1f6730289ae.sdkstatcache -fmessage-length\=0 -fdiagnostics-show-note-include-stack -fmacro-backtrace-limit\=0 -fno-color-diagnostics -fmodules-prune-interval\=86400 -fmodules-prune-after\=345600 -fbuild-session-file\=/Users/barriesanders/Library/Developer/Xcode/DerivedData/ModuleCache.noindex/Session.modulevalidation -fmodules-validate-once-per-build-session -Wnon-modular-include-in-framework-module -Werror\=non-modular-include-in-framework-module -Wno-trigraphs -Wno-missing-field-initializers -Wno-missing-prototypes -Wunreachable-code -Wno-missing-braces -Wparentheses -Wswitch -Wunused-function -Wno-unused-label -Wno-unused-parameter -Wno-unused-variable -Wunused-value -Wempty-body -Wuninitialized -Wno-unknown-pragmas -Wno-shadow -Wno-four-char-constants -Wno-conversion -Wconstant-conversion -Wint-conversion -Wbool-conversion -Wenum-conversion -Wno-float-conversion -Wnon-literal-null-conversion -Wobjc-literal-conversion -Wshorten-64-to-32 -Wpointer-sign -Wno-newline-eof -Wno-implicit-fallthrough -fstrict-aliasing -Wdeprecated-declarations -Wno-sign-conversion -Winfinite-recursion -Wcomma -Wblock-capture-autoreleasing -Wstrict-prototypes -Wno-semicolon-before-method-body -index-store-path /Users/barriesanders/Library/Developer/Xcode/DerivedData/BSNES-ctmtzphmbkzmsibpffiarmkztbui/Index.noindex/DataStore @/Users/barriesanders/Library/Developer/Xcode/DerivedData/BSNES-ctmtzphmbkzmsibpffiarmkztbui/Build/Intermediates.noindex/BSNES.build/Debug/BSNES.build/Objects-normal/arm64/7187679823f38a2a940e0043cdf9d637-common-args.resp -MMD -MT dependencies -MF /Users/barriesanders/Library/Developer/Xcode/DerivedData/BSNES-ctmtzphmbkzmsibpffiarmkztbui/Build/Intermediates.noindex/BSNES.build/Debug/BSNES.build/Objects-normal/arm64/display.d --serialize-diagnostics /Users/barriesanders/Library/Developer/Xcode/DerivedData/BSNES-ctmtzphmbkzmsibpffiarmkztbui/Build/Intermediates.noindex/BSNES.build/Debug/BSNES.build/Objects-normal/arm64/display.dia -c /Users/barriesanders/.gemini/antigravity/scratch/OpenEmu_Port/BSNES/bsnes/bsnes/gb/Core/display.c -o /Users/barriesanders/Library/Developer/Xcode/DerivedData/BSNES-ctmtzphmbkzmsibpffiarmkztbui/Build/Intermediates.noindex/BSNES.build/Debug/BSNES.build/Objects-normal/arm64/display.o -index-unit-output-path /BSNES.build/Debug/BSNES.build/Objects-normal/arm64/display.o

CompileC /Users/barriesanders/Library/Developer/Xcode/DerivedData/BSNES-ctmtzphmbkzmsibpffiarmkztbui/Build/Intermediates.noindex/BSNES.build/Debug/BSNES.build/Objects-normal/arm64/joypad.o /Users/barriesanders/.gemini/antigravity/scratch/OpenEmu_Port/BSNES/bsnes/bsnes/gb/Core/joypad.c normal arm64 c com.apple.compilers.llvm.clang.1_0.compiler (in target 'BSNES' from project 'BSNES')
    cd /Users/barriesanders/.gemini/antigravity/scratch/OpenEmu_Port/BSNES
    
    Using response file: /Users/barriesanders/Library/Developer/Xcode/DerivedData/BSNES-ctmtzphmbkzmsibpffiarmkztbui/Build/Intermediates.noindex/BSNES.build/Debug/BSNES.build/Objects-normal/arm64/7187679823f38a2a940e0043cdf9d637-common-args.resp
    
    /Applications/Xcode.app/Contents/Developer/Toolchains/XcodeDefault.xctoolchain/usr/bin/clang -x c -ivfsstatcache /Users/barriesanders/Library/Developer/Xcode/DerivedData/SDKStatCaches.noindex/macosx26.2-25C57-3885c01c3e6b6a337905948deab2002e00fa09913b459cbbc988d1f6730289ae.sdkstatcache -fmessage-length\=0 -fdiagnostics-show-note-include-stack -fmacro-backtrace-limit\=0 -fno-color-diagnostics -fmodules-prune-interval\=86400 -fmodules-prune-after\=345600 -fbuild-session-file\=/Users/barriesanders/Library/Developer/Xcode/DerivedData/ModuleCache.noindex/Session.modulevalidation -fmodules-validate-once-per-build-session -Wnon-modular-include-in-framework-module -Werror\=non-modular-include-in-framework-module -Wno-trigraphs -Wno-missing-field-initializers -Wno-missing-prototypes -Wunreachable-code -Wno-missing-braces -Wparentheses -Wswitch -Wunused-function -Wno-unused-label -Wno-unused-parameter -Wno-unused-variable -Wunused-value -Wempty-body -Wuninitialized -Wno-unknown-pragmas -Wno-shadow -Wno-four-char-constants -Wno-conversion -Wconstant-conversion -Wint-conversion -Wbool-conversion -Wenum-conversion -Wno-float-conversion -Wnon-literal-null-conversion -Wobjc-literal-conversion -Wshorten-64-to-32 -Wpointer-sign -Wno-newline-eof -Wno-implicit-fallthrough -fstrict-aliasing -Wdeprecated-declarations -Wno-sign-conversion -Winfinite-recursion -Wcomma -Wblock-capture-autoreleasing -Wstrict-prototypes -Wno-semicolon-before-method-body -index-store-path /Users/barriesanders/Library/Developer/Xcode/DerivedData/BSNES-ctmtzphmbkzmsibpffiarmkztbui/Index.noindex/DataStore @/Users/barriesanders/Library/Developer/Xcode/DerivedData/BSNES-ctmtzphmbkzmsibpffiarmkztbui/Build/Intermediates.noindex/BSNES.build/Debug/BSNES.build/Objects-normal/arm64/7187679823f38a2a940e0043cdf9d637-common-args.resp -MMD -MT dependencies -MF /Users/barriesanders/Library/Developer/Xcode/DerivedData/BSNES-ctmtzphmbkzmsibpffiarmkztbui/Build/Intermediates.noindex/BSNES.build/Debug/BSNES.build/Objects-normal/arm64/joypad.d --serialize-diagnostics /Users/barriesanders/Library/Developer/Xcode/DerivedData/BSNES-ctmtzphmbkzmsibpffiarmkztbui/Build/Intermediates.noindex/BSNES.build/Debug/BSNES.build/Objects-normal/arm64/joypad.dia -c /Users/barriesanders/.gemini/antigravity/scratch/OpenEmu_Port/BSNES/bsnes/bsnes/gb/Core/joypad.c -o /Users/barriesanders/Library/Developer/Xcode/DerivedData/BSNES-ctmtzphmbkzmsibpffiarmkztbui/Build/Intermediates.noindex/BSNES.build/Debug/BSNES.build/Objects-normal/arm64/joypad.o -index-unit-output-path /BSNES.build/Debug/BSNES.build/Objects-normal/arm64/joypad.o

CompileC /Users/barriesanders/Library/Developer/Xcode/DerivedData/BSNES-ctmtzphmbkzmsibpffiarmkztbui/Build/Intermediates.noindex/BSNES.build/Debug/BSNES.build/Objects-normal/arm64/gb.o /Users/barriesanders/.gemini/antigravity/scratch/OpenEmu_Port/BSNES/bsnes/bsnes/gb/Core/gb.c normal arm64 c com.apple.compilers.llvm.clang.1_0.compiler (in target 'BSNES' from project 'BSNES')
    cd /Users/barriesanders/.gemini/antigravity/scratch/OpenEmu_Port/BSNES
    
    Using response file: /Users/barriesanders/Library/Developer/Xcode/DerivedData/BSNES-ctmtzphmbkzmsibpffiarmkztbui/Build/Intermediates.noindex/BSNES.build/Debug/BSNES.build/Objects-normal/arm64/7187679823f38a2a940e0043cdf9d637-common-args.resp
    
    /Applications/Xcode.app/Contents/Developer/Toolchains/XcodeDefault.xctoolchain/usr/bin/clang -x c -ivfsstatcache /Users/barriesanders/Library/Developer/Xcode/DerivedData/SDKStatCaches.noindex/macosx26.2-25C57-3885c01c3e6b6a337905948deab2002e00fa09913b459cbbc988d1f6730289ae.sdkstatcache -fmessage-length\=0 -fdiagnostics-show-note-include-stack -fmacro-backtrace-limit\=0 -fno-color-diagnostics -fmodules-prune-interval\=86400 -fmodules-prune-after\=345600 -fbuild-session-file\=/Users/barriesanders/Library/Developer/Xcode/DerivedData/ModuleCache.noindex/Session.modulevalidation -fmodules-validate-once-per-build-session -Wnon-modular-include-in-framework-module -Werror\=non-modular-include-in-framework-module -Wno-trigraphs -Wno-missing-field-initializers -Wno-missing-prototypes -Wunreachable-code -Wno-missing-braces -Wparentheses -Wswitch -Wunused-function -Wno-unused-label -Wno-unused-parameter -Wno-unused-variable -Wunused-value -Wempty-body -Wuninitialized -Wno-unknown-pragmas -Wno-shadow -Wno-four-char-constants -Wno-conversion -Wconstant-conversion -Wint-conversion -Wbool-conversion -Wenum-conversion -Wno-float-conversion -Wnon-literal-null-conversion -Wobjc-literal-conversion -Wshorten-64-to-32 -Wpointer-sign -Wno-newline-eof -Wno-implicit-fallthrough -fstrict-aliasing -Wdeprecated-declarations -Wno-sign-conversion -Winfinite-recursion -Wcomma -Wblock-capture-autoreleasing -Wstrict-prototypes -Wno-semicolon-before-method-body -index-store-path /Users/barriesanders/Library/Developer/Xcode/DerivedData/BSNES-ctmtzphmbkzmsibpffiarmkztbui/Index.noindex/DataStore @/Users/barriesanders/Library/Developer/Xcode/DerivedData/BSNES-ctmtzphmbkzmsibpffiarmkztbui/Build/Intermediates.noindex/BSNES.build/Debug/BSNES.build/Objects-normal/arm64/7187679823f38a2a940e0043cdf9d637-common-args.resp -MMD -MT dependencies -MF /Users/barriesanders/Library/Developer/Xcode/DerivedData/BSNES-ctmtzphmbkzmsibpffiarmkztbui/Build/Intermediates.noindex/BSNES.build/Debug/BSNES.build/Objects-normal/arm64/gb.d --serialize-diagnostics /Users/barriesanders/Library/Developer/Xcode/DerivedData/BSNES-ctmtzphmbkzmsibpffiarmkztbui/Build/Intermediates.noindex/BSNES.build/Debug/BSNES.build/Objects-normal/arm64/gb.dia -c /Users/barriesanders/.gemini/antigravity/scratch/OpenEmu_Port/BSNES/bsnes/bsnes/gb/Core/gb.c -o /Users/barriesanders/Library/Developer/Xcode/DerivedData/BSNES-ctmtzphmbkzmsibpffiarmkztbui/Build/Intermediates.noindex/BSNES.build/Debug/BSNES.build/Objects-normal/arm64/gb.o -index-unit-output-path /BSNES.build/Debug/BSNES.build/Objects-normal/arm64/gb.o
/Users/barriesanders/.gemini/antigravity/scratch/OpenEmu_Port/BSNES/bsnes/bsnes/gb/Core/gb.c:334:20: warning: implicit conversion loses integer precision: 'size_t' (aka 'unsigned long') to 'uint32_t' (aka 'unsigned int') [-Wshorten-64-to-32]
  334 |     gb->rom_size = rounded_rom_size(ftell(f));
      |                  ~ ^~~~~~~~~~~~~~~~~~~~~~~~~~
/Users/barriesanders/.gemini/antigravity/scratch/OpenEmu_Port/BSNES/bsnes/bsnes/gb/Core/gb.c:441:20: warning: implicit conversion loses integer precision: 'size_t' (aka 'unsigned long') to 'uint32_t' (aka 'unsigned int') [-Wshorten-64-to-32]
  441 |     gb->rom_size = rounded_rom_size(data_size + LE16(gb->gbs_header.load_address));
      |                  ~ ^~~~~~~~~~~~~~~~~~~~~~~~~~~~~~~~~~~~~~~~~~~~~~~~~~~~~~~~~~~~~~~
/Users/barriesanders/.gemini/antigravity/scratch/OpenEmu_Port/BSNES/bsnes/bsnes/gb/Core/gb.c:580:36: warning: implicit conversion loses integer precision: 'size_t' (aka 'unsigned long') to 'uint32_t' (aka 'unsigned int') [-Wshorten-64-to-32]
  580 |                     gb->rom_size = needed_size;
      |                                  ~ ^~~~~~~~~~~
/Users/barriesanders/.gemini/antigravity/scratch/OpenEmu_Port/BSNES/bsnes/bsnes/gb/Core/gb.c:603:36: warning: implicit conversion loses integer precision: 'size_t' (aka 'unsigned long') to 'uint32_t' (aka 'unsigned int') [-Wshorten-64-to-32]
  603 |                     gb->rom_size = needed_size;
      |                                  ~ ^~~~~~~~~~~
/Users/barriesanders/.gemini/antigravity/scratch/OpenEmu_Port/BSNES/bsnes/bsnes/gb/Core/gb.c:680:24: warning: implicit conversion loses integer precision: 'size_t' (aka 'unsigned long') to 'uint32_t' (aka 'unsigned int') [-Wshorten-64-to-32]
  680 |         gb->rom_size = needed_size;
      |                      ~ ^~~~~~~~~~~
/Users/barriesanders/.gemini/antigravity/scratch/OpenEmu_Port/BSNES/bsnes/bsnes/gb/Core/gb.c:754:20: warning: implicit conversion loses integer precision: 'size_t' (aka 'unsigned long') to 'uint32_t' (aka 'unsigned int') [-Wshorten-64-to-32]
  754 |     gb->rom_size = rounded_rom_size(size);
      |                  ~ ^~~~~~~~~~~~~~~~~~~~~~
6 warnings generated.

CompileC /Users/barriesanders/Library/Developer/Xcode/DerivedData/BSNES-ctmtzphmbkzmsibpffiarmkztbui/Build/Intermediates.noindex/BSNES.build/Debug/BSNES.build/Objects-normal/arm64/display.o /Users/barriesanders/.gemini/antigravity/scratch/OpenEmu_Port/BSNES/bsnes/bsnes/gb/Core/display.c normal arm64 c com.apple.compilers.llvm.clang.1_0.compiler (in target 'BSNES' from project 'BSNES')
    cd /Users/barriesanders/.gemini/antigravity/scratch/OpenEmu_Port/BSNES
    
    Using response file: /Users/barriesanders/Library/Developer/Xcode/DerivedData/BSNES-ctmtzphmbkzmsibpffiarmkztbui/Build/Intermediates.noindex/BSNES.build/Debug/BSNES.build/Objects-normal/arm64/7187679823f38a2a940e0043cdf9d637-common-args.resp
    
    /Applications/Xcode.app/Contents/Developer/Toolchains/XcodeDefault.xctoolchain/usr/bin/clang -x c -ivfsstatcache /Users/barriesanders/Library/Developer/Xcode/DerivedData/SDKStatCaches.noindex/macosx26.2-25C57-3885c01c3e6b6a337905948deab2002e00fa09913b459cbbc988d1f6730289ae.sdkstatcache -fmessage-length\=0 -fdiagnostics-show-note-include-stack -fmacro-backtrace-limit\=0 -fno-color-diagnostics -fmodules-prune-interval\=86400 -fmodules-prune-after\=345600 -fbuild-session-file\=/Users/barriesanders/Library/Developer/Xcode/DerivedData/ModuleCache.noindex/Session.modulevalidation -fmodules-validate-once-per-build-session -Wnon-modular-include-in-framework-module -Werror\=non-modular-include-in-framework-module -Wno-trigraphs -Wno-missing-field-initializers -Wno-missing-prototypes -Wunreachable-code -Wno-missing-braces -Wparentheses -Wswitch -Wunused-function -Wno-unused-label -Wno-unused-parameter -Wno-unused-variable -Wunused-value -Wempty-body -Wuninitialized -Wno-unknown-pragmas -Wno-shadow -Wno-four-char-constants -Wno-conversion -Wconstant-conversion -Wint-conversion -Wbool-conversion -Wenum-conversion -Wno-float-conversion -Wnon-literal-null-conversion -Wobjc-literal-conversion -Wshorten-64-to-32 -Wpointer-sign -Wno-newline-eof -Wno-implicit-fallthrough -fstrict-aliasing -Wdeprecated-declarations -Wno-sign-conversion -Winfinite-recursion -Wcomma -Wblock-capture-autoreleasing -Wstrict-prototypes -Wno-semicolon-before-method-body -index-store-path /Users/barriesanders/Library/Developer/Xcode/DerivedData/BSNES-ctmtzphmbkzmsibpffiarmkztbui/Index.noindex/DataStore @/Users/barriesanders/Library/Developer/Xcode/DerivedData/BSNES-ctmtzphmbkzmsibpffiarmkztbui/Build/Intermediates.noindex/BSNES.build/Debug/BSNES.build/Objects-normal/arm64/7187679823f38a2a940e0043cdf9d637-common-args.resp -MMD -MT dependencies -MF /Users/barriesanders/Library/Developer/Xcode/DerivedData/BSNES-ctmtzphmbkzmsibpffiarmkztbui/Build/Intermediates.noindex/BSNES.build/Debug/BSNES.build/Objects-normal/arm64/display.d --serialize-diagnostics /Users/barriesanders/Library/Developer/Xcode/DerivedData/BSNES-ctmtzphmbkzmsibpffiarmkztbui/Build/Intermediates.noindex/BSNES.build/Debug/BSNES.build/Objects-normal/arm64/display.dia -c /Users/barriesanders/.gemini/antigravity/scratch/OpenEmu_Port/BSNES/bsnes/bsnes/gb/Core/display.c -o /Users/barriesanders/Library/Developer/Xcode/DerivedData/BSNES-ctmtzphmbkzmsibpffiarmkztbui/Build/Intermediates.noindex/BSNES.build/Debug/BSNES.build/Objects-normal/arm64/display.o -index-unit-output-path /BSNES.build/Debug/BSNES.build/Objects-normal/arm64/display.o

ScanDependencies /Users/barriesanders/Library/Developer/Xcode/DerivedData/BSNES-ctmtzphmbkzmsibpffiarmkztbui/Build/Intermediates.noindex/BSNES.build/Debug/BSNES.build/Objects-normal/arm64/camera.o /Users/barriesanders/.gemini/antigravity/scratch/OpenEmu_Port/BSNES/bsnes/bsnes/gb/Core/camera.c normal arm64 c com.apple.compilers.llvm.clang.1_0.compiler (in target 'BSNES' from project 'BSNES')
    cd /Users/barriesanders/.gemini/antigravity/scratch/OpenEmu_Port/BSNES
    
    Using response file: /Users/barriesanders/Library/Developer/Xcode/DerivedData/BSNES-ctmtzphmbkzmsibpffiarmkztbui/Build/Intermediates.noindex/BSNES.build/Debug/BSNES.build/Objects-normal/arm64/7187679823f38a2a940e0043cdf9d637-common-args.resp
    
    builtin-ScanDependencies -o /Users/barriesanders/Library/Developer/Xcode/DerivedData/BSNES-ctmtzphmbkzmsibpffiarmkztbui/Build/Intermediates.noindex/BSNES.build/Debug/BSNES.build/Objects-normal/arm64/camera.o.scan -- /Applications/Xcode.app/Contents/Developer/Toolchains/XcodeDefault.xctoolchain/usr/bin/clang -x c -ivfsstatcache /Users/barriesanders/Library/Developer/Xcode/DerivedData/SDKStatCaches.noindex/macosx26.2-25C57-3885c01c3e6b6a337905948deab2002e00fa09913b459cbbc988d1f6730289ae.sdkstatcache -fmessage-length\=0 -fdiagnostics-show-note-include-stack -fmacro-backtrace-limit\=0 -fno-color-diagnostics -fmodules-prune-interval\=86400 -fmodules-prune-after\=345600 -fbuild-session-file\=/Users/barriesanders/Library/Developer/Xcode/DerivedData/ModuleCache.noindex/Session.modulevalidation -fmodules-validate-once-per-build-session -Wnon-modular-include-in-framework-module -Werror\=non-modular-include-in-framework-module -Wno-trigraphs -Wno-missing-field-initializers -Wno-missing-prototypes -Wunreachable-code -Wno-missing-braces -Wparentheses -Wswitch -Wunused-function -Wno-unused-label -Wno-unused-parameter -Wno-unused-variable -Wunused-value -Wempty-body -Wuninitialized -Wno-unknown-pragmas -Wno-shadow -Wno-four-char-constants -Wno-conversion -Wconstant-conversion -Wint-conversion -Wbool-conversion -Wenum-conversion -Wno-float-conversion -Wnon-literal-null-conversion -Wobjc-literal-conversion -Wshorten-64-to-32 -Wpointer-sign -Wno-newline-eof -Wno-implicit-fallthrough -fstrict-aliasing -Wdeprecated-declarations -Wno-sign-conversion -Winfinite-recursion -Wcomma -Wblock-capture-autoreleasing -Wstrict-prototypes -Wno-semicolon-before-method-body -index-store-path /Users/barriesanders/Library/Developer/Xcode/DerivedData/BSNES-ctmtzphmbkzmsibpffiarmkztbui/Index.noindex/DataStore @/Users/barriesanders/Library/Developer/Xcode/DerivedData/BSNES-ctmtzphmbkzmsibpffiarmkztbui/Build/Intermediates.noindex/BSNES.build/Debug/BSNES.build/Objects-normal/arm64/7187679823f38a2a940e0043cdf9d637-common-args.resp -MMD -MT dependencies -MF /Users/barriesanders/Library/Developer/Xcode/DerivedData/BSNES-ctmtzphmbkzmsibpffiarmkztbui/Build/Intermediates.noindex/BSNES.build/Debug/BSNES.build/Objects-normal/arm64/camera.d --serialize-diagnostics /Users/barriesanders/Library/Developer/Xcode/DerivedData/BSNES-ctmtzphmbkzmsibpffiarmkztbui/Build/Intermediates.noindex/BSNES.build/Debug/BSNES.build/Objects-normal/arm64/camera.dia -c /Users/barriesanders/.gemini/antigravity/scratch/OpenEmu_Port/BSNES/bsnes/bsnes/gb/Core/camera.c -o /Users/barriesanders/Library/Developer/Xcode/DerivedData/BSNES-ctmtzphmbkzmsibpffiarmkztbui/Build/Intermediates.noindex/BSNES.build/Debug/BSNES.build/Objects-normal/arm64/camera.o -index-unit-output-path /BSNES.build/Debug/BSNES.build/Objects-normal/arm64/camera.o

ScanDependencies /Users/barriesanders/Library/Developer/Xcode/DerivedData/BSNES-ctmtzphmbkzmsibpffiarmkztbui/Build/Intermediates.noindex/BSNES.build/Debug/BSNES.build/Objects-normal/arm64/apu.o /Users/barriesanders/.gemini/antigravity/scratch/OpenEmu_Port/BSNES/bsnes/bsnes/gb/Core/apu.c normal arm64 c com.apple.compilers.llvm.clang.1_0.compiler (in target 'BSNES' from project 'BSNES')
    cd /Users/barriesanders/.gemini/antigravity/scratch/OpenEmu_Port/BSNES
    
    Using response file: /Users/barriesanders/Library/Developer/Xcode/DerivedData/BSNES-ctmtzphmbkzmsibpffiarmkztbui/Build/Intermediates.noindex/BSNES.build/Debug/BSNES.build/Objects-normal/arm64/7187679823f38a2a940e0043cdf9d637-common-args.resp
    
    builtin-ScanDependencies -o /Users/barriesanders/Library/Developer/Xcode/DerivedData/BSNES-ctmtzphmbkzmsibpffiarmkztbui/Build/Intermediates.noindex/BSNES.build/Debug/BSNES.build/Objects-normal/arm64/apu.o.scan -- /Applications/Xcode.app/Contents/Developer/Toolchains/XcodeDefault.xctoolchain/usr/bin/clang -x c -ivfsstatcache /Users/barriesanders/Library/Developer/Xcode/DerivedData/SDKStatCaches.noindex/macosx26.2-25C57-3885c01c3e6b6a337905948deab2002e00fa09913b459cbbc988d1f6730289ae.sdkstatcache -fmessage-length\=0 -fdiagnostics-show-note-include-stack -fmacro-backtrace-limit\=0 -fno-color-diagnostics -fmodules-prune-interval\=86400 -fmodules-prune-after\=345600 -fbuild-session-file\=/Users/barriesanders/Library/Developer/Xcode/DerivedData/ModuleCache.noindex/Session.modulevalidation -fmodules-validate-once-per-build-session -Wnon-modular-include-in-framework-module -Werror\=non-modular-include-in-framework-module -Wno-trigraphs -Wno-missing-field-initializers -Wno-missing-prototypes -Wunreachable-code -Wno-missing-braces -Wparentheses -Wswitch -Wunused-function -Wno-unused-label -Wno-unused-parameter -Wno-unused-variable -Wunused-value -Wempty-body -Wuninitialized -Wno-unknown-pragmas -Wno-shadow -Wno-four-char-constants -Wno-conversion -Wconstant-conversion -Wint-conversion -Wbool-conversion -Wenum-conversion -Wno-float-conversion -Wnon-literal-null-conversion -Wobjc-literal-conversion -Wshorten-64-to-32 -Wpointer-sign -Wno-newline-eof -Wno-implicit-fallthrough -fstrict-aliasing -Wdeprecated-declarations -Wno-sign-conversion -Winfinite-recursion -Wcomma -Wblock-capture-autoreleasing -Wstrict-prototypes -Wno-semicolon-before-method-body -index-store-path /Users/barriesanders/Library/Developer/Xcode/DerivedData/BSNES-ctmtzphmbkzmsibpffiarmkztbui/Index.noindex/DataStore @/Users/barriesanders/Library/Developer/Xcode/DerivedData/BSNES-ctmtzphmbkzmsibpffiarmkztbui/Build/Intermediates.noindex/BSNES.build/Debug/BSNES.build/Objects-normal/arm64/7187679823f38a2a940e0043cdf9d637-common-args.resp -MMD -MT dependencies -MF /Users/barriesanders/Library/Developer/Xcode/DerivedData/BSNES-ctmtzphmbkzmsibpffiarmkztbui/Build/Intermediates.noindex/BSNES.build/Debug/BSNES.build/Objects-normal/arm64/apu.d --serialize-diagnostics /Users/barriesanders/Library/Developer/Xcode/DerivedData/BSNES-ctmtzphmbkzmsibpffiarmkztbui/Build/Intermediates.noindex/BSNES.build/Debug/BSNES.build/Objects-normal/arm64/apu.dia -c /Users/barriesanders/.gemini/antigravity/scratch/OpenEmu_Port/BSNES/bsnes/bsnes/gb/Core/apu.c -o /Users/barriesanders/Library/Developer/Xcode/DerivedData/BSNES-ctmtzphmbkzmsibpffiarmkztbui/Build/Intermediates.noindex/BSNES.build/Debug/BSNES.build/Objects-normal/arm64/apu.o -index-unit-output-path /BSNES.build/Debug/BSNES.build/Objects-normal/arm64/apu.o

CompileC /Users/barriesanders/Library/Developer/Xcode/DerivedData/BSNES-ctmtzphmbkzmsibpffiarmkztbui/Build/Intermediates.noindex/BSNES.build/Debug/BSNES.build/Objects-normal/arm64/camera.o /Users/barriesanders/.gemini/antigravity/scratch/OpenEmu_Port/BSNES/bsnes/bsnes/gb/Core/camera.c normal arm64 c com.apple.compilers.llvm.clang.1_0.compiler (in target 'BSNES' from project 'BSNES')
    cd /Users/barriesanders/.gemini/antigravity/scratch/OpenEmu_Port/BSNES
    
    Using response file: /Users/barriesanders/Library/Developer/Xcode/DerivedData/BSNES-ctmtzphmbkzmsibpffiarmkztbui/Build/Intermediates.noindex/BSNES.build/Debug/BSNES.build/Objects-normal/arm64/7187679823f38a2a940e0043cdf9d637-common-args.resp
    
    /Applications/Xcode.app/Contents/Developer/Toolchains/XcodeDefault.xctoolchain/usr/bin/clang -x c -ivfsstatcache /Users/barriesanders/Library/Developer/Xcode/DerivedData/SDKStatCaches.noindex/macosx26.2-25C57-3885c01c3e6b6a337905948deab2002e00fa09913b459cbbc988d1f6730289ae.sdkstatcache -fmessage-length\=0 -fdiagnostics-show-note-include-stack -fmacro-backtrace-limit\=0 -fno-color-diagnostics -fmodules-prune-interval\=86400 -fmodules-prune-after\=345600 -fbuild-session-file\=/Users/barriesanders/Library/Developer/Xcode/DerivedData/ModuleCache.noindex/Session.modulevalidation -fmodules-validate-once-per-build-session -Wnon-modular-include-in-framework-module -Werror\=non-modular-include-in-framework-module -Wno-trigraphs -Wno-missing-field-initializers -Wno-missing-prototypes -Wunreachable-code -Wno-missing-braces -Wparentheses -Wswitch -Wunused-function -Wno-unused-label -Wno-unused-parameter -Wno-unused-variable -Wunused-value -Wempty-body -Wuninitialized -Wno-unknown-pragmas -Wno-shadow -Wno-four-char-constants -Wno-conversion -Wconstant-conversion -Wint-conversion -Wbool-conversion -Wenum-conversion -Wno-float-conversion -Wnon-literal-null-conversion -Wobjc-literal-conversion -Wshorten-64-to-32 -Wpointer-sign -Wno-newline-eof -Wno-implicit-fallthrough -fstrict-aliasing -Wdeprecated-declarations -Wno-sign-conversion -Winfinite-recursion -Wcomma -Wblock-capture-autoreleasing -Wstrict-prototypes -Wno-semicolon-before-method-body -index-store-path /Users/barriesanders/Library/Developer/Xcode/DerivedData/BSNES-ctmtzphmbkzmsibpffiarmkztbui/Index.noindex/DataStore @/Users/barriesanders/Library/Developer/Xcode/DerivedData/BSNES-ctmtzphmbkzmsibpffiarmkztbui/Build/Intermediates.noindex/BSNES.build/Debug/BSNES.build/Objects-normal/arm64/7187679823f38a2a940e0043cdf9d637-common-args.resp -MMD -MT dependencies -MF /Users/barriesanders/Library/Developer/Xcode/DerivedData/BSNES-ctmtzphmbkzmsibpffiarmkztbui/Build/Intermediates.noindex/BSNES.build/Debug/BSNES.build/Objects-normal/arm64/camera.d --serialize-diagnostics /Users/barriesanders/Library/Developer/Xcode/DerivedData/BSNES-ctmtzphmbkzmsibpffiarmkztbui/Build/Intermediates.noindex/BSNES.build/Debug/BSNES.build/Objects-normal/arm64/camera.dia -c /Users/barriesanders/.gemini/antigravity/scratch/OpenEmu_Port/BSNES/bsnes/bsnes/gb/Core/camera.c -o /Users/barriesanders/Library/Developer/Xcode/DerivedData/BSNES-ctmtzphmbkzmsibpffiarmkztbui/Build/Intermediates.noindex/BSNES.build/Debug/BSNES.build/Objects-normal/arm64/camera.o -index-unit-output-path /BSNES.build/Debug/BSNES.build/Objects-normal/arm64/camera.o

CompileC /Users/barriesanders/Library/Developer/Xcode/DerivedData/BSNES-ctmtzphmbkzmsibpffiarmkztbui/Build/Intermediates.noindex/BSNES.build/Debug/BSNES.build/Objects-normal/arm64/apu.o /Users/barriesanders/.gemini/antigravity/scratch/OpenEmu_Port/BSNES/bsnes/bsnes/gb/Core/apu.c normal arm64 c com.apple.compilers.llvm.clang.1_0.compiler (in target 'BSNES' from project 'BSNES')
    cd /Users/barriesanders/.gemini/antigravity/scratch/OpenEmu_Port/BSNES
    
    Using response file: /Users/barriesanders/Library/Developer/Xcode/DerivedData/BSNES-ctmtzphmbkzmsibpffiarmkztbui/Build/Intermediates.noindex/BSNES.build/Debug/BSNES.build/Objects-normal/arm64/7187679823f38a2a940e0043cdf9d637-common-args.resp
    
    /Applications/Xcode.app/Contents/Developer/Toolchains/XcodeDefault.xctoolchain/usr/bin/clang -x c -ivfsstatcache /Users/barriesanders/Library/Developer/Xcode/DerivedData/SDKStatCaches.noindex/macosx26.2-25C57-3885c01c3e6b6a337905948deab2002e00fa09913b459cbbc988d1f6730289ae.sdkstatcache -fmessage-length\=0 -fdiagnostics-show-note-include-stack -fmacro-backtrace-limit\=0 -fno-color-diagnostics -fmodules-prune-interval\=86400 -fmodules-prune-after\=345600 -fbuild-session-file\=/Users/barriesanders/Library/Developer/Xcode/DerivedData/ModuleCache.noindex/Session.modulevalidation -fmodules-validate-once-per-build-session -Wnon-modular-include-in-framework-module -Werror\=non-modular-include-in-framework-module -Wno-trigraphs -Wno-missing-field-initializers -Wno-missing-prototypes -Wunreachable-code -Wno-missing-braces -Wparentheses -Wswitch -Wunused-function -Wno-unused-label -Wno-unused-parameter -Wno-unused-variable -Wunused-value -Wempty-body -Wuninitialized -Wno-unknown-pragmas -Wno-shadow -Wno-four-char-constants -Wno-conversion -Wconstant-conversion -Wint-conversion -Wbool-conversion -Wenum-conversion -Wno-float-conversion -Wnon-literal-null-conversion -Wobjc-literal-conversion -Wshorten-64-to-32 -Wpointer-sign -Wno-newline-eof -Wno-implicit-fallthrough -fstrict-aliasing -Wdeprecated-declarations -Wno-sign-conversion -Winfinite-recursion -Wcomma -Wblock-capture-autoreleasing -Wstrict-prototypes -Wno-semicolon-before-method-body -index-store-path /Users/barriesanders/Library/Developer/Xcode/DerivedData/BSNES-ctmtzphmbkzmsibpffiarmkztbui/Index.noindex/DataStore @/Users/barriesanders/Library/Developer/Xcode/DerivedData/BSNES-ctmtzphmbkzmsibpffiarmkztbui/Build/Intermediates.noindex/BSNES.build/Debug/BSNES.build/Objects-normal/arm64/7187679823f38a2a940e0043cdf9d637-common-args.resp -MMD -MT dependencies -MF /Users/barriesanders/Library/Developer/Xcode/DerivedData/BSNES-ctmtzphmbkzmsibpffiarmkztbui/Build/Intermediates.noindex/BSNES.build/Debug/BSNES.build/Objects-normal/arm64/apu.d --serialize-diagnostics /Users/barriesanders/Library/Developer/Xcode/DerivedData/BSNES-ctmtzphmbkzmsibpffiarmkztbui/Build/Intermediates.noindex/BSNES.build/Debug/BSNES.build/Objects-normal/arm64/apu.dia -c /Users/barriesanders/.gemini/antigravity/scratch/OpenEmu_Port/BSNES/bsnes/bsnes/gb/Core/apu.c -o /Users/barriesanders/Library/Developer/Xcode/DerivedData/BSNES-ctmtzphmbkzmsibpffiarmkztbui/Build/Intermediates.noindex/BSNES.build/Debug/BSNES.build/Objects-normal/arm64/apu.o -index-unit-output-path /BSNES.build/Debug/BSNES.build/Objects-normal/arm64/apu.o
/Users/barriesanders/.gemini/antigravity/scratch/OpenEmu_Port/BSNES/bsnes/bsnes/gb/Core/apu.c:1958:64: warning: implicit conversion loses integer precision: 'unsigned long' to 'unsigned int' [-Wshorten-64-to-32]
 1958 |                 .ssnd_size = BE32(frames * sizeof(GB_sample_t) - 8),
      |                              ~~~~~~~~~~~~~~~~~~~~~~~~~~~~~~~~~~^~~~
In file included from /Users/barriesanders/.gemini/antigravity/scratch/OpenEmu_Port/BSNES/bsnes/bsnes/gb/Core/apu.c:7:
In file included from /Users/barriesanders/.gemini/antigravity/scratch/OpenEmu_Port/BSNES/bsnes/bsnes/gb/Core/gb.h:23:
/Users/barriesanders/.gemini/antigravity/scratch/OpenEmu_Port/BSNES/bsnes/bsnes/gb/Core/defs.h:64:35: note: expanded from macro 'BE32'
   64 | #define BE32(x) __builtin_bswap32(x)
      |                 ~~~~~~~~~~~~~~~~~ ^
/Users/barriesanders/.gemini/antigravity/scratch/OpenEmu_Port/BSNES/bsnes/bsnes/gb/Core/apu.c:1949:45: warning: implicit conversion loses integer precision: 'size_t' (aka 'unsigned long') to 'unsigned int' [-Wshorten-64-to-32]
 1949 |                 .samples_per_channel = BE32(frames),
      |                                        ~~~~~^~~~~~~
In file included from /Users/barriesanders/.gemini/antigravity/scratch/OpenEmu_Port/BSNES/bsnes/bsnes/gb/Core/apu.c:7:
In file included from /Users/barriesanders/.gemini/antigravity/scratch/OpenEmu_Port/BSNES/bsnes/bsnes/gb/Core/gb.h:23:
/Users/barriesanders/.gemini/antigravity/scratch/OpenEmu_Port/BSNES/bsnes/bsnes/gb/Core/defs.h:64:35: note: expanded from macro 'BE32'
   64 | #define BE32(x) __builtin_bswap32(x)
      |                 ~~~~~~~~~~~~~~~~~ ^
/Users/barriesanders/.gemini/antigravity/scratch/OpenEmu_Port/BSNES/bsnes/bsnes/gb/Core/apu.c:1939:40: warning: implicit conversion loses integer precision: 'size_t' (aka 'unsigned long') to 'unsigned int' [-Wshorten-64-to-32]
 1939 |                 .size = BE32(file_size - 8),
      |                         ~~~~~~~~~~~~~~~^~~~
In file included from /Users/barriesanders/.gemini/antigravity/scratch/OpenEmu_Port/BSNES/bsnes/bsnes/gb/Core/apu.c:7:
In file included from /Users/barriesanders/.gemini/antigravity/scratch/OpenEmu_Port/BSNES/bsnes/bsnes/gb/Core/gb.h:23:
/Users/barriesanders/.gemini/antigravity/scratch/OpenEmu_Port/BSNES/bsnes/bsnes/gb/Core/defs.h:64:35: note: expanded from macro 'BE32'
   64 | #define BE32(x) __builtin_bswap32(x)
      |                 ~~~~~~~~~~~~~~~~~ ^
/Users/barriesanders/.gemini/antigravity/scratch/OpenEmu_Port/BSNES/bsnes/bsnes/gb/Core/apu.c:1996:42: warning: implicit conversion loses integer precision: 'unsigned long' to 'uint32_t' (aka 'unsigned int') [-Wshorten-64-to-32]
 1981 |             wav_header_t header = {
      |                                   ~
 1982 |                 .marker = BE32('RIFF'),
 1983 |                 .size = LE32(file_size - 8),
 1984 |                 .type = BE32('WAVE'),
 1985 |                 
 1986 |                 .fmt_chunk = BE32('fmt '),
 1987 |                 .fmt_size = LE16(16),
 1988 |                 .format = LE16(1),
 1989 |                 .channels = LE16(2),
 1990 |                 .sample_rate = LE32(gb->apu_output.sample_rate),
 1991 |                 .byte_rate = LE32(gb->apu_output.sample_rate * 4),
 1992 |                 .frame_size = LE32(4),
 1993 |                 .bit_depth = LE16(16),
 1994 |                 
 1995 |                 .data_chunk = BE32('data'),
 1996 |                 .data_size = LE32(frames * sizeof(GB_sample_t)),
      |                                   ~~~~~~~^~~~~~~~~~~~~~~~~~~~~
In file included from /Users/barriesanders/.gemini/antigravity/scratch/OpenEmu_Port/BSNES/bsnes/bsnes/gb/Core/apu.c:7:
In file included from /Users/barriesanders/.gemini/antigravity/scratch/OpenEmu_Port/BSNES/bsnes/bsnes/gb/Core/gb.h:23:
/Users/barriesanders/.gemini/antigravity/scratch/OpenEmu_Port/BSNES/bsnes/bsnes/gb/Core/defs.h:61:18: note: expanded from macro 'LE32'
   61 | #define LE32(x) (x)
      |                  ^
/Users/barriesanders/.gemini/antigravity/scratch/OpenEmu_Port/BSNES/bsnes/bsnes/gb/Core/apu.c:1983:40: warning: implicit conversion loses integer precision: 'size_t' (aka 'unsigned long') to 'uint32_t' (aka 'unsigned int') [-Wshorten-64-to-32]
 1981 |             wav_header_t header = {
      |                                   ~
 1982 |                 .marker = BE32('RIFF'),
 1983 |                 .size = LE32(file_size - 8),
      |                              ~~~~~~~~~~^~~
In file included from /Users/barriesanders/.gemini/antigravity/scratch/OpenEmu_Port/BSNES/bsnes/bsnes/gb/Core/apu.c:7:
In file included from /Users/barriesanders/.gemini/antigravity/scratch/OpenEmu_Port/BSNES/bsnes/bsnes/gb/Core/gb.h:23:
/Users/barriesanders/.gemini/antigravity/scratch/OpenEmu_Port/BSNES/bsnes/bsnes/gb/Core/defs.h:61:18: note: expanded from macro 'LE32'
   61 | #define LE32(x) (x)
      |                  ^
5 warnings generated.

CompileC /Users/barriesanders/Library/Developer/Xcode/DerivedData/BSNES-ctmtzphmbkzmsibpffiarmkztbui/Build/Intermediates.noindex/BSNES.build/Debug/BSNES.build/Objects-normal/arm64/libco.o /Users/barriesanders/.gemini/antigravity/scratch/OpenEmu_Port/BSNES/bsnes/libco/libco.c normal arm64 c com.apple.compilers.llvm.clang.1_0.compiler (in target 'BSNES' from project 'BSNES')
    cd /Users/barriesanders/.gemini/antigravity/scratch/OpenEmu_Port/BSNES
    
    Using response file: /Users/barriesanders/Library/Developer/Xcode/DerivedData/BSNES-ctmtzphmbkzmsibpffiarmkztbui/Build/Intermediates.noindex/BSNES.build/Debug/BSNES.build/Objects-normal/arm64/7187679823f38a2a940e0043cdf9d637-common-args.resp
    
    /Applications/Xcode.app/Contents/Developer/Toolchains/XcodeDefault.xctoolchain/usr/bin/clang -x c -ivfsstatcache /Users/barriesanders/Library/Developer/Xcode/DerivedData/SDKStatCaches.noindex/macosx26.2-25C57-3885c01c3e6b6a337905948deab2002e00fa09913b459cbbc988d1f6730289ae.sdkstatcache -fmessage-length\=0 -fdiagnostics-show-note-include-stack -fmacro-backtrace-limit\=0 -fno-color-diagnostics -fmodules-prune-interval\=86400 -fmodules-prune-after\=345600 -fbuild-session-file\=/Users/barriesanders/Library/Developer/Xcode/DerivedData/ModuleCache.noindex/Session.modulevalidation -fmodules-validate-once-per-build-session -Wnon-modular-include-in-framework-module -Werror\=non-modular-include-in-framework-module -Wno-trigraphs -Wno-missing-field-initializers -Wno-missing-prototypes -Wunreachable-code -Wno-missing-braces -Wparentheses -Wswitch -Wunused-function -Wno-unused-label -Wno-unused-parameter -Wno-unused-variable -Wunused-value -Wempty-body -Wuninitialized -Wno-unknown-pragmas -Wno-shadow -Wno-four-char-constants -Wno-conversion -Wconstant-conversion -Wint-conversion -Wbool-conversion -Wenum-conversion -Wno-float-conversion -Wnon-literal-null-conversion -Wobjc-literal-conversion -Wshorten-64-to-32 -Wpointer-sign -Wno-newline-eof -Wno-implicit-fallthrough -fstrict-aliasing -Wdeprecated-declarations -Wno-sign-conversion -Winfinite-recursion -Wcomma -Wblock-capture-autoreleasing -Wstrict-prototypes -Wno-semicolon-before-method-body -index-store-path /Users/barriesanders/Library/Developer/Xcode/DerivedData/BSNES-ctmtzphmbkzmsibpffiarmkztbui/Index.noindex/DataStore @/Users/barriesanders/Library/Developer/Xcode/DerivedData/BSNES-ctmtzphmbkzmsibpffiarmkztbui/Build/Intermediates.noindex/BSNES.build/Debug/BSNES.build/Objects-normal/arm64/7187679823f38a2a940e0043cdf9d637-common-args.resp -MMD -MT dependencies -MF /Users/barriesanders/Library/Developer/Xcode/DerivedData/BSNES-ctmtzphmbkzmsibpffiarmkztbui/Build/Intermediates.noindex/BSNES.build/Debug/BSNES.build/Objects-normal/arm64/libco.d --serialize-diagnostics /Users/barriesanders/Library/Developer/Xcode/DerivedData/BSNES-ctmtzphmbkzmsibpffiarmkztbui/Build/Intermediates.noindex/BSNES.build/Debug/BSNES.build/Objects-normal/arm64/libco.dia -c /Users/barriesanders/.gemini/antigravity/scratch/OpenEmu_Port/BSNES/bsnes/libco/libco.c -o /Users/barriesanders/Library/Developer/Xcode/DerivedData/BSNES-ctmtzphmbkzmsibpffiarmkztbui/Build/Intermediates.noindex/BSNES.build/Debug/BSNES.build/Objects-normal/arm64/libco.o -index-unit-output-path /BSNES.build/Debug/BSNES.build/Objects-normal/arm64/libco.o
In file included from /Users/barriesanders/.gemini/antigravity/scratch/OpenEmu_Port/BSNES/bsnes/libco/libco.c:17:
/Users/barriesanders/.gemini/antigravity/scratch/OpenEmu_Port/BSNES/bsnes/libco/aarch64.c:52:20: warning: a function declaration without a prototype is deprecated in all versions of C [-Wstrict-prototypes]
   52 | static void co_init() {
      |                    ^
      |                     void
/Users/barriesanders/.gemini/antigravity/scratch/OpenEmu_Port/BSNES/bsnes/libco/aarch64.c:61:21: warning: a function declaration without a prototype is deprecated in all versions of C [-Wstrict-prototypes]
   61 | cothread_t co_active() {
      |                     ^
      |                      void
/Users/barriesanders/.gemini/antigravity/scratch/OpenEmu_Port/BSNES/bsnes/libco/aarch64.c:100:20: warning: a function declaration without a prototype is deprecated in all versions of C [-Wstrict-prototypes]
  100 | int co_serializable() {
      |                    ^
      |                     void
3 warnings generated.

CompileC /Users/barriesanders/Library/Developer/Xcode/DerivedData/BSNES-ctmtzphmbkzmsibpffiarmkztbui/Build/Intermediates.noindex/BSNES.build/Debug/BSNES.build/Objects-normal/arm64/timing.o /Users/barriesanders/.gemini/antigravity/scratch/OpenEmu_Port/BSNES/bsnes/bsnes/gb/Core/timing.c normal arm64 c com.apple.compilers.llvm.clang.1_0.compiler (in target 'BSNES' from project 'BSNES')
    cd /Users/barriesanders/.gemini/antigravity/scratch/OpenEmu_Port/BSNES
    
    Using response file: /Users/barriesanders/Library/Developer/Xcode/DerivedData/BSNES-ctmtzphmbkzmsibpffiarmkztbui/Build/Intermediates.noindex/BSNES.build/Debug/BSNES.build/Objects-normal/arm64/7187679823f38a2a940e0043cdf9d637-common-args.resp
    
    /Applications/Xcode.app/Contents/Developer/Toolchains/XcodeDefault.xctoolchain/usr/bin/clang -x c -ivfsstatcache /Users/barriesanders/Library/Developer/Xcode/DerivedData/SDKStatCaches.noindex/macosx26.2-25C57-3885c01c3e6b6a337905948deab2002e00fa09913b459cbbc988d1f6730289ae.sdkstatcache -fmessage-length\=0 -fdiagnostics-show-note-include-stack -fmacro-backtrace-limit\=0 -fno-color-diagnostics -fmodules-prune-interval\=86400 -fmodules-prune-after\=345600 -fbuild-session-file\=/Users/barriesanders/Library/Developer/Xcode/DerivedData/ModuleCache.noindex/Session.modulevalidation -fmodules-validate-once-per-build-session -Wnon-modular-include-in-framework-module -Werror\=non-modular-include-in-framework-module -Wno-trigraphs -Wno-missing-field-initializers -Wno-missing-prototypes -Wunreachable-code -Wno-missing-braces -Wparentheses -Wswitch -Wunused-function -Wno-unused-label -Wno-unused-parameter -Wno-unused-variable -Wunused-value -Wempty-body -Wuninitialized -Wno-unknown-pragmas -Wno-shadow -Wno-four-char-constants -Wno-conversion -Wconstant-conversion -Wint-conversion -Wbool-conversion -Wenum-conversion -Wno-float-conversion -Wnon-literal-null-conversion -Wobjc-literal-conversion -Wshorten-64-to-32 -Wpointer-sign -Wno-newline-eof -Wno-implicit-fallthrough -fstrict-aliasing -Wdeprecated-declarations -Wno-sign-conversion -Winfinite-recursion -Wcomma -Wblock-capture-autoreleasing -Wstrict-prototypes -Wno-semicolon-before-method-body -index-store-path /Users/barriesanders/Library/Developer/Xcode/DerivedData/BSNES-ctmtzphmbkzmsibpffiarmkztbui/Index.noindex/DataStore @/Users/barriesanders/Library/Developer/Xcode/DerivedData/BSNES-ctmtzphmbkzmsibpffiarmkztbui/Build/Intermediates.noindex/BSNES.build/Debug/BSNES.build/Objects-normal/arm64/7187679823f38a2a940e0043cdf9d637-common-args.resp -MMD -MT dependencies -MF /Users/barriesanders/Library/Developer/Xcode/DerivedData/BSNES-ctmtzphmbkzmsibpffiarmkztbui/Build/Intermediates.noindex/BSNES.build/Debug/BSNES.build/Objects-normal/arm64/timing.d --serialize-diagnostics /Users/barriesanders/Library/Developer/Xcode/DerivedData/BSNES-ctmtzphmbkzmsibpffiarmkztbui/Build/Intermediates.noindex/BSNES.build/Debug/BSNES.build/Objects-normal/arm64/timing.dia -c /Users/barriesanders/.gemini/antigravity/scratch/OpenEmu_Port/BSNES/bsnes/bsnes/gb/Core/timing.c -o /Users/barriesanders/Library/Developer/Xcode/DerivedData/BSNES-ctmtzphmbkzmsibpffiarmkztbui/Build/Intermediates.noindex/BSNES.build/Debug/BSNES.build/Objects-normal/arm64/timing.o -index-unit-output-path /BSNES.build/Debug/BSNES.build/Objects-normal/arm64/timing.o

** BUILD FAILED **


The following build commands failed:
	CompileC /Users/barriesanders/Library/Developer/Xcode/DerivedData/BSNES-ctmtzphmbkzmsibpffiarmkztbui/Build/Intermediates.noindex/BSNES.build/Debug/BSNES.build/Objects-normal/arm64/BSNESGameCore.o /Users/barriesanders/.gemini/antigravity/scratch/OpenEmu_Port/BSNES/BSNESGameCore.mm normal arm64 objective-c++ com.apple.compilers.llvm.clang.1_0.compiler (in target 'BSNES' from project 'BSNES')
	Building project BSNES with scheme BSNES
(2 failures)
