Command line invocation:
    /Applications/Xcode.app/Contents/Developer/usr/bin/xcodebuild -project "src/cocoa/DeSmuME (Latest).xcodeproj" -scheme "DeSmuME (OpenEmu Plug-in)" -arch arm64 build

Build settings from command line:
    ARCHS = arm64

--- xcodebuild: WARNING: Using the first of multiple matching destinations:
{ platform:macOS, arch:arm64, id:00006001-001A50163A02801E, name:My Mac }
{ platform:macOS, arch:x86_64, id:00006001-001A50163A02801E, name:My Mac }
{ platform:macOS, name:Any Mac }
ComputePackagePrebuildTargetDependencyGraph

Prepare packages

CreateBuildRequest

SendProjectDescription

CreateBuildOperation

ComputeTargetDependencyGraph
note: Building targets in dependency order
note: Target dependency graph (1 target)
    Target 'DeSmuME (OpenEmu Plug-in)' in project 'DeSmuME (Latest)' (no dependencies)

GatherProvisioningInputs

CreateBuildDescription

ExecuteExternalTool /Applications/Xcode.app/Contents/Developer/Toolchains/XcodeDefault.xctoolchain/usr/bin/clang -v -E -dM -isysroot /Applications/Xcode.app/Contents/Developer/Platforms/MacOSX.platform/Developer/SDKs/MacOSX26.2.sdk -x c -c /dev/null

ExecuteExternalTool /Applications/Xcode.app/Contents/Developer/Toolchains/XcodeDefault.xctoolchain/usr/bin/clang -v -E -dM -arch arm64 -isysroot /Applications/Xcode.app/Contents/Developer/Platforms/MacOSX.platform/Developer/SDKs/MacOSX26.2.sdk -x objective-c++ -c /dev/null

ExecuteExternalTool /Applications/Xcode.app/Contents/Developer/Toolchains/XcodeDefault.xctoolchain/usr/bin/clang -v -E -dM -arch arm64 -isysroot /Applications/Xcode.app/Contents/Developer/Platforms/MacOSX.platform/Developer/SDKs/MacOSX26.2.sdk -x c -c /dev/null

ExecuteExternalTool /Applications/Xcode.app/Contents/Developer/Toolchains/XcodeDefault.xctoolchain/usr/bin/clang -v -E -dM -arch arm64 -isysroot /Applications/Xcode.app/Contents/Developer/Platforms/MacOSX.platform/Developer/SDKs/MacOSX26.2.sdk -x c++ -c /dev/null

ExecuteExternalTool /Applications/Xcode.app/Contents/Developer/Toolchains/XcodeDefault.xctoolchain/usr/bin/ld -version_details

Build description signature: 6869b2bffac6b2f12fe3a9aa8c1ec79b
Build description path: /Users/barriesanders/Library/Developer/Xcode/DerivedData/DeSmuME_(Latest)-artutapunelusweoliepfhbcleaz/Build/Intermediates.noindex/XCBuildData/6869b2bffac6b2f12fe3a9aa8c1ec79b.xcbuilddata
CreateBuildDirectory /Users/barriesanders/Library/Developer/Xcode/DerivedData/DeSmuME_(Latest)-artutapunelusweoliepfhbcleaz/Build/Products
    cd /Users/barriesanders/.gemini/antigravity/scratch/OpenEmu_Port/DeSmuME/src/cocoa/DeSmuME\ \(Latest\).xcodeproj
    builtin-create-build-directory /Users/barriesanders/Library/Developer/Xcode/DerivedData/DeSmuME_\(Latest\)-artutapunelusweoliepfhbcleaz/Build/Products

CreateBuildDirectory /Users/barriesanders/Library/Developer/Xcode/DerivedData/DeSmuME_(Latest)-artutapunelusweoliepfhbcleaz/Build/Intermediates.noindex
    cd /Users/barriesanders/.gemini/antigravity/scratch/OpenEmu_Port/DeSmuME/src/cocoa/DeSmuME\ \(Latest\).xcodeproj
    builtin-create-build-directory /Users/barriesanders/Library/Developer/Xcode/DerivedData/DeSmuME_\(Latest\)-artutapunelusweoliepfhbcleaz/Build/Intermediates.noindex

ClangStatCache /Applications/Xcode.app/Contents/Developer/Toolchains/XcodeDefault.xctoolchain/usr/bin/clang-stat-cache /Applications/Xcode.app/Contents/Developer/Platforms/MacOSX.platform/Developer/SDKs/MacOSX26.2.sdk /Users/barriesanders/Library/Developer/Xcode/DerivedData/SDKStatCaches.noindex/macosx26.2-25C57-3885c01c3e6b6a337905948deab2002e00fa09913b459cbbc988d1f6730289ae.sdkstatcache
    cd /Users/barriesanders/.gemini/antigravity/scratch/OpenEmu_Port/DeSmuME/src/cocoa/DeSmuME\ \(Latest\).xcodeproj
    /Applications/Xcode.app/Contents/Developer/Toolchains/XcodeDefault.xctoolchain/usr/bin/clang-stat-cache /Applications/Xcode.app/Contents/Developer/Platforms/MacOSX.platform/Developer/SDKs/MacOSX26.2.sdk -o /Users/barriesanders/Library/Developer/Xcode/DerivedData/SDKStatCaches.noindex/macosx26.2-25C57-3885c01c3e6b6a337905948deab2002e00fa09913b459cbbc988d1f6730289ae.sdkstatcache

CreateBuildDirectory /Users/barriesanders/Library/Developer/Xcode/DerivedData/DeSmuME_(Latest)-artutapunelusweoliepfhbcleaz/Build/Intermediates.noindex/SwiftExplicitPrecompiledModules
    cd /Users/barriesanders/.gemini/antigravity/scratch/OpenEmu_Port/DeSmuME/src/cocoa/DeSmuME\ \(Latest\).xcodeproj
    builtin-create-build-directory /Users/barriesanders/Library/Developer/Xcode/DerivedData/DeSmuME_\(Latest\)-artutapunelusweoliepfhbcleaz/Build/Intermediates.noindex/SwiftExplicitPrecompiledModules

CreateBuildDirectory /Users/barriesanders/Library/Developer/Xcode/DerivedData/DeSmuME_(Latest)-artutapunelusweoliepfhbcleaz/Build/Intermediates.noindex/ExplicitPrecompiledModules
    cd /Users/barriesanders/.gemini/antigravity/scratch/OpenEmu_Port/DeSmuME/src/cocoa/DeSmuME\ \(Latest\).xcodeproj
    builtin-create-build-directory /Users/barriesanders/Library/Developer/Xcode/DerivedData/DeSmuME_\(Latest\)-artutapunelusweoliepfhbcleaz/Build/Intermediates.noindex/ExplicitPrecompiledModules

CreateBuildDirectory /Users/barriesanders/Library/Developer/Xcode/DerivedData/DeSmuME_(Latest)-artutapunelusweoliepfhbcleaz/Build/Intermediates.noindex/EagerLinkingTBDs/Debug
    cd /Users/barriesanders/.gemini/antigravity/scratch/OpenEmu_Port/DeSmuME/src/cocoa/DeSmuME\ \(Latest\).xcodeproj
    builtin-create-build-directory /Users/barriesanders/Library/Developer/Xcode/DerivedData/DeSmuME_\(Latest\)-artutapunelusweoliepfhbcleaz/Build/Intermediates.noindex/EagerLinkingTBDs/Debug

WriteAuxiliaryFile /Users/barriesanders/Library/Developer/Xcode/DerivedData/DeSmuME_(Latest)-artutapunelusweoliepfhbcleaz/Build/Intermediates.noindex/DeSmuME\ (Latest).build/Debug/DeSmuME\ (Latest)-7c195961f07fc99184d2a83c380de030-VFS/all-product-headers.yaml
    cd /Users/barriesanders/.gemini/antigravity/scratch/OpenEmu_Port/DeSmuME/src/cocoa/DeSmuME\ \(Latest\).xcodeproj
    write-file /Users/barriesanders/Library/Developer/Xcode/DerivedData/DeSmuME_\(Latest\)-artutapunelusweoliepfhbcleaz/Build/Intermediates.noindex/DeSmuME\ \(Latest\).build/Debug/DeSmuME\ \(Latest\)-7c195961f07fc99184d2a83c380de030-VFS/all-product-headers.yaml

CreateBuildDirectory /Users/barriesanders/Library/Developer/Xcode/DerivedData/DeSmuME_(Latest)-artutapunelusweoliepfhbcleaz/Build/Products/Debug
    cd /Users/barriesanders/.gemini/antigravity/scratch/OpenEmu_Port/DeSmuME/src/cocoa/DeSmuME\ \(Latest\).xcodeproj
    builtin-create-build-directory /Users/barriesanders/Library/Developer/Xcode/DerivedData/DeSmuME_\(Latest\)-artutapunelusweoliepfhbcleaz/Build/Products/Debug

WriteAuxiliaryFile /Users/barriesanders/Library/Developer/Xcode/DerivedData/DeSmuME_(Latest)-artutapunelusweoliepfhbcleaz/Build/Intermediates.noindex/DeSmuME\ (Latest).build/Debug/DeSmuME\ (OpenEmu\ Plug-in).build/DeSmuME.hmap (in target 'DeSmuME (OpenEmu Plug-in)' from project 'DeSmuME (Latest)')
    cd /Users/barriesanders/.gemini/antigravity/scratch/OpenEmu_Port/DeSmuME/src/cocoa
    write-file /Users/barriesanders/Library/Developer/Xcode/DerivedData/DeSmuME_\(Latest\)-artutapunelusweoliepfhbcleaz/Build/Intermediates.noindex/DeSmuME\ \(Latest\).build/Debug/DeSmuME\ \(OpenEmu\ Plug-in\).build/DeSmuME.hmap

WriteAuxiliaryFile /Users/barriesanders/Library/Developer/Xcode/DerivedData/DeSmuME_(Latest)-artutapunelusweoliepfhbcleaz/Build/Intermediates.noindex/DeSmuME\ (Latest).build/Debug/DeSmuME\ (OpenEmu\ Plug-in).build/DeSmuME.DependencyStaticMetadataFileList (in target 'DeSmuME (OpenEmu Plug-in)' from project 'DeSmuME (Latest)')
    cd /Users/barriesanders/.gemini/antigravity/scratch/OpenEmu_Port/DeSmuME/src/cocoa
    write-file /Users/barriesanders/Library/Developer/Xcode/DerivedData/DeSmuME_\(Latest\)-artutapunelusweoliepfhbcleaz/Build/Intermediates.noindex/DeSmuME\ \(Latest\).build/Debug/DeSmuME\ \(OpenEmu\ Plug-in\).build/DeSmuME.DependencyStaticMetadataFileList

WriteAuxiliaryFile /Users/barriesanders/Library/Developer/Xcode/DerivedData/DeSmuME_(Latest)-artutapunelusweoliepfhbcleaz/Build/Intermediates.noindex/DeSmuME\ (Latest).build/Debug/DeSmuME\ (OpenEmu\ Plug-in).build/Script-AB2DF23515E0839D00B4D0BC.sh (in target 'DeSmuME (OpenEmu Plug-in)' from project 'DeSmuME (Latest)')
    cd /Users/barriesanders/.gemini/antigravity/scratch/OpenEmu_Port/DeSmuME/src/cocoa
    write-file /Users/barriesanders/Library/Developer/Xcode/DerivedData/DeSmuME_\(Latest\)-artutapunelusweoliepfhbcleaz/Build/Intermediates.noindex/DeSmuME\ \(Latest\).build/Debug/DeSmuME\ \(OpenEmu\ Plug-in\).build/Script-AB2DF23515E0839D00B4D0BC.sh

WriteAuxiliaryFile /Users/barriesanders/Library/Developer/Xcode/DerivedData/DeSmuME_(Latest)-artutapunelusweoliepfhbcleaz/Build/Intermediates.noindex/DeSmuME\ (Latest).build/Debug/DeSmuME\ (OpenEmu\ Plug-in).build/DeSmuME.DependencyMetadataFileList (in target 'DeSmuME (OpenEmu Plug-in)' from project 'DeSmuME (Latest)')
    cd /Users/barriesanders/.gemini/antigravity/scratch/OpenEmu_Port/DeSmuME/src/cocoa
    write-file /Users/barriesanders/Library/Developer/Xcode/DerivedData/DeSmuME_\(Latest\)-artutapunelusweoliepfhbcleaz/Build/Intermediates.noindex/DeSmuME\ \(Latest\).build/Debug/DeSmuME\ \(OpenEmu\ Plug-in\).build/DeSmuME.DependencyMetadataFileList

WriteAuxiliaryFile /Users/barriesanders/Library/Developer/Xcode/DerivedData/DeSmuME_(Latest)-artutapunelusweoliepfhbcleaz/Build/Intermediates.noindex/DeSmuME\ (Latest).build/Debug/DeSmuME\ (OpenEmu\ Plug-in).build/Objects-normal/arm64/7187679823f38a2a940e0043cdf9d637-common-args.resp (in target 'DeSmuME (OpenEmu Plug-in)' from project 'DeSmuME (Latest)')
    cd /Users/barriesanders/.gemini/antigravity/scratch/OpenEmu_Port/DeSmuME/src/cocoa
    write-file /Users/barriesanders/Library/Developer/Xcode/DerivedData/DeSmuME_\(Latest\)-artutapunelusweoliepfhbcleaz/Build/Intermediates.noindex/DeSmuME\ \(Latest\).build/Debug/DeSmuME\ \(OpenEmu\ Plug-in\).build/Objects-normal/arm64/7187679823f38a2a940e0043cdf9d637-common-args.resp
-target arm64-apple-macos11.0 -gmodules -fpascal-strings -O0 -mdynamic-no-pic -D_DEBUG '-DDEBUG=1' -isysroot /Applications/Xcode.app/Contents/Developer/Platforms/MacOSX.platform/Developer/SDKs/MacOSX26.2.sdk -ffast-math -g -iquote '/Users/barriesanders/Library/Developer/Xcode/DerivedData/DeSmuME_(Latest)-artutapunelusweoliepfhbcleaz/Build/Intermediates.noindex/DeSmuME (Latest).build/Debug/DeSmuME (OpenEmu Plug-in).build/DeSmuME-generated-files.hmap' '-I/Users/barriesanders/Library/Developer/Xcode/DerivedData/DeSmuME_(Latest)-artutapunelusweoliepfhbcleaz/Build/Intermediates.noindex/DeSmuME (Latest).build/Debug/DeSmuME (OpenEmu Plug-in).build/DeSmuME-own-target-headers.hmap' '-I/Users/barriesanders/Library/Developer/Xcode/DerivedData/DeSmuME_(Latest)-artutapunelusweoliepfhbcleaz/Build/Intermediates.noindex/DeSmuME (Latest).build/Debug/DeSmuME (OpenEmu Plug-in).build/DeSmuME-all-target-headers.hmap' -iquote '/Users/barriesanders/Library/Developer/Xcode/DerivedData/DeSmuME_(Latest)-artutapunelusweoliepfhbcleaz/Build/Intermediates.noindex/DeSmuME (Latest).build/Debug/DeSmuME (OpenEmu Plug-in).build/DeSmuME-project-headers.hmap' '-I/Users/barriesanders/Library/Developer/Xcode/DerivedData/DeSmuME_(Latest)-artutapunelusweoliepfhbcleaz/Build/Products/Debug/include' '-I/Users/barriesanders/Library/Developer/Xcode/DerivedData/DeSmuME_(Latest)-artutapunelusweoliepfhbcleaz/Build/Intermediates.noindex/DeSmuME (Latest).build/Debug/DeSmuME (OpenEmu Plug-in).build/DerivedSources-normal/arm64' '-I/Users/barriesanders/Library/Developer/Xcode/DerivedData/DeSmuME_(Latest)-artutapunelusweoliepfhbcleaz/Build/Intermediates.noindex/DeSmuME (Latest).build/Debug/DeSmuME (OpenEmu Plug-in).build/DerivedSources/arm64' '-I/Users/barriesanders/Library/Developer/Xcode/DerivedData/DeSmuME_(Latest)-artutapunelusweoliepfhbcleaz/Build/Intermediates.noindex/DeSmuME (Latest).build/Debug/DeSmuME (OpenEmu Plug-in).build/DerivedSources' '-F/Users/barriesanders/Library/Developer/Xcode/DerivedData/DeSmuME_(Latest)-artutapunelusweoliepfhbcleaz/Build/Products/Debug' -F/Users/barriesanders/.gemini/antigravity/scratch/OpenEmu_Port/DeSmuME/src/cocoa/openemu

WriteAuxiliaryFile /Users/barriesanders/Library/Developer/Xcode/DerivedData/DeSmuME_(Latest)-artutapunelusweoliepfhbcleaz/Build/Intermediates.noindex/DeSmuME\ (Latest).build/Debug/DeSmuME\ (OpenEmu\ Plug-in).build/DeSmuME-project-headers.hmap (in target 'DeSmuME (OpenEmu Plug-in)' from project 'DeSmuME (Latest)')
    cd /Users/barriesanders/.gemini/antigravity/scratch/OpenEmu_Port/DeSmuME/src/cocoa
    write-file /Users/barriesanders/Library/Developer/Xcode/DerivedData/DeSmuME_\(Latest\)-artutapunelusweoliepfhbcleaz/Build/Intermediates.noindex/DeSmuME\ \(Latest\).build/Debug/DeSmuME\ \(OpenEmu\ Plug-in\).build/DeSmuME-project-headers.hmap

WriteAuxiliaryFile /Users/barriesanders/Library/Developer/Xcode/DerivedData/DeSmuME_(Latest)-artutapunelusweoliepfhbcleaz/Build/Intermediates.noindex/DeSmuME\ (Latest).build/Debug/DeSmuME\ (OpenEmu\ Plug-in).build/Objects-normal/arm64/DeSmuME.LinkFileList (in target 'DeSmuME (OpenEmu Plug-in)' from project 'DeSmuME (Latest)')
    cd /Users/barriesanders/.gemini/antigravity/scratch/OpenEmu_Port/DeSmuME/src/cocoa
    write-file /Users/barriesanders/Library/Developer/Xcode/DerivedData/DeSmuME_\(Latest\)-artutapunelusweoliepfhbcleaz/Build/Intermediates.noindex/DeSmuME\ \(Latest\).build/Debug/DeSmuME\ \(OpenEmu\ Plug-in\).build/Objects-normal/arm64/DeSmuME.LinkFileList

WriteAuxiliaryFile /Users/barriesanders/Library/Developer/Xcode/DerivedData/DeSmuME_(Latest)-artutapunelusweoliepfhbcleaz/Build/Intermediates.noindex/DeSmuME\ (Latest).build/Debug/DeSmuME\ (OpenEmu\ Plug-in).build/Objects-normal/arm64/82b82416624d2658e5098eb0a28c15c5-common-args.resp (in target 'DeSmuME (OpenEmu Plug-in)' from project 'DeSmuME (Latest)')
    cd /Users/barriesanders/.gemini/antigravity/scratch/OpenEmu_Port/DeSmuME/src/cocoa
    write-file /Users/barriesanders/Library/Developer/Xcode/DerivedData/DeSmuME_\(Latest\)-artutapunelusweoliepfhbcleaz/Build/Intermediates.noindex/DeSmuME\ \(Latest\).build/Debug/DeSmuME\ \(OpenEmu\ Plug-in\).build/Objects-normal/arm64/82b82416624d2658e5098eb0a28c15c5-common-args.resp
-target arm64-apple-macos11.0 '-stdlib=libc++' -gmodules '-D_LIBCPP_HARDENING_MODE=_LIBCPP_HARDENING_MODE_DEBUG' -fpascal-strings -O0 -mdynamic-no-pic -D_DEBUG '-DDEBUG=1' -isysroot /Applications/Xcode.app/Contents/Developer/Platforms/MacOSX.platform/Developer/SDKs/MacOSX26.2.sdk -ffast-math -g -fvisibility-inlines-hidden -fno-threadsafe-statics -iquote '/Users/barriesanders/Library/Developer/Xcode/DerivedData/DeSmuME_(Latest)-artutapunelusweoliepfhbcleaz/Build/Intermediates.noindex/DeSmuME (Latest).build/Debug/DeSmuME (OpenEmu Plug-in).build/DeSmuME-generated-files.hmap' '-I/Users/barriesanders/Library/Developer/Xcode/DerivedData/DeSmuME_(Latest)-artutapunelusweoliepfhbcleaz/Build/Intermediates.noindex/DeSmuME (Latest).build/Debug/DeSmuME (OpenEmu Plug-in).build/DeSmuME-own-target-headers.hmap' '-I/Users/barriesanders/Library/Developer/Xcode/DerivedData/DeSmuME_(Latest)-artutapunelusweoliepfhbcleaz/Build/Intermediates.noindex/DeSmuME (Latest).build/Debug/DeSmuME (OpenEmu Plug-in).build/DeSmuME-all-target-headers.hmap' -iquote '/Users/barriesanders/Library/Developer/Xcode/DerivedData/DeSmuME_(Latest)-artutapunelusweoliepfhbcleaz/Build/Intermediates.noindex/DeSmuME (Latest).build/Debug/DeSmuME (OpenEmu Plug-in).build/DeSmuME-project-headers.hmap' '-I/Users/barriesanders/Library/Developer/Xcode/DerivedData/DeSmuME_(Latest)-artutapunelusweoliepfhbcleaz/Build/Products/Debug/include' '-I/Users/barriesanders/Library/Developer/Xcode/DerivedData/DeSmuME_(Latest)-artutapunelusweoliepfhbcleaz/Build/Intermediates.noindex/DeSmuME (Latest).build/Debug/DeSmuME (OpenEmu Plug-in).build/DerivedSources-normal/arm64' '-I/Users/barriesanders/Library/Developer/Xcode/DerivedData/DeSmuME_(Latest)-artutapunelusweoliepfhbcleaz/Build/Intermediates.noindex/DeSmuME (Latest).build/Debug/DeSmuME (OpenEmu Plug-in).build/DerivedSources/arm64' '-I/Users/barriesanders/Library/Developer/Xcode/DerivedData/DeSmuME_(Latest)-artutapunelusweoliepfhbcleaz/Build/Intermediates.noindex/DeSmuME (Latest).build/Debug/DeSmuME (OpenEmu Plug-in).build/DerivedSources' '-F/Users/barriesanders/Library/Developer/Xcode/DerivedData/DeSmuME_(Latest)-artutapunelusweoliepfhbcleaz/Build/Products/Debug' -F/Users/barriesanders/.gemini/antigravity/scratch/OpenEmu_Port/DeSmuME/src/cocoa/openemu

WriteAuxiliaryFile /Users/barriesanders/Library/Developer/Xcode/DerivedData/DeSmuME_(Latest)-artutapunelusweoliepfhbcleaz/Build/Intermediates.noindex/DeSmuME\ (Latest).build/Debug/DeSmuME\ (OpenEmu\ Plug-in).build/Objects-normal/arm64/af3fcb34312c57c0f52879cdce924b91-common-args.resp (in target 'DeSmuME (OpenEmu Plug-in)' from project 'DeSmuME (Latest)')
    cd /Users/barriesanders/.gemini/antigravity/scratch/OpenEmu_Port/DeSmuME/src/cocoa
    write-file /Users/barriesanders/Library/Developer/Xcode/DerivedData/DeSmuME_\(Latest\)-artutapunelusweoliepfhbcleaz/Build/Intermediates.noindex/DeSmuME\ \(Latest\).build/Debug/DeSmuME\ \(OpenEmu\ Plug-in\).build/Objects-normal/arm64/af3fcb34312c57c0f52879cdce924b91-common-args.resp
-target arm64-apple-macos11.0 '-stdlib=libc++' -fobjc-arc -gmodules '-D_LIBCPP_HARDENING_MODE=_LIBCPP_HARDENING_MODE_DEBUG' -fpascal-strings -O0 -mdynamic-no-pic -D_DEBUG '-DDEBUG=1' '-DOBJC_OLD_DISPATCH_PROTOTYPES=1' -isysroot /Applications/Xcode.app/Contents/Developer/Platforms/MacOSX.platform/Developer/SDKs/MacOSX26.2.sdk -ffast-math -g -fvisibility-inlines-hidden -fno-threadsafe-statics -iquote '/Users/barriesanders/Library/Developer/Xcode/DerivedData/DeSmuME_(Latest)-artutapunelusweoliepfhbcleaz/Build/Intermediates.noindex/DeSmuME (Latest).build/Debug/DeSmuME (OpenEmu Plug-in).build/DeSmuME-generated-files.hmap' '-I/Users/barriesanders/Library/Developer/Xcode/DerivedData/DeSmuME_(Latest)-artutapunelusweoliepfhbcleaz/Build/Intermediates.noindex/DeSmuME (Latest).build/Debug/DeSmuME (OpenEmu Plug-in).build/DeSmuME-own-target-headers.hmap' '-I/Users/barriesanders/Library/Developer/Xcode/DerivedData/DeSmuME_(Latest)-artutapunelusweoliepfhbcleaz/Build/Intermediates.noindex/DeSmuME (Latest).build/Debug/DeSmuME (OpenEmu Plug-in).build/DeSmuME-all-target-headers.hmap' -iquote '/Users/barriesanders/Library/Developer/Xcode/DerivedData/DeSmuME_(Latest)-artutapunelusweoliepfhbcleaz/Build/Intermediates.noindex/DeSmuME (Latest).build/Debug/DeSmuME (OpenEmu Plug-in).build/DeSmuME-project-headers.hmap' '-I/Users/barriesanders/Library/Developer/Xcode/DerivedData/DeSmuME_(Latest)-artutapunelusweoliepfhbcleaz/Build/Products/Debug/include' '-I/Users/barriesanders/Library/Developer/Xcode/DerivedData/DeSmuME_(Latest)-artutapunelusweoliepfhbcleaz/Build/Intermediates.noindex/DeSmuME (Latest).build/Debug/DeSmuME (OpenEmu Plug-in).build/DerivedSources-normal/arm64' '-I/Users/barriesanders/Library/Developer/Xcode/DerivedData/DeSmuME_(Latest)-artutapunelusweoliepfhbcleaz/Build/Intermediates.noindex/DeSmuME (Latest).build/Debug/DeSmuME (OpenEmu Plug-in).build/DerivedSources/arm64' '-I/Users/barriesanders/Library/Developer/Xcode/DerivedData/DeSmuME_(Latest)-artutapunelusweoliepfhbcleaz/Build/Intermediates.noindex/DeSmuME (Latest).build/Debug/DeSmuME (OpenEmu Plug-in).build/DerivedSources' '-F/Users/barriesanders/Library/Developer/Xcode/DerivedData/DeSmuME_(Latest)-artutapunelusweoliepfhbcleaz/Build/Products/Debug' -F/Users/barriesanders/.gemini/antigravity/scratch/OpenEmu_Port/DeSmuME/src/cocoa/openemu

WriteAuxiliaryFile /Users/barriesanders/Library/Developer/Xcode/DerivedData/DeSmuME_(Latest)-artutapunelusweoliepfhbcleaz/Build/Intermediates.noindex/DeSmuME\ (Latest).build/Debug/DeSmuME\ (OpenEmu\ Plug-in).build/DeSmuME-own-target-headers.hmap (in target 'DeSmuME (OpenEmu Plug-in)' from project 'DeSmuME (Latest)')
    cd /Users/barriesanders/.gemini/antigravity/scratch/OpenEmu_Port/DeSmuME/src/cocoa
    write-file /Users/barriesanders/Library/Developer/Xcode/DerivedData/DeSmuME_\(Latest\)-artutapunelusweoliepfhbcleaz/Build/Intermediates.noindex/DeSmuME\ \(Latest\).build/Debug/DeSmuME\ \(OpenEmu\ Plug-in\).build/DeSmuME-own-target-headers.hmap

WriteAuxiliaryFile /Users/barriesanders/Library/Developer/Xcode/DerivedData/DeSmuME_(Latest)-artutapunelusweoliepfhbcleaz/Build/Intermediates.noindex/DeSmuME\ (Latest).build/Debug/DeSmuME\ (OpenEmu\ Plug-in).build/DeSmuME-generated-files.hmap (in target 'DeSmuME (OpenEmu Plug-in)' from project 'DeSmuME (Latest)')
    cd /Users/barriesanders/.gemini/antigravity/scratch/OpenEmu_Port/DeSmuME/src/cocoa
    write-file /Users/barriesanders/Library/Developer/Xcode/DerivedData/DeSmuME_\(Latest\)-artutapunelusweoliepfhbcleaz/Build/Intermediates.noindex/DeSmuME\ \(Latest\).build/Debug/DeSmuME\ \(OpenEmu\ Plug-in\).build/DeSmuME-generated-files.hmap

WriteAuxiliaryFile /Users/barriesanders/Library/Developer/Xcode/DerivedData/DeSmuME_(Latest)-artutapunelusweoliepfhbcleaz/Build/Intermediates.noindex/DeSmuME\ (Latest).build/Debug/DeSmuME\ (OpenEmu\ Plug-in).build/DeSmuME-all-target-headers.hmap (in target 'DeSmuME (OpenEmu Plug-in)' from project 'DeSmuME (Latest)')
    cd /Users/barriesanders/.gemini/antigravity/scratch/OpenEmu_Port/DeSmuME/src/cocoa
    write-file /Users/barriesanders/Library/Developer/Xcode/DerivedData/DeSmuME_\(Latest\)-artutapunelusweoliepfhbcleaz/Build/Intermediates.noindex/DeSmuME\ \(Latest\).build/Debug/DeSmuME\ \(OpenEmu\ Plug-in\).build/DeSmuME-all-target-headers.hmap

WriteAuxiliaryFile /Users/barriesanders/Library/Developer/Xcode/DerivedData/DeSmuME_(Latest)-artutapunelusweoliepfhbcleaz/Build/Intermediates.noindex/DeSmuME\ (Latest).build/Debug/DeSmuME\ (OpenEmu\ Plug-in).build/DeSmuME-all-non-framework-target-headers.hmap (in target 'DeSmuME (OpenEmu Plug-in)' from project 'DeSmuME (Latest)')
    cd /Users/barriesanders/.gemini/antigravity/scratch/OpenEmu_Port/DeSmuME/src/cocoa
    write-file /Users/barriesanders/Library/Developer/Xcode/DerivedData/DeSmuME_\(Latest\)-artutapunelusweoliepfhbcleaz/Build/Intermediates.noindex/DeSmuME\ \(Latest\).build/Debug/DeSmuME\ \(OpenEmu\ Plug-in\).build/DeSmuME-all-non-framework-target-headers.hmap

MkDir /Users/barriesanders/Library/Developer/Xcode/DerivedData/DeSmuME_(Latest)-artutapunelusweoliepfhbcleaz/Build/Products/Debug/DeSmuME.oecoreplugin/Contents/MacOS (in target 'DeSmuME (OpenEmu Plug-in)' from project 'DeSmuME (Latest)')
    cd /Users/barriesanders/.gemini/antigravity/scratch/OpenEmu_Port/DeSmuME/src/cocoa
    /bin/mkdir -p /Users/barriesanders/Library/Developer/Xcode/DerivedData/DeSmuME_\(Latest\)-artutapunelusweoliepfhbcleaz/Build/Products/Debug/DeSmuME.oecoreplugin/Contents/MacOS

MkDir /Users/barriesanders/Library/Developer/Xcode/DerivedData/DeSmuME_(Latest)-artutapunelusweoliepfhbcleaz/Build/Products/Debug/DeSmuME.oecoreplugin/Contents/Resources (in target 'DeSmuME (OpenEmu Plug-in)' from project 'DeSmuME (Latest)')
    cd /Users/barriesanders/.gemini/antigravity/scratch/OpenEmu_Port/DeSmuME/src/cocoa
    /bin/mkdir -p /Users/barriesanders/Library/Developer/Xcode/DerivedData/DeSmuME_\(Latest\)-artutapunelusweoliepfhbcleaz/Build/Products/Debug/DeSmuME.oecoreplugin/Contents/Resources

MkDir /Users/barriesanders/Library/Developer/Xcode/DerivedData/DeSmuME_(Latest)-artutapunelusweoliepfhbcleaz/Build/Products/Debug/DeSmuME.oecoreplugin/Contents (in target 'DeSmuME (OpenEmu Plug-in)' from project 'DeSmuME (Latest)')
    cd /Users/barriesanders/.gemini/antigravity/scratch/OpenEmu_Port/DeSmuME/src/cocoa
    /bin/mkdir -p /Users/barriesanders/Library/Developer/Xcode/DerivedData/DeSmuME_\(Latest\)-artutapunelusweoliepfhbcleaz/Build/Products/Debug/DeSmuME.oecoreplugin/Contents

MkDir /Users/barriesanders/Library/Developer/Xcode/DerivedData/DeSmuME_(Latest)-artutapunelusweoliepfhbcleaz/Build/Products/Debug/DeSmuME.oecoreplugin (in target 'DeSmuME (OpenEmu Plug-in)' from project 'DeSmuME (Latest)')
    cd /Users/barriesanders/.gemini/antigravity/scratch/OpenEmu_Port/DeSmuME/src/cocoa
    /bin/mkdir -p /Users/barriesanders/Library/Developer/Xcode/DerivedData/DeSmuME_\(Latest\)-artutapunelusweoliepfhbcleaz/Build/Products/Debug/DeSmuME.oecoreplugin

ProcessInfoPlistFile /Users/barriesanders/Library/Developer/Xcode/DerivedData/DeSmuME_(Latest)-artutapunelusweoliepfhbcleaz/Build/Products/Debug/DeSmuME.oecoreplugin/Contents/Info.plist /Users/barriesanders/.gemini/antigravity/scratch/OpenEmu_Port/DeSmuME/src/cocoa/openemu/Info\ (OpenEmu\ Plug-in).plist (in target 'DeSmuME (OpenEmu Plug-in)' from project 'DeSmuME (Latest)')
    cd /Users/barriesanders/.gemini/antigravity/scratch/OpenEmu_Port/DeSmuME/src/cocoa
    builtin-infoPlistUtility /Users/barriesanders/.gemini/antigravity/scratch/OpenEmu_Port/DeSmuME/src/cocoa/openemu/Info\ \(OpenEmu\ Plug-in\).plist -producttype com.apple.product-type.bundle -expandbuildsettings -platform macosx -o /Users/barriesanders/Library/Developer/Xcode/DerivedData/DeSmuME_\(Latest\)-artutapunelusweoliepfhbcleaz/Build/Products/Debug/DeSmuME.oecoreplugin/Contents/Info.plist

CopyPlistFile /Users/barriesanders/Library/Developer/Xcode/DerivedData/DeSmuME_(Latest)-artutapunelusweoliepfhbcleaz/Build/Products/Debug/DeSmuME.oecoreplugin/Contents/Resources/FileTypeInfo.plist /Users/barriesanders/.gemini/antigravity/scratch/OpenEmu_Port/DeSmuME/src/cocoa/FileTypeInfo.plist (in target 'DeSmuME (OpenEmu Plug-in)' from project 'DeSmuME (Latest)')
    cd /Users/barriesanders/.gemini/antigravity/scratch/OpenEmu_Port/DeSmuME/src/cocoa
    builtin-copyPlist --outdir /Users/barriesanders/Library/Developer/Xcode/DerivedData/DeSmuME_\(Latest\)-artutapunelusweoliepfhbcleaz/Build/Products/Debug/DeSmuME.oecoreplugin/Contents/Resources -- /Users/barriesanders/.gemini/antigravity/scratch/OpenEmu_Port/DeSmuME/src/cocoa/FileTypeInfo.plist

CopyStringsFile /Users/barriesanders/Library/Developer/Xcode/DerivedData/DeSmuME_(Latest)-artutapunelusweoliepfhbcleaz/Build/Products/Debug/DeSmuME.oecoreplugin/Contents/Resources/English.lproj/InfoPlist.strings /Users/barriesanders/.gemini/antigravity/scratch/OpenEmu_Port/DeSmuME/src/cocoa/translations/English.lproj/InfoPlist.strings (in target 'DeSmuME (OpenEmu Plug-in)' from project 'DeSmuME (Latest)')
    cd /Users/barriesanders/.gemini/antigravity/scratch/OpenEmu_Port/DeSmuME/src/cocoa
    builtin-copyStrings --validate --inputencoding utf-16le --outputencoding UTF-16 --outfilename InfoPlist.strings --outdir /Users/barriesanders/Library/Developer/Xcode/DerivedData/DeSmuME_\(Latest\)-artutapunelusweoliepfhbcleaz/Build/Products/Debug/DeSmuME.oecoreplugin/Contents/Resources/English.lproj -- /Users/barriesanders/.gemini/antigravity/scratch/OpenEmu_Port/DeSmuME/src/cocoa/translations/English.lproj/InfoPlist.strings

PhaseScriptExecution Run\ Script /Users/barriesanders/Library/Developer/Xcode/DerivedData/DeSmuME_(Latest)-artutapunelusweoliepfhbcleaz/Build/Intermediates.noindex/DeSmuME\ (Latest).build/Debug/DeSmuME\ (OpenEmu\ Plug-in).build/Script-AB2DF23515E0839D00B4D0BC.sh (in target 'DeSmuME (OpenEmu Plug-in)' from project 'DeSmuME (Latest)')
    cd /Users/barriesanders/.gemini/antigravity/scratch/OpenEmu_Port/DeSmuME/src/cocoa
    export ACTION\=build
    export AD_HOC_CODE_SIGNING_ALLOWED\=YES
    export ALLOW_BUILD_REQUEST_OVERRIDES\=NO
    export ALLOW_TARGET_PLATFORM_SPECIALIZATION\=NO
    export ALTERNATE_GROUP\=staff
    export ALTERNATE_MODE\=u+w,go-w,a+rX
    export ALTERNATE_OWNER\=barriesanders
    export ALTERNATIVE_DISTRIBUTION_WEB\=NO
    export ALWAYS_EMBED_SWIFT_STANDARD_LIBRARIES\=NO
    export ALWAYS_SEARCH_USER_PATHS\=NO
    export ALWAYS_USE_SEPARATE_HEADERMAPS\=NO
    export APPLICATION_EXTENSION_API_ONLY\=NO
    export APPLY_RULES_IN_COPY_FILES\=NO
    export APPLY_RULES_IN_COPY_HEADERS\=NO
    export APP_SHORTCUTS_ENABLE_FLEXIBLE_MATCHING\=YES
    export ARCHS\=arm64
    export ARCHS_STANDARD\=arm64\ x86_64
    export ARCHS_STANDARD_32_64_BIT\=arm64\ x86_64\ i386
    export ARCHS_STANDARD_32_BIT\=i386
    export ARCHS_STANDARD_64_BIT\=arm64\ x86_64
    export ARCHS_STANDARD_INCLUDING_64_BIT\=arm64\ x86_64
    export AUTOMATICALLY_MERGE_DEPENDENCIES\=NO
    export AUTOMATION_APPLE_EVENTS\=NO
    export AVAILABLE_PLATFORMS\=android\ appletvos\ appletvsimulator\ driverkit\ iphoneos\ iphonesimulator\ macosx\ qnx\ watchos\ watchsimulator\ webassembly\ xros\ xrsimulator
    export BUILD_ACTIVE_RESOURCES_ONLY\=NO
    export BUILD_COMPONENTS\=headers\ build
    export BUILD_DIR\=/Users/barriesanders/Library/Developer/Xcode/DerivedData/DeSmuME_\(Latest\)-artutapunelusweoliepfhbcleaz/Build/Products
    export BUILD_LIBRARY_FOR_DISTRIBUTION\=NO
    export BUILD_ROOT\=/Users/barriesanders/Library/Developer/Xcode/DerivedData/DeSmuME_\(Latest\)-artutapunelusweoliepfhbcleaz/Build/Products
    export BUILD_STYLE\=
    export BUILD_VARIANTS\=normal
    export BUILT_PRODUCTS_DIR\=/Users/barriesanders/Library/Developer/Xcode/DerivedData/DeSmuME_\(Latest\)-artutapunelusweoliepfhbcleaz/Build/Products/Debug
    export BUNDLE_CONTENTS_FOLDER_PATH\=Contents/
    export BUNDLE_CONTENTS_FOLDER_PATH_deep\=Contents/
    export BUNDLE_EXECUTABLE_FOLDER_NAME_deep\=MacOS
    export BUNDLE_EXECUTABLE_FOLDER_PATH\=Contents/MacOS
    export BUNDLE_EXTENSIONS_FOLDER_PATH\=Contents/Extensions
    export BUNDLE_FORMAT\=deep
    export BUNDLE_FRAMEWORKS_FOLDER_PATH\=Contents/Frameworks
    export BUNDLE_PLUGINS_FOLDER_PATH\=Contents/PlugIns
    export BUNDLE_PRIVATE_HEADERS_FOLDER_PATH\=Contents/PrivateHeaders
    export BUNDLE_PUBLIC_HEADERS_FOLDER_PATH\=Contents/Headers
    export CACHE_ROOT\=/var/folders/7k/6q2x2pxs55d2s99t76j3jmn40000gn/C/com.apple.DeveloperTools/26.2-17C52/Xcode
    export CCHROOT\=/var/folders/7k/6q2x2pxs55d2s99t76j3jmn40000gn/C/com.apple.DeveloperTools/26.2-17C52/Xcode
    export CHMOD\=/bin/chmod
    export CHOWN\=/usr/sbin/chown
    export CLANG_ANALYZER_SECURITY_FLOATLOOPCOUNTER\=YES
    export CLANG_ANALYZER_SECURITY_INSECUREAPI_RAND\=YES
    export CLANG_ANALYZER_SECURITY_INSECUREAPI_STRCPY\=YES
    export CLANG_CACHE_FINE_GRAINED_OUTPUTS\=YES
    export CLANG_CXX_LIBRARY\=libc++
    export CLANG_ENABLE_EXPLICIT_MODULES\=YES
    export CLANG_ENABLE_OBJC_ARC\=YES
    export CLANG_MODULES_BUILD_SESSION_FILE\=/Users/barriesanders/Library/Developer/Xcode/DerivedData/ModuleCache.noindex/Session.modulevalidation
    export CLANG_WARN_CONSTANT_CONVERSION\=YES
    export CLANG_WARN_ENUM_CONVERSION\=YES
    export CLANG_WARN_INT_CONVERSION\=YES
    export CLANG_WARN__DUPLICATE_METHOD_MATCH\=YES
    export CLANG_X86_VECTOR_INSTRUCTIONS\=ssse3
    export CLASS_FILE_DIR\=/Users/barriesanders/Library/Developer/Xcode/DerivedData/DeSmuME_\(Latest\)-artutapunelusweoliepfhbcleaz/Build/Intermediates.noindex/DeSmuME\ \(Latest\).build/Debug/DeSmuME\ \(OpenEmu\ Plug-in\).build/JavaClasses
    export CLEAN_PRECOMPS\=YES
    export CLONE_HEADERS\=NO
    export CODESIGNING_FOLDER_PATH\=/Users/barriesanders/Library/Developer/Xcode/DerivedData/DeSmuME_\(Latest\)-artutapunelusweoliepfhbcleaz/Build/Products/Debug/DeSmuME.oecoreplugin
    export CODE_SIGNING_ALLOWED\=YES
    export CODE_SIGNING_REQUIRED\=YES
    export CODE_SIGN_IDENTITY\=-
    export CODE_SIGN_IDENTITY_NO\=Apple\ Development
    export CODE_SIGN_IDENTITY_YES\=-
    export CODE_SIGN_INJECT_BASE_ENTITLEMENTS\=YES
    export COLOR_DIAGNOSTICS\=NO
    export COMBINE_HIDPI_IMAGES\=NO
    export COMPILATION_CACHE_CAS_PATH\=/Users/barriesanders/Library/Developer/Xcode/DerivedData/CompilationCache.noindex
    export COMPILATION_CACHE_KEEP_CAS_DIRECTORY\=YES
    export COMPILER_INDEX_STORE_ENABLE\=Default
    export COMPOSITE_SDK_DIRS\=/Users/barriesanders/Library/Developer/Xcode/DerivedData/DeSmuME_\(Latest\)-artutapunelusweoliepfhbcleaz/Build/Intermediates.noindex/CompositeSDKs
    export COMPRESS_PNG_FILES\=NO
    export CONFIGURATION\=Debug
    export CONFIGURATION_BUILD_DIR\=/Users/barriesanders/Library/Developer/Xcode/DerivedData/DeSmuME_\(Latest\)-artutapunelusweoliepfhbcleaz/Build/Products/Debug
    export CONFIGURATION_TEMP_DIR\=/Users/barriesanders/Library/Developer/Xcode/DerivedData/DeSmuME_\(Latest\)-artutapunelusweoliepfhbcleaz/Build/Intermediates.noindex/DeSmuME\ \(Latest\).build/Debug
    export CONTENTS_FOLDER_PATH\=DeSmuME.oecoreplugin/Contents
    export CONTENTS_FOLDER_PATH_SHALLOW_BUNDLE_NO\=DeSmuME.oecoreplugin/Contents
    export CONTENTS_FOLDER_PATH_SHALLOW_BUNDLE_YES\=DeSmuME.oecoreplugin
    export COPYING_PRESERVES_HFS_DATA\=NO
    export COPY_HEADERS_RUN_UNIFDEF\=NO
    export COPY_PHASE_STRIP\=NO
    export CP\=/bin/cp
    export CREATE_INFOPLIST_SECTION_IN_BINARY\=NO
    export CURRENT_ARCH\=undefined_arch
    export CURRENT_VARIANT\=normal
    export DEAD_CODE_STRIPPING\=YES
    export DEBUGGING_SYMBOLS\=YES
    export DEBUG_INFORMATION_FORMAT\=dwarf
    export DEBUG_INFORMATION_VERSION\=compiler-default
    export DEFAULT_COMPILER\=com.apple.compilers.llvm.clang.1_0
    export DEFAULT_DEXT_INSTALL_PATH\=/System/Library/DriverExtensions
    export DEFAULT_KEXT_INSTALL_PATH\=/System/Library/Extensions
    export DEFINES_MODULE\=NO
    export DEPLOYMENT_LOCATION\=NO
    export DEPLOYMENT_POSTPROCESSING\=NO
    export DEPLOYMENT_TARGET_SETTING_NAME\=MACOSX_DEPLOYMENT_TARGET
    export DEPLOYMENT_TARGET_SUGGESTED_VALUES\=10.13\ 10.14\ 10.15\ 11.0\ 11.1\ 11.2\ 11.3\ 11.4\ 11.5\ 12.0\ 12.2\ 12.3\ 12.4\ 13.0\ 13.1\ 13.2\ 13.3\ 13.4\ 13.5\ 14.0\ 14.1\ 14.2\ 14.3\ 14.4\ 14.5\ 14.6\ 15.0\ 15.1\ 15.2\ 15.3\ 15.4\ 15.5\ 15.6\ 26.0\ 26.1\ 26.2
    export DERIVED_FILES_DIR\=/Users/barriesanders/Library/Developer/Xcode/DerivedData/DeSmuME_\(Latest\)-artutapunelusweoliepfhbcleaz/Build/Intermediates.noindex/DeSmuME\ \(Latest\).build/Debug/DeSmuME\ \(OpenEmu\ Plug-in\).build/DerivedSources
    export DERIVED_FILE_DIR\=/Users/barriesanders/Library/Developer/Xcode/DerivedData/DeSmuME_\(Latest\)-artutapunelusweoliepfhbcleaz/Build/Intermediates.noindex/DeSmuME\ \(Latest\).build/Debug/DeSmuME\ \(OpenEmu\ Plug-in\).build/DerivedSources
    export DERIVED_SOURCES_DIR\=/Users/barriesanders/Library/Developer/Xcode/DerivedData/DeSmuME_\(Latest\)-artutapunelusweoliepfhbcleaz/Build/Intermediates.noindex/DeSmuME\ \(Latest\).build/Debug/DeSmuME\ \(OpenEmu\ Plug-in\).build/DerivedSources
    export DEVELOPER_APPLICATIONS_DIR\=/Applications/Xcode.app/Contents/Developer/Applications
    export DEVELOPER_BIN_DIR\=/Applications/Xcode.app/Contents/Developer/usr/bin
    export DEVELOPER_DIR\=/Applications/Xcode.app/Contents/Developer
    export DEVELOPER_FRAMEWORKS_DIR\=/Applications/Xcode.app/Contents/Developer/Library/Frameworks
    export DEVELOPER_FRAMEWORKS_DIR_QUOTED\=/Applications/Xcode.app/Contents/Developer/Library/Frameworks
    export DEVELOPER_LIBRARY_DIR\=/Applications/Xcode.app/Contents/Developer/Library
    export DEVELOPER_SDK_DIR\=/Applications/Xcode.app/Contents/Developer/Platforms/MacOSX.platform/Developer/SDKs
    export DEVELOPER_TOOLS_DIR\=/Applications/Xcode.app/Contents/Developer/Tools
    export DEVELOPER_USR_DIR\=/Applications/Xcode.app/Contents/Developer/usr
    export DEVELOPMENT_LANGUAGE\=English
    export DIAGNOSE_MISSING_TARGET_DEPENDENCIES\=YES
    export DIFF\=/usr/bin/diff
    export DOCUMENTATION_FOLDER_PATH\=DeSmuME.oecoreplugin/Contents/Resources/English.lproj/Documentation
    export DONT_GENERATE_INFOPLIST_FILE\=NO
    export DSTROOT\=/tmp/DeSmuME\ \(Latest\).dst
    export DT_TOOLCHAIN_DIR\=/Applications/Xcode.app/Contents/Developer/Toolchains/XcodeDefault.xctoolchain
    export DWARF_DSYM_FILE_NAME\=DeSmuME.oecoreplugin.dSYM
    export DWARF_DSYM_FILE_SHOULD_ACCOMPANY_PRODUCT\=NO
    export DWARF_DSYM_FOLDER_PATH\=/Users/barriesanders/Library/Developer/Xcode/DerivedData/DeSmuME_\(Latest\)-artutapunelusweoliepfhbcleaz/Build/Products/Debug
    export DYNAMIC_LIBRARY_EXTENSION\=dylib
    export EAGER_COMPILATION_ALLOW_SCRIPTS\=NO
    export EAGER_LINKING\=NO
    export EMBEDDED_CONTENT_CONTAINS_SWIFT\=NO
    export EMBEDDED_PROFILE_NAME\=embedded.provisionprofile
    export EMBED_ASSET_PACKS_IN_PRODUCT_BUNDLE\=NO
    export ENABLE_APP_SANDBOX\=NO
    export ENABLE_CODE_COVERAGE\=YES
    export ENABLE_CPLUSPLUS_BOUNDS_SAFE_BUFFERS\=NO
    export ENABLE_C_BOUNDS_SAFETY\=NO
    export ENABLE_DEBUG_DYLIB\=NO
    export ENABLE_DEFAULT_HEADER_SEARCH_PATHS\=YES
    export ENABLE_DEFAULT_SEARCH_PATHS\=YES
    export ENABLE_ENHANCED_SECURITY\=NO
    export ENABLE_HARDENED_RUNTIME\=NO
    export ENABLE_HEADER_DEPENDENCIES\=YES
    export ENABLE_INCOMING_NETWORK_CONNECTIONS\=NO
    export ENABLE_ON_DEMAND_RESOURCES\=NO
    export ENABLE_OUTGOING_NETWORK_CONNECTIONS\=NO
    export ENABLE_POINTER_AUTHENTICATION\=NO
    export ENABLE_PREVIEWS\=NO
    export ENABLE_RESOURCE_ACCESS_AUDIO_INPUT\=NO
    export ENABLE_RESOURCE_ACCESS_BLUETOOTH\=NO
    export ENABLE_RESOURCE_ACCESS_CALENDARS\=NO
    export ENABLE_RESOURCE_ACCESS_CAMERA\=NO
    export ENABLE_RESOURCE_ACCESS_CONTACTS\=NO
    export ENABLE_RESOURCE_ACCESS_LOCATION\=NO
    export ENABLE_RESOURCE_ACCESS_PHOTO_LIBRARY\=NO
    export ENABLE_RESOURCE_ACCESS_PRINTING\=NO
    export ENABLE_RESOURCE_ACCESS_USB\=NO
    export ENABLE_SDK_IMPORTS\=NO
    export ENABLE_SECURITY_COMPILER_WARNINGS\=NO
    export ENABLE_TESTABILITY\=NO
    export ENABLE_TESTING_SEARCH_PATHS\=NO
    export ENABLE_USER_SCRIPT_SANDBOXING\=NO
    export ENABLE_XOJIT_PREVIEWS\=NO
    export ENFORCE_VALID_ARCHS\=YES
    export ENTITLEMENTS_DESTINATION\=Signature
    export ENTITLEMENTS_REQUIRED\=NO
    export EXCLUDED_INSTALLSRC_SUBDIRECTORY_PATTERNS\=.DS_Store\ .svn\ .git\ .hg\ CVS
    export EXCLUDED_RECURSIVE_SEARCH_PATH_SUBDIRECTORIES\=\*.nib\ \*.lproj\ \*.framework\ \*.gch\ \*.xcode\*\ \*.xcassets\ \*.icon\ \(\*\)\ .DS_Store\ CVS\ .svn\ .git\ .hg\ \*.pbproj\ \*.pbxproj
    export EXECUTABLES_FOLDER_PATH\=DeSmuME.oecoreplugin/Contents/Executables
    export EXECUTABLE_FOLDER_PATH\=DeSmuME.oecoreplugin/Contents/MacOS
    export EXECUTABLE_FOLDER_PATH_SHALLOW_BUNDLE_NO\=DeSmuME.oecoreplugin/Contents/MacOS
    export EXECUTABLE_FOLDER_PATH_SHALLOW_BUNDLE_YES\=DeSmuME.oecoreplugin/Contents
    export EXECUTABLE_NAME\=DeSmuME
    export EXECUTABLE_PATH\=DeSmuME.oecoreplugin/Contents/MacOS/DeSmuME
    export EXPANDED_CODE_SIGN_IDENTITY\=-
    export EXPANDED_CODE_SIGN_IDENTITY_NAME\=Sign\ to\ Run\ Locally
    export EXTENSIONS_FOLDER_PATH\=DeSmuME.oecoreplugin/Contents/Extensions
    export FILE_LIST\=/Users/barriesanders/Library/Developer/Xcode/DerivedData/DeSmuME_\(Latest\)-artutapunelusweoliepfhbcleaz/Build/Intermediates.noindex/DeSmuME\ \(Latest\).build/Debug/DeSmuME\ \(OpenEmu\ Plug-in\).build/Objects/LinkFileList
    export FIXED_FILES_DIR\=/Users/barriesanders/Library/Developer/Xcode/DerivedData/DeSmuME_\(Latest\)-artutapunelusweoliepfhbcleaz/Build/Intermediates.noindex/DeSmuME\ \(Latest\).build/Debug/DeSmuME\ \(OpenEmu\ Plug-in\).build/FixedFiles
    export FRAMEWORKS_FOLDER_PATH\=DeSmuME.oecoreplugin/Contents/Frameworks
    export FRAMEWORK_FLAG_PREFIX\=-framework
    export FRAMEWORK_SEARCH_PATHS\=/Users/barriesanders/Library/Developer/Xcode/DerivedData/DeSmuME_\(Latest\)-artutapunelusweoliepfhbcleaz/Build/Products/Debug\ \ \"/Users/barriesanders/.gemini/antigravity/scratch/OpenEmu_Port/DeSmuME/src/cocoa/openemu\"
    export FRAMEWORK_VERSION\=A
    export FULL_PRODUCT_NAME\=DeSmuME.oecoreplugin
    export FUSE_BUILD_PHASES\=YES
    export FUSE_BUILD_SCRIPT_PHASES\=NO
    export GCC3_VERSION\=3.3
    export GCC_DYNAMIC_NO_PIC\=YES
    export GCC_FAST_MATH\=YES
    export GCC_FAST_OBJC_DISPATCH\=NO
    export GCC_INLINES_ARE_PRIVATE_EXTERN\=YES
    export GCC_OPTIMIZATION_LEVEL\=0
    export GCC_PFE_FILE_C_DIALECTS\=c\ objective-c\ c++\ objective-c++
    export GCC_PRECOMPILE_PREFIX_HEADER\=YES
    export GCC_PREFIX_HEADER\=openemu/DeSmuME_Prefix_OpenEmu.pch
    export GCC_PREPROCESSOR_DEFINITIONS\=_DEBUG\ DEBUG\=1
    export GCC_SYMBOLS_PRIVATE_EXTERN\=NO
    export GCC_THREADSAFE_STATICS\=NO
    export GCC_TREAT_IMPLICIT_FUNCTION_DECLARATIONS_AS_ERRORS\=YES
    export GCC_TREAT_WARNINGS_AS_ERRORS\=NO
    export GCC_VERSION\=com.apple.compilers.llvm.clang.1_0
    export GCC_VERSION_IDENTIFIER\=com_apple_compilers_llvm_clang_1_0
    export GCC_WARN_64_TO_32_BIT_CONVERSION\=NO
    export GCC_WARN_ABOUT_RETURN_TYPE\=YES
    export GCC_WARN_SHADOW\=YES
    export GCC_WARN_UNINITIALIZED_AUTOS\=YES
    export GCC_WARN_UNUSED_VARIABLE\=YES
    export GENERATED_MODULEMAP_DIR\=/Users/barriesanders/Library/Developer/Xcode/DerivedData/DeSmuME_\(Latest\)-artutapunelusweoliepfhbcleaz/Build/Intermediates.noindex/GeneratedModuleMaps
    export GENERATE_INFOPLIST_FILE\=NO
    export GENERATE_INTERMEDIATE_TEXT_BASED_STUBS\=YES
    export GENERATE_PKGINFO_FILE\=NO
    export GENERATE_PRELINK_OBJECT_FILE\=NO
    export GENERATE_PROFILING_CODE\=NO
    export GENERATE_TEXT_BASED_STUBS\=NO
    export GID\=20
    export GROUP\=staff
    export HEADERMAP_INCLUDES_FLAT_ENTRIES_FOR_TARGET_BEING_BUILT\=YES
    export HEADERMAP_INCLUDES_FRAMEWORK_ENTRIES_FOR_ALL_PRODUCT_TYPES\=YES
    export HEADERMAP_INCLUDES_FRAMEWORK_ENTRIES_FOR_TARGETS_NOT_BEING_BUILT\=YES
    export HEADERMAP_INCLUDES_NONPUBLIC_NONPRIVATE_HEADERS\=YES
    export HEADERMAP_INCLUDES_PROJECT_HEADERS\=YES
    export HEADERMAP_USES_FRAMEWORK_PREFIX_ENTRIES\=YES
    export HEADERMAP_USES_VFS\=NO
    export HEADER_SEARCH_PATHS\=/Users/barriesanders/Library/Developer/Xcode/DerivedData/DeSmuME_\(Latest\)-artutapunelusweoliepfhbcleaz/Build/Products/Debug/include\ 
    export HOME\=/Users/barriesanders
    export HOST_ARCH\=arm64
    export HOST_PLATFORM\=macosx
    export IBC_FLATTEN_NIBS\=NO
    export ICONV\=/usr/bin/iconv
    export IMPLICIT_DEPENDENCY_DOMAIN\=default
    export INFOPLIST_ENABLE_CFBUNDLEICONS_MERGE\=YES
    export INFOPLIST_EXPAND_BUILD_SETTINGS\=YES
    export INFOPLIST_FILE\=openemu/Info\ \(OpenEmu\ Plug-in\).plist
    export INFOPLIST_OUTPUT_FORMAT\=same-as-input
    export INFOPLIST_PATH\=DeSmuME.oecoreplugin/Contents/Info.plist
    export INFOPLIST_PREPROCESS\=NO
    export INFOSTRINGS_PATH\=DeSmuME.oecoreplugin/Contents/Resources/English.lproj/InfoPlist.strings
    export INLINE_PRIVATE_FRAMEWORKS\=NO
    export INSTALLAPI_IGNORE_SKIP_INSTALL\=YES
    export INSTALLHDRS_COPY_PHASE\=NO
    export INSTALLHDRS_SCRIPT_PHASE\=NO
    export INSTALL_DIR\=/tmp/DeSmuME\ \(Latest\).dst
    export INSTALL_GROUP\=staff
    export INSTALL_MODE_FLAG\=u+w,go-w,a+rX
    export INSTALL_OWNER\=barriesanders
    export INSTALL_ROOT\=/tmp/DeSmuME\ \(Latest\).dst
    export IOS_UNZIPPERED_TWIN_PREFIX_PATH\=/System/iOSSupport
    export IS_MACCATALYST\=NO
    export IS_UNOPTIMIZED_BUILD\=YES
    export JAVAC_DEFAULT_FLAGS\=-J-Xms64m\ -J-XX:NewSize\=4M\ -J-Dfile.encoding\=UTF8
    export JAVA_APP_STUB\=/System/Library/Frameworks/JavaVM.framework/Resources/MacOS/JavaApplicationStub
    export JAVA_ARCHIVE_CLASSES\=YES
    export JAVA_ARCHIVE_TYPE\=JAR
    export JAVA_COMPILER\=/usr/bin/javac
    export JAVA_FOLDER_PATH\=DeSmuME.oecoreplugin/Contents/Resources/Java
    export JAVA_FRAMEWORK_RESOURCES_DIRS\=Resources
    export JAVA_JAR_FLAGS\=cv
    export JAVA_SOURCE_SUBDIR\=.
    export JAVA_USE_DEPENDENCIES\=YES
    export JAVA_ZIP_FLAGS\=-urg
    export JIKES_DEFAULT_FLAGS\=+E\ +OLDCSO
    export KASAN_CFLAGS_CLASSIC\=-DKASAN\=1\ -DKASAN_CLASSIC\=1\ -fsanitize\=address\ -mllvm\ -asan-globals-live-support\ -mllvm\ -asan-force-dynamic-shadow
    export KASAN_CFLAGS_TBI\=-DKASAN\=1\ -DKASAN_TBI\=1\ -fsanitize\=kernel-hwaddress\ -mllvm\ -hwasan-recover\=0\ -mllvm\ -hwasan-instrument-atomics\=0\ -mllvm\ -hwasan-instrument-stack\=1\ -mllvm\ -hwasan-generate-tags-with-calls\=1\ -mllvm\ -hwasan-instrument-with-calls\=1\ -mllvm\ -hwasan-use-short-granules\=0\ -mllvm\ -hwasan-memory-access-callback-prefix\=__asan_
    export KASAN_DEFAULT_CFLAGS\=-DKASAN\=1\ -DKASAN_CLASSIC\=1\ -fsanitize\=address\ -mllvm\ -asan-globals-live-support\ -mllvm\ -asan-force-dynamic-shadow
    export KEEP_PRIVATE_EXTERNS\=NO
    export LD_DEPENDENCY_INFO_FILE\=/Users/barriesanders/Library/Developer/Xcode/DerivedData/DeSmuME_\(Latest\)-artutapunelusweoliepfhbcleaz/Build/Intermediates.noindex/DeSmuME\ \(Latest\).build/Debug/DeSmuME\ \(OpenEmu\ Plug-in\).build/Objects-normal/undefined_arch/DeSmuME_dependency_info.dat
    export LD_EXPORT_SYMBOLS\=YES
    export LD_GENERATE_MAP_FILE\=NO
    export LD_MAP_FILE_PATH\=/Users/barriesanders/Library/Developer/Xcode/DerivedData/DeSmuME_\(Latest\)-artutapunelusweoliepfhbcleaz/Build/Intermediates.noindex/DeSmuME\ \(Latest\).build/Debug/DeSmuME\ \(OpenEmu\ Plug-in\).build/DeSmuME-LinkMap-normal-undefined_arch.txt
    export LD_NO_PIE\=YES
    export LD_QUOTE_LINKER_ARGUMENTS_FOR_COMPILER_DRIVER\=YES
    export LD_SHARED_CACHE_ELIGIBLE\=Automatic
    export LD_WARN_DUPLICATE_LIBRARIES\=NO
    export LD_WARN_UNUSED_DYLIBS\=NO
    export LEGACY_DEVELOPER_DIR\=/Applications/Xcode.app/Contents/PlugIns/Xcode3Core.ideplugin/Contents/SharedSupport/Developer
    export LEX\=lex
    export LIBRARY_DEXT_INSTALL_PATH\=/Library/DriverExtensions
    export LIBRARY_FLAG_NOSPACE\=YES
    export LIBRARY_FLAG_PREFIX\=-l
    export LIBRARY_KEXT_INSTALL_PATH\=/Library/Extensions
    export LIBRARY_SEARCH_PATHS\=/Users/barriesanders/Library/Developer/Xcode/DerivedData/DeSmuME_\(Latest\)-artutapunelusweoliepfhbcleaz/Build/Products/Debug\ 
    export LINKER_DISPLAYS_MANGLED_NAMES\=NO
    export LINK_FILE_LIST_normal_arm64\=/Users/barriesanders/Library/Developer/Xcode/DerivedData/DeSmuME_\(Latest\)-artutapunelusweoliepfhbcleaz/Build/Intermediates.noindex/DeSmuME\ \(Latest\).build/Debug/DeSmuME\ \(OpenEmu\ Plug-in\).build/Objects-normal/arm64/DeSmuME.LinkFileList
    export LINK_OBJC_RUNTIME\=YES
    export LINK_WITH_STANDARD_LIBRARIES\=YES
    export LLVM_TARGET_TRIPLE_OS_VERSION\=macos11.0
    export LLVM_TARGET_TRIPLE_OS_VERSION_NO\=macos11.0
    export LLVM_TARGET_TRIPLE_OS_VERSION_YES\=macos26.2
    export LLVM_TARGET_TRIPLE_VENDOR\=apple
    export LM_AUX_CONST_METADATA_LIST_PATH_normal_arm64\=/Users/barriesanders/Library/Developer/Xcode/DerivedData/DeSmuME_\(Latest\)-artutapunelusweoliepfhbcleaz/Build/Intermediates.noindex/DeSmuME\ \(Latest\).build/Debug/DeSmuME\ \(OpenEmu\ Plug-in\).build/Objects-normal/arm64/DeSmuME.SwiftConstValuesFileList
    export LOCALIZATION_EXPORT_SUPPORTED\=YES
    export LOCALIZATION_PREFERS_STRING_CATALOGS\=NO
    export LOCALIZED_RESOURCES_FOLDER_PATH\=DeSmuME.oecoreplugin/Contents/Resources/English.lproj
    export LOCALIZED_STRING_MACRO_NAMES\=NSLocalizedString\ CFCopyLocalizedString
    export LOCALIZED_STRING_SWIFTUI_SUPPORT\=YES
    export LOCAL_ADMIN_APPS_DIR\=/Applications/Utilities
    export LOCAL_APPS_DIR\=/Applications
    export LOCAL_DEVELOPER_DIR\=/Library/Developer
    export LOCAL_LIBRARY_DIR\=/Library
    export LOCROOT\=/Users/barriesanders/.gemini/antigravity/scratch/OpenEmu_Port/DeSmuME/src/cocoa
    export LOCSYMROOT\=/Users/barriesanders/.gemini/antigravity/scratch/OpenEmu_Port/DeSmuME/src/cocoa
    export MACH_O_TYPE\=mh_bundle
    export MACOSX_DEPLOYMENT_TARGET\=11.0
    export MAC_OS_X_PRODUCT_BUILD_VERSION\=25D5101c
    export MAC_OS_X_VERSION_ACTUAL\=260300
    export MAC_OS_X_VERSION_MAJOR\=260000
    export MAC_OS_X_VERSION_MINOR\=260300
    export MAKE_MERGEABLE\=NO
    export MERGEABLE_LIBRARY\=NO
    export MERGED_BINARY_TYPE\=none
    export MERGE_LINKED_LIBRARIES\=NO
    export METAL_LIBRARY_FILE_BASE\=default
    export METAL_LIBRARY_OUTPUT_DIR\=/Users/barriesanders/Library/Developer/Xcode/DerivedData/DeSmuME_\(Latest\)-artutapunelusweoliepfhbcleaz/Build/Products/Debug/DeSmuME.oecoreplugin/Contents/Resources
    export MODULES_FOLDER_PATH\=DeSmuME.oecoreplugin/Contents/Modules
    export MODULE_CACHE_DIR\=/Users/barriesanders/Library/Developer/Xcode/DerivedData/ModuleCache.noindex
    export NATIVE_ARCH\=arm64
    export NATIVE_ARCH_32_BIT\=arm
    export NATIVE_ARCH_64_BIT\=arm64
    export NATIVE_ARCH_ACTUAL\=arm64
    export NO_COMMON\=YES
    export OBJECT_FILE_DIR\=/Users/barriesanders/Library/Developer/Xcode/DerivedData/DeSmuME_\(Latest\)-artutapunelusweoliepfhbcleaz/Build/Intermediates.noindex/DeSmuME\ \(Latest\).build/Debug/DeSmuME\ \(OpenEmu\ Plug-in\).build/Objects
    export OBJECT_FILE_DIR_normal\=/Users/barriesanders/Library/Developer/Xcode/DerivedData/DeSmuME_\(Latest\)-artutapunelusweoliepfhbcleaz/Build/Intermediates.noindex/DeSmuME\ \(Latest\).build/Debug/DeSmuME\ \(OpenEmu\ Plug-in\).build/Objects-normal
    export OBJROOT\=/Users/barriesanders/Library/Developer/Xcode/DerivedData/DeSmuME_\(Latest\)-artutapunelusweoliepfhbcleaz/Build/Intermediates.noindex
    export ONLY_ACTIVE_ARCH\=YES
    export OS\=MACOS
    export OSAC\=/usr/bin/osacompile
    export PACKAGE_TYPE\=com.apple.package-type.wrapper
    export PASCAL_STRINGS\=YES
    export PATH\=/Applications/Xcode.app/Contents/SharedFrameworks/SwiftBuild.framework/Versions/A/PlugIns/SWBBuildService.bundle/Contents/PlugIns/SWBUniversalPlatformPlugin.bundle/Contents/Frameworks/SWBUniversalPlatform.framework/Resources:/var/run/com.apple.security.cryptexd/mnt/com.apple.MobileAsset.MetalToolchain-v17.3.48.0.vdXpnX/Metal.xctoolchain/usr/bin:/var/run/com.apple.security.cryptexd/mnt/com.apple.MobileAsset.MetalToolchain-v17.3.48.0.vdXpnX/Metal.xctoolchain/usr/local/bin:/var/run/com.apple.security.cryptexd/mnt/com.apple.MobileAsset.MetalToolchain-v17.3.48.0.vdXpnX/Metal.xctoolchain/usr/libexec:/Applications/Xcode.app/Contents/Developer/Toolchains/XcodeDefault.xctoolchain/usr/bin:/Applications/Xcode.app/Contents/Developer/Toolchains/XcodeDefault.xctoolchain/usr/local/bin:/Applications/Xcode.app/Contents/Developer/Toolchains/XcodeDefault.xctoolchain/usr/libexec:/Applications/Xcode.app/Contents/Developer/Platforms/MacOSX.platform/usr/bin:/Applications/Xcode.app/Contents/Developer/Platforms/MacOSX.platform/usr/local/bin:/Applications/Xcode.app/Contents/Developer/Platforms/MacOSX.platform/Developer/usr/bin:/Applications/Xcode.app/Contents/Developer/Platforms/MacOSX.platform/Developer/usr/local/bin:/Applications/Xcode.app/Contents/Developer/usr/bin:/Applications/Xcode.app/Contents/Developer/usr/local/bin:/opt/homebrew/bin:/opt/homebrew/sbin:/usr/local/bin:/usr/bin:/bin:/usr/sbin:/sbin:/Users/barriesanders/Library/Python/3.8/bin:/var/run/com.apple.security.cryptexd/codex.system/bootstrap/usr/local/bin:/var/run/com.apple.security.cryptexd/codex.system/bootstrap/usr/bin:/var/run/com.apple.security.cryptexd/codex.system/bootstrap/usr/appleinternal/bin:/opt/pmk/env/global/bin:/Library/Apple/usr/bin:/Applications/VMware\ Fusion.app/Contents/Public:/usr/local/share/dotnet:/Library/Frameworks/Mono.framework/Versions/Current/Commands:/Users/barriesanders/.cache/lm-studio/bin
    export PATH_PREFIXES_EXCLUDED_FROM_HEADER_DEPENDENCIES\=/usr/include\ /usr/local/include\ /System/Library/Frameworks\ /System/Library/PrivateFrameworks\ /Applications/Xcode.app/Contents/Developer/Headers\ /Applications/Xcode.app/Contents/Developer/SDKs\ /Applications/Xcode.app/Contents/Developer/Platforms
    export PBDEVELOPMENTPLIST_PATH\=DeSmuME.oecoreplugin/Contents/pbdevelopment.plist
    export PER_ARCH_MODULE_FILE_DIR\=/Users/barriesanders/Library/Developer/Xcode/DerivedData/DeSmuME_\(Latest\)-artutapunelusweoliepfhbcleaz/Build/Intermediates.noindex/DeSmuME\ \(Latest\).build/Debug/DeSmuME\ \(OpenEmu\ Plug-in\).build/Objects-normal/undefined_arch
    export PER_ARCH_OBJECT_FILE_DIR\=/Users/barriesanders/Library/Developer/Xcode/DerivedData/DeSmuME_\(Latest\)-artutapunelusweoliepfhbcleaz/Build/Intermediates.noindex/DeSmuME\ \(Latest\).build/Debug/DeSmuME\ \(OpenEmu\ Plug-in\).build/Objects-normal/undefined_arch
    export PER_VARIANT_OBJECT_FILE_DIR\=/Users/barriesanders/Library/Developer/Xcode/DerivedData/DeSmuME_\(Latest\)-artutapunelusweoliepfhbcleaz/Build/Intermediates.noindex/DeSmuME\ \(Latest\).build/Debug/DeSmuME\ \(OpenEmu\ Plug-in\).build/Objects-normal
    export PKGINFO_FILE_PATH\=/Users/barriesanders/Library/Developer/Xcode/DerivedData/DeSmuME_\(Latest\)-artutapunelusweoliepfhbcleaz/Build/Intermediates.noindex/DeSmuME\ \(Latest\).build/Debug/DeSmuME\ \(OpenEmu\ Plug-in\).build/PkgInfo
    export PKGINFO_PATH\=DeSmuME.oecoreplugin/Contents/PkgInfo
    export PLATFORM_DEVELOPER_APPLICATIONS_DIR\=/Applications/Xcode.app/Contents/Developer/Applications
    export PLATFORM_DEVELOPER_BIN_DIR\=/Applications/Xcode.app/Contents/Developer/usr/bin
    export PLATFORM_DEVELOPER_LIBRARY_DIR\=/Applications/Xcode.app/Contents/Developer/Library
    export PLATFORM_DEVELOPER_SDK_DIR\=/Applications/Xcode.app/Contents/Developer/Platforms/MacOSX.platform/Developer/SDKs
    export PLATFORM_DEVELOPER_TOOLS_DIR\=/Applications/Xcode.app/Contents/Developer/Tools
    export PLATFORM_DEVELOPER_USR_DIR\=/Applications/Xcode.app/Contents/Developer/usr
    export PLATFORM_DIR\=/Applications/Xcode.app/Contents/Developer/Platforms/MacOSX.platform
    export PLATFORM_DISPLAY_NAME\=macOS
    export PLATFORM_FAMILY_NAME\=macOS
    export PLATFORM_NAME\=macosx
    export PLATFORM_PREFERRED_ARCH\=x86_64
    export PLATFORM_PRODUCT_BUILD_VERSION\=25C57
    export PLATFORM_REQUIRES_SWIFT_AUTOLINK_EXTRACT\=NO
    export PLATFORM_REQUIRES_SWIFT_MODULEWRAP\=NO
    export PLIST_FILE_OUTPUT_FORMAT\=same-as-input
    export PLUGINS_FOLDER_PATH\=DeSmuME.oecoreplugin/Contents/PlugIns
    export PRECOMPS_INCLUDE_HEADERS_FROM_BUILT_PRODUCTS_DIR\=YES
    export PRECOMP_DESTINATION_DIR\=/Users/barriesanders/Library/Developer/Xcode/DerivedData/DeSmuME_\(Latest\)-artutapunelusweoliepfhbcleaz/Build/Intermediates.noindex/DeSmuME\ \(Latest\).build/Debug/DeSmuME\ \(OpenEmu\ Plug-in\).build/PrefixHeaders
    export PRIVATE_HEADERS_FOLDER_PATH\=DeSmuME.oecoreplugin/Contents/PrivateHeaders
    export PROCESSED_INFOPLIST_PATH\=/Users/barriesanders/Library/Developer/Xcode/DerivedData/DeSmuME_\(Latest\)-artutapunelusweoliepfhbcleaz/Build/Intermediates.noindex/DeSmuME\ \(Latest\).build/Debug/DeSmuME\ \(OpenEmu\ Plug-in\).build/Objects-normal/undefined_arch/Processed-Info.plist
    export PRODUCT_BUNDLE_IDENTIFIER\=org.openemu.desmume
    export PRODUCT_BUNDLE_PACKAGE_TYPE\=BNDL
    export PRODUCT_MODULE_NAME\=DeSmuME
    export PRODUCT_NAME\=DeSmuME
    export PRODUCT_SETTINGS_PATH\=/Users/barriesanders/.gemini/antigravity/scratch/OpenEmu_Port/DeSmuME/src/cocoa/openemu/Info\ \(OpenEmu\ Plug-in\).plist
    export PRODUCT_TYPE\=com.apple.product-type.bundle
    export PROFILING_CODE\=NO
    export PROJECT\=DeSmuME\ \(Latest\)
    export PROJECT_DERIVED_FILE_DIR\=/Users/barriesanders/Library/Developer/Xcode/DerivedData/DeSmuME_\(Latest\)-artutapunelusweoliepfhbcleaz/Build/Intermediates.noindex/DeSmuME\ \(Latest\).build/DerivedSources
    export PROJECT_DIR\=/Users/barriesanders/.gemini/antigravity/scratch/OpenEmu_Port/DeSmuME/src/cocoa
    export PROJECT_FILE_PATH\=/Users/barriesanders/.gemini/antigravity/scratch/OpenEmu_Port/DeSmuME/src/cocoa/DeSmuME\ \(Latest\).xcodeproj
    export PROJECT_GUID\=7c195961f07fc99184d2a83c380de030
    export PROJECT_NAME\=DeSmuME\ \(Latest\)
    export PROJECT_TEMP_DIR\=/Users/barriesanders/Library/Developer/Xcode/DerivedData/DeSmuME_\(Latest\)-artutapunelusweoliepfhbcleaz/Build/Intermediates.noindex/DeSmuME\ \(Latest\).build
    export PROJECT_TEMP_ROOT\=/Users/barriesanders/Library/Developer/Xcode/DerivedData/DeSmuME_\(Latest\)-artutapunelusweoliepfhbcleaz/Build/Intermediates.noindex
    export PUBLIC_HEADERS_FOLDER_PATH\=DeSmuME.oecoreplugin/Contents/Headers
    export RECOMMENDED_MACOSX_DEPLOYMENT_TARGET\=11.0
    export RECURSIVE_SEARCH_PATHS_FOLLOW_SYMLINKS\=YES
    export REMOVE_CVS_FROM_RESOURCES\=YES
    export REMOVE_GIT_FROM_RESOURCES\=YES
    export REMOVE_HEADERS_FROM_EMBEDDED_BUNDLES\=YES
    export REMOVE_HG_FROM_RESOURCES\=YES
    export REMOVE_STATIC_EXECUTABLES_FROM_EMBEDDED_BUNDLES\=YES
    export REMOVE_SVN_FROM_RESOURCES\=YES
    export RESCHEDULE_INDEPENDENT_HEADERS_PHASES\=YES
    export REZ_COLLECTOR_DIR\=/Users/barriesanders/Library/Developer/Xcode/DerivedData/DeSmuME_\(Latest\)-artutapunelusweoliepfhbcleaz/Build/Intermediates.noindex/DeSmuME\ \(Latest\).build/Debug/DeSmuME\ \(OpenEmu\ Plug-in\).build/ResourceManagerResources
    export REZ_OBJECTS_DIR\=/Users/barriesanders/Library/Developer/Xcode/DerivedData/DeSmuME_\(Latest\)-artutapunelusweoliepfhbcleaz/Build/Intermediates.noindex/DeSmuME\ \(Latest\).build/Debug/DeSmuME\ \(OpenEmu\ Plug-in\).build/ResourceManagerResources/Objects
    export REZ_SEARCH_PATHS\=/Users/barriesanders/Library/Developer/Xcode/DerivedData/DeSmuME_\(Latest\)-artutapunelusweoliepfhbcleaz/Build/Products/Debug\ 
    export RUNTIME_EXCEPTION_ALLOW_DYLD_ENVIRONMENT_VARIABLES\=NO
    export RUNTIME_EXCEPTION_ALLOW_JIT\=NO
    export RUNTIME_EXCEPTION_ALLOW_UNSIGNED_EXECUTABLE_MEMORY\=NO
    export RUNTIME_EXCEPTION_DEBUGGING_TOOL\=NO
    export RUNTIME_EXCEPTION_DISABLE_EXECUTABLE_PAGE_PROTECTION\=NO
    export RUNTIME_EXCEPTION_DISABLE_LIBRARY_VALIDATION\=NO
    export SCAN_ALL_SOURCE_FILES_FOR_INCLUDES\=NO
    export SCRIPTS_FOLDER_PATH\=DeSmuME.oecoreplugin/Contents/Resources/Scripts
    export SCRIPT_INPUT_FILE_0\=/Users/barriesanders/.gemini/antigravity/scratch/OpenEmu_Port/DeSmuME/src/svnrev.h
    export SCRIPT_INPUT_FILE_COUNT\=1
    export SCRIPT_INPUT_FILE_LIST_COUNT\=0
    export SCRIPT_OUTPUT_FILE_COUNT\=0
    export SCRIPT_OUTPUT_FILE_LIST_COUNT\=0
    export SDKROOT\=/Applications/Xcode.app/Contents/Developer/Platforms/MacOSX.platform/Developer/SDKs/MacOSX26.2.sdk
    export SDK_DIR\=/Applications/Xcode.app/Contents/Developer/Platforms/MacOSX.platform/Developer/SDKs/MacOSX26.2.sdk
    export SDK_DIR_macosx\=/Applications/Xcode.app/Contents/Developer/Platforms/MacOSX.platform/Developer/SDKs/MacOSX26.2.sdk
    export SDK_DIR_macosx26_2\=/Applications/Xcode.app/Contents/Developer/Platforms/MacOSX.platform/Developer/SDKs/MacOSX26.2.sdk
    export SDK_NAME\=macosx26.2
    export SDK_NAMES\=macosx26.2
    export SDK_PRODUCT_BUILD_VERSION\=25C57
    export SDK_STAT_CACHE_DIR\=/Users/barriesanders/Library/Developer/Xcode/DerivedData
    export SDK_STAT_CACHE_ENABLE\=YES
    export SDK_STAT_CACHE_PATH\=/Users/barriesanders/Library/Developer/Xcode/DerivedData/SDKStatCaches.noindex/macosx26.2-25C57-3885c01c3e6b6a337905948deab2002e00fa09913b459cbbc988d1f6730289ae.sdkstatcache
    export SDK_VERSION\=26.2
    export SDK_VERSION_ACTUAL\=260200
    export SDK_VERSION_MAJOR\=260000
    export SDK_VERSION_MINOR\=260200
    export SED\=/usr/bin/sed
    export SEPARATE_STRIP\=NO
    export SEPARATE_SYMBOL_EDIT\=NO
    export SET_DIR_MODE_OWNER_GROUP\=YES
    export SET_FILE_MODE_OWNER_GROUP\=NO
    export SHALLOW_BUNDLE\=NO
    export SHALLOW_BUNDLE_PLATFORM\=NO
    export SHALLOW_BUNDLE_TRIPLE\=macos
    export SHALLOW_BUNDLE_ios_macabi\=NO
    export SHALLOW_BUNDLE_macos\=NO
    export SHARED_DERIVED_FILE_DIR\=/Users/barriesanders/Library/Developer/Xcode/DerivedData/DeSmuME_\(Latest\)-artutapunelusweoliepfhbcleaz/Build/Products/Debug/DerivedSources
    export SHARED_FRAMEWORKS_FOLDER_PATH\=DeSmuME.oecoreplugin/Contents/SharedFrameworks
    export SHARED_PRECOMPS_DIR\=/Users/barriesanders/Library/Developer/Xcode/DerivedData/DeSmuME_\(Latest\)-artutapunelusweoliepfhbcleaz/Build/Intermediates.noindex/PrecompiledHeaders
    export SHARED_SUPPORT_FOLDER_PATH\=DeSmuME.oecoreplugin/Contents/SharedSupport
    export SKIP_INSTALL\=YES
    export SOURCE_ROOT\=/Users/barriesanders/.gemini/antigravity/scratch/OpenEmu_Port/DeSmuME/src/cocoa
    export SRCROOT\=/Users/barriesanders/.gemini/antigravity/scratch/OpenEmu_Port/DeSmuME/src/cocoa
    export STRINGSDATA_DIR\=/Users/barriesanders/Library/Developer/Xcode/DerivedData/DeSmuME_\(Latest\)-artutapunelusweoliepfhbcleaz/Build/Intermediates.noindex/DeSmuME\ \(Latest\).build/Debug/DeSmuME\ \(OpenEmu\ Plug-in\).build/Objects-normal/undefined_arch
    export STRINGSDATA_ROOT\=/Users/barriesanders/Library/Developer/Xcode/DerivedData/DeSmuME_\(Latest\)-artutapunelusweoliepfhbcleaz/Build/Intermediates.noindex/DeSmuME\ \(Latest\).build/Debug/DeSmuME\ \(OpenEmu\ Plug-in\).build
    export STRINGS_FILE_INFOPLIST_RENAME\=YES
    export STRINGS_FILE_OUTPUT_ENCODING\=UTF-16
    export STRING_CATALOG_GENERATE_SYMBOLS\=NO
    export STRIP_BITCODE_FROM_COPIED_FILES\=NO
    export STRIP_INSTALLED_PRODUCT\=NO
    export STRIP_PNG_TEXT\=NO
    export STRIP_STYLE\=non-global
    export STRIP_SWIFT_SYMBOLS\=YES
    export SUPPORTED_PLATFORMS\=macosx
    export SUPPORTS_TEXT_BASED_API\=NO
    export SUPPRESS_WARNINGS\=NO
    export SWIFT_EMIT_CONST_VALUE_PROTOCOLS\=AppIntent\ EntityQuery\ AppEntity\ TransientEntity\ AppEnum\ AppShortcutProviding\ AppShortcutsProvider\ AnyResolverProviding\ AppIntentsPackage\ DynamicOptionsProvider\ _IntentValueRepresentable\ _AssistantIntentsProvider\ _GenerativeFunctionExtractable\ IntentValueQuery\ Resolver\ AppExtension\ ExtensionPointDefining
    export SWIFT_EMIT_LOC_STRINGS\=NO
    export SWIFT_ENABLE_EXPLICIT_MODULES\=YES
    export SWIFT_PLATFORM_TARGET_PREFIX\=macos
    export SWIFT_RESPONSE_FILE_PATH_normal_arm64\=/Users/barriesanders/Library/Developer/Xcode/DerivedData/DeSmuME_\(Latest\)-artutapunelusweoliepfhbcleaz/Build/Intermediates.noindex/DeSmuME\ \(Latest\).build/Debug/DeSmuME\ \(OpenEmu\ Plug-in\).build/Objects-normal/arm64/DeSmuME.SwiftFileList
    export SYMROOT\=/Users/barriesanders/Library/Developer/Xcode/DerivedData/DeSmuME_\(Latest\)-artutapunelusweoliepfhbcleaz/Build/Products
    export SYSTEM_ADMIN_APPS_DIR\=/Applications/Utilities
    export SYSTEM_APPS_DIR\=/Applications
    export SYSTEM_CORE_SERVICES_DIR\=/System/Library/CoreServices
    export SYSTEM_DEMOS_DIR\=/Applications/Extras
    export SYSTEM_DEVELOPER_APPS_DIR\=/Applications/Xcode.app/Contents/Developer/Applications
    export SYSTEM_DEVELOPER_BIN_DIR\=/Applications/Xcode.app/Contents/Developer/usr/bin
    export SYSTEM_DEVELOPER_DEMOS_DIR\=/Applications/Xcode.app/Contents/Developer/Applications/Utilities/Built\ Examples
    export SYSTEM_DEVELOPER_DIR\=/Applications/Xcode.app/Contents/Developer
    export SYSTEM_DEVELOPER_DOC_DIR\=/Applications/Xcode.app/Contents/Developer/ADC\ Reference\ Library
    export SYSTEM_DEVELOPER_GRAPHICS_TOOLS_DIR\=/Applications/Xcode.app/Contents/Developer/Applications/Graphics\ Tools
    export SYSTEM_DEVELOPER_JAVA_TOOLS_DIR\=/Applications/Xcode.app/Contents/Developer/Applications/Java\ Tools
    export SYSTEM_DEVELOPER_PERFORMANCE_TOOLS_DIR\=/Applications/Xcode.app/Contents/Developer/Applications/Performance\ Tools
    export SYSTEM_DEVELOPER_RELEASENOTES_DIR\=/Applications/Xcode.app/Contents/Developer/ADC\ Reference\ Library/releasenotes
    export SYSTEM_DEVELOPER_TOOLS\=/Applications/Xcode.app/Contents/Developer/Tools
    export SYSTEM_DEVELOPER_TOOLS_DOC_DIR\=/Applications/Xcode.app/Contents/Developer/ADC\ Reference\ Library/documentation/DeveloperTools
    export SYSTEM_DEVELOPER_TOOLS_RELEASENOTES_DIR\=/Applications/Xcode.app/Contents/Developer/ADC\ Reference\ Library/releasenotes/DeveloperTools
    export SYSTEM_DEVELOPER_USR_DIR\=/Applications/Xcode.app/Contents/Developer/usr
    export SYSTEM_DEVELOPER_UTILITIES_DIR\=/Applications/Xcode.app/Contents/Developer/Applications/Utilities
    export SYSTEM_DEXT_INSTALL_PATH\=/System/Library/DriverExtensions
    export SYSTEM_DOCUMENTATION_DIR\=/Library/Documentation
    export SYSTEM_EXTENSIONS_FOLDER_PATH\=DeSmuME.oecoreplugin/Contents/Library/SystemExtensions
    export SYSTEM_EXTENSIONS_FOLDER_PATH_SHALLOW_BUNDLE_NO\=DeSmuME.oecoreplugin/Contents/Library/SystemExtensions
    export SYSTEM_EXTENSIONS_FOLDER_PATH_SHALLOW_BUNDLE_YES\=DeSmuME.oecoreplugin/Contents/SystemExtensions
    export SYSTEM_KEXT_INSTALL_PATH\=/System/Library/Extensions
    export SYSTEM_LIBRARY_DIR\=/System/Library
    export TAPI_DEMANGLE\=YES
    export TAPI_ENABLE_PROJECT_HEADERS\=NO
    export TAPI_LANGUAGE\=objective-c
    export TAPI_LANGUAGE_STANDARD\=compiler-default
    export TAPI_USE_SRCROOT\=YES
    export TAPI_VERIFY_MODE\=Pedantic
    export TARGETNAME\=DeSmuME\ \(OpenEmu\ Plug-in\)
    export TARGET_BUILD_DIR\=/Users/barriesanders/Library/Developer/Xcode/DerivedData/DeSmuME_\(Latest\)-artutapunelusweoliepfhbcleaz/Build/Products/Debug
    export TARGET_NAME\=DeSmuME\ \(OpenEmu\ Plug-in\)
    export TARGET_TEMP_DIR\=/Users/barriesanders/Library/Developer/Xcode/DerivedData/DeSmuME_\(Latest\)-artutapunelusweoliepfhbcleaz/Build/Intermediates.noindex/DeSmuME\ \(Latest\).build/Debug/DeSmuME\ \(OpenEmu\ Plug-in\).build
    export TEMP_DIR\=/Users/barriesanders/Library/Developer/Xcode/DerivedData/DeSmuME_\(Latest\)-artutapunelusweoliepfhbcleaz/Build/Intermediates.noindex/DeSmuME\ \(Latest\).build/Debug/DeSmuME\ \(OpenEmu\ Plug-in\).build
    export TEMP_FILES_DIR\=/Users/barriesanders/Library/Developer/Xcode/DerivedData/DeSmuME_\(Latest\)-artutapunelusweoliepfhbcleaz/Build/Intermediates.noindex/DeSmuME\ \(Latest\).build/Debug/DeSmuME\ \(OpenEmu\ Plug-in\).build
    export TEMP_FILE_DIR\=/Users/barriesanders/Library/Developer/Xcode/DerivedData/DeSmuME_\(Latest\)-artutapunelusweoliepfhbcleaz/Build/Intermediates.noindex/DeSmuME\ \(Latest\).build/Debug/DeSmuME\ \(OpenEmu\ Plug-in\).build
    export TEMP_ROOT\=/Users/barriesanders/Library/Developer/Xcode/DerivedData/DeSmuME_\(Latest\)-artutapunelusweoliepfhbcleaz/Build/Intermediates.noindex
    export TEMP_SANDBOX_DIR\=/Users/barriesanders/Library/Developer/Xcode/DerivedData/DeSmuME_\(Latest\)-artutapunelusweoliepfhbcleaz/Build/Intermediates.noindex/TemporaryTaskSandboxes
    export TEST_FRAMEWORK_SEARCH_PATHS\=\ /Applications/Xcode.app/Contents/Developer/Platforms/MacOSX.platform/Developer/Library/Frameworks
    export TEST_LIBRARY_SEARCH_PATHS\=\ /Applications/Xcode.app/Contents/Developer/Platforms/MacOSX.platform/Developer/usr/lib
    export TOOLCHAINS\=com.apple.dt.toolchain.Metal.32023\ com.apple.dt.toolchain.XcodeDefault
    export TOOLCHAIN_DIR\=/var/run/com.apple.security.cryptexd/mnt/com.apple.MobileAsset.MetalToolchain-v17.3.48.0.vdXpnX/Metal.xctoolchain
    export TOOLCHAIN_VERSION\=32023
    export TREAT_MISSING_BASELINES_AS_TEST_FAILURES\=NO
    export TREAT_MISSING_SCRIPT_PHASE_OUTPUTS_AS_ERRORS\=NO
    export UID\=501
    export UNINSTALLED_PRODUCTS_DIR\=/Users/barriesanders/Library/Developer/Xcode/DerivedData/DeSmuME_\(Latest\)-artutapunelusweoliepfhbcleaz/Build/Intermediates.noindex/UninstalledProducts
    export UNLOCALIZED_RESOURCES_FOLDER_PATH\=DeSmuME.oecoreplugin/Contents/Resources
    export UNLOCALIZED_RESOURCES_FOLDER_PATH_SHALLOW_BUNDLE_NO\=DeSmuME.oecoreplugin/Contents/Resources
    export UNLOCALIZED_RESOURCES_FOLDER_PATH_SHALLOW_BUNDLE_YES\=DeSmuME.oecoreplugin/Contents
    export UNSTRIPPED_PRODUCT\=NO
    export USER\=barriesanders
    export USER_APPS_DIR\=/Users/barriesanders/Applications
    export USER_LIBRARY_DIR\=/Users/barriesanders/Library
    export USE_DYNAMIC_NO_PIC\=YES
    export USE_HEADERMAP\=YES
    export USE_HEADER_SYMLINKS\=NO
    export VALIDATE_DEVELOPMENT_ASSET_PATHS\=YES_ERROR
    export VALIDATE_PRODUCT\=NO
    export VALID_ARCHS\=arm64\ arm64e\ i386\ x86_64
    export VERBOSE_PBXCP\=NO
    export VERSIONPLIST_PATH\=DeSmuME.oecoreplugin/Contents/version.plist
    export VERSION_INFO_BUILDER\=barriesanders
    export VERSION_INFO_FILE\=DeSmuME_vers.c
    export VERSION_INFO_STRING\=\"@\(\#\)PROGRAM:DeSmuME\ \ PROJECT:DeSmuME\ \(Latest\)-\"
    export WORKSPACE_DIR\=/Users/barriesanders/.gemini/antigravity/scratch/OpenEmu_Port/DeSmuME/src/cocoa/DeSmuME\ \(Latest\).xcodeproj
    export WRAPPER_EXTENSION\=oecoreplugin
    export WRAPPER_NAME\=DeSmuME.oecoreplugin
    export WRAPPER_SUFFIX\=.oecoreplugin
    export WRAP_ASSET_PACKS_IN_SEPARATE_DIRECTORIES\=NO
    export XCODE_APP_SUPPORT_DIR\=/Applications/Xcode.app/Contents/Developer/Library/Xcode
    export XCODE_PRODUCT_BUILD_VERSION\=17C52
    export XCODE_VERSION_ACTUAL\=2620
    export XCODE_VERSION_MAJOR\=2600
    export XCODE_VERSION_MINOR\=2620
    export XPCSERVICES_FOLDER_PATH\=DeSmuME.oecoreplugin/Contents/XPCServices
    export YACC\=yacc
    export _BOOL_\=NO
    export _BOOL_NO\=NO
    export _BOOL_YES\=YES
    export _DEVELOPMENT_TEAM_IS_EMPTY\=YES
    export _DISCOVER_COMMAND_LINE_LINKER_INPUTS\=YES
    export _DISCOVER_COMMAND_LINE_LINKER_INPUTS_INCLUDE_WL\=YES
    export _IS_EMPTY_\=YES
    export _LD_MULTIARCH\=YES
    export _MACOSX_DEPLOYMENT_TARGET_IS_EMPTY\=NO
    export _WRAPPER_CONTENTS_DIR\=/Contents
    export _WRAPPER_CONTENTS_DIR_SHALLOW_BUNDLE_NO\=/Contents
    export _WRAPPER_PARENT_PATH\=/..
    export _WRAPPER_PARENT_PATH_SHALLOW_BUNDLE_NO\=/..
    export _WRAPPER_RESOURCES_DIR\=/Resources
    export _WRAPPER_RESOURCES_DIR_SHALLOW_BUNDLE_NO\=/Resources
    export __DIAGNOSE_DEPRECATED_ARCHS\=YES
    export arch\=undefined_arch
    export variant\=normal
    /bin/sh -c /Users/barriesanders/Library/Developer/Xcode/DerivedData/DeSmuME_\\\(Latest\\\)-artutapunelusweoliepfhbcleaz/Build/Intermediates.noindex/DeSmuME\\\ \\\(Latest\\\).build/Debug/DeSmuME\\\ \\\(OpenEmu\\\ Plug-in\\\).build/Script-AB2DF23515E0839D00B4D0BC.sh
svnrev.sh: line 18: svnversion: command not found

ProcessPCH++ /Users/barriesanders/Library/Developer/Xcode/DerivedData/DeSmuME_(Latest)-artutapunelusweoliepfhbcleaz/Build/Intermediates.noindex/PrecompiledHeaders/SharedPrecompiledHeaders/11180668885929009447/DeSmuME_Prefix_OpenEmu.pch.gch /Users/barriesanders/.gemini/antigravity/scratch/OpenEmu_Port/DeSmuME/src/cocoa/openemu/DeSmuME_Prefix_OpenEmu.pch normal arm64 objective-c++ com.apple.compilers.llvm.clang.1_0.compiler (in target 'DeSmuME (OpenEmu Plug-in)' from project 'DeSmuME (Latest)')
    cd /Users/barriesanders/.gemini/antigravity/scratch/OpenEmu_Port/DeSmuME/src/cocoa
    
    Precompile of '/Users/barriesanders/.gemini/antigravity/scratch/OpenEmu_Port/DeSmuME/src/cocoa/openemu/DeSmuME_Prefix_OpenEmu.pch' required by '/Users/barriesanders/.gemini/antigravity/scratch/OpenEmu_Port/DeSmuME/src/cocoa/cocoa_slot2.mm'
    Using response file: /Users/barriesanders/Library/Developer/Xcode/DerivedData/DeSmuME_(Latest)-artutapunelusweoliepfhbcleaz/Build/Intermediates.noindex/DeSmuME (Latest).build/Debug/DeSmuME (OpenEmu Plug-in).build/Objects-normal/arm64/af3fcb34312c57c0f52879cdce924b91-common-args.resp
    
    /Applications/Xcode.app/Contents/Developer/Toolchains/XcodeDefault.xctoolchain/usr/bin/clang -x objective-c++-header -fmessage-length\=0 -fdiagnostics-show-note-include-stack -fmacro-backtrace-limit\=0 -fno-color-diagnostics -Wno-trigraphs -Wno-missing-field-initializers -Wno-missing-prototypes -Wno-implicit-atomic-properties -Wno-objc-interface-ivars -Wno-arc-repeated-use-of-weak -Wno-non-virtual-dtor -Wno-overloaded-virtual -Wno-exit-time-destructors -Wduplicate-method-match -Wno-missing-braces -Wparentheses -Wswitch -Wno-unused-function -Wno-unused-label -Wno-unused-parameter -Wunused-variable -Wunused-value -Wno-empty-body -Wuninitialized -Wno-unknown-pragmas -Wshadow -Wno-four-char-constants -Wno-conversion -Wconstant-conversion -Wint-conversion -Wno-bool-conversion -Wenum-conversion -Wno-float-conversion -Wno-non-literal-null-conversion -Wno-objc-literal-conversion -Wshorten-64-to-32 -Wno-newline-eof -Wno-selector -Wno-strict-selector-match -Wno-undeclared-selector -Wno-deprecated-implementations -Wno-c++11-extensions -Wno-implicit-fallthrough -fstrict-aliasing -Wprotocol -Wdeprecated-declarations -Winvalid-offsetof -Wno-sign-conversion -Wno-infinite-recursion -Wno-move -Wno-comma -Wno-block-capture-autoreleasing -Wno-strict-prototypes -Wno-range-loop-analysis -Wno-semicolon-before-method-body -index-store-path /Users/barriesanders/Library/Developer/Xcode/DerivedData/DeSmuME_\(Latest\)-artutapunelusweoliepfhbcleaz/Index.noindex/DataStore @/Users/barriesanders/Library/Developer/Xcode/DerivedData/DeSmuME_\(Latest\)-artutapunelusweoliepfhbcleaz/Build/Intermediates.noindex/DeSmuME\ \(Latest\).build/Debug/DeSmuME\ \(OpenEmu\ Plug-in\).build/Objects-normal/arm64/af3fcb34312c57c0f52879cdce924b91-common-args.resp -c /Users/barriesanders/.gemini/antigravity/scratch/OpenEmu_Port/DeSmuME/src/cocoa/openemu/DeSmuME_Prefix_OpenEmu.pch -MD -MT dependencies -MF /Users/barriesanders/Library/Developer/Xcode/DerivedData/DeSmuME_\(Latest\)-artutapunelusweoliepfhbcleaz/Build/Intermediates.noindex/PrecompiledHeaders/SharedPrecompiledHeaders/11180668885929009447/DeSmuME_Prefix_OpenEmu.pch.d -o /Users/barriesanders/Library/Developer/Xcode/DerivedData/DeSmuME_\(Latest\)-artutapunelusweoliepfhbcleaz/Build/Intermediates.noindex/PrecompiledHeaders/SharedPrecompiledHeaders/11180668885929009447/DeSmuME_Prefix_OpenEmu.pch.gch --serialize-diagnostics /Users/barriesanders/Library/Developer/Xcode/DerivedData/DeSmuME_\(Latest\)-artutapunelusweoliepfhbcleaz/Build/Intermediates.noindex/PrecompiledHeaders/SharedPrecompiledHeaders/11180668885929009447/DeSmuME_Prefix_OpenEmu.pch.dia

ProcessPCH /Users/barriesanders/Library/Developer/Xcode/DerivedData/DeSmuME_(Latest)-artutapunelusweoliepfhbcleaz/Build/Intermediates.noindex/PrecompiledHeaders/SharedPrecompiledHeaders/13571763921044690920/DeSmuME_Prefix_OpenEmu.pch.gch /Users/barriesanders/.gemini/antigravity/scratch/OpenEmu_Port/DeSmuME/src/cocoa/openemu/DeSmuME_Prefix_OpenEmu.pch normal arm64 c com.apple.compilers.llvm.clang.1_0.compiler (in target 'DeSmuME (OpenEmu Plug-in)' from project 'DeSmuME (Latest)')
    cd /Users/barriesanders/.gemini/antigravity/scratch/OpenEmu_Port/DeSmuME/src/cocoa
    
    Precompile of '/Users/barriesanders/.gemini/antigravity/scratch/OpenEmu_Port/DeSmuME/src/cocoa/openemu/DeSmuME_Prefix_OpenEmu.pch' required by '/Users/barriesanders/.gemini/antigravity/scratch/OpenEmu_Port/DeSmuME/src/utils/ConvertUTF.c'
    Using response file: /Users/barriesanders/Library/Developer/Xcode/DerivedData/DeSmuME_(Latest)-artutapunelusweoliepfhbcleaz/Build/Intermediates.noindex/DeSmuME (Latest).build/Debug/DeSmuME (OpenEmu Plug-in).build/Objects-normal/arm64/7187679823f38a2a940e0043cdf9d637-common-args.resp
    
    /Applications/Xcode.app/Contents/Developer/Toolchains/XcodeDefault.xctoolchain/usr/bin/clang -x c-header -fmessage-length\=0 -fdiagnostics-show-note-include-stack -fmacro-backtrace-limit\=0 -fno-color-diagnostics -Wno-trigraphs -Werror\=implicit-function-declaration -Wno-missing-field-initializers -Wno-missing-prototypes -Wno-missing-braces -Wparentheses -Wswitch -Wno-unused-function -Wno-unused-label -Wno-unused-parameter -Wunused-variable -Wunused-value -Wno-empty-body -Wuninitialized -Wno-unknown-pragmas -Wshadow -Wno-four-char-constants -Wno-conversion -Wconstant-conversion -Wint-conversion -Wno-bool-conversion -Wenum-conversion -Wno-float-conversion -Wno-non-literal-null-conversion -Wno-objc-literal-conversion -Wshorten-64-to-32 -Wpointer-sign -Wno-newline-eof -Wno-implicit-fallthrough -fstrict-aliasing -Wdeprecated-declarations -Wno-sign-conversion -Wno-infinite-recursion -Wno-comma -Wno-block-capture-autoreleasing -Wno-strict-prototypes -Wno-semicolon-before-method-body -index-store-path /Users/barriesanders/Library/Developer/Xcode/DerivedData/DeSmuME_\(Latest\)-artutapunelusweoliepfhbcleaz/Index.noindex/DataStore @/Users/barriesanders/Library/Developer/Xcode/DerivedData/DeSmuME_\(Latest\)-artutapunelusweoliepfhbcleaz/Build/Intermediates.noindex/DeSmuME\ \(Latest\).build/Debug/DeSmuME\ \(OpenEmu\ Plug-in\).build/Objects-normal/arm64/7187679823f38a2a940e0043cdf9d637-common-args.resp -c /Users/barriesanders/.gemini/antigravity/scratch/OpenEmu_Port/DeSmuME/src/cocoa/openemu/DeSmuME_Prefix_OpenEmu.pch -MD -MT dependencies -MF /Users/barriesanders/Library/Developer/Xcode/DerivedData/DeSmuME_\(Latest\)-artutapunelusweoliepfhbcleaz/Build/Intermediates.noindex/PrecompiledHeaders/SharedPrecompiledHeaders/13571763921044690920/DeSmuME_Prefix_OpenEmu.pch.d -o /Users/barriesanders/Library/Developer/Xcode/DerivedData/DeSmuME_\(Latest\)-artutapunelusweoliepfhbcleaz/Build/Intermediates.noindex/PrecompiledHeaders/SharedPrecompiledHeaders/13571763921044690920/DeSmuME_Prefix_OpenEmu.pch.gch --serialize-diagnostics /Users/barriesanders/Library/Developer/Xcode/DerivedData/DeSmuME_\(Latest\)-artutapunelusweoliepfhbcleaz/Build/Intermediates.noindex/PrecompiledHeaders/SharedPrecompiledHeaders/13571763921044690920/DeSmuME_Prefix_OpenEmu.pch.dia

ProcessPCH++ /Users/barriesanders/Library/Developer/Xcode/DerivedData/DeSmuME_(Latest)-artutapunelusweoliepfhbcleaz/Build/Intermediates.noindex/PrecompiledHeaders/SharedPrecompiledHeaders/14173491230685428952/DeSmuME_Prefix_OpenEmu.pch.gch /Users/barriesanders/.gemini/antigravity/scratch/OpenEmu_Port/DeSmuME/src/cocoa/openemu/DeSmuME_Prefix_OpenEmu.pch normal arm64 c++ com.apple.compilers.llvm.clang.1_0.compiler (in target 'DeSmuME (OpenEmu Plug-in)' from project 'DeSmuME (Latest)')
    cd /Users/barriesanders/.gemini/antigravity/scratch/OpenEmu_Port/DeSmuME/src/cocoa
    
    Precompile of '/Users/barriesanders/.gemini/antigravity/scratch/OpenEmu_Port/DeSmuME/src/cocoa/openemu/DeSmuME_Prefix_OpenEmu.pch' required by '/Users/barriesanders/.gemini/antigravity/scratch/OpenEmu_Port/DeSmuME/src/fs-linux.cpp'
    Using response file: /Users/barriesanders/Library/Developer/Xcode/DerivedData/DeSmuME_(Latest)-artutapunelusweoliepfhbcleaz/Build/Intermediates.noindex/DeSmuME (Latest).build/Debug/DeSmuME (OpenEmu Plug-in).build/Objects-normal/arm64/82b82416624d2658e5098eb0a28c15c5-common-args.resp
    
    /Applications/Xcode.app/Contents/Developer/Toolchains/XcodeDefault.xctoolchain/usr/bin/clang -x c++-header -fmessage-length\=0 -fdiagnostics-show-note-include-stack -fmacro-backtrace-limit\=0 -fno-color-diagnostics -Wno-trigraphs -Wno-missing-field-initializers -Wno-missing-prototypes -Wno-non-virtual-dtor -Wno-overloaded-virtual -Wno-exit-time-destructors -Wno-missing-braces -Wparentheses -Wswitch -Wno-unused-function -Wno-unused-label -Wno-unused-parameter -Wunused-variable -Wunused-value -Wno-empty-body -Wuninitialized -Wno-unknown-pragmas -Wshadow -Wno-four-char-constants -Wno-conversion -Wconstant-conversion -Wint-conversion -Wno-bool-conversion -Wenum-conversion -Wno-float-conversion -Wno-non-literal-null-conversion -Wno-objc-literal-conversion -Wshorten-64-to-32 -Wno-newline-eof -Wno-c++11-extensions -Wno-implicit-fallthrough -fstrict-aliasing -Wdeprecated-declarations -Winvalid-offsetof -Wno-sign-conversion -Wno-infinite-recursion -Wno-move -Wno-comma -Wno-block-capture-autoreleasing -Wno-strict-prototypes -Wno-range-loop-analysis -Wno-semicolon-before-method-body -index-store-path /Users/barriesanders/Library/Developer/Xcode/DerivedData/DeSmuME_\(Latest\)-artutapunelusweoliepfhbcleaz/Index.noindex/DataStore @/Users/barriesanders/Library/Developer/Xcode/DerivedData/DeSmuME_\(Latest\)-artutapunelusweoliepfhbcleaz/Build/Intermediates.noindex/DeSmuME\ \(Latest\).build/Debug/DeSmuME\ \(OpenEmu\ Plug-in\).build/Objects-normal/arm64/82b82416624d2658e5098eb0a28c15c5-common-args.resp -c /Users/barriesanders/.gemini/antigravity/scratch/OpenEmu_Port/DeSmuME/src/cocoa/openemu/DeSmuME_Prefix_OpenEmu.pch -MD -MT dependencies -MF /Users/barriesanders/Library/Developer/Xcode/DerivedData/DeSmuME_\(Latest\)-artutapunelusweoliepfhbcleaz/Build/Intermediates.noindex/PrecompiledHeaders/SharedPrecompiledHeaders/14173491230685428952/DeSmuME_Prefix_OpenEmu.pch.d -o /Users/barriesanders/Library/Developer/Xcode/DerivedData/DeSmuME_\(Latest\)-artutapunelusweoliepfhbcleaz/Build/Intermediates.noindex/PrecompiledHeaders/SharedPrecompiledHeaders/14173491230685428952/DeSmuME_Prefix_OpenEmu.pch.gch --serialize-diagnostics /Users/barriesanders/Library/Developer/Xcode/DerivedData/DeSmuME_\(Latest\)-artutapunelusweoliepfhbcleaz/Build/Intermediates.noindex/PrecompiledHeaders/SharedPrecompiledHeaders/14173491230685428952/DeSmuME_Prefix_OpenEmu.pch.dia

CompileC /Users/barriesanders/Library/Developer/Xcode/DerivedData/DeSmuME_(Latest)-artutapunelusweoliepfhbcleaz/Build/Intermediates.noindex/DeSmuME\ (Latest).build/Debug/DeSmuME\ (OpenEmu\ Plug-in).build/Objects-normal/arm64/slot1comp_mc.o /Users/barriesanders/.gemini/antigravity/scratch/OpenEmu_Port/DeSmuME/src/addons/slot1comp_mc.cpp normal arm64 c++ com.apple.compilers.llvm.clang.1_0.compiler (in target 'DeSmuME (OpenEmu Plug-in)' from project 'DeSmuME (Latest)')
    cd /Users/barriesanders/.gemini/antigravity/scratch/OpenEmu_Port/DeSmuME/src/cocoa
    
    Using response file: /Users/barriesanders/Library/Developer/Xcode/DerivedData/DeSmuME_(Latest)-artutapunelusweoliepfhbcleaz/Build/Intermediates.noindex/DeSmuME (Latest).build/Debug/DeSmuME (OpenEmu Plug-in).build/Objects-normal/arm64/82b82416624d2658e5098eb0a28c15c5-common-args.resp
    
    /Applications/Xcode.app/Contents/Developer/Toolchains/XcodeDefault.xctoolchain/usr/bin/clang -x c++ -ivfsstatcache /Users/barriesanders/Library/Developer/Xcode/DerivedData/SDKStatCaches.noindex/macosx26.2-25C57-3885c01c3e6b6a337905948deab2002e00fa09913b459cbbc988d1f6730289ae.sdkstatcache -fmessage-length\=0 -fdiagnostics-show-note-include-stack -fmacro-backtrace-limit\=0 -fno-color-diagnostics -Wno-trigraphs -Wno-missing-field-initializers -Wno-missing-prototypes -Wno-non-virtual-dtor -Wno-overloaded-virtual -Wno-exit-time-destructors -Wno-missing-braces -Wparentheses -Wswitch -Wno-unused-function -Wno-unused-label -Wno-unused-parameter -Wunused-variable -Wunused-value -Wno-empty-body -Wuninitialized -Wno-unknown-pragmas -Wshadow -Wno-four-char-constants -Wno-conversion -Wconstant-conversion -Wint-conversion -Wno-bool-conversion -Wenum-conversion -Wno-float-conversion -Wno-non-literal-null-conversion -Wno-objc-literal-conversion -Wshorten-64-to-32 -Wno-newline-eof -Wno-c++11-extensions -Wno-implicit-fallthrough -fstrict-aliasing -Wdeprecated-declarations -Winvalid-offsetof -Wno-sign-conversion -Wno-infinite-recursion -Wno-move -Wno-comma -Wno-block-capture-autoreleasing -Wno-strict-prototypes -Wno-range-loop-analysis -Wno-semicolon-before-method-body -index-store-path /Users/barriesanders/Library/Developer/Xcode/DerivedData/DeSmuME_\(Latest\)-artutapunelusweoliepfhbcleaz/Index.noindex/DataStore @/Users/barriesanders/Library/Developer/Xcode/DerivedData/DeSmuME_\(Latest\)-artutapunelusweoliepfhbcleaz/Build/Intermediates.noindex/DeSmuME\ \(Latest\).build/Debug/DeSmuME\ \(OpenEmu\ Plug-in\).build/Objects-normal/arm64/82b82416624d2658e5098eb0a28c15c5-common-args.resp -include /Users/barriesanders/Library/Developer/Xcode/DerivedData/DeSmuME_\(Latest\)-artutapunelusweoliepfhbcleaz/Build/Intermediates.noindex/PrecompiledHeaders/SharedPrecompiledHeaders/14173491230685428952/DeSmuME_Prefix_OpenEmu.pch -MMD -MT dependencies -MF /Users/barriesanders/Library/Developer/Xcode/DerivedData/DeSmuME_\(Latest\)-artutapunelusweoliepfhbcleaz/Build/Intermediates.noindex/DeSmuME\ \(Latest\).build/Debug/DeSmuME\ \(OpenEmu\ Plug-in\).build/Objects-normal/arm64/slot1comp_mc.d --serialize-diagnostics /Users/barriesanders/Library/Developer/Xcode/DerivedData/DeSmuME_\(Latest\)-artutapunelusweoliepfhbcleaz/Build/Intermediates.noindex/DeSmuME\ \(Latest\).build/Debug/DeSmuME\ \(OpenEmu\ Plug-in\).build/Objects-normal/arm64/slot1comp_mc.dia -c /Users/barriesanders/.gemini/antigravity/scratch/OpenEmu_Port/DeSmuME/src/addons/slot1comp_mc.cpp -o /Users/barriesanders/Library/Developer/Xcode/DerivedData/DeSmuME_\(Latest\)-artutapunelusweoliepfhbcleaz/Build/Intermediates.noindex/DeSmuME\ \(Latest\).build/Debug/DeSmuME\ \(OpenEmu\ Plug-in\).build/Objects-normal/arm64/slot1comp_mc.o -index-unit-output-path /DeSmuME\ \(Latest\).build/Debug/DeSmuME\ \(OpenEmu\ Plug-in\).build/Objects-normal/arm64/slot1comp_mc.o
In file included from /Users/barriesanders/.gemini/antigravity/scratch/OpenEmu_Port/DeSmuME/src/addons/slot1comp_mc.cpp:23:
/Users/barriesanders/.gemini/antigravity/scratch/OpenEmu_Port/DeSmuME/src/addons/../MMU.h:542:45: warning: declaration shadows a variable in the global namespace [-Wshadow]
  542 |                 OFF, INVALID, ABG, BBG, AOBJ, BOBJ, LCDC, ARM7, TEX, TEXPAL, ABGEXTPAL, BBGEXTPAL, AOBJEXTPAL, BOBJEXTPAL
      |                                                           ^
In file included from /Users/barriesanders/.gemini/antigravity/scratch/OpenEmu_Port/DeSmuME/src/addons/slot1comp_mc.cpp:21:
In file included from /Users/barriesanders/.gemini/antigravity/scratch/OpenEmu_Port/DeSmuME/src/addons/slot1comp_mc.h:23:
/Users/barriesanders/.gemini/antigravity/scratch/OpenEmu_Port/DeSmuME/src/addons/../types.h:289:2: note: previous declaration is here
  289 |         ARM7 = 1
      |         ^
1 warning generated.

CompileC /Users/barriesanders/Library/Developer/Xcode/DerivedData/DeSmuME_(Latest)-artutapunelusweoliepfhbcleaz/Build/Intermediates.noindex/DeSmuME\ (Latest).build/Debug/DeSmuME\ (OpenEmu\ Plug-in).build/Objects-normal/arm64/wifi.o /Users/barriesanders/.gemini/antigravity/scratch/OpenEmu_Port/DeSmuME/src/wifi.cpp normal arm64 c++ com.apple.compilers.llvm.clang.1_0.compiler (in target 'DeSmuME (OpenEmu Plug-in)' from project 'DeSmuME (Latest)')
    cd /Users/barriesanders/.gemini/antigravity/scratch/OpenEmu_Port/DeSmuME/src/cocoa
    
    Using response file: /Users/barriesanders/Library/Developer/Xcode/DerivedData/DeSmuME_(Latest)-artutapunelusweoliepfhbcleaz/Build/Intermediates.noindex/DeSmuME (Latest).build/Debug/DeSmuME (OpenEmu Plug-in).build/Objects-normal/arm64/82b82416624d2658e5098eb0a28c15c5-common-args.resp
    
    /Applications/Xcode.app/Contents/Developer/Toolchains/XcodeDefault.xctoolchain/usr/bin/clang -x c++ -ivfsstatcache /Users/barriesanders/Library/Developer/Xcode/DerivedData/SDKStatCaches.noindex/macosx26.2-25C57-3885c01c3e6b6a337905948deab2002e00fa09913b459cbbc988d1f6730289ae.sdkstatcache -fmessage-length\=0 -fdiagnostics-show-note-include-stack -fmacro-backtrace-limit\=0 -fno-color-diagnostics -Wno-trigraphs -Wno-missing-field-initializers -Wno-missing-prototypes -Wno-non-virtual-dtor -Wno-overloaded-virtual -Wno-exit-time-destructors -Wno-missing-braces -Wparentheses -Wswitch -Wno-unused-function -Wno-unused-label -Wno-unused-parameter -Wunused-variable -Wunused-value -Wno-empty-body -Wuninitialized -Wno-unknown-pragmas -Wshadow -Wno-four-char-constants -Wno-conversion -Wconstant-conversion -Wint-conversion -Wno-bool-conversion -Wenum-conversion -Wno-float-conversion -Wno-non-literal-null-conversion -Wno-objc-literal-conversion -Wshorten-64-to-32 -Wno-newline-eof -Wno-c++11-extensions -Wno-implicit-fallthrough -fstrict-aliasing -Wdeprecated-declarations -Winvalid-offsetof -Wno-sign-conversion -Wno-infinite-recursion -Wno-move -Wno-comma -Wno-block-capture-autoreleasing -Wno-strict-prototypes -Wno-range-loop-analysis -Wno-semicolon-before-method-body -index-store-path /Users/barriesanders/Library/Developer/Xcode/DerivedData/DeSmuME_\(Latest\)-artutapunelusweoliepfhbcleaz/Index.noindex/DataStore @/Users/barriesanders/Library/Developer/Xcode/DerivedData/DeSmuME_\(Latest\)-artutapunelusweoliepfhbcleaz/Build/Intermediates.noindex/DeSmuME\ \(Latest\).build/Debug/DeSmuME\ \(OpenEmu\ Plug-in\).build/Objects-normal/arm64/82b82416624d2658e5098eb0a28c15c5-common-args.resp -include /Users/barriesanders/Library/Developer/Xcode/DerivedData/DeSmuME_\(Latest\)-artutapunelusweoliepfhbcleaz/Build/Intermediates.noindex/PrecompiledHeaders/SharedPrecompiledHeaders/14173491230685428952/DeSmuME_Prefix_OpenEmu.pch -MMD -MT dependencies -MF /Users/barriesanders/Library/Developer/Xcode/DerivedData/DeSmuME_\(Latest\)-artutapunelusweoliepfhbcleaz/Build/Intermediates.noindex/DeSmuME\ \(Latest\).build/Debug/DeSmuME\ \(OpenEmu\ Plug-in\).build/Objects-normal/arm64/wifi.d --serialize-diagnostics /Users/barriesanders/Library/Developer/Xcode/DerivedData/DeSmuME_\(Latest\)-artutapunelusweoliepfhbcleaz/Build/Intermediates.noindex/DeSmuME\ \(Latest\).build/Debug/DeSmuME\ \(OpenEmu\ Plug-in\).build/Objects-normal/arm64/wifi.dia -c /Users/barriesanders/.gemini/antigravity/scratch/OpenEmu_Port/DeSmuME/src/wifi.cpp -o /Users/barriesanders/Library/Developer/Xcode/DerivedData/DeSmuME_\(Latest\)-artutapunelusweoliepfhbcleaz/Build/Intermediates.noindex/DeSmuME\ \(Latest\).build/Debug/DeSmuME\ \(OpenEmu\ Plug-in\).build/Objects-normal/arm64/wifi.o -index-unit-output-path /DeSmuME\ \(Latest\).build/Debug/DeSmuME\ \(OpenEmu\ Plug-in\).build/Objects-normal/arm64/wifi.o
In file included from /Users/barriesanders/.gemini/antigravity/scratch/OpenEmu_Port/DeSmuME/src/wifi.cpp:44:
In file included from /Users/barriesanders/.gemini/antigravity/scratch/OpenEmu_Port/DeSmuME/src/armcpu.h:24:
/Users/barriesanders/.gemini/antigravity/scratch/OpenEmu_Port/DeSmuME/src/MMU.h:542:45: warning: declaration shadows a variable in the global namespace [-Wshadow]
  542 |                 OFF, INVALID, ABG, BBG, AOBJ, BOBJ, LCDC, ARM7, TEX, TEXPAL, ABGEXTPAL, BBGEXTPAL, AOBJEXTPAL, BOBJEXTPAL
      |                                                           ^
In file included from /Users/barriesanders/.gemini/antigravity/scratch/OpenEmu_Port/DeSmuME/src/wifi.cpp:19:
/Users/barriesanders/.gemini/antigravity/scratch/OpenEmu_Port/DeSmuME/src/types.h:289:2: note: previous declaration is here
  289 |         ARM7 = 1
      |         ^
/Users/barriesanders/.gemini/antigravity/scratch/OpenEmu_Port/DeSmuME/src/wifi.cpp:648:3: error: no matching literal operator for call to 'operator""__VA_ARGS__' with arguments of types 'const char *' and 'unsigned long', and no matching literal operator template
  648 |                 WIFI_LOG(3, "IRQ 12 triggered.\n");
      |                 ^
/Users/barriesanders/.gemini/antigravity/scratch/OpenEmu_Port/DeSmuME/src/wifi.cpp:319:79: note: expanded from macro 'WIFI_LOG'
  319 |                 #define WIFI_LOG(level, ...) if(level <= WIFI_LOGGING_LEVEL) printf("WIFI: "__VA_ARGS__);
      |                                                                                             ^
/Users/barriesanders/.gemini/antigravity/scratch/OpenEmu_Port/DeSmuME/src/wifi.cpp:889:2: error: no matching literal operator for call to 'operator""__VA_ARGS__' with arguments of types 'const char *' and 'unsigned long', and no matching literal operator template
  889 |         WIFI_LOG(4, "TX slot %i trying to send a packet: TXCnt = %04X, TXBufLoc = %04X\n", 
      |         ^
/Users/barriesanders/.gemini/antigravity/scratch/OpenEmu_Port/DeSmuME/src/wifi.cpp:319:79: note: expanded from macro 'WIFI_LOG'
  319 |                 #define WIFI_LOG(level, ...) if(level <= WIFI_LOGGING_LEVEL) printf("WIFI: "__VA_ARGS__);
      |                                                                                             ^
/Users/barriesanders/.gemini/antigravity/scratch/OpenEmu_Port/DeSmuME/src/wifi.cpp:898:4: error: no matching literal operator for call to 'operator""__VA_ARGS__' with arguments of types 'const char *' and 'unsigned long', and no matching literal operator template
  898 |                         WIFI_LOG(1, "TX slot %i trying to send a packet overflowing from the TX buffer (address %04X). Attempt ignored.\n", 
      |                         ^
/Users/barriesanders/.gemini/antigravity/scratch/OpenEmu_Port/DeSmuME/src/wifi.cpp:319:79: note: expanded from macro 'WIFI_LOG'
  319 |                 #define WIFI_LOG(level, ...) if(level <= WIFI_LOGGING_LEVEL) printf("WIFI: "__VA_ARGS__);
      |                                                                                             ^
/Users/barriesanders/.gemini/antigravity/scratch/OpenEmu_Port/DeSmuME/src/wifi.cpp:906:4: error: no matching literal operator for call to 'operator""__VA_ARGS__' with arguments of types 'const char *' and 'unsigned long', and no matching literal operator template
  906 |                         WIFI_LOG(1, "TX slot %i trying to send a packet with length field set to zero. Attempt ignored.\n", 
      |                         ^
/Users/barriesanders/.gemini/antigravity/scratch/OpenEmu_Port/DeSmuME/src/wifi.cpp:319:79: note: expanded from macro 'WIFI_LOG'
  319 |                 #define WIFI_LOG(level, ...) if(level <= WIFI_LOGGING_LEVEL) printf("WIFI: "__VA_ARGS__);
      |                                                                                             ^
/Users/barriesanders/.gemini/antigravity/scratch/OpenEmu_Port/DeSmuME/src/wifi.cpp:974:2: error: no matching literal operator for call to 'operator""__VA_ARGS__' with arguments of types 'const char *' and 'unsigned long', and no matching literal operator template
  974 |         WIFI_LOG(5, "Write at address %08X, %04X\n", address, val);
      |         ^
/Users/barriesanders/.gemini/antigravity/scratch/OpenEmu_Port/DeSmuME/src/wifi.cpp:319:79: note: expanded from macro 'WIFI_LOG'
  319 |                 #define WIFI_LOG(level, ...) if(level <= WIFI_LOGGING_LEVEL) printf("WIFI: "__VA_ARGS__);
      |                                                                                             ^
/Users/barriesanders/.gemini/antigravity/scratch/OpenEmu_Port/DeSmuME/src/wifi.cpp:1131:5: error: no matching literal operator for call to 'operator""__VA_ARGS__' with arguments of types 'const char *' and 'unsigned long', and no matching literal operator template
 1131 |                                 WIFI_LOG(2, "TXBUF_REPLY=%04X\n", WIFI_IOREG(REG_WIFI_TXBUF_REPLY1));
      |                                 ^
/Users/barriesanders/.gemini/antigravity/scratch/OpenEmu_Port/DeSmuME/src/wifi.cpp:319:79: note: expanded from macro 'WIFI_LOG'
  319 |                 #define WIFI_LOG(level, ...) if(level <= WIFI_LOGGING_LEVEL) printf("WIFI: "__VA_ARGS__);
      |                                                                                             ^
/Users/barriesanders/.gemini/antigravity/scratch/OpenEmu_Port/DeSmuME/src/wifi.cpp:1182:5: error: no matching literal operator for call to 'operator""__VA_ARGS__' with arguments of types 'const char *' and 'unsigned long', and no matching literal operator template
 1182 |                                 WIFI_LOG(3, "Beacon transmission enabled to send the packet at %08X every %i milliseconds.\n",
      |                                 ^
/Users/barriesanders/.gemini/antigravity/scratch/OpenEmu_Port/DeSmuME/src/wifi.cpp:319:79: note: expanded from macro 'WIFI_LOG'
  319 |                 #define WIFI_LOG(level, ...) if(level <= WIFI_LOGGING_LEVEL) printf("WIFI: "__VA_ARGS__);
      |                                                                                             ^
/Users/barriesanders/.gemini/antigravity/scratch/OpenEmu_Port/DeSmuME/src/wifi.cpp:1201:4: error: no matching literal operator for call to 'operator""__VA_ARGS__' with arguments of types 'const char *' and 'unsigned long', and no matching literal operator template
 1201 |                         WIFI_LOG(4, "Write to TXRESET: %04X\n", val);
      |                         ^
/Users/barriesanders/.gemini/antigravity/scratch/OpenEmu_Port/DeSmuME/src/wifi.cpp:319:79: note: expanded from macro 'WIFI_LOG'
  319 |                 #define WIFI_LOG(level, ...) if(level <= WIFI_LOGGING_LEVEL) printf("WIFI: "__VA_ARGS__);
      |                                                                                             ^
/Users/barriesanders/.gemini/antigravity/scratch/OpenEmu_Port/DeSmuME/src/wifi.cpp:1213:22: error: no matching literal operator for call to 'operator""__VA_ARGS__' with arguments of types 'const char *' and 'unsigned long', and no matching literal operator template
 1213 |                         if (val & 0xFFF0) WIFI_LOG(2, "Unknown TXREQ bits set: %04X\n", val);
      |                                           ^
/Users/barriesanders/.gemini/antigravity/scratch/OpenEmu_Port/DeSmuME/src/wifi.cpp:319:79: note: expanded from macro 'WIFI_LOG'
  319 |                 #define WIFI_LOG(level, ...) if(level <= WIFI_LOGGING_LEVEL) printf("WIFI: "__VA_ARGS__);
      |                                                                                             ^
/Users/barriesanders/.gemini/antigravity/scratch/OpenEmu_Port/DeSmuME/src/wifi.cpp:1286:4: error: no matching literal operator for call to 'operator""__VA_ARGS__' with arguments of types 'const char *' and 'unsigned long', and no matching literal operator template
 1286 |                         WIFI_LOG(3, "EXTRACOUNT=%i (%i <B5>s)\n", val, val*WIFI_CMDCOUNT_SLICE);
      |                         ^
/Users/barriesanders/.gemini/antigravity/scratch/OpenEmu_Port/DeSmuME/src/wifi.cpp:319:79: note: expanded from macro 'WIFI_LOG'
  319 |                 #define WIFI_LOG(level, ...) if(level <= WIFI_LOGGING_LEVEL) printf("WIFI: "__VA_ARGS__);
      |                                                                                             ^
/Users/barriesanders/.gemini/antigravity/scratch/OpenEmu_Port/DeSmuME/src/wifi.cpp:1343:4: error: no matching literal operator for call to 'operator""__VA_ARGS__' with arguments of types 'const char *' and 'unsigned long', and no matching literal operator template
 1343 |                         WIFI_LOG(2, "Write to RXSTAT register: %03X = %04X\n", address, val);
      |                         ^
/Users/barriesanders/.gemini/antigravity/scratch/OpenEmu_Port/DeSmuME/src/wifi.cpp:319:79: note: expanded from macro 'WIFI_LOG'
  319 |                 #define WIFI_LOG(level, ...) if(level <= WIFI_LOGGING_LEVEL) printf("WIFI: "__VA_ARGS__);
      |                                                                                             ^
/Users/barriesanders/.gemini/antigravity/scratch/OpenEmu_Port/DeSmuME/src/wifi.cpp:1368:2: error: no matching literal operator for call to 'operator""__VA_ARGS__' with arguments of types 'const char *' and 'unsigned long', and no matching literal operator template
 1368 |         WIFI_LOG(5, "Read at address %08X\n", address);
      |         ^
/Users/barriesanders/.gemini/antigravity/scratch/OpenEmu_Port/DeSmuME/src/wifi.cpp:319:79: note: expanded from macro 'WIFI_LOG'
  319 |                 #define WIFI_LOG(level, ...) if(level <= WIFI_LOGGING_LEVEL) printf("WIFI: "__VA_ARGS__);
      |                                                                                             ^
/Users/barriesanders/.gemini/antigravity/scratch/OpenEmu_Port/DeSmuME/src/wifi.cpp:1560:4: error: no matching literal operator for call to 'operator""__VA_ARGS__' with arguments of types 'const char *' and 'unsigned long', and no matching literal operator template
 1560 |                         WIFI_LOG(2, "Read to TXBUF_TIM @ %08X %08X\n", NDS_ARM7.instruct_adr, NDS_ARM7.R[14]);
      |                         ^
/Users/barriesanders/.gemini/antigravity/scratch/OpenEmu_Port/DeSmuME/src/wifi.cpp:319:79: note: expanded from macro 'WIFI_LOG'
  319 |                 #define WIFI_LOG(level, ...) if(level <= WIFI_LOGGING_LEVEL) printf("WIFI: "__VA_ARGS__);
      |                                                                                             ^
1 warning and 13 errors generated.

CompileC /Users/barriesanders/Library/Developer/Xcode/DerivedData/DeSmuME_(Latest)-artutapunelusweoliepfhbcleaz/Build/Intermediates.noindex/DeSmuME\ (Latest).build/Debug/DeSmuME\ (OpenEmu\ Plug-in).build/Objects-normal/arm64/version.o /Users/barriesanders/.gemini/antigravity/scratch/OpenEmu_Port/DeSmuME/src/version.cpp normal arm64 c++ com.apple.compilers.llvm.clang.1_0.compiler (in target 'DeSmuME (OpenEmu Plug-in)' from project 'DeSmuME (Latest)')
    cd /Users/barriesanders/.gemini/antigravity/scratch/OpenEmu_Port/DeSmuME/src/cocoa
    
    Using response file: /Users/barriesanders/Library/Developer/Xcode/DerivedData/DeSmuME_(Latest)-artutapunelusweoliepfhbcleaz/Build/Intermediates.noindex/DeSmuME (Latest).build/Debug/DeSmuME (OpenEmu Plug-in).build/Objects-normal/arm64/82b82416624d2658e5098eb0a28c15c5-common-args.resp
    
    /Applications/Xcode.app/Contents/Developer/Toolchains/XcodeDefault.xctoolchain/usr/bin/clang -x c++ -ivfsstatcache /Users/barriesanders/Library/Developer/Xcode/DerivedData/SDKStatCaches.noindex/macosx26.2-25C57-3885c01c3e6b6a337905948deab2002e00fa09913b459cbbc988d1f6730289ae.sdkstatcache -fmessage-length\=0 -fdiagnostics-show-note-include-stack -fmacro-backtrace-limit\=0 -fno-color-diagnostics -Wno-trigraphs -Wno-missing-field-initializers -Wno-missing-prototypes -Wno-non-virtual-dtor -Wno-overloaded-virtual -Wno-exit-time-destructors -Wno-missing-braces -Wparentheses -Wswitch -Wno-unused-function -Wno-unused-label -Wno-unused-parameter -Wunused-variable -Wunused-value -Wno-empty-body -Wuninitialized -Wno-unknown-pragmas -Wshadow -Wno-four-char-constants -Wno-conversion -Wconstant-conversion -Wint-conversion -Wno-bool-conversion -Wenum-conversion -Wno-float-conversion -Wno-non-literal-null-conversion -Wno-objc-literal-conversion -Wshorten-64-to-32 -Wno-newline-eof -Wno-c++11-extensions -Wno-implicit-fallthrough -fstrict-aliasing -Wdeprecated-declarations -Winvalid-offsetof -Wno-sign-conversion -Wno-infinite-recursion -Wno-move -Wno-comma -Wno-block-capture-autoreleasing -Wno-strict-prototypes -Wno-range-loop-analysis -Wno-semicolon-before-method-body -index-store-path /Users/barriesanders/Library/Developer/Xcode/DerivedData/DeSmuME_\(Latest\)-artutapunelusweoliepfhbcleaz/Index.noindex/DataStore @/Users/barriesanders/Library/Developer/Xcode/DerivedData/DeSmuME_\(Latest\)-artutapunelusweoliepfhbcleaz/Build/Intermediates.noindex/DeSmuME\ \(Latest\).build/Debug/DeSmuME\ \(OpenEmu\ Plug-in\).build/Objects-normal/arm64/82b82416624d2658e5098eb0a28c15c5-common-args.resp -include /Users/barriesanders/Library/Developer/Xcode/DerivedData/DeSmuME_\(Latest\)-artutapunelusweoliepfhbcleaz/Build/Intermediates.noindex/PrecompiledHeaders/SharedPrecompiledHeaders/14173491230685428952/DeSmuME_Prefix_OpenEmu.pch -MMD -MT dependencies -MF /Users/barriesanders/Library/Developer/Xcode/DerivedData/DeSmuME_\(Latest\)-artutapunelusweoliepfhbcleaz/Build/Intermediates.noindex/DeSmuME\ \(Latest\).build/Debug/DeSmuME\ \(OpenEmu\ Plug-in\).build/Objects-normal/arm64/version.d --serialize-diagnostics /Users/barriesanders/Library/Developer/Xcode/DerivedData/DeSmuME_\(Latest\)-artutapunelusweoliepfhbcleaz/Build/Intermediates.noindex/DeSmuME\ \(Latest\).build/Debug/DeSmuME\ \(OpenEmu\ Plug-in\).build/Objects-normal/arm64/version.dia -c /Users/barriesanders/.gemini/antigravity/scratch/OpenEmu_Port/DeSmuME/src/version.cpp -o /Users/barriesanders/Library/Developer/Xcode/DerivedData/DeSmuME_\(Latest\)-artutapunelusweoliepfhbcleaz/Build/Intermediates.noindex/DeSmuME\ \(Latest\).build/Debug/DeSmuME\ \(OpenEmu\ Plug-in\).build/Objects-normal/arm64/version.o -index-unit-output-path /DeSmuME\ \(Latest\).build/Debug/DeSmuME\ \(OpenEmu\ Plug-in\).build/Objects-normal/arm64/version.o

CompileC /Users/barriesanders/Library/Developer/Xcode/DerivedData/DeSmuME_(Latest)-artutapunelusweoliepfhbcleaz/Build/Intermediates.noindex/DeSmuME\ (Latest).build/Debug/DeSmuME\ (OpenEmu\ Plug-in).build/Objects-normal/arm64/ringbuffer.o /Users/barriesanders/.gemini/antigravity/scratch/OpenEmu_Port/DeSmuME/src/cocoa/ringbuffer.cpp normal arm64 c++ com.apple.compilers.llvm.clang.1_0.compiler (in target 'DeSmuME (OpenEmu Plug-in)' from project 'DeSmuME (Latest)')
    cd /Users/barriesanders/.gemini/antigravity/scratch/OpenEmu_Port/DeSmuME/src/cocoa
    
    Using response file: /Users/barriesanders/Library/Developer/Xcode/DerivedData/DeSmuME_(Latest)-artutapunelusweoliepfhbcleaz/Build/Intermediates.noindex/DeSmuME (Latest).build/Debug/DeSmuME (OpenEmu Plug-in).build/Objects-normal/arm64/82b82416624d2658e5098eb0a28c15c5-common-args.resp
    
    /Applications/Xcode.app/Contents/Developer/Toolchains/XcodeDefault.xctoolchain/usr/bin/clang -x c++ -ivfsstatcache /Users/barriesanders/Library/Developer/Xcode/DerivedData/SDKStatCaches.noindex/macosx26.2-25C57-3885c01c3e6b6a337905948deab2002e00fa09913b459cbbc988d1f6730289ae.sdkstatcache -fmessage-length\=0 -fdiagnostics-show-note-include-stack -fmacro-backtrace-limit\=0 -fno-color-diagnostics -Wno-trigraphs -Wno-missing-field-initializers -Wno-missing-prototypes -Wno-non-virtual-dtor -Wno-overloaded-virtual -Wno-exit-time-destructors -Wno-missing-braces -Wparentheses -Wswitch -Wno-unused-function -Wno-unused-label -Wno-unused-parameter -Wunused-variable -Wunused-value -Wno-empty-body -Wuninitialized -Wno-unknown-pragmas -Wshadow -Wno-four-char-constants -Wno-conversion -Wconstant-conversion -Wint-conversion -Wno-bool-conversion -Wenum-conversion -Wno-float-conversion -Wno-non-literal-null-conversion -Wno-objc-literal-conversion -Wshorten-64-to-32 -Wno-newline-eof -Wno-c++11-extensions -Wno-implicit-fallthrough -fstrict-aliasing -Wdeprecated-declarations -Winvalid-offsetof -Wno-sign-conversion -Wno-infinite-recursion -Wno-move -Wno-comma -Wno-block-capture-autoreleasing -Wno-strict-prototypes -Wno-range-loop-analysis -Wno-semicolon-before-method-body -index-store-path /Users/barriesanders/Library/Developer/Xcode/DerivedData/DeSmuME_\(Latest\)-artutapunelusweoliepfhbcleaz/Index.noindex/DataStore @/Users/barriesanders/Library/Developer/Xcode/DerivedData/DeSmuME_\(Latest\)-artutapunelusweoliepfhbcleaz/Build/Intermediates.noindex/DeSmuME\ \(Latest\).build/Debug/DeSmuME\ \(OpenEmu\ Plug-in\).build/Objects-normal/arm64/82b82416624d2658e5098eb0a28c15c5-common-args.resp -include /Users/barriesanders/Library/Developer/Xcode/DerivedData/DeSmuME_\(Latest\)-artutapunelusweoliepfhbcleaz/Build/Intermediates.noindex/PrecompiledHeaders/SharedPrecompiledHeaders/14173491230685428952/DeSmuME_Prefix_OpenEmu.pch -MMD -MT dependencies -MF /Users/barriesanders/Library/Developer/Xcode/DerivedData/DeSmuME_\(Latest\)-artutapunelusweoliepfhbcleaz/Build/Intermediates.noindex/DeSmuME\ \(Latest\).build/Debug/DeSmuME\ \(OpenEmu\ Plug-in\).build/Objects-normal/arm64/ringbuffer.d --serialize-diagnostics /Users/barriesanders/Library/Developer/Xcode/DerivedData/DeSmuME_\(Latest\)-artutapunelusweoliepfhbcleaz/Build/Intermediates.noindex/DeSmuME\ \(Latest\).build/Debug/DeSmuME\ \(OpenEmu\ Plug-in\).build/Objects-normal/arm64/ringbuffer.dia -c /Users/barriesanders/.gemini/antigravity/scratch/OpenEmu_Port/DeSmuME/src/cocoa/ringbuffer.cpp -o /Users/barriesanders/Library/Developer/Xcode/DerivedData/DeSmuME_\(Latest\)-artutapunelusweoliepfhbcleaz/Build/Intermediates.noindex/DeSmuME\ \(Latest\).build/Debug/DeSmuME\ \(OpenEmu\ Plug-in\).build/Objects-normal/arm64/ringbuffer.o -index-unit-output-path /DeSmuME\ \(Latest\).build/Debug/DeSmuME\ \(OpenEmu\ Plug-in\).build/Objects-normal/arm64/ringbuffer.o
/Users/barriesanders/.gemini/antigravity/scratch/OpenEmu_Port/DeSmuME/src/cocoa/ringbuffer.cpp:126:2: warning: 'OSAtomicAdd32Barrier' is deprecated: first deprecated in macOS 10.12 - Use std::atomic_fetch_add() from <atomic> instead [-Wdeprecated-declarations]
  126 |         OSAtomicAdd32Barrier(-(int32_t)requestedNumberElements, &this->_elementFillCount);
      |         ^
In file included from /Users/barriesanders/.gemini/antigravity/scratch/OpenEmu_Port/DeSmuME/src/cocoa/ringbuffer.cpp:21:
In file included from /Applications/Xcode.app/Contents/Developer/Platforms/MacOSX.platform/Developer/SDKs/MacOSX26.2.sdk/usr/include/libkern/OSAtomic.h:47:
/Applications/Xcode.app/Contents/Developer/Platforms/MacOSX.platform/Developer/SDKs/MacOSX26.2.sdk/usr/include/libkern/OSAtomicDeprecated.h:163:9: note: 'OSAtomicAdd32Barrier' has been explicitly marked deprecated here
  163 | int32_t OSAtomicAdd32Barrier( int32_t __theAmount, volatile int32_t *__theValue );
      |         ^
/Users/barriesanders/.gemini/antigravity/scratch/OpenEmu_Port/DeSmuME/src/cocoa/ringbuffer.cpp:173:2: warning: 'OSAtomicAdd32Barrier' is deprecated: first deprecated in macOS 10.12 - Use std::atomic_fetch_add() from <atomic> instead [-Wdeprecated-declarations]
  173 |         OSAtomicAdd32Barrier((int32_t)requestedNumberElements, &this->_elementFillCount);
      |         ^
In file included from /Users/barriesanders/.gemini/antigravity/scratch/OpenEmu_Port/DeSmuME/src/cocoa/ringbuffer.cpp:21:
In file included from /Applications/Xcode.app/Contents/Developer/Platforms/MacOSX.platform/Developer/SDKs/MacOSX26.2.sdk/usr/include/libkern/OSAtomic.h:47:
/Applications/Xcode.app/Contents/Developer/Platforms/MacOSX.platform/Developer/SDKs/MacOSX26.2.sdk/usr/include/libkern/OSAtomicDeprecated.h:163:9: note: 'OSAtomicAdd32Barrier' has been explicitly marked deprecated here
  163 | int32_t OSAtomicAdd32Barrier( int32_t __theAmount, volatile int32_t *__theValue );
      |         ^
/Users/barriesanders/.gemini/antigravity/scratch/OpenEmu_Port/DeSmuME/src/cocoa/ringbuffer.cpp:243:2: warning: 'OSAtomicAdd32Barrier' is deprecated: first deprecated in macOS 10.12 - Use std::atomic_fetch_add() from <atomic> instead [-Wdeprecated-declarations]
  243 |         OSAtomicAdd32Barrier(-(int32_t)requestedNumberElements, &this->_elementFillCount);
      |         ^
In file included from /Users/barriesanders/.gemini/antigravity/scratch/OpenEmu_Port/DeSmuME/src/cocoa/ringbuffer.cpp:21:
In file included from /Applications/Xcode.app/Contents/Developer/Platforms/MacOSX.platform/Developer/SDKs/MacOSX26.2.sdk/usr/include/libkern/OSAtomic.h:47:
/Applications/Xcode.app/Contents/Developer/Platforms/MacOSX.platform/Developer/SDKs/MacOSX26.2.sdk/usr/include/libkern/OSAtomicDeprecated.h:163:9: note: 'OSAtomicAdd32Barrier' has been explicitly marked deprecated here
  163 | int32_t OSAtomicAdd32Barrier( int32_t __theAmount, volatile int32_t *__theValue );
      |         ^
3 warnings generated.

CompileC /Users/barriesanders/Library/Developer/Xcode/DerivedData/DeSmuME_(Latest)-artutapunelusweoliepfhbcleaz/Build/Intermediates.noindex/DeSmuME\ (Latest).build/Debug/DeSmuME\ (OpenEmu\ Plug-in).build/Objects-normal/arm64/thumb_instructions.o /Users/barriesanders/.gemini/antigravity/scratch/OpenEmu_Port/DeSmuME/src/thumb_instructions.cpp normal arm64 c++ com.apple.compilers.llvm.clang.1_0.compiler (in target 'DeSmuME (OpenEmu Plug-in)' from project 'DeSmuME (Latest)')
    cd /Users/barriesanders/.gemini/antigravity/scratch/OpenEmu_Port/DeSmuME/src/cocoa
    
    Using response file: /Users/barriesanders/Library/Developer/Xcode/DerivedData/DeSmuME_(Latest)-artutapunelusweoliepfhbcleaz/Build/Intermediates.noindex/DeSmuME (Latest).build/Debug/DeSmuME (OpenEmu Plug-in).build/Objects-normal/arm64/82b82416624d2658e5098eb0a28c15c5-common-args.resp
    
    /Applications/Xcode.app/Contents/Developer/Toolchains/XcodeDefault.xctoolchain/usr/bin/clang -x c++ -ivfsstatcache /Users/barriesanders/Library/Developer/Xcode/DerivedData/SDKStatCaches.noindex/macosx26.2-25C57-3885c01c3e6b6a337905948deab2002e00fa09913b459cbbc988d1f6730289ae.sdkstatcache -fmessage-length\=0 -fdiagnostics-show-note-include-stack -fmacro-backtrace-limit\=0 -fno-color-diagnostics -Wno-trigraphs -Wno-missing-field-initializers -Wno-missing-prototypes -Wno-non-virtual-dtor -Wno-overloaded-virtual -Wno-exit-time-destructors -Wno-missing-braces -Wparentheses -Wswitch -Wno-unused-function -Wno-unused-label -Wno-unused-parameter -Wunused-variable -Wunused-value -Wno-empty-body -Wuninitialized -Wno-unknown-pragmas -Wshadow -Wno-four-char-constants -Wno-conversion -Wconstant-conversion -Wint-conversion -Wno-bool-conversion -Wenum-conversion -Wno-float-conversion -Wno-non-literal-null-conversion -Wno-objc-literal-conversion -Wshorten-64-to-32 -Wno-newline-eof -Wno-c++11-extensions -Wno-implicit-fallthrough -fstrict-aliasing -Wdeprecated-declarations -Winvalid-offsetof -Wno-sign-conversion -Wno-infinite-recursion -Wno-move -Wno-comma -Wno-block-capture-autoreleasing -Wno-strict-prototypes -Wno-range-loop-analysis -Wno-semicolon-before-method-body -index-store-path /Users/barriesanders/Library/Developer/Xcode/DerivedData/DeSmuME_\(Latest\)-artutapunelusweoliepfhbcleaz/Index.noindex/DataStore @/Users/barriesanders/Library/Developer/Xcode/DerivedData/DeSmuME_\(Latest\)-artutapunelusweoliepfhbcleaz/Build/Intermediates.noindex/DeSmuME\ \(Latest\).build/Debug/DeSmuME\ \(OpenEmu\ Plug-in\).build/Objects-normal/arm64/82b82416624d2658e5098eb0a28c15c5-common-args.resp -include /Users/barriesanders/Library/Developer/Xcode/DerivedData/DeSmuME_\(Latest\)-artutapunelusweoliepfhbcleaz/Build/Intermediates.noindex/PrecompiledHeaders/SharedPrecompiledHeaders/14173491230685428952/DeSmuME_Prefix_OpenEmu.pch -MMD -MT dependencies -MF /Users/barriesanders/Library/Developer/Xcode/DerivedData/DeSmuME_\(Latest\)-artutapunelusweoliepfhbcleaz/Build/Intermediates.noindex/DeSmuME\ \(Latest\).build/Debug/DeSmuME\ \(OpenEmu\ Plug-in\).build/Objects-normal/arm64/thumb_instructions.d --serialize-diagnostics /Users/barriesanders/Library/Developer/Xcode/DerivedData/DeSmuME_\(Latest\)-artutapunelusweoliepfhbcleaz/Build/Intermediates.noindex/DeSmuME\ \(Latest\).build/Debug/DeSmuME\ \(OpenEmu\ Plug-in\).build/Objects-normal/arm64/thumb_instructions.dia -c /Users/barriesanders/.gemini/antigravity/scratch/OpenEmu_Port/DeSmuME/src/thumb_instructions.cpp -o /Users/barriesanders/Library/Developer/Xcode/DerivedData/DeSmuME_\(Latest\)-artutapunelusweoliepfhbcleaz/Build/Intermediates.noindex/DeSmuME\ \(Latest\).build/Debug/DeSmuME\ \(OpenEmu\ Plug-in\).build/Objects-normal/arm64/thumb_instructions.o -index-unit-output-path /DeSmuME\ \(Latest\).build/Debug/DeSmuME\ \(OpenEmu\ Plug-in\).build/Objects-normal/arm64/thumb_instructions.o
In file included from /Users/barriesanders/.gemini/antigravity/scratch/OpenEmu_Port/DeSmuME/src/thumb_instructions.cpp:20:
In file included from /Users/barriesanders/.gemini/antigravity/scratch/OpenEmu_Port/DeSmuME/src/armcpu.h:24:
/Users/barriesanders/.gemini/antigravity/scratch/OpenEmu_Port/DeSmuME/src/MMU.h:542:45: warning: declaration shadows a variable in the global namespace [-Wshadow]
  542 |                 OFF, INVALID, ABG, BBG, AOBJ, BOBJ, LCDC, ARM7, TEX, TEXPAL, ABGEXTPAL, BBGEXTPAL, AOBJEXTPAL, BOBJEXTPAL
      |                                                           ^
In file included from /Users/barriesanders/.gemini/antigravity/scratch/OpenEmu_Port/DeSmuME/src/thumb_instructions.cpp:20:
In file included from /Users/barriesanders/.gemini/antigravity/scratch/OpenEmu_Port/DeSmuME/src/armcpu.h:22:
/Users/barriesanders/.gemini/antigravity/scratch/OpenEmu_Port/DeSmuME/src/types.h:289:2: note: previous declaration is here
  289 |         ARM7 = 1
      |         ^
In file included from /Users/barriesanders/.gemini/antigravity/scratch/OpenEmu_Port/DeSmuME/src/thumb_instructions.cpp:29:
/Users/barriesanders/.gemini/antigravity/scratch/OpenEmu_Port/DeSmuME/src/MMU_timing.h:158:19: error: expression is not an integral constant expression
  158 |         enum { TAGMASK = (u32)(~0 << TAGSHIFT) };
      |                          ^~~~~~~~~~~~~~~~~~~~~
/Users/barriesanders/.gemini/antigravity/scratch/OpenEmu_Port/DeSmuME/src/MMU_timing.h:253:26: note: in instantiation of template class 'CacheController<13, 2, 5>' requested here
  253 |         CacheController<13,2,5> arm9codeCache; // 8192 bytes, 4-way associative, 32-byte blocks
      |                                 ^
/Users/barriesanders/.gemini/antigravity/scratch/OpenEmu_Port/DeSmuME/src/MMU_timing.h:158:28: note: left shift of negative value -1
  158 |         enum { TAGMASK = (u32)(~0 << TAGSHIFT) };
      |                                   ^
/Users/barriesanders/.gemini/antigravity/scratch/OpenEmu_Port/DeSmuME/src/MMU_timing.h:159:21: error: expression is not an integral constant expression
  159 |         enum { BLOCKMASK = ((u32)~0 >> (32 - TAGSHIFT)) & (u32)(~0 << BLOCKSIZESHIFT) };
      |                            ^~~~~~~~~~~~~~~~~~~~~~~~~~~~~~~~~~~~~~~~~~~~~~~~~~~~~~~~~~
/Users/barriesanders/.gemini/antigravity/scratch/OpenEmu_Port/DeSmuME/src/MMU_timing.h:159:61: note: left shift of negative value -1
  159 |         enum { BLOCKMASK = ((u32)~0 >> (32 - TAGSHIFT)) & (u32)(~0 << BLOCKSIZESHIFT) };
      |                                                                    ^
/Users/barriesanders/.gemini/antigravity/scratch/OpenEmu_Port/DeSmuME/src/MMU_timing.h:158:19: error: expression is not an integral constant expression
  158 |         enum { TAGMASK = (u32)(~0 << TAGSHIFT) };
      |                          ^~~~~~~~~~~~~~~~~~~~~
/Users/barriesanders/.gemini/antigravity/scratch/OpenEmu_Port/DeSmuME/src/MMU_timing.h:254:26: note: in instantiation of template class 'CacheController<12, 2, 5>' requested here
  254 |         CacheController<12,2,5> arm9dataCache; // 4096 bytes, 4-way associative, 32-byte blocks
      |                                 ^
/Users/barriesanders/.gemini/antigravity/scratch/OpenEmu_Port/DeSmuME/src/MMU_timing.h:158:28: note: left shift of negative value -1
  158 |         enum { TAGMASK = (u32)(~0 << TAGSHIFT) };
      |                                   ^
/Users/barriesanders/.gemini/antigravity/scratch/OpenEmu_Port/DeSmuME/src/MMU_timing.h:159:21: error: expression is not an integral constant expression
  159 |         enum { BLOCKMASK = ((u32)~0 >> (32 - TAGSHIFT)) & (u32)(~0 << BLOCKSIZESHIFT) };
      |                            ^~~~~~~~~~~~~~~~~~~~~~~~~~~~~~~~~~~~~~~~~~~~~~~~~~~~~~~~~~
/Users/barriesanders/.gemini/antigravity/scratch/OpenEmu_Port/DeSmuME/src/MMU_timing.h:159:61: note: left shift of negative value -1
  159 |         enum { BLOCKMASK = ((u32)~0 >> (32 - TAGSHIFT)) & (u32)(~0 << BLOCKSIZESHIFT) };
      |                                                                    ^
1 warning and 4 errors generated.

CompileC /Users/barriesanders/Library/Developer/Xcode/DerivedData/DeSmuME_(Latest)-artutapunelusweoliepfhbcleaz/Build/Intermediates.noindex/DeSmuME\ (Latest).build/Debug/DeSmuME\ (OpenEmu\ Plug-in).build/Objects-normal/arm64/texcache.o /Users/barriesanders/.gemini/antigravity/scratch/OpenEmu_Port/DeSmuME/src/texcache.cpp normal arm64 c++ com.apple.compilers.llvm.clang.1_0.compiler (in target 'DeSmuME (OpenEmu Plug-in)' from project 'DeSmuME (Latest)')
    cd /Users/barriesanders/.gemini/antigravity/scratch/OpenEmu_Port/DeSmuME/src/cocoa
    
    Using response file: /Users/barriesanders/Library/Developer/Xcode/DerivedData/DeSmuME_(Latest)-artutapunelusweoliepfhbcleaz/Build/Intermediates.noindex/DeSmuME (Latest).build/Debug/DeSmuME (OpenEmu Plug-in).build/Objects-normal/arm64/82b82416624d2658e5098eb0a28c15c5-common-args.resp
    
    /Applications/Xcode.app/Contents/Developer/Toolchains/XcodeDefault.xctoolchain/usr/bin/clang -x c++ -ivfsstatcache /Users/barriesanders/Library/Developer/Xcode/DerivedData/SDKStatCaches.noindex/macosx26.2-25C57-3885c01c3e6b6a337905948deab2002e00fa09913b459cbbc988d1f6730289ae.sdkstatcache -fmessage-length\=0 -fdiagnostics-show-note-include-stack -fmacro-backtrace-limit\=0 -fno-color-diagnostics -Wno-trigraphs -Wno-missing-field-initializers -Wno-missing-prototypes -Wno-non-virtual-dtor -Wno-overloaded-virtual -Wno-exit-time-destructors -Wno-missing-braces -Wparentheses -Wswitch -Wno-unused-function -Wno-unused-label -Wno-unused-parameter -Wunused-variable -Wunused-value -Wno-empty-body -Wuninitialized -Wno-unknown-pragmas -Wshadow -Wno-four-char-constants -Wno-conversion -Wconstant-conversion -Wint-conversion -Wno-bool-conversion -Wenum-conversion -Wno-float-conversion -Wno-non-literal-null-conversion -Wno-objc-literal-conversion -Wshorten-64-to-32 -Wno-newline-eof -Wno-c++11-extensions -Wno-implicit-fallthrough -fstrict-aliasing -Wdeprecated-declarations -Winvalid-offsetof -Wno-sign-conversion -Wno-infinite-recursion -Wno-move -Wno-comma -Wno-block-capture-autoreleasing -Wno-strict-prototypes -Wno-range-loop-analysis -Wno-semicolon-before-method-body -index-store-path /Users/barriesanders/Library/Developer/Xcode/DerivedData/DeSmuME_\(Latest\)-artutapunelusweoliepfhbcleaz/Index.noindex/DataStore @/Users/barriesanders/Library/Developer/Xcode/DerivedData/DeSmuME_\(Latest\)-artutapunelusweoliepfhbcleaz/Build/Intermediates.noindex/DeSmuME\ \(Latest\).build/Debug/DeSmuME\ \(OpenEmu\ Plug-in\).build/Objects-normal/arm64/82b82416624d2658e5098eb0a28c15c5-common-args.resp -include /Users/barriesanders/Library/Developer/Xcode/DerivedData/DeSmuME_\(Latest\)-artutapunelusweoliepfhbcleaz/Build/Intermediates.noindex/PrecompiledHeaders/SharedPrecompiledHeaders/14173491230685428952/DeSmuME_Prefix_OpenEmu.pch -MMD -MT dependencies -MF /Users/barriesanders/Library/Developer/Xcode/DerivedData/DeSmuME_\(Latest\)-artutapunelusweoliepfhbcleaz/Build/Intermediates.noindex/DeSmuME\ \(Latest\).build/Debug/DeSmuME\ \(OpenEmu\ Plug-in\).build/Objects-normal/arm64/texcache.d --serialize-diagnostics /Users/barriesanders/Library/Developer/Xcode/DerivedData/DeSmuME_\(Latest\)-artutapunelusweoliepfhbcleaz/Build/Intermediates.noindex/DeSmuME\ \(Latest\).build/Debug/DeSmuME\ \(OpenEmu\ Plug-in\).build/Objects-normal/arm64/texcache.dia -c /Users/barriesanders/.gemini/antigravity/scratch/OpenEmu_Port/DeSmuME/src/texcache.cpp -o /Users/barriesanders/Library/Developer/Xcode/DerivedData/DeSmuME_\(Latest\)-artutapunelusweoliepfhbcleaz/Build/Intermediates.noindex/DeSmuME\ \(Latest\).build/Debug/DeSmuME\ \(OpenEmu\ Plug-in\).build/Objects-normal/arm64/texcache.o -index-unit-output-path /DeSmuME\ \(Latest\).build/Debug/DeSmuME\ \(OpenEmu\ Plug-in\).build/Objects-normal/arm64/texcache.o
In file included from /Users/barriesanders/.gemini/antigravity/scratch/OpenEmu_Port/DeSmuME/src/texcache.cpp:31:
/Users/barriesanders/.gemini/antigravity/scratch/OpenEmu_Port/DeSmuME/src/MMU.h:542:45: warning: declaration shadows a variable in the global namespace [-Wshadow]
  542 |                 OFF, INVALID, ABG, BBG, AOBJ, BOBJ, LCDC, ARM7, TEX, TEXPAL, ABGEXTPAL, BBGEXTPAL, AOBJEXTPAL, BOBJEXTPAL
      |                                                           ^
In file included from /Users/barriesanders/.gemini/antigravity/scratch/OpenEmu_Port/DeSmuME/src/texcache.cpp:25:
In file included from /Users/barriesanders/.gemini/antigravity/scratch/OpenEmu_Port/DeSmuME/src/texcache.h:25:
/Users/barriesanders/.gemini/antigravity/scratch/OpenEmu_Port/DeSmuME/src/types.h:289:2: note: previous declaration is here
  289 |         ARM7 = 1
      |         ^
/Users/barriesanders/.gemini/antigravity/scratch/OpenEmu_Port/DeSmuME/src/texcache.cpp:65:29: warning: declaration shadows a field of 'MemSpan' [-Wshadow]
   65 |         int memcmp(void* buf2, int size=-1)
      |                                    ^
/Users/barriesanders/.gemini/antigravity/scratch/OpenEmu_Port/DeSmuME/src/texcache.cpp:61:6: note: previous declaration is here
   61 |         int size;
      |             ^
/Users/barriesanders/.gemini/antigravity/scratch/OpenEmu_Port/DeSmuME/src/texcache.cpp:85:26: warning: declaration shadows a field of 'MemSpan' [-Wshadow]
   85 |         int dump(void* buf, int size=-1)
      |                                 ^
/Users/barriesanders/.gemini/antigravity/scratch/OpenEmu_Port/DeSmuME/src/texcache.cpp:61:6: note: previous declaration is here
   61 |         int size;
      |             ^
/Users/barriesanders/.gemini/antigravity/scratch/OpenEmu_Port/DeSmuME/src/texcache.cpp:107:28: warning: declaration shadows a field of 'MemSpan' [-Wshadow]
  107 |         int dump16(void* buf, int size=-1)
      |                                   ^
/Users/barriesanders/.gemini/antigravity/scratch/OpenEmu_Port/DeSmuME/src/texcache.cpp:61:6: note: previous declaration is here
   61 |         int size;
      |             ^

CompileC /Users/barriesanders/Library/Developer/Xcode/DerivedData/DeSmuME_(Latest)-artutapunelusweoliepfhbcleaz/Build/Intermediates.noindex/DeSmuME\ (Latest).build/Debug/DeSmuME\ (OpenEmu\ Plug-in).build/Objects-normal/arm64/slot1comp_rom.o /Users/barriesanders/.gemini/antigravity/scratch/OpenEmu_Port/DeSmuME/src/addons/slot1comp_rom.cpp normal arm64 c++ com.apple.compilers.llvm.clang.1_0.compiler (in target 'DeSmuME (OpenEmu Plug-in)' from project 'DeSmuME (Latest)')
    cd /Users/barriesanders/.gemini/antigravity/scratch/OpenEmu_Port/DeSmuME/src/cocoa
    
    Using response file: /Users/barriesanders/Library/Developer/Xcode/DerivedData/DeSmuME_(Latest)-artutapunelusweoliepfhbcleaz/Build/Intermediates.noindex/DeSmuME (Latest).build/Debug/DeSmuME (OpenEmu Plug-in).build/Objects-normal/arm64/82b82416624d2658e5098eb0a28c15c5-common-args.resp
    
    /Applications/Xcode.app/Contents/Developer/Toolchains/XcodeDefault.xctoolchain/usr/bin/clang -x c++ -ivfsstatcache /Users/barriesanders/Library/Developer/Xcode/DerivedData/SDKStatCaches.noindex/macosx26.2-25C57-3885c01c3e6b6a337905948deab2002e00fa09913b459cbbc988d1f6730289ae.sdkstatcache -fmessage-length\=0 -fdiagnostics-show-note-include-stack -fmacro-backtrace-limit\=0 -fno-color-diagnostics -Wno-trigraphs -Wno-missing-field-initializers -Wno-missing-prototypes -Wno-non-virtual-dtor -Wno-overloaded-virtual -Wno-exit-time-destructors -Wno-missing-braces -Wparentheses -Wswitch -Wno-unused-function -Wno-unused-label -Wno-unused-parameter -Wunused-variable -Wunused-value -Wno-empty-body -Wuninitialized -Wno-unknown-pragmas -Wshadow -Wno-four-char-constants -Wno-conversion -Wconstant-conversion -Wint-conversion -Wno-bool-conversion -Wenum-conversion -Wno-float-conversion -Wno-non-literal-null-conversion -Wno-objc-literal-conversion -Wshorten-64-to-32 -Wno-newline-eof -Wno-c++11-extensions -Wno-implicit-fallthrough -fstrict-aliasing -Wdeprecated-declarations -Winvalid-offsetof -Wno-sign-conversion -Wno-infinite-recursion -Wno-move -Wno-comma -Wno-block-capture-autoreleasing -Wno-strict-prototypes -Wno-range-loop-analysis -Wno-semicolon-before-method-body -index-store-path /Users/barriesanders/Library/Developer/Xcode/DerivedData/DeSmuME_\(Latest\)-artutapunelusweoliepfhbcleaz/Index.noindex/DataStore @/Users/barriesanders/Library/Developer/Xcode/DerivedData/DeSmuME_\(Latest\)-artutapunelusweoliepfhbcleaz/Build/Intermediates.noindex/DeSmuME\ \(Latest\).build/Debug/DeSmuME\ \(OpenEmu\ Plug-in\).build/Objects-normal/arm64/82b82416624d2658e5098eb0a28c15c5-common-args.resp -include /Users/barriesanders/Library/Developer/Xcode/DerivedData/DeSmuME_\(Latest\)-artutapunelusweoliepfhbcleaz/Build/Intermediates.noindex/PrecompiledHeaders/SharedPrecompiledHeaders/14173491230685428952/DeSmuME_Prefix_OpenEmu.pch -MMD -MT dependencies -MF /Users/barriesanders/Library/Developer/Xcode/DerivedData/DeSmuME_\(Latest\)-artutapunelusweoliepfhbcleaz/Build/Intermediates.noindex/DeSmuME\ \(Latest\).build/Debug/DeSmuME\ \(OpenEmu\ Plug-in\).build/Objects-normal/arm64/slot1comp_rom.d --serialize-diagnostics /Users/barriesanders/Library/Developer/Xcode/DerivedData/DeSmuME_\(Latest\)-artutapunelusweoliepfhbcleaz/Build/Intermediates.noindex/DeSmuME\ \(Latest\).build/Debug/DeSmuME\ \(OpenEmu\ Plug-in\).build/Objects-normal/arm64/slot1comp_rom.dia -c /Users/barriesanders/.gemini/antigravity/scratch/OpenEmu_Port/DeSmuME/src/addons/slot1comp_rom.cpp -o /Users/barriesanders/Library/Developer/Xcode/DerivedData/DeSmuME_\(Latest\)-artutapunelusweoliepfhbcleaz/Build/Intermediates.noindex/DeSmuME\ \(Latest\).build/Debug/DeSmuME\ \(OpenEmu\ Plug-in\).build/Objects-normal/arm64/slot1comp_rom.o -index-unit-output-path /DeSmuME\ \(Latest\).build/Debug/DeSmuME\ \(OpenEmu\ Plug-in\).build/Objects-normal/arm64/slot1comp_rom.o
In file included from /Users/barriesanders/.gemini/antigravity/scratch/OpenEmu_Port/DeSmuME/src/addons/slot1comp_rom.cpp:18:
In file included from /Users/barriesanders/.gemini/antigravity/scratch/OpenEmu_Port/DeSmuME/src/addons/slot1comp_rom.h:24:
In file included from /Users/barriesanders/.gemini/antigravity/scratch/OpenEmu_Port/DeSmuME/src/addons/slot1comp_protocol.h:27:
/Users/barriesanders/.gemini/antigravity/scratch/OpenEmu_Port/DeSmuME/src/addons/../MMU.h:542:45: warning: declaration shadows a variable in the global namespace [-Wshadow]
  542 |                 OFF, INVALID, ABG, BBG, AOBJ, BOBJ, LCDC, ARM7, TEX, TEXPAL, ABGEXTPAL, BBGEXTPAL, AOBJEXTPAL, BOBJEXTPAL
      |                                                           ^
In file included from /Users/barriesanders/.gemini/antigravity/scratch/OpenEmu_Port/DeSmuME/src/addons/slot1comp_rom.cpp:18:
In file included from /Users/barriesanders/.gemini/antigravity/scratch/OpenEmu_Port/DeSmuME/src/addons/slot1comp_rom.h:24:
In file included from /Users/barriesanders/.gemini/antigravity/scratch/OpenEmu_Port/DeSmuME/src/addons/slot1comp_protocol.h:26:
/Users/barriesanders/.gemini/antigravity/scratch/OpenEmu_Port/DeSmuME/src/addons/../types.h:289:2: note: previous declaration is here
  289 |         ARM7 = 1
      |         ^
In file included from /Users/barriesanders/.gemini/antigravity/scratch/OpenEmu_Port/DeSmuME/src/addons/slot1comp_rom.cpp:21:
/Users/barriesanders/.gemini/antigravity/scratch/OpenEmu_Port/DeSmuME/src/addons/../emufile.h:185:3: warning: 'vsprintf' is deprecated: This function is provided for compatibility reasons only.  Due to security concerns inherent in the design of sprintf(3), it is highly recommended that you use vsnprintf(3) instead. [-Wdeprecated-declarations]
  185 |                 vsprintf(tempbuf,format,argptr);
      |                 ^
In file included from /Users/barriesanders/.gemini/antigravity/scratch/OpenEmu_Port/DeSmuME/src/addons/slot1comp_rom.cpp:18:
In file included from /Users/barriesanders/.gemini/antigravity/scratch/OpenEmu_Port/DeSmuME/src/addons/slot1comp_rom.h:24:
In file included from /Users/barriesanders/.gemini/antigravity/scratch/OpenEmu_Port/DeSmuME/src/addons/slot1comp_protocol.h:27:
In file included from /Users/barriesanders/.gemini/antigravity/scratch/OpenEmu_Port/DeSmuME/src/addons/../MMU.h:23:
In file included from /Users/barriesanders/.gemini/antigravity/scratch/OpenEmu_Port/DeSmuME/src/addons/../debug.h:22:
In file included from /Applications/Xcode.app/Contents/Developer/Platforms/MacOSX.platform/Developer/SDKs/MacOSX26.2.sdk/usr/include/c++/v1/vector:312:
In file included from /Applications/Xcode.app/Contents/Developer/Platforms/MacOSX.platform/Developer/SDKs/MacOSX26.2.sdk/usr/include/c++/v1/__vector/comparison.h:13:
In file included from /Applications/Xcode.app/Contents/Developer/Platforms/MacOSX.platform/Developer/SDKs/MacOSX26.2.sdk/usr/include/c++/v1/__algorithm/lexicographical_compare.h:30:
In file included from /Applications/Xcode.app/Contents/Developer/Platforms/MacOSX.platform/Developer/SDKs/MacOSX26.2.sdk/usr/include/c++/v1/cwchar:117:
In file included from /Applications/Xcode.app/Contents/Developer/Platforms/MacOSX.platform/Developer/SDKs/MacOSX26.2.sdk/usr/include/c++/v1/wchar.h:116:
In file included from /Applications/Xcode.app/Contents/Developer/Platforms/MacOSX.platform/Developer/SDKs/MacOSX26.2.sdk/usr/include/wchar.h:67:
In file included from /Applications/Xcode.app/Contents/Developer/Platforms/MacOSX.platform/Developer/SDKs/MacOSX26.2.sdk/usr/include/_wchar.h:91:
In file included from /Applications/Xcode.app/Contents/Developer/Platforms/MacOSX.platform/Developer/SDKs/MacOSX26.2.sdk/usr/include/c++/v1/stdio.h:103:
In file included from /Applications/Xcode.app/Contents/Developer/Platforms/MacOSX.platform/Developer/SDKs/MacOSX26.2.sdk/usr/include/stdio.h:61:
/Applications/Xcode.app/Contents/Developer/Platforms/MacOSX.platform/Developer/SDKs/MacOSX26.2.sdk/usr/include/_stdio.h:298:1: note: 'vsprintf' has been explicitly marked deprecated here
  298 | __deprecated_msg("This function is provided for compatibility reasons only.  Due to security concerns inherent in the design of sprintf(3), it is highly recommended that you use vsnprintf(3) instead.")
      | ^
In file included from /Users/barriesanders/.gemini/antigravity/scratch/OpenEmu_Port/DeSmuME/src/addons/slot1comp_rom.cpp:18:
In file included from /Users/barriesanders/.gemini/antigravity/scratch/OpenEmu_Port/DeSmuME/src/addons/slot1comp_rom.h:24:
In file included from /Users/barriesanders/.gemini/antigravity/scratch/OpenEmu_Port/DeSmuME/src/addons/slot1comp_protocol.h:26:
In file included from /Users/barriesanders/.gemini/antigravity/scratch/OpenEmu_Port/DeSmuME/src/addons/../types.h:92:
In file included from /Applications/Xcode.app/Contents/Developer/Toolchains/XcodeDefault.xctoolchain/usr/lib/clang/17/include/limits.h:25:
In file included from /Applications/Xcode.app/Contents/Developer/Platforms/MacOSX.platform/Developer/SDKs/MacOSX26.2.sdk/usr/include/limits.h:63:
/Applications/Xcode.app/Contents/Developer/Platforms/MacOSX.platform/Developer/SDKs/MacOSX26.2.sdk/usr/include/sys/cdefs.h:227:48: note: expanded from macro '__deprecated_msg'
  227 |         #define __deprecated_msg(_msg) __attribute__((__deprecated__(_msg)))
      |                                                       ^
In file included from /Users/barriesanders/.gemini/antigravity/scratch/OpenEmu_Port/DeSmuME/src/addons/slot1comp_rom.cpp:21:
/Users/barriesanders/.gemini/antigravity/scratch/OpenEmu_Port/DeSmuME/src/addons/../emufile.h:279:24: warning: declaration shadows a field of 'EMUFILE_FILE' [-Wshadow]
  279 |         void open(const char* fname, const char* mode)
      |                               ^
/Users/barriesanders/.gemini/antigravity/scratch/OpenEmu_Port/DeSmuME/src/addons/../emufile.h:265:14: note: previous declaration is here
  265 |         std::string fname;
      |                     ^
/Users/barriesanders/.gemini/antigravity/scratch/OpenEmu_Port/DeSmuME/src/addons/../emufile.h:279:43: warning: declaration shadows a field of 'EMUFILE_FILE' [-Wshadow]
  279 |         void open(const char* fname, const char* mode)
      |                                                  ^
/Users/barriesanders/.gemini/antigravity/scratch/OpenEmu_Port/DeSmuME/src/addons/../emufile.h:266:7: note: previous declaration is here
  266 |         char mode[16];
      |              ^
/Users/barriesanders/.gemini/antigravity/scratch/OpenEmu_Port/DeSmuME/src/addons/slot1comp_rom.cpp:24:43: warning: declaration shadows a field of 'Slot1Comp_Rom' [-Wshadow]
   24 | void Slot1Comp_Rom::start(eSlot1Operation operation, u32 addr)
      |                                           ^
In file included from /Users/barriesanders/.gemini/antigravity/scratch/OpenEmu_Port/DeSmuME/src/addons/slot1comp_rom.cpp:18:
/Users/barriesanders/.gemini/antigravity/scratch/OpenEmu_Port/DeSmuME/src/addons/slot1comp_rom.h:42:18: note: previous declaration is here
   42 |         eSlot1Operation operation;
      |                         ^
/Users/barriesanders/.gemini/antigravity/scratch/OpenEmu_Port/DeSmuME/src/addons/slot1comp_rom.cpp:119:6: warning: unused variable 'version' [-Wunused-variable]
  119 |         s32 version = is->read32le();
      |             ^~~~~~~
6 warnings generated.

CompileC /Users/barriesanders/Library/Developer/Xcode/DerivedData/DeSmuME_(Latest)-artutapunelusweoliepfhbcleaz/Build/Intermediates.noindex/DeSmuME\ (Latest).build/Debug/DeSmuME\ (OpenEmu\ Plug-in).build/Objects-normal/arm64/xbrz.o /Users/barriesanders/.gemini/antigravity/scratch/OpenEmu_Port/DeSmuME/src/filter/xbrz.cpp normal arm64 c++ com.apple.compilers.llvm.clang.1_0.compiler (in target 'DeSmuME (OpenEmu Plug-in)' from project 'DeSmuME (Latest)')
    cd /Users/barriesanders/.gemini/antigravity/scratch/OpenEmu_Port/DeSmuME/src/cocoa
    
    Using response file: /Users/barriesanders/Library/Developer/Xcode/DerivedData/DeSmuME_(Latest)-artutapunelusweoliepfhbcleaz/Build/Intermediates.noindex/DeSmuME (Latest).build/Debug/DeSmuME (OpenEmu Plug-in).build/Objects-normal/arm64/82b82416624d2658e5098eb0a28c15c5-common-args.resp
    
    /Applications/Xcode.app/Contents/Developer/Toolchains/XcodeDefault.xctoolchain/usr/bin/clang -x c++ -ivfsstatcache /Users/barriesanders/Library/Developer/Xcode/DerivedData/SDKStatCaches.noindex/macosx26.2-25C57-3885c01c3e6b6a337905948deab2002e00fa09913b459cbbc988d1f6730289ae.sdkstatcache -fmessage-length\=0 -fdiagnostics-show-note-include-stack -fmacro-backtrace-limit\=0 -fno-color-diagnostics -Wno-trigraphs -Wno-missing-field-initializers -Wno-missing-prototypes -Wno-non-virtual-dtor -Wno-overloaded-virtual -Wno-exit-time-destructors -Wno-missing-braces -Wparentheses -Wswitch -Wno-unused-function -Wno-unused-label -Wno-unused-parameter -Wunused-variable -Wunused-value -Wno-empty-body -Wuninitialized -Wno-unknown-pragmas -Wshadow -Wno-four-char-constants -Wno-conversion -Wconstant-conversion -Wint-conversion -Wno-bool-conversion -Wenum-conversion -Wno-float-conversion -Wno-non-literal-null-conversion -Wno-objc-literal-conversion -Wshorten-64-to-32 -Wno-newline-eof -Wno-c++11-extensions -Wno-implicit-fallthrough -fstrict-aliasing -Wdeprecated-declarations -Winvalid-offsetof -Wno-sign-conversion -Wno-infinite-recursion -Wno-move -Wno-comma -Wno-block-capture-autoreleasing -Wno-strict-prototypes -Wno-range-loop-analysis -Wno-semicolon-before-method-body -index-store-path /Users/barriesanders/Library/Developer/Xcode/DerivedData/DeSmuME_\(Latest\)-artutapunelusweoliepfhbcleaz/Index.noindex/DataStore @/Users/barriesanders/Library/Developer/Xcode/DerivedData/DeSmuME_\(Latest\)-artutapunelusweoliepfhbcleaz/Build/Intermediates.noindex/DeSmuME\ \(Latest\).build/Debug/DeSmuME\ \(OpenEmu\ Plug-in\).build/Objects-normal/arm64/82b82416624d2658e5098eb0a28c15c5-common-args.resp -include /Users/barriesanders/Library/Developer/Xcode/DerivedData/DeSmuME_\(Latest\)-artutapunelusweoliepfhbcleaz/Build/Intermediates.noindex/PrecompiledHeaders/SharedPrecompiledHeaders/14173491230685428952/DeSmuME_Prefix_OpenEmu.pch -MMD -MT dependencies -MF /Users/barriesanders/Library/Developer/Xcode/DerivedData/DeSmuME_\(Latest\)-artutapunelusweoliepfhbcleaz/Build/Intermediates.noindex/DeSmuME\ \(Latest\).build/Debug/DeSmuME\ \(OpenEmu\ Plug-in\).build/Objects-normal/arm64/xbrz.d --serialize-diagnostics /Users/barriesanders/Library/Developer/Xcode/DerivedData/DeSmuME_\(Latest\)-artutapunelusweoliepfhbcleaz/Build/Intermediates.noindex/DeSmuME\ \(Latest\).build/Debug/DeSmuME\ \(OpenEmu\ Plug-in\).build/Objects-normal/arm64/xbrz.dia -c /Users/barriesanders/.gemini/antigravity/scratch/OpenEmu_Port/DeSmuME/src/filter/xbrz.cpp -o /Users/barriesanders/Library/Developer/Xcode/DerivedData/DeSmuME_\(Latest\)-artutapunelusweoliepfhbcleaz/Build/Intermediates.noindex/DeSmuME\ \(Latest\).build/Debug/DeSmuME\ \(OpenEmu\ Plug-in\).build/Objects-normal/arm64/xbrz.o -index-unit-output-path /DeSmuME\ \(Latest\).build/Debug/DeSmuME\ \(OpenEmu\ Plug-in\).build/Objects-normal/arm64/xbrz.o

CompileC /Users/barriesanders/Library/Developer/Xcode/DerivedData/DeSmuME_(Latest)-artutapunelusweoliepfhbcleaz/Build/Intermediates.noindex/DeSmuME\ (Latest).build/Debug/DeSmuME\ (OpenEmu\ Plug-in).build/Objects-normal/arm64/vfat.o /Users/barriesanders/.gemini/antigravity/scratch/OpenEmu_Port/DeSmuME/src/utils/vfat.cpp normal arm64 c++ com.apple.compilers.llvm.clang.1_0.compiler (in target 'DeSmuME (OpenEmu Plug-in)' from project 'DeSmuME (Latest)')
    cd /Users/barriesanders/.gemini/antigravity/scratch/OpenEmu_Port/DeSmuME/src/cocoa
    
    Using response file: /Users/barriesanders/Library/Developer/Xcode/DerivedData/DeSmuME_(Latest)-artutapunelusweoliepfhbcleaz/Build/Intermediates.noindex/DeSmuME (Latest).build/Debug/DeSmuME (OpenEmu Plug-in).build/Objects-normal/arm64/82b82416624d2658e5098eb0a28c15c5-common-args.resp
    
    /Applications/Xcode.app/Contents/Developer/Toolchains/XcodeDefault.xctoolchain/usr/bin/clang -x c++ -ivfsstatcache /Users/barriesanders/Library/Developer/Xcode/DerivedData/SDKStatCaches.noindex/macosx26.2-25C57-3885c01c3e6b6a337905948deab2002e00fa09913b459cbbc988d1f6730289ae.sdkstatcache -fmessage-length\=0 -fdiagnostics-show-note-include-stack -fmacro-backtrace-limit\=0 -fno-color-diagnostics -Wno-trigraphs -Wno-missing-field-initializers -Wno-missing-prototypes -Wno-non-virtual-dtor -Wno-overloaded-virtual -Wno-exit-time-destructors -Wno-missing-braces -Wparentheses -Wswitch -Wno-unused-function -Wno-unused-label -Wno-unused-parameter -Wunused-variable -Wunused-value -Wno-empty-body -Wuninitialized -Wno-unknown-pragmas -Wshadow -Wno-four-char-constants -Wno-conversion -Wconstant-conversion -Wint-conversion -Wno-bool-conversion -Wenum-conversion -Wno-float-conversion -Wno-non-literal-null-conversion -Wno-objc-literal-conversion -Wshorten-64-to-32 -Wno-newline-eof -Wno-c++11-extensions -Wno-implicit-fallthrough -fstrict-aliasing -Wdeprecated-declarations -Winvalid-offsetof -Wno-sign-conversion -Wno-infinite-recursion -Wno-move -Wno-comma -Wno-block-capture-autoreleasing -Wno-strict-prototypes -Wno-range-loop-analysis -Wno-semicolon-before-method-body -index-store-path /Users/barriesanders/Library/Developer/Xcode/DerivedData/DeSmuME_\(Latest\)-artutapunelusweoliepfhbcleaz/Index.noindex/DataStore @/Users/barriesanders/Library/Developer/Xcode/DerivedData/DeSmuME_\(Latest\)-artutapunelusweoliepfhbcleaz/Build/Intermediates.noindex/DeSmuME\ \(Latest\).build/Debug/DeSmuME\ \(OpenEmu\ Plug-in\).build/Objects-normal/arm64/82b82416624d2658e5098eb0a28c15c5-common-args.resp -include /Users/barriesanders/Library/Developer/Xcode/DerivedData/DeSmuME_\(Latest\)-artutapunelusweoliepfhbcleaz/Build/Intermediates.noindex/PrecompiledHeaders/SharedPrecompiledHeaders/14173491230685428952/DeSmuME_Prefix_OpenEmu.pch -MMD -MT dependencies -MF /Users/barriesanders/Library/Developer/Xcode/DerivedData/DeSmuME_\(Latest\)-artutapunelusweoliepfhbcleaz/Build/Intermediates.noindex/DeSmuME\ \(Latest\).build/Debug/DeSmuME\ \(OpenEmu\ Plug-in\).build/Objects-normal/arm64/vfat.d --serialize-diagnostics /Users/barriesanders/Library/Developer/Xcode/DerivedData/DeSmuME_\(Latest\)-artutapunelusweoliepfhbcleaz/Build/Intermediates.noindex/DeSmuME\ \(Latest\).build/Debug/DeSmuME\ \(OpenEmu\ Plug-in\).build/Objects-normal/arm64/vfat.dia -c /Users/barriesanders/.gemini/antigravity/scratch/OpenEmu_Port/DeSmuME/src/utils/vfat.cpp -o /Users/barriesanders/Library/Developer/Xcode/DerivedData/DeSmuME_\(Latest\)-artutapunelusweoliepfhbcleaz/Build/Intermediates.noindex/DeSmuME\ \(Latest\).build/Debug/DeSmuME\ \(OpenEmu\ Plug-in\).build/Objects-normal/arm64/vfat.o -index-unit-output-path /DeSmuME\ \(Latest\).build/Debug/DeSmuME\ \(OpenEmu\ Plug-in\).build/Objects-normal/arm64/vfat.o
In file included from /Users/barriesanders/.gemini/antigravity/scratch/OpenEmu_Port/DeSmuME/src/utils/vfat.cpp:29:
/Users/barriesanders/.gemini/antigravity/scratch/OpenEmu_Port/DeSmuME/src/utils/../emufile.h:185:3: warning: 'vsprintf' is deprecated: This function is provided for compatibility reasons only.  Due to security concerns inherent in the design of sprintf(3), it is highly recommended that you use vsnprintf(3) instead. [-Wdeprecated-declarations]
  185 |                 vsprintf(tempbuf,format,argptr);
      |                 ^
In file included from /Users/barriesanders/.gemini/antigravity/scratch/OpenEmu_Port/DeSmuME/src/utils/vfat.cpp:20:
In file included from /Applications/Xcode.app/Contents/Developer/Platforms/MacOSX.platform/Developer/SDKs/MacOSX26.2.sdk/usr/include/c++/v1/string:594:
In file included from /Applications/Xcode.app/Contents/Developer/Platforms/MacOSX.platform/Developer/SDKs/MacOSX26.2.sdk/usr/include/c++/v1/__algorithm/remove.h:12:
In file included from /Applications/Xcode.app/Contents/Developer/Platforms/MacOSX.platform/Developer/SDKs/MacOSX26.2.sdk/usr/include/c++/v1/__algorithm/find.h:32:
In file included from /Applications/Xcode.app/Contents/Developer/Platforms/MacOSX.platform/Developer/SDKs/MacOSX26.2.sdk/usr/include/c++/v1/cwchar:117:
In file included from /Applications/Xcode.app/Contents/Developer/Platforms/MacOSX.platform/Developer/SDKs/MacOSX26.2.sdk/usr/include/c++/v1/wchar.h:116:
In file included from /Applications/Xcode.app/Contents/Developer/Platforms/MacOSX.platform/Developer/SDKs/MacOSX26.2.sdk/usr/include/wchar.h:67:
In file included from /Applications/Xcode.app/Contents/Developer/Platforms/MacOSX.platform/Developer/SDKs/MacOSX26.2.sdk/usr/include/_wchar.h:91:
In file included from /Applications/Xcode.app/Contents/Developer/Platforms/MacOSX.platform/Developer/SDKs/MacOSX26.2.sdk/usr/include/c++/v1/stdio.h:103:
In file included from /Applications/Xcode.app/Contents/Developer/Platforms/MacOSX.platform/Developer/SDKs/MacOSX26.2.sdk/usr/include/stdio.h:61:
/Applications/Xcode.app/Contents/Developer/Platforms/MacOSX.platform/Developer/SDKs/MacOSX26.2.sdk/usr/include/_stdio.h:298:1: note: 'vsprintf' has been explicitly marked deprecated here
  298 | __deprecated_msg("This function is provided for compatibility reasons only.  Due to security concerns inherent in the design of sprintf(3), it is highly recommended that you use vsnprintf(3) instead.")
      | ^
In file included from /Users/barriesanders/.gemini/antigravity/scratch/OpenEmu_Port/DeSmuME/src/utils/vfat.cpp:20:
In file included from /Applications/Xcode.app/Contents/Developer/Platforms/MacOSX.platform/Developer/SDKs/MacOSX26.2.sdk/usr/include/c++/v1/string:594:
In file included from /Applications/Xcode.app/Contents/Developer/Platforms/MacOSX.platform/Developer/SDKs/MacOSX26.2.sdk/usr/include/c++/v1/__algorithm/remove.h:12:
In file included from /Applications/Xcode.app/Contents/Developer/Platforms/MacOSX.platform/Developer/SDKs/MacOSX26.2.sdk/usr/include/c++/v1/__algorithm/find.h:16:
In file included from /Applications/Xcode.app/Contents/Developer/Platforms/MacOSX.platform/Developer/SDKs/MacOSX26.2.sdk/usr/include/c++/v1/__bit/countr.h:15:
In file included from /Applications/Xcode.app/Contents/Developer/Platforms/MacOSX.platform/Developer/SDKs/MacOSX26.2.sdk/usr/include/c++/v1/__bit/rotate.h:15:
In file included from /Applications/Xcode.app/Contents/Developer/Platforms/MacOSX.platform/Developer/SDKs/MacOSX26.2.sdk/usr/include/c++/v1/limits:537:
In file included from /Applications/Xcode.app/Contents/Developer/Platforms/MacOSX.platform/Developer/SDKs/MacOSX26.2.sdk/usr/include/c++/v1/type_traits:479:
In file included from /Applications/Xcode.app/Contents/Developer/Platforms/MacOSX.platform/Developer/SDKs/MacOSX26.2.sdk/usr/include/c++/v1/__type_traits/is_trivially_copyable.h:14:
In file included from /Applications/Xcode.app/Contents/Developer/Platforms/MacOSX.platform/Developer/SDKs/MacOSX26.2.sdk/usr/include/c++/v1/cstdint:149:
In file included from /Applications/Xcode.app/Contents/Developer/Platforms/MacOSX.platform/Developer/SDKs/MacOSX26.2.sdk/usr/include/c++/v1/stdint.h:36:
In file included from /Applications/Xcode.app/Contents/Developer/Toolchains/XcodeDefault.xctoolchain/usr/lib/clang/17/include/stdint.h:56:
In file included from /Applications/Xcode.app/Contents/Developer/Platforms/MacOSX.platform/Developer/SDKs/MacOSX26.2.sdk/usr/include/stdint.h:52:
In file included from /Applications/Xcode.app/Contents/Developer/Platforms/MacOSX.platform/Developer/SDKs/MacOSX26.2.sdk/usr/include/sys/_types.h:32:
/Applications/Xcode.app/Contents/Developer/Platforms/MacOSX.platform/Developer/SDKs/MacOSX26.2.sdk/usr/include/sys/cdefs.h:227:48: note: expanded from macro '__deprecated_msg'
  227 |         #define __deprecated_msg(_msg) __attribute__((__deprecated__(_msg)))
      |                                                       ^
In file included from /Users/barriesanders/.gemini/antigravity/scratch/OpenEmu_Port/DeSmuME/src/utils/vfat.cpp:29:
/Users/barriesanders/.gemini/antigravity/scratch/OpenEmu_Port/DeSmuME/src/utils/../emufile.h:279:24: warning: declaration shadows a field of 'EMUFILE_FILE' [-Wshadow]
  279 |         void open(const char* fname, const char* mode)
      |                               ^
/Users/barriesanders/.gemini/antigravity/scratch/OpenEmu_Port/DeSmuME/src/utils/../emufile.h:265:14: note: previous declaration is here
  265 |         std::string fname;
      |                     ^
/Users/barriesanders/.gemini/antigravity/scratch/OpenEmu_Port/DeSmuME/src/utils/../emufile.h:279:43: warning: declaration shadows a field of 'EMUFILE_FILE' [-Wshadow]
  279 |         void open(const char* fname, const char* mode)
      |                                                  ^
/Users/barriesanders/.gemini/antigravity/scratch/OpenEmu_Port/DeSmuME/src/utils/../emufile.h:266:7: note: previous declaration is here
  266 |         char mode[16];
      |              ^
/Users/barriesanders/.gemini/antigravity/scratch/OpenEmu_Port/DeSmuME/src/utils/vfat.cpp:67:5: warning: 'sprintf' is deprecated: This function is provided for compatibility reasons only.  Due to security concerns inherent in the design of sprintf(3), it is highly recommended that you use snprintf(3) instead. [-Wdeprecated-declarations]
   67 |                                 sprintf(SubDir, "%s%c%s", filepath, FS_SEPARATOR, fname);
      |                                 ^
In file included from /Users/barriesanders/.gemini/antigravity/scratch/OpenEmu_Port/DeSmuME/src/utils/vfat.cpp:20:
In file included from /Applications/Xcode.app/Contents/Developer/Platforms/MacOSX.platform/Developer/SDKs/MacOSX26.2.sdk/usr/include/c++/v1/string:594:
In file included from /Applications/Xcode.app/Contents/Developer/Platforms/MacOSX.platform/Developer/SDKs/MacOSX26.2.sdk/usr/include/c++/v1/__algorithm/remove.h:12:
In file included from /Applications/Xcode.app/Contents/Developer/Platforms/MacOSX.platform/Developer/SDKs/MacOSX26.2.sdk/usr/include/c++/v1/__algorithm/find.h:32:
In file included from /Applications/Xcode.app/Contents/Developer/Platforms/MacOSX.platform/Developer/SDKs/MacOSX26.2.sdk/usr/include/c++/v1/cwchar:117:
In file included from /Applications/Xcode.app/Contents/Developer/Platforms/MacOSX.platform/Developer/SDKs/MacOSX26.2.sdk/usr/include/c++/v1/wchar.h:116:
In file included from /Applications/Xcode.app/Contents/Developer/Platforms/MacOSX.platform/Developer/SDKs/MacOSX26.2.sdk/usr/include/wchar.h:67:
In file included from /Applications/Xcode.app/Contents/Developer/Platforms/MacOSX.platform/Developer/SDKs/MacOSX26.2.sdk/usr/include/_wchar.h:91:
In file included from /Applications/Xcode.app/Contents/Developer/Platforms/MacOSX.platform/Developer/SDKs/MacOSX26.2.sdk/usr/include/c++/v1/stdio.h:103:
In file included from /Applications/Xcode.app/Contents/Developer/Platforms/MacOSX.platform/Developer/SDKs/MacOSX26.2.sdk/usr/include/stdio.h:61:
/Applications/Xcode.app/Contents/Developer/Platforms/MacOSX.platform/Developer/SDKs/MacOSX26.2.sdk/usr/include/_stdio.h:278:1: note: 'sprintf' has been explicitly marked deprecated here
  278 | __deprecated_msg("This function is provided for compatibility reasons only.  Due to security concerns inherent in the design of sprintf(3), it is highly recommended that you use snprintf(3) instead.")
      | ^
In file included from /Users/barriesanders/.gemini/antigravity/scratch/OpenEmu_Port/DeSmuME/src/utils/vfat.cpp:20:
In file included from /Applications/Xcode.app/Contents/Developer/Platforms/MacOSX.platform/Developer/SDKs/MacOSX26.2.sdk/usr/include/c++/v1/string:594:
In file included from /Applications/Xcode.app/Contents/Developer/Platforms/MacOSX.platform/Developer/SDKs/MacOSX26.2.sdk/usr/include/c++/v1/__algorithm/remove.h:12:
In file included from /Applications/Xcode.app/Contents/Developer/Platforms/MacOSX.platform/Developer/SDKs/MacOSX26.2.sdk/usr/include/c++/v1/__algorithm/find.h:16:
In file included from /Applications/Xcode.app/Contents/Developer/Platforms/MacOSX.platform/Developer/SDKs/MacOSX26.2.sdk/usr/include/c++/v1/__bit/countr.h:15:
In file included from /Applications/Xcode.app/Contents/Developer/Platforms/MacOSX.platform/Developer/SDKs/MacOSX26.2.sdk/usr/include/c++/v1/__bit/rotate.h:15:
In file included from /Applications/Xcode.app/Contents/Developer/Platforms/MacOSX.platform/Developer/SDKs/MacOSX26.2.sdk/usr/include/c++/v1/limits:537:
In file included from /Applications/Xcode.app/Contents/Developer/Platforms/MacOSX.platform/Developer/SDKs/MacOSX26.2.sdk/usr/include/c++/v1/type_traits:479:
In file included from /Applications/Xcode.app/Contents/Developer/Platforms/MacOSX.platform/Developer/SDKs/MacOSX26.2.sdk/usr/include/c++/v1/__type_traits/is_trivially_copyable.h:14:
In file included from /Applications/Xcode.app/Contents/Developer/Platforms/MacOSX.platform/Developer/SDKs/MacOSX26.2.sdk/usr/include/c++/v1/cstdint:149:
In file included from /Applications/Xcode.app/Contents/Developer/Platforms/MacOSX.platform/Developer/SDKs/MacOSX26.2.sdk/usr/include/c++/v1/stdint.h:36:
In file included from /Applications/Xcode.app/Contents/Developer/Toolchains/XcodeDefault.xctoolchain/usr/lib/clang/17/include/stdint.h:56:
In file included from /Applications/Xcode.app/Contents/Developer/Platforms/MacOSX.platform/Developer/SDKs/MacOSX26.2.sdk/usr/include/stdint.h:52:
In file included from /Applications/Xcode.app/Contents/Developer/Platforms/MacOSX.platform/Developer/SDKs/MacOSX26.2.sdk/usr/include/sys/_types.h:32:
/Applications/Xcode.app/Contents/Developer/Platforms/MacOSX.platform/Developer/SDKs/MacOSX26.2.sdk/usr/include/sys/cdefs.h:227:48: note: expanded from macro '__deprecated_msg'
  227 |         #define __deprecated_msg(_msg) __attribute__((__deprecated__(_msg)))
      |                                                       ^
/Users/barriesanders/.gemini/antigravity/scratch/OpenEmu_Port/DeSmuME/src/utils/vfat.cpp:143:16: warning: declaration shadows a local variable [-Wshadow]
  143 |                         std::string path = currVirtPath + "/" + fname;
      |                                     ^
/Users/barriesanders/.gemini/antigravity/scratch/OpenEmu_Port/DeSmuME/src/utils/vfat.cpp:131:15: note: previous declaration is here
  131 |                 std::string path = currPath + std::string(1,FS_SEPARATOR) + fname;
      |                             ^
/Users/barriesanders/.gemini/antigravity/scratch/OpenEmu_Port/DeSmuME/src/utils/vfat.cpp:145:49: warning: implicit conversion loses integer precision: 'long' to 'int' [-Wshorten-64-to-32]
  145 |                         bool ok = LIBFAT::WriteFile(path.c_str(),buf,len);
      |                                   ~~~~~~                             ^~~
/Users/barriesanders/.gemini/antigravity/scratch/OpenEmu_Port/DeSmuME/src/utils/vfat.cpp:175:58: warning: format specifies type 'int' but the argument has type 'u64' (aka 'unsigned long long') [-Wformat]
  175 |                 printf("error allocating memory for fat (%d KBytes)\n",(dataSectors*512)/1024);
      |                                                          ~~            ^~~~~~~~~~~~~~~~~~~~~~
      |                                                          %llu
/Users/barriesanders/.gemini/antigravity/scratch/OpenEmu_Port/DeSmuME/src/utils/vfat.cpp:186:58: warning: format specifies type 'int' but the argument has type 'u64' (aka 'unsigned long long') [-Wformat]
  186 |                 printf("error allocating memory for fat (%d KBytes)\n",(dataSectors*512)/1024);
      |                                                          ~~            ^~~~~~~~~~~~~~~~~~~~~~
      |                                                          %llu
/Users/barriesanders/.gemini/antigravity/scratch/OpenEmu_Port/DeSmuME/src/utils/vfat.cpp:198:6: warning: unused variable 'ok' [-Wunused-variable]
  198 |                 u8 ok = vol.init(&fat);
      |                    ^~
/Users/barriesanders/.gemini/antigravity/scratch/OpenEmu_Port/DeSmuME/src/utils/vfat.cpp:182:40: warning: implicit conversion loses integer precision: 'u64' (aka 'unsigned long long') to 'u32' (aka 'unsigned int') [-Wshorten-64-to-32]
  182 |                 file = new EMUFILE_MEMORY(dataSectors*512);
      |                            ~~~~~~~~~~~~~~ ~~~~~~~~~~~^~~~
/Users/barriesanders/.gemini/antigravity/scratch/OpenEmu_Port/DeSmuME/src/utils/vfat.cpp:199:17: warning: implicit conversion loses integer precision: 'u64' (aka 'unsigned long long') to 'u32' (aka 'unsigned int') [-Wshorten-64-to-32]
  199 |                 vol.formatNew(dataSectors);
      |                     ~~~~~~~~~ ^~~~~~~~~~~
11 warnings generated.

CompileC /Users/barriesanders/Library/Developer/Xcode/DerivedData/DeSmuME_(Latest)-artutapunelusweoliepfhbcleaz/Build/Intermediates.noindex/DeSmuME\ (Latest).build/Debug/DeSmuME\ (OpenEmu\ Plug-in).build/Objects-normal/arm64/xstring.o /Users/barriesanders/.gemini/antigravity/scratch/OpenEmu_Port/DeSmuME/src/utils/xstring.cpp normal arm64 c++ com.apple.compilers.llvm.clang.1_0.compiler (in target 'DeSmuME (OpenEmu Plug-in)' from project 'DeSmuME (Latest)')
    cd /Users/barriesanders/.gemini/antigravity/scratch/OpenEmu_Port/DeSmuME/src/cocoa
    
    Using response file: /Users/barriesanders/Library/Developer/Xcode/DerivedData/DeSmuME_(Latest)-artutapunelusweoliepfhbcleaz/Build/Intermediates.noindex/DeSmuME (Latest).build/Debug/DeSmuME (OpenEmu Plug-in).build/Objects-normal/arm64/82b82416624d2658e5098eb0a28c15c5-common-args.resp
    
    /Applications/Xcode.app/Contents/Developer/Toolchains/XcodeDefault.xctoolchain/usr/bin/clang -x c++ -ivfsstatcache /Users/barriesanders/Library/Developer/Xcode/DerivedData/SDKStatCaches.noindex/macosx26.2-25C57-3885c01c3e6b6a337905948deab2002e00fa09913b459cbbc988d1f6730289ae.sdkstatcache -fmessage-length\=0 -fdiagnostics-show-note-include-stack -fmacro-backtrace-limit\=0 -fno-color-diagnostics -Wno-trigraphs -Wno-missing-field-initializers -Wno-missing-prototypes -Wno-non-virtual-dtor -Wno-overloaded-virtual -Wno-exit-time-destructors -Wno-missing-braces -Wparentheses -Wswitch -Wno-unused-function -Wno-unused-label -Wno-unused-parameter -Wunused-variable -Wunused-value -Wno-empty-body -Wuninitialized -Wno-unknown-pragmas -Wshadow -Wno-four-char-constants -Wno-conversion -Wconstant-conversion -Wint-conversion -Wno-bool-conversion -Wenum-conversion -Wno-float-conversion -Wno-non-literal-null-conversion -Wno-objc-literal-conversion -Wshorten-64-to-32 -Wno-newline-eof -Wno-c++11-extensions -Wno-implicit-fallthrough -fstrict-aliasing -Wdeprecated-declarations -Winvalid-offsetof -Wno-sign-conversion -Wno-infinite-recursion -Wno-move -Wno-comma -Wno-block-capture-autoreleasing -Wno-strict-prototypes -Wno-range-loop-analysis -Wno-semicolon-before-method-body -index-store-path /Users/barriesanders/Library/Developer/Xcode/DerivedData/DeSmuME_\(Latest\)-artutapunelusweoliepfhbcleaz/Index.noindex/DataStore @/Users/barriesanders/Library/Developer/Xcode/DerivedData/DeSmuME_\(Latest\)-artutapunelusweoliepfhbcleaz/Build/Intermediates.noindex/DeSmuME\ \(Latest\).build/Debug/DeSmuME\ \(OpenEmu\ Plug-in\).build/Objects-normal/arm64/82b82416624d2658e5098eb0a28c15c5-common-args.resp -include /Users/barriesanders/Library/Developer/Xcode/DerivedData/DeSmuME_\(Latest\)-artutapunelusweoliepfhbcleaz/Build/Intermediates.noindex/PrecompiledHeaders/SharedPrecompiledHeaders/14173491230685428952/DeSmuME_Prefix_OpenEmu.pch -MMD -MT dependencies -MF /Users/barriesanders/Library/Developer/Xcode/DerivedData/DeSmuME_\(Latest\)-artutapunelusweoliepfhbcleaz/Build/Intermediates.noindex/DeSmuME\ \(Latest\).build/Debug/DeSmuME\ \(OpenEmu\ Plug-in\).build/Objects-normal/arm64/xstring.d --serialize-diagnostics /Users/barriesanders/Library/Developer/Xcode/DerivedData/DeSmuME_\(Latest\)-artutapunelusweoliepfhbcleaz/Build/Intermediates.noindex/DeSmuME\ \(Latest\).build/Debug/DeSmuME\ \(OpenEmu\ Plug-in\).build/Objects-normal/arm64/xstring.dia -c /Users/barriesanders/.gemini/antigravity/scratch/OpenEmu_Port/DeSmuME/src/utils/xstring.cpp -o /Users/barriesanders/Library/Developer/Xcode/DerivedData/DeSmuME_\(Latest\)-artutapunelusweoliepfhbcleaz/Build/Intermediates.noindex/DeSmuME\ \(Latest\).build/Debug/DeSmuME\ \(OpenEmu\ Plug-in\).build/Objects-normal/arm64/xstring.o -index-unit-output-path /DeSmuME\ \(Latest\).build/Debug/DeSmuME\ \(OpenEmu\ Plug-in\).build/Objects-normal/arm64/xstring.o
In file included from /Users/barriesanders/.gemini/antigravity/scratch/OpenEmu_Port/DeSmuME/src/utils/xstring.cpp:21:
In file included from /Users/barriesanders/.gemini/antigravity/scratch/OpenEmu_Port/DeSmuME/src/utils/xstring.h:32:
/Users/barriesanders/.gemini/antigravity/scratch/OpenEmu_Port/DeSmuME/src/utils/../emufile.h:185:3: warning: 'vsprintf' is deprecated: This function is provided for compatibility reasons only.  Due to security concerns inherent in the design of sprintf(3), it is highly recommended that you use vsnprintf(3) instead. [-Wdeprecated-declarations]
  185 |                 vsprintf(tempbuf,format,argptr);
      |                 ^
In file included from /Users/barriesanders/.gemini/antigravity/scratch/OpenEmu_Port/DeSmuME/src/utils/xstring.cpp:21:
In file included from /Users/barriesanders/.gemini/antigravity/scratch/OpenEmu_Port/DeSmuME/src/utils/xstring.h:24:
In file included from /Applications/Xcode.app/Contents/Developer/Platforms/MacOSX.platform/Developer/SDKs/MacOSX26.2.sdk/usr/include/c++/v1/string:594:
In file included from /Applications/Xcode.app/Contents/Developer/Platforms/MacOSX.platform/Developer/SDKs/MacOSX26.2.sdk/usr/include/c++/v1/__algorithm/remove.h:12:
In file included from /Applications/Xcode.app/Contents/Developer/Platforms/MacOSX.platform/Developer/SDKs/MacOSX26.2.sdk/usr/include/c++/v1/__algorithm/find.h:32:
In file included from /Applications/Xcode.app/Contents/Developer/Platforms/MacOSX.platform/Developer/SDKs/MacOSX26.2.sdk/usr/include/c++/v1/cwchar:117:
In file included from /Applications/Xcode.app/Contents/Developer/Platforms/MacOSX.platform/Developer/SDKs/MacOSX26.2.sdk/usr/include/c++/v1/wchar.h:116:
In file included from /Applications/Xcode.app/Contents/Developer/Platforms/MacOSX.platform/Developer/SDKs/MacOSX26.2.sdk/usr/include/wchar.h:67:
In file included from /Applications/Xcode.app/Contents/Developer/Platforms/MacOSX.platform/Developer/SDKs/MacOSX26.2.sdk/usr/include/_wchar.h:91:
In file included from /Applications/Xcode.app/Contents/Developer/Platforms/MacOSX.platform/Developer/SDKs/MacOSX26.2.sdk/usr/include/c++/v1/stdio.h:103:
In file included from /Applications/Xcode.app/Contents/Developer/Platforms/MacOSX.platform/Developer/SDKs/MacOSX26.2.sdk/usr/include/stdio.h:61:
/Applications/Xcode.app/Contents/Developer/Platforms/MacOSX.platform/Developer/SDKs/MacOSX26.2.sdk/usr/include/_stdio.h:298:1: note: 'vsprintf' has been explicitly marked deprecated here
  298 | __deprecated_msg("This function is provided for compatibility reasons only.  Due to security concerns inherent in the design of sprintf(3), it is highly recommended that you use vsnprintf(3) instead.")
      | ^
In file included from /Users/barriesanders/.gemini/antigravity/scratch/OpenEmu_Port/DeSmuME/src/utils/xstring.cpp:21:
In file included from /Users/barriesanders/.gemini/antigravity/scratch/OpenEmu_Port/DeSmuME/src/utils/xstring.h:24:
In file included from /Applications/Xcode.app/Contents/Developer/Platforms/MacOSX.platform/Developer/SDKs/MacOSX26.2.sdk/usr/include/c++/v1/string:594:
In file included from /Applications/Xcode.app/Contents/Developer/Platforms/MacOSX.platform/Developer/SDKs/MacOSX26.2.sdk/usr/include/c++/v1/__algorithm/remove.h:12:
In file included from /Applications/Xcode.app/Contents/Developer/Platforms/MacOSX.platform/Developer/SDKs/MacOSX26.2.sdk/usr/include/c++/v1/__algorithm/find.h:16:
In file included from /Applications/Xcode.app/Contents/Developer/Platforms/MacOSX.platform/Developer/SDKs/MacOSX26.2.sdk/usr/include/c++/v1/__bit/countr.h:15:
In file included from /Applications/Xcode.app/Contents/Developer/Platforms/MacOSX.platform/Developer/SDKs/MacOSX26.2.sdk/usr/include/c++/v1/__bit/rotate.h:15:
In file included from /Applications/Xcode.app/Contents/Developer/Platforms/MacOSX.platform/Developer/SDKs/MacOSX26.2.sdk/usr/include/c++/v1/limits:537:
In file included from /Applications/Xcode.app/Contents/Developer/Platforms/MacOSX.platform/Developer/SDKs/MacOSX26.2.sdk/usr/include/c++/v1/type_traits:479:
In file included from /Applications/Xcode.app/Contents/Developer/Platforms/MacOSX.platform/Developer/SDKs/MacOSX26.2.sdk/usr/include/c++/v1/__type_traits/is_trivially_copyable.h:14:
In file included from /Applications/Xcode.app/Contents/Developer/Platforms/MacOSX.platform/Developer/SDKs/MacOSX26.2.sdk/usr/include/c++/v1/cstdint:149:
In file included from /Applications/Xcode.app/Contents/Developer/Platforms/MacOSX.platform/Developer/SDKs/MacOSX26.2.sdk/usr/include/c++/v1/stdint.h:36:
In file included from /Applications/Xcode.app/Contents/Developer/Toolchains/XcodeDefault.xctoolchain/usr/lib/clang/17/include/stdint.h:56:
In file included from /Applications/Xcode.app/Contents/Developer/Platforms/MacOSX.platform/Developer/SDKs/MacOSX26.2.sdk/usr/include/stdint.h:52:
In file included from /Applications/Xcode.app/Contents/Developer/Platforms/MacOSX.platform/Developer/SDKs/MacOSX26.2.sdk/usr/include/sys/_types.h:32:
/Applications/Xcode.app/Contents/Developer/Platforms/MacOSX.platform/Developer/SDKs/MacOSX26.2.sdk/usr/include/sys/cdefs.h:227:48: note: expanded from macro '__deprecated_msg'
  227 |         #define __deprecated_msg(_msg) __attribute__((__deprecated__(_msg)))
      |                                                       ^
In file included from /Users/barriesanders/.gemini/antigravity/scratch/OpenEmu_Port/DeSmuME/src/utils/xstring.cpp:21:
In file included from /Users/barriesanders/.gemini/antigravity/scratch/OpenEmu_Port/DeSmuME/src/utils/xstring.h:32:
/Users/barriesanders/.gemini/antigravity/scratch/OpenEmu_Port/DeSmuME/src/utils/../emufile.h:279:24: warning: declaration shadows a field of 'EMUFILE_FILE' [-Wshadow]
  279 |         void open(const char* fname, const char* mode)
      |                               ^
/Users/barriesanders/.gemini/antigravity/scratch/OpenEmu_Port/DeSmuME/src/utils/../emufile.h:265:14: note: previous declaration is here
  265 |         std::string fname;
      |                     ^
/Users/barriesanders/.gemini/antigravity/scratch/OpenEmu_Port/DeSmuME/src/utils/../emufile.h:279:43: warning: declaration shadows a field of 'EMUFILE_FILE' [-Wshadow]
  279 |         void open(const char* fname, const char* mode)
      |                                                  ^
/Users/barriesanders/.gemini/antigravity/scratch/OpenEmu_Port/DeSmuME/src/utils/../emufile.h:266:7: note: previous declaration is here
  266 |         char mode[16];
      |              ^
/Users/barriesanders/.gemini/antigravity/scratch/OpenEmu_Port/DeSmuME/src/utils/xstring.cpp:26:19: warning: implicit conversion loses integer precision: 'size_type' (aka 'unsigned long') to 'int' [-Wshorten-64-to-32]
   26 |         int strlen = str.size();
      |             ~~~~~~   ~~~~^~~~~~
/Users/barriesanders/.gemini/antigravity/scratch/OpenEmu_Port/DeSmuME/src/utils/xstring.cpp:46:91: warning: implicit conversion loses integer precision: 'size_type' (aka 'unsigned long') to 'int' [-Wshorten-64-to-32]
   46 | std::string strright(const std::string& str, int len) { return len ? strsub(str,str.size()-len,len) : ""; }
      |                                                                      ~~~~~~     ~~~~~~~~~~^~~~
/Users/barriesanders/.gemini/antigravity/scratch/OpenEmu_Port/DeSmuME/src/utils/xstring.cpp:204:14: warning: implicit conversion loses integer precision: 'size_t' (aka 'unsigned long') to 'int' [-Wshorten-64-to-32]
  204 |         searchlen = strlen(search);
      |                   ~ ^~~~~~~~~~~~~~
/Users/barriesanders/.gemini/antigravity/scratch/OpenEmu_Port/DeSmuME/src/utils/xstring.cpp:205:15: warning: implicit conversion loses integer precision: 'size_t' (aka 'unsigned long') to 'int' [-Wshorten-64-to-32]
  205 |         replacelen = strlen(replace);
      |                    ~ ^~~~~~~~~~~~~~~
/Users/barriesanders/.gemini/antigravity/scratch/OpenEmu_Port/DeSmuME/src/utils/xstring.cpp:247:2: warning: 'sprintf' is deprecated: This function is provided for compatibility reasons only.  Due to security concerns inherent in the design of sprintf(3), it is highly recommended that you use snprintf(3) instead. [-Wdeprecated-declarations]
  247 |         sprintf(temp,"%08X",val);
      |         ^
In file included from /Users/barriesanders/.gemini/antigravity/scratch/OpenEmu_Port/DeSmuME/src/utils/xstring.cpp:21:
In file included from /Users/barriesanders/.gemini/antigravity/scratch/OpenEmu_Port/DeSmuME/src/utils/xstring.h:24:
In file included from /Applications/Xcode.app/Contents/Developer/Platforms/MacOSX.platform/Developer/SDKs/MacOSX26.2.sdk/usr/include/c++/v1/string:594:
In file included from /Applications/Xcode.app/Contents/Developer/Platforms/MacOSX.platform/Developer/SDKs/MacOSX26.2.sdk/usr/include/c++/v1/__algorithm/remove.h:12:
In file included from /Applications/Xcode.app/Contents/Developer/Platforms/MacOSX.platform/Developer/SDKs/MacOSX26.2.sdk/usr/include/c++/v1/__algorithm/find.h:32:
In file included from /Applications/Xcode.app/Contents/Developer/Platforms/MacOSX.platform/Developer/SDKs/MacOSX26.2.sdk/usr/include/c++/v1/cwchar:117:
In file included from /Applications/Xcode.app/Contents/Developer/Platforms/MacOSX.platform/Developer/SDKs/MacOSX26.2.sdk/usr/include/c++/v1/wchar.h:116:
In file included from /Applications/Xcode.app/Contents/Developer/Platforms/MacOSX.platform/Developer/SDKs/MacOSX26.2.sdk/usr/include/wchar.h:67:
In file included from /Applications/Xcode.app/Contents/Developer/Platforms/MacOSX.platform/Developer/SDKs/MacOSX26.2.sdk/usr/include/_wchar.h:91:
In file included from /Applications/Xcode.app/Contents/Developer/Platforms/MacOSX.platform/Developer/SDKs/MacOSX26.2.sdk/usr/include/c++/v1/stdio.h:103:
In file included from /Applications/Xcode.app/Contents/Developer/Platforms/MacOSX.platform/Developer/SDKs/MacOSX26.2.sdk/usr/include/stdio.h:61:
/Applications/Xcode.app/Contents/Developer/Platforms/MacOSX.platform/Developer/SDKs/MacOSX26.2.sdk/usr/include/_stdio.h:278:1: note: 'sprintf' has been explicitly marked deprecated here
  278 | __deprecated_msg("This function is provided for compatibility reasons only.  Due to security concerns inherent in the design of sprintf(3), it is highly recommended that you use snprintf(3) instead.")
      | ^
In file included from /Users/barriesanders/.gemini/antigravity/scratch/OpenEmu_Port/DeSmuME/src/utils/xstring.cpp:21:
In file included from /Users/barriesanders/.gemini/antigravity/scratch/OpenEmu_Port/DeSmuME/src/utils/xstring.h:24:
In file included from /Applications/Xcode.app/Contents/Developer/Platforms/MacOSX.platform/Developer/SDKs/MacOSX26.2.sdk/usr/include/c++/v1/string:594:
In file included from /Applications/Xcode.app/Contents/Developer/Platforms/MacOSX.platform/Developer/SDKs/MacOSX26.2.sdk/usr/include/c++/v1/__algorithm/remove.h:12:
In file included from /Applications/Xcode.app/Contents/Developer/Platforms/MacOSX.platform/Developer/SDKs/MacOSX26.2.sdk/usr/include/c++/v1/__algorithm/find.h:16:
In file included from /Applications/Xcode.app/Contents/Developer/Platforms/MacOSX.platform/Developer/SDKs/MacOSX26.2.sdk/usr/include/c++/v1/__bit/countr.h:15:
In file included from /Applications/Xcode.app/Contents/Developer/Platforms/MacOSX.platform/Developer/SDKs/MacOSX26.2.sdk/usr/include/c++/v1/__bit/rotate.h:15:
In file included from /Applications/Xcode.app/Contents/Developer/Platforms/MacOSX.platform/Developer/SDKs/MacOSX26.2.sdk/usr/include/c++/v1/limits:537:
In file included from /Applications/Xcode.app/Contents/Developer/Platforms/MacOSX.platform/Developer/SDKs/MacOSX26.2.sdk/usr/include/c++/v1/type_traits:479:
In file included from /Applications/Xcode.app/Contents/Developer/Platforms/MacOSX.platform/Developer/SDKs/MacOSX26.2.sdk/usr/include/c++/v1/__type_traits/is_trivially_copyable.h:14:
In file included from /Applications/Xcode.app/Contents/Developer/Platforms/MacOSX.platform/Developer/SDKs/MacOSX26.2.sdk/usr/include/c++/v1/cstdint:149:
In file included from /Applications/Xcode.app/Contents/Developer/Platforms/MacOSX.platform/Developer/SDKs/MacOSX26.2.sdk/usr/include/c++/v1/stdint.h:36:
In file included from /Applications/Xcode.app/Contents/Developer/Toolchains/XcodeDefault.xctoolchain/usr/lib/clang/17/include/stdint.h:56:
In file included from /Applications/Xcode.app/Contents/Developer/Platforms/MacOSX.platform/Developer/SDKs/MacOSX26.2.sdk/usr/include/stdint.h:52:
In file included from /Applications/Xcode.app/Contents/Developer/Platforms/MacOSX.platform/Developer/SDKs/MacOSX26.2.sdk/usr/include/sys/_types.h:32:
/Applications/Xcode.app/Contents/Developer/Platforms/MacOSX.platform/Developer/SDKs/MacOSX26.2.sdk/usr/include/sys/cdefs.h:227:48: note: expanded from macro '__deprecated_msg'
  227 |         #define __deprecated_msg(_msg) __attribute__((__deprecated__(_msg)))
      |                                                       ^
/Users/barriesanders/.gemini/antigravity/scratch/OpenEmu_Port/DeSmuME/src/utils/xstring.cpp:256:3: warning: 'sprintf' is deprecated: This function is provided for compatibility reasons only.  Due to security concerns inherent in the design of sprintf(3), it is highly recommended that you use snprintf(3) instead. [-Wdeprecated-declarations]
  256 |                 sprintf(temp,"%d",*(const unsigned char*)data);
      |                 ^
In file included from /Users/barriesanders/.gemini/antigravity/scratch/OpenEmu_Port/DeSmuME/src/utils/xstring.cpp:21:
In file included from /Users/barriesanders/.gemini/antigravity/scratch/OpenEmu_Port/DeSmuME/src/utils/xstring.h:24:
In file included from /Applications/Xcode.app/Contents/Developer/Platforms/MacOSX.platform/Developer/SDKs/MacOSX26.2.sdk/usr/include/c++/v1/string:594:
In file included from /Applications/Xcode.app/Contents/Developer/Platforms/MacOSX.platform/Developer/SDKs/MacOSX26.2.sdk/usr/include/c++/v1/__algorithm/remove.h:12:
In file included from /Applications/Xcode.app/Contents/Developer/Platforms/MacOSX.platform/Developer/SDKs/MacOSX26.2.sdk/usr/include/c++/v1/__algorithm/find.h:32:
In file included from /Applications/Xcode.app/Contents/Developer/Platforms/MacOSX.platform/Developer/SDKs/MacOSX26.2.sdk/usr/include/c++/v1/cwchar:117:
In file included from /Applications/Xcode.app/Contents/Developer/Platforms/MacOSX.platform/Developer/SDKs/MacOSX26.2.sdk/usr/include/c++/v1/wchar.h:116:
In file included from /Applications/Xcode.app/Contents/Developer/Platforms/MacOSX.platform/Developer/SDKs/MacOSX26.2.sdk/usr/include/wchar.h:67:
In file included from /Applications/Xcode.app/Contents/Developer/Platforms/MacOSX.platform/Developer/SDKs/MacOSX26.2.sdk/usr/include/_wchar.h:91:
In file included from /Applications/Xcode.app/Contents/Developer/Platforms/MacOSX.platform/Developer/SDKs/MacOSX26.2.sdk/usr/include/c++/v1/stdio.h:103:
In file included from /Applications/Xcode.app/Contents/Developer/Platforms/MacOSX.platform/Developer/SDKs/MacOSX26.2.sdk/usr/include/stdio.h:61:
/Applications/Xcode.app/Contents/Developer/Platforms/MacOSX.platform/Developer/SDKs/MacOSX26.2.sdk/usr/include/_stdio.h:278:1: note: 'sprintf' has been explicitly marked deprecated here
  278 | __deprecated_msg("This function is provided for compatibility reasons only.  Due to security concerns inherent in the design of sprintf(3), it is highly recommended that you use snprintf(3) instead.")
      | ^
In file included from /Users/barriesanders/.gemini/antigravity/scratch/OpenEmu_Port/DeSmuME/src/utils/xstring.cpp:21:
In file included from /Users/barriesanders/.gemini/antigravity/scratch/OpenEmu_Port/DeSmuME/src/utils/xstring.h:24:
In file included from /Applications/Xcode.app/Contents/Developer/Platforms/MacOSX.platform/Developer/SDKs/MacOSX26.2.sdk/usr/include/c++/v1/string:594:
In file included from /Applications/Xcode.app/Contents/Developer/Platforms/MacOSX.platform/Developer/SDKs/MacOSX26.2.sdk/usr/include/c++/v1/__algorithm/remove.h:12:
In file included from /Applications/Xcode.app/Contents/Developer/Platforms/MacOSX.platform/Developer/SDKs/MacOSX26.2.sdk/usr/include/c++/v1/__algorithm/find.h:16:
In file included from /Applications/Xcode.app/Contents/Developer/Platforms/MacOSX.platform/Developer/SDKs/MacOSX26.2.sdk/usr/include/c++/v1/__bit/countr.h:15:
In file included from /Applications/Xcode.app/Contents/Developer/Platforms/MacOSX.platform/Developer/SDKs/MacOSX26.2.sdk/usr/include/c++/v1/__bit/rotate.h:15:
In file included from /Applications/Xcode.app/Contents/Developer/Platforms/MacOSX.platform/Developer/SDKs/MacOSX26.2.sdk/usr/include/c++/v1/limits:537:
In file included from /Applications/Xcode.app/Contents/Developer/Platforms/MacOSX.platform/Developer/SDKs/MacOSX26.2.sdk/usr/include/c++/v1/type_traits:479:
In file included from /Applications/Xcode.app/Contents/Developer/Platforms/MacOSX.platform/Developer/SDKs/MacOSX26.2.sdk/usr/include/c++/v1/__type_traits/is_trivially_copyable.h:14:
In file included from /Applications/Xcode.app/Contents/Developer/Platforms/MacOSX.platform/Developer/SDKs/MacOSX26.2.sdk/usr/include/c++/v1/cstdint:149:
In file included from /Applications/Xcode.app/Contents/Developer/Platforms/MacOSX.platform/Developer/SDKs/MacOSX26.2.sdk/usr/include/c++/v1/stdint.h:36:
In file included from /Applications/Xcode.app/Contents/Developer/Toolchains/XcodeDefault.xctoolchain/usr/lib/clang/17/include/stdint.h:56:
In file included from /Applications/Xcode.app/Contents/Developer/Platforms/MacOSX.platform/Developer/SDKs/MacOSX26.2.sdk/usr/include/stdint.h:52:
In file included from /Applications/Xcode.app/Contents/Developer/Platforms/MacOSX.platform/Developer/SDKs/MacOSX26.2.sdk/usr/include/sys/_types.h:32:
/Applications/Xcode.app/Contents/Developer/Platforms/MacOSX.platform/Developer/SDKs/MacOSX26.2.sdk/usr/include/sys/cdefs.h:227:48: note: expanded from macro '__deprecated_msg'
  227 |         #define __deprecated_msg(_msg) __attribute__((__deprecated__(_msg)))
      |                                                       ^
/Users/barriesanders/.gemini/antigravity/scratch/OpenEmu_Port/DeSmuME/src/utils/xstring.cpp:259:3: warning: 'sprintf' is deprecated: This function is provided for compatibility reasons only.  Due to security concerns inherent in the design of sprintf(3), it is highly recommended that you use snprintf(3) instead. [-Wdeprecated-declarations]
  259 |                 sprintf(temp,"%d",*(const unsigned short*)data);
      |                 ^
In file included from /Users/barriesanders/.gemini/antigravity/scratch/OpenEmu_Port/DeSmuME/src/utils/xstring.cpp:21:
In file included from /Users/barriesanders/.gemini/antigravity/scratch/OpenEmu_Port/DeSmuME/src/utils/xstring.h:24:
In file included from /Applications/Xcode.app/Contents/Developer/Platforms/MacOSX.platform/Developer/SDKs/MacOSX26.2.sdk/usr/include/c++/v1/string:594:
In file included from /Applications/Xcode.app/Contents/Developer/Platforms/MacOSX.platform/Developer/SDKs/MacOSX26.2.sdk/usr/include/c++/v1/__algorithm/remove.h:12:
In file included from /Applications/Xcode.app/Contents/Developer/Platforms/MacOSX.platform/Developer/SDKs/MacOSX26.2.sdk/usr/include/c++/v1/__algorithm/find.h:32:
In file included from /Applications/Xcode.app/Contents/Developer/Platforms/MacOSX.platform/Developer/SDKs/MacOSX26.2.sdk/usr/include/c++/v1/cwchar:117:
In file included from /Applications/Xcode.app/Contents/Developer/Platforms/MacOSX.platform/Developer/SDKs/MacOSX26.2.sdk/usr/include/c++/v1/wchar.h:116:
In file included from /Applications/Xcode.app/Contents/Developer/Platforms/MacOSX.platform/Developer/SDKs/MacOSX26.2.sdk/usr/include/wchar.h:67:
In file included from /Applications/Xcode.app/Contents/Developer/Platforms/MacOSX.platform/Developer/SDKs/MacOSX26.2.sdk/usr/include/_wchar.h:91:
In file included from /Applications/Xcode.app/Contents/Developer/Platforms/MacOSX.platform/Developer/SDKs/MacOSX26.2.sdk/usr/include/c++/v1/stdio.h:103:
In file included from /Applications/Xcode.app/Contents/Developer/Platforms/MacOSX.platform/Developer/SDKs/MacOSX26.2.sdk/usr/include/stdio.h:61:
/Applications/Xcode.app/Contents/Developer/Platforms/MacOSX.platform/Developer/SDKs/MacOSX26.2.sdk/usr/include/_stdio.h:278:1: note: 'sprintf' has been explicitly marked deprecated here
  278 | __deprecated_msg("This function is provided for compatibility reasons only.  Due to security concerns inherent in the design of sprintf(3), it is highly recommended that you use snprintf(3) instead.")
      | ^
In file included from /Users/barriesanders/.gemini/antigravity/scratch/OpenEmu_Port/DeSmuME/src/utils/xstring.cpp:21:
In file included from /Users/barriesanders/.gemini/antigravity/scratch/OpenEmu_Port/DeSmuME/src/utils/xstring.h:24:
In file included from /Applications/Xcode.app/Contents/Developer/Platforms/MacOSX.platform/Developer/SDKs/MacOSX26.2.sdk/usr/include/c++/v1/string:594:
In file included from /Applications/Xcode.app/Contents/Developer/Platforms/MacOSX.platform/Developer/SDKs/MacOSX26.2.sdk/usr/include/c++/v1/__algorithm/remove.h:12:
In file included from /Applications/Xcode.app/Contents/Developer/Platforms/MacOSX.platform/Developer/SDKs/MacOSX26.2.sdk/usr/include/c++/v1/__algorithm/find.h:16:
In file included from /Applications/Xcode.app/Contents/Developer/Platforms/MacOSX.platform/Developer/SDKs/MacOSX26.2.sdk/usr/include/c++/v1/__bit/countr.h:15:
In file included from /Applications/Xcode.app/Contents/Developer/Platforms/MacOSX.platform/Developer/SDKs/MacOSX26.2.sdk/usr/include/c++/v1/__bit/rotate.h:15:
In file included from /Applications/Xcode.app/Contents/Developer/Platforms/MacOSX.platform/Developer/SDKs/MacOSX26.2.sdk/usr/include/c++/v1/limits:537:
In file included from /Applications/Xcode.app/Contents/Developer/Platforms/MacOSX.platform/Developer/SDKs/MacOSX26.2.sdk/usr/include/c++/v1/type_traits:479:
In file included from /Applications/Xcode.app/Contents/Developer/Platforms/MacOSX.platform/Developer/SDKs/MacOSX26.2.sdk/usr/include/c++/v1/__type_traits/is_trivially_copyable.h:14:
In file included from /Applications/Xcode.app/Contents/Developer/Platforms/MacOSX.platform/Developer/SDKs/MacOSX26.2.sdk/usr/include/c++/v1/cstdint:149:
In file included from /Applications/Xcode.app/Contents/Developer/Platforms/MacOSX.platform/Developer/SDKs/MacOSX26.2.sdk/usr/include/c++/v1/stdint.h:36:
In file included from /Applications/Xcode.app/Contents/Developer/Toolchains/XcodeDefault.xctoolchain/usr/lib/clang/17/include/stdint.h:56:
In file included from /Applications/Xcode.app/Contents/Developer/Platforms/MacOSX.platform/Developer/SDKs/MacOSX26.2.sdk/usr/include/stdint.h:52:
In file included from /Applications/Xcode.app/Contents/Developer/Platforms/MacOSX.platform/Developer/SDKs/MacOSX26.2.sdk/usr/include/sys/_types.h:32:
/Applications/Xcode.app/Contents/Developer/Platforms/MacOSX.platform/Developer/SDKs/MacOSX26.2.sdk/usr/include/sys/cdefs.h:227:48: note: expanded from macro '__deprecated_msg'
  227 |         #define __deprecated_msg(_msg) __attribute__((__deprecated__(_msg)))
      |                                                       ^
/Users/barriesanders/.gemini/antigravity/scratch/OpenEmu_Port/DeSmuME/src/utils/xstring.cpp:262:3: warning: 'sprintf' is deprecated: This function is provided for compatibility reasons only.  Due to security concerns inherent in the design of sprintf(3), it is highly recommended that you use snprintf(3) instead. [-Wdeprecated-declarations]
  262 |                 sprintf(temp,"%d",*(const unsigned int*)data);
      |                 ^
In file included from /Users/barriesanders/.gemini/antigravity/scratch/OpenEmu_Port/DeSmuME/src/utils/xstring.cpp:21:
In file included from /Users/barriesanders/.gemini/antigravity/scratch/OpenEmu_Port/DeSmuME/src/utils/xstring.h:24:
In file included from /Applications/Xcode.app/Contents/Developer/Platforms/MacOSX.platform/Developer/SDKs/MacOSX26.2.sdk/usr/include/c++/v1/string:594:
In file included from /Applications/Xcode.app/Contents/Developer/Platforms/MacOSX.platform/Developer/SDKs/MacOSX26.2.sdk/usr/include/c++/v1/__algorithm/remove.h:12:
In file included from /Applications/Xcode.app/Contents/Developer/Platforms/MacOSX.platform/Developer/SDKs/MacOSX26.2.sdk/usr/include/c++/v1/__algorithm/find.h:32:
In file included from /Applications/Xcode.app/Contents/Developer/Platforms/MacOSX.platform/Developer/SDKs/MacOSX26.2.sdk/usr/include/c++/v1/cwchar:117:
In file included from /Applications/Xcode.app/Contents/Developer/Platforms/MacOSX.platform/Developer/SDKs/MacOSX26.2.sdk/usr/include/c++/v1/wchar.h:116:
In file included from /Applications/Xcode.app/Contents/Developer/Platforms/MacOSX.platform/Developer/SDKs/MacOSX26.2.sdk/usr/include/wchar.h:67:
In file included from /Applications/Xcode.app/Contents/Developer/Platforms/MacOSX.platform/Developer/SDKs/MacOSX26.2.sdk/usr/include/_wchar.h:91:
In file included from /Applications/Xcode.app/Contents/Developer/Platforms/MacOSX.platform/Developer/SDKs/MacOSX26.2.sdk/usr/include/c++/v1/stdio.h:103:
In file included from /Applications/Xcode.app/Contents/Developer/Platforms/MacOSX.platform/Developer/SDKs/MacOSX26.2.sdk/usr/include/stdio.h:61:
/Applications/Xcode.app/Contents/Developer/Platforms/MacOSX.platform/Developer/SDKs/MacOSX26.2.sdk/usr/include/_stdio.h:278:1: note: 'sprintf' has been explicitly marked deprecated here
  278 | __deprecated_msg("This function is provided for compatibility reasons only.  Due to security concerns inherent in the design of sprintf(3), it is highly recommended that you use snprintf(3) instead.")
      | ^
In file included from /Users/barriesanders/.gemini/antigravity/scratch/OpenEmu_Port/DeSmuME/src/utils/xstring.cpp:21:
In file included from /Users/barriesanders/.gemini/antigravity/scratch/OpenEmu_Port/DeSmuME/src/utils/xstring.h:24:
In file included from /Applications/Xcode.app/Contents/Developer/Platforms/MacOSX.platform/Developer/SDKs/MacOSX26.2.sdk/usr/include/c++/v1/string:594:
In file included from /Applications/Xcode.app/Contents/Developer/Platforms/MacOSX.platform/Developer/SDKs/MacOSX26.2.sdk/usr/include/c++/v1/__algorithm/remove.h:12:
In file included from /Applications/Xcode.app/Contents/Developer/Platforms/MacOSX.platform/Developer/SDKs/MacOSX26.2.sdk/usr/include/c++/v1/__algorithm/find.h:16:
In file included from /Applications/Xcode.app/Contents/Developer/Platforms/MacOSX.platform/Developer/SDKs/MacOSX26.2.sdk/usr/include/c++/v1/__bit/countr.h:15:
In file included from /Applications/Xcode.app/Contents/Developer/Platforms/MacOSX.platform/Developer/SDKs/MacOSX26.2.sdk/usr/include/c++/v1/__bit/rotate.h:15:
In file included from /Applications/Xcode.app/Contents/Developer/Platforms/MacOSX.platform/Developer/SDKs/MacOSX26.2.sdk/usr/include/c++/v1/limits:537:
In file included from /Applications/Xcode.app/Contents/Developer/Platforms/MacOSX.platform/Developer/SDKs/MacOSX26.2.sdk/usr/include/c++/v1/type_traits:479:
In file included from /Applications/Xcode.app/Contents/Developer/Platforms/MacOSX.platform/Developer/SDKs/MacOSX26.2.sdk/usr/include/c++/v1/__type_traits/is_trivially_copyable.h:14:
In file included from /Applications/Xcode.app/Contents/Developer/Platforms/MacOSX.platform/Developer/SDKs/MacOSX26.2.sdk/usr/include/c++/v1/cstdint:149:
In file included from /Applications/Xcode.app/Contents/Developer/Platforms/MacOSX.platform/Developer/SDKs/MacOSX26.2.sdk/usr/include/c++/v1/stdint.h:36:
In file included from /Applications/Xcode.app/Contents/Developer/Toolchains/XcodeDefault.xctoolchain/usr/lib/clang/17/include/stdint.h:56:
In file included from /Applications/Xcode.app/Contents/Developer/Platforms/MacOSX.platform/Developer/SDKs/MacOSX26.2.sdk/usr/include/stdint.h:52:
In file included from /Applications/Xcode.app/Contents/Developer/Platforms/MacOSX.platform/Developer/SDKs/MacOSX26.2.sdk/usr/include/sys/_types.h:32:
/Applications/Xcode.app/Contents/Developer/Platforms/MacOSX.platform/Developer/SDKs/MacOSX26.2.sdk/usr/include/sys/cdefs.h:227:48: note: expanded from macro '__deprecated_msg'
  227 |         #define __deprecated_msg(_msg) __attribute__((__deprecated__(_msg)))
      |                                                       ^
/Users/barriesanders/.gemini/antigravity/scratch/OpenEmu_Port/DeSmuME/src/utils/xstring.cpp:280:5: error: non-constant-expression cannot be narrowed from type 'int' to 'unsigned char' in initializer list [-Wc++11-narrowing]
  280 |                                 n<2 ? '=' : Base64Table[ ((input[1] & 0x0F) << 2) | (input[2] >> 6) ],
      |                                 ^~~~~~~~~~~~~~~~~~~~~~~~~~~~~~~~~~~~~~~~~~~~~~~~~~~~~~~~~~~~~~~~~~~~~
/Users/barriesanders/.gemini/antigravity/scratch/OpenEmu_Port/DeSmuME/src/utils/xstring.cpp:280:5: note: insert an explicit cast to silence this issue
  280 |                                 n<2 ? '=' : Base64Table[ ((input[1] & 0x0F) << 2) | (input[2] >> 6) ],
      |                                 ^~~~~~~~~~~~~~~~~~~~~~~~~~~~~~~~~~~~~~~~~~~~~~~~~~~~~~~~~~~~~~~~~~~~~
      |                                 static_cast<unsigned char>(                                          )
/Users/barriesanders/.gemini/antigravity/scratch/OpenEmu_Port/DeSmuME/src/utils/xstring.cpp:281:5: error: non-constant-expression cannot be narrowed from type 'int' to 'unsigned char' in initializer list [-Wc++11-narrowing]
  281 |                                 n<3 ? '=' : Base64Table[ input[2] & 0x3F ]
      |                                 ^~~~~~~~~~~~~~~~~~~~~~~~~~~~~~~~~~~~~~~~~~
/Users/barriesanders/.gemini/antigravity/scratch/OpenEmu_Port/DeSmuME/src/utils/xstring.cpp:281:5: note: insert an explicit cast to silence this issue
  281 |                                 n<3 ? '=' : Base64Table[ input[2] & 0x3F ]
      |                                 ^~~~~~~~~~~~~~~~~~~~~~~~~~~~~~~~~~~~~~~~~~
      |                                 static_cast<unsigned char>(               )
/Users/barriesanders/.gemini/antigravity/scratch/OpenEmu_Port/DeSmuME/src/utils/xstring.cpp:310:22: warning: implicit conversion loses integer precision: 'size_type' (aka 'unsigned long') to 'int' [-Wshorten-64-to-32]
  310 |                 return str.size()/2-1;
      |                 ~~~~~~ ~~~~~~~~~~~~^~
/Users/barriesanders/.gemini/antigravity/scratch/OpenEmu_Port/DeSmuME/src/utils/xstring.cpp:321:9: warning: implicit conversion loses integer precision: 'size_t' (aka 'unsigned long') to 'int' [-Wshorten-64-to-32]
  321 |         return c;
      |         ~~~~~~ ^
/Users/barriesanders/.gemini/antigravity/scratch/OpenEmu_Port/DeSmuME/src/utils/xstring.cpp:345:5: error: non-constant-expression cannot be narrowed from type 'int' to 'unsigned char' in initializer list [-Wc++11-narrowing]
  345 |                                 (converted[0] << 2) | (converted[1] >> 4),
      |                                 ^~~~~~~~~~~~~~~~~~~~~~~~~~~~~~~~~~~~~~~~~
/Users/barriesanders/.gemini/antigravity/scratch/OpenEmu_Port/DeSmuME/src/utils/xstring.cpp:345:5: note: insert an explicit cast to silence this issue
  345 |                                 (converted[0] << 2) | (converted[1] >> 4),
      |                                 ^~~~~~~~~~~~~~~~~~~~~~~~~~~~~~~~~~~~~~~~~
      |                                 static_cast<unsigned char>(              )
/Users/barriesanders/.gemini/antigravity/scratch/OpenEmu_Port/DeSmuME/src/utils/xstring.cpp:346:5: error: non-constant-expression cannot be narrowed from type 'int' to 'unsigned char' in initializer list [-Wc++11-narrowing]
  346 |                                 (converted[1] << 4) | (converted[2] >> 2),
      |                                 ^~~~~~~~~~~~~~~~~~~~~~~~~~~~~~~~~~~~~~~~~
/Users/barriesanders/.gemini/antigravity/scratch/OpenEmu_Port/DeSmuME/src/utils/xstring.cpp:346:5: note: insert an explicit cast to silence this issue
  346 |                                 (converted[1] << 4) | (converted[2] >> 2),
      |                                 ^~~~~~~~~~~~~~~~~~~~~~~~~~~~~~~~~~~~~~~~~
      |                                 static_cast<unsigned char>(              )
/Users/barriesanders/.gemini/antigravity/scratch/OpenEmu_Port/DeSmuME/src/utils/xstring.cpp:347:5: error: non-constant-expression cannot be narrowed from type 'int' to 'unsigned char' in initializer list [-Wc++11-narrowing]
  347 |                                 (converted[2] << 6) | (converted[3])
      |                                 ^~~~~~~~~~~~~~~~~~~~~~~~~~~~~~~~~~~~
/Users/barriesanders/.gemini/antigravity/scratch/OpenEmu_Port/DeSmuME/src/utils/xstring.cpp:347:5: note: insert an explicit cast to silence this issue
  347 |                                 (converted[2] << 6) | (converted[3])
      |                                 ^~~~~~~~~~~~~~~~~~~~~~~~~~~~~~~~~~~~
      |                                 static_cast<unsigned char>(         )
/Users/barriesanders/.gemini/antigravity/scratch/OpenEmu_Port/DeSmuME/src/utils/xstring.cpp:361:34: warning: implicit conversion loses integer precision: 'size_type' (aka 'unsigned long') to 'int' [-Wshorten-64-to-32]
  361 |                 int bytesAvailable = str.size()/2;
      |                     ~~~~~~~~~~~~~~   ~~~~~~~~~~^~
/Users/barriesanders/.gemini/antigravity/scratch/OpenEmu_Port/DeSmuME/src/utils/xstring.cpp:479:4: warning: expression result unused [-Wunused-value]
  479 |                         *s++;
      |                         ^~~~
/Users/barriesanders/.gemini/antigravity/scratch/OpenEmu_Port/DeSmuME/src/utils/xstring.cpp:586:2: warning: 'sprintf' is deprecated: This function is provided for compatibility reasons only.  Due to security concerns inherent in the design of sprintf(3), it is highly recommended that you use snprintf(3) instead. [-Wdeprecated-declarations]
  586 |         sprintf(tempbuf, "%d", n);
      |         ^
In file included from /Users/barriesanders/.gemini/antigravity/scratch/OpenEmu_Port/DeSmuME/src/utils/xstring.cpp:21:
In file included from /Users/barriesanders/.gemini/antigravity/scratch/OpenEmu_Port/DeSmuME/src/utils/xstring.h:24:
In file included from /Applications/Xcode.app/Contents/Developer/Platforms/MacOSX.platform/Developer/SDKs/MacOSX26.2.sdk/usr/include/c++/v1/string:594:
In file included from /Applications/Xcode.app/Contents/Developer/Platforms/MacOSX.platform/Developer/SDKs/MacOSX26.2.sdk/usr/include/c++/v1/__algorithm/remove.h:12:
In file included from /Applications/Xcode.app/Contents/Developer/Platforms/MacOSX.platform/Developer/SDKs/MacOSX26.2.sdk/usr/include/c++/v1/__algorithm/find.h:32:
In file included from /Applications/Xcode.app/Contents/Developer/Platforms/MacOSX.platform/Developer/SDKs/MacOSX26.2.sdk/usr/include/c++/v1/cwchar:117:
In file included from /Applications/Xcode.app/Contents/Developer/Platforms/MacOSX.platform/Developer/SDKs/MacOSX26.2.sdk/usr/include/c++/v1/wchar.h:116:
In file included from /Applications/Xcode.app/Contents/Developer/Platforms/MacOSX.platform/Developer/SDKs/MacOSX26.2.sdk/usr/include/wchar.h:67:
In file included from /Applications/Xcode.app/Contents/Developer/Platforms/MacOSX.platform/Developer/SDKs/MacOSX26.2.sdk/usr/include/_wchar.h:91:
In file included from /Applications/Xcode.app/Contents/Developer/Platforms/MacOSX.platform/Developer/SDKs/MacOSX26.2.sdk/usr/include/c++/v1/stdio.h:103:
In file included from /Applications/Xcode.app/Contents/Developer/Platforms/MacOSX.platform/Developer/SDKs/MacOSX26.2.sdk/usr/include/stdio.h:61:
/Applications/Xcode.app/Contents/Developer/Platforms/MacOSX.platform/Developer/SDKs/MacOSX26.2.sdk/usr/include/_stdio.h:278:1: note: 'sprintf' has been explicitly marked deprecated here
  278 | __deprecated_msg("This function is provided for compatibility reasons only.  Due to security concerns inherent in the design of sprintf(3), it is highly recommended that you use snprintf(3) instead.")
      | ^
In file included from /Users/barriesanders/.gemini/antigravity/scratch/OpenEmu_Port/DeSmuME/src/utils/xstring.cpp:21:
In file included from /Users/barriesanders/.gemini/antigravity/scratch/OpenEmu_Port/DeSmuME/src/utils/xstring.h:24:
In file included from /Applications/Xcode.app/Contents/Developer/Platforms/MacOSX.platform/Developer/SDKs/MacOSX26.2.sdk/usr/include/c++/v1/string:594:
In file included from /Applications/Xcode.app/Contents/Developer/Platforms/MacOSX.platform/Developer/SDKs/MacOSX26.2.sdk/usr/include/c++/v1/__algorithm/remove.h:12:
In file included from /Applications/Xcode.app/Contents/Developer/Platforms/MacOSX.platform/Developer/SDKs/MacOSX26.2.sdk/usr/include/c++/v1/__algorithm/find.h:16:
In file included from /Applications/Xcode.app/Contents/Developer/Platforms/MacOSX.platform/Developer/SDKs/MacOSX26.2.sdk/usr/include/c++/v1/__bit/countr.h:15:
In file included from /Applications/Xcode.app/Contents/Developer/Platforms/MacOSX.platform/Developer/SDKs/MacOSX26.2.sdk/usr/include/c++/v1/__bit/rotate.h:15:
In file included from /Applications/Xcode.app/Contents/Developer/Platforms/MacOSX.platform/Developer/SDKs/MacOSX26.2.sdk/usr/include/c++/v1/limits:537:
In file included from /Applications/Xcode.app/Contents/Developer/Platforms/MacOSX.platform/Developer/SDKs/MacOSX26.2.sdk/usr/include/c++/v1/type_traits:479:
In file included from /Applications/Xcode.app/Contents/Developer/Platforms/MacOSX.platform/Developer/SDKs/MacOSX26.2.sdk/usr/include/c++/v1/__type_traits/is_trivially_copyable.h:14:
In file included from /Applications/Xcode.app/Contents/Developer/Platforms/MacOSX.platform/Developer/SDKs/MacOSX26.2.sdk/usr/include/c++/v1/cstdint:149:
In file included from /Applications/Xcode.app/Contents/Developer/Platforms/MacOSX.platform/Developer/SDKs/MacOSX26.2.sdk/usr/include/c++/v1/stdint.h:36:
In file included from /Applications/Xcode.app/Contents/Developer/Toolchains/XcodeDefault.xctoolchain/usr/lib/clang/17/include/stdint.h:56:
In file included from /Applications/Xcode.app/Contents/Developer/Platforms/MacOSX.platform/Developer/SDKs/MacOSX26.2.sdk/usr/include/stdint.h:52:
In file included from /Applications/Xcode.app/Contents/Developer/Platforms/MacOSX.platform/Developer/SDKs/MacOSX26.2.sdk/usr/include/sys/_types.h:32:
/Applications/Xcode.app/Contents/Developer/Platforms/MacOSX.platform/Developer/SDKs/MacOSX26.2.sdk/usr/include/sys/cdefs.h:227:48: note: expanded from macro '__deprecated_msg'
  227 |         #define __deprecated_msg(_msg) __attribute__((__deprecated__(_msg)))
      |                                                       ^
/Users/barriesanders/.gemini/antigravity/scratch/OpenEmu_Port/DeSmuME/src/utils/xstring.cpp:742:16: warning: implicit conversion loses integer precision: 'size_t' (aka 'unsigned long') to 'int' [-Wshorten-64-to-32]
  742 |         int k, extlen=strlen(ext);
      |                ~~~~~~ ^~~~~~~~~~~
17 warnings and 5 errors generated.

CompileC /Users/barriesanders/Library/Developer/Xcode/DerivedData/DeSmuME_(Latest)-artutapunelusweoliepfhbcleaz/Build/Intermediates.noindex/DeSmuME\ (Latest).build/Debug/DeSmuME\ (OpenEmu\ Plug-in).build/Objects-normal/arm64/videofilter.o /Users/barriesanders/.gemini/antigravity/scratch/OpenEmu_Port/DeSmuME/src/filter/videofilter.cpp normal arm64 c++ com.apple.compilers.llvm.clang.1_0.compiler (in target 'DeSmuME (OpenEmu Plug-in)' from project 'DeSmuME (Latest)')
    cd /Users/barriesanders/.gemini/antigravity/scratch/OpenEmu_Port/DeSmuME/src/cocoa
    
    Using response file: /Users/barriesanders/Library/Developer/Xcode/DerivedData/DeSmuME_(Latest)-artutapunelusweoliepfhbcleaz/Build/Intermediates.noindex/DeSmuME (Latest).build/Debug/DeSmuME (OpenEmu Plug-in).build/Objects-normal/arm64/82b82416624d2658e5098eb0a28c15c5-common-args.resp
    
    /Applications/Xcode.app/Contents/Developer/Toolchains/XcodeDefault.xctoolchain/usr/bin/clang -x c++ -ivfsstatcache /Users/barriesanders/Library/Developer/Xcode/DerivedData/SDKStatCaches.noindex/macosx26.2-25C57-3885c01c3e6b6a337905948deab2002e00fa09913b459cbbc988d1f6730289ae.sdkstatcache -fmessage-length\=0 -fdiagnostics-show-note-include-stack -fmacro-backtrace-limit\=0 -fno-color-diagnostics -Wno-trigraphs -Wno-missing-field-initializers -Wno-missing-prototypes -Wno-non-virtual-dtor -Wno-overloaded-virtual -Wno-exit-time-destructors -Wno-missing-braces -Wparentheses -Wswitch -Wno-unused-function -Wno-unused-label -Wno-unused-parameter -Wunused-variable -Wunused-value -Wno-empty-body -Wuninitialized -Wno-unknown-pragmas -Wshadow -Wno-four-char-constants -Wno-conversion -Wconstant-conversion -Wint-conversion -Wno-bool-conversion -Wenum-conversion -Wno-float-conversion -Wno-non-literal-null-conversion -Wno-objc-literal-conversion -Wshorten-64-to-32 -Wno-newline-eof -Wno-c++11-extensions -Wno-implicit-fallthrough -fstrict-aliasing -Wdeprecated-declarations -Winvalid-offsetof -Wno-sign-conversion -Wno-infinite-recursion -Wno-move -Wno-comma -Wno-block-capture-autoreleasing -Wno-strict-prototypes -Wno-range-loop-analysis -Wno-semicolon-before-method-body -index-store-path /Users/barriesanders/Library/Developer/Xcode/DerivedData/DeSmuME_\(Latest\)-artutapunelusweoliepfhbcleaz/Index.noindex/DataStore @/Users/barriesanders/Library/Developer/Xcode/DerivedData/DeSmuME_\(Latest\)-artutapunelusweoliepfhbcleaz/Build/Intermediates.noindex/DeSmuME\ \(Latest\).build/Debug/DeSmuME\ \(OpenEmu\ Plug-in\).build/Objects-normal/arm64/82b82416624d2658e5098eb0a28c15c5-common-args.resp -include /Users/barriesanders/Library/Developer/Xcode/DerivedData/DeSmuME_\(Latest\)-artutapunelusweoliepfhbcleaz/Build/Intermediates.noindex/PrecompiledHeaders/SharedPrecompiledHeaders/14173491230685428952/DeSmuME_Prefix_OpenEmu.pch -MMD -MT dependencies -MF /Users/barriesanders/Library/Developer/Xcode/DerivedData/DeSmuME_\(Latest\)-artutapunelusweoliepfhbcleaz/Build/Intermediates.noindex/DeSmuME\ \(Latest\).build/Debug/DeSmuME\ \(OpenEmu\ Plug-in\).build/Objects-normal/arm64/videofilter.d --serialize-diagnostics /Users/barriesanders/Library/Developer/Xcode/DerivedData/DeSmuME_\(Latest\)-artutapunelusweoliepfhbcleaz/Build/Intermediates.noindex/DeSmuME\ \(Latest\).build/Debug/DeSmuME\ \(OpenEmu\ Plug-in\).build/Objects-normal/arm64/videofilter.dia -c /Users/barriesanders/.gemini/antigravity/scratch/OpenEmu_Port/DeSmuME/src/filter/videofilter.cpp -o /Users/barriesanders/Library/Developer/Xcode/DerivedData/DeSmuME_\(Latest\)-artutapunelusweoliepfhbcleaz/Build/Intermediates.noindex/DeSmuME\ \(Latest\).build/Debug/DeSmuME\ \(OpenEmu\ Plug-in\).build/Objects-normal/arm64/videofilter.o -index-unit-output-path /DeSmuME\ \(Latest\).build/Debug/DeSmuME\ \(OpenEmu\ Plug-in\).build/Objects-normal/arm64/videofilter.o
/Users/barriesanders/.gemini/antigravity/scratch/OpenEmu_Port/DeSmuME/src/filter/videofilter.cpp:83:29: warning: implicit conversion loses integer precision: 'size_t' (aka 'unsigned long') to 'unsigned int' [-Wshorten-64-to-32]
   83 |         newSurface.Pitch = srcWidth*2;
      |                          ~ ~~~~~~~~^~
/Users/barriesanders/.gemini/antigravity/scratch/OpenEmu_Port/DeSmuME/src/filter/videofilter.cpp:84:21: warning: implicit conversion loses integer precision: 'size_t' (aka 'unsigned long') to 'unsigned int' [-Wshorten-64-to-32]
   84 |         newSurface.Width = srcWidth;
      |                          ~ ^~~~~~~~
/Users/barriesanders/.gemini/antigravity/scratch/OpenEmu_Port/DeSmuME/src/filter/videofilter.cpp:85:22: warning: implicit conversion loses integer precision: 'size_t' (aka 'unsigned long') to 'unsigned int' [-Wshorten-64-to-32]
   85 |         newSurface.Height = srcHeight;
      |                           ~ ^~~~~~~~~
/Users/barriesanders/.gemini/antigravity/scratch/OpenEmu_Port/DeSmuME/src/filter/videofilter.cpp:207:30: warning: implicit conversion loses integer precision: 'const size_t' (aka 'const unsigned long') to 'unsigned int' [-Wshorten-64-to-32]
  207 |         this->_vfDstSurface.Width = dstWidth;
      |                                   ~ ^~~~~~~~
/Users/barriesanders/.gemini/antigravity/scratch/OpenEmu_Port/DeSmuME/src/filter/videofilter.cpp:208:31: warning: implicit conversion loses integer precision: 'const size_t' (aka 'const unsigned long') to 'unsigned int' [-Wshorten-64-to-32]
  208 |         this->_vfDstSurface.Height = dstHeight;
      |                                    ~ ^~~~~~~~~
/Users/barriesanders/.gemini/antigravity/scratch/OpenEmu_Port/DeSmuME/src/filter/videofilter.cpp:209:39: warning: implicit conversion loses integer precision: 'size_t' (aka 'unsigned long') to 'unsigned int' [-Wshorten-64-to-32]
  209 |         this->_vfDstSurface.Pitch = dstWidth * 2;
      |                                   ~ ~~~~~~~~~^~~
/Users/barriesanders/.gemini/antigravity/scratch/OpenEmu_Port/DeSmuME/src/filter/videofilter.cpp:220:67: warning: implicit conversion loses integer precision: 'size_t' (aka 'unsigned long') to 'const unsigned int' [-Wshorten-64-to-32]
  220 |         const unsigned int linesPerThread = (threadCount > 1) ? dstHeight/threadCount : dstHeight;
      |                            ~~~~~~~~~~~~~~                       ~~~~~~~~~^~~~~~~~~~~~
/Users/barriesanders/.gemini/antigravity/scratch/OpenEmu_Port/DeSmuME/src/filter/videofilter.cpp:220:82: warning: implicit conversion loses integer precision: 'const size_t' (aka 'const unsigned long') to 'const unsigned int' [-Wshorten-64-to-32]
  220 |         const unsigned int linesPerThread = (threadCount > 1) ? dstHeight/threadCount : dstHeight;
      |                            ~~~~~~~~~~~~~~                                               ^~~~~~~~~
/Users/barriesanders/.gemini/antigravity/scratch/OpenEmu_Port/DeSmuME/src/filter/videofilter.cpp:221:32: warning: implicit conversion loses integer precision: 'const size_t' (aka 'const unsigned long') to 'unsigned int' [-Wshorten-64-to-32]
  221 |         unsigned int remainingLines = dstHeight;
      |                      ~~~~~~~~~~~~~~   ^~~~~~~~~
/Users/barriesanders/.gemini/antigravity/scratch/OpenEmu_Port/DeSmuME/src/filter/videofilter.cpp:289:30: warning: implicit conversion loses integer precision: 'const size_t' (aka 'const unsigned long') to 'unsigned int' [-Wshorten-64-to-32]
  289 |         this->_vfSrcSurface.Width = width;
      |                                   ~ ^~~~~
/Users/barriesanders/.gemini/antigravity/scratch/OpenEmu_Port/DeSmuME/src/filter/videofilter.cpp:290:31: warning: implicit conversion loses integer precision: 'const size_t' (aka 'const unsigned long') to 'unsigned int' [-Wshorten-64-to-32]
  290 |         this->_vfSrcSurface.Height = height;
      |                                    ~ ^~~~~~
/Users/barriesanders/.gemini/antigravity/scratch/OpenEmu_Port/DeSmuME/src/filter/videofilter.cpp:291:36: warning: implicit conversion loses integer precision: 'size_t' (aka 'unsigned long') to 'unsigned int' [-Wshorten-64-to-32]
  291 |         this->_vfSrcSurface.Pitch = width * 2;
      |                                   ~ ~~~~~~^~~
/Users/barriesanders/.gemini/antigravity/scratch/OpenEmu_Port/DeSmuME/src/filter/videofilter.cpp:598:29: warning: implicit conversion loses integer precision: 'size_t' (aka 'unsigned long') to 'unsigned int' [-Wshorten-64-to-32]
  598 |         srcSurface.Pitch = srcWidth*2;
      |                          ~ ~~~~~~~~^~
/Users/barriesanders/.gemini/antigravity/scratch/OpenEmu_Port/DeSmuME/src/filter/videofilter.cpp:599:21: warning: implicit conversion loses integer precision: 'const size_t' (aka 'const unsigned long') to 'unsigned int' [-Wshorten-64-to-32]
  599 |         srcSurface.Width = srcWidth;
      |                          ~ ^~~~~~~~
/Users/barriesanders/.gemini/antigravity/scratch/OpenEmu_Port/DeSmuME/src/filter/videofilter.cpp:600:22: warning: implicit conversion loses integer precision: 'const size_t' (aka 'const unsigned long') to 'unsigned int' [-Wshorten-64-to-32]
  600 |         srcSurface.Height = srcHeight;
      |                           ~ ^~~~~~~~~
/Users/barriesanders/.gemini/antigravity/scratch/OpenEmu_Port/DeSmuME/src/filter/videofilter.cpp:604:29: warning: implicit conversion loses integer precision: 'size_t' (aka 'unsigned long') to 'unsigned int' [-Wshorten-64-to-32]
  604 |         dstSurface.Pitch = dstWidth*2;
      |                          ~ ~~~~~~~~^~
/Users/barriesanders/.gemini/antigravity/scratch/OpenEmu_Port/DeSmuME/src/filter/videofilter.cpp:605:21: warning: implicit conversion loses integer precision: 'const size_t' (aka 'const unsigned long') to 'unsigned int' [-Wshorten-64-to-32]
  605 |         dstSurface.Width = dstWidth;
      |                          ~ ^~~~~~~~
/Users/barriesanders/.gemini/antigravity/scratch/OpenEmu_Port/DeSmuME/src/filter/videofilter.cpp:606:22: warning: implicit conversion loses integer precision: 'const size_t' (aka 'const unsigned long') to 'unsigned int' [-Wshorten-64-to-32]
  606 |         dstSurface.Height = dstHeight;
      |                           ~ ^~~~~~~~~
18 warnings generated.

CompileC /Users/barriesanders/Library/Developer/Xcode/DerivedData/DeSmuME_(Latest)-artutapunelusweoliepfhbcleaz/Build/Intermediates.noindex/DeSmuME\ (Latest).build/Debug/DeSmuME\ (OpenEmu\ Plug-in).build/Objects-normal/arm64/utilities.o /Users/barriesanders/.gemini/antigravity/scratch/OpenEmu_Port/DeSmuME/src/cocoa/utilities.c normal arm64 c com.apple.compilers.llvm.clang.1_0.compiler (in target 'DeSmuME (OpenEmu Plug-in)' from project 'DeSmuME (Latest)')
    cd /Users/barriesanders/.gemini/antigravity/scratch/OpenEmu_Port/DeSmuME/src/cocoa
    
    Using response file: /Users/barriesanders/Library/Developer/Xcode/DerivedData/DeSmuME_(Latest)-artutapunelusweoliepfhbcleaz/Build/Intermediates.noindex/DeSmuME (Latest).build/Debug/DeSmuME (OpenEmu Plug-in).build/Objects-normal/arm64/7187679823f38a2a940e0043cdf9d637-common-args.resp
    
    /Applications/Xcode.app/Contents/Developer/Toolchains/XcodeDefault.xctoolchain/usr/bin/clang -x c -ivfsstatcache /Users/barriesanders/Library/Developer/Xcode/DerivedData/SDKStatCaches.noindex/macosx26.2-25C57-3885c01c3e6b6a337905948deab2002e00fa09913b459cbbc988d1f6730289ae.sdkstatcache -fmessage-length\=0 -fdiagnostics-show-note-include-stack -fmacro-backtrace-limit\=0 -fno-color-diagnostics -Wno-trigraphs -Werror\=implicit-function-declaration -Wno-missing-field-initializers -Wno-missing-prototypes -Wno-missing-braces -Wparentheses -Wswitch -Wno-unused-function -Wno-unused-label -Wno-unused-parameter -Wunused-variable -Wunused-value -Wno-empty-body -Wuninitialized -Wno-unknown-pragmas -Wshadow -Wno-four-char-constants -Wno-conversion -Wconstant-conversion -Wint-conversion -Wno-bool-conversion -Wenum-conversion -Wno-float-conversion -Wno-non-literal-null-conversion -Wno-objc-literal-conversion -Wshorten-64-to-32 -Wpointer-sign -Wno-newline-eof -Wno-implicit-fallthrough -fstrict-aliasing -Wdeprecated-declarations -Wno-sign-conversion -Wno-infinite-recursion -Wno-comma -Wno-block-capture-autoreleasing -Wno-strict-prototypes -Wno-semicolon-before-method-body -index-store-path /Users/barriesanders/Library/Developer/Xcode/DerivedData/DeSmuME_\(Latest\)-artutapunelusweoliepfhbcleaz/Index.noindex/DataStore @/Users/barriesanders/Library/Developer/Xcode/DerivedData/DeSmuME_\(Latest\)-artutapunelusweoliepfhbcleaz/Build/Intermediates.noindex/DeSmuME\ \(Latest\).build/Debug/DeSmuME\ \(OpenEmu\ Plug-in\).build/Objects-normal/arm64/7187679823f38a2a940e0043cdf9d637-common-args.resp -include /Users/barriesanders/Library/Developer/Xcode/DerivedData/DeSmuME_\(Latest\)-artutapunelusweoliepfhbcleaz/Build/Intermediates.noindex/PrecompiledHeaders/SharedPrecompiledHeaders/13571763921044690920/DeSmuME_Prefix_OpenEmu.pch -MMD -MT dependencies -MF /Users/barriesanders/Library/Developer/Xcode/DerivedData/DeSmuME_\(Latest\)-artutapunelusweoliepfhbcleaz/Build/Intermediates.noindex/DeSmuME\ \(Latest\).build/Debug/DeSmuME\ \(OpenEmu\ Plug-in\).build/Objects-normal/arm64/utilities.d --serialize-diagnostics /Users/barriesanders/Library/Developer/Xcode/DerivedData/DeSmuME_\(Latest\)-artutapunelusweoliepfhbcleaz/Build/Intermediates.noindex/DeSmuME\ \(Latest\).build/Debug/DeSmuME\ \(OpenEmu\ Plug-in\).build/Objects-normal/arm64/utilities.dia -c /Users/barriesanders/.gemini/antigravity/scratch/OpenEmu_Port/DeSmuME/src/cocoa/utilities.c -o /Users/barriesanders/Library/Developer/Xcode/DerivedData/DeSmuME_\(Latest\)-artutapunelusweoliepfhbcleaz/Build/Intermediates.noindex/DeSmuME\ \(Latest\).build/Debug/DeSmuME\ \(OpenEmu\ Plug-in\).build/Objects-normal/arm64/utilities.o -index-unit-output-path /DeSmuME\ \(Latest\).build/Debug/DeSmuME\ \(OpenEmu\ Plug-in\).build/Objects-normal/arm64/utilities.o

CompileC /Users/barriesanders/Library/Developer/Xcode/DerivedData/DeSmuME_(Latest)-artutapunelusweoliepfhbcleaz/Build/Intermediates.noindex/DeSmuME\ (Latest).build/Debug/DeSmuME\ (OpenEmu\ Plug-in).build/Objects-normal/arm64/tinyxmlparser.o /Users/barriesanders/.gemini/antigravity/scratch/OpenEmu_Port/DeSmuME/src/utils/tinyxml/tinyxmlparser.cpp normal arm64 c++ com.apple.compilers.llvm.clang.1_0.compiler (in target 'DeSmuME (OpenEmu Plug-in)' from project 'DeSmuME (Latest)')
    cd /Users/barriesanders/.gemini/antigravity/scratch/OpenEmu_Port/DeSmuME/src/cocoa
    
    Using response file: /Users/barriesanders/Library/Developer/Xcode/DerivedData/DeSmuME_(Latest)-artutapunelusweoliepfhbcleaz/Build/Intermediates.noindex/DeSmuME (Latest).build/Debug/DeSmuME (OpenEmu Plug-in).build/Objects-normal/arm64/82b82416624d2658e5098eb0a28c15c5-common-args.resp
    
    /Applications/Xcode.app/Contents/Developer/Toolchains/XcodeDefault.xctoolchain/usr/bin/clang -x c++ -ivfsstatcache /Users/barriesanders/Library/Developer/Xcode/DerivedData/SDKStatCaches.noindex/macosx26.2-25C57-3885c01c3e6b6a337905948deab2002e00fa09913b459cbbc988d1f6730289ae.sdkstatcache -fmessage-length\=0 -fdiagnostics-show-note-include-stack -fmacro-backtrace-limit\=0 -fno-color-diagnostics -Wno-trigraphs -Wno-missing-field-initializers -Wno-missing-prototypes -Wno-non-virtual-dtor -Wno-overloaded-virtual -Wno-exit-time-destructors -Wno-missing-braces -Wparentheses -Wswitch -Wno-unused-function -Wno-unused-label -Wno-unused-parameter -Wunused-variable -Wunused-value -Wno-empty-body -Wuninitialized -Wno-unknown-pragmas -Wshadow -Wno-four-char-constants -Wno-conversion -Wconstant-conversion -Wint-conversion -Wno-bool-conversion -Wenum-conversion -Wno-float-conversion -Wno-non-literal-null-conversion -Wno-objc-literal-conversion -Wshorten-64-to-32 -Wno-newline-eof -Wno-c++11-extensions -Wno-implicit-fallthrough -fstrict-aliasing -Wdeprecated-declarations -Winvalid-offsetof -Wno-sign-conversion -Wno-infinite-recursion -Wno-move -Wno-comma -Wno-block-capture-autoreleasing -Wno-strict-prototypes -Wno-range-loop-analysis -Wno-semicolon-before-method-body -index-store-path /Users/barriesanders/Library/Developer/Xcode/DerivedData/DeSmuME_\(Latest\)-artutapunelusweoliepfhbcleaz/Index.noindex/DataStore @/Users/barriesanders/Library/Developer/Xcode/DerivedData/DeSmuME_\(Latest\)-artutapunelusweoliepfhbcleaz/Build/Intermediates.noindex/DeSmuME\ \(Latest\).build/Debug/DeSmuME\ \(OpenEmu\ Plug-in\).build/Objects-normal/arm64/82b82416624d2658e5098eb0a28c15c5-common-args.resp -include /Users/barriesanders/Library/Developer/Xcode/DerivedData/DeSmuME_\(Latest\)-artutapunelusweoliepfhbcleaz/Build/Intermediates.noindex/PrecompiledHeaders/SharedPrecompiledHeaders/14173491230685428952/DeSmuME_Prefix_OpenEmu.pch -MMD -MT dependencies -MF /Users/barriesanders/Library/Developer/Xcode/DerivedData/DeSmuME_\(Latest\)-artutapunelusweoliepfhbcleaz/Build/Intermediates.noindex/DeSmuME\ \(Latest\).build/Debug/DeSmuME\ \(OpenEmu\ Plug-in\).build/Objects-normal/arm64/tinyxmlparser.d --serialize-diagnostics /Users/barriesanders/Library/Developer/Xcode/DerivedData/DeSmuME_\(Latest\)-artutapunelusweoliepfhbcleaz/Build/Intermediates.noindex/DeSmuME\ \(Latest\).build/Debug/DeSmuME\ \(OpenEmu\ Plug-in\).build/Objects-normal/arm64/tinyxmlparser.dia -c /Users/barriesanders/.gemini/antigravity/scratch/OpenEmu_Port/DeSmuME/src/utils/tinyxml/tinyxmlparser.cpp -o /Users/barriesanders/Library/Developer/Xcode/DerivedData/DeSmuME_\(Latest\)-artutapunelusweoliepfhbcleaz/Build/Intermediates.noindex/DeSmuME\ \(Latest\).build/Debug/DeSmuME\ \(OpenEmu\ Plug-in\).build/Objects-normal/arm64/tinyxmlparser.o -index-unit-output-path /DeSmuME\ \(Latest\).build/Debug/DeSmuME\ \(OpenEmu\ Plug-in\).build/Objects-normal/arm64/tinyxmlparser.o

CompileC /Users/barriesanders/Library/Developer/Xcode/DerivedData/DeSmuME_(Latest)-artutapunelusweoliepfhbcleaz/Build/Intermediates.noindex/DeSmuME\ (Latest).build/Debug/DeSmuME\ (OpenEmu\ Plug-in).build/Objects-normal/arm64/tinyxmlerror.o /Users/barriesanders/.gemini/antigravity/scratch/OpenEmu_Port/DeSmuME/src/utils/tinyxml/tinyxmlerror.cpp normal arm64 c++ com.apple.compilers.llvm.clang.1_0.compiler (in target 'DeSmuME (OpenEmu Plug-in)' from project 'DeSmuME (Latest)')
    cd /Users/barriesanders/.gemini/antigravity/scratch/OpenEmu_Port/DeSmuME/src/cocoa
    
    Using response file: /Users/barriesanders/Library/Developer/Xcode/DerivedData/DeSmuME_(Latest)-artutapunelusweoliepfhbcleaz/Build/Intermediates.noindex/DeSmuME (Latest).build/Debug/DeSmuME (OpenEmu Plug-in).build/Objects-normal/arm64/82b82416624d2658e5098eb0a28c15c5-common-args.resp
    
    /Applications/Xcode.app/Contents/Developer/Toolchains/XcodeDefault.xctoolchain/usr/bin/clang -x c++ -ivfsstatcache /Users/barriesanders/Library/Developer/Xcode/DerivedData/SDKStatCaches.noindex/macosx26.2-25C57-3885c01c3e6b6a337905948deab2002e00fa09913b459cbbc988d1f6730289ae.sdkstatcache -fmessage-length\=0 -fdiagnostics-show-note-include-stack -fmacro-backtrace-limit\=0 -fno-color-diagnostics -Wno-trigraphs -Wno-missing-field-initializers -Wno-missing-prototypes -Wno-non-virtual-dtor -Wno-overloaded-virtual -Wno-exit-time-destructors -Wno-missing-braces -Wparentheses -Wswitch -Wno-unused-function -Wno-unused-label -Wno-unused-parameter -Wunused-variable -Wunused-value -Wno-empty-body -Wuninitialized -Wno-unknown-pragmas -Wshadow -Wno-four-char-constants -Wno-conversion -Wconstant-conversion -Wint-conversion -Wno-bool-conversion -Wenum-conversion -Wno-float-conversion -Wno-non-literal-null-conversion -Wno-objc-literal-conversion -Wshorten-64-to-32 -Wno-newline-eof -Wno-c++11-extensions -Wno-implicit-fallthrough -fstrict-aliasing -Wdeprecated-declarations -Winvalid-offsetof -Wno-sign-conversion -Wno-infinite-recursion -Wno-move -Wno-comma -Wno-block-capture-autoreleasing -Wno-strict-prototypes -Wno-range-loop-analysis -Wno-semicolon-before-method-body -index-store-path /Users/barriesanders/Library/Developer/Xcode/DerivedData/DeSmuME_\(Latest\)-artutapunelusweoliepfhbcleaz/Index.noindex/DataStore @/Users/barriesanders/Library/Developer/Xcode/DerivedData/DeSmuME_\(Latest\)-artutapunelusweoliepfhbcleaz/Build/Intermediates.noindex/DeSmuME\ \(Latest\).build/Debug/DeSmuME\ \(OpenEmu\ Plug-in\).build/Objects-normal/arm64/82b82416624d2658e5098eb0a28c15c5-common-args.resp -include /Users/barriesanders/Library/Developer/Xcode/DerivedData/DeSmuME_\(Latest\)-artutapunelusweoliepfhbcleaz/Build/Intermediates.noindex/PrecompiledHeaders/SharedPrecompiledHeaders/14173491230685428952/DeSmuME_Prefix_OpenEmu.pch -MMD -MT dependencies -MF /Users/barriesanders/Library/Developer/Xcode/DerivedData/DeSmuME_\(Latest\)-artutapunelusweoliepfhbcleaz/Build/Intermediates.noindex/DeSmuME\ \(Latest\).build/Debug/DeSmuME\ \(OpenEmu\ Plug-in\).build/Objects-normal/arm64/tinyxmlerror.d --serialize-diagnostics /Users/barriesanders/Library/Developer/Xcode/DerivedData/DeSmuME_\(Latest\)-artutapunelusweoliepfhbcleaz/Build/Intermediates.noindex/DeSmuME\ \(Latest\).build/Debug/DeSmuME\ \(OpenEmu\ Plug-in\).build/Objects-normal/arm64/tinyxmlerror.dia -c /Users/barriesanders/.gemini/antigravity/scratch/OpenEmu_Port/DeSmuME/src/utils/tinyxml/tinyxmlerror.cpp -o /Users/barriesanders/Library/Developer/Xcode/DerivedData/DeSmuME_\(Latest\)-artutapunelusweoliepfhbcleaz/Build/Intermediates.noindex/DeSmuME\ \(Latest\).build/Debug/DeSmuME\ \(OpenEmu\ Plug-in\).build/Objects-normal/arm64/tinyxmlerror.o -index-unit-output-path /DeSmuME\ \(Latest\).build/Debug/DeSmuME\ \(OpenEmu\ Plug-in\).build/Objects-normal/arm64/tinyxmlerror.o

CompileC /Users/barriesanders/Library/Developer/Xcode/DerivedData/DeSmuME_(Latest)-artutapunelusweoliepfhbcleaz/Build/Intermediates.noindex/DeSmuME\ (Latest).build/Debug/DeSmuME\ (OpenEmu\ Plug-in).build/Objects-normal/arm64/tinyxml.o /Users/barriesanders/.gemini/antigravity/scratch/OpenEmu_Port/DeSmuME/src/utils/tinyxml/tinyxml.cpp normal arm64 c++ com.apple.compilers.llvm.clang.1_0.compiler (in target 'DeSmuME (OpenEmu Plug-in)' from project 'DeSmuME (Latest)')
    cd /Users/barriesanders/.gemini/antigravity/scratch/OpenEmu_Port/DeSmuME/src/cocoa
    
    Using response file: /Users/barriesanders/Library/Developer/Xcode/DerivedData/DeSmuME_(Latest)-artutapunelusweoliepfhbcleaz/Build/Intermediates.noindex/DeSmuME (Latest).build/Debug/DeSmuME (OpenEmu Plug-in).build/Objects-normal/arm64/82b82416624d2658e5098eb0a28c15c5-common-args.resp
    
    /Applications/Xcode.app/Contents/Developer/Toolchains/XcodeDefault.xctoolchain/usr/bin/clang -x c++ -ivfsstatcache /Users/barriesanders/Library/Developer/Xcode/DerivedData/SDKStatCaches.noindex/macosx26.2-25C57-3885c01c3e6b6a337905948deab2002e00fa09913b459cbbc988d1f6730289ae.sdkstatcache -fmessage-length\=0 -fdiagnostics-show-note-include-stack -fmacro-backtrace-limit\=0 -fno-color-diagnostics -Wno-trigraphs -Wno-missing-field-initializers -Wno-missing-prototypes -Wno-non-virtual-dtor -Wno-overloaded-virtual -Wno-exit-time-destructors -Wno-missing-braces -Wparentheses -Wswitch -Wno-unused-function -Wno-unused-label -Wno-unused-parameter -Wunused-variable -Wunused-value -Wno-empty-body -Wuninitialized -Wno-unknown-pragmas -Wshadow -Wno-four-char-constants -Wno-conversion -Wconstant-conversion -Wint-conversion -Wno-bool-conversion -Wenum-conversion -Wno-float-conversion -Wno-non-literal-null-conversion -Wno-objc-literal-conversion -Wshorten-64-to-32 -Wno-newline-eof -Wno-c++11-extensions -Wno-implicit-fallthrough -fstrict-aliasing -Wdeprecated-declarations -Winvalid-offsetof -Wno-sign-conversion -Wno-infinite-recursion -Wno-move -Wno-comma -Wno-block-capture-autoreleasing -Wno-strict-prototypes -Wno-range-loop-analysis -Wno-semicolon-before-method-body -index-store-path /Users/barriesanders/Library/Developer/Xcode/DerivedData/DeSmuME_\(Latest\)-artutapunelusweoliepfhbcleaz/Index.noindex/DataStore @/Users/barriesanders/Library/Developer/Xcode/DerivedData/DeSmuME_\(Latest\)-artutapunelusweoliepfhbcleaz/Build/Intermediates.noindex/DeSmuME\ \(Latest\).build/Debug/DeSmuME\ \(OpenEmu\ Plug-in\).build/Objects-normal/arm64/82b82416624d2658e5098eb0a28c15c5-common-args.resp -include /Users/barriesanders/Library/Developer/Xcode/DerivedData/DeSmuME_\(Latest\)-artutapunelusweoliepfhbcleaz/Build/Intermediates.noindex/PrecompiledHeaders/SharedPrecompiledHeaders/14173491230685428952/DeSmuME_Prefix_OpenEmu.pch -MMD -MT dependencies -MF /Users/barriesanders/Library/Developer/Xcode/DerivedData/DeSmuME_\(Latest\)-artutapunelusweoliepfhbcleaz/Build/Intermediates.noindex/DeSmuME\ \(Latest\).build/Debug/DeSmuME\ \(OpenEmu\ Plug-in\).build/Objects-normal/arm64/tinyxml.d --serialize-diagnostics /Users/barriesanders/Library/Developer/Xcode/DerivedData/DeSmuME_\(Latest\)-artutapunelusweoliepfhbcleaz/Build/Intermediates.noindex/DeSmuME\ \(Latest\).build/Debug/DeSmuME\ \(OpenEmu\ Plug-in\).build/Objects-normal/arm64/tinyxml.dia -c /Users/barriesanders/.gemini/antigravity/scratch/OpenEmu_Port/DeSmuME/src/utils/tinyxml/tinyxml.cpp -o /Users/barriesanders/Library/Developer/Xcode/DerivedData/DeSmuME_\(Latest\)-artutapunelusweoliepfhbcleaz/Build/Intermediates.noindex/DeSmuME\ \(Latest\).build/Debug/DeSmuME\ \(OpenEmu\ Plug-in\).build/Objects-normal/arm64/tinyxml.o -index-unit-output-path /DeSmuME\ \(Latest\).build/Debug/DeSmuME\ \(OpenEmu\ Plug-in\).build/Objects-normal/arm64/tinyxml.o

CompileC /Users/barriesanders/Library/Developer/Xcode/DerivedData/DeSmuME_(Latest)-artutapunelusweoliepfhbcleaz/Build/Intermediates.noindex/DeSmuME\ (Latest).build/Debug/DeSmuME\ (OpenEmu\ Plug-in).build/Objects-normal/arm64/tinystr.o /Users/barriesanders/.gemini/antigravity/scratch/OpenEmu_Port/DeSmuME/src/utils/tinyxml/tinystr.cpp normal arm64 c++ com.apple.compilers.llvm.clang.1_0.compiler (in target 'DeSmuME (OpenEmu Plug-in)' from project 'DeSmuME (Latest)')
    cd /Users/barriesanders/.gemini/antigravity/scratch/OpenEmu_Port/DeSmuME/src/cocoa
    
    Using response file: /Users/barriesanders/Library/Developer/Xcode/DerivedData/DeSmuME_(Latest)-artutapunelusweoliepfhbcleaz/Build/Intermediates.noindex/DeSmuME (Latest).build/Debug/DeSmuME (OpenEmu Plug-in).build/Objects-normal/arm64/82b82416624d2658e5098eb0a28c15c5-common-args.resp
    
    /Applications/Xcode.app/Contents/Developer/Toolchains/XcodeDefault.xctoolchain/usr/bin/clang -x c++ -ivfsstatcache /Users/barriesanders/Library/Developer/Xcode/DerivedData/SDKStatCaches.noindex/macosx26.2-25C57-3885c01c3e6b6a337905948deab2002e00fa09913b459cbbc988d1f6730289ae.sdkstatcache -fmessage-length\=0 -fdiagnostics-show-note-include-stack -fmacro-backtrace-limit\=0 -fno-color-diagnostics -Wno-trigraphs -Wno-missing-field-initializers -Wno-missing-prototypes -Wno-non-virtual-dtor -Wno-overloaded-virtual -Wno-exit-time-destructors -Wno-missing-braces -Wparentheses -Wswitch -Wno-unused-function -Wno-unused-label -Wno-unused-parameter -Wunused-variable -Wunused-value -Wno-empty-body -Wuninitialized -Wno-unknown-pragmas -Wshadow -Wno-four-char-constants -Wno-conversion -Wconstant-conversion -Wint-conversion -Wno-bool-conversion -Wenum-conversion -Wno-float-conversion -Wno-non-literal-null-conversion -Wno-objc-literal-conversion -Wshorten-64-to-32 -Wno-newline-eof -Wno-c++11-extensions -Wno-implicit-fallthrough -fstrict-aliasing -Wdeprecated-declarations -Winvalid-offsetof -Wno-sign-conversion -Wno-infinite-recursion -Wno-move -Wno-comma -Wno-block-capture-autoreleasing -Wno-strict-prototypes -Wno-range-loop-analysis -Wno-semicolon-before-method-body -index-store-path /Users/barriesanders/Library/Developer/Xcode/DerivedData/DeSmuME_\(Latest\)-artutapunelusweoliepfhbcleaz/Index.noindex/DataStore @/Users/barriesanders/Library/Developer/Xcode/DerivedData/DeSmuME_\(Latest\)-artutapunelusweoliepfhbcleaz/Build/Intermediates.noindex/DeSmuME\ \(Latest\).build/Debug/DeSmuME\ \(OpenEmu\ Plug-in\).build/Objects-normal/arm64/82b82416624d2658e5098eb0a28c15c5-common-args.resp -include /Users/barriesanders/Library/Developer/Xcode/DerivedData/DeSmuME_\(Latest\)-artutapunelusweoliepfhbcleaz/Build/Intermediates.noindex/PrecompiledHeaders/SharedPrecompiledHeaders/14173491230685428952/DeSmuME_Prefix_OpenEmu.pch -MMD -MT dependencies -MF /Users/barriesanders/Library/Developer/Xcode/DerivedData/DeSmuME_\(Latest\)-artutapunelusweoliepfhbcleaz/Build/Intermediates.noindex/DeSmuME\ \(Latest\).build/Debug/DeSmuME\ \(OpenEmu\ Plug-in\).build/Objects-normal/arm64/tinystr.d --serialize-diagnostics /Users/barriesanders/Library/Developer/Xcode/DerivedData/DeSmuME_\(Latest\)-artutapunelusweoliepfhbcleaz/Build/Intermediates.noindex/DeSmuME\ \(Latest\).build/Debug/DeSmuME\ \(OpenEmu\ Plug-in\).build/Objects-normal/arm64/tinystr.dia -c /Users/barriesanders/.gemini/antigravity/scratch/OpenEmu_Port/DeSmuME/src/utils/tinyxml/tinystr.cpp -o /Users/barriesanders/Library/Developer/Xcode/DerivedData/DeSmuME_\(Latest\)-artutapunelusweoliepfhbcleaz/Build/Intermediates.noindex/DeSmuME\ \(Latest\).build/Debug/DeSmuME\ \(OpenEmu\ Plug-in\).build/Objects-normal/arm64/tinystr.o -index-unit-output-path /DeSmuME\ \(Latest\).build/Debug/DeSmuME\ \(OpenEmu\ Plug-in\).build/Objects-normal/arm64/tinystr.o

warning: Run script build phase 'Run Script' will be run during every build because it does not specify any outputs. To address this issue, either add output dependencies to the script phase, or configure it to run in every build by unchecking "Based on dependency analysis" in the script phase. (in target 'DeSmuME (OpenEmu Plug-in)' from project 'DeSmuME (Latest)')
** BUILD FAILED **


The following build commands failed:
	CompileC /Users/barriesanders/Library/Developer/Xcode/DerivedData/DeSmuME_(Latest)-artutapunelusweoliepfhbcleaz/Build/Intermediates.noindex/DeSmuME\ (Latest).build/Debug/DeSmuME\ (OpenEmu\ Plug-in).build/Objects-normal/arm64/wifi.o /Users/barriesanders/.gemini/antigravity/scratch/OpenEmu_Port/DeSmuME/src/wifi.cpp normal arm64 c++ com.apple.compilers.llvm.clang.1_0.compiler (in target 'DeSmuME (OpenEmu Plug-in)' from project 'DeSmuME (Latest)')
	CompileC /Users/barriesanders/Library/Developer/Xcode/DerivedData/DeSmuME_(Latest)-artutapunelusweoliepfhbcleaz/Build/Intermediates.noindex/DeSmuME\ (Latest).build/Debug/DeSmuME\ (OpenEmu\ Plug-in).build/Objects-normal/arm64/thumb_instructions.o /Users/barriesanders/.gemini/antigravity/scratch/OpenEmu_Port/DeSmuME/src/thumb_instructions.cpp normal arm64 c++ com.apple.compilers.llvm.clang.1_0.compiler (in target 'DeSmuME (OpenEmu Plug-in)' from project 'DeSmuME (Latest)')
	CompileC /Users/barriesanders/Library/Developer/Xcode/DerivedData/DeSmuME_(Latest)-artutapunelusweoliepfhbcleaz/Build/Intermediates.noindex/DeSmuME\ (Latest).build/Debug/DeSmuME\ (OpenEmu\ Plug-in).build/Objects-normal/arm64/xstring.o /Users/barriesanders/.gemini/antigravity/scratch/OpenEmu_Port/DeSmuME/src/utils/xstring.cpp normal arm64 c++ com.apple.compilers.llvm.clang.1_0.compiler (in target 'DeSmuME (OpenEmu Plug-in)' from project 'DeSmuME (Latest)')
	Building project DeSmuME (Latest) with scheme DeSmuME (OpenEmu Plug-in)
(4 failures)
